2019-07-23 09:43:45,184 login_handle.py--> send_username 20: INFO ----->输入用户名是：zhaoyunhe1
2019-07-23 09:43:45,185 find_element.py--> get_element 20: INFO ----->定位方式:id--->定位值:loginId
2019-07-23 09:43:45,289 login_handle.py--> send_password 20: INFO ----->输入密码是：123qwe
2019-07-23 09:43:45,292 find_element.py--> get_element 20: INFO ----->定位方式:id--->定位值:password
2019-07-23 09:43:45,369 find_element.py--> get_element 20: INFO ----->定位方式:className--->定位值:login-submit
2019-07-23 09:43:46,926 find_element.py--> get_element 20: INFO ----->定位方式:id--->定位值:910000
2019-07-23 09:43:48,031 find_element.py--> get_element 20: INFO ----->定位方式:id--->定位值:15000000
2019-07-23 09:43:49,124 find_element.py--> get_element 20: INFO ----->定位方式:xpath--->定位值://*[@id="15080000"]
2019-07-23 09:43:49,210 find_element.py--> get_element 20: INFO ----->定位方式:id--->定位值:15080100
2019-07-23 09:43:51,636 find_element.py--> get_element 20: INFO ----->定位方式:xpath--->定位值://*[@id="btn_xinzeng"]
2019-07-23 09:43:52,994 order_info_handle.py--> send_userinfo 20: INFO ----->输入的手机号：12098761762
2019-07-23 09:43:52,997 find_element.py--> get_element 20: INFO ----->定位方式:id--->定位值:phoneNo
2019-07-23 09:43:54,482 find_element.py--> get_element 20: INFO ----->定位方式:id--->定位值:queryMobile
2019-07-23 09:43:55,653 find_element.py--> get_element 20: INFO ----->定位方式:xpath--->定位值://*[@id="customerBase"]/div/div[1]/div[3]/div/div/button/span[1]
2019-07-23 09:43:55,830 find_element.py--> get_element 20: INFO ----->定位方式:xpath--->定位值://*[@id="customerBase"]/div/div[1]/div[3]/div/div/div/ul/li[2]/a/span[1]
2019-07-23 09:43:57,000 find_element.py--> get_element 20: INFO ----->定位方式:xpath--->定位值://*[@id="vehicleModel"]/div/div[1]/div[1]/div/div/button/span[1]
2019-07-23 09:43:57,155 find_element.py--> get_element 20: INFO ----->定位方式:xpath--->定位值://*[@id="vehicleModel"]/div/div[1]/div[1]/div/div/div/ul/li[3]/a/span[1]
2019-07-23 09:43:57,310 find_element.py--> get_element 20: INFO ----->定位方式:id--->定位值:purchaseAmount
2019-07-23 09:43:57,384 find_element.py--> get_element 20: INFO ----->定位方式:xpath--->定位值://*[@id="vehicleModel"]/div/div[1]/div[3]/div/div/button/span[1]
2019-07-23 09:43:57,556 find_element.py--> get_element 20: INFO ----->定位方式:xpath--->定位值://*[@id="vehicleModel"]/div/div[1]/div[3]/div/div/div/ul/li[121]/a
2019-07-23 09:43:57,584 find_element.py--> get_element 20: INFO ----->找不到定位元素
2019-07-23 09:44:57,337 login_handle.py--> send_username 20: INFO ----->输入用户名是：zhaoyunhe1
2019-07-23 09:44:57,372 find_element.py--> get_element 20: INFO ----->定位方式:id--->定位值:loginId
2019-07-23 09:44:57,470 login_handle.py--> send_password 20: INFO ----->输入密码是：123qwe
2019-07-23 09:44:57,472 find_element.py--> get_element 20: INFO ----->定位方式:id--->定位值:password
2019-07-23 09:44:57,530 find_element.py--> get_element 20: INFO ----->定位方式:className--->定位值:login-submit
2019-07-23 09:44:59,089 find_element.py--> get_element 20: INFO ----->定位方式:id--->定位值:910000
2019-07-23 09:45:00,203 find_element.py--> get_element 20: INFO ----->定位方式:id--->定位值:15000000
2019-07-23 09:45:01,294 find_element.py--> get_element 20: INFO ----->定位方式:xpath--->定位值://*[@id="15080000"]
2019-07-23 09:45:01,359 find_element.py--> get_element 20: INFO ----->定位方式:id--->定位值:15080100
2019-07-23 09:45:03,890 find_element.py--> get_element 20: INFO ----->定位方式:xpath--->定位值://*[@id="btn_xinzeng"]
2019-07-23 09:45:05,298 order_info_handle.py--> send_userinfo 20: INFO ----->输入的手机号：12078579802
2019-07-23 09:45:05,301 find_element.py--> get_element 20: INFO ----->定位方式:id--->定位值:phoneNo
2019-07-23 09:45:06,357 find_element.py--> get_element 20: INFO ----->定位方式:id--->定位值:queryMobile
2019-07-23 09:45:07,498 find_element.py--> get_element 20: INFO ----->定位方式:xpath--->定位值://*[@id="customerBase"]/div/div[1]/div[3]/div/div/button/span[1]
2019-07-23 09:45:07,631 find_element.py--> get_element 20: INFO ----->定位方式:xpath--->定位值://*[@id="customerBase"]/div/div[1]/div[3]/div/div/div/ul/li[2]/a/span[1]
2019-07-23 09:45:08,783 find_element.py--> get_element 20: INFO ----->定位方式:xpath--->定位值://*[@id="vehicleModel"]/div/div[1]/div[1]/div/div/button/span[1]
2019-07-23 09:45:08,917 find_element.py--> get_element 20: INFO ----->定位方式:xpath--->定位值://*[@id="vehicleModel"]/div/div[1]/div[1]/div/div/div/ul/li[3]/a/span[1]
2019-07-23 09:45:09,078 find_element.py--> get_element 20: INFO ----->定位方式:id--->定位值:purchaseAmount
2019-07-23 09:45:09,149 find_element.py--> get_element 20: INFO ----->定位方式:xpath--->定位值://*[@id="vehicleModel"]/div/div[1]/div[3]/div/div/button/span[1]
2019-07-23 09:45:09,304 find_element.py--> get_element 20: INFO ----->定位方式:xpath--->定位值://*[@id="vehicleModel"]/div/div[1]/div[3]/div/div/div/ul/li[11]/a/span[1]
2019-07-23 09:45:09,517 find_element.py--> get_element 20: INFO ----->定位方式:xpath--->定位值://*[@id="vehicleModel"]/div/div[2]/div[1]/div/div/button/span[1]
2019-07-23 09:45:09,655 find_element.py--> get_element 20: INFO ----->定位方式:xpath--->定位值://*[@id="vehicleModel"]/div/div[2]/div[1]/div/div/div/ul/li[27]/a
2019-07-23 09:45:09,675 find_element.py--> get_element 20: INFO ----->找不到定位元素
2019-07-23 09:49:19,517 login_handle.py--> send_username 20: INFO ----->输入用户名是：zhaoyunhe1
2019-07-23 09:49:19,560 find_element.py--> get_element 20: INFO ----->定位方式:id--->定位值:loginId
2019-07-23 09:49:19,662 login_handle.py--> send_password 20: INFO ----->输入密码是：123qwe
2019-07-23 09:49:19,664 find_element.py--> get_element 20: INFO ----->定位方式:id--->定位值:password
2019-07-23 09:49:19,735 find_element.py--> get_element 20: INFO ----->定位方式:className--->定位值:login-submit
2019-07-23 09:49:21,326 find_element.py--> get_element 20: INFO ----->定位方式:id--->定位值:910000
2019-07-23 09:49:22,408 find_element.py--> get_element 20: INFO ----->定位方式:id--->定位值:15000000
2019-07-23 09:49:23,486 find_element.py--> get_element 20: INFO ----->定位方式:xpath--->定位值://*[@id="15080000"]
2019-07-23 09:49:23,553 find_element.py--> get_element 20: INFO ----->定位方式:id--->定位值:15080100
2019-07-23 09:49:26,006 find_element.py--> get_element 20: INFO ----->定位方式:xpath--->定位值://*[@id="btn_xinzeng"]
2019-07-23 09:49:27,825 order_info_handle.py--> send_userinfo 20: INFO ----->输入的手机号：12044052708
2019-07-23 09:49:27,828 find_element.py--> get_element 20: INFO ----->定位方式:id--->定位值:phoneNo
2019-07-23 09:49:28,740 find_element.py--> get_element 20: INFO ----->定位方式:id--->定位值:queryMobile
2019-07-23 09:49:29,864 find_element.py--> get_element 20: INFO ----->定位方式:xpath--->定位值://*[@id="customerBase"]/div/div[1]/div[3]/div/div/button/span[1]
2019-07-23 09:49:30,013 find_element.py--> get_element 20: INFO ----->定位方式:xpath--->定位值://*[@id="customerBase"]/div/div[1]/div[3]/div/div/div/ul/li[2]/a/span[1]
2019-07-23 09:49:31,236 find_element.py--> get_element 20: INFO ----->定位方式:xpath--->定位值://*[@id="vehicleModel"]/div/div[1]/div[1]/div/div/button/span[1]
2019-07-23 09:49:31,371 find_element.py--> get_element 20: INFO ----->定位方式:xpath--->定位值://*[@id="vehicleModel"]/div/div[1]/div[1]/div/div/div/ul/li[3]/a/span[1]
2019-07-23 09:49:31,560 find_element.py--> get_element 20: INFO ----->定位方式:id--->定位值:purchaseAmount
2019-07-23 09:49:31,629 find_element.py--> get_element 20: INFO ----->定位方式:xpath--->定位值://*[@id="vehicleModel"]/div/div[1]/div[3]/div/div/button/span[1]
2019-07-23 09:49:31,794 find_element.py--> get_element 20: INFO ----->定位方式:xpath--->定位值://*[@id="vehicleModel"]/div/div[1]/div[3]/div/div/div/ul/li[11]/a/span[1]
2019-07-23 09:49:32,017 find_element.py--> get_element 20: INFO ----->定位方式:xpath--->定位值://*[@id="vehicleModel"]/div/div[1]/div[4]/div/span[1]
2019-07-23 09:49:32,166 find_element.py--> get_element 20: INFO ----->定位方式:xpath--->定位值://*[@id="vehicleModel"]/div/div[1]/div[4]/div/div/div/ul/li[2]/a/span[1]
2019-07-23 09:51:24,965 login_handle.py--> send_username 20: INFO ----->输入用户名是：zhaoyunhe1
2019-07-23 09:51:24,967 find_element.py--> get_element 20: INFO ----->定位方式:id--->定位值:loginId
2019-07-23 09:51:25,069 login_handle.py--> send_password 20: INFO ----->输入密码是：123qwe
2019-07-23 09:51:25,073 find_element.py--> get_element 20: INFO ----->定位方式:id--->定位值:password
2019-07-23 09:51:25,134 find_element.py--> get_element 20: INFO ----->定位方式:className--->定位值:login-submit
2019-07-23 09:51:26,730 find_element.py--> get_element 20: INFO ----->定位方式:id--->定位值:910000
2019-07-23 09:51:27,795 find_element.py--> get_element 20: INFO ----->定位方式:id--->定位值:15000000
2019-07-23 09:51:28,869 find_element.py--> get_element 20: INFO ----->定位方式:xpath--->定位值://*[@id="15080000"]
2019-07-23 09:51:28,934 find_element.py--> get_element 20: INFO ----->定位方式:id--->定位值:15080100
2019-07-23 09:51:31,262 find_element.py--> get_element 20: INFO ----->定位方式:xpath--->定位值://*[@id="btn_xinzeng"]
2019-07-23 09:51:32,903 order_info_handle.py--> send_userinfo 20: INFO ----->输入的手机号：12072783234
2019-07-23 09:51:32,905 find_element.py--> get_element 20: INFO ----->定位方式:id--->定位值:phoneNo
2019-07-23 09:51:33,979 find_element.py--> get_element 20: INFO ----->定位方式:id--->定位值:queryMobile
2019-07-23 09:51:35,137 find_element.py--> get_element 20: INFO ----->定位方式:xpath--->定位值://*[@id="customerBase"]/div/div[1]/div[3]/div/div/button/span[1]
2019-07-23 09:51:35,285 find_element.py--> get_element 20: INFO ----->定位方式:xpath--->定位值://*[@id="customerBase"]/div/div[1]/div[3]/div/div/div/ul/li[2]/a/span[1]
2019-07-23 09:51:36,478 find_element.py--> get_element 20: INFO ----->定位方式:xpath--->定位值://*[@id="vehicleModel"]/div/div[1]/div[1]/div/div/button/span[1]
2019-07-23 09:51:36,662 find_element.py--> get_element 20: INFO ----->定位方式:xpath--->定位值://*[@id="vehicleModel"]/div/div[1]/div[1]/div/div/div/ul/li[3]/a/span[1]
2019-07-23 09:51:36,792 find_element.py--> get_element 20: INFO ----->定位方式:id--->定位值:purchaseAmount
2019-07-23 09:51:36,879 find_element.py--> get_element 20: INFO ----->定位方式:xpath--->定位值://*[@id="vehicleModel"]/div/div[1]/div[3]/div/div/button/span[1]
2019-07-23 09:51:37,035 find_element.py--> get_element 20: INFO ----->定位方式:xpath--->定位值://*[@id="vehicleModel"]/div/div[1]/div[3]/div/div/div/ul/li[11]/a/span[1]
2019-07-23 09:51:37,192 find_element.py--> get_element 20: INFO ----->定位方式:xpath--->定位值://*[@id="vehicleModel"]/div/div[1]/div[4]/div/div/button/span[1]
2019-07-23 09:51:37,321 find_element.py--> get_element 20: INFO ----->定位方式:xpath--->定位值://*[@id="vehicleModel"]/div/div[1]/div[4]/div/div/div/ul/li[2]/a/span[1]
2019-07-23 09:51:37,511 find_element.py--> get_element 20: INFO ----->定位方式:xpath--->定位值://*[@id="vehicleModel"]/div/div[2]/div[1]/div/div/button/span[1]
2019-07-23 09:51:37,730 find_element.py--> get_element 20: INFO ----->定位方式:xpath--->定位值://*[@id="vehicleModel"]/div/div[2]/div[1]/div/div/div/ul/li[3]/a/span[1]
2019-07-23 09:51:37,865 find_element.py--> get_element 20: INFO ----->定位方式:xpath--->定位值://*[@id="vehicleModel"]/div/div[2]/div[2]/div/div/button/span[1]
2019-07-23 09:51:38,023 find_element.py--> get_element 20: INFO ----->定位方式:xpath--->定位值://*[@id="vehicleModel"]/div/div[2]/div[2]/div/div/div/ul/li[2]/a/span[1]
2019-07-23 09:51:38,144 find_element.py--> get_element 20: INFO ----->定位方式:id--->定位值:guidePrice
2019-07-23 09:51:38,193 find_element.py--> get_element 20: INFO ----->定位方式:id--->定位值:guidePrice
2019-07-23 09:51:38,404 find_element.py--> get_element 20: INFO ----->定位方式:id--->定位值:salePrice
2019-07-23 09:51:38,734 order_info_business.py--> car_price 20: INFO ----->定金金额：3500
2019-07-23 09:51:38,736 find_element.py--> get_element 20: INFO ----->定位方式:id--->定位值:preLicenseProvince
2019-07-23 09:51:38,949 find_element.py--> get_element 20: INFO ----->定位方式:xpath--->定位值://*[@id="preLicenseProvince"]/option[20]
2019-07-23 09:51:39,050 find_element.py--> get_element 20: INFO ----->定位方式:id--->定位值:preLicenseCity
2019-07-23 09:51:39,208 find_element.py--> get_element 20: INFO ----->定位方式:xpath--->定位值://*[@id="preLicenseCity"]/option[2]
2019-07-23 09:51:39,302 find_element.py--> get_element 20: INFO ----->定位方式:id--->定位值:preLicenseSotre
2019-07-23 09:51:39,441 find_element.py--> get_element 20: INFO ----->定位方式:xpath--->定位值://*[@id="preLicenseSotre"]/option[2]
2019-07-23 09:51:39,536 find_element.py--> get_element 20: INFO ----->定位方式:id--->定位值:queryEmissionStandardName
2019-07-23 09:51:39,723 find_element.py--> get_element 20: INFO ----->定位方式:id--->定位值:channelTypeHT
2019-07-23 09:51:39,886 find_element.py--> get_element 20: INFO ----->定位方式:id--->定位值:realNameSystemNNull
2019-07-23 09:51:40,045 find_element.py--> get_element 20: INFO ----->定位方式:id--->定位值:shopInsuranceNNull
2019-07-23 09:51:40,131 find_element.py--> get_element 20: INFO ----->定位方式:id--->定位值:firstYearVehicleAndVesselTax
2019-07-23 09:51:40,225 find_element.py--> get_element 20: INFO ----->定位方式:id--->定位值:firstYearSali
2019-07-23 09:51:40,321 find_element.py--> get_element 20: INFO ----->定位方式:id--->定位值:firstCommercialTheft
2019-07-23 09:51:40,415 find_element.py--> get_element 20: INFO ----->定位方式:id--->定位值:advancePremiumAmt
2019-07-23 09:51:40,470 find_element.py--> get_element 20: INFO ----->定位方式:id--->定位值:termCount
2019-07-23 09:51:40,609 find_element.py--> get_element 20: INFO ----->定位方式:id--->定位值:monthlyRent
2019-07-23 09:51:40,824 find_element.py--> get_element 20: INFO ----->定位方式:id--->定位值:cusInterestRates
2019-07-23 09:51:40,902 find_element.py--> get_element 20: INFO ----->定位方式:id--->定位值:purchaseTax
2019-07-23 09:51:41,059 find_element.py--> get_element 20: INFO ----->定位方式:id--->定位值:gpsFee
2019-07-23 09:51:41,205 find_element.py--> get_element 20: INFO ----->定位方式:id--->定位值:accountMaintenanceFee
2019-07-23 09:51:41,258 find_element.py--> get_element 20: INFO ----->定位方式:id--->定位值:yxDownPaymentAmt
2019-07-23 09:51:41,478 find_element.py--> get_element 20: INFO ----->定位方式:id--->定位值:yxRiskFinancingAmt
2019-07-23 09:51:41,702 find_element.py--> get_element 20: INFO ----->定位方式:id--->定位值:yxRiskControlFinancingAmt
2019-07-23 09:51:41,854 find_element.py--> get_element 20: INFO ----->定位方式:id--->定位值:hsServiceFee
2019-07-23 09:51:42,046 find_element.py--> get_element 20: INFO ----->定位方式:id--->定位值:licenseFee
2019-07-23 09:51:42,202 find_element.py--> get_element 20: INFO ----->定位方式:id--->定位值:mortgageFee
2019-07-23 09:51:42,371 find_element.py--> get_element 20: INFO ----->定位方式:id--->定位值:totalDownPaymentOtherAmt
2019-07-23 09:51:42,467 find_element.py--> get_element 20: INFO ----->定位方式:id--->定位值:remarkId
2019-07-23 09:51:42,853 find_element.py--> get_element 20: INFO ----->定位方式:xpath--->定位值://*[@id="fanancingInfoHs"]/div/div[2]/div[1]/div/div/button/span[1]
2019-07-23 09:51:42,970 find_element.py--> get_element 20: INFO ----->定位方式:xpath--->定位值://*[@id="fanancingInfoHs"]/div/div[2]/div[1]/div/div/div/ul/li[2]/a/span[1]
2019-07-23 09:51:43,125 find_element.py--> get_element 20: INFO ----->定位方式:id--->定位值:yxOrderNo
2019-07-23 09:51:43,516 find_element.py--> get_element 20: INFO ----->定位方式:xpath--->定位值://*[@id="yxAuditFile"]/div/table/tbody/tr[1]/td[3]/input
2019-07-23 09:51:44,648 find_element.py--> get_element 20: INFO ----->定位方式:xpath--->定位值://*[@id="yx-upload-check"]
2019-07-23 09:51:47,146 find_element.py--> get_element 20: INFO ----->定位方式:xpath--->定位值://*[@id="yx-upload-sub"]
2019-07-23 09:51:47,379 find_element.py--> get_element 20: INFO ----->定位方式:xpath--->定位值://*[@id="cusUpdateModal"]/div/div/div[3]/button
2019-07-23 09:51:48,536 find_element.py--> get_element 20: INFO ----->定位方式:xpath--->定位值://*[@id="yxAuditFile"]/div/table/tbody/tr[2]/td[3]/input
2019-07-23 09:51:49,674 find_element.py--> get_element 20: INFO ----->定位方式:xpath--->定位值://*[@id="yx-upload-check"]
2019-07-23 09:51:52,959 find_element.py--> get_element 20: INFO ----->定位方式:xpath--->定位值://*[@id="yx-upload-check"]
2019-07-23 09:51:56,177 find_element.py--> get_element 20: INFO ----->定位方式:xpath--->定位值://*[@id="yx-upload-sub"]
2019-07-23 09:51:56,282 find_element.py--> get_element 20: INFO ----->定位方式:xpath--->定位值://*[@id="cusUpdateModal"]/div/div/div[3]/button
2019-07-23 09:51:57,398 find_element.py--> get_element 20: INFO ----->定位方式:id--->定位值:basicTempSave
2019-07-23 09:52:00,535 find_element.py--> get_element 20: INFO ----->定位方式:id--->定位值:basicModalBtnNegative
2019-07-23 09:52:01,639 find_element.py--> get_element 20: INFO ----->定位方式:id--->定位值:basicSubmit
2019-07-23 09:52:03,570 find_element.py--> get_element 20: INFO ----->定位方式:id--->定位值:basicModalBtnNegative
2019-07-23 09:52:39,846 login_handle.py--> send_username 20: INFO ----->输入用户名是：zhaoyunhe1
2019-07-23 09:52:39,848 find_element.py--> get_element 20: INFO ----->定位方式:id--->定位值:loginId
2019-07-23 09:52:39,941 login_handle.py--> send_password 20: INFO ----->输入密码是：123qwe
2019-07-23 09:52:39,943 find_element.py--> get_element 20: INFO ----->定位方式:id--->定位值:password
2019-07-23 09:52:40,004 find_element.py--> get_element 20: INFO ----->定位方式:className--->定位值:login-submit
2019-07-23 09:52:41,618 find_element.py--> get_element 20: INFO ----->定位方式:id--->定位值:910000
2019-07-23 09:52:42,697 find_element.py--> get_element 20: INFO ----->定位方式:id--->定位值:15000000
2019-07-23 09:52:43,789 find_element.py--> get_element 20: INFO ----->定位方式:xpath--->定位值://*[@id="15080000"]
2019-07-23 09:52:43,866 find_element.py--> get_element 20: INFO ----->定位方式:id--->定位值:15080100
2019-07-23 09:52:46,255 find_element.py--> get_element 20: INFO ----->定位方式:xpath--->定位值://*[@id="btn_xinzeng"]
2019-07-23 09:52:47,509 order_info_handle.py--> send_userinfo 20: INFO ----->输入的手机号：12024058079
2019-07-23 09:52:47,511 find_element.py--> get_element 20: INFO ----->定位方式:id--->定位值:phoneNo
2019-07-23 09:52:48,466 find_element.py--> get_element 20: INFO ----->定位方式:id--->定位值:queryMobile
2019-07-23 09:52:49,636 find_element.py--> get_element 20: INFO ----->定位方式:xpath--->定位值://*[@id="customerBase"]/div/div[1]/div[3]/div/div/button/span[1]
2019-07-23 09:52:49,765 find_element.py--> get_element 20: INFO ----->定位方式:xpath--->定位值://*[@id="customerBase"]/div/div[1]/div[3]/div/div/div/ul/li[2]/a/span[1]
2019-07-23 09:52:50,906 find_element.py--> get_element 20: INFO ----->定位方式:xpath--->定位值://*[@id="vehicleModel"]/div/div[1]/div[1]/div/div/button/span[1]
2019-07-23 09:52:51,025 find_element.py--> get_element 20: INFO ----->定位方式:xpath--->定位值://*[@id="vehicleModel"]/div/div[1]/div[1]/div/div/div/ul/li[3]/a/span[1]
2019-07-23 09:52:51,172 find_element.py--> get_element 20: INFO ----->定位方式:id--->定位值:purchaseAmount
2019-07-23 09:52:51,237 find_element.py--> get_element 20: INFO ----->定位方式:xpath--->定位值://*[@id="vehicleModel"]/div/div[1]/div[3]/div/div/button/span[1]
2019-07-23 09:52:51,383 find_element.py--> get_element 20: INFO ----->定位方式:xpath--->定位值://*[@id="vehicleModel"]/div/div[1]/div[3]/div/div/div/ul/li[11]/a/span[1]
2019-07-23 09:52:51,558 find_element.py--> get_element 20: INFO ----->定位方式:xpath--->定位值://*[@id="vehicleModel"]/div/div[1]/div[4]/div/div/button/span[1]
2019-07-23 09:52:51,779 find_element.py--> get_element 20: INFO ----->定位方式:xpath--->定位值://*[@id="vehicleModel"]/div/div[1]/div[4]/div/div/div/ul/li[2]/a/span[1]
2019-07-23 09:52:51,902 find_element.py--> get_element 20: INFO ----->定位方式:xpath--->定位值://*[@id="vehicleModel"]/div/div[2]/div[1]/div/div/button/span[1]
2019-07-23 09:52:52,108 find_element.py--> get_element 20: INFO ----->定位方式:xpath--->定位值://*[@id="vehicleModel"]/div/div[2]/div[1]/div/div/div/ul/li[3]/a/span[1]
2019-07-23 09:52:52,278 find_element.py--> get_element 20: INFO ----->定位方式:xpath--->定位值://*[@id="vehicleModel"]/div/div[2]/div[2]/div/div/button/span[1]
2019-07-23 09:52:52,410 find_element.py--> get_element 20: INFO ----->定位方式:xpath--->定位值://*[@id="vehicleModel"]/div/div[2]/div[2]/div/div/div/ul/li[2]/a/span[1]
2019-07-23 09:52:52,545 find_element.py--> get_element 20: INFO ----->定位方式:id--->定位值:guidePrice
2019-07-23 09:52:52,597 find_element.py--> get_element 20: INFO ----->定位方式:id--->定位值:guidePrice
2019-07-23 09:52:52,810 find_element.py--> get_element 20: INFO ----->定位方式:id--->定位值:salePrice
2019-07-23 09:52:53,111 order_info_business.py--> car_price 20: INFO ----->定金金额：3500
2019-07-23 09:52:53,113 find_element.py--> get_element 20: INFO ----->定位方式:id--->定位值:preLicenseProvince
2019-07-23 09:52:53,263 find_element.py--> get_element 20: INFO ----->定位方式:xpath--->定位值://*[@id="preLicenseProvince"]/option[20]
2019-07-23 09:52:53,366 find_element.py--> get_element 20: INFO ----->定位方式:id--->定位值:preLicenseCity
2019-07-23 09:52:53,535 find_element.py--> get_element 20: INFO ----->定位方式:xpath--->定位值://*[@id="preLicenseCity"]/option[2]
2019-07-23 09:52:53,621 find_element.py--> get_element 20: INFO ----->定位方式:id--->定位值:preLicenseSotre
2019-07-23 09:52:53,772 find_element.py--> get_element 20: INFO ----->定位方式:xpath--->定位值://*[@id="preLicenseSotre"]/option[2]
2019-07-23 09:52:53,843 find_element.py--> get_element 20: INFO ----->定位方式:id--->定位值:queryEmissionStandardName
2019-07-23 09:52:54,033 find_element.py--> get_element 20: INFO ----->定位方式:id--->定位值:channelTypeHT
2019-07-23 09:52:54,269 find_element.py--> get_element 20: INFO ----->定位方式:id--->定位值:realNameSystemNNull
2019-07-23 09:52:54,400 find_element.py--> get_element 20: INFO ----->定位方式:id--->定位值:shopInsuranceNNull
2019-07-23 09:52:54,501 find_element.py--> get_element 20: INFO ----->定位方式:id--->定位值:firstYearVehicleAndVesselTax
2019-07-23 09:52:54,596 find_element.py--> get_element 20: INFO ----->定位方式:id--->定位值:firstYearSali
2019-07-23 09:52:54,698 find_element.py--> get_element 20: INFO ----->定位方式:id--->定位值:firstCommercialTheft
2019-07-23 09:52:54,793 find_element.py--> get_element 20: INFO ----->定位方式:id--->定位值:advancePremiumAmt
2019-07-23 09:52:54,852 find_element.py--> get_element 20: INFO ----->定位方式:id--->定位值:termCount
2019-07-23 09:52:54,982 find_element.py--> get_element 20: INFO ----->定位方式:id--->定位值:monthlyRent
2019-07-23 09:52:55,170 find_element.py--> get_element 20: INFO ----->定位方式:id--->定位值:cusInterestRates
2019-07-23 09:52:55,271 find_element.py--> get_element 20: INFO ----->定位方式:id--->定位值:purchaseTax
2019-07-23 09:52:55,421 find_element.py--> get_element 20: INFO ----->定位方式:id--->定位值:gpsFee
2019-07-23 09:52:55,567 find_element.py--> get_element 20: INFO ----->定位方式:id--->定位值:accountMaintenanceFee
2019-07-23 09:52:55,627 find_element.py--> get_element 20: INFO ----->定位方式:id--->定位值:yxDownPaymentAmt
2019-07-23 09:52:55,903 find_element.py--> get_element 20: INFO ----->定位方式:id--->定位值:yxRiskFinancingAmt
2019-07-23 09:52:56,069 find_element.py--> get_element 20: INFO ----->定位方式:id--->定位值:yxRiskControlFinancingAmt
2019-07-23 09:52:56,221 find_element.py--> get_element 20: INFO ----->定位方式:id--->定位值:hsServiceFee
2019-07-23 09:52:56,375 find_element.py--> get_element 20: INFO ----->定位方式:id--->定位值:licenseFee
2019-07-23 09:52:56,526 find_element.py--> get_element 20: INFO ----->定位方式:id--->定位值:mortgageFee
2019-07-23 09:52:56,691 find_element.py--> get_element 20: INFO ----->定位方式:id--->定位值:totalDownPaymentOtherAmt
2019-07-23 09:52:56,791 find_element.py--> get_element 20: INFO ----->定位方式:id--->定位值:remarkId
2019-07-23 09:52:57,178 find_element.py--> get_element 20: INFO ----->定位方式:xpath--->定位值://*[@id="fanancingInfoHs"]/div/div[2]/div[1]/div/div/button/span[1]
2019-07-23 09:52:57,289 find_element.py--> get_element 20: INFO ----->定位方式:xpath--->定位值://*[@id="fanancingInfoHs"]/div/div[2]/div[1]/div/div/div/ul/li[2]/a/span[1]
2019-07-23 09:52:57,436 find_element.py--> get_element 20: INFO ----->定位方式:id--->定位值:yxOrderNo
2019-07-23 09:52:57,839 find_element.py--> get_element 20: INFO ----->定位方式:xpath--->定位值://*[@id="yxAuditFile"]/div/table/tbody/tr[1]/td[3]/input
2019-07-23 09:52:58,981 find_element.py--> get_element 20: INFO ----->定位方式:xpath--->定位值://*[@id="yx-upload-check"]
2019-07-23 09:53:01,314 find_element.py--> get_element 20: INFO ----->定位方式:xpath--->定位值://*[@id="yx-upload-sub"]
2019-07-23 09:53:01,553 find_element.py--> get_element 20: INFO ----->定位方式:xpath--->定位值://*[@id="cusUpdateModal"]/div/div/div[3]/button
2019-07-23 09:53:02,702 find_element.py--> get_element 20: INFO ----->定位方式:xpath--->定位值://*[@id="yxAuditFile"]/div/table/tbody/tr[2]/td[3]/input
2019-07-23 09:53:03,841 find_element.py--> get_element 20: INFO ----->定位方式:xpath--->定位值://*[@id="yx-upload-check"]
2019-07-23 09:53:07,132 find_element.py--> get_element 20: INFO ----->定位方式:xpath--->定位值://*[@id="yx-upload-check"]
2019-07-23 09:53:10,361 find_element.py--> get_element 20: INFO ----->定位方式:xpath--->定位值://*[@id="yx-upload-sub"]
2019-07-23 09:53:10,502 find_element.py--> get_element 20: INFO ----->定位方式:xpath--->定位值://*[@id="cusUpdateModal"]/div/div/div[3]/button
2019-07-23 09:53:11,606 find_element.py--> get_element 20: INFO ----->定位方式:id--->定位值:basicTempSave
2019-07-23 09:53:13,479 find_element.py--> get_element 20: INFO ----->定位方式:id--->定位值:basicModalBtnNegative
2019-07-23 09:53:14,582 find_element.py--> get_element 20: INFO ----->定位方式:id--->定位值:basicSubmit
2019-07-23 09:53:16,504 find_element.py--> get_element 20: INFO ----->定位方式:id--->定位值:basicModalBtnNegative
2019-07-23 09:53:17,993 find_element.py--> get_element 20: INFO ----->定位方式:name--->定位值:customerPhoneNo
2019-07-23 09:53:18,202 find_element.py--> get_element 20: INFO ----->定位方式:id--->定位值:btnSearch
2019-07-23 09:53:19,504 find_element.py--> get_element 20: INFO ----->定位方式:xpath--->定位值://*[@id="orders"]/tbody/tr[1]/td[1]
2019-07-23 09:53:19,631 find_element.py--> get_element 20: INFO ----->定位方式:id--->定位值:btn_shenhedingdan
2019-07-23 09:53:25,119 find_element.py--> get_element 20: INFO ----->定位方式:id--->定位值:basicSubmit
2019-07-23 09:53:26,310 find_element.py--> get_element 20: INFO ----->定位方式:id--->定位值:basicModalBtnNegative
2019-07-23 09:53:27,864 find_element.py--> get_element 20: INFO ----->定位方式:name--->定位值:customerPhoneNo
2019-07-23 09:53:28,062 find_element.py--> get_element 20: INFO ----->定位方式:id--->定位值:btnSearch
2019-07-23 09:53:29,189 find_element.py--> get_element 20: INFO ----->定位方式:xpath--->定位值://*[@id="orders"]/tbody/tr[1]/td[1]
2019-07-23 09:53:29,819 find_element.py--> get_element 20: INFO ----->定位方式:id--->定位值:btn_xiaoshoujiesuan
2019-07-23 09:53:31,177 find_element.py--> get_element 20: INFO ----->定位方式:xpath--->定位值://*[@id="amtDetail"]/div/div[3]/div/button[1]
2019-07-23 09:53:32,324 find_element.py--> get_element 20: INFO ----->定位方式:xpath--->定位值://*[@id="receiptModel"]/div/div/div[2]/button
2019-07-23 09:53:33,416 find_element.py--> get_element 20: INFO ----->定位方式:id--->定位值:deliveryClose
2019-07-23 09:53:34,669 find_element.py--> get_element 20: INFO ----->定位方式:name--->定位值:customerPhoneNo
2019-07-23 09:53:34,882 find_element.py--> get_element 20: INFO ----->定位方式:id--->定位值:btnSearch
2019-07-23 09:53:36,210 find_element.py--> get_element 20: INFO ----->定位方式:xpath--->定位值://*[@id="orders"]/tbody/tr[1]/td[1]
2019-07-23 09:53:36,309 find_element.py--> get_element 20: INFO ----->定位方式:id--->定位值:btn_shengchenghetong
2019-07-23 09:53:37,711 find_element.py--> get_element 20: INFO ----->定位方式:id--->定位值:hsSignBody
2019-07-23 09:53:37,868 find_element.py--> get_element 20: INFO ----->定位方式:xpath--->定位值://*[@id="hsSignBody"]/option[2]
2019-07-23 09:53:37,922 find_element.py--> get_element 20: INFO ----->定位方式:id--->定位值:makeContract
2019-07-23 09:53:38,024 find_element.py--> get_element 20: INFO ----->定位方式:id--->定位值:deliveryClose
2019-07-23 09:53:39,253 find_element.py--> get_element 20: INFO ----->定位方式:name--->定位值:customerPhoneNo
2019-07-23 09:53:39,458 find_element.py--> get_element 20: INFO ----->定位方式:id--->定位值:btnSearch
2019-07-23 09:53:40,565 find_element.py--> get_element 20: INFO ----->定位方式:xpath--->定位值://*[@id="orders"]/tbody/tr[1]/td[1]
2019-07-23 09:53:40,693 find_element.py--> get_element 20: INFO ----->定位方式:id--->定位值:btn_shangchuanhetong
2019-07-23 09:53:41,923 find_element.py--> get_element 20: INFO ----->定位方式:xpath--->定位值://*[@id="file"]/div/table/tbody/tr[1]/td[3]/input
2019-07-23 09:53:43,095 find_element.py--> get_element 20: INFO ----->定位方式:id--->定位值:yx-upload-check
2019-07-23 09:53:46,389 find_element.py--> get_element 20: INFO ----->定位方式:id--->定位值:yx-upload-sub
2019-07-23 09:53:46,486 find_element.py--> get_element 20: INFO ----->定位方式:xpath--->定位值://*[@id="cusUpdateModal"]/div/div/div[3]/button
2019-07-23 09:53:47,585 find_element.py--> get_element 20: INFO ----->定位方式:xpath--->定位值://*[@id="file"]/div/table/tbody/tr[2]/td[3]/input
2019-07-23 09:53:48,684 find_element.py--> get_element 20: INFO ----->定位方式:id--->定位值:yx-upload-check
2019-07-23 09:53:51,932 find_element.py--> get_element 20: INFO ----->定位方式:id--->定位值:yx-upload-sub
2019-07-23 09:53:52,014 find_element.py--> get_element 20: INFO ----->定位方式:xpath--->定位值://*[@id="cusUpdateModal"]/div/div/div[3]/button
2019-07-23 09:53:53,102 find_element.py--> get_element 20: INFO ----->定位方式:id--->定位值:yxHsContractApply
2019-07-23 09:53:54,195 find_element.py--> get_element 20: INFO ----->定位方式:id--->定位值:basicModalBtnNegative
2019-07-23 09:53:55,457 find_element.py--> get_element 20: INFO ----->定位方式:name--->定位值:customerPhoneNo
2019-07-23 09:53:55,686 find_element.py--> get_element 20: INFO ----->定位方式:id--->定位值:btnSearch
2019-07-23 09:53:56,811 find_element.py--> get_element 20: INFO ----->定位方式:xpath--->定位值://*[@id="orders"]/tbody/tr[1]/td[1]
2019-07-23 09:53:56,917 find_element.py--> get_element 20: INFO ----->定位方式:id--->定位值:btn_shenhehetong
2019-07-23 09:53:58,197 find_element.py--> get_element 20: INFO ----->定位方式:id--->定位值:hsShopInsuranceNNull
2019-07-23 09:54:02,068 find_element.py--> get_element 20: INFO ----->定位方式:id--->定位值:yxHsContractApply
2019-07-23 09:54:03,249 find_element.py--> get_element 20: INFO ----->定位方式:id--->定位值:basicModalBtnNegative
2019-07-23 09:54:04,826 find_element.py--> get_element 20: INFO ----->定位方式:name--->定位值:customerPhoneNo
2019-07-23 09:54:05,018 find_element.py--> get_element 20: INFO ----->定位方式:id--->定位值:btnSearch
2019-07-23 09:54:06,492 find_element.py--> get_element 20: INFO ----->定位方式:xpath--->定位值://*[@id="orders"]/tbody/tr[1]/td[1]
2019-07-23 09:54:06,585 find_element.py--> get_element 20: INFO ----->定位方式:id--->定位值:btn_yudingcheliang
2019-07-23 16:32:56,025 login_handle.py--> send_username 20: INFO ----->输入用户名是：zhaoyunhe1
2019-07-23 16:32:56,040 find_element.py--> get_element 20: INFO ----->定位方式:id--->定位值:loginId
2019-07-23 16:32:56,172 login_handle.py--> send_password 20: INFO ----->输入密码是：123qwe
2019-07-23 16:32:56,175 find_element.py--> get_element 20: INFO ----->定位方式:id--->定位值:password
2019-07-23 16:32:56,252 find_element.py--> get_element 20: INFO ----->定位方式:className--->定位值:login-submit
2019-07-23 16:32:57,816 find_element.py--> get_element 20: INFO ----->定位方式:id--->定位值:910000
2019-07-23 16:32:58,892 find_element.py--> get_element 20: INFO ----->定位方式:id--->定位值:15000000
2019-07-23 16:32:59,970 find_element.py--> get_element 20: INFO ----->定位方式:xpath--->定位值://*[@id="15080000"]
2019-07-23 16:33:00,079 find_element.py--> get_element 20: INFO ----->定位方式:id--->定位值:15080100
2019-07-23 16:33:02,480 find_element.py--> get_element 20: INFO ----->定位方式:xpath--->定位值://*[@id="btn_xinzeng"]
2019-07-23 16:33:04,059 order_info_handle.py--> send_userinfo 20: INFO ----->输入的手机号：12010468261
2019-07-23 16:33:04,062 find_element.py--> get_element 20: INFO ----->定位方式:id--->定位值:phoneNo
2019-07-23 16:33:05,454 find_element.py--> get_element 20: INFO ----->定位方式:id--->定位值:queryMobile
2019-07-23 16:33:06,633 find_element.py--> get_element 20: INFO ----->定位方式:xpath--->定位值://*[@id="customerBase"]/div/div[1]/div[3]/div/div/button/span[1]
2019-07-23 16:33:06,800 find_element.py--> get_element 20: INFO ----->定位方式:xpath--->定位值://*[@id="customerBase"]/div/div[1]/div[3]/div/div/div/ul/li[2]/a/span[1]
2019-07-23 16:33:08,021 find_element.py--> get_element 20: INFO ----->定位方式:xpath--->定位值://*[@id="vehicleModel"]/div/div[1]/div[1]/div/div/button/span[1]
2019-07-23 16:33:08,180 find_element.py--> get_element 20: INFO ----->定位方式:xpath--->定位值://*[@id="vehicleModel"]/div/div[1]/div[1]/div/div/div/ul/li[3]/a/span[1]
2019-07-23 16:33:08,362 find_element.py--> get_element 20: INFO ----->定位方式:id--->定位值:purchaseAmount
2019-07-23 16:33:08,438 find_element.py--> get_element 20: INFO ----->定位方式:xpath--->定位值://*[@id="vehicleModel"]/div/div[1]/div[3]/div/div/button/span[1]
2019-07-23 16:33:08,591 find_element.py--> get_element 20: INFO ----->定位方式:xpath--->定位值://*[@id="vehicleModel"]/div/div[1]/div[3]/div/div/div/ul/li[11]/a/span[1]
2019-07-23 16:33:08,772 find_element.py--> get_element 20: INFO ----->定位方式:xpath--->定位值://*[@id="vehicleModel"]/div/div[1]/div[4]/div/div/button/span[1]
2019-07-23 16:33:08,935 find_element.py--> get_element 20: INFO ----->定位方式:xpath--->定位值://*[@id="vehicleModel"]/div/div[1]/div[4]/div/div/div/ul/li[2]/a/span[1]
2019-07-23 16:33:09,077 find_element.py--> get_element 20: INFO ----->定位方式:xpath--->定位值://*[@id="vehicleModel"]/div/div[2]/div[1]/div/div/button/span[1]
2019-07-23 16:33:09,224 find_element.py--> get_element 20: INFO ----->定位方式:xpath--->定位值://*[@id="vehicleModel"]/div/div[2]/div[1]/div/div/div/ul/li[3]/a/span[1]
2019-07-23 16:33:09,371 find_element.py--> get_element 20: INFO ----->定位方式:xpath--->定位值://*[@id="vehicleModel"]/div/div[2]/div[2]/div/div/button/span[1]
2019-07-23 16:33:09,540 find_element.py--> get_element 20: INFO ----->定位方式:xpath--->定位值://*[@id="vehicleModel"]/div/div[2]/div[2]/div/div/div/ul/li[2]/a/span[1]
2019-07-23 16:33:09,661 find_element.py--> get_element 20: INFO ----->定位方式:id--->定位值:guidePrice
2019-07-23 16:33:09,707 find_element.py--> get_element 20: INFO ----->定位方式:id--->定位值:guidePrice
2019-07-23 16:33:09,913 find_element.py--> get_element 20: INFO ----->定位方式:id--->定位值:salePrice
2019-07-23 16:33:10,194 order_info_business.py--> car_price 20: INFO ----->定金金额：3500
2019-07-23 16:33:10,197 find_element.py--> get_element 20: INFO ----->定位方式:id--->定位值:preLicenseProvince
2019-07-23 16:33:10,348 find_element.py--> get_element 20: INFO ----->定位方式:xpath--->定位值://*[@id="preLicenseProvince"]/option[20]
2019-07-23 16:33:10,430 find_element.py--> get_element 20: INFO ----->定位方式:id--->定位值:preLicenseCity
2019-07-23 16:33:10,606 find_element.py--> get_element 20: INFO ----->定位方式:xpath--->定位值://*[@id="preLicenseCity"]/option[2]
2019-07-23 16:33:10,689 find_element.py--> get_element 20: INFO ----->定位方式:id--->定位值:preLicenseSotre
2019-07-23 16:33:10,823 find_element.py--> get_element 20: INFO ----->定位方式:xpath--->定位值://*[@id="preLicenseSotre"]/option[2]
2019-07-23 16:33:10,900 find_element.py--> get_element 20: INFO ----->定位方式:id--->定位值:queryEmissionStandardName
2019-07-23 16:33:11,205 find_element.py--> get_element 20: INFO ----->定位方式:id--->定位值:channelTypeHT
2019-07-23 16:33:11,393 find_element.py--> get_element 20: INFO ----->定位方式:id--->定位值:realNameSystemNNull
2019-07-23 16:33:11,587 find_element.py--> get_element 20: INFO ----->定位方式:id--->定位值:shopInsuranceNNull
2019-07-23 16:33:11,695 find_element.py--> get_element 20: INFO ----->定位方式:id--->定位值:firstYearVehicleAndVesselTax
2019-07-23 16:33:11,808 find_element.py--> get_element 20: INFO ----->定位方式:id--->定位值:firstYearSali
2019-07-23 16:33:11,925 find_element.py--> get_element 20: INFO ----->定位方式:id--->定位值:firstCommercialTheft
2019-07-23 16:33:12,041 find_element.py--> get_element 20: INFO ----->定位方式:id--->定位值:advancePremiumAmt
2019-07-23 16:33:12,107 find_element.py--> get_element 20: INFO ----->定位方式:id--->定位值:termCount
2019-07-23 16:33:12,270 find_element.py--> get_element 20: INFO ----->定位方式:id--->定位值:monthlyRent
2019-07-23 16:33:12,518 find_element.py--> get_element 20: INFO ----->定位方式:id--->定位值:cusInterestRates
2019-07-23 16:33:12,616 find_element.py--> get_element 20: INFO ----->定位方式:id--->定位值:purchaseTax
2019-07-23 16:33:12,817 find_element.py--> get_element 20: INFO ----->定位方式:id--->定位值:gpsFee
2019-07-23 16:33:13,024 find_element.py--> get_element 20: INFO ----->定位方式:id--->定位值:accountMaintenanceFee
2019-07-23 16:33:13,092 find_element.py--> get_element 20: INFO ----->定位方式:id--->定位值:yxDownPaymentAmt
2019-07-23 16:33:13,366 find_element.py--> get_element 20: INFO ----->定位方式:id--->定位值:yxRiskFinancingAmt
2019-07-23 16:33:13,627 find_element.py--> get_element 20: INFO ----->定位方式:id--->定位值:yxRiskControlFinancingAmt
2019-07-23 16:33:13,812 find_element.py--> get_element 20: INFO ----->定位方式:id--->定位值:hsServiceFee
2019-07-23 16:33:14,022 find_element.py--> get_element 20: INFO ----->定位方式:id--->定位值:licenseFee
2019-07-23 16:33:14,213 find_element.py--> get_element 20: INFO ----->定位方式:id--->定位值:mortgageFee
2019-07-23 16:33:14,379 find_element.py--> get_element 20: INFO ----->定位方式:id--->定位值:totalDownPaymentOtherAmt
2019-07-23 16:33:14,475 find_element.py--> get_element 20: INFO ----->定位方式:id--->定位值:remarkId
2019-07-23 16:33:14,852 find_element.py--> get_element 20: INFO ----->定位方式:xpath--->定位值://*[@id="fanancingInfoHs"]/div/div[2]/div[1]/div/div/button/span[1]
2019-07-23 16:33:14,991 find_element.py--> get_element 20: INFO ----->定位方式:xpath--->定位值://*[@id="fanancingInfoHs"]/div/div[2]/div[1]/div/div/div/ul/li[2]/a/span[1]
2019-07-23 16:33:15,157 find_element.py--> get_element 20: INFO ----->定位方式:id--->定位值:yxOrderNo
2019-07-23 16:33:15,627 find_element.py--> get_element 20: INFO ----->定位方式:xpath--->定位值://*[@id="yxAuditFile"]/div/table/tbody/tr[1]/td[3]/input
2019-07-23 16:33:16,769 find_element.py--> get_element 20: INFO ----->定位方式:xpath--->定位值://*[@id="yx-upload-check"]
2019-07-23 16:33:19,248 find_element.py--> get_element 20: INFO ----->定位方式:xpath--->定位值://*[@id="yx-upload-sub"]
2019-07-23 16:33:19,480 find_element.py--> get_element 20: INFO ----->定位方式:xpath--->定位值://*[@id="cusUpdateModal"]/div/div/div[3]/button
2019-07-23 16:33:20,637 find_element.py--> get_element 20: INFO ----->定位方式:xpath--->定位值://*[@id="yxAuditFile"]/div/table/tbody/tr[2]/td[3]/input
2019-07-23 16:33:21,784 find_element.py--> get_element 20: INFO ----->定位方式:xpath--->定位值://*[@id="yx-upload-check"]
2019-07-23 16:33:25,104 find_element.py--> get_element 20: INFO ----->定位方式:xpath--->定位值://*[@id="yx-upload-check"]
2019-07-23 16:33:28,359 find_element.py--> get_element 20: INFO ----->定位方式:xpath--->定位值://*[@id="yx-upload-sub"]
2019-07-23 16:33:28,487 find_element.py--> get_element 20: INFO ----->定位方式:xpath--->定位值://*[@id="cusUpdateModal"]/div/div/div[3]/button
2019-07-23 16:33:29,610 find_element.py--> get_element 20: INFO ----->定位方式:id--->定位值:basicTempSave
2019-07-23 16:33:31,694 find_element.py--> get_element 20: INFO ----->定位方式:id--->定位值:basicModalBtnNegative
2019-07-23 16:33:32,794 find_element.py--> get_element 20: INFO ----->定位方式:id--->定位值:basicSubmit
2019-07-23 16:33:34,505 find_element.py--> get_element 20: INFO ----->定位方式:id--->定位值:basicModalBtnNegative
2019-07-23 16:33:34,589 find_element.py--> get_element 20: INFO ----->定位方式:name--->定位值:customerPhoneNo
2019-07-23 16:33:34,619 find_element.py--> get_element 20: INFO ----->找不到定位元素
2019-07-23 16:41:25,083 login_handle.py--> send_username 20: INFO ----->输入用户名是：zhaoyunhe1
2019-07-23 16:41:25,098 find_element.py--> get_element 20: INFO ----->定位方式:id--->定位值:loginId
2019-07-23 16:41:25,193 login_handle.py--> send_password 20: INFO ----->输入密码是：123qwe
2019-07-23 16:41:25,195 find_element.py--> get_element 20: INFO ----->定位方式:id--->定位值:password
2019-07-23 16:41:25,257 find_element.py--> get_element 20: INFO ----->定位方式:className--->定位值:login-submit
2019-07-23 16:41:26,832 find_element.py--> get_element 20: INFO ----->定位方式:id--->定位值:910000
2019-07-23 16:41:27,901 find_element.py--> get_element 20: INFO ----->定位方式:id--->定位值:15000000
2019-07-23 16:41:28,984 find_element.py--> get_element 20: INFO ----->定位方式:xpath--->定位值://*[@id="15080000"]
2019-07-23 16:41:29,061 find_element.py--> get_element 20: INFO ----->定位方式:id--->定位值:15080100
2019-07-23 16:41:31,655 find_element.py--> get_element 20: INFO ----->定位方式:xpath--->定位值://*[@id="btn_xinzeng"]
2019-07-23 16:41:33,331 order_info_handle.py--> send_userinfo 20: INFO ----->输入的手机号：12029828127
2019-07-23 16:41:33,335 find_element.py--> get_element 20: INFO ----->定位方式:id--->定位值:phoneNo
2019-07-23 16:41:34,374 find_element.py--> get_element 20: INFO ----->定位方式:id--->定位值:queryMobile
2019-07-23 16:41:35,536 find_element.py--> get_element 20: INFO ----->定位方式:xpath--->定位值://*[@id="customerBase"]/div/div[1]/div[3]/div/div/button/span[1]
2019-07-23 16:41:35,669 find_element.py--> get_element 20: INFO ----->定位方式:xpath--->定位值://*[@id="customerBase"]/div/div[1]/div[3]/div/div/div/ul/li[2]/a/span[1]
2019-07-23 16:41:36,820 find_element.py--> get_element 20: INFO ----->定位方式:xpath--->定位值://*[@id="vehicleModel"]/div/div[1]/div[1]/div/div/button/span[1]
2019-07-23 16:41:36,979 find_element.py--> get_element 20: INFO ----->定位方式:xpath--->定位值://*[@id="vehicleModel"]/div/div[1]/div[1]/div/div/div/ul/li[3]/a/span[1]
2019-07-23 16:41:37,112 find_element.py--> get_element 20: INFO ----->定位方式:id--->定位值:purchaseAmount
2019-07-23 16:41:37,196 find_element.py--> get_element 20: INFO ----->定位方式:xpath--->定位值://*[@id="vehicleModel"]/div/div[1]/div[3]/div/div/button/span[1]
2019-07-23 16:41:37,343 find_element.py--> get_element 20: INFO ----->定位方式:xpath--->定位值://*[@id="vehicleModel"]/div/div[1]/div[3]/div/div/div/ul/li[11]/a/span[1]
2019-07-23 16:41:37,483 find_element.py--> get_element 20: INFO ----->定位方式:xpath--->定位值://*[@id="vehicleModel"]/div/div[1]/div[4]/div/div/button/span[1]
2019-07-23 16:41:37,675 find_element.py--> get_element 20: INFO ----->定位方式:xpath--->定位值://*[@id="vehicleModel"]/div/div[1]/div[4]/div/div/div/ul/li[2]/a/span[1]
2019-07-23 16:41:37,803 find_element.py--> get_element 20: INFO ----->定位方式:xpath--->定位值://*[@id="vehicleModel"]/div/div[2]/div[1]/div/div/button/span[1]
2019-07-23 16:41:37,972 find_element.py--> get_element 20: INFO ----->定位方式:xpath--->定位值://*[@id="vehicleModel"]/div/div[2]/div[1]/div/div/div/ul/li[3]/a/span[1]
2019-07-23 16:41:38,123 find_element.py--> get_element 20: INFO ----->定位方式:id--->定位值:factoryName
2019-07-23 16:41:38,268 find_element.py--> get_element 20: INFO ----->定位方式:xpath--->定位值://*[@id="vehicleModel"]/div/div[2]/div[2]/div/div/button/span[1]
2019-07-23 16:41:38,394 find_element.py--> get_element 20: INFO ----->定位方式:xpath--->定位值://*[@id="vehicleModel"]/div/div[2]/div[2]/div/div/div/ul/li[2]/a/span[1]
2019-07-23 16:41:38,532 find_element.py--> get_element 20: INFO ----->定位方式:id--->定位值:guidePrice
2019-07-23 16:41:38,577 find_element.py--> get_element 20: INFO ----->定位方式:id--->定位值:guidePrice
2019-07-23 16:41:38,797 find_element.py--> get_element 20: INFO ----->定位方式:id--->定位值:salePrice
2019-07-23 16:41:39,066 order_info_business.py--> car_price 20: INFO ----->定金金额：3500
2019-07-23 16:41:39,070 find_element.py--> get_element 20: INFO ----->定位方式:id--->定位值:preLicenseProvince
2019-07-23 16:41:39,262 find_element.py--> get_element 20: INFO ----->定位方式:xpath--->定位值://*[@id="preLicenseProvince"]/option[20]
2019-07-23 16:41:39,342 find_element.py--> get_element 20: INFO ----->定位方式:id--->定位值:preLicenseCity
2019-07-23 16:41:39,492 find_element.py--> get_element 20: INFO ----->定位方式:xpath--->定位值://*[@id="preLicenseCity"]/option[2]
2019-07-23 16:41:39,572 find_element.py--> get_element 20: INFO ----->定位方式:id--->定位值:preLicenseSotre
2019-07-23 16:41:39,720 find_element.py--> get_element 20: INFO ----->定位方式:xpath--->定位值://*[@id="preLicenseSotre"]/option[2]
2019-07-23 16:41:39,829 find_element.py--> get_element 20: INFO ----->定位方式:id--->定位值:queryEmissionStandardName
2019-07-23 16:41:40,237 find_element.py--> get_element 20: INFO ----->定位方式:id--->定位值:channelTypeHT
2019-07-23 16:41:40,392 find_element.py--> get_element 20: INFO ----->定位方式:id--->定位值:realNameSystemNNull
2019-07-23 16:41:40,540 find_element.py--> get_element 20: INFO ----->定位方式:id--->定位值:shopInsuranceNNull
2019-07-23 16:41:40,625 find_element.py--> get_element 20: INFO ----->定位方式:id--->定位值:firstYearVehicleAndVesselTax
2019-07-23 16:41:40,720 find_element.py--> get_element 20: INFO ----->定位方式:id--->定位值:firstYearSali
2019-07-23 16:41:40,814 find_element.py--> get_element 20: INFO ----->定位方式:id--->定位值:firstCommercialTheft
2019-07-23 16:41:40,910 find_element.py--> get_element 20: INFO ----->定位方式:id--->定位值:advancePremiumAmt
2019-07-23 16:41:40,967 find_element.py--> get_element 20: INFO ----->定位方式:id--->定位值:termCount
2019-07-23 16:41:41,102 find_element.py--> get_element 20: INFO ----->定位方式:id--->定位值:monthlyRent
2019-07-23 16:41:41,302 find_element.py--> get_element 20: INFO ----->定位方式:id--->定位值:cusInterestRates
2019-07-23 16:41:41,385 find_element.py--> get_element 20: INFO ----->定位方式:id--->定位值:purchaseTax
2019-07-23 16:41:41,544 find_element.py--> get_element 20: INFO ----->定位方式:id--->定位值:gpsFee
2019-07-23 16:41:41,696 find_element.py--> get_element 20: INFO ----->定位方式:id--->定位值:accountMaintenanceFee
2019-07-23 16:41:41,751 find_element.py--> get_element 20: INFO ----->定位方式:id--->定位值:yxDownPaymentAmt
2019-07-23 16:41:41,968 find_element.py--> get_element 20: INFO ----->定位方式:id--->定位值:yxRiskFinancingAmt
2019-07-23 16:41:42,196 find_element.py--> get_element 20: INFO ----->定位方式:id--->定位值:yxRiskControlFinancingAmt
2019-07-23 16:41:42,343 find_element.py--> get_element 20: INFO ----->定位方式:id--->定位值:hsServiceFee
2019-07-23 16:41:42,506 find_element.py--> get_element 20: INFO ----->定位方式:id--->定位值:licenseFee
2019-07-23 16:41:42,653 find_element.py--> get_element 20: INFO ----->定位方式:id--->定位值:mortgageFee
2019-07-23 16:41:42,821 find_element.py--> get_element 20: INFO ----->定位方式:id--->定位值:totalDownPaymentOtherAmt
2019-07-23 16:41:42,921 find_element.py--> get_element 20: INFO ----->定位方式:id--->定位值:remarkId
2019-07-23 16:41:43,301 find_element.py--> get_element 20: INFO ----->定位方式:xpath--->定位值://*[@id="fanancingInfoHs"]/div/div[2]/div[1]/div/div/button/span[1]
2019-07-23 16:41:43,417 find_element.py--> get_element 20: INFO ----->定位方式:xpath--->定位值://*[@id="fanancingInfoHs"]/div/div[2]/div[1]/div/div/div/ul/li[2]/a/span[1]
2019-07-23 16:41:43,566 find_element.py--> get_element 20: INFO ----->定位方式:id--->定位值:yxOrderNo
2019-07-23 16:41:43,960 find_element.py--> get_element 20: INFO ----->定位方式:xpath--->定位值://*[@id="yxAuditFile"]/div/table/tbody/tr[1]/td[3]/input
2019-07-23 16:41:45,090 find_element.py--> get_element 20: INFO ----->定位方式:xpath--->定位值://*[@id="yx-upload-check"]
2019-07-23 16:41:47,602 find_element.py--> get_element 20: INFO ----->定位方式:xpath--->定位值://*[@id="yx-upload-sub"]
2019-07-23 16:41:47,814 find_element.py--> get_element 20: INFO ----->定位方式:xpath--->定位值://*[@id="cusUpdateModal"]/div/div/div[3]/button
2019-07-23 16:41:48,969 find_element.py--> get_element 20: INFO ----->定位方式:xpath--->定位值://*[@id="yxAuditFile"]/div/table/tbody/tr[2]/td[3]/input
2019-07-23 16:41:50,094 find_element.py--> get_element 20: INFO ----->定位方式:xpath--->定位值://*[@id="yx-upload-check"]
2019-07-23 16:41:53,369 find_element.py--> get_element 20: INFO ----->定位方式:xpath--->定位值://*[@id="yx-upload-check"]
2019-07-23 16:41:56,705 find_element.py--> get_element 20: INFO ----->定位方式:xpath--->定位值://*[@id="yx-upload-sub"]
2019-07-23 16:41:56,820 find_element.py--> get_element 20: INFO ----->定位方式:xpath--->定位值://*[@id="cusUpdateModal"]/div/div/div[3]/button
2019-07-23 16:41:57,947 find_element.py--> get_element 20: INFO ----->定位方式:id--->定位值:basicTempSave
2019-07-23 16:42:00,150 find_element.py--> get_element 20: INFO ----->定位方式:id--->定位值:basicModalBtnNegative
2019-07-23 16:42:01,256 find_element.py--> get_element 20: INFO ----->定位方式:id--->定位值:basicSubmit
2019-07-23 16:42:03,506 find_element.py--> get_element 20: INFO ----->定位方式:id--->定位值:basicModalBtnNegative
