2019-05-24 15:18:45,999 find_element.py--> get_element 20: INFO ----->定位方式:id--->定位值:password
2019-05-24 15:19:24,752 find_element.py--> get_element 20: INFO ----->定位方式:id--->定位值:password
2019-05-24 15:21:21,204 find_element.py--> get_element 20: INFO ----->定位方式:id--->定位值:password
2019-05-24 15:21:38,259 find_element.py--> get_element 20: INFO ----->定位方式:id--->定位值:password
2019-05-24 15:22:08,353 find_element.py--> get_element 20: INFO ----->定位方式:id--->定位值:password
2019-05-24 15:24:41,173 find_element.py--> get_element 20: INFO ----->定位方式:id--->定位值:password
2019-05-24 15:25:01,035 find_element.py--> get_element 20: INFO ----->定位方式:id--->定位值:password
2019-05-24 15:30:00,736 find_element.py--> get_element 20: INFO ----->定位方式:id--->定位值:password
2019-05-24 15:31:37,702 find_element.py--> get_element 20: INFO ----->定位方式:id--->定位值:password
2019-05-24 15:32:39,896 find_element.py--> get_element 20: INFO ----->定位方式:id--->定位值:password
2019-05-24 15:33:56,703 find_element.py--> get_element 20: INFO ----->定位方式:id--->定位值:password
2019-05-24 17:49:59,598 login_handle.py--> send_username 20: INFO ----->输入用户名是：adminauto
2019-05-24 17:49:59,631 find_element.py--> get_element 20: INFO ----->定位方式:id--->定位值:loginId
2019-05-24 17:49:59,766 login_handle.py--> send_password 20: INFO ----->输入密码是：a123456
2019-05-24 17:49:59,767 find_element.py--> get_element 20: INFO ----->定位方式:id--->定位值:password
2019-05-24 17:49:59,862 find_element.py--> get_element 20: INFO ----->定位方式:className--->定位值:login-submit
2019-05-24 17:50:34,942 login_handle.py--> send_username 20: INFO ----->输入用户名是：adminauto
2019-05-24 17:50:34,943 find_element.py--> get_element 20: INFO ----->定位方式:id--->定位值:loginId
2019-05-24 17:50:35,048 login_handle.py--> send_password 20: INFO ----->输入密码是：a123456
2019-05-24 17:50:35,048 find_element.py--> get_element 20: INFO ----->定位方式:id--->定位值:password
2019-05-24 17:50:35,119 find_element.py--> get_element 20: INFO ----->定位方式:className--->定位值:login-submit
2019-05-24 17:51:05,125 login_handle.py--> send_username 20: INFO ----->输入用户名是：adminauto
2019-05-24 17:51:05,128 find_element.py--> get_element 20: INFO ----->定位方式:id--->定位值:loginId
2019-05-24 17:51:05,256 login_handle.py--> send_password 20: INFO ----->输入密码是：a123456
2019-05-24 17:51:05,257 find_element.py--> get_element 20: INFO ----->定位方式:id--->定位值:password
2019-05-24 17:51:05,347 find_element.py--> get_element 20: INFO ----->定位方式:className--->定位值:login-submit
