2019-07-26 11:14:13,359 login_handle.py--> send_username 20: INFO ----->输入用户名是：zhaoyunhe1
2019-07-26 11:14:13,362 find_element.py--> get_element 20: INFO ----->定位方式:id--->定位值:loginId
2019-07-26 11:14:13,463 login_handle.py--> send_password 20: INFO ----->输入密码是：123qwe
2019-07-26 11:14:13,467 find_element.py--> get_element 20: INFO ----->定位方式:id--->定位值:password
2019-07-26 11:14:13,534 find_element.py--> get_element 20: INFO ----->定位方式:className--->定位值:login-submit
2019-07-26 11:14:15,127 find_element.py--> get_element 20: INFO ----->定位方式:id--->定位值:910000
2019-07-26 11:14:16,212 find_element.py--> get_element 20: INFO ----->定位方式:id--->定位值:15000000
2019-07-26 11:14:17,305 find_element.py--> get_element 20: INFO ----->定位方式:xpath--->定位值://*[@id="15080000"]
2019-07-26 11:14:17,390 find_element.py--> get_element 20: INFO ----->定位方式:id--->定位值:15080100
2019-07-26 11:14:20,538 find_element.py--> get_element 20: INFO ----->定位方式:xpath--->定位值://*[@id="btn_xinzeng"]
2019-07-26 11:14:21,980 order_info_handle.py--> send_userinfo 20: INFO ----->输入的手机号：12022365805
2019-07-26 11:14:21,982 find_element.py--> get_element 20: INFO ----->定位方式:id--->定位值:phoneNo
2019-07-26 11:14:22,953 find_element.py--> get_element 20: INFO ----->定位方式:id--->定位值:queryMobile
2019-07-26 11:14:24,080 find_element.py--> get_element 20: INFO ----->定位方式:xpath--->定位值://*[@id="customerBase"]/div/div[1]/div[3]/div/div/button/span[1]
2019-07-26 11:14:24,198 find_element.py--> get_element 20: INFO ----->定位方式:xpath--->定位值://*[@id="customerBase"]/div/div[1]/div[3]/div/div/div/ul/li[2]/a/span[1]
2019-07-26 11:14:25,353 find_element.py--> get_element 20: INFO ----->定位方式:xpath--->定位值://*[@id="vehicleModel"]/div/div[1]/div[1]/div/div/button/span[1]
2019-07-26 11:14:25,470 find_element.py--> get_element 20: INFO ----->定位方式:xpath--->定位值://*[@id="vehicleModel"]/div/div[1]/div[1]/div/div/div/ul/li[3]/a/span[1]
2019-07-26 11:14:25,606 find_element.py--> get_element 20: INFO ----->定位方式:id--->定位值:purchaseAmount
2019-07-26 11:14:25,689 find_element.py--> get_element 20: INFO ----->定位方式:xpath--->定位值://*[@id="vehicleModel"]/div/div[1]/div[3]/div/div/button/span[1]
2019-07-26 11:14:25,833 find_element.py--> get_element 20: INFO ----->定位方式:xpath--->定位值://*[@id="vehicleModel"]/div/div[1]/div[3]/div/div/div/ul/li[11]/a/span[1]
2019-07-26 11:14:25,980 find_element.py--> get_element 20: INFO ----->定位方式:xpath--->定位值://*[@id="vehicleModel"]/div/div[1]/div[4]/div/div/button/span[1]
2019-07-26 11:14:26,107 find_element.py--> get_element 20: INFO ----->定位方式:xpath--->定位值://*[@id="vehicleModel"]/div/div[1]/div[4]/div/div/div/ul/li[2]/a/span[1]
2019-07-26 11:14:26,267 find_element.py--> get_element 20: INFO ----->定位方式:xpath--->定位值://*[@id="vehicleModel"]/div/div[2]/div[1]/div/div/button/span[1]
2019-07-26 11:14:26,404 find_element.py--> get_element 20: INFO ----->定位方式:xpath--->定位值://*[@id="vehicleModel"]/div/div[2]/div[1]/div/div/div/ul/li[3]/a/span[1]
2019-07-26 11:14:26,430 find_element.py--> get_element 20: INFO ----->找不到定位元素
2019-07-26 11:15:20,672 login_handle.py--> send_username 20: INFO ----->输入用户名是：zhaoyunhe1
2019-07-26 11:15:20,676 find_element.py--> get_element 20: INFO ----->定位方式:id--->定位值:loginId
2019-07-26 11:15:20,772 login_handle.py--> send_password 20: INFO ----->输入密码是：123qwe
2019-07-26 11:15:20,774 find_element.py--> get_element 20: INFO ----->定位方式:id--->定位值:password
2019-07-26 11:15:20,850 find_element.py--> get_element 20: INFO ----->定位方式:className--->定位值:login-submit
2019-07-26 11:15:22,374 find_element.py--> get_element 20: INFO ----->定位方式:id--->定位值:910000
2019-07-26 11:15:23,446 find_element.py--> get_element 20: INFO ----->定位方式:id--->定位值:15000000
2019-07-26 11:15:24,519 find_element.py--> get_element 20: INFO ----->定位方式:xpath--->定位值://*[@id="15080000"]
2019-07-26 11:15:24,583 find_element.py--> get_element 20: INFO ----->定位方式:id--->定位值:15080100
2019-07-26 11:15:26,695 find_element.py--> get_element 20: INFO ----->定位方式:xpath--->定位值://*[@id="btn_xinzeng"]
2019-07-26 11:15:27,930 order_info_handle.py--> send_userinfo 20: INFO ----->输入的手机号：12083115335
2019-07-26 11:15:27,931 find_element.py--> get_element 20: INFO ----->定位方式:id--->定位值:phoneNo
2019-07-26 11:15:29,024 find_element.py--> get_element 20: INFO ----->定位方式:id--->定位值:queryMobile
2019-07-26 11:15:30,192 find_element.py--> get_element 20: INFO ----->定位方式:xpath--->定位值://*[@id="customerBase"]/div/div[1]/div[3]/div/div/button/span[1]
2019-07-26 11:15:30,320 find_element.py--> get_element 20: INFO ----->定位方式:xpath--->定位值://*[@id="customerBase"]/div/div[1]/div[3]/div/div/div/ul/li[2]/a/span[1]
2019-07-26 11:15:31,484 find_element.py--> get_element 20: INFO ----->定位方式:xpath--->定位值://*[@id="vehicleModel"]/div/div[1]/div[1]/div/div/button/span[1]
2019-07-26 11:15:31,624 find_element.py--> get_element 20: INFO ----->定位方式:xpath--->定位值://*[@id="vehicleModel"]/div/div[1]/div[1]/div/div/div/ul/li[3]/a/span[1]
2019-07-26 11:15:31,778 find_element.py--> get_element 20: INFO ----->定位方式:id--->定位值:purchaseAmount
2019-07-26 11:15:31,848 find_element.py--> get_element 20: INFO ----->定位方式:xpath--->定位值://*[@id="vehicleModel"]/div/div[1]/div[3]/div/div/button/span[1]
2019-07-26 11:15:31,992 find_element.py--> get_element 20: INFO ----->定位方式:xpath--->定位值://*[@id="vehicleModel"]/div/div[1]/div[3]/div/div/div/ul/li[11]/a/span[1]
2019-07-26 11:15:32,191 find_element.py--> get_element 20: INFO ----->定位方式:xpath--->定位值://*[@id="vehicleModel"]/div/div[1]/div[4]/div/div/button/span[1]
2019-07-26 11:15:32,327 find_element.py--> get_element 20: INFO ----->定位方式:xpath--->定位值://*[@id="vehicleModel"]/div/div[1]/div[4]/div/div/div/ul/li[2]/a/span[1]
2019-07-26 11:15:32,452 find_element.py--> get_element 20: INFO ----->定位方式:xpath--->定位值://*[@id="vehicleModel"]/div/div[2]/div[1]/div/div/button/span[1]
2019-07-26 11:15:32,641 find_element.py--> get_element 20: INFO ----->定位方式:xpath--->定位值://*[@id="vehicleModel"]/div/div[2]/div[1]/div/div/div/ul/li[2]/a/span[1]
2019-07-26 11:15:32,782 find_element.py--> get_element 20: INFO ----->定位方式:id--->定位值:factoryName
2019-07-26 11:15:32,927 find_element.py--> get_element 20: INFO ----->定位方式:xpath--->定位值://*[@id="vehicleModel"]/div/div[2]/div[2]/div/div/button/span[1]
2019-07-26 11:15:33,056 find_element.py--> get_element 20: INFO ----->定位方式:xpath--->定位值://*[@id="vehicleModel"]/div/div[2]/div[2]/div/div/div/ul/li[2]/a/span[1]
2019-07-26 11:15:33,218 find_element.py--> get_element 20: INFO ----->定位方式:id--->定位值:guidePrice
2019-07-26 11:15:33,265 find_element.py--> get_element 20: INFO ----->定位方式:id--->定位值:guidePrice
2019-07-26 11:15:33,473 find_element.py--> get_element 20: INFO ----->定位方式:id--->定位值:salePrice
2019-07-26 11:15:33,758 order_info_business.py--> car_price 20: INFO ----->定金金额：3500
2019-07-26 11:15:33,761 find_element.py--> get_element 20: INFO ----->定位方式:id--->定位值:preLicenseProvince
2019-07-26 11:15:33,909 find_element.py--> get_element 20: INFO ----->定位方式:xpath--->定位值://*[@id="preLicenseProvince"]/option[20]
2019-07-26 11:15:34,001 find_element.py--> get_element 20: INFO ----->定位方式:id--->定位值:preLicenseCity
2019-07-26 11:15:34,144 find_element.py--> get_element 20: INFO ----->定位方式:xpath--->定位值://*[@id="preLicenseCity"]/option[2]
2019-07-26 11:15:34,253 find_element.py--> get_element 20: INFO ----->定位方式:id--->定位值:preLicenseSotre
2019-07-26 11:15:34,385 find_element.py--> get_element 20: INFO ----->定位方式:xpath--->定位值://*[@id="preLicenseSotre"]/option[2]
2019-07-26 11:15:34,488 find_element.py--> get_element 20: INFO ----->定位方式:id--->定位值:queryEmissionStandardName
2019-07-26 11:15:34,654 find_element.py--> get_element 20: INFO ----->定位方式:id--->定位值:channelTypeHT
2019-07-26 11:15:34,828 find_element.py--> get_element 20: INFO ----->定位方式:id--->定位值:realNameSystemNNull
2019-07-26 11:15:34,962 find_element.py--> get_element 20: INFO ----->定位方式:id--->定位值:shopInsuranceNNull
2019-07-26 11:15:35,046 find_element.py--> get_element 20: INFO ----->定位方式:id--->定位值:firstYearVehicleAndVesselTax
2019-07-26 11:15:35,157 find_element.py--> get_element 20: INFO ----->定位方式:id--->定位值:firstYearSali
2019-07-26 11:15:35,248 find_element.py--> get_element 20: INFO ----->定位方式:id--->定位值:firstCommercialTheft
2019-07-26 11:15:35,341 find_element.py--> get_element 20: INFO ----->定位方式:id--->定位值:advancePremiumAmt
2019-07-26 11:15:35,398 find_element.py--> get_element 20: INFO ----->定位方式:id--->定位值:termCount
2019-07-26 11:15:35,538 find_element.py--> get_element 20: INFO ----->定位方式:id--->定位值:monthlyRent
2019-07-26 11:15:35,731 find_element.py--> get_element 20: INFO ----->定位方式:id--->定位值:cusInterestRates
2019-07-26 11:15:35,813 find_element.py--> get_element 20: INFO ----->定位方式:id--->定位值:purchaseTax
2019-07-26 11:15:35,961 find_element.py--> get_element 20: INFO ----->定位方式:id--->定位值:gpsFee
2019-07-26 11:15:36,135 find_element.py--> get_element 20: INFO ----->定位方式:id--->定位值:accountMaintenanceFee
2019-07-26 11:15:36,195 find_element.py--> get_element 20: INFO ----->定位方式:id--->定位值:yxDownPaymentAmt
2019-07-26 11:15:36,418 find_element.py--> get_element 20: INFO ----->定位方式:id--->定位值:yxRiskFinancingAmt
2019-07-26 11:15:36,592 find_element.py--> get_element 20: INFO ----->定位方式:id--->定位值:yxRiskControlFinancingAmt
2019-07-26 11:15:36,783 find_element.py--> get_element 20: INFO ----->定位方式:id--->定位值:hsServiceFee
2019-07-26 11:15:36,944 find_element.py--> get_element 20: INFO ----->定位方式:id--->定位值:licenseFee
2019-07-26 11:15:37,091 find_element.py--> get_element 20: INFO ----->定位方式:id--->定位值:mortgageFee
2019-07-26 11:15:37,241 find_element.py--> get_element 20: INFO ----->定位方式:id--->定位值:totalDownPaymentOtherAmt
2019-07-26 11:15:37,335 find_element.py--> get_element 20: INFO ----->定位方式:id--->定位值:remarkId
2019-07-26 11:15:37,712 find_element.py--> get_element 20: INFO ----->定位方式:xpath--->定位值://*[@id="fanancingInfoHs"]/div/div[2]/div[1]/div/div/button/span[1]
2019-07-26 11:15:37,856 find_element.py--> get_element 20: INFO ----->定位方式:xpath--->定位值://*[@id="fanancingInfoHs"]/div/div[2]/div[1]/div/div/div/ul/li[2]/a/span[1]
2019-07-26 11:15:38,016 find_element.py--> get_element 20: INFO ----->定位方式:id--->定位值:yxOrderNo
2019-07-26 11:15:38,384 find_element.py--> get_element 20: INFO ----->定位方式:xpath--->定位值://*[@id="yxAuditFile"]/div/table/tbody/tr[1]/td[3]/input
2019-07-26 11:15:39,524 find_element.py--> get_element 20: INFO ----->定位方式:xpath--->定位值://*[@id="yx-upload-check"]
2019-07-26 11:15:42,022 find_element.py--> get_element 20: INFO ----->定位方式:xpath--->定位值://*[@id="yx-upload-sub"]
2019-07-26 11:15:42,240 find_element.py--> get_element 20: INFO ----->定位方式:xpath--->定位值://*[@id="cusUpdateModal"]/div/div/div[3]/button
2019-07-26 11:15:43,389 find_element.py--> get_element 20: INFO ----->定位方式:xpath--->定位值://*[@id="yxAuditFile"]/div/table/tbody/tr[2]/td[3]/input
2019-07-26 11:15:44,515 find_element.py--> get_element 20: INFO ----->定位方式:xpath--->定位值://*[@id="yx-upload-check"]
2019-07-26 11:15:47,792 find_element.py--> get_element 20: INFO ----->定位方式:xpath--->定位值://*[@id="yx-upload-check"]
2019-07-26 11:15:51,123 find_element.py--> get_element 20: INFO ----->定位方式:xpath--->定位值://*[@id="yx-upload-sub"]
2019-07-26 11:15:51,220 find_element.py--> get_element 20: INFO ----->定位方式:xpath--->定位值://*[@id="cusUpdateModal"]/div/div/div[3]/button
2019-07-26 11:15:52,330 find_element.py--> get_element 20: INFO ----->定位方式:id--->定位值:basicTempSave
2019-07-26 11:15:54,180 find_element.py--> get_element 20: INFO ----->定位方式:id--->定位值:basicModalBtnNegative
2019-07-26 11:15:55,286 find_element.py--> get_element 20: INFO ----->定位方式:id--->定位值:basicSubmit
2019-07-26 11:15:57,239 find_element.py--> get_element 20: INFO ----->定位方式:id--->定位值:basicModalBtnNegative
2019-07-26 11:15:58,322 find_element.py--> get_element 20: INFO ----->定位方式:name--->定位值:customerPhoneNo
2019-07-26 11:15:58,575 find_element.py--> get_element 20: INFO ----->定位方式:id--->定位值:btnSearch
2019-07-26 11:15:59,850 find_element.py--> get_element 20: INFO ----->定位方式:xpath--->定位值://*[@id="orders"]/tbody/tr[1]/td[1]
2019-07-26 11:15:59,949 find_element.py--> get_element 20: INFO ----->定位方式:id--->定位值:btn_shenhedingdan
2019-07-26 11:16:04,418 find_element.py--> get_element 20: INFO ----->定位方式:id--->定位值:basicSubmit
2019-07-26 11:16:05,594 find_element.py--> get_element 20: INFO ----->定位方式:id--->定位值:basicModalBtnNegative
2019-07-26 11:16:06,743 find_element.py--> get_element 20: INFO ----->定位方式:name--->定位值:customerPhoneNo
2019-07-26 11:16:06,945 find_element.py--> get_element 20: INFO ----->定位方式:id--->定位值:btnSearch
2019-07-26 11:16:08,125 find_element.py--> get_element 20: INFO ----->定位方式:xpath--->定位值://*[@id="orders"]/tbody/tr[1]/td[1]
2019-07-26 11:16:08,839 find_element.py--> get_element 20: INFO ----->定位方式:id--->定位值:btn_xiaoshoujiesuan
2019-07-26 11:16:09,888 find_element.py--> get_element 20: INFO ----->定位方式:xpath--->定位值://*[@id="amtDetail"]/div/div[3]/div/button[1]
2019-07-26 11:16:11,128 find_element.py--> get_element 20: INFO ----->定位方式:xpath--->定位值://*[@id="receiptModel"]/div/div/div[2]/button
2019-07-26 11:16:12,246 find_element.py--> get_element 20: INFO ----->定位方式:id--->定位值:deliveryClose
2019-07-26 11:16:13,378 find_element.py--> get_element 20: INFO ----->定位方式:name--->定位值:customerPhoneNo
2019-07-26 11:16:13,548 find_element.py--> get_element 20: INFO ----->定位方式:id--->定位值:btnSearch
2019-07-26 11:16:14,662 find_element.py--> get_element 20: INFO ----->定位方式:xpath--->定位值://*[@id="orders"]/tbody/tr[1]/td[1]
2019-07-26 11:16:14,761 find_element.py--> get_element 20: INFO ----->定位方式:id--->定位值:btn_shengchenghetong
2019-07-26 11:16:15,890 find_element.py--> get_element 20: INFO ----->定位方式:id--->定位值:hsSignBody
2019-07-26 11:16:16,097 find_element.py--> get_element 20: INFO ----->定位方式:xpath--->定位值://*[@id="hsSignBody"]/option[2]
2019-07-26 11:16:16,148 find_element.py--> get_element 20: INFO ----->定位方式:id--->定位值:makeContract
2019-07-26 11:16:16,249 find_element.py--> get_element 20: INFO ----->定位方式:id--->定位值:deliveryClose
2019-07-26 11:16:17,348 find_element.py--> get_element 20: INFO ----->定位方式:name--->定位值:customerPhoneNo
2019-07-26 11:16:17,555 find_element.py--> get_element 20: INFO ----->定位方式:id--->定位值:btnSearch
2019-07-26 11:16:18,686 find_element.py--> get_element 20: INFO ----->定位方式:xpath--->定位值://*[@id="orders"]/tbody/tr[1]/td[1]
2019-07-26 11:16:18,783 find_element.py--> get_element 20: INFO ----->定位方式:id--->定位值:btn_shangchuanhetong
2019-07-26 11:16:19,797 find_element.py--> get_element 20: INFO ----->定位方式:xpath--->定位值://*[@id="file"]/div/table/tbody/tr[1]/td[3]/input
2019-07-26 11:16:20,921 find_element.py--> get_element 20: INFO ----->定位方式:id--->定位值:yx-upload-check
2019-07-26 11:16:24,242 find_element.py--> get_element 20: INFO ----->定位方式:id--->定位值:yx-upload-sub
2019-07-26 11:16:24,343 find_element.py--> get_element 20: INFO ----->定位方式:xpath--->定位值://*[@id="cusUpdateModal"]/div/div/div[3]/button
2019-07-26 11:16:25,446 find_element.py--> get_element 20: INFO ----->定位方式:xpath--->定位值://*[@id="file"]/div/table/tbody/tr[2]/td[3]/input
2019-07-26 11:16:26,541 find_element.py--> get_element 20: INFO ----->定位方式:id--->定位值:yx-upload-check
2019-07-26 11:16:29,816 find_element.py--> get_element 20: INFO ----->定位方式:id--->定位值:yx-upload-sub
2019-07-26 11:16:29,896 find_element.py--> get_element 20: INFO ----->定位方式:xpath--->定位值://*[@id="cusUpdateModal"]/div/div/div[3]/button
2019-07-26 11:16:30,991 find_element.py--> get_element 20: INFO ----->定位方式:id--->定位值:yxHsContractApply
2019-07-26 11:16:32,086 find_element.py--> get_element 20: INFO ----->定位方式:id--->定位值:basicModalBtnNegative
2019-07-26 11:16:33,227 find_element.py--> get_element 20: INFO ----->定位方式:name--->定位值:customerPhoneNo
2019-07-26 11:16:33,428 find_element.py--> get_element 20: INFO ----->定位方式:id--->定位值:btnSearch
2019-07-26 11:16:34,792 find_element.py--> get_element 20: INFO ----->定位方式:xpath--->定位值://*[@id="orders"]/tbody/tr[1]/td[1]
2019-07-26 11:16:34,897 find_element.py--> get_element 20: INFO ----->定位方式:id--->定位值:btn_shenhehetong
2019-07-26 11:16:36,334 find_element.py--> get_element 20: INFO ----->定位方式:id--->定位值:hsShopInsuranceNNull
2019-07-26 11:16:40,069 find_element.py--> get_element 20: INFO ----->定位方式:id--->定位值:yxHsContractApply
2019-07-26 11:16:41,226 find_element.py--> get_element 20: INFO ----->定位方式:id--->定位值:basicModalBtnNegative
2019-07-26 11:16:42,261 find_element.py--> get_element 20: INFO ----->定位方式:name--->定位值:customerPhoneNo
2019-07-26 11:16:42,566 find_element.py--> get_element 20: INFO ----->定位方式:id--->定位值:btnSearch
2019-07-26 11:16:43,907 find_element.py--> get_element 20: INFO ----->定位方式:xpath--->定位值://*[@id="orders"]/tbody/tr[1]/td[1]
2019-07-26 11:16:44,002 find_element.py--> get_element 20: INFO ----->定位方式:id--->定位值:btn_yudingcheliang
