2019-06-18 16:28:03,768 login_handle.py--> send_username 20: INFO ----->输入用户名是：ccadmin
2019-06-18 16:28:03,770 find_element.py--> get_element 20: INFO ----->定位方式:id--->定位值:loginId
2019-06-18 16:28:03,892 login_handle.py--> send_password 20: INFO ----->输入密码是：123qwe
2019-06-18 16:28:03,894 find_element.py--> get_element 20: INFO ----->定位方式:id--->定位值:password
2019-06-18 16:28:03,991 find_element.py--> get_element 20: INFO ----->定位方式:className--->定位值:login-submit
2019-06-18 16:28:05,558 find_element.py--> get_element 20: INFO ----->定位方式:id--->定位值:910000
2019-06-18 16:28:06,661 find_element.py--> get_element 20: INFO ----->定位方式:id--->定位值:15000000
2019-06-18 16:28:07,774 find_element.py--> get_element 20: INFO ----->定位方式:xpath--->定位值://*[@id="15080000"]
2019-06-18 16:28:07,880 find_element.py--> get_element 20: INFO ----->定位方式:id--->定位值:15080100
2019-06-18 16:28:10,299 find_element.py--> get_element 20: INFO ----->定位方式:xpath--->定位值://*[@id="btn_xinzeng"]
2019-06-18 16:28:11,660 order_info_handle.py--> send_userinfo 20: INFO ----->输入的手机号：18695393031
2019-06-18 16:28:11,662 find_element.py--> get_element 20: INFO ----->定位方式:id--->定位值:phoneNo
2019-06-18 16:28:13,192 find_element.py--> get_element 20: INFO ----->定位方式:id--->定位值:queryMobile
2019-06-18 16:28:14,357 order_info_handle.py--> send_userinfo 20: INFO ----->输入的身份证号：110111198812314733
2019-06-18 16:28:14,358 find_element.py--> get_element 20: INFO ----->定位方式:id--->定位值:idNumber
2019-06-18 16:28:16,206 find_element.py--> get_element 20: INFO ----->定位方式:xpath--->定位值://*[@id="vehicleModel"]/div/div[1]/div[1]/div/div/button/span[1]
2019-06-18 16:28:16,336 find_element.py--> get_element 20: INFO ----->定位方式:xpath--->定位值://*[@id="vehicleModel"]/div/div[1]/div[1]/div/div/div/ul/li[2]/a/span[1]
2019-06-18 16:28:16,597 find_element.py--> get_element 20: INFO ----->定位方式:id--->定位值:vin
2019-06-18 16:28:17,068 find_element.py--> get_element 20: INFO ----->定位方式:id--->定位值:queryVin
2019-06-18 16:28:17,320 find_element.py--> get_element 20: INFO ----->定位方式:id--->定位值:baseDisplacement
2019-06-18 16:29:54,737 login_handle.py--> send_username 20: INFO ----->输入用户名是：ccadmin
2019-06-18 16:29:54,740 find_element.py--> get_element 20: INFO ----->定位方式:id--->定位值:loginId
2019-06-18 16:29:54,869 login_handle.py--> send_password 20: INFO ----->输入密码是：123qwe
2019-06-18 16:29:54,871 find_element.py--> get_element 20: INFO ----->定位方式:id--->定位值:password
2019-06-18 16:29:54,955 find_element.py--> get_element 20: INFO ----->定位方式:className--->定位值:login-submit
2019-06-18 16:29:57,646 find_element.py--> get_element 20: INFO ----->定位方式:id--->定位值:910000
2019-06-18 16:29:58,725 find_element.py--> get_element 20: INFO ----->定位方式:id--->定位值:15000000
2019-06-18 16:29:59,811 find_element.py--> get_element 20: INFO ----->定位方式:xpath--->定位值://*[@id="15080000"]
2019-06-18 16:29:59,879 find_element.py--> get_element 20: INFO ----->定位方式:id--->定位值:15080100
2019-06-18 16:30:02,374 find_element.py--> get_element 20: INFO ----->定位方式:xpath--->定位值://*[@id="btn_xinzeng"]
2019-06-18 16:30:03,840 order_info_handle.py--> send_userinfo 20: INFO ----->输入的手机号：18649460387
2019-06-18 16:30:03,843 find_element.py--> get_element 20: INFO ----->定位方式:id--->定位值:phoneNo
2019-06-18 16:30:05,094 find_element.py--> get_element 20: INFO ----->定位方式:id--->定位值:queryMobile
2019-06-18 16:30:06,228 order_info_handle.py--> send_userinfo 20: INFO ----->输入的身份证号：362421197502282927
2019-06-18 16:30:06,230 find_element.py--> get_element 20: INFO ----->定位方式:id--->定位值:idNumber
2019-06-18 16:30:08,010 find_element.py--> get_element 20: INFO ----->定位方式:xpath--->定位值://*[@id="vehicleModel"]/div/div[1]/div[1]/div/div/button/span[1]
2019-06-18 16:30:08,163 find_element.py--> get_element 20: INFO ----->定位方式:xpath--->定位值://*[@id="vehicleModel"]/div/div[1]/div[1]/div/div/div/ul/li[2]/a/span[1]
2019-06-18 16:30:08,415 find_element.py--> get_element 20: INFO ----->定位方式:id--->定位值:vin
2019-06-18 16:30:08,852 find_element.py--> get_element 20: INFO ----->定位方式:id--->定位值:queryVin
2019-06-18 16:30:09,294 find_element.py--> get_element 20: INFO ----->定位方式:id--->定位值:baseDisplacement
2019-06-18 16:30:09,632 find_element.py--> get_element 20: INFO ----->定位方式:id--->定位值:baseSeating
2019-06-18 16:30:09,755 find_element.py--> get_element 20: INFO ----->定位方式:id--->定位值:purchaseAmount
2019-06-18 16:30:09,981 find_element.py--> get_element 20: INFO ----->定位方式:id--->定位值:guidePrice
2019-06-18 16:30:10,037 find_element.py--> get_element 20: INFO ----->定位方式:id--->定位值:guidePrice
2019-06-18 16:30:10,295 find_element.py--> get_element 20: INFO ----->定位方式:id--->定位值:salePrice
2019-06-18 16:30:10,659 order_info_business.py--> car_price 20: INFO ----->定金金额：3500
2019-06-18 16:30:10,662 find_element.py--> get_element 20: INFO ----->定位方式:id--->定位值:preLicenseProvince
2019-06-18 16:30:10,837 find_element.py--> get_element 20: INFO ----->定位方式:xpath--->定位值://*[@id="preLicenseProvince"]/option[20]
2019-06-18 16:30:10,941 find_element.py--> get_element 20: INFO ----->定位方式:id--->定位值:preLicenseCity
2019-06-18 16:30:11,109 find_element.py--> get_element 20: INFO ----->定位方式:xpath--->定位值://*[@id="preLicenseCity"]/option[2]
2019-06-18 16:30:11,210 find_element.py--> get_element 20: INFO ----->定位方式:id--->定位值:preLicenseSotre
2019-06-18 16:30:11,376 find_element.py--> get_element 20: INFO ----->定位方式:xpath--->定位值://*[@id="preLicenseSotre"]/option[2]
2019-06-18 16:30:11,493 find_element.py--> get_element 20: INFO ----->定位方式:id--->定位值:channelTypeGH
2019-06-18 16:30:11,657 find_element.py--> get_element 20: INFO ----->定位方式:id--->定位值:realNameSystemYNull
2019-06-18 16:30:11,817 find_element.py--> get_element 20: INFO ----->定位方式:id--->定位值:shopInsuranceYNull
2019-06-18 16:30:11,982 find_element.py--> get_element 20: INFO ----->定位方式:id--->定位值:firstYearVehicleAndVesselTax
2019-06-18 16:30:12,105 find_element.py--> get_element 20: INFO ----->定位方式:id--->定位值:firstYearSali
2019-06-18 16:30:12,216 find_element.py--> get_element 20: INFO ----->定位方式:id--->定位值:firstCommercialTheft
2019-06-18 16:30:12,346 find_element.py--> get_element 20: INFO ----->定位方式:id--->定位值:advancePremiumAmt
2019-06-18 16:30:12,494 find_element.py--> get_element 20: INFO ----->定位方式:id--->定位值:termCount
2019-06-18 16:30:12,686 find_element.py--> get_element 20: INFO ----->定位方式:id--->定位值:monthlyRent
2019-06-18 16:30:12,922 find_element.py--> get_element 20: INFO ----->定位方式:id--->定位值:cusInterestRates
2019-06-18 16:30:13,031 find_element.py--> get_element 20: INFO ----->定位方式:id--->定位值:purchaseTax
2019-06-18 16:30:13,096 find_element.py--> get_element 20: INFO ----->定位方式:id--->定位值:gpsFee
2019-06-18 16:30:13,281 find_element.py--> get_element 20: INFO ----->定位方式:id--->定位值:accountMaintenanceFee
2019-06-18 16:30:13,483 find_element.py--> get_element 20: INFO ----->定位方式:id--->定位值:yxDownPaymentAmt
2019-06-18 16:30:13,711 find_element.py--> get_element 20: INFO ----->定位方式:id--->定位值:yxRiskFinancingAmt
2019-06-18 16:30:13,908 find_element.py--> get_element 20: INFO ----->定位方式:id--->定位值:yxRiskControlFinancingAmt
2019-06-18 16:30:14,155 find_element.py--> get_element 20: INFO ----->定位方式:id--->定位值:hsServiceFee
2019-06-18 16:30:14,355 find_element.py--> get_element 20: INFO ----->定位方式:id--->定位值:licenseFee
2019-06-18 16:30:14,606 find_element.py--> get_element 20: INFO ----->定位方式:id--->定位值:mortgageFee
2019-06-18 16:30:14,843 find_element.py--> get_element 20: INFO ----->定位方式:id--->定位值:totalDownPaymentOtherAmt
2019-06-18 16:30:14,986 find_element.py--> get_element 20: INFO ----->定位方式:id--->定位值:remarkId
2019-06-18 16:30:15,545 find_element.py--> get_element 20: INFO ----->定位方式:xpath--->定位值://*[@id="fanancingInfoHs"]/div/div[2]/div[1]/div/div/button/span[1]
2019-06-18 16:30:15,665 find_element.py--> get_element 20: INFO ----->定位方式:xpath--->定位值://*[@id="fanancingInfoHs"]/div/div[2]/div[1]/div/div/div/ul/li[2]/a/span[1]
2019-06-18 16:30:15,843 find_element.py--> get_element 20: INFO ----->定位方式:id--->定位值:yxOrderNo
2019-06-18 16:30:16,459 find_element.py--> get_element 20: INFO ----->定位方式:xpath--->定位值://*[@id="yxAuditFile"]/div/table/tbody/tr[1]/td[3]/input
2019-06-18 16:30:17,617 find_element.py--> get_element 20: INFO ----->定位方式:xpath--->定位值://*[@id="yx-upload-check"]
2019-06-18 16:30:20,214 find_element.py--> get_element 20: INFO ----->定位方式:xpath--->定位值://*[@id="yx-upload-sub"]
2019-06-18 16:30:21,083 find_element.py--> get_element 20: INFO ----->定位方式:xpath--->定位值://*[@id="cusUpdateModal"]/div/div/div[3]/button
2019-06-18 16:30:22,326 find_element.py--> get_element 20: INFO ----->定位方式:xpath--->定位值://*[@id="yxAuditFile"]/div/table/tbody/tr[2]/td[3]/input
2019-06-18 16:30:23,487 find_element.py--> get_element 20: INFO ----->定位方式:xpath--->定位值://*[@id="yx-upload-check"]
2019-06-18 16:30:26,884 find_element.py--> get_element 20: INFO ----->定位方式:xpath--->定位值://*[@id="yx-upload-check"]
2019-06-18 16:30:29,239 find_element.py--> get_element 20: INFO ----->定位方式:xpath--->定位值://*[@id="yx-upload-sub"]
2019-06-18 16:30:29,476 find_element.py--> get_element 20: INFO ----->定位方式:xpath--->定位值://*[@id="cusUpdateModal"]/div/div/div[3]/button
2019-06-18 16:30:30,650 find_element.py--> get_element 20: INFO ----->定位方式:id--->定位值:basicTempSave
2019-06-18 16:30:32,464 find_element.py--> get_element 20: INFO ----->定位方式:id--->定位值:basicModalBtnNegative
2019-06-18 16:30:33,593 find_element.py--> get_element 20: INFO ----->定位方式:id--->定位值:basicSubmit
2019-06-18 16:30:36,082 find_element.py--> get_element 20: INFO ----->定位方式:id--->定位值:basicModalBtnNegative
2019-06-18 16:30:37,620 find_element.py--> get_element 20: INFO ----->定位方式:name--->定位值:customerPhoneNo
2019-06-18 16:30:37,927 find_element.py--> get_element 20: INFO ----->定位方式:id--->定位值:btnSearch
2019-06-18 16:30:39,088 find_element.py--> get_element 20: INFO ----->定位方式:xpath--->定位值://*[@id="orders"]/tbody/tr[1]/td[1]
2019-06-18 16:30:39,221 find_element.py--> get_element 20: INFO ----->定位方式:id--->定位值:btn_shenhedingdan
2019-06-18 16:30:44,785 find_element.py--> get_element 20: INFO ----->定位方式:id--->定位值:basicSubmit
2019-06-18 16:30:46,124 find_element.py--> get_element 20: INFO ----->定位方式:id--->定位值:basicModalBtnNegative
2019-06-18 16:30:47,784 find_element.py--> get_element 20: INFO ----->定位方式:name--->定位值:customerPhoneNo
2019-06-18 16:30:48,008 find_element.py--> get_element 20: INFO ----->定位方式:id--->定位值:btnSearch
2019-06-18 16:30:49,338 find_element.py--> get_element 20: INFO ----->定位方式:xpath--->定位值://*[@id="orders"]/tbody/tr[1]/td[1]
2019-06-18 16:30:50,148 find_element.py--> get_element 20: INFO ----->定位方式:id--->定位值:btn_xiaoshoujiesuan
2019-06-18 16:30:51,483 find_element.py--> get_element 20: INFO ----->定位方式:xpath--->定位值://*[@id="amtDetail"]/div/div[3]/div/button[1]
2019-06-18 16:30:52,660 find_element.py--> get_element 20: INFO ----->定位方式:xpath--->定位值://*[@id="receiptModel"]/div/div/div[2]/button
2019-06-18 16:30:53,761 find_element.py--> get_element 20: INFO ----->定位方式:id--->定位值:deliveryClose
2019-06-18 16:30:55,049 find_element.py--> get_element 20: INFO ----->定位方式:name--->定位值:customerPhoneNo
2019-06-18 16:30:55,245 find_element.py--> get_element 20: INFO ----->定位方式:id--->定位值:btnSearch
2019-06-18 16:30:56,561 find_element.py--> get_element 20: INFO ----->定位方式:xpath--->定位值://*[@id="orders"]/tbody/tr[1]/td[1]
2019-06-18 16:30:56,658 find_element.py--> get_element 20: INFO ----->定位方式:id--->定位值:btn_shengchenghetong
2019-06-18 16:32:01,039 login_handle.py--> send_username 20: INFO ----->输入用户名是：ccadmin
2019-06-18 16:32:01,043 find_element.py--> get_element 20: INFO ----->定位方式:id--->定位值:loginId
2019-06-18 16:32:01,150 login_handle.py--> send_password 20: INFO ----->输入密码是：123qwe
2019-06-18 16:32:01,152 find_element.py--> get_element 20: INFO ----->定位方式:id--->定位值:password
2019-06-18 16:32:01,233 find_element.py--> get_element 20: INFO ----->定位方式:className--->定位值:login-submit
2019-06-18 16:32:02,781 find_element.py--> get_element 20: INFO ----->定位方式:id--->定位值:910000
2019-06-18 16:32:03,862 find_element.py--> get_element 20: INFO ----->定位方式:id--->定位值:15000000
2019-06-18 16:32:04,945 find_element.py--> get_element 20: INFO ----->定位方式:xpath--->定位值://*[@id="15080000"]
2019-06-18 16:32:05,043 find_element.py--> get_element 20: INFO ----->定位方式:id--->定位值:15080100
2019-06-18 16:32:07,487 find_element.py--> get_element 20: INFO ----->定位方式:xpath--->定位值://*[@id="btn_xinzeng"]
2019-06-18 16:32:08,830 order_info_handle.py--> send_userinfo 20: INFO ----->输入的手机号：18656145602
2019-06-18 16:32:08,833 find_element.py--> get_element 20: INFO ----->定位方式:id--->定位值:phoneNo
2019-06-18 16:32:10,027 find_element.py--> get_element 20: INFO ----->定位方式:id--->定位值:queryMobile
2019-06-18 16:32:11,176 order_info_handle.py--> send_userinfo 20: INFO ----->输入的身份证号：110109195404260041
2019-06-18 16:32:11,177 find_element.py--> get_element 20: INFO ----->定位方式:id--->定位值:idNumber
2019-06-18 16:32:12,978 find_element.py--> get_element 20: INFO ----->定位方式:xpath--->定位值://*[@id="vehicleModel"]/div/div[1]/div[1]/div/div/button/span[1]
2019-06-18 16:32:13,116 find_element.py--> get_element 20: INFO ----->定位方式:xpath--->定位值://*[@id="vehicleModel"]/div/div[1]/div[1]/div/div/div/ul/li[2]/a/span[1]
2019-06-18 16:32:13,365 find_element.py--> get_element 20: INFO ----->定位方式:id--->定位值:vin
2019-06-18 16:32:13,835 find_element.py--> get_element 20: INFO ----->定位方式:id--->定位值:queryVin
2019-06-18 16:32:14,114 find_element.py--> get_element 20: INFO ----->定位方式:id--->定位值:baseDisplacement
2019-06-18 16:32:14,468 find_element.py--> get_element 20: INFO ----->定位方式:id--->定位值:baseSeating
2019-06-18 16:32:14,587 find_element.py--> get_element 20: INFO ----->定位方式:id--->定位值:purchaseAmount
2019-06-18 16:32:14,759 find_element.py--> get_element 20: INFO ----->定位方式:id--->定位值:guidePrice
2019-06-18 16:32:14,812 find_element.py--> get_element 20: INFO ----->定位方式:id--->定位值:guidePrice
2019-06-18 16:32:15,069 find_element.py--> get_element 20: INFO ----->定位方式:id--->定位值:salePrice
2019-06-18 16:32:15,407 order_info_business.py--> car_price 20: INFO ----->定金金额：3500
2019-06-18 16:32:15,409 find_element.py--> get_element 20: INFO ----->定位方式:id--->定位值:preLicenseProvince
2019-06-18 16:32:15,561 find_element.py--> get_element 20: INFO ----->定位方式:xpath--->定位值://*[@id="preLicenseProvince"]/option[20]
2019-06-18 16:32:15,655 find_element.py--> get_element 20: INFO ----->定位方式:id--->定位值:preLicenseCity
2019-06-18 16:32:15,845 find_element.py--> get_element 20: INFO ----->定位方式:xpath--->定位值://*[@id="preLicenseCity"]/option[2]
2019-06-18 16:32:15,946 find_element.py--> get_element 20: INFO ----->定位方式:id--->定位值:preLicenseSotre
2019-06-18 16:32:16,094 find_element.py--> get_element 20: INFO ----->定位方式:xpath--->定位值://*[@id="preLicenseSotre"]/option[2]
2019-06-18 16:32:16,172 find_element.py--> get_element 20: INFO ----->定位方式:id--->定位值:channelTypeGH
2019-06-18 16:32:16,346 find_element.py--> get_element 20: INFO ----->定位方式:id--->定位值:realNameSystemYNull
2019-06-18 16:32:16,516 find_element.py--> get_element 20: INFO ----->定位方式:id--->定位值:shopInsuranceYNull
2019-06-18 16:32:16,666 find_element.py--> get_element 20: INFO ----->定位方式:id--->定位值:firstYearVehicleAndVesselTax
2019-06-18 16:32:16,787 find_element.py--> get_element 20: INFO ----->定位方式:id--->定位值:firstYearSali
2019-06-18 16:32:16,901 find_element.py--> get_element 20: INFO ----->定位方式:id--->定位值:firstCommercialTheft
2019-06-18 16:32:17,026 find_element.py--> get_element 20: INFO ----->定位方式:id--->定位值:advancePremiumAmt
2019-06-18 16:32:17,165 find_element.py--> get_element 20: INFO ----->定位方式:id--->定位值:termCount
2019-06-18 16:32:17,334 find_element.py--> get_element 20: INFO ----->定位方式:id--->定位值:monthlyRent
2019-06-18 16:32:17,591 find_element.py--> get_element 20: INFO ----->定位方式:id--->定位值:cusInterestRates
2019-06-18 16:32:17,691 find_element.py--> get_element 20: INFO ----->定位方式:id--->定位值:purchaseTax
2019-06-18 16:32:17,754 find_element.py--> get_element 20: INFO ----->定位方式:id--->定位值:gpsFee
2019-06-18 16:32:17,936 find_element.py--> get_element 20: INFO ----->定位方式:id--->定位值:accountMaintenanceFee
2019-06-18 16:32:18,157 find_element.py--> get_element 20: INFO ----->定位方式:id--->定位值:yxDownPaymentAmt
2019-06-18 16:32:18,375 find_element.py--> get_element 20: INFO ----->定位方式:id--->定位值:yxRiskFinancingAmt
2019-06-18 16:32:18,565 find_element.py--> get_element 20: INFO ----->定位方式:id--->定位值:yxRiskControlFinancingAmt
2019-06-18 16:32:18,748 find_element.py--> get_element 20: INFO ----->定位方式:id--->定位值:hsServiceFee
2019-06-18 16:32:18,993 find_element.py--> get_element 20: INFO ----->定位方式:id--->定位值:licenseFee
2019-06-18 16:32:19,204 find_element.py--> get_element 20: INFO ----->定位方式:id--->定位值:mortgageFee
2019-06-18 16:32:19,381 find_element.py--> get_element 20: INFO ----->定位方式:id--->定位值:totalDownPaymentOtherAmt
2019-06-18 16:32:19,509 find_element.py--> get_element 20: INFO ----->定位方式:id--->定位值:remarkId
2019-06-18 16:32:20,062 find_element.py--> get_element 20: INFO ----->定位方式:xpath--->定位值://*[@id="fanancingInfoHs"]/div/div[2]/div[1]/div/div/button/span[1]
2019-06-18 16:32:20,212 find_element.py--> get_element 20: INFO ----->定位方式:xpath--->定位值://*[@id="fanancingInfoHs"]/div/div[2]/div[1]/div/div/div/ul/li[2]/a/span[1]
2019-06-18 16:32:20,416 find_element.py--> get_element 20: INFO ----->定位方式:id--->定位值:yxOrderNo
2019-06-18 16:32:20,976 find_element.py--> get_element 20: INFO ----->定位方式:xpath--->定位值://*[@id="yxAuditFile"]/div/table/tbody/tr[1]/td[3]/input
2019-06-18 16:32:22,137 find_element.py--> get_element 20: INFO ----->定位方式:xpath--->定位值://*[@id="yx-upload-check"]
2019-06-18 16:32:24,645 find_element.py--> get_element 20: INFO ----->定位方式:xpath--->定位值://*[@id="yx-upload-sub"]
2019-06-18 16:32:24,893 find_element.py--> get_element 20: INFO ----->定位方式:xpath--->定位值://*[@id="cusUpdateModal"]/div/div/div[3]/button
2019-06-18 16:32:26,056 find_element.py--> get_element 20: INFO ----->定位方式:xpath--->定位值://*[@id="yxAuditFile"]/div/table/tbody/tr[2]/td[3]/input
2019-06-18 16:32:27,189 find_element.py--> get_element 20: INFO ----->定位方式:xpath--->定位值://*[@id="yx-upload-check"]
2019-06-18 16:32:30,651 find_element.py--> get_element 20: INFO ----->定位方式:xpath--->定位值://*[@id="yx-upload-check"]
2019-06-18 16:32:33,126 find_element.py--> get_element 20: INFO ----->定位方式:xpath--->定位值://*[@id="yx-upload-sub"]
2019-06-18 16:32:33,313 find_element.py--> get_element 20: INFO ----->定位方式:xpath--->定位值://*[@id="cusUpdateModal"]/div/div/div[3]/button
2019-06-18 16:32:34,416 find_element.py--> get_element 20: INFO ----->定位方式:id--->定位值:basicTempSave
2019-06-18 16:32:36,041 find_element.py--> get_element 20: INFO ----->定位方式:id--->定位值:basicModalBtnNegative
2019-06-18 16:32:37,148 find_element.py--> get_element 20: INFO ----->定位方式:id--->定位值:basicSubmit
2019-06-18 16:32:39,210 find_element.py--> get_element 20: INFO ----->定位方式:id--->定位值:basicModalBtnNegative
2019-06-18 16:32:40,439 find_element.py--> get_element 20: INFO ----->定位方式:name--->定位值:customerPhoneNo
2019-06-18 16:32:40,718 find_element.py--> get_element 20: INFO ----->定位方式:id--->定位值:btnSearch
2019-06-18 16:32:42,063 find_element.py--> get_element 20: INFO ----->定位方式:xpath--->定位值://*[@id="orders"]/tbody/tr[1]/td[1]
2019-06-18 16:32:42,171 find_element.py--> get_element 20: INFO ----->定位方式:id--->定位值:btn_shenhedingdan
2019-06-18 16:32:47,683 find_element.py--> get_element 20: INFO ----->定位方式:id--->定位值:basicSubmit
2019-06-18 16:32:48,932 find_element.py--> get_element 20: INFO ----->定位方式:id--->定位值:basicModalBtnNegative
2019-06-18 16:32:50,189 find_element.py--> get_element 20: INFO ----->定位方式:name--->定位值:customerPhoneNo
2019-06-18 16:32:50,423 find_element.py--> get_element 20: INFO ----->定位方式:id--->定位值:btnSearch
2019-06-18 16:32:51,824 find_element.py--> get_element 20: INFO ----->定位方式:xpath--->定位值://*[@id="orders"]/tbody/tr[1]/td[1]
2019-06-18 16:32:52,545 find_element.py--> get_element 20: INFO ----->定位方式:id--->定位值:btn_xiaoshoujiesuan
2019-06-18 16:32:53,784 find_element.py--> get_element 20: INFO ----->定位方式:xpath--->定位值://*[@id="amtDetail"]/div/div[3]/div/button[1]
2019-06-18 16:32:54,959 find_element.py--> get_element 20: INFO ----->定位方式:xpath--->定位值://*[@id="receiptModel"]/div/div/div[2]/button
2019-06-18 16:32:56,074 find_element.py--> get_element 20: INFO ----->定位方式:id--->定位值:deliveryClose
2019-06-18 16:32:57,281 find_element.py--> get_element 20: INFO ----->定位方式:name--->定位值:customerPhoneNo
2019-06-18 16:32:57,477 find_element.py--> get_element 20: INFO ----->定位方式:id--->定位值:btnSearch
2019-06-18 16:32:58,798 find_element.py--> get_element 20: INFO ----->定位方式:xpath--->定位值://*[@id="orders"]/tbody/tr[1]/td[1]
2019-06-18 16:32:58,902 find_element.py--> get_element 20: INFO ----->定位方式:id--->定位值:btn_shengchenghetong
