2019-06-20 10:32:40,392 login_handle.py--> send_username 20: INFO ----->输入用户名是：ccadmin
2019-06-20 10:32:40,394 find_element.py--> get_element 20: INFO ----->定位方式:id--->定位值:loginId
2019-06-20 10:32:40,509 login_handle.py--> send_password 20: INFO ----->输入密码是：123qwe
2019-06-20 10:32:40,512 find_element.py--> get_element 20: INFO ----->定位方式:id--->定位值:password
2019-06-20 10:32:40,597 find_element.py--> get_element 20: INFO ----->定位方式:className--->定位值:login-submit
2019-06-20 10:32:42,256 find_element.py--> get_element 20: INFO ----->定位方式:id--->定位值:910000
2019-06-20 10:32:43,330 find_element.py--> get_element 20: INFO ----->定位方式:id--->定位值:15000000
2019-06-20 10:32:44,410 find_element.py--> get_element 20: INFO ----->定位方式:xpath--->定位值://*[@id="15080000"]
2019-06-20 10:32:44,478 find_element.py--> get_element 20: INFO ----->定位方式:id--->定位值:15080100
2019-06-20 10:32:48,130 find_element.py--> get_element 20: INFO ----->定位方式:xpath--->定位值://*[@id="btn_xinzeng"]
2019-06-20 10:32:49,855 order_info_handle.py--> send_userinfo 20: INFO ----->输入的手机号：18614461405
2019-06-20 10:32:49,857 find_element.py--> get_element 20: INFO ----->定位方式:id--->定位值:phoneNo
2019-06-20 10:32:50,913 find_element.py--> get_element 20: INFO ----->定位方式:id--->定位值:queryMobile
2019-06-20 10:32:52,071 order_info_handle.py--> send_userinfo 20: INFO ----->输入的身份证号：362429199303177684
2019-06-20 10:32:52,072 find_element.py--> get_element 20: INFO ----->定位方式:id--->定位值:idNumber
2019-06-20 10:32:53,855 find_element.py--> get_element 20: INFO ----->定位方式:xpath--->定位值://*[@id="vehicleModel"]/div/div[1]/div[1]/div/div/button/span[1]
2019-06-20 10:32:53,981 find_element.py--> get_element 20: INFO ----->定位方式:xpath--->定位值://*[@id="vehicleModel"]/div/div[1]/div[1]/div/div/div/ul/li[3]/a/span[1]
2019-06-20 10:32:54,172 find_element.py--> get_element 20: INFO ----->定位方式:id--->定位值:purchaseAmount
2019-06-20 10:32:54,255 find_element.py--> get_element 20: INFO ----->定位方式:xpath--->定位值://*[@id="vehicleModel"]/div/div[1]/div[3]/div/div/button/span[1]
2019-06-20 10:32:54,510 find_element.py--> get_element 20: INFO ----->定位方式:xpath--->定位值://*[@id="vehicleModel"]/div/div[1]/div[3]/div/div/div/ul/li[121]/a
2019-06-20 10:32:54,660 find_element.py--> get_element 20: INFO ----->定位方式:xpath--->定位值://*[@id="vehicleModel"]/div/div[2]/div[1]/div/div/button/span[1]
2019-06-20 10:32:54,838 find_element.py--> get_element 20: INFO ----->定位方式:xpath--->定位值://*[@id="vehicleModel"]/div/div[2]/div[1]/div/div/div/ul/li[27]/a
2019-06-20 10:32:55,004 find_element.py--> get_element 20: INFO ----->定位方式:xpath--->定位值://*[@id="vehicleModel"]/div/div[2]/div[2]/div/div/button/span[1]
2019-06-20 10:32:55,314 find_element.py--> get_element 20: INFO ----->定位方式:xpath--->定位值://*[@id="vehicleModel"]/div/div[2]/div[2]/div/div/div/ul/li[3]/a/span[1]
2019-06-20 10:32:55,519 find_element.py--> get_element 20: INFO ----->定位方式:xpath--->定位值://*[@id="vehicleModel"]/div/div[1]/div[4]/div/div/button/span[1]
2019-06-20 10:32:55,720 find_element.py--> get_element 20: INFO ----->定位方式:xpath--->定位值://*[@id="vehicleModel"]/div/div[1]/div[4]/div/div/div/ul/li[2]/a
2019-06-20 10:32:55,860 find_element.py--> get_element 20: INFO ----->定位方式:id--->定位值:guidePrice
2019-06-20 10:32:55,909 find_element.py--> get_element 20: INFO ----->定位方式:id--->定位值:guidePrice
2019-06-20 10:32:56,149 find_element.py--> get_element 20: INFO ----->定位方式:id--->定位值:salePrice
2019-06-20 10:32:56,439 order_info_business.py--> car_price 20: INFO ----->定金金额：3500
2019-06-20 10:32:56,441 find_element.py--> get_element 20: INFO ----->定位方式:id--->定位值:preLicenseProvince
2019-06-20 10:32:56,621 find_element.py--> get_element 20: INFO ----->定位方式:xpath--->定位值://*[@id="preLicenseProvince"]/option[20]
2019-06-20 10:32:56,704 find_element.py--> get_element 20: INFO ----->定位方式:id--->定位值:preLicenseCity
2019-06-20 10:32:56,855 find_element.py--> get_element 20: INFO ----->定位方式:xpath--->定位值://*[@id="preLicenseCity"]/option[2]
2019-06-20 10:32:56,939 find_element.py--> get_element 20: INFO ----->定位方式:id--->定位值:preLicenseSotre
2019-06-20 10:32:57,098 find_element.py--> get_element 20: INFO ----->定位方式:xpath--->定位值://*[@id="preLicenseSotre"]/option[2]
2019-06-20 10:32:57,125 find_element.py--> get_element 20: INFO ----->找不到定位元素
2019-06-20 10:33:25,332 login_handle.py--> send_username 20: INFO ----->输入用户名是：ccadmin
2019-06-20 10:33:25,334 find_element.py--> get_element 20: INFO ----->定位方式:id--->定位值:loginId
2019-06-20 10:33:25,431 login_handle.py--> send_password 20: INFO ----->输入密码是：123qwe
2019-06-20 10:33:25,433 find_element.py--> get_element 20: INFO ----->定位方式:id--->定位值:password
2019-06-20 10:33:25,491 find_element.py--> get_element 20: INFO ----->定位方式:className--->定位值:login-submit
2019-06-20 10:33:27,061 find_element.py--> get_element 20: INFO ----->定位方式:id--->定位值:910000
2019-06-20 10:33:28,132 find_element.py--> get_element 20: INFO ----->定位方式:id--->定位值:15000000
2019-06-20 10:33:29,204 find_element.py--> get_element 20: INFO ----->定位方式:xpath--->定位值://*[@id="15080000"]
2019-06-20 10:33:29,273 find_element.py--> get_element 20: INFO ----->定位方式:id--->定位值:15080100
2019-06-20 10:33:31,712 find_element.py--> get_element 20: INFO ----->定位方式:xpath--->定位值://*[@id="btn_xinzeng"]
2019-06-20 10:33:33,986 order_info_handle.py--> send_userinfo 20: INFO ----->输入的手机号：18615650248
2019-06-20 10:33:33,989 find_element.py--> get_element 20: INFO ----->定位方式:id--->定位值:phoneNo
2019-06-20 10:33:35,361 find_element.py--> get_element 20: INFO ----->定位方式:id--->定位值:queryMobile
2019-06-20 10:33:36,541 order_info_handle.py--> send_userinfo 20: INFO ----->输入的身份证号：110103195001316085
2019-06-20 10:33:36,542 find_element.py--> get_element 20: INFO ----->定位方式:id--->定位值:idNumber
2019-06-20 10:33:38,252 find_element.py--> get_element 20: INFO ----->定位方式:xpath--->定位值://*[@id="vehicleModel"]/div/div[1]/div[1]/div/div/button/span[1]
2019-06-20 10:33:38,377 find_element.py--> get_element 20: INFO ----->定位方式:xpath--->定位值://*[@id="vehicleModel"]/div/div[1]/div[1]/div/div/div/ul/li[3]/a/span[1]
2019-06-20 10:33:38,572 find_element.py--> get_element 20: INFO ----->定位方式:id--->定位值:purchaseAmount
2019-06-20 10:33:38,635 find_element.py--> get_element 20: INFO ----->定位方式:xpath--->定位值://*[@id="vehicleModel"]/div/div[1]/div[3]/div/div/button/span[1]
2019-06-20 10:33:38,872 find_element.py--> get_element 20: INFO ----->定位方式:xpath--->定位值://*[@id="vehicleModel"]/div/div[1]/div[3]/div/div/div/ul/li[121]/a
2019-06-20 10:33:39,063 find_element.py--> get_element 20: INFO ----->定位方式:xpath--->定位值://*[@id="vehicleModel"]/div/div[2]/div[1]/div/div/button/span[1]
2019-06-20 10:33:39,258 find_element.py--> get_element 20: INFO ----->定位方式:xpath--->定位值://*[@id="vehicleModel"]/div/div[2]/div[1]/div/div/div/ul/li[27]/a
2019-06-20 10:33:39,417 find_element.py--> get_element 20: INFO ----->定位方式:xpath--->定位值://*[@id="vehicleModel"]/div/div[2]/div[2]/div/div/button/span[1]
2019-06-20 10:33:39,627 find_element.py--> get_element 20: INFO ----->定位方式:xpath--->定位值://*[@id="vehicleModel"]/div/div[2]/div[2]/div/div/div/ul/li[3]/a/span[1]
2019-06-20 10:33:39,783 find_element.py--> get_element 20: INFO ----->定位方式:xpath--->定位值://*[@id="vehicleModel"]/div/div[1]/div[4]/div/div/button/span[1]
2019-06-20 10:33:39,906 find_element.py--> get_element 20: INFO ----->定位方式:xpath--->定位值://*[@id="vehicleModel"]/div/div[1]/div[4]/div/div/div/ul/li[2]/a
2019-06-20 10:33:40,042 find_element.py--> get_element 20: INFO ----->定位方式:id--->定位值:guidePrice
2019-06-20 10:33:40,108 find_element.py--> get_element 20: INFO ----->定位方式:id--->定位值:guidePrice
2019-06-20 10:33:40,356 find_element.py--> get_element 20: INFO ----->定位方式:id--->定位值:salePrice
2019-06-20 10:33:40,680 order_info_business.py--> car_price 20: INFO ----->定金金额：3500
2019-06-20 10:33:40,683 find_element.py--> get_element 20: INFO ----->定位方式:id--->定位值:preLicenseProvince
2019-06-20 10:33:40,836 find_element.py--> get_element 20: INFO ----->定位方式:xpath--->定位值://*[@id="preLicenseProvince"]/option[20]
2019-06-20 10:33:40,927 find_element.py--> get_element 20: INFO ----->定位方式:id--->定位值:preLicenseCity
2019-06-20 10:33:41,068 find_element.py--> get_element 20: INFO ----->定位方式:xpath--->定位值://*[@id="preLicenseCity"]/option[2]
2019-06-20 10:33:41,151 find_element.py--> get_element 20: INFO ----->定位方式:id--->定位值:preLicenseSotre
2019-06-20 10:33:41,287 find_element.py--> get_element 20: INFO ----->定位方式:xpath--->定位值://*[@id="preLicenseSotre"]/option[2]
2019-06-20 10:33:41,360 find_element.py--> get_element 20: INFO ----->定位方式:id--->定位值:channelTypeGH
2019-06-20 10:33:41,531 find_element.py--> get_element 20: INFO ----->定位方式:id--->定位值:realNameSystemYNull
2019-06-20 10:33:41,666 find_element.py--> get_element 20: INFO ----->定位方式:id--->定位值:shopInsuranceYNull
2019-06-20 10:33:41,807 find_element.py--> get_element 20: INFO ----->定位方式:id--->定位值:firstYearVehicleAndVesselTax
2019-06-20 10:33:41,906 find_element.py--> get_element 20: INFO ----->定位方式:id--->定位值:firstYearSali
2019-06-20 10:33:42,010 find_element.py--> get_element 20: INFO ----->定位方式:id--->定位值:firstCommercialTheft
2019-06-20 10:33:42,111 find_element.py--> get_element 20: INFO ----->定位方式:id--->定位值:advancePremiumAmt
2019-06-20 10:33:42,237 find_element.py--> get_element 20: INFO ----->定位方式:id--->定位值:termCount
2019-06-20 10:33:42,382 find_element.py--> get_element 20: INFO ----->定位方式:id--->定位值:monthlyRent
2019-06-20 10:33:42,577 find_element.py--> get_element 20: INFO ----->定位方式:id--->定位值:cusInterestRates
2019-06-20 10:33:42,665 find_element.py--> get_element 20: INFO ----->定位方式:id--->定位值:purchaseTax
2019-06-20 10:33:42,851 find_element.py--> get_element 20: INFO ----->定位方式:id--->定位值:gpsFee
2019-06-20 10:33:43,013 find_element.py--> get_element 20: INFO ----->定位方式:id--->定位值:accountMaintenanceFee
2019-06-20 10:33:43,173 find_element.py--> get_element 20: INFO ----->定位方式:id--->定位值:yxDownPaymentAmt
2019-06-20 10:33:43,386 find_element.py--> get_element 20: INFO ----->定位方式:id--->定位值:yxRiskFinancingAmt
2019-06-20 10:33:43,565 find_element.py--> get_element 20: INFO ----->定位方式:id--->定位值:yxRiskControlFinancingAmt
2019-06-20 10:33:43,726 find_element.py--> get_element 20: INFO ----->定位方式:id--->定位值:hsServiceFee
2019-06-20 10:33:43,886 find_element.py--> get_element 20: INFO ----->定位方式:id--->定位值:licenseFee
2019-06-20 10:33:44,031 find_element.py--> get_element 20: INFO ----->定位方式:id--->定位值:mortgageFee
2019-06-20 10:33:44,215 find_element.py--> get_element 20: INFO ----->定位方式:id--->定位值:totalDownPaymentOtherAmt
2019-06-20 10:33:44,350 find_element.py--> get_element 20: INFO ----->定位方式:id--->定位值:remarkId
2019-06-20 10:33:44,834 find_element.py--> get_element 20: INFO ----->定位方式:xpath--->定位值://*[@id="fanancingInfoHs"]/div/div[2]/div[1]/div/div/button/span[1]
2019-06-20 10:33:44,953 find_element.py--> get_element 20: INFO ----->定位方式:xpath--->定位值://*[@id="fanancingInfoHs"]/div/div[2]/div[1]/div/div/div/ul/li[2]/a/span[1]
2019-06-20 10:33:45,097 find_element.py--> get_element 20: INFO ----->定位方式:id--->定位值:yxOrderNo
2019-06-20 10:33:45,567 find_element.py--> get_element 20: INFO ----->定位方式:xpath--->定位值://*[@id="yxAuditFile"]/div/table/tbody/tr[1]/td[3]/input
2019-06-20 10:33:46,707 find_element.py--> get_element 20: INFO ----->定位方式:xpath--->定位值://*[@id="yx-upload-check"]
2019-06-20 10:33:49,588 find_element.py--> get_element 20: INFO ----->定位方式:xpath--->定位值://*[@id="yx-upload-sub"]
2019-06-20 10:33:49,772 find_element.py--> get_element 20: INFO ----->定位方式:xpath--->定位值://*[@id="cusUpdateModal"]/div/div/div[3]/button
2019-06-20 10:33:50,941 find_element.py--> get_element 20: INFO ----->定位方式:xpath--->定位值://*[@id="yxAuditFile"]/div/table/tbody/tr[2]/td[3]/input
2019-06-20 10:33:52,070 find_element.py--> get_element 20: INFO ----->定位方式:xpath--->定位值://*[@id="yx-upload-check"]
2019-06-20 10:33:55,407 find_element.py--> get_element 20: INFO ----->定位方式:xpath--->定位值://*[@id="yx-upload-check"]
2019-06-20 10:33:57,810 find_element.py--> get_element 20: INFO ----->定位方式:xpath--->定位值://*[@id="yx-upload-sub"]
2019-06-20 10:33:57,952 find_element.py--> get_element 20: INFO ----->定位方式:xpath--->定位值://*[@id="cusUpdateModal"]/div/div/div[3]/button
2019-06-20 10:33:59,073 find_element.py--> get_element 20: INFO ----->定位方式:id--->定位值:basicTempSave
2019-06-20 10:34:01,147 find_element.py--> get_element 20: INFO ----->定位方式:id--->定位值:basicModalBtnNegative
2019-06-20 10:34:02,250 find_element.py--> get_element 20: INFO ----->定位方式:id--->定位值:basicSubmit
2019-06-20 10:34:04,344 find_element.py--> get_element 20: INFO ----->定位方式:id--->定位值:basicModalBtnNegative
2019-06-20 10:34:05,701 find_element.py--> get_element 20: INFO ----->定位方式:name--->定位值:customerPhoneNo
2019-06-20 10:34:05,895 find_element.py--> get_element 20: INFO ----->定位方式:id--->定位值:btnSearch
2019-06-20 10:34:07,257 find_element.py--> get_element 20: INFO ----->定位方式:xpath--->定位值://*[@id="orders"]/tbody/tr[1]/td[1]
2019-06-20 10:34:07,357 find_element.py--> get_element 20: INFO ----->定位方式:id--->定位值:btn_shenhedingdan
2019-06-20 10:34:12,051 find_element.py--> get_element 20: INFO ----->定位方式:id--->定位值:basicSubmit
2019-06-20 10:34:13,246 find_element.py--> get_element 20: INFO ----->定位方式:id--->定位值:basicModalBtnNegative
2019-06-20 10:34:14,580 find_element.py--> get_element 20: INFO ----->定位方式:name--->定位值:customerPhoneNo
2019-06-20 10:34:14,798 find_element.py--> get_element 20: INFO ----->定位方式:id--->定位值:btnSearch
2019-06-20 10:34:16,174 find_element.py--> get_element 20: INFO ----->定位方式:xpath--->定位值://*[@id="orders"]/tbody/tr[1]/td[1]
2019-06-20 10:34:16,829 find_element.py--> get_element 20: INFO ----->定位方式:id--->定位值:btn_xiaoshoujiesuan
2019-06-20 10:34:18,444 find_element.py--> get_element 20: INFO ----->定位方式:xpath--->定位值://*[@id="amtDetail"]/div/div[3]/div/button[1]
2019-06-20 10:34:19,598 find_element.py--> get_element 20: INFO ----->定位方式:xpath--->定位值://*[@id="receiptModel"]/div/div/div[2]/button
2019-06-20 10:34:20,695 find_element.py--> get_element 20: INFO ----->定位方式:id--->定位值:deliveryClose
2019-06-20 10:34:21,925 find_element.py--> get_element 20: INFO ----->定位方式:name--->定位值:customerPhoneNo
2019-06-20 10:34:22,094 find_element.py--> get_element 20: INFO ----->定位方式:id--->定位值:btnSearch
2019-06-20 10:34:23,325 find_element.py--> get_element 20: INFO ----->定位方式:xpath--->定位值://*[@id="orders"]/tbody/tr[1]/td[1]
2019-06-20 10:34:23,417 find_element.py--> get_element 20: INFO ----->定位方式:id--->定位值:btn_shengchenghetong
2019-06-20 10:42:13,367 login_handle.py--> send_username 20: INFO ----->输入用户名是：ccadmin
2019-06-20 10:42:13,370 find_element.py--> get_element 20: INFO ----->定位方式:id--->定位值:loginId
2019-06-20 10:42:13,460 login_handle.py--> send_password 20: INFO ----->输入密码是：123qwe
2019-06-20 10:42:13,463 find_element.py--> get_element 20: INFO ----->定位方式:id--->定位值:password
2019-06-20 10:42:13,538 find_element.py--> get_element 20: INFO ----->定位方式:className--->定位值:login-submit
2019-06-20 10:42:15,255 find_element.py--> get_element 20: INFO ----->定位方式:id--->定位值:910000
2019-06-20 10:42:16,354 find_element.py--> get_element 20: INFO ----->定位方式:id--->定位值:15000000
2019-06-20 10:42:17,426 find_element.py--> get_element 20: INFO ----->定位方式:xpath--->定位值://*[@id="15080000"]
2019-06-20 10:42:17,501 find_element.py--> get_element 20: INFO ----->定位方式:id--->定位值:15080100
2019-06-20 10:42:20,005 find_element.py--> get_element 20: INFO ----->定位方式:name--->定位值:customerPhoneNo
2019-06-20 10:42:20,224 find_element.py--> get_element 20: INFO ----->定位方式:id--->定位值:btnSearch
2019-06-20 10:42:21,407 find_element.py--> get_element 20: INFO ----->定位方式:xpath--->定位值://*[@id="orders"]/tbody/tr[1]/td[1]
2019-06-20 10:42:21,529 find_element.py--> get_element 20: INFO ----->定位方式:id--->定位值:btn_shengchenghetong
2019-06-20 10:42:22,736 find_element.py--> get_element 20: INFO ----->定位方式:id--->定位值:hsSignBody
2019-06-20 10:42:22,936 find_element.py--> get_element 20: INFO ----->定位方式:xpath--->定位值://*[@id="hsSignBody"]/option[2]
2019-06-20 10:58:56,089 login_handle.py--> send_username 20: INFO ----->输入用户名是：ccadmin
2019-06-20 10:58:56,091 find_element.py--> get_element 20: INFO ----->定位方式:id--->定位值:loginId
2019-06-20 10:58:56,176 login_handle.py--> send_password 20: INFO ----->输入密码是：123qwe
2019-06-20 10:58:56,177 find_element.py--> get_element 20: INFO ----->定位方式:id--->定位值:password
2019-06-20 10:58:56,249 find_element.py--> get_element 20: INFO ----->定位方式:className--->定位值:login-submit
2019-06-20 10:58:58,559 find_element.py--> get_element 20: INFO ----->定位方式:id--->定位值:910000
2019-06-20 10:58:59,700 find_element.py--> get_element 20: INFO ----->定位方式:id--->定位值:15000000
2019-06-20 10:59:00,783 find_element.py--> get_element 20: INFO ----->定位方式:xpath--->定位值://*[@id="15080000"]
2019-06-20 10:59:00,873 find_element.py--> get_element 20: INFO ----->定位方式:id--->定位值:15080100
2019-06-20 10:59:04,410 find_element.py--> get_element 20: INFO ----->定位方式:name--->定位值:customerPhoneNo
2019-06-20 10:59:04,592 find_element.py--> get_element 20: INFO ----->定位方式:id--->定位值:btnSearch
2019-06-20 10:59:05,750 find_element.py--> get_element 20: INFO ----->定位方式:xpath--->定位值://*[@id="orders"]/tbody/tr[1]/td[1]
2019-06-20 10:59:05,868 find_element.py--> get_element 20: INFO ----->定位方式:id--->定位值:btn_shengchenghetong
2019-06-20 10:59:51,616 login_handle.py--> send_username 20: INFO ----->输入用户名是：ccadmin
2019-06-20 10:59:51,617 find_element.py--> get_element 20: INFO ----->定位方式:id--->定位值:loginId
2019-06-20 10:59:51,720 login_handle.py--> send_password 20: INFO ----->输入密码是：123qwe
2019-06-20 10:59:51,722 find_element.py--> get_element 20: INFO ----->定位方式:id--->定位值:password
2019-06-20 10:59:51,797 find_element.py--> get_element 20: INFO ----->定位方式:className--->定位值:login-submit
2019-06-20 10:59:53,611 find_element.py--> get_element 20: INFO ----->定位方式:id--->定位值:910000
2019-06-20 10:59:59,615 find_element.py--> get_element 20: INFO ----->找不到定位元素
2019-06-20 11:00:26,150 login_handle.py--> send_username 20: INFO ----->输入用户名是：ccadmin
2019-06-20 11:00:26,152 find_element.py--> get_element 20: INFO ----->定位方式:id--->定位值:loginId
2019-06-20 11:00:26,239 login_handle.py--> send_password 20: INFO ----->输入密码是：123qwe
2019-06-20 11:00:26,240 find_element.py--> get_element 20: INFO ----->定位方式:id--->定位值:password
2019-06-20 11:00:26,304 find_element.py--> get_element 20: INFO ----->定位方式:className--->定位值:login-submit
2019-06-20 11:00:27,888 find_element.py--> get_element 20: INFO ----->定位方式:id--->定位值:910000
2019-06-20 11:00:28,977 find_element.py--> get_element 20: INFO ----->定位方式:id--->定位值:15000000
2019-06-20 11:00:30,059 find_element.py--> get_element 20: INFO ----->定位方式:xpath--->定位值://*[@id="15080000"]
2019-06-20 11:00:30,135 find_element.py--> get_element 20: INFO ----->定位方式:id--->定位值:15080100
2019-06-20 11:00:32,593 find_element.py--> get_element 20: INFO ----->定位方式:name--->定位值:customerPhoneNo
2019-06-20 11:00:32,774 find_element.py--> get_element 20: INFO ----->定位方式:id--->定位值:btnSearch
2019-06-20 11:00:33,925 find_element.py--> get_element 20: INFO ----->定位方式:xpath--->定位值://*[@id="orders"]/tbody/tr[1]/td[1]
2019-06-20 11:00:34,038 find_element.py--> get_element 20: INFO ----->定位方式:id--->定位值:btn_shengchenghetong
2019-06-20 11:00:35,607 find_element.py--> get_element 20: INFO ----->定位方式:id--->定位值:hsSignBody
2019-06-20 11:00:35,814 find_element.py--> get_element 20: INFO ----->定位方式:xpath--->定位值://*[@id="hsSignBody"]/option[2]
2019-06-20 11:00:35,878 find_element.py--> get_element 20: INFO ----->定位方式:id--->定位值:makeContract
2019-06-20 11:00:36,046 find_element.py--> get_element 20: INFO ----->定位方式:id--->定位值:deliveryClose
2019-06-20 11:01:30,559 login_handle.py--> send_username 20: INFO ----->输入用户名是：ccadmin
2019-06-20 11:01:30,561 find_element.py--> get_element 20: INFO ----->定位方式:id--->定位值:loginId
2019-06-20 11:01:30,650 login_handle.py--> send_password 20: INFO ----->输入密码是：123qwe
2019-06-20 11:01:30,652 find_element.py--> get_element 20: INFO ----->定位方式:id--->定位值:password
2019-06-20 11:01:30,721 find_element.py--> get_element 20: INFO ----->定位方式:className--->定位值:login-submit
2019-06-20 11:01:32,457 find_element.py--> get_element 20: INFO ----->定位方式:id--->定位值:910000
2019-06-20 11:01:33,535 find_element.py--> get_element 20: INFO ----->定位方式:id--->定位值:15000000
2019-06-20 11:01:34,623 find_element.py--> get_element 20: INFO ----->定位方式:xpath--->定位值://*[@id="15080000"]
2019-06-20 11:01:34,697 find_element.py--> get_element 20: INFO ----->定位方式:id--->定位值:15080100
2019-06-20 11:01:37,270 find_element.py--> get_element 20: INFO ----->定位方式:name--->定位值:customerPhoneNo
2019-06-20 11:01:37,457 find_element.py--> get_element 20: INFO ----->定位方式:id--->定位值:btnSearch
2019-06-20 11:01:38,625 find_element.py--> get_element 20: INFO ----->定位方式:xpath--->定位值://*[@id="orders"]/tbody/tr[1]/td[1]
2019-06-20 11:01:38,739 find_element.py--> get_element 20: INFO ----->定位方式:id--->定位值:btn_shengchenghetong
2019-06-20 11:01:40,519 find_element.py--> get_element 20: INFO ----->定位方式:id--->定位值:hsSignBody
2019-06-20 11:01:40,724 find_element.py--> get_element 20: INFO ----->定位方式:xpath--->定位值://*[@id="hsSignBody"]/option[2]
2019-06-20 11:01:40,788 find_element.py--> get_element 20: INFO ----->定位方式:id--->定位值:makeContract
2019-06-20 11:01:40,955 find_element.py--> get_element 20: INFO ----->定位方式:id--->定位值:deliveryClose
2019-06-20 11:07:10,338 login_handle.py--> send_username 20: INFO ----->输入用户名是：ccadmin
2019-06-20 11:07:10,340 find_element.py--> get_element 20: INFO ----->定位方式:id--->定位值:loginId
2019-06-20 11:07:10,425 login_handle.py--> send_password 20: INFO ----->输入密码是：123qwe
2019-06-20 11:07:10,427 find_element.py--> get_element 20: INFO ----->定位方式:id--->定位值:password
2019-06-20 11:07:10,506 find_element.py--> get_element 20: INFO ----->定位方式:className--->定位值:login-submit
2019-06-20 11:07:12,162 find_element.py--> get_element 20: INFO ----->定位方式:id--->定位值:910000
2019-06-20 11:07:13,245 find_element.py--> get_element 20: INFO ----->定位方式:id--->定位值:15000000
2019-06-20 11:07:14,328 find_element.py--> get_element 20: INFO ----->定位方式:xpath--->定位值://*[@id="15080000"]
2019-06-20 11:07:14,404 find_element.py--> get_element 20: INFO ----->定位方式:id--->定位值:15080100
2019-06-20 11:07:16,968 find_element.py--> get_element 20: INFO ----->定位方式:name--->定位值:customerPhoneNo
2019-06-20 11:07:17,146 find_element.py--> get_element 20: INFO ----->定位方式:id--->定位值:btnSearch
2019-06-20 11:07:18,302 find_element.py--> get_element 20: INFO ----->定位方式:xpath--->定位值://*[@id="orders"]/tbody/tr[1]/td[1]
2019-06-20 11:07:18,409 find_element.py--> get_element 20: INFO ----->定位方式:id--->定位值:btn_shangchuanhetong
2019-06-20 14:56:51,746 login_handle.py--> send_username 20: INFO ----->输入用户名是：ccadmin
2019-06-20 14:56:51,747 find_element.py--> get_element 20: INFO ----->定位方式:id--->定位值:loginId
2019-06-20 14:56:51,892 login_handle.py--> send_password 20: INFO ----->输入密码是：123qwe
2019-06-20 14:56:51,894 find_element.py--> get_element 20: INFO ----->定位方式:id--->定位值:password
2019-06-20 14:56:52,011 find_element.py--> get_element 20: INFO ----->定位方式:className--->定位值:login-submit
2019-06-20 14:56:53,935 find_element.py--> get_element 20: INFO ----->定位方式:id--->定位值:910000
2019-06-20 14:56:55,048 find_element.py--> get_element 20: INFO ----->定位方式:id--->定位值:15000000
2019-06-20 14:56:56,151 find_element.py--> get_element 20: INFO ----->定位方式:xpath--->定位值://*[@id="15080000"]
2019-06-20 14:56:56,224 find_element.py--> get_element 20: INFO ----->定位方式:id--->定位值:15080100
2019-06-20 14:56:59,069 find_element.py--> get_element 20: INFO ----->定位方式:xpath--->定位值://*[@id="btn_xinzeng"]
2019-06-20 14:57:00,920 order_info_handle.py--> send_userinfo 20: INFO ----->输入的手机号：18660529122
2019-06-20 14:57:00,922 find_element.py--> get_element 20: INFO ----->定位方式:id--->定位值:phoneNo
2019-06-20 14:57:02,206 find_element.py--> get_element 20: INFO ----->定位方式:id--->定位值:queryMobile
2019-06-20 14:57:03,333 order_info_handle.py--> send_userinfo 20: INFO ----->输入的身份证号：362402198307069663
2019-06-20 14:57:03,335 find_element.py--> get_element 20: INFO ----->定位方式:id--->定位值:idNumber
2019-06-20 14:57:03,338 find_element.py--> get_element 20: INFO ----->找不到定位元素
2019-06-20 14:59:15,090 login_handle.py--> send_username 20: INFO ----->输入用户名是：zhaoyunhe1
2019-06-20 14:59:15,092 find_element.py--> get_element 20: INFO ----->定位方式:id--->定位值:loginId
2019-06-20 14:59:15,216 login_handle.py--> send_password 20: INFO ----->输入密码是：123qwe
2019-06-20 14:59:15,218 find_element.py--> get_element 20: INFO ----->定位方式:id--->定位值:password
2019-06-20 14:59:15,292 find_element.py--> get_element 20: INFO ----->定位方式:className--->定位值:login-submit
2019-06-20 14:59:18,621 find_element.py--> get_element 20: INFO ----->定位方式:id--->定位值:910000
2019-06-20 14:59:19,699 find_element.py--> get_element 20: INFO ----->定位方式:id--->定位值:15000000
2019-06-20 14:59:20,775 find_element.py--> get_element 20: INFO ----->定位方式:xpath--->定位值://*[@id="15080000"]
2019-06-20 14:59:20,853 find_element.py--> get_element 20: INFO ----->定位方式:id--->定位值:15080100
2019-06-20 14:59:23,433 find_element.py--> get_element 20: INFO ----->定位方式:xpath--->定位值://*[@id="btn_xinzeng"]
2019-06-20 14:59:25,076 order_info_handle.py--> send_userinfo 20: INFO ----->输入的手机号：18613790702
2019-06-20 14:59:25,077 find_element.py--> get_element 20: INFO ----->定位方式:id--->定位值:phoneNo
2019-06-20 14:59:26,024 find_element.py--> get_element 20: INFO ----->定位方式:id--->定位值:queryMobile
2019-06-20 14:59:27,171 order_info_handle.py--> send_userinfo 20: INFO ----->输入的身份证号：110101194910110326
2019-06-20 14:59:27,172 find_element.py--> get_element 20: INFO ----->定位方式:id--->定位值:idNumber
2019-06-20 14:59:28,858 find_element.py--> get_element 20: INFO ----->定位方式:xpath--->定位值://*[@id="vehicleModel"]/div/div[1]/div[1]/div/div/button/span[1]
2019-06-20 14:59:29,033 find_element.py--> get_element 20: INFO ----->定位方式:xpath--->定位值://*[@id="vehicleModel"]/div/div[1]/div[1]/div/div/div/ul/li[2]/a/span[1]
2019-06-20 14:59:29,262 find_element.py--> get_element 20: INFO ----->定位方式:id--->定位值:vin
2019-06-20 14:59:29,641 find_element.py--> get_element 20: INFO ----->定位方式:id--->定位值:queryVin
2019-06-20 14:59:30,012 find_element.py--> get_element 20: INFO ----->定位方式:id--->定位值:baseDisplacement
2019-06-20 14:59:30,445 find_element.py--> get_element 20: INFO ----->定位方式:id--->定位值:baseSeating
2019-06-20 14:59:30,544 find_element.py--> get_element 20: INFO ----->定位方式:id--->定位值:purchaseAmount
2019-06-20 14:59:30,614 find_element.py--> get_element 20: INFO ----->定位方式:id--->定位值:guidePrice
2019-06-20 14:59:30,689 find_element.py--> get_element 20: INFO ----->定位方式:id--->定位值:guidePrice
2019-06-20 14:59:30,923 find_element.py--> get_element 20: INFO ----->定位方式:id--->定位值:salePrice
2019-06-20 14:59:31,219 order_info_business.py--> car_price 20: INFO ----->定金金额：3500
2019-06-20 14:59:31,221 find_element.py--> get_element 20: INFO ----->定位方式:id--->定位值:preLicenseProvince
2019-06-20 14:59:31,396 find_element.py--> get_element 20: INFO ----->定位方式:xpath--->定位值://*[@id="preLicenseProvince"]/option[20]
2019-06-20 14:59:31,488 find_element.py--> get_element 20: INFO ----->定位方式:id--->定位值:preLicenseCity
2019-06-20 14:59:31,664 find_element.py--> get_element 20: INFO ----->定位方式:xpath--->定位值://*[@id="preLicenseCity"]/option[2]
2019-06-20 14:59:31,748 find_element.py--> get_element 20: INFO ----->定位方式:id--->定位值:preLicenseSotre
2019-06-20 14:59:31,907 find_element.py--> get_element 20: INFO ----->定位方式:xpath--->定位值://*[@id="preLicenseSotre"]/option[2]
2019-06-20 14:59:31,979 find_element.py--> get_element 20: INFO ----->定位方式:id--->定位值:channelTypeGH
2019-06-20 14:59:32,143 find_element.py--> get_element 20: INFO ----->定位方式:id--->定位值:realNameSystemYNull
2019-06-20 14:59:32,306 find_element.py--> get_element 20: INFO ----->定位方式:id--->定位值:shopInsuranceYNull
2019-06-20 14:59:32,440 find_element.py--> get_element 20: INFO ----->定位方式:id--->定位值:firstYearVehicleAndVesselTax
2019-06-20 14:59:32,548 find_element.py--> get_element 20: INFO ----->定位方式:id--->定位值:firstYearSali
2019-06-20 14:59:32,653 find_element.py--> get_element 20: INFO ----->定位方式:id--->定位值:firstCommercialTheft
2019-06-20 14:59:32,766 find_element.py--> get_element 20: INFO ----->定位方式:id--->定位值:advancePremiumAmt
2019-06-20 14:59:32,900 find_element.py--> get_element 20: INFO ----->定位方式:id--->定位值:termCount
2019-06-20 14:59:33,071 find_element.py--> get_element 20: INFO ----->定位方式:id--->定位值:monthlyRent
2019-06-20 14:59:33,362 find_element.py--> get_element 20: INFO ----->定位方式:id--->定位值:cusInterestRates
2019-06-20 14:59:33,471 find_element.py--> get_element 20: INFO ----->定位方式:id--->定位值:purchaseTax
2019-06-20 14:59:33,555 find_element.py--> get_element 20: INFO ----->定位方式:id--->定位值:gpsFee
2019-06-20 14:59:33,763 find_element.py--> get_element 20: INFO ----->定位方式:id--->定位值:accountMaintenanceFee
2019-06-20 14:59:33,930 find_element.py--> get_element 20: INFO ----->定位方式:id--->定位值:yxDownPaymentAmt
2019-06-20 14:59:34,192 find_element.py--> get_element 20: INFO ----->定位方式:id--->定位值:yxRiskFinancingAmt
2019-06-20 14:59:34,371 find_element.py--> get_element 20: INFO ----->定位方式:id--->定位值:yxRiskControlFinancingAmt
2019-06-20 14:59:34,549 find_element.py--> get_element 20: INFO ----->定位方式:id--->定位值:hsServiceFee
2019-06-20 14:59:34,717 find_element.py--> get_element 20: INFO ----->定位方式:id--->定位值:licenseFee
2019-06-20 14:59:34,939 find_element.py--> get_element 20: INFO ----->定位方式:id--->定位值:mortgageFee
2019-06-20 14:59:35,094 find_element.py--> get_element 20: INFO ----->定位方式:id--->定位值:totalDownPaymentOtherAmt
2019-06-20 14:59:35,207 find_element.py--> get_element 20: INFO ----->定位方式:id--->定位值:remarkId
2019-06-20 14:59:35,726 find_element.py--> get_element 20: INFO ----->定位方式:xpath--->定位值://*[@id="fanancingInfoHs"]/div/div[2]/div[1]/div/div/button/span[1]
2019-06-20 14:59:35,850 find_element.py--> get_element 20: INFO ----->定位方式:xpath--->定位值://*[@id="fanancingInfoHs"]/div/div[2]/div[1]/div/div/div/ul/li[2]/a/span[1]
2019-06-20 14:59:36,012 find_element.py--> get_element 20: INFO ----->定位方式:id--->定位值:yxOrderNo
2019-06-20 14:59:36,506 find_element.py--> get_element 20: INFO ----->定位方式:xpath--->定位值://*[@id="yxAuditFile"]/div/table/tbody/tr[1]/td[3]/input
2019-06-20 14:59:37,664 find_element.py--> get_element 20: INFO ----->定位方式:xpath--->定位值://*[@id="yx-upload-check"]
2019-06-20 14:59:40,393 find_element.py--> get_element 20: INFO ----->定位方式:xpath--->定位值://*[@id="yx-upload-sub"]
2019-06-20 14:59:40,632 find_element.py--> get_element 20: INFO ----->定位方式:xpath--->定位值://*[@id="cusUpdateModal"]/div/div/div[3]/button
2019-06-20 14:59:41,798 find_element.py--> get_element 20: INFO ----->定位方式:xpath--->定位值://*[@id="yxAuditFile"]/div/table/tbody/tr[2]/td[3]/input
2019-06-20 14:59:42,955 find_element.py--> get_element 20: INFO ----->定位方式:xpath--->定位值://*[@id="yx-upload-check"]
2019-06-20 14:59:46,397 find_element.py--> get_element 20: INFO ----->定位方式:xpath--->定位值://*[@id="yx-upload-check"]
2019-06-20 14:59:48,739 find_element.py--> get_element 20: INFO ----->定位方式:xpath--->定位值://*[@id="yx-upload-sub"]
2019-06-20 14:59:48,959 find_element.py--> get_element 20: INFO ----->定位方式:xpath--->定位值://*[@id="cusUpdateModal"]/div/div/div[3]/button
2019-06-20 14:59:50,075 find_element.py--> get_element 20: INFO ----->定位方式:id--->定位值:basicTempSave
2019-06-20 14:59:51,882 find_element.py--> get_element 20: INFO ----->定位方式:id--->定位值:basicModalBtnNegative
2019-06-20 14:59:53,007 find_element.py--> get_element 20: INFO ----->定位方式:id--->定位值:basicSubmit
2019-06-20 14:59:55,120 find_element.py--> get_element 20: INFO ----->定位方式:id--->定位值:basicModalBtnNegative
2019-06-20 14:59:56,517 find_element.py--> get_element 20: INFO ----->定位方式:name--->定位值:customerPhoneNo
2019-06-20 14:59:56,696 find_element.py--> get_element 20: INFO ----->定位方式:id--->定位值:btnSearch
2019-06-20 14:59:57,835 find_element.py--> get_element 20: INFO ----->定位方式:xpath--->定位值://*[@id="orders"]/tbody/tr[1]/td[1]
2019-06-20 14:59:57,957 find_element.py--> get_element 20: INFO ----->定位方式:id--->定位值:btn_shenhedingdan
2019-06-20 15:00:02,648 find_element.py--> get_element 20: INFO ----->定位方式:id--->定位值:basicSubmit
2019-06-20 15:00:03,904 find_element.py--> get_element 20: INFO ----->定位方式:id--->定位值:basicModalBtnNegative
2019-06-20 15:00:05,468 find_element.py--> get_element 20: INFO ----->定位方式:name--->定位值:customerPhoneNo
2019-06-20 15:00:05,650 find_element.py--> get_element 20: INFO ----->定位方式:id--->定位值:btnSearch
2019-06-20 15:00:06,772 find_element.py--> get_element 20: INFO ----->定位方式:xpath--->定位值://*[@id="orders"]/tbody/tr[1]/td[1]
2019-06-20 15:00:07,477 find_element.py--> get_element 20: INFO ----->定位方式:id--->定位值:btn_xiaoshoujiesuan
2019-06-20 15:00:10,069 find_element.py--> get_element 20: INFO ----->定位方式:xpath--->定位值://*[@id="amtDetail"]/div/div[3]/div/button[1]
2019-06-20 15:00:11,235 find_element.py--> get_element 20: INFO ----->定位方式:xpath--->定位值://*[@id="receiptModel"]/div/div/div[2]/button
2019-06-20 15:00:12,344 find_element.py--> get_element 20: INFO ----->定位方式:id--->定位值:deliveryClose
2019-06-20 15:00:13,862 find_element.py--> get_element 20: INFO ----->定位方式:name--->定位值:customerPhoneNo
2019-06-20 15:00:14,053 find_element.py--> get_element 20: INFO ----->定位方式:id--->定位值:btnSearch
2019-06-20 15:00:15,195 find_element.py--> get_element 20: INFO ----->定位方式:xpath--->定位值://*[@id="orders"]/tbody/tr[1]/td[1]
2019-06-20 15:00:15,388 find_element.py--> get_element 20: INFO ----->定位方式:id--->定位值:btn_shengchenghetong
2019-06-20 15:00:17,536 find_element.py--> get_element 20: INFO ----->定位方式:id--->定位值:hsSignBody
2019-06-20 15:00:17,702 find_element.py--> get_element 20: INFO ----->定位方式:xpath--->定位值://*[@id="hsSignBody"]/option[2]
2019-06-20 15:00:17,762 find_element.py--> get_element 20: INFO ----->定位方式:id--->定位值:makeContract
2019-06-20 15:00:17,885 find_element.py--> get_element 20: INFO ----->定位方式:id--->定位值:deliveryClose
2019-06-20 15:00:19,436 find_element.py--> get_element 20: INFO ----->定位方式:name--->定位值:customerPhoneNo
2019-06-20 15:00:19,615 find_element.py--> get_element 20: INFO ----->定位方式:id--->定位值:btnSearch
2019-06-20 15:00:20,751 find_element.py--> get_element 20: INFO ----->定位方式:xpath--->定位值://*[@id="orders"]/tbody/tr[1]/td[1]
2019-06-20 15:00:20,852 find_element.py--> get_element 20: INFO ----->定位方式:id--->定位值:btn_shangchuanhetong
2019-06-20 15:17:09,647 login_handle.py--> send_username 20: INFO ----->输入用户名是：zhaoyunhe1
2019-06-20 15:17:09,649 find_element.py--> get_element 20: INFO ----->定位方式:id--->定位值:loginId
2019-06-20 15:17:09,790 login_handle.py--> send_password 20: INFO ----->输入密码是：123qwe
2019-06-20 15:17:09,793 find_element.py--> get_element 20: INFO ----->定位方式:id--->定位值:password
2019-06-20 15:17:09,875 find_element.py--> get_element 20: INFO ----->定位方式:className--->定位值:login-submit
2019-06-20 15:17:11,829 find_element.py--> get_element 20: INFO ----->定位方式:id--->定位值:910000
2019-06-20 15:17:12,908 find_element.py--> get_element 20: INFO ----->定位方式:id--->定位值:15000000
2019-06-20 15:17:14,008 find_element.py--> get_element 20: INFO ----->定位方式:xpath--->定位值://*[@id="15080000"]
2019-06-20 15:17:14,122 find_element.py--> get_element 20: INFO ----->定位方式:id--->定位值:15080100
2019-06-20 15:17:17,292 find_element.py--> get_element 20: INFO ----->定位方式:xpath--->定位值://*[@id="btn_xinzeng"]
2019-06-20 15:17:19,252 order_info_handle.py--> send_userinfo 20: INFO ----->输入的手机号：18653740304
2019-06-20 15:17:19,255 find_element.py--> get_element 20: INFO ----->定位方式:id--->定位值:phoneNo
2019-06-20 15:17:20,663 find_element.py--> get_element 20: INFO ----->定位方式:id--->定位值:queryMobile
2019-06-20 15:17:21,908 order_info_handle.py--> send_userinfo 20: INFO ----->输入的身份证号：362428194910139555
2019-06-20 15:17:21,910 find_element.py--> get_element 20: INFO ----->定位方式:id--->定位值:idNumber
2019-06-20 15:17:23,915 find_element.py--> get_element 20: INFO ----->定位方式:xpath--->定位值://*[@id="vehicleModel"]/div/div[1]/div[1]/div/div/button/span[1]
2019-06-20 15:17:24,090 find_element.py--> get_element 20: INFO ----->定位方式:xpath--->定位值://*[@id="vehicleModel"]/div/div[1]/div[1]/div/div/div/ul/li[3]/a/span[1]
2019-06-20 15:17:24,412 find_element.py--> get_element 20: INFO ----->定位方式:id--->定位值:purchaseAmount
2019-06-20 15:17:24,499 find_element.py--> get_element 20: INFO ----->定位方式:xpath--->定位值://*[@id="vehicleModel"]/div/div[1]/div[3]/div/div/button/span[1]
2019-06-20 15:17:24,790 find_element.py--> get_element 20: INFO ----->定位方式:xpath--->定位值://*[@id="vehicleModel"]/div/div[1]/div[3]/div/div/div/ul/li[121]/a
2019-06-20 15:17:24,991 find_element.py--> get_element 20: INFO ----->定位方式:xpath--->定位值://*[@id="vehicleModel"]/div/div[2]/div[1]/div/div/button/span[1]
2019-06-20 15:17:25,196 find_element.py--> get_element 20: INFO ----->定位方式:xpath--->定位值://*[@id="vehicleModel"]/div/div[2]/div[1]/div/div/div/ul/li[27]/a
2019-06-20 15:17:25,411 find_element.py--> get_element 20: INFO ----->定位方式:xpath--->定位值://*[@id="vehicleModel"]/div/div[2]/div[2]/div/div/button/span[1]
2019-06-20 15:17:25,672 find_element.py--> get_element 20: INFO ----->定位方式:xpath--->定位值://*[@id="vehicleModel"]/div/div[2]/div[2]/div/div/div/ul/li[3]/a/span[1]
2019-06-20 15:17:25,827 find_element.py--> get_element 20: INFO ----->定位方式:xpath--->定位值://*[@id="vehicleModel"]/div/div[1]/div[4]/div/div/button/span[1]
2019-06-20 15:17:25,995 find_element.py--> get_element 20: INFO ----->定位方式:xpath--->定位值://*[@id="vehicleModel"]/div/div[1]/div[4]/div/div/div/ul/li[2]/a
2019-06-20 15:17:26,141 find_element.py--> get_element 20: INFO ----->定位方式:id--->定位值:guidePrice
2019-06-20 15:17:26,201 find_element.py--> get_element 20: INFO ----->定位方式:id--->定位值:guidePrice
2019-06-20 15:17:26,484 find_element.py--> get_element 20: INFO ----->定位方式:id--->定位值:salePrice
2019-06-20 15:17:27,009 order_info_business.py--> car_price 20: INFO ----->定金金额：3500
2019-06-20 15:17:27,014 find_element.py--> get_element 20: INFO ----->定位方式:id--->定位值:preLicenseProvince
2019-06-20 15:17:27,220 find_element.py--> get_element 20: INFO ----->定位方式:xpath--->定位值://*[@id="preLicenseProvince"]/option[20]
2019-06-20 15:17:27,403 find_element.py--> get_element 20: INFO ----->定位方式:id--->定位值:preLicenseCity
2019-06-20 15:17:27,583 find_element.py--> get_element 20: INFO ----->定位方式:xpath--->定位值://*[@id="preLicenseCity"]/option[2]
2019-06-20 15:17:27,716 find_element.py--> get_element 20: INFO ----->定位方式:id--->定位值:preLicenseSotre
2019-06-20 15:17:27,876 find_element.py--> get_element 20: INFO ----->定位方式:xpath--->定位值://*[@id="preLicenseSotre"]/option[2]
2019-06-20 15:17:27,995 find_element.py--> get_element 20: INFO ----->定位方式:id--->定位值:channelTypeGH
2019-06-20 15:17:28,266 find_element.py--> get_element 20: INFO ----->定位方式:id--->定位值:realNameSystemYNull
2019-06-20 15:17:28,408 find_element.py--> get_element 20: INFO ----->定位方式:id--->定位值:shopInsuranceYNull
2019-06-20 15:17:28,562 find_element.py--> get_element 20: INFO ----->定位方式:id--->定位值:firstYearVehicleAndVesselTax
2019-06-20 15:17:28,702 find_element.py--> get_element 20: INFO ----->定位方式:id--->定位值:firstYearSali
2019-06-20 15:17:28,830 find_element.py--> get_element 20: INFO ----->定位方式:id--->定位值:firstCommercialTheft
2019-06-20 15:17:28,963 find_element.py--> get_element 20: INFO ----->定位方式:id--->定位值:advancePremiumAmt
2019-06-20 15:17:29,118 find_element.py--> get_element 20: INFO ----->定位方式:id--->定位值:termCount
2019-06-20 15:17:29,278 find_element.py--> get_element 20: INFO ----->定位方式:id--->定位值:monthlyRent
2019-06-20 15:17:29,589 find_element.py--> get_element 20: INFO ----->定位方式:id--->定位值:cusInterestRates
2019-06-20 15:17:29,734 find_element.py--> get_element 20: INFO ----->定位方式:id--->定位值:purchaseTax
2019-06-20 15:17:29,929 find_element.py--> get_element 20: INFO ----->定位方式:id--->定位值:gpsFee
2019-06-20 15:17:30,127 find_element.py--> get_element 20: INFO ----->定位方式:id--->定位值:accountMaintenanceFee
2019-06-20 15:17:30,325 find_element.py--> get_element 20: INFO ----->定位方式:id--->定位值:yxDownPaymentAmt
2019-06-20 15:17:30,574 find_element.py--> get_element 20: INFO ----->定位方式:id--->定位值:yxRiskFinancingAmt
2019-06-20 15:17:30,783 find_element.py--> get_element 20: INFO ----->定位方式:id--->定位值:yxRiskControlFinancingAmt
2019-06-20 15:17:30,994 find_element.py--> get_element 20: INFO ----->定位方式:id--->定位值:hsServiceFee
2019-06-20 15:17:31,184 find_element.py--> get_element 20: INFO ----->定位方式:id--->定位值:licenseFee
2019-06-20 15:17:31,375 find_element.py--> get_element 20: INFO ----->定位方式:id--->定位值:mortgageFee
2019-06-20 15:17:31,581 find_element.py--> get_element 20: INFO ----->定位方式:id--->定位值:totalDownPaymentOtherAmt
2019-06-20 15:17:31,750 find_element.py--> get_element 20: INFO ----->定位方式:id--->定位值:remarkId
2019-06-20 15:17:32,322 find_element.py--> get_element 20: INFO ----->定位方式:xpath--->定位值://*[@id="fanancingInfoHs"]/div/div[2]/div[1]/div/div/button/span[1]
2019-06-20 15:17:32,445 find_element.py--> get_element 20: INFO ----->定位方式:xpath--->定位值://*[@id="fanancingInfoHs"]/div/div[2]/div[1]/div/div/div/ul/li[2]/a/span[1]
2019-06-20 15:17:32,670 find_element.py--> get_element 20: INFO ----->定位方式:id--->定位值:yxOrderNo
2019-06-20 15:17:33,277 find_element.py--> get_element 20: INFO ----->定位方式:xpath--->定位值://*[@id="yxAuditFile"]/div/table/tbody/tr[1]/td[3]/input
2019-06-20 15:17:34,427 find_element.py--> get_element 20: INFO ----->定位方式:xpath--->定位值://*[@id="yx-upload-check"]
2019-06-20 15:17:37,039 find_element.py--> get_element 20: INFO ----->定位方式:xpath--->定位值://*[@id="yx-upload-sub"]
2019-06-20 15:17:37,413 find_element.py--> get_element 20: INFO ----->定位方式:xpath--->定位值://*[@id="cusUpdateModal"]/div/div/div[3]/button
2019-06-20 15:17:38,552 find_element.py--> get_element 20: INFO ----->定位方式:xpath--->定位值://*[@id="yxAuditFile"]/div/table/tbody/tr[2]/td[3]/input
2019-06-20 15:17:39,695 find_element.py--> get_element 20: INFO ----->定位方式:xpath--->定位值://*[@id="yx-upload-check"]
2019-06-20 15:17:43,121 find_element.py--> get_element 20: INFO ----->定位方式:xpath--->定位值://*[@id="yx-upload-check"]
2019-06-20 15:17:45,560 find_element.py--> get_element 20: INFO ----->定位方式:xpath--->定位值://*[@id="yx-upload-sub"]
2019-06-20 15:17:45,846 find_element.py--> get_element 20: INFO ----->定位方式:xpath--->定位值://*[@id="cusUpdateModal"]/div/div/div[3]/button
