2019-06-15 13:50:11,826 login_handle.py--> send_username 20: INFO ----->输入用户名是：ccadmin
2019-06-15 13:50:11,829 find_element.py--> get_element 20: INFO ----->定位方式:id--->定位值:loginId
2019-06-15 13:50:11,973 login_handle.py--> send_password 20: INFO ----->输入密码是：123qwe
2019-06-15 13:50:11,976 find_element.py--> get_element 20: INFO ----->定位方式:id--->定位值:password
2019-06-15 13:50:12,084 find_element.py--> get_element 20: INFO ----->定位方式:className--->定位值:login-submit
2019-06-15 13:50:13,716 find_element.py--> get_element 20: INFO ----->定位方式:id--->定位值:910000
2019-06-15 13:50:14,848 find_element.py--> get_element 20: INFO ----->定位方式:id--->定位值:15000000
2019-06-15 13:50:15,949 find_element.py--> get_element 20: INFO ----->定位方式:xpath--->定位值://*[@id="15080000"]
2019-06-15 13:50:16,058 find_element.py--> get_element 20: INFO ----->定位方式:id--->定位值:15080100
2019-06-15 13:50:18,791 find_element.py--> get_element 20: INFO ----->定位方式:xpath--->定位值://*[@id="btn_xinzeng"]
2019-06-15 13:50:20,886 order_info_handle.py--> send_userinfo 20: INFO ----->输入的手机号：18623983923
2019-06-15 13:50:20,889 find_element.py--> get_element 20: INFO ----->定位方式:id--->定位值:phoneNo
2019-06-15 13:50:22,664 find_element.py--> get_element 20: INFO ----->定位方式:id--->定位值:queryMobile
2019-06-15 13:50:23,962 order_info_handle.py--> send_userinfo 20: INFO ----->输入的身份证号：110105196505011754
2019-06-15 13:50:23,964 find_element.py--> get_element 20: INFO ----->定位方式:id--->定位值:idNumber
2019-06-15 13:50:26,502 find_element.py--> get_element 20: INFO ----->定位方式:xpath--->定位值://*[@id="vehicleModel"]/div/div[1]/div[1]/div/div/button/span[1]
2019-06-15 13:50:26,643 find_element.py--> get_element 20: INFO ----->定位方式:xpath--->定位值://*[@id="vehicleModel"]/div/div[1]/div[1]/div/div/div/ul/li[3]/a/span[1]
2019-06-15 13:50:26,819 find_element.py--> get_element 20: INFO ----->定位方式:id--->定位值:purchaseAmount
2019-06-15 13:50:27,007 find_element.py--> get_element 20: INFO ----->定位方式:xpath--->定位值://*[@id="vehicleModel"]/div/div[1]/div[3]/div/div/button/span[1]
2019-06-15 13:50:27,309 find_element.py--> get_element 20: INFO ----->定位方式:xpath--->定位值://*[@id="vehicleModel"]/div/div[1]/div[3]/div/div/div/ul/li[121]/a
2019-06-15 13:50:27,482 find_element.py--> get_element 20: INFO ----->定位方式:xpath--->定位值://*[@id="vehicleModel"]/div/div[2]/div[1]/div/div/button/span[1]
2019-06-15 13:50:27,759 find_element.py--> get_element 20: INFO ----->定位方式:xpath--->定位值://*[@id="vehicleModel"]/div/div[2]/div[1]/div/div/div/ul/li[27]/a
2019-06-15 13:50:27,922 find_element.py--> get_element 20: INFO ----->定位方式:xpath--->定位值://*[@id="vehicleModel"]/div/div[2]/div[2]/div/div/button/span[1]
2019-06-15 13:50:28,178 find_element.py--> get_element 20: INFO ----->定位方式:xpath--->定位值://*[@id="vehicleModel"]/div/div[2]/div[2]/div/div/div/ul/li[3]/a/span[1]
2019-06-15 13:50:28,405 find_element.py--> get_element 20: INFO ----->定位方式:xpath--->定位值://*[@id="vehicleModel"]/div/div[1]/div[4]/div/div/button/span[1]
2019-06-15 13:50:28,549 find_element.py--> get_element 20: INFO ----->定位方式:xpath--->定位值://*[@id="vehicleModel"]/div/div[1]/div[4]/div/div/div/ul/li[2]/a
2019-06-15 13:50:28,723 find_element.py--> get_element 20: INFO ----->定位方式:id--->定位值:guidePrice
2019-06-15 13:50:28,798 find_element.py--> get_element 20: INFO ----->定位方式:id--->定位值:guidePrice
2019-06-15 13:50:29,057 find_element.py--> get_element 20: INFO ----->定位方式:id--->定位值:salePrice
2019-06-15 13:50:29,415 order_info_business.py--> car_price 20: INFO ----->定金金额：3500
2019-06-15 13:50:29,418 find_element.py--> get_element 20: INFO ----->定位方式:id--->定位值:preLicenseProvince
2019-06-15 13:50:29,645 find_element.py--> get_element 20: INFO ----->定位方式:xpath--->定位值://*[@id="preLicenseProvince"]/option[20]
2019-06-15 13:50:29,755 find_element.py--> get_element 20: INFO ----->定位方式:id--->定位值:preLicenseCity
2019-06-15 13:50:29,916 find_element.py--> get_element 20: INFO ----->定位方式:xpath--->定位值://*[@id="preLicenseCity"]/option[2]
2019-06-15 13:50:30,016 find_element.py--> get_element 20: INFO ----->定位方式:id--->定位值:preLicenseSotre
2019-06-15 13:50:30,195 find_element.py--> get_element 20: INFO ----->定位方式:xpath--->定位值://*[@id="preLicenseSotre"]/option[2]
2019-06-15 13:50:30,281 find_element.py--> get_element 20: INFO ----->定位方式:id--->定位值:channelTypeGH
2019-06-15 13:50:30,489 find_element.py--> get_element 20: INFO ----->定位方式:id--->定位值:realNameSystemYNull
2019-06-15 13:50:30,660 find_element.py--> get_element 20: INFO ----->定位方式:id--->定位值:shopInsuranceYNull
2019-06-15 13:50:30,819 find_element.py--> get_element 20: INFO ----->定位方式:id--->定位值:firstYearVehicleAndVesselTax
2019-06-15 13:50:30,950 find_element.py--> get_element 20: INFO ----->定位方式:id--->定位值:firstYearSali
2019-06-15 13:50:31,074 find_element.py--> get_element 20: INFO ----->定位方式:id--->定位值:firstCommercialTheft
2019-06-15 13:50:31,199 find_element.py--> get_element 20: INFO ----->定位方式:id--->定位值:advancePremiumAmt
2019-06-15 13:50:31,347 find_element.py--> get_element 20: INFO ----->定位方式:id--->定位值:termCount
2019-06-15 13:50:31,559 find_element.py--> get_element 20: INFO ----->定位方式:id--->定位值:monthlyRent
2019-06-15 13:50:31,846 find_element.py--> get_element 20: INFO ----->定位方式:id--->定位值:cusInterestRates
2019-06-15 13:50:31,952 find_element.py--> get_element 20: INFO ----->定位方式:id--->定位值:purchaseTax
2019-06-15 13:50:32,127 find_element.py--> get_element 20: INFO ----->定位方式:id--->定位值:gpsFee
2019-06-15 13:50:32,343 find_element.py--> get_element 20: INFO ----->定位方式:id--->定位值:accountMaintenanceFee
2019-06-15 13:50:32,551 find_element.py--> get_element 20: INFO ----->定位方式:id--->定位值:yxDownPaymentAmt
2019-06-15 13:50:32,777 find_element.py--> get_element 20: INFO ----->定位方式:id--->定位值:yxRiskFinancingAmt
2019-06-15 13:50:32,967 find_element.py--> get_element 20: INFO ----->定位方式:id--->定位值:yxRiskControlFinancingAmt
2019-06-15 13:50:33,176 find_element.py--> get_element 20: INFO ----->定位方式:id--->定位值:hsServiceFee
2019-06-15 13:50:33,398 find_element.py--> get_element 20: INFO ----->定位方式:id--->定位值:licenseFee
2019-06-15 13:50:33,576 find_element.py--> get_element 20: INFO ----->定位方式:id--->定位值:mortgageFee
2019-06-15 13:50:33,787 find_element.py--> get_element 20: INFO ----->定位方式:id--->定位值:totalDownPaymentOtherAmt
2019-06-15 13:50:33,913 find_element.py--> get_element 20: INFO ----->定位方式:id--->定位值:remarkId
2019-06-15 13:50:34,484 find_element.py--> get_element 20: INFO ----->定位方式:xpath--->定位值://*[@id="fanancingInfoHs"]/div/div[2]/div[1]/div/div/button/span[1]
2019-06-15 13:50:34,612 find_element.py--> get_element 20: INFO ----->定位方式:xpath--->定位值://*[@id="fanancingInfoHs"]/div/div[2]/div[1]/div/div/div/ul/li[2]/a/span[1]
2019-06-15 13:50:34,808 find_element.py--> get_element 20: INFO ----->定位方式:id--->定位值:yxOrderNo
2019-06-15 13:50:35,376 find_element.py--> get_element 20: INFO ----->定位方式:xpath--->定位值://*[@id="yxAuditFile"]/div/table/tbody/tr[1]/td[3]/input
2019-06-15 13:50:36,547 find_element.py--> get_element 20: INFO ----->定位方式:xpath--->定位值://*[@id="yx-upload-check"]
2019-06-15 13:50:39,169 find_element.py--> get_element 20: INFO ----->定位方式:xpath--->定位值://*[@id="yx-upload-sub"]
2019-06-15 13:50:39,416 find_element.py--> get_element 20: INFO ----->定位方式:xpath--->定位值://*[@id="cusUpdateModal"]/div/div/div[3]/button
2019-06-15 13:50:40,571 find_element.py--> get_element 20: INFO ----->定位方式:xpath--->定位值://*[@id="yxAuditFile"]/div/table/tbody/tr[2]/td[3]/input
2019-06-15 13:50:41,713 find_element.py--> get_element 20: INFO ----->定位方式:xpath--->定位值://*[@id="yx-upload-check"]
2019-06-15 13:50:45,069 find_element.py--> get_element 20: INFO ----->定位方式:xpath--->定位值://*[@id="yx-upload-check"]
2019-06-15 13:50:47,376 find_element.py--> get_element 20: INFO ----->定位方式:xpath--->定位值://*[@id="yx-upload-sub"]
2019-06-15 13:50:47,578 find_element.py--> get_element 20: INFO ----->定位方式:xpath--->定位值://*[@id="cusUpdateModal"]/div/div/div[3]/button
2019-06-15 13:50:48,732 find_element.py--> get_element 20: INFO ----->定位方式:id--->定位值:basicTempSave
2019-06-15 13:50:50,173 find_element.py--> get_element 20: INFO ----->定位方式:id--->定位值:basicModalBtnNegative
2019-06-15 13:50:51,291 find_element.py--> get_element 20: INFO ----->定位方式:id--->定位值:basicSubmit
2019-06-15 13:50:52,484 find_element.py--> get_element 20: INFO ----->定位方式:id--->定位值:basicModalBtnNegative
2019-06-15 14:14:16,453 login_handle.py--> send_username 20: INFO ----->输入用户名是：ccadmin
2019-06-15 14:14:16,458 find_element.py--> get_element 20: INFO ----->定位方式:id--->定位值:loginId
2019-06-15 14:14:16,615 login_handle.py--> send_password 20: INFO ----->输入密码是：123qwe
2019-06-15 14:14:16,618 find_element.py--> get_element 20: INFO ----->定位方式:id--->定位值:password
2019-06-15 14:14:16,727 find_element.py--> get_element 20: INFO ----->定位方式:className--->定位值:login-submit
2019-06-15 14:14:18,365 find_element.py--> get_element 20: INFO ----->定位方式:id--->定位值:910000
2019-06-15 14:14:19,495 find_element.py--> get_element 20: INFO ----->定位方式:id--->定位值:15000000
2019-06-15 14:14:20,630 find_element.py--> get_element 20: INFO ----->定位方式:xpath--->定位值://*[@id="15080000"]
2019-06-15 14:14:20,751 find_element.py--> get_element 20: INFO ----->定位方式:id--->定位值:15080100
2019-06-15 14:14:23,378 find_element.py--> get_element 20: INFO ----->定位方式:xpath--->定位值://*[@id="btn_xinzeng"]
2019-06-15 14:14:25,310 order_info_handle.py--> send_userinfo 20: INFO ----->输入的手机号：18616002176
2019-06-15 14:14:25,312 find_element.py--> get_element 20: INFO ----->定位方式:id--->定位值:phoneNo
2019-06-15 14:14:26,601 find_element.py--> get_element 20: INFO ----->定位方式:id--->定位值:queryMobile
2019-06-15 14:14:27,789 order_info_handle.py--> send_userinfo 20: INFO ----->输入的身份证号：362422198206014862
2019-06-15 14:14:27,791 find_element.py--> get_element 20: INFO ----->定位方式:id--->定位值:idNumber
2019-06-15 14:14:29,965 find_element.py--> get_element 20: INFO ----->定位方式:xpath--->定位值://*[@id="vehicleModel"]/div/div[1]/div[1]/div/div/button/span[1]
2019-06-15 14:14:30,158 find_element.py--> get_element 20: INFO ----->定位方式:xpath--->定位值://*[@id="vehicleModel"]/div/div[1]/div[1]/div/div/div/ul/li[3]/a/span[1]
2019-06-15 14:14:30,380 find_element.py--> get_element 20: INFO ----->定位方式:id--->定位值:purchaseAmount
2019-06-15 14:14:30,586 find_element.py--> get_element 20: INFO ----->定位方式:xpath--->定位值://*[@id="vehicleModel"]/div/div[1]/div[3]/div/div/button/span[1]
2019-06-15 14:14:30,917 find_element.py--> get_element 20: INFO ----->定位方式:xpath--->定位值://*[@id="vehicleModel"]/div/div[1]/div[3]/div/div/div/ul/li[121]/a
2019-06-15 14:14:31,141 find_element.py--> get_element 20: INFO ----->定位方式:xpath--->定位值://*[@id="vehicleModel"]/div/div[2]/div[1]/div/div/button/span[1]
2019-06-15 14:14:31,404 find_element.py--> get_element 20: INFO ----->定位方式:xpath--->定位值://*[@id="vehicleModel"]/div/div[2]/div[1]/div/div/div/ul/li[27]/a
2019-06-15 14:14:31,614 find_element.py--> get_element 20: INFO ----->定位方式:xpath--->定位值://*[@id="vehicleModel"]/div/div[2]/div[2]/div/div/button/span[1]
2019-06-15 14:14:31,944 find_element.py--> get_element 20: INFO ----->定位方式:xpath--->定位值://*[@id="vehicleModel"]/div/div[2]/div[2]/div/div/div/ul/li[3]/a/span[1]
2019-06-15 14:14:32,149 find_element.py--> get_element 20: INFO ----->定位方式:xpath--->定位值://*[@id="vehicleModel"]/div/div[1]/div[4]/div/div/button/span[1]
2019-06-15 14:14:32,344 find_element.py--> get_element 20: INFO ----->定位方式:xpath--->定位值://*[@id="vehicleModel"]/div/div[1]/div[4]/div/div/div/ul/li[2]/a
2019-06-15 14:14:32,546 find_element.py--> get_element 20: INFO ----->定位方式:id--->定位值:guidePrice
2019-06-15 14:14:32,629 find_element.py--> get_element 20: INFO ----->定位方式:id--->定位值:guidePrice
2019-06-15 14:14:32,955 find_element.py--> get_element 20: INFO ----->定位方式:id--->定位值:salePrice
2019-06-15 14:14:33,309 order_info_business.py--> car_price 20: INFO ----->定金金额：3500
2019-06-15 14:14:33,312 find_element.py--> get_element 20: INFO ----->定位方式:id--->定位值:preLicenseProvince
2019-06-15 14:14:33,533 find_element.py--> get_element 20: INFO ----->定位方式:xpath--->定位值://*[@id="preLicenseProvince"]/option[20]
2019-06-15 14:14:33,634 find_element.py--> get_element 20: INFO ----->定位方式:id--->定位值:preLicenseCity
2019-06-15 14:14:33,843 find_element.py--> get_element 20: INFO ----->定位方式:xpath--->定位值://*[@id="preLicenseCity"]/option[2]
2019-06-15 14:14:33,931 find_element.py--> get_element 20: INFO ----->定位方式:id--->定位值:preLicenseSotre
2019-06-15 14:14:34,102 find_element.py--> get_element 20: INFO ----->定位方式:xpath--->定位值://*[@id="preLicenseSotre"]/option[2]
2019-06-15 14:14:34,187 find_element.py--> get_element 20: INFO ----->定位方式:id--->定位值:channelTypeGH
2019-06-15 14:14:34,361 find_element.py--> get_element 20: INFO ----->定位方式:id--->定位值:realNameSystemYNull
2019-06-15 14:14:34,546 find_element.py--> get_element 20: INFO ----->定位方式:id--->定位值:shopInsuranceYNull
2019-06-15 14:14:34,693 find_element.py--> get_element 20: INFO ----->定位方式:id--->定位值:firstYearVehicleAndVesselTax
2019-06-15 14:14:34,810 find_element.py--> get_element 20: INFO ----->定位方式:id--->定位值:firstYearSali
2019-06-15 14:14:34,950 find_element.py--> get_element 20: INFO ----->定位方式:id--->定位值:firstCommercialTheft
2019-06-15 14:14:35,066 find_element.py--> get_element 20: INFO ----->定位方式:id--->定位值:advancePremiumAmt
2019-06-15 14:14:35,210 find_element.py--> get_element 20: INFO ----->定位方式:id--->定位值:termCount
2019-06-15 14:14:35,410 find_element.py--> get_element 20: INFO ----->定位方式:id--->定位值:monthlyRent
2019-06-15 14:14:35,712 find_element.py--> get_element 20: INFO ----->定位方式:id--->定位值:cusInterestRates
2019-06-15 14:14:35,821 find_element.py--> get_element 20: INFO ----->定位方式:id--->定位值:purchaseTax
2019-06-15 14:14:36,034 find_element.py--> get_element 20: INFO ----->定位方式:id--->定位值:gpsFee
2019-06-15 14:14:36,236 find_element.py--> get_element 20: INFO ----->定位方式:id--->定位值:accountMaintenanceFee
2019-06-15 14:14:36,415 find_element.py--> get_element 20: INFO ----->定位方式:id--->定位值:yxDownPaymentAmt
2019-06-15 14:14:36,646 find_element.py--> get_element 20: INFO ----->定位方式:id--->定位值:yxRiskFinancingAmt
2019-06-15 14:14:36,865 find_element.py--> get_element 20: INFO ----->定位方式:id--->定位值:yxRiskControlFinancingAmt
2019-06-15 14:14:37,062 find_element.py--> get_element 20: INFO ----->定位方式:id--->定位值:hsServiceFee
2019-06-15 14:14:37,274 find_element.py--> get_element 20: INFO ----->定位方式:id--->定位值:licenseFee
2019-06-15 14:14:37,477 find_element.py--> get_element 20: INFO ----->定位方式:id--->定位值:mortgageFee
2019-06-15 14:14:37,649 find_element.py--> get_element 20: INFO ----->定位方式:id--->定位值:totalDownPaymentOtherAmt
2019-06-15 14:14:37,792 find_element.py--> get_element 20: INFO ----->定位方式:id--->定位值:remarkId
2019-06-15 14:14:38,333 find_element.py--> get_element 20: INFO ----->定位方式:xpath--->定位值://*[@id="fanancingInfoHs"]/div/div[2]/div[1]/div/div/button/span[1]
2019-06-15 14:14:38,461 find_element.py--> get_element 20: INFO ----->定位方式:xpath--->定位值://*[@id="fanancingInfoHs"]/div/div[2]/div[1]/div/div/div/ul/li[2]/a/span[1]
2019-06-15 14:14:38,636 find_element.py--> get_element 20: INFO ----->定位方式:id--->定位值:yxOrderNo
2019-06-15 14:14:39,185 find_element.py--> get_element 20: INFO ----->定位方式:xpath--->定位值://*[@id="yxAuditFile"]/div/table/tbody/tr[1]/td[3]/input
2019-06-15 14:14:40,353 find_element.py--> get_element 20: INFO ----->定位方式:xpath--->定位值://*[@id="yx-upload-check"]
2019-06-15 14:14:42,960 find_element.py--> get_element 20: INFO ----->定位方式:xpath--->定位值://*[@id="yx-upload-sub"]
2019-06-15 14:14:43,195 find_element.py--> get_element 20: INFO ----->定位方式:xpath--->定位值://*[@id="cusUpdateModal"]/div/div/div[3]/button
2019-06-15 14:14:44,375 find_element.py--> get_element 20: INFO ----->定位方式:xpath--->定位值://*[@id="yxAuditFile"]/div/table/tbody/tr[2]/td[3]/input
2019-06-15 14:14:45,532 find_element.py--> get_element 20: INFO ----->定位方式:xpath--->定位值://*[@id="yx-upload-check"]
2019-06-15 14:14:48,939 find_element.py--> get_element 20: INFO ----->定位方式:xpath--->定位值://*[@id="yx-upload-check"]
2019-06-15 14:14:51,393 find_element.py--> get_element 20: INFO ----->定位方式:xpath--->定位值://*[@id="yx-upload-sub"]
2019-06-15 14:14:51,667 find_element.py--> get_element 20: INFO ----->定位方式:xpath--->定位值://*[@id="cusUpdateModal"]/div/div/div[3]/button
2019-06-15 14:18:59,419 login_handle.py--> send_username 20: INFO ----->输入用户名是：ccadmin
2019-06-15 14:18:59,423 find_element.py--> get_element 20: INFO ----->定位方式:id--->定位值:loginId
2019-06-15 14:18:59,594 login_handle.py--> send_password 20: INFO ----->输入密码是：123qwe
2019-06-15 14:18:59,597 find_element.py--> get_element 20: INFO ----->定位方式:id--->定位值:password
2019-06-15 14:18:59,700 find_element.py--> get_element 20: INFO ----->定位方式:className--->定位值:login-submit
2019-06-15 14:19:01,376 find_element.py--> get_element 20: INFO ----->定位方式:id--->定位值:910000
2019-06-15 14:19:02,459 find_element.py--> get_element 20: INFO ----->定位方式:id--->定位值:15000000
2019-06-15 14:19:03,558 find_element.py--> get_element 20: INFO ----->定位方式:xpath--->定位值://*[@id="15080000"]
2019-06-15 14:19:03,627 find_element.py--> get_element 20: INFO ----->定位方式:id--->定位值:15080100
2019-06-15 14:19:06,169 find_element.py--> get_element 20: INFO ----->定位方式:xpath--->定位值://*[@id="btn_xinzeng"]
2019-06-15 14:19:07,615 order_info_handle.py--> send_userinfo 20: INFO ----->输入的手机号：18666385684
2019-06-15 14:19:07,618 find_element.py--> get_element 20: INFO ----->定位方式:id--->定位值:phoneNo
2019-06-15 14:19:09,248 find_element.py--> get_element 20: INFO ----->定位方式:id--->定位值:queryMobile
2019-06-15 14:19:10,392 order_info_handle.py--> send_userinfo 20: INFO ----->输入的身份证号：110100196702044773
2019-06-15 14:19:10,394 find_element.py--> get_element 20: INFO ----->定位方式:id--->定位值:idNumber
2019-06-15 14:19:12,264 find_element.py--> get_element 20: INFO ----->定位方式:xpath--->定位值://*[@id="vehicleModel"]/div/div[1]/div[1]/div/div/button/span[1]
2019-06-15 14:19:12,413 find_element.py--> get_element 20: INFO ----->定位方式:xpath--->定位值://*[@id="vehicleModel"]/div/div[1]/div[1]/div/div/div/ul/li[3]/a/span[1]
2019-06-15 14:19:12,593 find_element.py--> get_element 20: INFO ----->定位方式:id--->定位值:purchaseAmount
2019-06-15 14:19:12,780 find_element.py--> get_element 20: INFO ----->定位方式:xpath--->定位值://*[@id="vehicleModel"]/div/div[1]/div[3]/div/div/button/span[1]
2019-06-15 14:19:13,040 find_element.py--> get_element 20: INFO ----->定位方式:xpath--->定位值://*[@id="vehicleModel"]/div/div[1]/div[3]/div/div/div/ul/li[121]/a
2019-06-15 14:19:13,221 find_element.py--> get_element 20: INFO ----->定位方式:xpath--->定位值://*[@id="vehicleModel"]/div/div[2]/div[1]/div/div/button/span[1]
2019-06-15 14:19:13,413 find_element.py--> get_element 20: INFO ----->定位方式:xpath--->定位值://*[@id="vehicleModel"]/div/div[2]/div[1]/div/div/div/ul/li[27]/a
2019-06-15 14:19:13,597 find_element.py--> get_element 20: INFO ----->定位方式:xpath--->定位值://*[@id="vehicleModel"]/div/div[2]/div[2]/div/div/button/span[1]
2019-06-15 14:19:13,871 find_element.py--> get_element 20: INFO ----->定位方式:xpath--->定位值://*[@id="vehicleModel"]/div/div[2]/div[2]/div/div/div/ul/li[3]/a/span[1]
2019-06-15 14:19:14,048 find_element.py--> get_element 20: INFO ----->定位方式:xpath--->定位值://*[@id="vehicleModel"]/div/div[1]/div[4]/div/div/button/span[1]
2019-06-15 14:19:14,198 find_element.py--> get_element 20: INFO ----->定位方式:xpath--->定位值://*[@id="vehicleModel"]/div/div[1]/div[4]/div/div/div/ul/li[2]/a
2019-06-15 14:19:14,350 find_element.py--> get_element 20: INFO ----->定位方式:id--->定位值:guidePrice
2019-06-15 14:19:14,405 find_element.py--> get_element 20: INFO ----->定位方式:id--->定位值:guidePrice
2019-06-15 14:19:14,670 find_element.py--> get_element 20: INFO ----->定位方式:id--->定位值:salePrice
2019-06-15 14:19:15,061 order_info_business.py--> car_price 20: INFO ----->定金金额：3500
2019-06-15 14:19:15,064 find_element.py--> get_element 20: INFO ----->定位方式:id--->定位值:preLicenseProvince
2019-06-15 14:19:15,224 find_element.py--> get_element 20: INFO ----->定位方式:xpath--->定位值://*[@id="preLicenseProvince"]/option[20]
2019-06-15 14:19:15,348 find_element.py--> get_element 20: INFO ----->定位方式:id--->定位值:preLicenseCity
2019-06-15 14:19:15,512 find_element.py--> get_element 20: INFO ----->定位方式:xpath--->定位值://*[@id="preLicenseCity"]/option[2]
2019-06-15 14:19:15,624 find_element.py--> get_element 20: INFO ----->定位方式:id--->定位值:preLicenseSotre
2019-06-15 14:19:15,795 find_element.py--> get_element 20: INFO ----->定位方式:xpath--->定位值://*[@id="preLicenseSotre"]/option[2]
2019-06-15 14:19:15,881 find_element.py--> get_element 20: INFO ----->定位方式:id--->定位值:channelTypeGH
2019-06-15 14:19:16,056 find_element.py--> get_element 20: INFO ----->定位方式:id--->定位值:realNameSystemYNull
2019-06-15 14:19:16,231 find_element.py--> get_element 20: INFO ----->定位方式:id--->定位值:shopInsuranceYNull
2019-06-15 14:19:16,372 find_element.py--> get_element 20: INFO ----->定位方式:id--->定位值:firstYearVehicleAndVesselTax
2019-06-15 14:19:16,499 find_element.py--> get_element 20: INFO ----->定位方式:id--->定位值:firstYearSali
2019-06-15 14:19:16,635 find_element.py--> get_element 20: INFO ----->定位方式:id--->定位值:firstCommercialTheft
2019-06-15 14:19:16,804 find_element.py--> get_element 20: INFO ----->定位方式:id--->定位值:advancePremiumAmt
2019-06-15 14:19:16,962 find_element.py--> get_element 20: INFO ----->定位方式:id--->定位值:termCount
2019-06-15 14:19:17,300 find_element.py--> get_element 20: INFO ----->定位方式:id--->定位值:monthlyRent
2019-06-15 14:19:17,703 find_element.py--> get_element 20: INFO ----->定位方式:id--->定位值:cusInterestRates
2019-06-15 14:19:17,858 find_element.py--> get_element 20: INFO ----->定位方式:id--->定位值:purchaseTax
2019-06-15 14:19:18,165 find_element.py--> get_element 20: INFO ----->定位方式:id--->定位值:gpsFee
2019-06-15 14:19:18,341 find_element.py--> get_element 20: INFO ----->定位方式:id--->定位值:accountMaintenanceFee
2019-06-15 14:19:18,529 find_element.py--> get_element 20: INFO ----->定位方式:id--->定位值:yxDownPaymentAmt
2019-06-15 14:19:18,792 find_element.py--> get_element 20: INFO ----->定位方式:id--->定位值:yxRiskFinancingAmt
2019-06-15 14:19:19,011 find_element.py--> get_element 20: INFO ----->定位方式:id--->定位值:yxRiskControlFinancingAmt
2019-06-15 14:19:19,227 find_element.py--> get_element 20: INFO ----->定位方式:id--->定位值:hsServiceFee
2019-06-15 14:19:19,432 find_element.py--> get_element 20: INFO ----->定位方式:id--->定位值:licenseFee
2019-06-15 14:19:19,605 find_element.py--> get_element 20: INFO ----->定位方式:id--->定位值:mortgageFee
2019-06-15 14:19:19,816 find_element.py--> get_element 20: INFO ----->定位方式:id--->定位值:totalDownPaymentOtherAmt
2019-06-15 14:19:19,943 find_element.py--> get_element 20: INFO ----->定位方式:id--->定位值:remarkId
2019-06-15 14:19:20,477 find_element.py--> get_element 20: INFO ----->定位方式:xpath--->定位值://*[@id="fanancingInfoHs"]/div/div[2]/div[1]/div/div/button/span[1]
2019-06-15 14:19:20,634 find_element.py--> get_element 20: INFO ----->定位方式:xpath--->定位值://*[@id="fanancingInfoHs"]/div/div[2]/div[1]/div/div/div/ul/li[2]/a/span[1]
2019-06-15 14:19:20,862 find_element.py--> get_element 20: INFO ----->定位方式:id--->定位值:yxOrderNo
2019-06-15 14:19:21,399 find_element.py--> get_element 20: INFO ----->定位方式:xpath--->定位值://*[@id="yxAuditFile"]/div/table/tbody/tr[1]/td[3]/input
2019-06-15 14:19:22,551 find_element.py--> get_element 20: INFO ----->定位方式:xpath--->定位值://*[@id="yx-upload-check"]
2019-06-15 14:19:25,120 find_element.py--> get_element 20: INFO ----->定位方式:xpath--->定位值://*[@id="yx-upload-sub"]
2019-06-15 14:19:25,358 find_element.py--> get_element 20: INFO ----->定位方式:xpath--->定位值://*[@id="cusUpdateModal"]/div/div/div[3]/button
2019-06-15 14:19:26,494 find_element.py--> get_element 20: INFO ----->定位方式:xpath--->定位值://*[@id="yxAuditFile"]/div/table/tbody/tr[2]/td[3]/input
2019-06-15 14:19:27,638 find_element.py--> get_element 20: INFO ----->定位方式:xpath--->定位值://*[@id="yx-upload-check"]
2019-06-15 14:19:31,047 find_element.py--> get_element 20: INFO ----->定位方式:xpath--->定位值://*[@id="yx-upload-check"]
2019-06-15 14:19:33,467 find_element.py--> get_element 20: INFO ----->定位方式:xpath--->定位值://*[@id="yx-upload-sub"]
2019-06-15 14:19:33,680 find_element.py--> get_element 20: INFO ----->定位方式:xpath--->定位值://*[@id="cusUpdateModal"]/div/div/div[3]/button
2019-06-15 14:22:11,157 login_handle.py--> send_username 20: INFO ----->输入用户名是：ccadmin
2019-06-15 14:22:11,158 find_element.py--> get_element 20: INFO ----->定位方式:id--->定位值:loginId
2019-06-15 14:22:11,267 login_handle.py--> send_password 20: INFO ----->输入密码是：123qwe
2019-06-15 14:22:11,269 find_element.py--> get_element 20: INFO ----->定位方式:id--->定位值:password
2019-06-15 14:22:11,343 find_element.py--> get_element 20: INFO ----->定位方式:className--->定位值:login-submit
2019-06-15 14:22:12,907 find_element.py--> get_element 20: INFO ----->定位方式:id--->定位值:910000
2019-06-15 14:22:14,000 find_element.py--> get_element 20: INFO ----->定位方式:id--->定位值:15000000
2019-06-15 14:22:15,153 find_element.py--> get_element 20: INFO ----->定位方式:xpath--->定位值://*[@id="15080000"]
2019-06-15 14:22:15,262 find_element.py--> get_element 20: INFO ----->定位方式:id--->定位值:15080100
2019-06-15 14:22:17,893 find_element.py--> get_element 20: INFO ----->定位方式:xpath--->定位值://*[@id="btn_xinzeng"]
2019-06-15 14:22:20,138 order_info_handle.py--> send_userinfo 20: INFO ----->输入的手机号：18677222124
2019-06-15 14:22:20,141 find_element.py--> get_element 20: INFO ----->定位方式:id--->定位值:phoneNo
2019-06-15 14:22:21,423 find_element.py--> get_element 20: INFO ----->定位方式:id--->定位值:queryMobile
2019-06-15 14:22:22,571 order_info_handle.py--> send_userinfo 20: INFO ----->输入的身份证号：110107198402023818
2019-06-15 14:22:22,574 find_element.py--> get_element 20: INFO ----->定位方式:id--->定位值:idNumber
2019-06-15 14:22:24,385 find_element.py--> get_element 20: INFO ----->定位方式:xpath--->定位值://*[@id="vehicleModel"]/div/div[1]/div[1]/div/div/button/span[1]
2019-06-15 14:22:24,533 find_element.py--> get_element 20: INFO ----->定位方式:xpath--->定位值://*[@id="vehicleModel"]/div/div[1]/div[1]/div/div/div/ul/li[3]/a/span[1]
2019-06-15 14:22:24,719 find_element.py--> get_element 20: INFO ----->定位方式:id--->定位值:purchaseAmount
2019-06-15 14:22:24,918 find_element.py--> get_element 20: INFO ----->定位方式:xpath--->定位值://*[@id="vehicleModel"]/div/div[1]/div[3]/div/div/button/span[1]
2019-06-15 14:22:25,185 find_element.py--> get_element 20: INFO ----->定位方式:xpath--->定位值://*[@id="vehicleModel"]/div/div[1]/div[3]/div/div/div/ul/li[121]/a
2019-06-15 14:22:25,390 find_element.py--> get_element 20: INFO ----->定位方式:xpath--->定位值://*[@id="vehicleModel"]/div/div[2]/div[1]/div/div/button/span[1]
2019-06-15 14:22:25,586 find_element.py--> get_element 20: INFO ----->定位方式:xpath--->定位值://*[@id="vehicleModel"]/div/div[2]/div[1]/div/div/div/ul/li[27]/a
2019-06-15 14:22:25,753 find_element.py--> get_element 20: INFO ----->定位方式:xpath--->定位值://*[@id="vehicleModel"]/div/div[2]/div[2]/div/div/button/span[1]
2019-06-15 14:22:26,030 find_element.py--> get_element 20: INFO ----->定位方式:xpath--->定位值://*[@id="vehicleModel"]/div/div[2]/div[2]/div/div/div/ul/li[3]/a/span[1]
2019-06-15 14:22:26,226 find_element.py--> get_element 20: INFO ----->定位方式:xpath--->定位值://*[@id="vehicleModel"]/div/div[1]/div[4]/div/div/button/span[1]
2019-06-15 14:22:26,447 find_element.py--> get_element 20: INFO ----->定位方式:xpath--->定位值://*[@id="vehicleModel"]/div/div[1]/div[4]/div/div/div/ul/li[2]/a
2019-06-15 14:22:26,612 find_element.py--> get_element 20: INFO ----->定位方式:id--->定位值:guidePrice
2019-06-15 14:22:26,671 find_element.py--> get_element 20: INFO ----->定位方式:id--->定位值:guidePrice
2019-06-15 14:22:26,934 find_element.py--> get_element 20: INFO ----->定位方式:id--->定位值:salePrice
2019-06-15 14:22:27,348 order_info_business.py--> car_price 20: INFO ----->定金金额：3500
2019-06-15 14:22:27,351 find_element.py--> get_element 20: INFO ----->定位方式:id--->定位值:preLicenseProvince
2019-06-15 14:22:27,513 find_element.py--> get_element 20: INFO ----->定位方式:xpath--->定位值://*[@id="preLicenseProvince"]/option[20]
2019-06-15 14:22:27,657 find_element.py--> get_element 20: INFO ----->定位方式:id--->定位值:preLicenseCity
2019-06-15 14:22:27,819 find_element.py--> get_element 20: INFO ----->定位方式:xpath--->定位值://*[@id="preLicenseCity"]/option[2]
2019-06-15 14:22:27,907 find_element.py--> get_element 20: INFO ----->定位方式:id--->定位值:preLicenseSotre
2019-06-15 14:22:28,067 find_element.py--> get_element 20: INFO ----->定位方式:xpath--->定位值://*[@id="preLicenseSotre"]/option[2]
2019-06-15 14:22:28,181 find_element.py--> get_element 20: INFO ----->定位方式:id--->定位值:channelTypeGH
2019-06-15 14:22:28,381 find_element.py--> get_element 20: INFO ----->定位方式:id--->定位值:realNameSystemYNull
2019-06-15 14:22:28,582 find_element.py--> get_element 20: INFO ----->定位方式:id--->定位值:shopInsuranceYNull
2019-06-15 14:22:28,759 find_element.py--> get_element 20: INFO ----->定位方式:id--->定位值:firstYearVehicleAndVesselTax
2019-06-15 14:22:28,884 find_element.py--> get_element 20: INFO ----->定位方式:id--->定位值:firstYearSali
2019-06-15 14:22:29,004 find_element.py--> get_element 20: INFO ----->定位方式:id--->定位值:firstCommercialTheft
2019-06-15 14:22:29,120 find_element.py--> get_element 20: INFO ----->定位方式:id--->定位值:advancePremiumAmt
2019-06-15 14:22:29,300 find_element.py--> get_element 20: INFO ----->定位方式:id--->定位值:termCount
2019-06-15 14:22:29,503 find_element.py--> get_element 20: INFO ----->定位方式:id--->定位值:monthlyRent
2019-06-15 14:22:29,739 find_element.py--> get_element 20: INFO ----->定位方式:id--->定位值:cusInterestRates
2019-06-15 14:22:29,871 find_element.py--> get_element 20: INFO ----->定位方式:id--->定位值:purchaseTax
2019-06-15 14:22:30,043 find_element.py--> get_element 20: INFO ----->定位方式:id--->定位值:gpsFee
2019-06-15 14:22:30,225 find_element.py--> get_element 20: INFO ----->定位方式:id--->定位值:accountMaintenanceFee
2019-06-15 14:22:30,507 find_element.py--> get_element 20: INFO ----->定位方式:id--->定位值:yxDownPaymentAmt
2019-06-15 14:22:30,729 find_element.py--> get_element 20: INFO ----->定位方式:id--->定位值:yxRiskFinancingAmt
2019-06-15 14:22:30,944 find_element.py--> get_element 20: INFO ----->定位方式:id--->定位值:yxRiskControlFinancingAmt
2019-06-15 14:22:31,129 find_element.py--> get_element 20: INFO ----->定位方式:id--->定位值:hsServiceFee
2019-06-15 14:22:31,341 find_element.py--> get_element 20: INFO ----->定位方式:id--->定位值:licenseFee
2019-06-15 14:22:31,566 find_element.py--> get_element 20: INFO ----->定位方式:id--->定位值:mortgageFee
2019-06-15 14:22:31,738 find_element.py--> get_element 20: INFO ----->定位方式:id--->定位值:totalDownPaymentOtherAmt
2019-06-15 14:22:31,865 find_element.py--> get_element 20: INFO ----->定位方式:id--->定位值:remarkId
2019-06-15 14:22:32,424 find_element.py--> get_element 20: INFO ----->定位方式:xpath--->定位值://*[@id="fanancingInfoHs"]/div/div[2]/div[1]/div/div/button/span[1]
2019-06-15 14:22:32,554 find_element.py--> get_element 20: INFO ----->定位方式:xpath--->定位值://*[@id="fanancingInfoHs"]/div/div[2]/div[1]/div/div/div/ul/li[2]/a/span[1]
2019-06-15 14:22:32,772 find_element.py--> get_element 20: INFO ----->定位方式:id--->定位值:yxOrderNo
2019-06-15 14:22:33,346 find_element.py--> get_element 20: INFO ----->定位方式:xpath--->定位值://*[@id="yxAuditFile"]/div/table/tbody/tr[1]/td[3]/input
2019-06-15 14:22:34,498 find_element.py--> get_element 20: INFO ----->定位方式:xpath--->定位值://*[@id="yx-upload-check"]
2019-06-15 14:22:37,085 find_element.py--> get_element 20: INFO ----->定位方式:xpath--->定位值://*[@id="yx-upload-sub"]
2019-06-15 14:22:37,322 find_element.py--> get_element 20: INFO ----->定位方式:xpath--->定位值://*[@id="cusUpdateModal"]/div/div/div[3]/button
2019-06-15 14:22:38,485 find_element.py--> get_element 20: INFO ----->定位方式:xpath--->定位值://*[@id="yxAuditFile"]/div/table/tbody/tr[2]/td[3]/input
2019-06-15 14:22:39,622 find_element.py--> get_element 20: INFO ----->定位方式:xpath--->定位值://*[@id="yx-upload-check"]
2019-06-15 14:22:43,055 find_element.py--> get_element 20: INFO ----->定位方式:xpath--->定位值://*[@id="yx-upload-check"]
2019-06-15 14:22:45,541 find_element.py--> get_element 20: INFO ----->定位方式:xpath--->定位值://*[@id="yx-upload-sub"]
2019-06-15 14:22:45,801 find_element.py--> get_element 20: INFO ----->定位方式:xpath--->定位值://*[@id="cusUpdateModal"]/div/div/div[3]/button
2019-06-15 14:32:06,865 login_handle.py--> send_username 20: INFO ----->输入用户名是：ccadmin
2019-06-15 14:32:06,867 find_element.py--> get_element 20: INFO ----->定位方式:id--->定位值:loginId
2019-06-15 14:32:06,982 login_handle.py--> send_password 20: INFO ----->输入密码是：123qwe
2019-06-15 14:32:06,985 find_element.py--> get_element 20: INFO ----->定位方式:id--->定位值:password
2019-06-15 14:32:07,077 find_element.py--> get_element 20: INFO ----->定位方式:className--->定位值:login-submit
2019-06-15 14:32:08,722 find_element.py--> get_element 20: INFO ----->定位方式:id--->定位值:910000
2019-06-15 14:32:09,818 find_element.py--> get_element 20: INFO ----->定位方式:id--->定位值:15000000
2019-06-15 14:32:10,910 find_element.py--> get_element 20: INFO ----->定位方式:xpath--->定位值://*[@id="15080000"]
2019-06-15 14:32:10,984 find_element.py--> get_element 20: INFO ----->定位方式:id--->定位值:15080100
2019-06-15 14:32:13,323 find_element.py--> get_element 20: INFO ----->定位方式:xpath--->定位值://*[@id="btn_xinzeng"]
2019-06-15 14:32:14,713 order_info_handle.py--> send_userinfo 20: INFO ----->输入的手机号：18666572344
2019-06-15 14:32:14,716 find_element.py--> get_element 20: INFO ----->定位方式:id--->定位值:phoneNo
2019-06-15 14:32:16,360 find_element.py--> get_element 20: INFO ----->定位方式:id--->定位值:queryMobile
2019-06-15 14:32:17,517 order_info_handle.py--> send_userinfo 20: INFO ----->输入的身份证号：362427196607190603
2019-06-15 14:32:17,519 find_element.py--> get_element 20: INFO ----->定位方式:id--->定位值:idNumber
2019-06-15 14:32:19,302 find_element.py--> get_element 20: INFO ----->定位方式:xpath--->定位值://*[@id="vehicleModel"]/div/div[1]/div[1]/div/div/button/span[1]
2019-06-15 14:32:19,467 find_element.py--> get_element 20: INFO ----->定位方式:xpath--->定位值://*[@id="vehicleModel"]/div/div[1]/div[1]/div/div/div/ul/li[3]/a/span[1]
2019-06-15 14:32:19,641 find_element.py--> get_element 20: INFO ----->定位方式:id--->定位值:purchaseAmount
2019-06-15 14:32:19,850 find_element.py--> get_element 20: INFO ----->定位方式:xpath--->定位值://*[@id="vehicleModel"]/div/div[1]/div[3]/div/div/button/span[1]
2019-06-15 14:32:20,164 find_element.py--> get_element 20: INFO ----->定位方式:xpath--->定位值://*[@id="vehicleModel"]/div/div[1]/div[3]/div/div/div/ul/li[121]/a
2019-06-15 14:32:20,339 find_element.py--> get_element 20: INFO ----->定位方式:xpath--->定位值://*[@id="vehicleModel"]/div/div[2]/div[1]/div/div/button/span[1]
2019-06-15 14:32:20,552 find_element.py--> get_element 20: INFO ----->定位方式:xpath--->定位值://*[@id="vehicleModel"]/div/div[2]/div[1]/div/div/div/ul/li[27]/a
2019-06-15 14:32:20,711 find_element.py--> get_element 20: INFO ----->定位方式:xpath--->定位值://*[@id="vehicleModel"]/div/div[2]/div[2]/div/div/button/span[1]
2019-06-15 14:32:20,965 find_element.py--> get_element 20: INFO ----->定位方式:xpath--->定位值://*[@id="vehicleModel"]/div/div[2]/div[2]/div/div/div/ul/li[3]/a/span[1]
2019-06-15 14:32:21,166 find_element.py--> get_element 20: INFO ----->定位方式:xpath--->定位值://*[@id="vehicleModel"]/div/div[1]/div[4]/div/div/button/span[1]
2019-06-15 14:32:21,304 find_element.py--> get_element 20: INFO ----->定位方式:xpath--->定位值://*[@id="vehicleModel"]/div/div[1]/div[4]/div/div/div/ul/li[2]/a
2019-06-15 14:32:21,450 find_element.py--> get_element 20: INFO ----->定位方式:id--->定位值:guidePrice
2019-06-15 14:32:21,562 find_element.py--> get_element 20: INFO ----->定位方式:id--->定位值:guidePrice
2019-06-15 14:32:21,853 find_element.py--> get_element 20: INFO ----->定位方式:id--->定位值:salePrice
2019-06-15 14:32:22,217 order_info_business.py--> car_price 20: INFO ----->定金金额：3500
2019-06-15 14:32:22,220 find_element.py--> get_element 20: INFO ----->定位方式:id--->定位值:preLicenseProvince
2019-06-15 14:32:22,392 find_element.py--> get_element 20: INFO ----->定位方式:xpath--->定位值://*[@id="preLicenseProvince"]/option[20]
2019-06-15 14:32:22,508 find_element.py--> get_element 20: INFO ----->定位方式:id--->定位值:preLicenseCity
2019-06-15 14:32:22,675 find_element.py--> get_element 20: INFO ----->定位方式:xpath--->定位值://*[@id="preLicenseCity"]/option[2]
2019-06-15 14:32:22,764 find_element.py--> get_element 20: INFO ----->定位方式:id--->定位值:preLicenseSotre
2019-06-15 14:32:22,939 find_element.py--> get_element 20: INFO ----->定位方式:xpath--->定位值://*[@id="preLicenseSotre"]/option[2]
2019-06-15 14:32:23,019 find_element.py--> get_element 20: INFO ----->定位方式:id--->定位值:channelTypeGH
2019-06-15 14:32:23,209 find_element.py--> get_element 20: INFO ----->定位方式:id--->定位值:realNameSystemYNull
2019-06-15 14:32:23,375 find_element.py--> get_element 20: INFO ----->定位方式:id--->定位值:shopInsuranceYNull
2019-06-15 14:32:23,545 find_element.py--> get_element 20: INFO ----->定位方式:id--->定位值:firstYearVehicleAndVesselTax
2019-06-15 14:32:23,653 find_element.py--> get_element 20: INFO ----->定位方式:id--->定位值:firstYearSali
2019-06-15 14:32:23,769 find_element.py--> get_element 20: INFO ----->定位方式:id--->定位值:firstCommercialTheft
2019-06-15 14:32:23,919 find_element.py--> get_element 20: INFO ----->定位方式:id--->定位值:advancePremiumAmt
2019-06-15 14:32:24,063 find_element.py--> get_element 20: INFO ----->定位方式:id--->定位值:termCount
2019-06-15 14:32:24,261 find_element.py--> get_element 20: INFO ----->定位方式:id--->定位值:monthlyRent
2019-06-15 14:32:24,516 find_element.py--> get_element 20: INFO ----->定位方式:id--->定位值:cusInterestRates
2019-06-15 14:32:24,623 find_element.py--> get_element 20: INFO ----->定位方式:id--->定位值:purchaseTax
2019-06-15 14:32:24,840 find_element.py--> get_element 20: INFO ----->定位方式:id--->定位值:gpsFee
2019-06-15 14:32:25,041 find_element.py--> get_element 20: INFO ----->定位方式:id--->定位值:accountMaintenanceFee
2019-06-15 14:32:25,235 find_element.py--> get_element 20: INFO ----->定位方式:id--->定位值:yxDownPaymentAmt
2019-06-15 14:32:25,450 find_element.py--> get_element 20: INFO ----->定位方式:id--->定位值:yxRiskFinancingAmt
2019-06-15 14:32:25,721 find_element.py--> get_element 20: INFO ----->定位方式:id--->定位值:yxRiskControlFinancingAmt
2019-06-15 14:32:25,920 find_element.py--> get_element 20: INFO ----->定位方式:id--->定位值:hsServiceFee
2019-06-15 14:32:26,132 find_element.py--> get_element 20: INFO ----->定位方式:id--->定位值:licenseFee
2019-06-15 14:32:26,316 find_element.py--> get_element 20: INFO ----->定位方式:id--->定位值:mortgageFee
2019-06-15 14:32:26,533 find_element.py--> get_element 20: INFO ----->定位方式:id--->定位值:totalDownPaymentOtherAmt
2019-06-15 14:32:26,658 find_element.py--> get_element 20: INFO ----->定位方式:id--->定位值:remarkId
2019-06-15 14:32:27,200 find_element.py--> get_element 20: INFO ----->定位方式:xpath--->定位值://*[@id="fanancingInfoHs"]/div/div[2]/div[1]/div/div/button/span[1]
2019-06-15 14:32:27,321 find_element.py--> get_element 20: INFO ----->定位方式:xpath--->定位值://*[@id="fanancingInfoHs"]/div/div[2]/div[1]/div/div/div/ul/li[2]/a/span[1]
2019-06-15 14:32:27,532 find_element.py--> get_element 20: INFO ----->定位方式:id--->定位值:yxOrderNo
2019-06-15 14:32:28,084 find_element.py--> get_element 20: INFO ----->定位方式:xpath--->定位值://*[@id="yxAuditFile"]/div/table/tbody/tr[1]/td[3]/input
2019-06-15 14:32:29,233 find_element.py--> get_element 20: INFO ----->定位方式:xpath--->定位值://*[@id="yx-upload-check"]
2019-06-15 14:32:31,769 find_element.py--> get_element 20: INFO ----->定位方式:xpath--->定位值://*[@id="yx-upload-sub"]
2019-06-15 14:32:31,953 find_element.py--> get_element 20: INFO ----->定位方式:xpath--->定位值://*[@id="cusUpdateModal"]/div/div/div[3]/button
2019-06-15 14:32:33,098 find_element.py--> get_element 20: INFO ----->定位方式:xpath--->定位值://*[@id="yxAuditFile"]/div/table/tbody/tr[2]/td[3]/input
2019-06-15 14:32:34,254 find_element.py--> get_element 20: INFO ----->定位方式:xpath--->定位值://*[@id="yx-upload-check"]
2019-06-15 14:32:37,660 find_element.py--> get_element 20: INFO ----->定位方式:xpath--->定位值://*[@id="yx-upload-check"]
2019-06-15 14:32:40,145 find_element.py--> get_element 20: INFO ----->定位方式:xpath--->定位值://*[@id="yx-upload-sub"]
2019-06-15 14:32:40,315 find_element.py--> get_element 20: INFO ----->定位方式:xpath--->定位值://*[@id="cusUpdateModal"]/div/div/div[3]/button
2019-06-15 14:47:03,158 login_handle.py--> send_username 20: INFO ----->输入用户名是：zhaoyunhe1
2019-06-15 14:47:03,162 find_element.py--> get_element 20: INFO ----->定位方式:id--->定位值:loginId
2019-06-15 14:47:03,322 login_handle.py--> send_password 20: INFO ----->输入密码是：123qwe
2019-06-15 14:47:03,325 find_element.py--> get_element 20: INFO ----->定位方式:id--->定位值:password
2019-06-15 14:47:03,415 find_element.py--> get_element 20: INFO ----->定位方式:className--->定位值:login-submit
2019-06-15 14:47:05,009 find_element.py--> get_element 20: INFO ----->定位方式:id--->定位值:910000
2019-06-15 14:47:06,091 find_element.py--> get_element 20: INFO ----->定位方式:id--->定位值:15000000
2019-06-15 14:47:07,192 find_element.py--> get_element 20: INFO ----->定位方式:xpath--->定位值://*[@id="15080000"]
2019-06-15 14:47:07,263 find_element.py--> get_element 20: INFO ----->定位方式:id--->定位值:15080100
2019-06-15 14:47:09,582 find_element.py--> get_element 20: INFO ----->定位方式:xpath--->定位值://*[@id="btn_xinzeng"]
2019-06-15 14:47:11,053 order_info_handle.py--> send_userinfo 20: INFO ----->输入的手机号：18649668876
2019-06-15 14:47:11,056 find_element.py--> get_element 20: INFO ----->定位方式:id--->定位值:phoneNo
2019-06-15 14:47:12,190 find_element.py--> get_element 20: INFO ----->定位方式:id--->定位值:queryMobile
2019-06-15 14:47:13,348 order_info_handle.py--> send_userinfo 20: INFO ----->输入的身份证号：110111199103022172
2019-06-15 14:47:13,350 find_element.py--> get_element 20: INFO ----->定位方式:id--->定位值:idNumber
2019-06-15 14:47:13,352 find_element.py--> get_element 20: INFO ----->找不到定位元素
2019-06-15 14:47:46,207 login_handle.py--> send_username 20: INFO ----->输入用户名是：zhaoyunhe1
2019-06-15 14:47:46,210 find_element.py--> get_element 20: INFO ----->定位方式:id--->定位值:loginId
2019-06-15 14:47:46,356 login_handle.py--> send_password 20: INFO ----->输入密码是：123qwe
2019-06-15 14:47:46,358 find_element.py--> get_element 20: INFO ----->定位方式:id--->定位值:password
2019-06-15 14:47:46,428 find_element.py--> get_element 20: INFO ----->定位方式:className--->定位值:login-submit
2019-06-15 14:47:47,973 find_element.py--> get_element 20: INFO ----->定位方式:id--->定位值:910000
2019-06-15 14:47:49,086 find_element.py--> get_element 20: INFO ----->定位方式:id--->定位值:15000000
2019-06-15 14:47:50,191 find_element.py--> get_element 20: INFO ----->定位方式:xpath--->定位值://*[@id="15080000"]
2019-06-15 14:47:50,296 find_element.py--> get_element 20: INFO ----->定位方式:id--->定位值:15080100
2019-06-15 14:47:52,708 find_element.py--> get_element 20: INFO ----->定位方式:xpath--->定位值://*[@id="btn_xinzeng"]
2019-06-15 14:47:54,190 order_info_handle.py--> send_userinfo 20: INFO ----->输入的手机号：18696343500
2019-06-15 14:47:54,193 find_element.py--> get_element 20: INFO ----->定位方式:id--->定位值:phoneNo
2019-06-15 14:47:55,626 find_element.py--> get_element 20: INFO ----->定位方式:id--->定位值:queryMobile
2019-06-15 14:47:56,769 order_info_handle.py--> send_userinfo 20: INFO ----->输入的身份证号：362422197906130303
2019-06-15 14:47:56,770 find_element.py--> get_element 20: INFO ----->定位方式:id--->定位值:idNumber
2019-06-15 14:47:58,579 find_element.py--> get_element 20: INFO ----->定位方式:xpath--->定位值://*[@id="vehicleModel"]/div/div[1]/div[1]/div/div/button/span[1]
2019-06-15 14:47:58,726 find_element.py--> get_element 20: INFO ----->定位方式:xpath--->定位值://*[@id="vehicleModel"]/div/div[1]/div[1]/div/div/div/ul/li[3]/a/span[1]
2019-06-15 14:47:58,910 find_element.py--> get_element 20: INFO ----->定位方式:id--->定位值:purchaseAmount
2019-06-15 14:47:59,104 find_element.py--> get_element 20: INFO ----->定位方式:xpath--->定位值://*[@id="vehicleModel"]/div/div[1]/div[3]/div/div/button/span[1]
2019-06-15 14:47:59,362 find_element.py--> get_element 20: INFO ----->定位方式:xpath--->定位值://*[@id="vehicleModel"]/div/div[1]/div[3]/div/div/div/ul/li[121]/a
2019-06-15 14:47:59,587 find_element.py--> get_element 20: INFO ----->定位方式:xpath--->定位值://*[@id="vehicleModel"]/div/div[2]/div[1]/div/div/button/span[1]
2019-06-15 14:47:59,781 find_element.py--> get_element 20: INFO ----->定位方式:xpath--->定位值://*[@id="vehicleModel"]/div/div[2]/div[1]/div/div/div/ul/li[27]/a
2019-06-15 14:47:59,959 find_element.py--> get_element 20: INFO ----->定位方式:xpath--->定位值://*[@id="vehicleModel"]/div/div[2]/div[2]/div/div/button/span[1]
2019-06-15 14:48:00,193 find_element.py--> get_element 20: INFO ----->定位方式:xpath--->定位值://*[@id="vehicleModel"]/div/div[2]/div[2]/div/div/div/ul/li[3]/a/span[1]
2019-06-15 14:48:00,380 find_element.py--> get_element 20: INFO ----->定位方式:xpath--->定位值://*[@id="vehicleModel"]/div/div[1]/div[4]/div/div/button/span[1]
2019-06-15 14:48:00,534 find_element.py--> get_element 20: INFO ----->定位方式:xpath--->定位值://*[@id="vehicleModel"]/div/div[1]/div[4]/div/div/div/ul/li[2]/a
2019-06-15 14:48:00,685 find_element.py--> get_element 20: INFO ----->定位方式:id--->定位值:guidePrice
2019-06-15 14:48:00,744 find_element.py--> get_element 20: INFO ----->定位方式:id--->定位值:guidePrice
2019-06-15 14:48:01,070 find_element.py--> get_element 20: INFO ----->定位方式:id--->定位值:salePrice
2019-06-15 14:48:01,513 order_info_business.py--> car_price 20: INFO ----->定金金额：3500
2019-06-15 14:48:01,518 find_element.py--> get_element 20: INFO ----->定位方式:id--->定位值:preLicenseProvince
2019-06-15 14:48:01,689 find_element.py--> get_element 20: INFO ----->定位方式:xpath--->定位值://*[@id="preLicenseProvince"]/option[20]
2019-06-15 14:48:01,790 find_element.py--> get_element 20: INFO ----->定位方式:id--->定位值:preLicenseCity
2019-06-15 14:48:01,983 find_element.py--> get_element 20: INFO ----->定位方式:xpath--->定位值://*[@id="preLicenseCity"]/option[2]
2019-06-15 14:48:02,104 find_element.py--> get_element 20: INFO ----->定位方式:id--->定位值:preLicenseSotre
2019-06-15 14:48:02,271 find_element.py--> get_element 20: INFO ----->定位方式:xpath--->定位值://*[@id="preLicenseSotre"]/option[2]
2019-06-15 14:48:02,359 find_element.py--> get_element 20: INFO ----->定位方式:id--->定位值:channelTypeGH
2019-06-15 14:48:02,562 find_element.py--> get_element 20: INFO ----->定位方式:id--->定位值:realNameSystemYNull
2019-06-15 14:48:02,731 find_element.py--> get_element 20: INFO ----->定位方式:id--->定位值:shopInsuranceYNull
2019-06-15 14:48:02,888 find_element.py--> get_element 20: INFO ----->定位方式:id--->定位值:firstYearVehicleAndVesselTax
2019-06-15 14:48:03,037 find_element.py--> get_element 20: INFO ----->定位方式:id--->定位值:firstYearSali
2019-06-15 14:48:03,164 find_element.py--> get_element 20: INFO ----->定位方式:id--->定位值:firstCommercialTheft
2019-06-15 14:48:03,290 find_element.py--> get_element 20: INFO ----->定位方式:id--->定位值:advancePremiumAmt
2019-06-15 14:48:03,440 find_element.py--> get_element 20: INFO ----->定位方式:id--->定位值:termCount
2019-06-15 14:48:03,694 find_element.py--> get_element 20: INFO ----->定位方式:id--->定位值:monthlyRent
2019-06-15 14:48:03,939 find_element.py--> get_element 20: INFO ----->定位方式:id--->定位值:cusInterestRates
2019-06-15 14:48:04,050 find_element.py--> get_element 20: INFO ----->定位方式:id--->定位值:purchaseTax
2019-06-15 14:48:04,239 find_element.py--> get_element 20: INFO ----->定位方式:id--->定位值:gpsFee
2019-06-15 14:48:04,496 find_element.py--> get_element 20: INFO ----->定位方式:id--->定位值:accountMaintenanceFee
2019-06-15 14:48:04,704 find_element.py--> get_element 20: INFO ----->定位方式:id--->定位值:yxDownPaymentAmt
2019-06-15 14:48:04,968 find_element.py--> get_element 20: INFO ----->定位方式:id--->定位值:yxRiskFinancingAmt
2019-06-15 14:48:05,153 find_element.py--> get_element 20: INFO ----->定位方式:id--->定位值:yxRiskControlFinancingAmt
2019-06-15 14:48:05,374 find_element.py--> get_element 20: INFO ----->定位方式:id--->定位值:hsServiceFee
2019-06-15 14:48:05,584 find_element.py--> get_element 20: INFO ----->定位方式:id--->定位值:licenseFee
2019-06-15 14:48:05,792 find_element.py--> get_element 20: INFO ----->定位方式:id--->定位值:mortgageFee
2019-06-15 14:48:05,968 find_element.py--> get_element 20: INFO ----->定位方式:id--->定位值:totalDownPaymentOtherAmt
2019-06-15 14:48:06,093 find_element.py--> get_element 20: INFO ----->定位方式:id--->定位值:remarkId
2019-06-15 14:48:06,691 find_element.py--> get_element 20: INFO ----->定位方式:xpath--->定位值://*[@id="fanancingInfoHs"]/div/div[2]/div[1]/div/div/button/span[1]
2019-06-15 14:48:06,895 find_element.py--> get_element 20: INFO ----->定位方式:xpath--->定位值://*[@id="fanancingInfoHs"]/div/div[2]/div[1]/div/div/div/ul/li[2]/a/span[1]
2019-06-15 14:48:07,141 find_element.py--> get_element 20: INFO ----->定位方式:id--->定位值:yxOrderNo
2019-06-15 14:48:07,925 find_element.py--> get_element 20: INFO ----->定位方式:xpath--->定位值://*[@id="yxAuditFile"]/div/table/tbody/tr[1]/td[3]/input
2019-06-15 14:48:09,175 find_element.py--> get_element 20: INFO ----->定位方式:xpath--->定位值://*[@id="yx-upload-check"]
2019-06-15 14:48:11,757 find_element.py--> get_element 20: INFO ----->定位方式:xpath--->定位值://*[@id="yx-upload-sub"]
2019-06-15 14:48:11,996 find_element.py--> get_element 20: INFO ----->定位方式:xpath--->定位值://*[@id="cusUpdateModal"]/div/div/div[3]/button
2019-06-15 14:48:13,164 find_element.py--> get_element 20: INFO ----->定位方式:xpath--->定位值://*[@id="yxAuditFile"]/div/table/tbody/tr[2]/td[3]/input
2019-06-15 14:48:14,302 find_element.py--> get_element 20: INFO ----->定位方式:xpath--->定位值://*[@id="yx-upload-check"]
2019-06-15 14:48:17,748 find_element.py--> get_element 20: INFO ----->定位方式:xpath--->定位值://*[@id="yx-upload-check"]
2019-06-15 14:48:20,177 find_element.py--> get_element 20: INFO ----->定位方式:xpath--->定位值://*[@id="yx-upload-sub"]
2019-06-15 14:48:20,405 find_element.py--> get_element 20: INFO ----->定位方式:xpath--->定位值://*[@id="cusUpdateModal"]/div/div/div[3]/button
2019-06-15 16:22:44,627 login_handle.py--> send_username 20: INFO ----->输入用户名是：zhaoyunhe1
2019-06-15 16:22:44,631 find_element.py--> get_element 20: INFO ----->定位方式:id--->定位值:loginId
2019-06-15 16:22:44,798 login_handle.py--> send_password 20: INFO ----->输入密码是：123qwe
2019-06-15 16:22:44,801 find_element.py--> get_element 20: INFO ----->定位方式:id--->定位值:password
2019-06-15 16:22:44,927 find_element.py--> get_element 20: INFO ----->定位方式:className--->定位值:login-submit
2019-06-15 16:22:46,588 find_element.py--> get_element 20: INFO ----->定位方式:id--->定位值:910000
2019-06-15 16:22:47,697 find_element.py--> get_element 20: INFO ----->定位方式:id--->定位值:15000000
2019-06-15 16:22:48,839 find_element.py--> get_element 20: INFO ----->定位方式:xpath--->定位值://*[@id="15080000"]
2019-06-15 16:22:48,987 find_element.py--> get_element 20: INFO ----->定位方式:id--->定位值:15080100
2019-06-15 16:22:52,491 find_element.py--> get_element 20: INFO ----->定位方式:xpath--->定位值://*[@id="btn_xinzeng"]
2019-06-15 16:22:54,125 order_info_handle.py--> send_userinfo 20: INFO ----->输入的手机号：18610897396
2019-06-15 16:22:54,128 find_element.py--> get_element 20: INFO ----->定位方式:id--->定位值:phoneNo
2019-06-15 16:22:55,832 find_element.py--> get_element 20: INFO ----->定位方式:id--->定位值:queryMobile
2019-06-15 16:22:57,028 order_info_handle.py--> send_userinfo 20: INFO ----->输入的身份证号：362423196510114330
2019-06-15 16:22:57,030 find_element.py--> get_element 20: INFO ----->定位方式:id--->定位值:idNumber
2019-06-15 16:22:59,128 find_element.py--> get_element 20: INFO ----->定位方式:xpath--->定位值://*[@id="vehicleModel"]/div/div[1]/div[1]/div/div/button/span[1]
2019-06-15 16:22:59,279 find_element.py--> get_element 20: INFO ----->定位方式:xpath--->定位值://*[@id="vehicleModel"]/div/div[1]/div[1]/div/div/div/ul/li[3]/a/span[1]
2019-06-15 16:22:59,464 find_element.py--> get_element 20: INFO ----->定位方式:id--->定位值:purchaseAmount
2019-06-15 16:22:59,667 find_element.py--> get_element 20: INFO ----->定位方式:xpath--->定位值://*[@id="vehicleModel"]/div/div[1]/div[3]/div/div/button/span[1]
2019-06-15 16:22:59,950 find_element.py--> get_element 20: INFO ----->定位方式:xpath--->定位值://*[@id="vehicleModel"]/div/div[1]/div[3]/div/div/div/ul/li[121]/a
2019-06-15 16:23:00,131 find_element.py--> get_element 20: INFO ----->定位方式:xpath--->定位值://*[@id="vehicleModel"]/div/div[2]/div[1]/div/div/button/span[1]
2019-06-15 16:23:00,388 find_element.py--> get_element 20: INFO ----->定位方式:xpath--->定位值://*[@id="vehicleModel"]/div/div[2]/div[1]/div/div/div/ul/li[27]/a
2019-06-15 16:23:00,549 find_element.py--> get_element 20: INFO ----->定位方式:xpath--->定位值://*[@id="vehicleModel"]/div/div[2]/div[2]/div/div/button/span[1]
2019-06-15 16:23:00,835 find_element.py--> get_element 20: INFO ----->定位方式:xpath--->定位值://*[@id="vehicleModel"]/div/div[2]/div[2]/div/div/div/ul/li[3]/a/span[1]
2019-06-15 16:23:01,008 find_element.py--> get_element 20: INFO ----->定位方式:xpath--->定位值://*[@id="vehicleModel"]/div/div[1]/div[4]/div/div/button/span[1]
2019-06-15 16:23:01,150 find_element.py--> get_element 20: INFO ----->定位方式:xpath--->定位值://*[@id="vehicleModel"]/div/div[1]/div[4]/div/div/div/ul/li[2]/a
2019-06-15 16:23:01,339 find_element.py--> get_element 20: INFO ----->定位方式:id--->定位值:guidePrice
2019-06-15 16:23:01,399 find_element.py--> get_element 20: INFO ----->定位方式:id--->定位值:guidePrice
2019-06-15 16:23:01,703 find_element.py--> get_element 20: INFO ----->定位方式:id--->定位值:salePrice
2019-06-15 16:23:02,074 order_info_business.py--> car_price 20: INFO ----->定金金额：3500
2019-06-15 16:23:02,077 find_element.py--> get_element 20: INFO ----->定位方式:id--->定位值:preLicenseProvince
2019-06-15 16:23:02,257 find_element.py--> get_element 20: INFO ----->定位方式:xpath--->定位值://*[@id="preLicenseProvince"]/option[20]
2019-06-15 16:23:02,388 find_element.py--> get_element 20: INFO ----->定位方式:id--->定位值:preLicenseCity
2019-06-15 16:23:02,569 find_element.py--> get_element 20: INFO ----->定位方式:xpath--->定位值://*[@id="preLicenseCity"]/option[2]
2019-06-15 16:23:02,686 find_element.py--> get_element 20: INFO ----->定位方式:id--->定位值:preLicenseSotre
2019-06-15 16:23:02,858 find_element.py--> get_element 20: INFO ----->定位方式:xpath--->定位值://*[@id="preLicenseSotre"]/option[2]
2019-06-15 16:23:02,936 find_element.py--> get_element 20: INFO ----->定位方式:id--->定位值:channelTypeGH
2019-06-15 16:23:03,117 find_element.py--> get_element 20: INFO ----->定位方式:id--->定位值:realNameSystemYNull
2019-06-15 16:23:03,293 find_element.py--> get_element 20: INFO ----->定位方式:id--->定位值:shopInsuranceYNull
2019-06-15 16:23:03,447 find_element.py--> get_element 20: INFO ----->定位方式:id--->定位值:firstYearVehicleAndVesselTax
2019-06-15 16:23:03,567 find_element.py--> get_element 20: INFO ----->定位方式:id--->定位值:firstYearSali
2019-06-15 16:23:03,687 find_element.py--> get_element 20: INFO ----->定位方式:id--->定位值:firstCommercialTheft
2019-06-15 16:23:03,830 find_element.py--> get_element 20: INFO ----->定位方式:id--->定位值:advancePremiumAmt
2019-06-15 16:23:03,978 find_element.py--> get_element 20: INFO ----->定位方式:id--->定位值:termCount
2019-06-15 16:23:04,182 find_element.py--> get_element 20: INFO ----->定位方式:id--->定位值:monthlyRent
2019-06-15 16:23:04,446 find_element.py--> get_element 20: INFO ----->定位方式:id--->定位值:cusInterestRates
2019-06-15 16:23:04,575 find_element.py--> get_element 20: INFO ----->定位方式:id--->定位值:purchaseTax
2019-06-15 16:23:04,764 find_element.py--> get_element 20: INFO ----->定位方式:id--->定位值:gpsFee
2019-06-15 16:23:04,942 find_element.py--> get_element 20: INFO ----->定位方式:id--->定位值:accountMaintenanceFee
2019-06-15 16:23:05,190 find_element.py--> get_element 20: INFO ----->定位方式:id--->定位值:yxDownPaymentAmt
2019-06-15 16:23:05,477 find_element.py--> get_element 20: INFO ----->定位方式:id--->定位值:yxRiskFinancingAmt
2019-06-15 16:23:05,712 find_element.py--> get_element 20: INFO ----->定位方式:id--->定位值:yxRiskControlFinancingAmt
2019-06-15 16:23:05,908 find_element.py--> get_element 20: INFO ----->定位方式:id--->定位值:hsServiceFee
2019-06-15 16:23:06,103 find_element.py--> get_element 20: INFO ----->定位方式:id--->定位值:licenseFee
2019-06-15 16:23:06,314 find_element.py--> get_element 20: INFO ----->定位方式:id--->定位值:mortgageFee
2019-06-15 16:23:06,506 find_element.py--> get_element 20: INFO ----->定位方式:id--->定位值:totalDownPaymentOtherAmt
2019-06-15 16:23:06,634 find_element.py--> get_element 20: INFO ----->定位方式:id--->定位值:remarkId
2019-06-15 16:23:07,198 find_element.py--> get_element 20: INFO ----->定位方式:xpath--->定位值://*[@id="fanancingInfoHs"]/div/div[2]/div[1]/div/div/button/span[1]
2019-06-15 16:23:07,338 find_element.py--> get_element 20: INFO ----->定位方式:xpath--->定位值://*[@id="fanancingInfoHs"]/div/div[2]/div[1]/div/div/div/ul/li[2]/a/span[1]
2019-06-15 16:23:07,554 find_element.py--> get_element 20: INFO ----->定位方式:id--->定位值:yxOrderNo
2019-06-15 16:23:08,085 find_element.py--> get_element 20: INFO ----->定位方式:xpath--->定位值://*[@id="yxAuditFile"]/div/table/tbody/tr[1]/td[3]/input
2019-06-15 16:23:09,229 find_element.py--> get_element 20: INFO ----->定位方式:xpath--->定位值://*[@id="yx-upload-check"]
2019-06-15 16:23:11,880 find_element.py--> get_element 20: INFO ----->定位方式:xpath--->定位值://*[@id="yx-upload-sub"]
2019-06-15 16:23:12,108 find_element.py--> get_element 20: INFO ----->定位方式:xpath--->定位值://*[@id="cusUpdateModal"]/div/div/div[3]/button
2019-06-15 16:23:13,260 find_element.py--> get_element 20: INFO ----->定位方式:xpath--->定位值://*[@id="yxAuditFile"]/div/table/tbody/tr[2]/td[3]/input
2019-06-15 16:23:14,412 find_element.py--> get_element 20: INFO ----->定位方式:xpath--->定位值://*[@id="yx-upload-check"]
2019-06-15 16:23:17,756 find_element.py--> get_element 20: INFO ----->定位方式:xpath--->定位值://*[@id="yx-upload-check"]
2019-06-15 16:23:20,175 find_element.py--> get_element 20: INFO ----->定位方式:xpath--->定位值://*[@id="yx-upload-sub"]
2019-06-15 16:23:20,394 find_element.py--> get_element 20: INFO ----->定位方式:xpath--->定位值://*[@id="cusUpdateModal"]/div/div/div[3]/button
2019-06-15 16:54:48,664 login_handle.py--> send_username 20: INFO ----->输入用户名是：zhaoyunhe1
2019-06-15 16:54:48,666 find_element.py--> get_element 20: INFO ----->定位方式:id--->定位值:loginId
2019-06-15 16:54:48,782 login_handle.py--> send_password 20: INFO ----->输入密码是：123qwe
2019-06-15 16:54:48,785 find_element.py--> get_element 20: INFO ----->定位方式:id--->定位值:password
2019-06-15 16:54:48,857 find_element.py--> get_element 20: INFO ----->定位方式:className--->定位值:login-submit
2019-06-15 16:54:50,407 find_element.py--> get_element 20: INFO ----->定位方式:id--->定位值:910000
2019-06-15 16:54:51,477 find_element.py--> get_element 20: INFO ----->定位方式:id--->定位值:15000000
2019-06-15 16:54:52,568 find_element.py--> get_element 20: INFO ----->定位方式:xpath--->定位值://*[@id="15080000"]
2019-06-15 16:54:52,666 find_element.py--> get_element 20: INFO ----->定位方式:id--->定位值:15080100
2019-06-15 16:54:56,088 find_element.py--> get_element 20: INFO ----->定位方式:xpath--->定位值://*[@id="btn_xinzeng"]
2019-06-15 16:54:57,605 order_info_handle.py--> send_userinfo 20: INFO ----->输入的手机号：18617386268
2019-06-15 16:54:57,607 find_element.py--> get_element 20: INFO ----->定位方式:id--->定位值:phoneNo
2019-06-15 16:54:58,708 find_element.py--> get_element 20: INFO ----->定位方式:id--->定位值:queryMobile
2019-06-15 16:54:59,865 order_info_handle.py--> send_userinfo 20: INFO ----->输入的身份证号：110109198307234042
2019-06-15 16:54:59,866 find_element.py--> get_element 20: INFO ----->定位方式:id--->定位值:idNumber
2019-06-15 16:55:01,546 find_element.py--> get_element 20: INFO ----->定位方式:xpath--->定位值://*[@id="vehicleModel"]/div/div[1]/div[1]/div/div/button/span[1]
2019-06-15 16:55:01,669 find_element.py--> get_element 20: INFO ----->定位方式:xpath--->定位值://*[@id="vehicleModel"]/div/div[1]/div[1]/div/div/div/ul/li[3]/a/span[1]
2019-06-15 16:55:01,818 find_element.py--> get_element 20: INFO ----->定位方式:id--->定位值:purchaseAmount
2019-06-15 16:55:02,006 find_element.py--> get_element 20: INFO ----->定位方式:xpath--->定位值://*[@id="vehicleModel"]/div/div[1]/div[3]/div/div/button/span[1]
2019-06-15 16:55:02,241 find_element.py--> get_element 20: INFO ----->定位方式:xpath--->定位值://*[@id="vehicleModel"]/div/div[1]/div[3]/div/div/div/ul/li[121]/a
2019-06-15 16:55:02,409 find_element.py--> get_element 20: INFO ----->定位方式:xpath--->定位值://*[@id="vehicleModel"]/div/div[2]/div[1]/div/div/button/span[1]
2019-06-15 16:55:02,593 find_element.py--> get_element 20: INFO ----->定位方式:xpath--->定位值://*[@id="vehicleModel"]/div/div[2]/div[1]/div/div/div/ul/li[27]/a
2019-06-15 16:55:02,747 find_element.py--> get_element 20: INFO ----->定位方式:xpath--->定位值://*[@id="vehicleModel"]/div/div[2]/div[2]/div/div/button/span[1]
2019-06-15 16:55:02,960 find_element.py--> get_element 20: INFO ----->定位方式:xpath--->定位值://*[@id="vehicleModel"]/div/div[2]/div[2]/div/div/div/ul/li[3]/a/span[1]
2019-06-15 16:55:03,120 find_element.py--> get_element 20: INFO ----->定位方式:xpath--->定位值://*[@id="vehicleModel"]/div/div[1]/div[4]/div/div/button/span[1]
2019-06-15 16:55:03,249 find_element.py--> get_element 20: INFO ----->定位方式:xpath--->定位值://*[@id="vehicleModel"]/div/div[1]/div[4]/div/div/div/ul/li[2]/a
2019-06-15 16:55:03,374 find_element.py--> get_element 20: INFO ----->定位方式:id--->定位值:guidePrice
2019-06-15 16:55:03,422 find_element.py--> get_element 20: INFO ----->定位方式:id--->定位值:guidePrice
2019-06-15 16:55:03,697 find_element.py--> get_element 20: INFO ----->定位方式:id--->定位值:salePrice
2019-06-15 16:55:04,010 order_info_business.py--> car_price 20: INFO ----->定金金额：3500
2019-06-15 16:55:04,012 find_element.py--> get_element 20: INFO ----->定位方式:id--->定位值:preLicenseProvince
2019-06-15 16:55:04,175 find_element.py--> get_element 20: INFO ----->定位方式:xpath--->定位值://*[@id="preLicenseProvince"]/option[20]
2019-06-15 16:55:04,255 find_element.py--> get_element 20: INFO ----->定位方式:id--->定位值:preLicenseCity
2019-06-15 16:55:04,411 find_element.py--> get_element 20: INFO ----->定位方式:xpath--->定位值://*[@id="preLicenseCity"]/option[2]
2019-06-15 16:55:04,483 find_element.py--> get_element 20: INFO ----->定位方式:id--->定位值:preLicenseSotre
2019-06-15 16:55:04,637 find_element.py--> get_element 20: INFO ----->定位方式:xpath--->定位值://*[@id="preLicenseSotre"]/option[2]
2019-06-15 16:55:04,708 find_element.py--> get_element 20: INFO ----->定位方式:id--->定位值:channelTypeGH
2019-06-15 16:55:04,909 find_element.py--> get_element 20: INFO ----->定位方式:id--->定位值:realNameSystemYNull
2019-06-15 16:55:05,038 find_element.py--> get_element 20: INFO ----->定位方式:id--->定位值:shopInsuranceYNull
2019-06-15 16:55:05,196 find_element.py--> get_element 20: INFO ----->定位方式:id--->定位值:firstYearVehicleAndVesselTax
2019-06-15 16:55:05,314 find_element.py--> get_element 20: INFO ----->定位方式:id--->定位值:firstYearSali
2019-06-15 16:55:05,424 find_element.py--> get_element 20: INFO ----->定位方式:id--->定位值:firstCommercialTheft
2019-06-15 16:55:05,574 find_element.py--> get_element 20: INFO ----->定位方式:id--->定位值:advancePremiumAmt
2019-06-15 16:55:05,743 find_element.py--> get_element 20: INFO ----->定位方式:id--->定位值:termCount
2019-06-15 16:55:05,934 find_element.py--> get_element 20: INFO ----->定位方式:id--->定位值:monthlyRent
2019-06-15 16:55:06,186 find_element.py--> get_element 20: INFO ----->定位方式:id--->定位值:cusInterestRates
2019-06-15 16:55:06,344 find_element.py--> get_element 20: INFO ----->定位方式:id--->定位值:purchaseTax
2019-06-15 16:55:06,535 find_element.py--> get_element 20: INFO ----->定位方式:id--->定位值:gpsFee
2019-06-15 16:55:06,759 find_element.py--> get_element 20: INFO ----->定位方式:id--->定位值:accountMaintenanceFee
2019-06-15 16:55:06,998 find_element.py--> get_element 20: INFO ----->定位方式:id--->定位值:yxDownPaymentAmt
2019-06-15 16:55:07,253 find_element.py--> get_element 20: INFO ----->定位方式:id--->定位值:yxRiskFinancingAmt
2019-06-15 16:55:07,436 find_element.py--> get_element 20: INFO ----->定位方式:id--->定位值:yxRiskControlFinancingAmt
2019-06-15 16:55:07,630 find_element.py--> get_element 20: INFO ----->定位方式:id--->定位值:hsServiceFee
2019-06-15 16:55:07,860 find_element.py--> get_element 20: INFO ----->定位方式:id--->定位值:licenseFee
2019-06-15 16:55:08,088 find_element.py--> get_element 20: INFO ----->定位方式:id--->定位值:mortgageFee
2019-06-15 16:55:08,268 find_element.py--> get_element 20: INFO ----->定位方式:id--->定位值:totalDownPaymentOtherAmt
2019-06-15 16:55:08,406 find_element.py--> get_element 20: INFO ----->定位方式:id--->定位值:remarkId
2019-06-15 16:55:08,924 find_element.py--> get_element 20: INFO ----->定位方式:xpath--->定位值://*[@id="fanancingInfoHs"]/div/div[2]/div[1]/div/div/button/span[1]
2019-06-15 16:55:09,051 find_element.py--> get_element 20: INFO ----->定位方式:xpath--->定位值://*[@id="fanancingInfoHs"]/div/div[2]/div[1]/div/div/div/ul/li[2]/a/span[1]
2019-06-15 16:55:09,232 find_element.py--> get_element 20: INFO ----->定位方式:id--->定位值:yxOrderNo
2019-06-15 16:55:09,716 find_element.py--> get_element 20: INFO ----->定位方式:xpath--->定位值://*[@id="yxAuditFile"]/div/table/tbody/tr[1]/td[3]/input
2019-06-15 16:55:10,861 find_element.py--> get_element 20: INFO ----->定位方式:xpath--->定位值://*[@id="yx-upload-check"]
2019-06-15 16:55:13,418 find_element.py--> get_element 20: INFO ----->定位方式:xpath--->定位值://*[@id="yx-upload-sub"]
2019-06-15 16:55:13,602 find_element.py--> get_element 20: INFO ----->定位方式:xpath--->定位值://*[@id="cusUpdateModal"]/div/div/div[3]/button
2019-06-15 16:55:14,749 find_element.py--> get_element 20: INFO ----->定位方式:xpath--->定位值://*[@id="yxAuditFile"]/div/table/tbody/tr[2]/td[3]/input
2019-06-15 16:55:15,875 find_element.py--> get_element 20: INFO ----->定位方式:xpath--->定位值://*[@id="yx-upload-check"]
2019-06-15 16:55:19,275 find_element.py--> get_element 20: INFO ----->定位方式:xpath--->定位值://*[@id="yx-upload-check"]
2019-06-15 16:55:21,561 find_element.py--> get_element 20: INFO ----->定位方式:xpath--->定位值://*[@id="yx-upload-sub"]
2019-06-15 16:55:21,810 find_element.py--> get_element 20: INFO ----->定位方式:xpath--->定位值://*[@id="cusUpdateModal"]/div/div/div[3]/button
2019-06-15 18:00:58,405 login_handle.py--> send_username 20: INFO ----->输入用户名是：zhaoyunhe1
2019-06-15 18:00:58,408 find_element.py--> get_element 20: INFO ----->定位方式:id--->定位值:loginId
2019-06-15 18:00:58,971 login_handle.py--> send_password 20: INFO ----->输入密码是：123qwe
2019-06-15 18:00:58,974 find_element.py--> get_element 20: INFO ----->定位方式:id--->定位值:password
2019-06-15 18:00:59,228 find_element.py--> get_element 20: INFO ----->定位方式:className--->定位值:login-submit
2019-06-15 18:01:00,960 find_element.py--> get_element 20: INFO ----->定位方式:id--->定位值:910000
2019-06-15 18:01:02,088 find_element.py--> get_element 20: INFO ----->定位方式:id--->定位值:15000000
2019-06-15 18:01:02,090 find_element.py--> get_element 20: INFO ----->找不到定位元素
2019-06-15 18:01:18,653 login_handle.py--> send_username 20: INFO ----->输入用户名是：zhaoyunhe1
2019-06-15 18:01:18,656 find_element.py--> get_element 20: INFO ----->定位方式:id--->定位值:loginId
2019-06-15 18:01:18,750 login_handle.py--> send_password 20: INFO ----->输入密码是：123qwe
2019-06-15 18:01:18,751 find_element.py--> get_element 20: INFO ----->定位方式:id--->定位值:password
2019-06-15 18:01:18,818 find_element.py--> get_element 20: INFO ----->定位方式:className--->定位值:login-submit
2019-06-15 18:01:20,323 find_element.py--> get_element 20: INFO ----->定位方式:id--->定位值:910000
2019-06-15 18:01:21,393 find_element.py--> get_element 20: INFO ----->定位方式:id--->定位值:15000000
2019-06-15 18:01:22,467 find_element.py--> get_element 20: INFO ----->定位方式:xpath--->定位值://*[@id="15080000"]
2019-06-15 18:01:22,529 find_element.py--> get_element 20: INFO ----->定位方式:id--->定位值:15080100
2019-06-15 18:01:25,054 find_element.py--> get_element 20: INFO ----->定位方式:xpath--->定位值://*[@id="btn_xinzeng"]
2019-06-15 18:01:26,496 order_info_handle.py--> send_userinfo 20: INFO ----->输入的手机号：18695681044
2019-06-15 18:01:26,498 find_element.py--> get_element 20: INFO ----->定位方式:id--->定位值:phoneNo
2019-06-15 18:01:27,444 find_element.py--> get_element 20: INFO ----->定位方式:id--->定位值:queryMobile
2019-06-15 18:01:28,569 order_info_handle.py--> send_userinfo 20: INFO ----->输入的身份证号：362429197312197993
2019-06-15 18:01:28,570 find_element.py--> get_element 20: INFO ----->定位方式:id--->定位值:idNumber
2019-06-15 18:01:30,216 find_element.py--> get_element 20: INFO ----->定位方式:xpath--->定位值://*[@id="vehicleModel"]/div/div[1]/div[1]/div/div/button/span[1]
2019-06-15 18:01:30,346 find_element.py--> get_element 20: INFO ----->定位方式:xpath--->定位值://*[@id="vehicleModel"]/div/div[1]/div[1]/div/div/div/ul/li[3]/a/span[1]
2019-06-15 18:01:30,559 find_element.py--> get_element 20: INFO ----->定位方式:id--->定位值:purchaseAmount
2019-06-15 18:01:30,727 find_element.py--> get_element 20: INFO ----->定位方式:xpath--->定位值://*[@id="vehicleModel"]/div/div[1]/div[3]/div/div/button/span[1]
2019-06-15 18:01:31,006 find_element.py--> get_element 20: INFO ----->定位方式:xpath--->定位值://*[@id="vehicleModel"]/div/div[1]/div[3]/div/div/div/ul/li[121]/a
2019-06-15 18:01:31,163 find_element.py--> get_element 20: INFO ----->定位方式:xpath--->定位值://*[@id="vehicleModel"]/div/div[2]/div[1]/div/div/button/span[1]
2019-06-15 18:01:31,334 find_element.py--> get_element 20: INFO ----->定位方式:xpath--->定位值://*[@id="vehicleModel"]/div/div[2]/div[1]/div/div/div/ul/li[27]/a
2019-06-15 18:01:31,472 find_element.py--> get_element 20: INFO ----->定位方式:xpath--->定位值://*[@id="vehicleModel"]/div/div[2]/div[2]/div/div/button/span[1]
2019-06-15 18:01:31,711 find_element.py--> get_element 20: INFO ----->定位方式:xpath--->定位值://*[@id="vehicleModel"]/div/div[2]/div[2]/div/div/div/ul/li[3]/a/span[1]
2019-06-15 18:01:31,880 find_element.py--> get_element 20: INFO ----->定位方式:xpath--->定位值://*[@id="vehicleModel"]/div/div[1]/div[4]/div/div/button/span[1]
2019-06-15 18:01:32,023 find_element.py--> get_element 20: INFO ----->定位方式:xpath--->定位值://*[@id="vehicleModel"]/div/div[1]/div[4]/div/div/div/ul/li[2]/a
2019-06-15 18:01:32,152 find_element.py--> get_element 20: INFO ----->定位方式:id--->定位值:guidePrice
2019-06-15 18:01:32,204 find_element.py--> get_element 20: INFO ----->定位方式:id--->定位值:guidePrice
2019-06-15 18:01:32,433 find_element.py--> get_element 20: INFO ----->定位方式:id--->定位值:salePrice
2019-06-15 18:01:32,735 order_info_business.py--> car_price 20: INFO ----->定金金额：3500
2019-06-15 18:01:32,738 find_element.py--> get_element 20: INFO ----->定位方式:id--->定位值:preLicenseProvince
2019-06-15 18:01:32,874 find_element.py--> get_element 20: INFO ----->定位方式:xpath--->定位值://*[@id="preLicenseProvince"]/option[20]
2019-06-15 18:01:32,984 find_element.py--> get_element 20: INFO ----->定位方式:id--->定位值:preLicenseCity
2019-06-15 18:01:33,127 find_element.py--> get_element 20: INFO ----->定位方式:xpath--->定位值://*[@id="preLicenseCity"]/option[2]
2019-06-15 18:01:33,229 find_element.py--> get_element 20: INFO ----->定位方式:id--->定位值:preLicenseSotre
2019-06-15 18:01:33,369 find_element.py--> get_element 20: INFO ----->定位方式:xpath--->定位值://*[@id="preLicenseSotre"]/option[2]
2019-06-15 18:01:33,438 find_element.py--> get_element 20: INFO ----->定位方式:id--->定位值:channelTypeGH
2019-06-15 18:01:33,594 find_element.py--> get_element 20: INFO ----->定位方式:id--->定位值:realNameSystemYNull
2019-06-15 18:01:33,733 find_element.py--> get_element 20: INFO ----->定位方式:id--->定位值:shopInsuranceYNull
2019-06-15 18:01:33,881 find_element.py--> get_element 20: INFO ----->定位方式:id--->定位值:firstYearVehicleAndVesselTax
2019-06-15 18:01:33,993 find_element.py--> get_element 20: INFO ----->定位方式:id--->定位值:firstYearSali
2019-06-15 18:01:34,091 find_element.py--> get_element 20: INFO ----->定位方式:id--->定位值:firstCommercialTheft
2019-06-15 18:01:34,194 find_element.py--> get_element 20: INFO ----->定位方式:id--->定位值:advancePremiumAmt
2019-06-15 18:01:34,324 find_element.py--> get_element 20: INFO ----->定位方式:id--->定位值:termCount
2019-06-15 18:01:34,490 find_element.py--> get_element 20: INFO ----->定位方式:id--->定位值:monthlyRent
2019-06-15 18:01:34,690 find_element.py--> get_element 20: INFO ----->定位方式:id--->定位值:cusInterestRates
2019-06-15 18:01:34,797 find_element.py--> get_element 20: INFO ----->定位方式:id--->定位值:purchaseTax
2019-06-15 18:01:34,959 find_element.py--> get_element 20: INFO ----->定位方式:id--->定位值:gpsFee
2019-06-15 18:01:35,120 find_element.py--> get_element 20: INFO ----->定位方式:id--->定位值:accountMaintenanceFee
2019-06-15 18:01:35,280 find_element.py--> get_element 20: INFO ----->定位方式:id--->定位值:yxDownPaymentAmt
2019-06-15 18:01:35,489 find_element.py--> get_element 20: INFO ----->定位方式:id--->定位值:yxRiskFinancingAmt
2019-06-15 18:01:35,657 find_element.py--> get_element 20: INFO ----->定位方式:id--->定位值:yxRiskControlFinancingAmt
2019-06-15 18:01:35,834 find_element.py--> get_element 20: INFO ----->定位方式:id--->定位值:hsServiceFee
2019-06-15 18:01:35,998 find_element.py--> get_element 20: INFO ----->定位方式:id--->定位值:licenseFee
2019-06-15 18:01:36,186 find_element.py--> get_element 20: INFO ----->定位方式:id--->定位值:mortgageFee
2019-06-15 18:01:36,377 find_element.py--> get_element 20: INFO ----->定位方式:id--->定位值:totalDownPaymentOtherAmt
2019-06-15 18:01:36,495 find_element.py--> get_element 20: INFO ----->定位方式:id--->定位值:remarkId
2019-06-15 18:01:36,986 find_element.py--> get_element 20: INFO ----->定位方式:xpath--->定位值://*[@id="fanancingInfoHs"]/div/div[2]/div[1]/div/div/button/span[1]
2019-06-15 18:01:37,108 find_element.py--> get_element 20: INFO ----->定位方式:xpath--->定位值://*[@id="fanancingInfoHs"]/div/div[2]/div[1]/div/div/div/ul/li[2]/a/span[1]
2019-06-15 18:01:37,266 find_element.py--> get_element 20: INFO ----->定位方式:id--->定位值:yxOrderNo
2019-06-15 18:01:37,732 find_element.py--> get_element 20: INFO ----->定位方式:xpath--->定位值://*[@id="yxAuditFile"]/div/table/tbody/tr[1]/td[3]/input
2019-06-15 18:01:38,865 find_element.py--> get_element 20: INFO ----->定位方式:xpath--->定位值://*[@id="yx-upload-check"]
2019-06-15 18:01:41,594 find_element.py--> get_element 20: INFO ----->定位方式:xpath--->定位值://*[@id="yx-upload-sub"]
2019-06-15 18:01:41,794 find_element.py--> get_element 20: INFO ----->定位方式:xpath--->定位值://*[@id="cusUpdateModal"]/div/div/div[3]/button
2019-06-15 18:01:42,975 find_element.py--> get_element 20: INFO ----->定位方式:xpath--->定位值://*[@id="yxAuditFile"]/div/table/tbody/tr[2]/td[3]/input
2019-06-15 18:01:44,117 find_element.py--> get_element 20: INFO ----->定位方式:xpath--->定位值://*[@id="yx-upload-check"]
2019-06-15 18:01:47,553 find_element.py--> get_element 20: INFO ----->定位方式:xpath--->定位值://*[@id="yx-upload-check"]
2019-06-15 18:01:49,897 find_element.py--> get_element 20: INFO ----->定位方式:xpath--->定位值://*[@id="yx-upload-sub"]
2019-06-15 18:01:50,083 find_element.py--> get_element 20: INFO ----->定位方式:xpath--->定位值://*[@id="cusUpdateModal"]/div/div/div[3]/button
2019-06-15 18:11:02,618 login_handle.py--> send_username 20: INFO ----->输入用户名是：zhaoyunhe1
2019-06-15 18:11:02,620 find_element.py--> get_element 20: INFO ----->定位方式:id--->定位值:loginId
2019-06-15 18:11:02,730 login_handle.py--> send_password 20: INFO ----->输入密码是：123qwe
2019-06-15 18:11:02,732 find_element.py--> get_element 20: INFO ----->定位方式:id--->定位值:password
2019-06-15 18:11:02,804 find_element.py--> get_element 20: INFO ----->定位方式:className--->定位值:login-submit
2019-06-15 18:11:04,408 find_element.py--> get_element 20: INFO ----->定位方式:id--->定位值:910000
2019-06-15 18:11:05,479 find_element.py--> get_element 20: INFO ----->定位方式:id--->定位值:15000000
2019-06-15 18:11:06,560 find_element.py--> get_element 20: INFO ----->定位方式:xpath--->定位值://*[@id="15080000"]
2019-06-15 18:11:06,620 find_element.py--> get_element 20: INFO ----->定位方式:id--->定位值:15080100
2019-06-15 18:11:08,948 find_element.py--> get_element 20: INFO ----->定位方式:xpath--->定位值://*[@id="btn_xinzeng"]
2019-06-15 18:11:10,408 order_info_handle.py--> send_userinfo 20: INFO ----->输入的手机号：18694029318
2019-06-15 18:11:10,410 find_element.py--> get_element 20: INFO ----->定位方式:id--->定位值:phoneNo
2019-06-15 18:11:11,298 find_element.py--> get_element 20: INFO ----->定位方式:id--->定位值:queryMobile
2019-06-15 18:11:12,428 order_info_handle.py--> send_userinfo 20: INFO ----->输入的身份证号：362422195006106068
2019-06-15 18:11:12,429 find_element.py--> get_element 20: INFO ----->定位方式:id--->定位值:idNumber
2019-06-15 18:11:14,090 find_element.py--> get_element 20: INFO ----->定位方式:xpath--->定位值://*[@id="vehicleModel"]/div/div[1]/div[1]/div/div/button/span[1]
2019-06-15 18:11:14,209 find_element.py--> get_element 20: INFO ----->定位方式:xpath--->定位值://*[@id="vehicleModel"]/div/div[1]/div[1]/div/div/div/ul/li[3]/a/span[1]
2019-06-15 18:11:14,446 find_element.py--> get_element 20: INFO ----->定位方式:id--->定位值:purchaseAmount
2019-06-15 18:11:14,616 find_element.py--> get_element 20: INFO ----->定位方式:xpath--->定位值://*[@id="vehicleModel"]/div/div[1]/div[3]/div/div/button/span[1]
2019-06-15 18:11:14,845 find_element.py--> get_element 20: INFO ----->定位方式:xpath--->定位值://*[@id="vehicleModel"]/div/div[1]/div[3]/div/div/div/ul/li[121]/a
2019-06-15 18:11:15,019 find_element.py--> get_element 20: INFO ----->定位方式:xpath--->定位值://*[@id="vehicleModel"]/div/div[2]/div[1]/div/div/button/span[1]
2019-06-15 18:11:15,207 find_element.py--> get_element 20: INFO ----->定位方式:xpath--->定位值://*[@id="vehicleModel"]/div/div[2]/div[1]/div/div/div/ul/li[27]/a
2019-06-15 18:11:15,343 find_element.py--> get_element 20: INFO ----->定位方式:xpath--->定位值://*[@id="vehicleModel"]/div/div[2]/div[2]/div/div/button/span[1]
2019-06-15 18:11:15,577 find_element.py--> get_element 20: INFO ----->定位方式:xpath--->定位值://*[@id="vehicleModel"]/div/div[2]/div[2]/div/div/div/ul/li[3]/a/span[1]
2019-06-15 18:11:15,716 find_element.py--> get_element 20: INFO ----->定位方式:xpath--->定位值://*[@id="vehicleModel"]/div/div[1]/div[4]/div/div/button/span[1]
2019-06-15 18:11:15,842 find_element.py--> get_element 20: INFO ----->定位方式:xpath--->定位值://*[@id="vehicleModel"]/div/div[1]/div[4]/div/div/div/ul/li[2]/a
2019-06-15 18:11:15,997 find_element.py--> get_element 20: INFO ----->定位方式:id--->定位值:guidePrice
2019-06-15 18:11:16,049 find_element.py--> get_element 20: INFO ----->定位方式:id--->定位值:guidePrice
2019-06-15 18:11:16,278 find_element.py--> get_element 20: INFO ----->定位方式:id--->定位值:salePrice
2019-06-15 18:11:16,551 order_info_business.py--> car_price 20: INFO ----->定金金额：3500
2019-06-15 18:11:16,553 find_element.py--> get_element 20: INFO ----->定位方式:id--->定位值:preLicenseProvince
2019-06-15 18:11:16,772 find_element.py--> get_element 20: INFO ----->定位方式:xpath--->定位值://*[@id="preLicenseProvince"]/option[20]
2019-06-15 18:11:16,870 find_element.py--> get_element 20: INFO ----->定位方式:id--->定位值:preLicenseCity
2019-06-15 18:11:17,047 find_element.py--> get_element 20: INFO ----->定位方式:xpath--->定位值://*[@id="preLicenseCity"]/option[2]
2019-06-15 18:11:17,126 find_element.py--> get_element 20: INFO ----->定位方式:id--->定位值:preLicenseSotre
2019-06-15 18:11:17,264 find_element.py--> get_element 20: INFO ----->定位方式:xpath--->定位值://*[@id="preLicenseSotre"]/option[2]
2019-06-15 18:11:17,336 find_element.py--> get_element 20: INFO ----->定位方式:id--->定位值:channelTypeGH
2019-06-15 18:11:17,508 find_element.py--> get_element 20: INFO ----->定位方式:id--->定位值:realNameSystemYNull
2019-06-15 18:11:17,671 find_element.py--> get_element 20: INFO ----->定位方式:id--->定位值:shopInsuranceYNull
2019-06-15 18:11:17,800 find_element.py--> get_element 20: INFO ----->定位方式:id--->定位值:firstYearVehicleAndVesselTax
2019-06-15 18:11:17,900 find_element.py--> get_element 20: INFO ----->定位方式:id--->定位值:firstYearSali
2019-06-15 18:11:18,032 find_element.py--> get_element 20: INFO ----->定位方式:id--->定位值:firstCommercialTheft
2019-06-15 18:11:18,138 find_element.py--> get_element 20: INFO ----->定位方式:id--->定位值:advancePremiumAmt
2019-06-15 18:11:18,245 find_element.py--> get_element 20: INFO ----->定位方式:id--->定位值:termCount
2019-06-15 18:11:18,400 find_element.py--> get_element 20: INFO ----->定位方式:id--->定位值:monthlyRent
2019-06-15 18:11:18,594 find_element.py--> get_element 20: INFO ----->定位方式:id--->定位值:cusInterestRates
2019-06-15 18:11:18,682 find_element.py--> get_element 20: INFO ----->定位方式:id--->定位值:purchaseTax
2019-06-15 18:11:18,828 find_element.py--> get_element 20: INFO ----->定位方式:id--->定位值:gpsFee
2019-06-15 18:11:18,977 find_element.py--> get_element 20: INFO ----->定位方式:id--->定位值:accountMaintenanceFee
2019-06-15 18:11:19,170 find_element.py--> get_element 20: INFO ----->定位方式:id--->定位值:yxDownPaymentAmt
2019-06-15 18:11:19,438 find_element.py--> get_element 20: INFO ----->定位方式:id--->定位值:yxRiskFinancingAmt
2019-06-15 18:11:19,654 find_element.py--> get_element 20: INFO ----->定位方式:id--->定位值:yxRiskControlFinancingAmt
2019-06-15 18:11:19,866 find_element.py--> get_element 20: INFO ----->定位方式:id--->定位值:hsServiceFee
2019-06-15 18:11:20,034 find_element.py--> get_element 20: INFO ----->定位方式:id--->定位值:licenseFee
2019-06-15 18:11:20,200 find_element.py--> get_element 20: INFO ----->定位方式:id--->定位值:mortgageFee
2019-06-15 18:11:20,371 find_element.py--> get_element 20: INFO ----->定位方式:id--->定位值:totalDownPaymentOtherAmt
2019-06-15 18:11:20,478 find_element.py--> get_element 20: INFO ----->定位方式:id--->定位值:remarkId
2019-06-15 18:11:20,918 find_element.py--> get_element 20: INFO ----->定位方式:xpath--->定位值://*[@id="fanancingInfoHs"]/div/div[2]/div[1]/div/div/button/span[1]
2019-06-15 18:11:21,063 find_element.py--> get_element 20: INFO ----->定位方式:xpath--->定位值://*[@id="fanancingInfoHs"]/div/div[2]/div[1]/div/div/div/ul/li[2]/a/span[1]
2019-06-15 18:11:21,249 find_element.py--> get_element 20: INFO ----->定位方式:id--->定位值:yxOrderNo
2019-06-15 18:11:21,730 find_element.py--> get_element 20: INFO ----->定位方式:xpath--->定位值://*[@id="yxAuditFile"]/div/table/tbody/tr[1]/td[3]/input
2019-06-15 18:11:22,880 find_element.py--> get_element 20: INFO ----->定位方式:xpath--->定位值://*[@id="yx-upload-check"]
2019-06-15 18:11:25,438 find_element.py--> get_element 20: INFO ----->定位方式:xpath--->定位值://*[@id="yx-upload-sub"]
2019-06-15 18:11:25,634 find_element.py--> get_element 20: INFO ----->定位方式:xpath--->定位值://*[@id="cusUpdateModal"]/div/div/div[3]/button
2019-06-15 18:11:26,770 find_element.py--> get_element 20: INFO ----->定位方式:xpath--->定位值://*[@id="yxAuditFile"]/div/table/tbody/tr[2]/td[3]/input
2019-06-15 18:11:27,912 find_element.py--> get_element 20: INFO ----->定位方式:xpath--->定位值://*[@id="yx-upload-check"]
2019-06-15 18:11:31,256 find_element.py--> get_element 20: INFO ----->定位方式:xpath--->定位值://*[@id="yx-upload-check"]
2019-06-15 18:11:33,605 find_element.py--> get_element 20: INFO ----->定位方式:xpath--->定位值://*[@id="yx-upload-sub"]
2019-06-15 18:11:33,888 find_element.py--> get_element 20: INFO ----->定位方式:xpath--->定位值://*[@id="cusUpdateModal"]/div/div/div[3]/button
