2019-07-22 10:25:26,477 login_handle.py--> send_username 20: INFO ----->输入用户名是：zhaoyunhe1
2019-07-22 10:25:26,480 find_element.py--> get_element 20: INFO ----->定位方式:id--->定位值:loginId
2019-07-22 10:25:26,715 login_handle.py--> send_password 20: INFO ----->输入密码是：123qwe
2019-07-22 10:25:26,718 find_element.py--> get_element 20: INFO ----->定位方式:id--->定位值:password
2019-07-22 10:25:26,864 find_element.py--> get_element 20: INFO ----->定位方式:className--->定位值:login-submit
2019-07-22 10:25:30,257 find_element.py--> get_element 20: INFO ----->定位方式:id--->定位值:910000
2019-07-22 10:25:31,361 find_element.py--> get_element 20: INFO ----->定位方式:id--->定位值:15000000
2019-07-22 10:25:32,443 find_element.py--> get_element 20: INFO ----->定位方式:xpath--->定位值://*[@id="15080000"]
2019-07-22 10:25:32,517 find_element.py--> get_element 20: INFO ----->定位方式:id--->定位值:15080100
2019-07-22 10:25:59,262 find_element.py--> get_element 20: INFO ----->定位方式:xpath--->定位值://*[@id="btn_xinzeng"]
2019-07-22 10:25:59,730 order_info_handle.py--> send_userinfo 20: INFO ----->输入的手机号：12038515284
2019-07-22 10:25:59,733 find_element.py--> get_element 20: INFO ----->定位方式:id--->定位值:phoneNo
2019-07-22 10:25:59,787 find_element.py--> get_element 20: INFO ----->找不到定位元素
2019-07-22 10:26:16,747 login_handle.py--> send_username 20: INFO ----->输入用户名是：zhaoyunhe1
2019-07-22 10:26:16,749 find_element.py--> get_element 20: INFO ----->定位方式:id--->定位值:loginId
2019-07-22 10:26:16,841 login_handle.py--> send_password 20: INFO ----->输入密码是：123qwe
2019-07-22 10:26:16,843 find_element.py--> get_element 20: INFO ----->定位方式:id--->定位值:password
2019-07-22 10:26:16,907 find_element.py--> get_element 20: INFO ----->定位方式:className--->定位值:login-submit
2019-07-22 10:26:18,518 find_element.py--> get_element 20: INFO ----->定位方式:id--->定位值:910000
2019-07-22 10:26:19,613 find_element.py--> get_element 20: INFO ----->定位方式:id--->定位值:15000000
2019-07-22 10:26:20,694 find_element.py--> get_element 20: INFO ----->定位方式:xpath--->定位值://*[@id="15080000"]
2019-07-22 10:26:20,758 find_element.py--> get_element 20: INFO ----->定位方式:id--->定位值:15080100
2019-07-22 10:26:23,186 find_element.py--> get_element 20: INFO ----->定位方式:xpath--->定位值://*[@id="btn_xinzeng"]
2019-07-22 10:26:24,822 order_info_handle.py--> send_userinfo 20: INFO ----->输入的手机号：12031897950
2019-07-22 10:26:24,825 find_element.py--> get_element 20: INFO ----->定位方式:id--->定位值:phoneNo
2019-07-22 10:26:26,210 find_element.py--> get_element 20: INFO ----->定位方式:id--->定位值:queryMobile
2019-07-22 10:26:27,359 find_element.py--> get_element 20: INFO ----->定位方式:xpath--->定位值://*[@id="customerBase"]/div/div[1]/div[3]/div/div/button/span[1]
2019-07-22 10:26:27,494 find_element.py--> get_element 20: INFO ----->定位方式:xpath--->定位值://*[@id="customerBase"]/div/div[1]/div[3]/div/div/div/ul/li[2]/a/span[1]
2019-07-22 10:26:28,680 find_element.py--> get_element 20: INFO ----->定位方式:xpath--->定位值://*[@id="vehicleModel"]/div/div[1]/div[1]/div/div/button/span[1]
2019-07-22 10:26:28,849 find_element.py--> get_element 20: INFO ----->定位方式:xpath--->定位值://*[@id="vehicleModel"]/div/div[1]/div[1]/div/div/div/ul/li[3]/a/span[1]
2019-07-22 10:26:29,037 find_element.py--> get_element 20: INFO ----->定位方式:id--->定位值:purchaseAmount
2019-07-22 10:26:29,134 find_element.py--> get_element 20: INFO ----->定位方式:xpath--->定位值://*[@id="vehicleModel"]/div/div[1]/div[3]/div/div/button/span[1]
2019-07-22 10:26:29,317 find_element.py--> get_element 20: INFO ----->定位方式:xpath--->定位值://*[@id="vehicleModel"]/div/div[1]/div[3]/div/div/div/ul/li[121]/a
2019-07-22 10:26:29,338 find_element.py--> get_element 20: INFO ----->找不到定位元素
