2019-06-19 17:54:46,058 login_handle.py--> send_username 20: INFO ----->输入用户名是：ccadmin
2019-06-19 17:54:46,060 find_element.py--> get_element 20: INFO ----->定位方式:id--->定位值:loginId
2019-06-19 17:54:46,164 login_handle.py--> send_password 20: INFO ----->输入密码是：123qwe
2019-06-19 17:54:46,167 find_element.py--> get_element 20: INFO ----->定位方式:id--->定位值:password
2019-06-19 17:54:46,249 find_element.py--> get_element 20: INFO ----->定位方式:className--->定位值:login-submit
2019-06-19 17:54:47,851 find_element.py--> get_element 20: INFO ----->定位方式:id--->定位值:910000
2019-06-19 17:54:48,940 find_element.py--> get_element 20: INFO ----->定位方式:id--->定位值:15000000
2019-06-19 17:54:50,023 find_element.py--> get_element 20: INFO ----->定位方式:xpath--->定位值://*[@id="15080000"]
2019-06-19 17:54:50,113 find_element.py--> get_element 20: INFO ----->定位方式:id--->定位值:15080100
2019-06-19 17:54:52,451 find_element.py--> get_element 20: INFO ----->定位方式:xpath--->定位值://*[@id="btn_xinzeng"]
2019-06-19 17:54:53,717 order_info_handle.py--> send_userinfo 20: INFO ----->输入的手机号：18693557612
2019-06-19 17:54:53,719 find_element.py--> get_element 20: INFO ----->定位方式:id--->定位值:phoneNo
2019-06-19 17:54:54,577 find_element.py--> get_element 20: INFO ----->定位方式:id--->定位值:queryMobile
2019-06-19 17:54:55,701 order_info_handle.py--> send_userinfo 20: INFO ----->输入的身份证号：362427195003171408
2019-06-19 17:54:55,702 find_element.py--> get_element 20: INFO ----->定位方式:id--->定位值:idNumber
2019-06-19 17:54:57,563 find_element.py--> get_element 20: INFO ----->定位方式:xpath--->定位值://*[@id="vehicleModel"]/div/div[1]/div[1]/div/div/button/span[1]
2019-06-19 17:54:57,707 find_element.py--> get_element 20: INFO ----->定位方式:xpath--->定位值://*[@id="vehicleModel"]/div/div[1]/div[1]/div/div/div/ul/li[2]/a/span[1]
2019-06-19 17:54:57,959 find_element.py--> get_element 20: INFO ----->定位方式:id--->定位值:vin
2019-06-19 17:54:58,331 find_element.py--> get_element 20: INFO ----->定位方式:id--->定位值:queryVin
2019-06-19 17:54:58,586 find_element.py--> get_element 20: INFO ----->定位方式:id--->定位值:baseDisplacement
2019-06-19 17:54:58,905 find_element.py--> get_element 20: INFO ----->定位方式:id--->定位值:baseSeating
2019-06-19 17:54:59,005 find_element.py--> get_element 20: INFO ----->定位方式:id--->定位值:purchaseAmount
2019-06-19 17:54:59,070 find_element.py--> get_element 20: INFO ----->定位方式:id--->定位值:guidePrice
2019-06-19 17:54:59,113 find_element.py--> get_element 20: INFO ----->定位方式:id--->定位值:guidePrice
2019-06-19 17:54:59,332 find_element.py--> get_element 20: INFO ----->定位方式:id--->定位值:salePrice
2019-06-19 17:54:59,631 order_info_business.py--> car_price 20: INFO ----->定金金额：3500
2019-06-19 17:54:59,633 find_element.py--> get_element 20: INFO ----->定位方式:id--->定位值:preLicenseProvince
2019-06-19 17:54:59,789 find_element.py--> get_element 20: INFO ----->定位方式:xpath--->定位值://*[@id="preLicenseProvince"]/option[20]
2019-06-19 17:54:59,891 find_element.py--> get_element 20: INFO ----->定位方式:id--->定位值:preLicenseCity
2019-06-19 17:55:00,067 find_element.py--> get_element 20: INFO ----->定位方式:xpath--->定位值://*[@id="preLicenseCity"]/option[2]
2019-06-19 17:55:00,147 find_element.py--> get_element 20: INFO ----->定位方式:id--->定位值:preLicenseSotre
2019-06-19 17:55:00,285 find_element.py--> get_element 20: INFO ----->定位方式:xpath--->定位值://*[@id="preLicenseSotre"]/option[2]
2019-06-19 17:55:00,360 find_element.py--> get_element 20: INFO ----->定位方式:id--->定位值:channelTypeGH
2019-06-19 17:55:00,525 find_element.py--> get_element 20: INFO ----->定位方式:id--->定位值:realNameSystemYNull
2019-06-19 17:55:00,675 find_element.py--> get_element 20: INFO ----->定位方式:id--->定位值:shopInsuranceYNull
2019-06-19 17:55:00,804 find_element.py--> get_element 20: INFO ----->定位方式:id--->定位值:firstYearVehicleAndVesselTax
2019-06-19 17:55:00,907 find_element.py--> get_element 20: INFO ----->定位方式:id--->定位值:firstYearSali
2019-06-19 17:55:01,012 find_element.py--> get_element 20: INFO ----->定位方式:id--->定位值:firstCommercialTheft
2019-06-19 17:55:01,124 find_element.py--> get_element 20: INFO ----->定位方式:id--->定位值:advancePremiumAmt
2019-06-19 17:55:01,251 find_element.py--> get_element 20: INFO ----->定位方式:id--->定位值:termCount
2019-06-19 17:55:01,398 find_element.py--> get_element 20: INFO ----->定位方式:id--->定位值:monthlyRent
2019-06-19 17:55:01,577 find_element.py--> get_element 20: INFO ----->定位方式:id--->定位值:cusInterestRates
2019-06-19 17:55:01,667 find_element.py--> get_element 20: INFO ----->定位方式:id--->定位值:purchaseTax
2019-06-19 17:55:01,732 find_element.py--> get_element 20: INFO ----->定位方式:id--->定位值:gpsFee
2019-06-19 17:55:01,895 find_element.py--> get_element 20: INFO ----->定位方式:id--->定位值:accountMaintenanceFee
2019-06-19 17:55:02,060 find_element.py--> get_element 20: INFO ----->定位方式:id--->定位值:yxDownPaymentAmt
2019-06-19 17:55:02,250 find_element.py--> get_element 20: INFO ----->定位方式:id--->定位值:yxRiskFinancingAmt
2019-06-19 17:55:02,405 find_element.py--> get_element 20: INFO ----->定位方式:id--->定位值:yxRiskControlFinancingAmt
2019-06-19 17:55:02,633 find_element.py--> get_element 20: INFO ----->定位方式:id--->定位值:hsServiceFee
2019-06-19 17:55:02,786 find_element.py--> get_element 20: INFO ----->定位方式:id--->定位值:licenseFee
2019-06-19 17:55:02,944 find_element.py--> get_element 20: INFO ----->定位方式:id--->定位值:mortgageFee
2019-06-19 17:55:03,093 find_element.py--> get_element 20: INFO ----->定位方式:id--->定位值:totalDownPaymentOtherAmt
2019-06-19 17:55:03,203 find_element.py--> get_element 20: INFO ----->定位方式:id--->定位值:remarkId
2019-06-19 17:55:03,676 find_element.py--> get_element 20: INFO ----->定位方式:xpath--->定位值://*[@id="fanancingInfoHs"]/div/div[2]/div[1]/div/div/button/span[1]
2019-06-19 17:55:03,821 find_element.py--> get_element 20: INFO ----->定位方式:xpath--->定位值://*[@id="fanancingInfoHs"]/div/div[2]/div[1]/div/div/div/ul/li[2]/a/span[1]
2019-06-19 17:55:03,966 find_element.py--> get_element 20: INFO ----->定位方式:id--->定位值:yxOrderNo
2019-06-19 17:55:04,433 find_element.py--> get_element 20: INFO ----->定位方式:xpath--->定位值://*[@id="yxAuditFile"]/div/table/tbody/tr[1]/td[3]/input
2019-06-19 17:55:05,569 find_element.py--> get_element 20: INFO ----->定位方式:xpath--->定位值://*[@id="yx-upload-check"]
2019-06-19 17:55:08,246 find_element.py--> get_element 20: INFO ----->定位方式:xpath--->定位值://*[@id="yx-upload-sub"]
2019-06-19 17:55:08,462 find_element.py--> get_element 20: INFO ----->定位方式:xpath--->定位值://*[@id="cusUpdateModal"]/div/div/div[3]/button
2019-06-19 17:55:09,583 find_element.py--> get_element 20: INFO ----->定位方式:xpath--->定位值://*[@id="yxAuditFile"]/div/table/tbody/tr[2]/td[3]/input
2019-06-19 17:55:10,706 find_element.py--> get_element 20: INFO ----->定位方式:xpath--->定位值://*[@id="yx-upload-check"]
2019-06-19 17:55:14,094 find_element.py--> get_element 20: INFO ----->定位方式:xpath--->定位值://*[@id="yx-upload-check"]
2019-06-19 17:55:16,481 find_element.py--> get_element 20: INFO ----->定位方式:xpath--->定位值://*[@id="yx-upload-sub"]
2019-06-19 17:55:16,605 find_element.py--> get_element 20: INFO ----->定位方式:xpath--->定位值://*[@id="cusUpdateModal"]/div/div/div[3]/button
2019-06-19 17:55:17,703 find_element.py--> get_element 20: INFO ----->定位方式:id--->定位值:basicTempSave
2019-06-19 17:55:19,682 find_element.py--> get_element 20: INFO ----->定位方式:id--->定位值:basicModalBtnNegative
2019-06-19 17:55:20,787 find_element.py--> get_element 20: INFO ----->定位方式:id--->定位值:basicSubmit
2019-06-19 17:55:22,847 find_element.py--> get_element 20: INFO ----->定位方式:id--->定位值:basicModalBtnNegative
2019-06-19 17:55:23,994 find_element.py--> get_element 20: INFO ----->定位方式:name--->定位值:customerPhoneNo
2019-06-19 17:55:24,215 find_element.py--> get_element 20: INFO ----->定位方式:id--->定位值:btnSearch
2019-06-19 17:55:25,337 find_element.py--> get_element 20: INFO ----->定位方式:xpath--->定位值://*[@id="orders"]/tbody/tr[1]/td[1]
2019-06-19 17:55:25,447 find_element.py--> get_element 20: INFO ----->定位方式:id--->定位值:btn_shenhedingdan
2019-06-19 17:55:31,096 find_element.py--> get_element 20: INFO ----->定位方式:id--->定位值:basicSubmit
2019-06-19 17:55:32,279 find_element.py--> get_element 20: INFO ----->定位方式:id--->定位值:basicModalBtnNegative
2019-06-19 17:55:33,467 find_element.py--> get_element 20: INFO ----->定位方式:name--->定位值:customerPhoneNo
2019-06-19 17:55:33,694 find_element.py--> get_element 20: INFO ----->定位方式:id--->定位值:btnSearch
2019-06-19 17:55:34,797 find_element.py--> get_element 20: INFO ----->定位方式:xpath--->定位值://*[@id="orders"]/tbody/tr[1]/td[1]
2019-06-19 17:55:35,446 find_element.py--> get_element 20: INFO ----->定位方式:id--->定位值:btn_xiaoshoujiesuan
2019-06-19 17:55:36,641 find_element.py--> get_element 20: INFO ----->定位方式:xpath--->定位值://*[@id="amtDetail"]/div/div[3]/div/button[1]
2019-06-19 17:55:37,810 find_element.py--> get_element 20: INFO ----->定位方式:xpath--->定位值://*[@id="receiptModel"]/div/div/div[2]/button
2019-06-19 17:55:38,908 find_element.py--> get_element 20: INFO ----->定位方式:id--->定位值:deliveryClose
2019-06-19 17:55:40,116 find_element.py--> get_element 20: INFO ----->定位方式:name--->定位值:customerPhoneNo
2019-06-19 17:55:40,290 find_element.py--> get_element 20: INFO ----->定位方式:id--->定位值:btnSearch
2019-06-19 17:55:41,427 find_element.py--> get_element 20: INFO ----->定位方式:xpath--->定位值://*[@id="orders"]/tbody/tr[1]/td[1]
2019-06-19 17:55:41,521 find_element.py--> get_element 20: INFO ----->定位方式:id--->定位值:btn_shengchenghetong
2019-06-19 17:58:39,271 login_handle.py--> send_username 20: INFO ----->输入用户名是：ccadmin
2019-06-19 17:58:39,272 find_element.py--> get_element 20: INFO ----->定位方式:id--->定位值:loginId
2019-06-19 17:58:39,358 login_handle.py--> send_password 20: INFO ----->输入密码是：123qwe
2019-06-19 17:58:39,360 find_element.py--> get_element 20: INFO ----->定位方式:id--->定位值:password
2019-06-19 17:58:39,423 find_element.py--> get_element 20: INFO ----->定位方式:className--->定位值:login-submit
2019-06-19 17:58:41,043 find_element.py--> get_element 20: INFO ----->定位方式:id--->定位值:910000
2019-06-19 17:58:42,118 find_element.py--> get_element 20: INFO ----->定位方式:id--->定位值:15000000
2019-06-19 17:58:43,200 find_element.py--> get_element 20: INFO ----->定位方式:xpath--->定位值://*[@id="15080000"]
2019-06-19 17:58:43,290 find_element.py--> get_element 20: INFO ----->定位方式:id--->定位值:15080100
2019-06-19 17:58:45,672 find_element.py--> get_element 20: INFO ----->定位方式:xpath--->定位值://*[@id="btn_xinzeng"]
2019-06-19 17:58:46,900 order_info_handle.py--> send_userinfo 20: INFO ----->输入的手机号：18624722227
2019-06-19 17:58:46,902 find_element.py--> get_element 20: INFO ----->定位方式:id--->定位值:phoneNo
2019-06-19 17:58:48,007 find_element.py--> get_element 20: INFO ----->定位方式:id--->定位值:queryMobile
2019-06-19 17:58:49,138 order_info_handle.py--> send_userinfo 20: INFO ----->输入的身份证号：362429198103185423
2019-06-19 17:58:49,139 find_element.py--> get_element 20: INFO ----->定位方式:id--->定位值:idNumber
2019-06-19 17:58:50,801 find_element.py--> get_element 20: INFO ----->定位方式:xpath--->定位值://*[@id="vehicleModel"]/div/div[1]/div[1]/div/div/button/span[1]
2019-06-19 17:58:50,932 find_element.py--> get_element 20: INFO ----->定位方式:xpath--->定位值://*[@id="vehicleModel"]/div/div[1]/div[1]/div/div/div/ul/li[3]/a/span[1]
2019-06-19 17:58:51,174 find_element.py--> get_element 20: INFO ----->定位方式:id--->定位值:purchaseAmount
2019-06-19 17:58:51,256 find_element.py--> get_element 20: INFO ----->定位方式:xpath--->定位值://*[@id="vehicleModel"]/div/div[1]/div[3]/div/div/button/span[1]
2019-06-19 17:58:51,502 find_element.py--> get_element 20: INFO ----->定位方式:xpath--->定位值://*[@id="vehicleModel"]/div/div[1]/div[3]/div/div/div/ul/li[121]/a
2019-06-19 17:58:51,651 find_element.py--> get_element 20: INFO ----->定位方式:xpath--->定位值://*[@id="vehicleModel"]/div/div[2]/div[1]/div/div/button/span[1]
2019-06-19 17:58:51,860 find_element.py--> get_element 20: INFO ----->定位方式:xpath--->定位值://*[@id="vehicleModel"]/div/div[2]/div[1]/div/div/div/ul/li[27]/a
2019-06-19 17:58:51,998 find_element.py--> get_element 20: INFO ----->定位方式:xpath--->定位值://*[@id="vehicleModel"]/div/div[2]/div[2]/div/div/button/span[1]
2019-06-19 17:58:52,204 find_element.py--> get_element 20: INFO ----->定位方式:xpath--->定位值://*[@id="vehicleModel"]/div/div[2]/div[2]/div/div/div/ul/li[3]/a/span[1]
2019-06-19 17:58:52,359 find_element.py--> get_element 20: INFO ----->定位方式:xpath--->定位值://*[@id="vehicleModel"]/div/div[1]/div[4]/div/div/button/span[1]
2019-06-19 17:58:52,502 find_element.py--> get_element 20: INFO ----->定位方式:xpath--->定位值://*[@id="vehicleModel"]/div/div[1]/div[4]/div/div/div/ul/li[2]/a
2019-06-19 17:58:52,631 find_element.py--> get_element 20: INFO ----->定位方式:id--->定位值:guidePrice
2019-06-19 17:58:52,681 find_element.py--> get_element 20: INFO ----->定位方式:id--->定位值:guidePrice
2019-06-19 17:58:52,935 find_element.py--> get_element 20: INFO ----->定位方式:id--->定位值:salePrice
2019-06-19 17:58:53,293 order_info_business.py--> car_price 20: INFO ----->定金金额：3500
2019-06-19 17:58:53,297 find_element.py--> get_element 20: INFO ----->定位方式:id--->定位值:preLicenseProvince
2019-06-19 17:58:53,439 find_element.py--> get_element 20: INFO ----->定位方式:xpath--->定位值://*[@id="preLicenseProvince"]/option[20]
2019-06-19 17:58:53,527 find_element.py--> get_element 20: INFO ----->定位方式:id--->定位值:preLicenseCity
2019-06-19 17:58:53,686 find_element.py--> get_element 20: INFO ----->定位方式:xpath--->定位值://*[@id="preLicenseCity"]/option[2]
2019-06-19 17:58:53,761 find_element.py--> get_element 20: INFO ----->定位方式:id--->定位值:preLicenseSotre
2019-06-19 17:58:53,901 find_element.py--> get_element 20: INFO ----->定位方式:xpath--->定位值://*[@id="preLicenseSotre"]/option[2]
2019-06-19 17:58:53,977 find_element.py--> get_element 20: INFO ----->定位方式:id--->定位值:channelTypeGH
2019-06-19 17:58:54,170 find_element.py--> get_element 20: INFO ----->定位方式:id--->定位值:realNameSystemYNull
2019-06-19 17:58:54,307 find_element.py--> get_element 20: INFO ----->定位方式:id--->定位值:shopInsuranceYNull
2019-06-19 17:58:54,455 find_element.py--> get_element 20: INFO ----->定位方式:id--->定位值:firstYearVehicleAndVesselTax
2019-06-19 17:58:54,556 find_element.py--> get_element 20: INFO ----->定位方式:id--->定位值:firstYearSali
2019-06-19 17:58:54,657 find_element.py--> get_element 20: INFO ----->定位方式:id--->定位值:firstCommercialTheft
2019-06-19 17:58:54,762 find_element.py--> get_element 20: INFO ----->定位方式:id--->定位值:advancePremiumAmt
2019-06-19 17:58:54,889 find_element.py--> get_element 20: INFO ----->定位方式:id--->定位值:termCount
2019-06-19 17:58:55,021 find_element.py--> get_element 20: INFO ----->定位方式:id--->定位值:monthlyRent
2019-06-19 17:58:55,213 find_element.py--> get_element 20: INFO ----->定位方式:id--->定位值:cusInterestRates
2019-06-19 17:58:55,307 find_element.py--> get_element 20: INFO ----->定位方式:id--->定位值:purchaseTax
2019-06-19 17:58:55,490 find_element.py--> get_element 20: INFO ----->定位方式:id--->定位值:gpsFee
2019-06-19 17:58:55,638 find_element.py--> get_element 20: INFO ----->定位方式:id--->定位值:accountMaintenanceFee
2019-06-19 17:58:55,805 find_element.py--> get_element 20: INFO ----->定位方式:id--->定位值:yxDownPaymentAmt
2019-06-19 17:58:55,993 find_element.py--> get_element 20: INFO ----->定位方式:id--->定位值:yxRiskFinancingAmt
2019-06-19 17:58:56,143 find_element.py--> get_element 20: INFO ----->定位方式:id--->定位值:yxRiskControlFinancingAmt
2019-06-19 17:58:56,319 find_element.py--> get_element 20: INFO ----->定位方式:id--->定位值:hsServiceFee
2019-06-19 17:58:56,492 find_element.py--> get_element 20: INFO ----->定位方式:id--->定位值:licenseFee
2019-06-19 17:58:56,701 find_element.py--> get_element 20: INFO ----->定位方式:id--->定位值:mortgageFee
2019-06-19 17:58:56,881 find_element.py--> get_element 20: INFO ----->定位方式:id--->定位值:totalDownPaymentOtherAmt
2019-06-19 17:58:56,989 find_element.py--> get_element 20: INFO ----->定位方式:id--->定位值:remarkId
2019-06-19 17:58:57,469 find_element.py--> get_element 20: INFO ----->定位方式:xpath--->定位值://*[@id="fanancingInfoHs"]/div/div[2]/div[1]/div/div/button/span[1]
2019-06-19 17:58:57,590 find_element.py--> get_element 20: INFO ----->定位方式:xpath--->定位值://*[@id="fanancingInfoHs"]/div/div[2]/div[1]/div/div/div/ul/li[2]/a/span[1]
2019-06-19 17:58:57,763 find_element.py--> get_element 20: INFO ----->定位方式:id--->定位值:yxOrderNo
2019-06-19 17:58:58,238 find_element.py--> get_element 20: INFO ----->定位方式:xpath--->定位值://*[@id="yxAuditFile"]/div/table/tbody/tr[1]/td[3]/input
2019-06-19 17:58:59,368 find_element.py--> get_element 20: INFO ----->定位方式:xpath--->定位值://*[@id="yx-upload-check"]
2019-06-19 17:59:01,878 find_element.py--> get_element 20: INFO ----->定位方式:xpath--->定位值://*[@id="yx-upload-sub"]
2019-06-19 17:59:02,057 find_element.py--> get_element 20: INFO ----->定位方式:xpath--->定位值://*[@id="cusUpdateModal"]/div/div/div[3]/button
2019-06-19 17:59:03,214 find_element.py--> get_element 20: INFO ----->定位方式:xpath--->定位值://*[@id="yxAuditFile"]/div/table/tbody/tr[2]/td[3]/input
2019-06-19 17:59:04,338 find_element.py--> get_element 20: INFO ----->定位方式:xpath--->定位值://*[@id="yx-upload-check"]
2019-06-19 17:59:07,698 find_element.py--> get_element 20: INFO ----->定位方式:xpath--->定位值://*[@id="yx-upload-check"]
2019-06-19 17:59:10,002 find_element.py--> get_element 20: INFO ----->定位方式:xpath--->定位值://*[@id="yx-upload-sub"]
2019-06-19 17:59:10,182 find_element.py--> get_element 20: INFO ----->定位方式:xpath--->定位值://*[@id="cusUpdateModal"]/div/div/div[3]/button
2019-06-19 17:59:11,294 find_element.py--> get_element 20: INFO ----->定位方式:id--->定位值:basicTempSave
2019-06-19 17:59:12,946 find_element.py--> get_element 20: INFO ----->定位方式:id--->定位值:basicModalBtnNegative
2019-06-19 17:59:14,049 find_element.py--> get_element 20: INFO ----->定位方式:id--->定位值:basicSubmit
2019-06-19 17:59:15,844 find_element.py--> get_element 20: INFO ----->定位方式:id--->定位值:basicModalBtnNegative
2019-06-19 17:59:17,009 find_element.py--> get_element 20: INFO ----->定位方式:name--->定位值:customerPhoneNo
2019-06-19 17:59:17,256 find_element.py--> get_element 20: INFO ----->定位方式:id--->定位值:btnSearch
2019-06-19 17:59:18,494 find_element.py--> get_element 20: INFO ----->定位方式:xpath--->定位值://*[@id="orders"]/tbody/tr[1]/td[1]
2019-06-19 17:59:18,593 find_element.py--> get_element 20: INFO ----->定位方式:id--->定位值:btn_shenhedingdan
2019-06-19 17:59:24,326 find_element.py--> get_element 20: INFO ----->定位方式:id--->定位值:basicSubmit
2019-06-19 17:59:25,507 find_element.py--> get_element 20: INFO ----->定位方式:id--->定位值:basicModalBtnNegative
2019-06-19 17:59:26,689 find_element.py--> get_element 20: INFO ----->定位方式:name--->定位值:customerPhoneNo
2019-06-19 17:59:26,890 find_element.py--> get_element 20: INFO ----->定位方式:id--->定位值:btnSearch
2019-06-19 17:59:28,211 find_element.py--> get_element 20: INFO ----->定位方式:xpath--->定位值://*[@id="orders"]/tbody/tr[1]/td[1]
2019-06-19 17:59:28,858 find_element.py--> get_element 20: INFO ----->定位方式:id--->定位值:btn_xiaoshoujiesuan
2019-06-19 17:59:29,992 find_element.py--> get_element 20: INFO ----->定位方式:xpath--->定位值://*[@id="amtDetail"]/div/div[3]/div/button[1]
2019-06-19 17:59:31,155 find_element.py--> get_element 20: INFO ----->定位方式:xpath--->定位值://*[@id="receiptModel"]/div/div/div[2]/button
2019-06-19 17:59:32,251 find_element.py--> get_element 20: INFO ----->定位方式:id--->定位值:deliveryClose
2019-06-19 17:59:33,425 find_element.py--> get_element 20: INFO ----->定位方式:name--->定位值:customerPhoneNo
2019-06-19 17:59:33,599 find_element.py--> get_element 20: INFO ----->定位方式:id--->定位值:btnSearch
2019-06-19 17:59:34,884 find_element.py--> get_element 20: INFO ----->定位方式:xpath--->定位值://*[@id="orders"]/tbody/tr[1]/td[1]
2019-06-19 17:59:34,985 find_element.py--> get_element 20: INFO ----->定位方式:id--->定位值:btn_shengchenghetong
