2019-06-03 11:31:58,046 login_handle.py--> send_username 20: INFO ----->输入用户名是：ccadmin
2019-06-03 11:31:58,048 find_element.py--> get_element 20: INFO ----->定位方式:id--->定位值:loginId
2019-06-03 11:31:58,148 login_handle.py--> send_password 20: INFO ----->输入密码是：123qwe
2019-06-03 11:31:58,149 find_element.py--> get_element 20: INFO ----->定位方式:id--->定位值:password
2019-06-03 11:31:58,215 find_element.py--> get_element 20: INFO ----->定位方式:className--->定位值:login-submit
2019-06-03 11:31:59,798 find_element.py--> get_element 20: INFO ----->定位方式:id--->定位值:910000
2019-06-03 11:32:00,879 find_element.py--> get_element 20: INFO ----->定位方式:id--->定位值:15000000
2019-06-03 11:32:01,956 find_element.py--> get_element 20: INFO ----->定位方式:xpath--->定位值://*[@id="15080000"]
2019-06-03 11:32:02,024 find_element.py--> get_element 20: INFO ----->定位方式:id--->定位值:15080100
2019-06-03 11:32:04,045 find_element.py--> get_element 20: INFO ----->定位方式:xpath--->定位值://*[@id="btn_xinzeng"]
2019-06-03 11:32:05,330 order_info_handle.py--> send_userinfo 20: INFO ----->输入的手机号：18655660523
2019-06-03 11:32:05,332 find_element.py--> get_element 20: INFO ----->定位方式:id--->定位值:phoneNo
2019-06-03 11:32:06,516 find_element.py--> get_element 20: INFO ----->定位方式:id--->定位值:queryMobile
2019-06-03 11:32:07,730 order_info_handle.py--> send_userinfo 20: INFO ----->输入的身份证号：110101198407210723
2019-06-03 11:32:07,731 find_element.py--> get_element 20: INFO ----->定位方式:id--->定位值:idNumber
2019-06-03 11:32:09,483 find_element.py--> get_element 20: INFO ----->定位方式:id--->定位值:purchaseAmount
2019-06-03 11:32:09,693 find_element.py--> get_element 20: INFO ----->定位方式:xpath--->定位值://*[@id="vehicleModel"]/div/div[1]/div[3]/div/div/button/span[1]
2019-06-03 11:32:09,978 find_element.py--> get_element 20: INFO ----->定位方式:xpath--->定位值://*[@id="vehicleModel"]/div/div[1]/div[3]/div/div/div/ul/li[121]/a
2019-06-03 11:32:10,172 find_element.py--> get_element 20: INFO ----->定位方式:xpath--->定位值://*[@id="vehicleModel"]/div/div[2]/div[1]/div/div/button/span[1]
2019-06-03 11:32:10,342 find_element.py--> get_element 20: INFO ----->定位方式:xpath--->定位值://*[@id="vehicleModel"]/div/div[2]/div[1]/div/div/div/ul/li[27]/a
2019-06-03 11:32:10,521 find_element.py--> get_element 20: INFO ----->定位方式:xpath--->定位值://*[@id="vehicleModel"]/div/div[2]/div[2]/div/div/button/span[1]
2019-06-03 11:32:10,766 find_element.py--> get_element 20: INFO ----->定位方式:xpath--->定位值://*[@id="vehicleModel"]/div/div[2]/div[2]/div/div/div/ul/li[3]/a/span[1]
2019-06-03 11:32:10,944 find_element.py--> get_element 20: INFO ----->定位方式:xpath--->定位值://*[@id="vehicleModel"]/div/div[1]/div[4]/div/div/button/span[1]
2019-06-03 11:32:11,065 find_element.py--> get_element 20: INFO ----->定位方式:xpath--->定位值://*[@id="vehicleModel"]/div/div[1]/div[4]/div/div/div/ul/li[2]/a
2019-06-03 11:32:11,198 find_element.py--> get_element 20: INFO ----->定位方式:id--->定位值:guidePrice
2019-06-03 11:32:11,252 find_element.py--> get_element 20: INFO ----->定位方式:id--->定位值:guidePrice
2019-06-03 11:32:11,518 find_element.py--> get_element 20: INFO ----->定位方式:id--->定位值:salePrice
2019-06-03 11:32:11,818 find_element.py--> get_element 20: INFO ----->定位方式:id--->定位值:preLicenseProvince
2019-06-03 11:32:12,015 find_element.py--> get_element 20: INFO ----->定位方式:xpath--->定位值://*[@id="preLicenseProvince"]/option[3]
2019-06-03 11:32:12,136 find_element.py--> get_element 20: INFO ----->定位方式:id--->定位值:preLicenseCity
2019-06-03 11:32:12,277 find_element.py--> get_element 20: INFO ----->定位方式:xpath--->定位值://*[@id="preLicenseCity"]/option[2]
2019-06-03 11:32:12,362 find_element.py--> get_element 20: INFO ----->定位方式:id--->定位值:preLicenseSotre
2019-06-03 11:32:12,560 find_element.py--> get_element 20: INFO ----->定位方式:xpath--->定位值://*[@id="preLicenseSotre"]/option[2]
2019-06-03 11:32:12,640 find_element.py--> get_element 20: INFO ----->定位方式:id--->定位值:channelTypeGH
2019-06-03 11:32:12,807 find_element.py--> get_element 20: INFO ----->定位方式:id--->定位值:realNameSystemYNull
2019-06-03 11:32:13,019 find_element.py--> get_element 20: INFO ----->定位方式:id--->定位值:shopInsuranceYNull
2019-06-03 11:32:13,165 find_element.py--> get_element 20: INFO ----->定位方式:id--->定位值:firstYearVehicleAndVesselTax
2019-06-03 11:32:13,273 find_element.py--> get_element 20: INFO ----->定位方式:id--->定位值:firstYearSali
2019-06-03 11:32:13,387 find_element.py--> get_element 20: INFO ----->定位方式:id--->定位值:firstCommercialTheft
2019-06-03 11:32:13,497 find_element.py--> get_element 20: INFO ----->定位方式:id--->定位值:advancePremiumAmt
2019-06-03 15:19:47,975 login_handle.py--> send_username 20: INFO ----->输入用户名是：ccadmin
2019-06-03 15:19:47,977 find_element.py--> get_element 20: INFO ----->定位方式:id--->定位值:loginId
2019-06-03 15:19:48,096 login_handle.py--> send_password 20: INFO ----->输入密码是：123qwe
2019-06-03 15:19:48,099 find_element.py--> get_element 20: INFO ----->定位方式:id--->定位值:password
2019-06-03 15:19:48,169 find_element.py--> get_element 20: INFO ----->定位方式:className--->定位值:login-submit
2019-06-03 15:19:49,830 find_element.py--> get_element 20: INFO ----->定位方式:id--->定位值:910000
2019-06-03 15:19:50,904 find_element.py--> get_element 20: INFO ----->定位方式:id--->定位值:15000000
2019-06-03 15:19:52,030 find_element.py--> get_element 20: INFO ----->定位方式:xpath--->定位值://*[@id="15080000"]
2019-06-03 15:19:52,101 find_element.py--> get_element 20: INFO ----->定位方式:id--->定位值:15080100
2019-06-03 15:19:54,329 find_element.py--> get_element 20: INFO ----->定位方式:xpath--->定位值://*[@id="btn_xinzeng"]
2019-06-03 15:19:55,578 order_info_handle.py--> send_userinfo 20: INFO ----->输入的手机号：18659486759
2019-06-03 15:19:55,579 find_element.py--> get_element 20: INFO ----->定位方式:id--->定位值:phoneNo
2019-06-03 15:19:56,630 find_element.py--> get_element 20: INFO ----->定位方式:id--->定位值:queryMobile
2019-06-03 15:19:57,801 order_info_handle.py--> send_userinfo 20: INFO ----->输入的身份证号：362426199101214101
2019-06-03 15:19:57,802 find_element.py--> get_element 20: INFO ----->定位方式:id--->定位值:idNumber
2019-06-03 15:19:59,523 find_element.py--> get_element 20: INFO ----->定位方式:id--->定位值:purchaseAmount
2019-06-03 15:19:59,699 find_element.py--> get_element 20: INFO ----->定位方式:xpath--->定位值://*[@id="vehicleModel"]/div/div[1]/div[3]/div/div/button/span[1]
2019-06-03 15:19:59,972 find_element.py--> get_element 20: INFO ----->定位方式:xpath--->定位值://*[@id="vehicleModel"]/div/div[1]/div[3]/div/div/div/ul/li[121]/a
2019-06-03 15:20:00,143 find_element.py--> get_element 20: INFO ----->定位方式:xpath--->定位值://*[@id="vehicleModel"]/div/div[2]/div[1]/div/div/button/span[1]
2019-06-03 15:20:00,317 find_element.py--> get_element 20: INFO ----->定位方式:xpath--->定位值://*[@id="vehicleModel"]/div/div[2]/div[1]/div/div/div/ul/li[27]/a
2019-06-03 15:20:00,489 find_element.py--> get_element 20: INFO ----->定位方式:xpath--->定位值://*[@id="vehicleModel"]/div/div[2]/div[2]/div/div/button/span[1]
2019-06-03 15:20:00,711 find_element.py--> get_element 20: INFO ----->定位方式:xpath--->定位值://*[@id="vehicleModel"]/div/div[2]/div[2]/div/div/div/ul/li[3]/a/span[1]
2019-06-03 15:20:00,928 find_element.py--> get_element 20: INFO ----->定位方式:xpath--->定位值://*[@id="vehicleModel"]/div/div[1]/div[4]/div/div/button/span[1]
2019-06-03 15:20:01,050 find_element.py--> get_element 20: INFO ----->定位方式:xpath--->定位值://*[@id="vehicleModel"]/div/div[1]/div[4]/div/div/div/ul/li[2]/a
2019-06-03 15:20:01,173 find_element.py--> get_element 20: INFO ----->定位方式:id--->定位值:guidePrice
2019-06-03 15:20:01,225 find_element.py--> get_element 20: INFO ----->定位方式:id--->定位值:guidePrice
2019-06-03 15:20:01,490 find_element.py--> get_element 20: INFO ----->定位方式:id--->定位值:salePrice
2019-06-03 15:21:14,247 login_handle.py--> send_username 20: INFO ----->输入用户名是：ccadmin
2019-06-03 15:21:14,249 find_element.py--> get_element 20: INFO ----->定位方式:id--->定位值:loginId
2019-06-03 15:21:14,334 login_handle.py--> send_password 20: INFO ----->输入密码是：123qwe
2019-06-03 15:21:14,335 find_element.py--> get_element 20: INFO ----->定位方式:id--->定位值:password
2019-06-03 15:21:14,401 find_element.py--> get_element 20: INFO ----->定位方式:className--->定位值:login-submit
2019-06-03 15:21:15,941 find_element.py--> get_element 20: INFO ----->定位方式:id--->定位值:910000
2019-06-03 15:21:17,020 find_element.py--> get_element 20: INFO ----->定位方式:id--->定位值:15000000
2019-06-03 15:21:18,096 find_element.py--> get_element 20: INFO ----->定位方式:xpath--->定位值://*[@id="15080000"]
2019-06-03 15:21:18,159 find_element.py--> get_element 20: INFO ----->定位方式:id--->定位值:15080100
2019-06-03 15:21:20,810 find_element.py--> get_element 20: INFO ----->定位方式:xpath--->定位值://*[@id="btn_xinzeng"]
2019-06-03 15:21:22,146 order_info_handle.py--> send_userinfo 20: INFO ----->输入的手机号：18660289629
2019-06-03 15:21:22,148 find_element.py--> get_element 20: INFO ----->定位方式:id--->定位值:phoneNo
2019-06-03 15:21:23,231 find_element.py--> get_element 20: INFO ----->定位方式:id--->定位值:queryMobile
2019-06-03 15:21:24,380 order_info_handle.py--> send_userinfo 20: INFO ----->输入的身份证号：362428194802187003
2019-06-03 15:21:24,381 find_element.py--> get_element 20: INFO ----->定位方式:id--->定位值:idNumber
2019-06-03 15:21:26,139 find_element.py--> get_element 20: INFO ----->定位方式:id--->定位值:purchaseAmount
2019-06-03 15:21:26,299 find_element.py--> get_element 20: INFO ----->定位方式:xpath--->定位值://*[@id="vehicleModel"]/div/div[1]/div[3]/div/div/button/span[1]
2019-06-03 15:21:26,552 find_element.py--> get_element 20: INFO ----->定位方式:xpath--->定位值://*[@id="vehicleModel"]/div/div[1]/div[3]/div/div/div/ul/li[121]/a
2019-06-03 15:21:26,755 find_element.py--> get_element 20: INFO ----->定位方式:xpath--->定位值://*[@id="vehicleModel"]/div/div[2]/div[1]/div/div/button/span[1]
2019-06-03 15:21:26,936 find_element.py--> get_element 20: INFO ----->定位方式:xpath--->定位值://*[@id="vehicleModel"]/div/div[2]/div[1]/div/div/div/ul/li[27]/a
2019-06-03 15:21:27,108 find_element.py--> get_element 20: INFO ----->定位方式:xpath--->定位值://*[@id="vehicleModel"]/div/div[2]/div[2]/div/div/button/span[1]
2019-06-03 15:21:27,349 find_element.py--> get_element 20: INFO ----->定位方式:xpath--->定位值://*[@id="vehicleModel"]/div/div[2]/div[2]/div/div/div/ul/li[3]/a/span[1]
2019-06-03 15:21:27,551 find_element.py--> get_element 20: INFO ----->定位方式:xpath--->定位值://*[@id="vehicleModel"]/div/div[1]/div[4]/div/div/button/span[1]
2019-06-03 15:21:27,680 find_element.py--> get_element 20: INFO ----->定位方式:xpath--->定位值://*[@id="vehicleModel"]/div/div[1]/div[4]/div/div/div/ul/li[2]/a
2019-06-03 15:21:27,794 find_element.py--> get_element 20: INFO ----->定位方式:id--->定位值:guidePrice
2019-06-03 15:21:27,843 find_element.py--> get_element 20: INFO ----->定位方式:id--->定位值:guidePrice
2019-06-03 15:21:28,092 find_element.py--> get_element 20: INFO ----->定位方式:id--->定位值:salePrice
2019-06-03 15:22:13,904 login_handle.py--> send_username 20: INFO ----->输入用户名是：ccadmin
2019-06-03 15:22:13,905 find_element.py--> get_element 20: INFO ----->定位方式:id--->定位值:loginId
2019-06-03 15:22:13,992 login_handle.py--> send_password 20: INFO ----->输入密码是：123qwe
2019-06-03 15:22:13,993 find_element.py--> get_element 20: INFO ----->定位方式:id--->定位值:password
2019-06-03 15:22:14,055 find_element.py--> get_element 20: INFO ----->定位方式:className--->定位值:login-submit
2019-06-03 15:22:15,876 find_element.py--> get_element 20: INFO ----->定位方式:id--->定位值:910000
2019-06-03 15:22:16,949 find_element.py--> get_element 20: INFO ----->定位方式:id--->定位值:15000000
2019-06-03 15:22:18,024 find_element.py--> get_element 20: INFO ----->定位方式:xpath--->定位值://*[@id="15080000"]
2019-06-03 15:22:18,090 find_element.py--> get_element 20: INFO ----->定位方式:id--->定位值:15080100
2019-06-03 15:22:20,420 find_element.py--> get_element 20: INFO ----->定位方式:xpath--->定位值://*[@id="btn_xinzeng"]
2019-06-03 15:22:22,033 order_info_handle.py--> send_userinfo 20: INFO ----->输入的手机号：18655453674
2019-06-03 15:22:22,035 find_element.py--> get_element 20: INFO ----->定位方式:id--->定位值:phoneNo
2019-06-03 15:22:23,006 find_element.py--> get_element 20: INFO ----->定位方式:id--->定位值:queryMobile
2019-06-03 15:22:24,161 order_info_handle.py--> send_userinfo 20: INFO ----->输入的身份证号：110105199406242113
2019-06-03 15:22:24,162 find_element.py--> get_element 20: INFO ----->定位方式:id--->定位值:idNumber
2019-06-03 15:22:25,919 find_element.py--> get_element 20: INFO ----->定位方式:id--->定位值:purchaseAmount
2019-06-03 15:22:26,087 find_element.py--> get_element 20: INFO ----->定位方式:xpath--->定位值://*[@id="vehicleModel"]/div/div[1]/div[3]/div/div/button/span[1]
2019-06-03 15:22:26,362 find_element.py--> get_element 20: INFO ----->定位方式:xpath--->定位值://*[@id="vehicleModel"]/div/div[1]/div[3]/div/div/div/ul/li[121]/a
2019-06-03 15:22:26,566 find_element.py--> get_element 20: INFO ----->定位方式:xpath--->定位值://*[@id="vehicleModel"]/div/div[2]/div[1]/div/div/button/span[1]
2019-06-03 15:22:26,731 find_element.py--> get_element 20: INFO ----->定位方式:xpath--->定位值://*[@id="vehicleModel"]/div/div[2]/div[1]/div/div/div/ul/li[27]/a
2019-06-03 15:22:26,914 find_element.py--> get_element 20: INFO ----->定位方式:xpath--->定位值://*[@id="vehicleModel"]/div/div[2]/div[2]/div/div/button/span[1]
2019-06-03 15:22:27,119 find_element.py--> get_element 20: INFO ----->定位方式:xpath--->定位值://*[@id="vehicleModel"]/div/div[2]/div[2]/div/div/div/ul/li[3]/a/span[1]
2019-06-03 15:22:27,318 find_element.py--> get_element 20: INFO ----->定位方式:xpath--->定位值://*[@id="vehicleModel"]/div/div[1]/div[4]/div/div/button/span[1]
2019-06-03 15:22:27,442 find_element.py--> get_element 20: INFO ----->定位方式:xpath--->定位值://*[@id="vehicleModel"]/div/div[1]/div[4]/div/div/div/ul/li[2]/a
2019-06-03 15:22:27,562 find_element.py--> get_element 20: INFO ----->定位方式:id--->定位值:guidePrice
2019-06-03 15:22:27,614 find_element.py--> get_element 20: INFO ----->定位方式:id--->定位值:guidePrice
2019-06-03 15:22:27,870 find_element.py--> get_element 20: INFO ----->定位方式:id--->定位值:salePrice
2019-06-03 15:22:28,162 find_element.py--> get_element 20: INFO ----->定位方式:id--->定位值:preLicenseProvince
2019-06-03 15:22:28,324 find_element.py--> get_element 20: INFO ----->定位方式:xpath--->定位值://*[@id="preLicenseProvince"]/option[3]
2019-06-03 15:22:28,409 find_element.py--> get_element 20: INFO ----->定位方式:id--->定位值:preLicenseCity
2019-06-03 15:22:28,563 find_element.py--> get_element 20: INFO ----->定位方式:xpath--->定位值://*[@id="preLicenseCity"]/option[2]
2019-06-03 15:22:28,690 find_element.py--> get_element 20: INFO ----->定位方式:id--->定位值:preLicenseSotre
2019-06-03 15:22:28,863 find_element.py--> get_element 20: INFO ----->定位方式:xpath--->定位值://*[@id="preLicenseSotre"]/option[2]
2019-06-03 15:22:28,944 find_element.py--> get_element 20: INFO ----->定位方式:id--->定位值:channelTypeGH
2019-06-03 15:22:29,112 find_element.py--> get_element 20: INFO ----->定位方式:id--->定位值:realNameSystemYNull
2019-06-03 15:22:29,257 find_element.py--> get_element 20: INFO ----->定位方式:id--->定位值:shopInsuranceYNull
2019-06-03 15:22:29,423 find_element.py--> get_element 20: INFO ----->定位方式:id--->定位值:firstYearVehicleAndVesselTax
2019-06-03 15:22:29,553 find_element.py--> get_element 20: INFO ----->定位方式:id--->定位值:firstYearSali
2019-06-03 15:22:29,664 find_element.py--> get_element 20: INFO ----->定位方式:id--->定位值:firstCommercialTheft
2019-06-03 15:22:29,780 find_element.py--> get_element 20: INFO ----->定位方式:id--->定位值:advancePremiumAmt
2019-06-03 15:23:53,001 login_handle.py--> send_username 20: INFO ----->输入用户名是：ccadmin
2019-06-03 15:23:53,003 find_element.py--> get_element 20: INFO ----->定位方式:id--->定位值:loginId
2019-06-03 15:23:53,105 login_handle.py--> send_password 20: INFO ----->输入密码是：123qwe
2019-06-03 15:23:53,107 find_element.py--> get_element 20: INFO ----->定位方式:id--->定位值:password
2019-06-03 15:23:53,177 find_element.py--> get_element 20: INFO ----->定位方式:className--->定位值:login-submit
2019-06-03 15:23:54,831 find_element.py--> get_element 20: INFO ----->定位方式:id--->定位值:910000
2019-06-03 15:23:55,903 find_element.py--> get_element 20: INFO ----->定位方式:id--->定位值:15000000
2019-06-03 15:23:56,982 find_element.py--> get_element 20: INFO ----->定位方式:xpath--->定位值://*[@id="15080000"]
2019-06-03 15:23:57,061 find_element.py--> get_element 20: INFO ----->定位方式:id--->定位值:15080100
2019-06-03 15:23:59,257 find_element.py--> get_element 20: INFO ----->定位方式:xpath--->定位值://*[@id="btn_xinzeng"]
2019-06-03 15:24:00,748 order_info_handle.py--> send_userinfo 20: INFO ----->输入的手机号：18640901246
2019-06-03 15:24:00,750 find_element.py--> get_element 20: INFO ----->定位方式:id--->定位值:phoneNo
2019-06-03 15:24:01,857 find_element.py--> get_element 20: INFO ----->定位方式:id--->定位值:queryMobile
2019-06-03 15:24:03,017 order_info_handle.py--> send_userinfo 20: INFO ----->输入的身份证号：110106197502272129
2019-06-03 15:24:03,018 find_element.py--> get_element 20: INFO ----->定位方式:id--->定位值:idNumber
2019-06-03 15:24:04,737 find_element.py--> get_element 20: INFO ----->定位方式:id--->定位值:purchaseAmount
2019-06-03 15:24:04,906 find_element.py--> get_element 20: INFO ----->定位方式:xpath--->定位值://*[@id="vehicleModel"]/div/div[1]/div[3]/div/div/button/span[1]
2019-06-03 15:24:05,166 find_element.py--> get_element 20: INFO ----->定位方式:xpath--->定位值://*[@id="vehicleModel"]/div/div[1]/div[3]/div/div/div/ul/li[121]/a
2019-06-03 15:24:05,360 find_element.py--> get_element 20: INFO ----->定位方式:xpath--->定位值://*[@id="vehicleModel"]/div/div[2]/div[1]/div/div/button/span[1]
2019-06-03 15:24:05,521 find_element.py--> get_element 20: INFO ----->定位方式:xpath--->定位值://*[@id="vehicleModel"]/div/div[2]/div[1]/div/div/div/ul/li[27]/a
2019-06-03 15:24:05,708 find_element.py--> get_element 20: INFO ----->定位方式:xpath--->定位值://*[@id="vehicleModel"]/div/div[2]/div[2]/div/div/button/span[1]
2019-06-03 15:24:05,914 find_element.py--> get_element 20: INFO ----->定位方式:xpath--->定位值://*[@id="vehicleModel"]/div/div[2]/div[2]/div/div/div/ul/li[3]/a/span[1]
2019-06-03 15:24:06,113 find_element.py--> get_element 20: INFO ----->定位方式:xpath--->定位值://*[@id="vehicleModel"]/div/div[1]/div[4]/div/div/button/span[1]
2019-06-03 15:24:06,249 find_element.py--> get_element 20: INFO ----->定位方式:xpath--->定位值://*[@id="vehicleModel"]/div/div[1]/div[4]/div/div/div/ul/li[2]/a
2019-06-03 15:24:06,370 find_element.py--> get_element 20: INFO ----->定位方式:id--->定位值:guidePrice
2019-06-03 15:24:06,421 find_element.py--> get_element 20: INFO ----->定位方式:id--->定位值:guidePrice
2019-06-03 15:24:06,665 find_element.py--> get_element 20: INFO ----->定位方式:id--->定位值:salePrice
2019-06-03 15:24:07,016 order_info_business.py--> car_price 20: INFO ----->失败定金金额：3500
2019-06-03 15:24:07,017 find_element.py--> get_element 20: INFO ----->定位方式:id--->定位值:preLicenseProvince
2019-06-03 15:24:07,202 find_element.py--> get_element 20: INFO ----->定位方式:xpath--->定位值://*[@id="preLicenseProvince"]/option[3]
2019-06-03 15:24:07,297 find_element.py--> get_element 20: INFO ----->定位方式:id--->定位值:preLicenseCity
2019-06-03 15:24:07,454 find_element.py--> get_element 20: INFO ----->定位方式:xpath--->定位值://*[@id="preLicenseCity"]/option[2]
2019-06-03 15:24:07,526 find_element.py--> get_element 20: INFO ----->定位方式:id--->定位值:preLicenseSotre
2019-06-03 15:24:07,711 find_element.py--> get_element 20: INFO ----->定位方式:xpath--->定位值://*[@id="preLicenseSotre"]/option[2]
2019-06-03 15:24:07,786 find_element.py--> get_element 20: INFO ----->定位方式:id--->定位值:channelTypeGH
2019-06-03 15:24:07,976 find_element.py--> get_element 20: INFO ----->定位方式:id--->定位值:realNameSystemYNull
2019-06-03 15:24:08,187 find_element.py--> get_element 20: INFO ----->定位方式:id--->定位值:shopInsuranceYNull
2019-06-03 15:24:08,407 find_element.py--> get_element 20: INFO ----->定位方式:id--->定位值:firstYearVehicleAndVesselTax
2019-06-03 15:24:08,543 find_element.py--> get_element 20: INFO ----->定位方式:id--->定位值:firstYearSali
2019-06-03 15:24:08,660 find_element.py--> get_element 20: INFO ----->定位方式:id--->定位值:firstCommercialTheft
2019-06-03 15:24:08,769 find_element.py--> get_element 20: INFO ----->定位方式:id--->定位值:advancePremiumAmt
2019-06-03 15:25:14,543 login_handle.py--> send_username 20: INFO ----->输入用户名是：ccadmin
2019-06-03 15:25:14,544 find_element.py--> get_element 20: INFO ----->定位方式:id--->定位值:loginId
2019-06-03 15:25:14,636 login_handle.py--> send_password 20: INFO ----->输入密码是：123qwe
2019-06-03 15:25:14,637 find_element.py--> get_element 20: INFO ----->定位方式:id--->定位值:password
2019-06-03 15:25:14,702 find_element.py--> get_element 20: INFO ----->定位方式:className--->定位值:login-submit
2019-06-03 15:25:16,191 find_element.py--> get_element 20: INFO ----->定位方式:id--->定位值:910000
2019-06-03 15:25:17,264 find_element.py--> get_element 20: INFO ----->定位方式:id--->定位值:15000000
2019-06-03 15:25:18,337 find_element.py--> get_element 20: INFO ----->定位方式:xpath--->定位值://*[@id="15080000"]
2019-06-03 15:25:18,408 find_element.py--> get_element 20: INFO ----->定位方式:id--->定位值:15080100
2019-06-03 15:25:20,581 find_element.py--> get_element 20: INFO ----->定位方式:xpath--->定位值://*[@id="btn_xinzeng"]
2019-06-03 15:25:21,812 order_info_handle.py--> send_userinfo 20: INFO ----->输入的手机号：18641312615
2019-06-03 15:25:21,813 find_element.py--> get_element 20: INFO ----->定位方式:id--->定位值:phoneNo
2019-06-03 15:25:22,904 find_element.py--> get_element 20: INFO ----->定位方式:id--->定位值:queryMobile
2019-06-03 15:25:24,094 order_info_handle.py--> send_userinfo 20: INFO ----->输入的身份证号：110102199104299372
2019-06-03 15:25:24,095 find_element.py--> get_element 20: INFO ----->定位方式:id--->定位值:idNumber
2019-06-03 15:25:25,888 find_element.py--> get_element 20: INFO ----->定位方式:id--->定位值:purchaseAmount
2019-06-03 15:25:26,066 find_element.py--> get_element 20: INFO ----->定位方式:xpath--->定位值://*[@id="vehicleModel"]/div/div[1]/div[3]/div/div/button/span[1]
2019-06-03 15:25:26,313 find_element.py--> get_element 20: INFO ----->定位方式:xpath--->定位值://*[@id="vehicleModel"]/div/div[1]/div[3]/div/div/div/ul/li[121]/a
2019-06-03 15:25:26,559 find_element.py--> get_element 20: INFO ----->定位方式:xpath--->定位值://*[@id="vehicleModel"]/div/div[2]/div[1]/div/div/button/span[1]
2019-06-03 15:25:26,738 find_element.py--> get_element 20: INFO ----->定位方式:xpath--->定位值://*[@id="vehicleModel"]/div/div[2]/div[1]/div/div/div/ul/li[27]/a
2019-06-03 15:25:26,889 find_element.py--> get_element 20: INFO ----->定位方式:xpath--->定位值://*[@id="vehicleModel"]/div/div[2]/div[2]/div/div/button/span[1]
2019-06-03 15:25:27,136 find_element.py--> get_element 20: INFO ----->定位方式:xpath--->定位值://*[@id="vehicleModel"]/div/div[2]/div[2]/div/div/div/ul/li[3]/a/span[1]
2019-06-03 15:25:27,302 find_element.py--> get_element 20: INFO ----->定位方式:xpath--->定位值://*[@id="vehicleModel"]/div/div[1]/div[4]/div/div/button/span[1]
2019-06-03 15:25:27,430 find_element.py--> get_element 20: INFO ----->定位方式:xpath--->定位值://*[@id="vehicleModel"]/div/div[1]/div[4]/div/div/div/ul/li[2]/a
2019-06-03 15:25:27,549 find_element.py--> get_element 20: INFO ----->定位方式:id--->定位值:guidePrice
2019-06-03 15:25:27,604 find_element.py--> get_element 20: INFO ----->定位方式:id--->定位值:guidePrice
2019-06-03 15:25:27,868 find_element.py--> get_element 20: INFO ----->定位方式:id--->定位值:salePrice
2019-06-03 15:26:22,925 login_handle.py--> send_username 20: INFO ----->输入用户名是：ccadmin
2019-06-03 15:26:22,926 find_element.py--> get_element 20: INFO ----->定位方式:id--->定位值:loginId
2019-06-03 15:26:23,024 login_handle.py--> send_password 20: INFO ----->输入密码是：123qwe
2019-06-03 15:26:23,025 find_element.py--> get_element 20: INFO ----->定位方式:id--->定位值:password
2019-06-03 15:26:23,099 find_element.py--> get_element 20: INFO ----->定位方式:className--->定位值:login-submit
2019-06-03 15:26:24,655 find_element.py--> get_element 20: INFO ----->定位方式:id--->定位值:910000
2019-06-03 15:26:25,735 find_element.py--> get_element 20: INFO ----->定位方式:id--->定位值:15000000
2019-06-03 15:26:26,816 find_element.py--> get_element 20: INFO ----->定位方式:xpath--->定位值://*[@id="15080000"]
2019-06-03 15:26:26,879 find_element.py--> get_element 20: INFO ----->定位方式:id--->定位值:15080100
2019-06-03 15:26:29,048 find_element.py--> get_element 20: INFO ----->定位方式:xpath--->定位值://*[@id="btn_xinzeng"]
2019-06-03 15:26:30,494 order_info_handle.py--> send_userinfo 20: INFO ----->输入的手机号：18650876666
2019-06-03 15:26:30,495 find_element.py--> get_element 20: INFO ----->定位方式:id--->定位值:phoneNo
2019-06-03 15:26:31,579 find_element.py--> get_element 20: INFO ----->定位方式:id--->定位值:queryMobile
2019-06-03 15:26:32,741 order_info_handle.py--> send_userinfo 20: INFO ----->输入的身份证号：110104198402069944
2019-06-03 15:26:32,742 find_element.py--> get_element 20: INFO ----->定位方式:id--->定位值:idNumber
2019-06-03 15:26:34,553 find_element.py--> get_element 20: INFO ----->定位方式:id--->定位值:purchaseAmount
2019-06-03 15:26:34,733 find_element.py--> get_element 20: INFO ----->定位方式:xpath--->定位值://*[@id="vehicleModel"]/div/div[1]/div[3]/div/div/button/span[1]
2019-06-03 15:26:35,030 find_element.py--> get_element 20: INFO ----->定位方式:xpath--->定位值://*[@id="vehicleModel"]/div/div[1]/div[3]/div/div/div/ul/li[121]/a
2019-06-03 15:26:35,227 find_element.py--> get_element 20: INFO ----->定位方式:xpath--->定位值://*[@id="vehicleModel"]/div/div[2]/div[1]/div/div/button/span[1]
2019-06-03 15:26:35,404 find_element.py--> get_element 20: INFO ----->定位方式:xpath--->定位值://*[@id="vehicleModel"]/div/div[2]/div[1]/div/div/div/ul/li[27]/a
2019-06-03 15:26:35,579 find_element.py--> get_element 20: INFO ----->定位方式:xpath--->定位值://*[@id="vehicleModel"]/div/div[2]/div[2]/div/div/button/span[1]
2019-06-03 15:26:35,799 find_element.py--> get_element 20: INFO ----->定位方式:xpath--->定位值://*[@id="vehicleModel"]/div/div[2]/div[2]/div/div/div/ul/li[3]/a/span[1]
2019-06-03 15:26:35,966 find_element.py--> get_element 20: INFO ----->定位方式:xpath--->定位值://*[@id="vehicleModel"]/div/div[1]/div[4]/div/div/button/span[1]
2019-06-03 15:26:36,128 find_element.py--> get_element 20: INFO ----->定位方式:xpath--->定位值://*[@id="vehicleModel"]/div/div[1]/div[4]/div/div/div/ul/li[2]/a
2019-06-03 15:26:36,268 find_element.py--> get_element 20: INFO ----->定位方式:id--->定位值:guidePrice
2019-06-03 15:26:36,319 find_element.py--> get_element 20: INFO ----->定位方式:id--->定位值:guidePrice
2019-06-03 15:26:36,569 find_element.py--> get_element 20: INFO ----->定位方式:id--->定位值:salePrice
2019-06-03 15:26:36,890 order_info_business.py--> car_price 20: INFO ----->定金金额：3500
2019-06-03 15:26:36,891 find_element.py--> get_element 20: INFO ----->定位方式:id--->定位值:preLicenseProvince
2019-06-03 15:26:37,072 find_element.py--> get_element 20: INFO ----->定位方式:xpath--->定位值://*[@id="preLicenseProvince"]/option[3]
2019-06-03 15:26:37,181 find_element.py--> get_element 20: INFO ----->定位方式:id--->定位值:preLicenseCity
2019-06-03 15:26:37,338 find_element.py--> get_element 20: INFO ----->定位方式:xpath--->定位值://*[@id="preLicenseCity"]/option[2]
2019-06-03 15:26:37,427 find_element.py--> get_element 20: INFO ----->定位方式:id--->定位值:preLicenseSotre
2019-06-03 15:26:37,586 find_element.py--> get_element 20: INFO ----->定位方式:xpath--->定位值://*[@id="preLicenseSotre"]/option[2]
2019-06-03 15:26:37,668 find_element.py--> get_element 20: INFO ----->定位方式:id--->定位值:channelTypeGH
2019-06-03 15:26:37,886 find_element.py--> get_element 20: INFO ----->定位方式:id--->定位值:realNameSystemYNull
2019-06-03 15:26:38,037 find_element.py--> get_element 20: INFO ----->定位方式:id--->定位值:shopInsuranceYNull
2019-06-03 15:26:38,165 find_element.py--> get_element 20: INFO ----->定位方式:id--->定位值:firstYearVehicleAndVesselTax
2019-06-03 15:26:38,301 find_element.py--> get_element 20: INFO ----->定位方式:id--->定位值:firstYearSali
2019-06-03 15:26:38,425 find_element.py--> get_element 20: INFO ----->定位方式:id--->定位值:firstCommercialTheft
2019-06-03 15:26:38,546 find_element.py--> get_element 20: INFO ----->定位方式:id--->定位值:advancePremiumAmt
2019-06-03 18:13:10,144 login_handle.py--> send_username 20: INFO ----->输入用户名是：ccadmin
2019-06-03 18:13:10,145 find_element.py--> get_element 20: INFO ----->定位方式:id--->定位值:loginId
2019-06-03 18:13:10,228 login_handle.py--> send_password 20: INFO ----->输入密码是：123qwe
2019-06-03 18:13:10,230 find_element.py--> get_element 20: INFO ----->定位方式:id--->定位值:password
2019-06-03 18:13:10,291 find_element.py--> get_element 20: INFO ----->定位方式:className--->定位值:login-submit
2019-06-03 18:13:11,878 find_element.py--> get_element 20: INFO ----->定位方式:id--->定位值:910000
2019-06-03 18:13:12,951 find_element.py--> get_element 20: INFO ----->定位方式:id--->定位值:15000000
2019-06-03 18:13:14,022 find_element.py--> get_element 20: INFO ----->定位方式:xpath--->定位值://*[@id="15080000"]
2019-06-03 18:13:14,086 find_element.py--> get_element 20: INFO ----->定位方式:id--->定位值:15080100
2019-06-03 18:13:16,301 find_element.py--> get_element 20: INFO ----->定位方式:xpath--->定位值://*[@id="btn_xinzeng"]
2019-06-03 18:13:18,059 order_info_handle.py--> send_userinfo 20: INFO ----->输入的手机号：18656996748
2019-06-03 18:13:18,061 find_element.py--> get_element 20: INFO ----->定位方式:id--->定位值:phoneNo
2019-06-03 18:13:19,144 find_element.py--> get_element 20: INFO ----->定位方式:id--->定位值:queryMobile
2019-06-03 18:13:20,291 order_info_handle.py--> send_userinfo 20: INFO ----->输入的身份证号：362425198906319225
2019-06-03 18:13:20,292 find_element.py--> get_element 20: INFO ----->定位方式:id--->定位值:idNumber
2019-06-03 18:13:22,090 find_element.py--> get_element 20: INFO ----->定位方式:id--->定位值:purchaseAmount
2019-06-03 18:13:22,248 find_element.py--> get_element 20: INFO ----->定位方式:xpath--->定位值://*[@id="vehicleModel"]/div/div[1]/div[3]/div/div/button/span[1]
2019-06-03 18:13:22,536 find_element.py--> get_element 20: INFO ----->定位方式:xpath--->定位值://*[@id="vehicleModel"]/div/div[1]/div[3]/div/div/div/ul/li[121]/a
2019-06-03 18:13:22,728 find_element.py--> get_element 20: INFO ----->定位方式:xpath--->定位值://*[@id="vehicleModel"]/div/div[2]/div[1]/div/div/button/span[1]
2019-06-03 18:13:22,903 find_element.py--> get_element 20: INFO ----->定位方式:xpath--->定位值://*[@id="vehicleModel"]/div/div[2]/div[1]/div/div/div/ul/li[27]/a
2019-06-03 18:13:23,083 find_element.py--> get_element 20: INFO ----->定位方式:xpath--->定位值://*[@id="vehicleModel"]/div/div[2]/div[2]/div/div/button/span[1]
2019-06-03 18:13:23,299 find_element.py--> get_element 20: INFO ----->定位方式:xpath--->定位值://*[@id="vehicleModel"]/div/div[2]/div[2]/div/div/div/ul/li[3]/a/span[1]
2019-06-03 18:13:23,451 find_element.py--> get_element 20: INFO ----->定位方式:xpath--->定位值://*[@id="vehicleModel"]/div/div[1]/div[4]/div/div/button/span[1]
2019-06-03 18:13:23,615 find_element.py--> get_element 20: INFO ----->定位方式:xpath--->定位值://*[@id="vehicleModel"]/div/div[1]/div[4]/div/div/div/ul/li[2]/a
2019-06-03 18:13:23,747 find_element.py--> get_element 20: INFO ----->定位方式:id--->定位值:guidePrice
2019-06-03 18:13:23,798 find_element.py--> get_element 20: INFO ----->定位方式:id--->定位值:guidePrice
2019-06-03 18:13:24,065 find_element.py--> get_element 20: INFO ----->定位方式:id--->定位值:salePrice
2019-06-03 18:13:24,394 order_info_business.py--> car_price 20: INFO ----->定金金额：3500
2019-06-03 18:13:24,396 find_element.py--> get_element 20: INFO ----->定位方式:id--->定位值:preLicenseProvince
2019-06-03 18:13:24,571 find_element.py--> get_element 20: INFO ----->定位方式:xpath--->定位值://*[@id="preLicenseProvince"]/option[3]
2019-06-03 18:13:24,657 find_element.py--> get_element 20: INFO ----->定位方式:id--->定位值:preLicenseCity
2019-06-03 18:13:24,811 find_element.py--> get_element 20: INFO ----->定位方式:xpath--->定位值://*[@id="preLicenseCity"]/option[2]
2019-06-03 18:13:24,903 find_element.py--> get_element 20: INFO ----->定位方式:id--->定位值:preLicenseSotre
2019-06-03 18:13:25,097 find_element.py--> get_element 20: INFO ----->定位方式:xpath--->定位值://*[@id="preLicenseSotre"]/option[2]
2019-06-03 18:13:25,173 find_element.py--> get_element 20: INFO ----->定位方式:id--->定位值:channelTypeGH
2019-06-03 18:13:25,354 find_element.py--> get_element 20: INFO ----->定位方式:id--->定位值:realNameSystemYNull
2019-06-03 18:13:25,517 find_element.py--> get_element 20: INFO ----->定位方式:id--->定位值:shopInsuranceYNull
2019-06-03 18:13:25,658 find_element.py--> get_element 20: INFO ----->定位方式:id--->定位值:firstYearVehicleAndVesselTax
2019-06-03 18:13:25,811 find_element.py--> get_element 20: INFO ----->定位方式:id--->定位值:firstYearSali
2019-06-03 18:13:25,928 find_element.py--> get_element 20: INFO ----->定位方式:id--->定位值:firstCommercialTheft
2019-06-03 18:13:26,041 find_element.py--> get_element 20: INFO ----->定位方式:id--->定位值:advancePremiumAmt
2019-06-03 18:13:26,180 find_element.py--> get_element 20: INFO ----->定位方式:id--->定位值:termCount
2019-06-03 18:13:26,332 find_element.py--> get_element 20: INFO ----->定位方式:id--->定位值:monthlyRent
2019-06-03 18:13:26,549 find_element.py--> get_element 20: INFO ----->定位方式:id--->定位值:cusInterestRates
2019-06-03 18:13:26,651 find_element.py--> get_element 20: INFO ----->定位方式:id--->定位值:purchaseTax
2019-06-03 18:13:26,840 find_element.py--> get_element 20: INFO ----->定位方式:id--->定位值:financing.gpsFee
2019-06-03 18:14:47,923 login_handle.py--> send_username 20: INFO ----->输入用户名是：ccadmin
2019-06-03 18:14:47,924 find_element.py--> get_element 20: INFO ----->定位方式:id--->定位值:loginId
2019-06-03 18:14:48,016 login_handle.py--> send_password 20: INFO ----->输入密码是：123qwe
2019-06-03 18:14:48,017 find_element.py--> get_element 20: INFO ----->定位方式:id--->定位值:password
2019-06-03 18:14:48,084 find_element.py--> get_element 20: INFO ----->定位方式:className--->定位值:login-submit
2019-06-03 18:14:49,631 find_element.py--> get_element 20: INFO ----->定位方式:id--->定位值:910000
2019-06-03 18:14:50,716 find_element.py--> get_element 20: INFO ----->定位方式:id--->定位值:15000000
2019-06-03 18:14:51,788 find_element.py--> get_element 20: INFO ----->定位方式:xpath--->定位值://*[@id="15080000"]
2019-06-03 18:14:51,861 find_element.py--> get_element 20: INFO ----->定位方式:id--->定位值:15080100
2019-06-03 18:14:54,038 find_element.py--> get_element 20: INFO ----->定位方式:xpath--->定位值://*[@id="btn_xinzeng"]
2019-06-03 18:14:55,240 order_info_handle.py--> send_userinfo 20: INFO ----->输入的手机号：18615977666
2019-06-03 18:14:55,242 find_element.py--> get_element 20: INFO ----->定位方式:id--->定位值:phoneNo
2019-06-03 18:14:56,431 find_element.py--> get_element 20: INFO ----->定位方式:id--->定位值:queryMobile
2019-06-03 18:14:57,598 order_info_handle.py--> send_userinfo 20: INFO ----->输入的身份证号：110111199109122796
2019-06-03 18:14:57,599 find_element.py--> get_element 20: INFO ----->定位方式:id--->定位值:idNumber
2019-06-03 18:14:59,366 find_element.py--> get_element 20: INFO ----->定位方式:id--->定位值:purchaseAmount
2019-06-03 18:14:59,537 find_element.py--> get_element 20: INFO ----->定位方式:xpath--->定位值://*[@id="vehicleModel"]/div/div[1]/div[3]/div/div/button/span[1]
2019-06-03 18:14:59,785 find_element.py--> get_element 20: INFO ----->定位方式:xpath--->定位值://*[@id="vehicleModel"]/div/div[1]/div[3]/div/div/div/ul/li[121]/a
2019-06-03 18:15:00,023 find_element.py--> get_element 20: INFO ----->定位方式:xpath--->定位值://*[@id="vehicleModel"]/div/div[2]/div[1]/div/div/button/span[1]
2019-06-03 18:15:00,210 find_element.py--> get_element 20: INFO ----->定位方式:xpath--->定位值://*[@id="vehicleModel"]/div/div[2]/div[1]/div/div/div/ul/li[27]/a
2019-06-03 18:15:00,391 find_element.py--> get_element 20: INFO ----->定位方式:xpath--->定位值://*[@id="vehicleModel"]/div/div[2]/div[2]/div/div/button/span[1]
2019-06-03 18:15:00,657 find_element.py--> get_element 20: INFO ----->定位方式:xpath--->定位值://*[@id="vehicleModel"]/div/div[2]/div[2]/div/div/div/ul/li[3]/a/span[1]
2019-06-03 18:15:00,826 find_element.py--> get_element 20: INFO ----->定位方式:xpath--->定位值://*[@id="vehicleModel"]/div/div[1]/div[4]/div/div/button/span[1]
2019-06-03 18:15:00,959 find_element.py--> get_element 20: INFO ----->定位方式:xpath--->定位值://*[@id="vehicleModel"]/div/div[1]/div[4]/div/div/div/ul/li[2]/a
2019-06-03 18:15:01,081 find_element.py--> get_element 20: INFO ----->定位方式:id--->定位值:guidePrice
2019-06-03 18:15:01,135 find_element.py--> get_element 20: INFO ----->定位方式:id--->定位值:guidePrice
2019-06-03 18:15:01,412 find_element.py--> get_element 20: INFO ----->定位方式:id--->定位值:salePrice
2019-06-03 18:15:01,720 order_info_business.py--> car_price 20: INFO ----->定金金额：3500
2019-06-03 18:15:01,721 find_element.py--> get_element 20: INFO ----->定位方式:id--->定位值:preLicenseProvince
2019-06-03 18:15:01,907 find_element.py--> get_element 20: INFO ----->定位方式:xpath--->定位值://*[@id="preLicenseProvince"]/option[3]
2019-06-03 18:15:02,037 find_element.py--> get_element 20: INFO ----->定位方式:id--->定位值:preLicenseCity
2019-06-03 18:15:02,197 find_element.py--> get_element 20: INFO ----->定位方式:xpath--->定位值://*[@id="preLicenseCity"]/option[2]
2019-06-03 18:15:02,284 find_element.py--> get_element 20: INFO ----->定位方式:id--->定位值:preLicenseSotre
2019-06-03 18:15:02,445 find_element.py--> get_element 20: INFO ----->定位方式:xpath--->定位值://*[@id="preLicenseSotre"]/option[2]
2019-06-03 18:15:02,523 find_element.py--> get_element 20: INFO ----->定位方式:id--->定位值:channelTypeGH
2019-06-03 18:15:02,688 find_element.py--> get_element 20: INFO ----->定位方式:id--->定位值:realNameSystemYNull
2019-06-03 18:15:02,889 find_element.py--> get_element 20: INFO ----->定位方式:id--->定位值:shopInsuranceYNull
2019-06-03 18:15:03,027 find_element.py--> get_element 20: INFO ----->定位方式:id--->定位值:firstYearVehicleAndVesselTax
2019-06-03 18:15:03,148 find_element.py--> get_element 20: INFO ----->定位方式:id--->定位值:firstYearSali
2019-06-03 18:15:03,259 find_element.py--> get_element 20: INFO ----->定位方式:id--->定位值:firstCommercialTheft
2019-06-03 18:15:03,376 find_element.py--> get_element 20: INFO ----->定位方式:id--->定位值:advancePremiumAmt
2019-06-03 18:15:03,516 find_element.py--> get_element 20: INFO ----->定位方式:id--->定位值:termCount
2019-06-03 18:15:03,683 find_element.py--> get_element 20: INFO ----->定位方式:id--->定位值:monthlyRent
2019-06-03 18:15:03,904 find_element.py--> get_element 20: INFO ----->定位方式:id--->定位值:cusInterestRates
2019-06-03 18:15:04,004 find_element.py--> get_element 20: INFO ----->定位方式:id--->定位值:purchaseTax
2019-06-03 18:15:04,192 find_element.py--> get_element 20: INFO ----->定位方式:id--->定位值:gpsFee
2019-06-03 18:15:04,386 find_element.py--> get_element 20: INFO ----->定位方式:id--->定位值:accountMaintenanceFee
