2019-05-27 10:52:32,256 login_handle.py--> send_username 20: INFO ----->输入用户名是：adminauto
2019-05-27 10:52:32,258 find_element.py--> get_element 20: INFO ----->定位方式:id--->定位值:loginId
2019-05-27 10:52:32,362 login_handle.py--> send_password 20: INFO ----->输入密码是：a123456
2019-05-27 10:52:32,363 find_element.py--> get_element 20: INFO ----->定位方式:id--->定位值:password
2019-05-27 10:52:32,442 find_element.py--> get_element 20: INFO ----->定位方式:className--->定位值:login-submit
2019-05-27 10:52:34,512 find_element.py--> get_element 20: INFO ----->定位方式:id--->定位值:910000
2019-05-27 10:52:34,603 find_element.py--> get_element 20: INFO ----->定位方式:id--->定位值:15000000
2019-05-27 10:52:34,719 find_element.py--> get_element 20: INFO ----->定位方式:id--->定位值:15080000
2019-05-27 10:54:29,110 login_handle.py--> send_username 20: INFO ----->输入用户名是：adminauto
2019-05-27 10:54:29,112 find_element.py--> get_element 20: INFO ----->定位方式:id--->定位值:loginId
2019-05-27 10:54:29,197 login_handle.py--> send_password 20: INFO ----->输入密码是：a123456
2019-05-27 10:54:29,198 find_element.py--> get_element 20: INFO ----->定位方式:id--->定位值:password
2019-05-27 10:54:29,261 find_element.py--> get_element 20: INFO ----->定位方式:className--->定位值:login-submit
2019-05-27 10:54:31,323 find_element.py--> get_element 20: INFO ----->定位方式:id--->定位值:910000
2019-05-27 10:54:31,397 find_element.py--> get_element 20: INFO ----->定位方式:id--->定位值:15000000
2019-05-27 10:54:31,489 find_element.py--> get_element 20: INFO ----->定位方式:id--->定位值:15080000
2019-05-27 10:56:08,397 login_handle.py--> send_username 20: INFO ----->输入用户名是：adminauto
2019-05-27 10:56:08,398 find_element.py--> get_element 20: INFO ----->定位方式:id--->定位值:loginId
2019-05-27 10:56:08,488 login_handle.py--> send_password 20: INFO ----->输入密码是：a123456
2019-05-27 10:56:08,490 find_element.py--> get_element 20: INFO ----->定位方式:id--->定位值:password
2019-05-27 10:56:08,552 find_element.py--> get_element 20: INFO ----->定位方式:className--->定位值:login-submit
2019-05-27 10:56:10,613 find_element.py--> get_element 20: INFO ----->定位方式:id--->定位值:910000
2019-05-27 10:56:10,694 find_element.py--> get_element 20: INFO ----->定位方式:id--->定位值:15000000
2019-05-27 10:56:10,778 find_element.py--> get_element 20: INFO ----->定位方式:xpath--->定位值://*[@id="15080000"]
2019-05-27 10:57:46,855 login_handle.py--> send_username 20: INFO ----->输入用户名是：adminauto
2019-05-27 10:57:46,858 find_element.py--> get_element 20: INFO ----->定位方式:id--->定位值:loginId
2019-05-27 10:57:46,971 login_handle.py--> send_password 20: INFO ----->输入密码是：a123456
2019-05-27 10:57:46,972 find_element.py--> get_element 20: INFO ----->定位方式:id--->定位值:password
2019-05-27 10:57:47,044 find_element.py--> get_element 20: INFO ----->定位方式:className--->定位值:login-submit
2019-05-27 10:57:49,106 find_element.py--> get_element 20: INFO ----->定位方式:id--->定位值:910000
2019-05-27 10:57:49,187 find_element.py--> get_element 20: INFO ----->定位方式:id--->定位值:15000000
2019-05-27 10:58:11,689 login_handle.py--> send_username 20: INFO ----->输入用户名是：adminauto
2019-05-27 10:58:11,691 find_element.py--> get_element 20: INFO ----->定位方式:id--->定位值:loginId
2019-05-27 10:58:11,783 login_handle.py--> send_password 20: INFO ----->输入密码是：a123456
2019-05-27 10:58:11,785 find_element.py--> get_element 20: INFO ----->定位方式:id--->定位值:password
2019-05-27 10:58:11,851 find_element.py--> get_element 20: INFO ----->定位方式:className--->定位值:login-submit
2019-05-27 10:58:13,921 find_element.py--> get_element 20: INFO ----->定位方式:id--->定位值:910000
2019-05-27 10:59:10,842 login_handle.py--> send_username 20: INFO ----->输入用户名是：adminauto
2019-05-27 10:59:10,846 find_element.py--> get_element 20: INFO ----->定位方式:id--->定位值:loginId
2019-05-27 10:59:10,947 login_handle.py--> send_password 20: INFO ----->输入密码是：a123456
2019-05-27 10:59:10,948 find_element.py--> get_element 20: INFO ----->定位方式:id--->定位值:password
2019-05-27 10:59:11,008 find_element.py--> get_element 20: INFO ----->定位方式:className--->定位值:login-submit
2019-05-27 10:59:13,066 find_element.py--> get_element 20: INFO ----->定位方式:id--->定位值:910000
2019-05-27 10:59:15,141 find_element.py--> get_element 20: INFO ----->定位方式:id--->定位值:15000000
2019-05-27 10:59:17,211 find_element.py--> get_element 20: INFO ----->定位方式:xpath--->定位值://*[@id="15080000"]
2019-05-27 10:59:17,334 find_element.py--> get_element 20: INFO ----->定位方式:id--->定位值:15080100
2019-05-27 10:59:47,628 login_handle.py--> send_username 20: INFO ----->输入用户名是：adminauto
2019-05-27 10:59:47,630 find_element.py--> get_element 20: INFO ----->定位方式:id--->定位值:loginId
2019-05-27 10:59:47,742 login_handle.py--> send_password 20: INFO ----->输入密码是：a123456
2019-05-27 10:59:47,744 find_element.py--> get_element 20: INFO ----->定位方式:id--->定位值:password
2019-05-27 10:59:47,824 find_element.py--> get_element 20: INFO ----->定位方式:className--->定位值:login-submit
2019-05-27 10:59:49,885 find_element.py--> get_element 20: INFO ----->定位方式:id--->定位值:910000
2019-05-27 10:59:51,950 find_element.py--> get_element 20: INFO ----->定位方式:id--->定位值:15000000
2019-05-27 10:59:54,026 find_element.py--> get_element 20: INFO ----->定位方式:xpath--->定位值://*[@id="15080000"]
2019-05-27 10:59:54,094 find_element.py--> get_element 20: INFO ----->定位方式:id--->定位值:15080100
2019-05-27 15:07:19,467 login_handle.py--> send_username 20: INFO ----->输入用户名是：adminauto
2019-05-27 15:07:19,470 find_element.py--> get_element 20: INFO ----->定位方式:id--->定位值:loginId
2019-05-27 15:07:19,573 login_handle.py--> send_password 20: INFO ----->输入密码是：a123456
2019-05-27 15:07:19,574 find_element.py--> get_element 20: INFO ----->定位方式:id--->定位值:password
2019-05-27 15:07:19,645 find_element.py--> get_element 20: INFO ----->定位方式:className--->定位值:login-submit
2019-05-27 15:07:21,711 find_element.py--> get_element 20: INFO ----->定位方式:id--->定位值:910000
2019-05-27 15:07:23,809 find_element.py--> get_element 20: INFO ----->定位方式:id--->定位值:15000000
2019-05-27 15:07:25,877 find_element.py--> get_element 20: INFO ----->定位方式:xpath--->定位值://*[@id="15080000"]
2019-05-27 15:07:25,956 find_element.py--> get_element 20: INFO ----->定位方式:id--->定位值:15080100
2019-05-27 15:07:31,239 find_element.py--> get_element 20: INFO ----->定位方式:id--->定位值:btn_xinzeng
2019-05-27 15:09:52,844 login_handle.py--> send_username 20: INFO ----->输入用户名是：adminauto
2019-05-27 15:09:52,846 find_element.py--> get_element 20: INFO ----->定位方式:id--->定位值:loginId
2019-05-27 15:09:52,937 login_handle.py--> send_password 20: INFO ----->输入密码是：a123456
2019-05-27 15:09:52,938 find_element.py--> get_element 20: INFO ----->定位方式:id--->定位值:password
2019-05-27 15:09:53,005 find_element.py--> get_element 20: INFO ----->定位方式:className--->定位值:login-submit
2019-05-27 15:09:55,066 find_element.py--> get_element 20: INFO ----->定位方式:id--->定位值:910000
2019-05-27 15:09:57,142 find_element.py--> get_element 20: INFO ----->定位方式:id--->定位值:15000000
2019-05-27 15:09:59,213 find_element.py--> get_element 20: INFO ----->定位方式:xpath--->定位值://*[@id="15080000"]
2019-05-27 15:09:59,290 find_element.py--> get_element 20: INFO ----->定位方式:id--->定位值:15080100
2019-05-27 15:10:01,453 find_element.py--> get_element 20: INFO ----->定位方式:id--->定位值:btn_xinzeng
2019-05-27 15:12:05,470 login_handle.py--> send_username 20: INFO ----->输入用户名是：adminauto
2019-05-27 15:12:05,473 find_element.py--> get_element 20: INFO ----->定位方式:id--->定位值:loginId
2019-05-27 15:12:05,569 login_handle.py--> send_password 20: INFO ----->输入密码是：a123456
2019-05-27 15:12:05,570 find_element.py--> get_element 20: INFO ----->定位方式:id--->定位值:password
2019-05-27 15:12:05,640 find_element.py--> get_element 20: INFO ----->定位方式:className--->定位值:login-submit
2019-05-27 15:12:07,702 find_element.py--> get_element 20: INFO ----->定位方式:id--->定位值:910000
2019-05-27 15:12:09,790 find_element.py--> get_element 20: INFO ----->定位方式:id--->定位值:15000000
2019-05-27 15:12:11,858 find_element.py--> get_element 20: INFO ----->定位方式:xpath--->定位值://*[@id="15080000"]
2019-05-27 15:12:11,926 find_element.py--> get_element 20: INFO ----->定位方式:id--->定位值:15080100
2019-05-27 15:12:15,327 find_element.py--> get_element 20: INFO ----->定位方式:id--->定位值:btn_xinzeng
2019-05-27 15:20:13,287 login_handle.py--> send_username 20: INFO ----->输入用户名是：adminauto
2019-05-27 15:20:13,289 find_element.py--> get_element 20: INFO ----->定位方式:id--->定位值:loginId
2019-05-27 15:20:13,383 login_handle.py--> send_password 20: INFO ----->输入密码是：a123456
2019-05-27 15:20:13,383 find_element.py--> get_element 20: INFO ----->定位方式:id--->定位值:password
2019-05-27 15:20:13,449 find_element.py--> get_element 20: INFO ----->定位方式:className--->定位值:login-submit
2019-05-27 15:20:15,518 find_element.py--> get_element 20: INFO ----->定位方式:id--->定位值:910000
2019-05-27 15:20:17,598 find_element.py--> get_element 20: INFO ----->定位方式:id--->定位值:15000000
2019-05-27 15:20:19,667 find_element.py--> get_element 20: INFO ----->定位方式:xpath--->定位值://*[@id="15080000"]
2019-05-27 15:20:19,750 find_element.py--> get_element 20: INFO ----->定位方式:id--->定位值:15080100
2019-05-27 15:20:23,068 find_element.py--> get_element 20: INFO ----->定位方式:id--->定位值:btn_xinzeng
2019-05-27 15:29:01,454 login_handle.py--> send_username 20: INFO ----->输入用户名是：adminauto
2019-05-27 15:29:01,456 find_element.py--> get_element 20: INFO ----->定位方式:id--->定位值:loginId
2019-05-27 15:29:01,555 login_handle.py--> send_password 20: INFO ----->输入密码是：a123456
2019-05-27 15:29:01,556 find_element.py--> get_element 20: INFO ----->定位方式:id--->定位值:password
2019-05-27 15:29:01,617 find_element.py--> get_element 20: INFO ----->定位方式:className--->定位值:login-submit
2019-05-27 15:29:03,678 find_element.py--> get_element 20: INFO ----->定位方式:id--->定位值:910000
2019-05-27 15:29:05,753 find_element.py--> get_element 20: INFO ----->定位方式:id--->定位值:15000000
2019-05-27 15:29:07,825 find_element.py--> get_element 20: INFO ----->定位方式:xpath--->定位值://*[@id="15080000"]
2019-05-27 15:29:07,891 find_element.py--> get_element 20: INFO ----->定位方式:id--->定位值:15080100
2019-05-27 15:29:11,213 find_element.py--> get_element 20: INFO ----->定位方式:id--->定位值:btn_xinzeng
2019-05-27 15:34:22,449 login_handle.py--> send_username 20: INFO ----->输入用户名是：adminauto
2019-05-27 15:34:22,451 find_element.py--> get_element 20: INFO ----->定位方式:id--->定位值:loginId
2019-05-27 15:34:22,546 login_handle.py--> send_password 20: INFO ----->输入密码是：a123456
2019-05-27 15:34:22,547 find_element.py--> get_element 20: INFO ----->定位方式:id--->定位值:password
2019-05-27 15:34:22,614 find_element.py--> get_element 20: INFO ----->定位方式:className--->定位值:login-submit
2019-05-27 15:34:24,682 find_element.py--> get_element 20: INFO ----->定位方式:id--->定位值:910000
2019-05-27 15:34:26,761 find_element.py--> get_element 20: INFO ----->定位方式:id--->定位值:15000000
2019-05-27 15:34:28,835 find_element.py--> get_element 20: INFO ----->定位方式:xpath--->定位值://*[@id="15080000"]
2019-05-27 15:34:28,915 find_element.py--> get_element 20: INFO ----->定位方式:id--->定位值:15080100
2019-05-27 15:34:33,561 find_element.py--> get_element 20: INFO ----->定位方式:id--->定位值:btn_xinzeng
2019-05-27 15:48:24,401 login_handle.py--> send_username 20: INFO ----->输入用户名是：adminauto
2019-05-27 15:48:24,403 find_element.py--> get_element 20: INFO ----->定位方式:id--->定位值:loginId
2019-05-27 15:48:24,495 login_handle.py--> send_password 20: INFO ----->输入密码是：a123456
2019-05-27 15:48:24,496 find_element.py--> get_element 20: INFO ----->定位方式:id--->定位值:password
2019-05-27 15:48:24,557 find_element.py--> get_element 20: INFO ----->定位方式:className--->定位值:login-submit
2019-05-27 15:48:26,615 find_element.py--> get_element 20: INFO ----->定位方式:id--->定位值:910000
2019-05-27 15:48:28,692 find_element.py--> get_element 20: INFO ----->定位方式:id--->定位值:15000000
2019-05-27 15:48:30,760 find_element.py--> get_element 20: INFO ----->定位方式:xpath--->定位值://*[@id="15080000"]
2019-05-27 15:48:30,877 find_element.py--> get_element 20: INFO ----->定位方式:id--->定位值:15080100
2019-05-27 15:48:34,093 find_element.py--> get_element 20: INFO ----->定位方式:id--->定位值:btn_xinzeng
2019-05-27 15:51:04,271 login_handle.py--> send_username 20: INFO ----->输入用户名是：adminauto
2019-05-27 15:51:04,273 find_element.py--> get_element 20: INFO ----->定位方式:id--->定位值:loginId
2019-05-27 15:51:04,368 login_handle.py--> send_password 20: INFO ----->输入密码是：a123456
2019-05-27 15:51:04,368 find_element.py--> get_element 20: INFO ----->定位方式:id--->定位值:password
2019-05-27 15:51:04,434 find_element.py--> get_element 20: INFO ----->定位方式:className--->定位值:login-submit
2019-05-27 15:51:06,491 find_element.py--> get_element 20: INFO ----->定位方式:id--->定位值:910000
2019-05-27 15:51:08,570 find_element.py--> get_element 20: INFO ----->定位方式:id--->定位值:15000000
2019-05-27 15:51:10,654 find_element.py--> get_element 20: INFO ----->定位方式:xpath--->定位值://*[@id="15080000"]
2019-05-27 15:51:10,743 find_element.py--> get_element 20: INFO ----->定位方式:id--->定位值:15080100
2019-05-27 15:51:13,986 find_element.py--> get_element 20: INFO ----->定位方式:xpath--->定位值://*[@id="btn_xinzeng"]
2019-05-27 15:51:56,658 login_handle.py--> send_username 20: INFO ----->输入用户名是：adminauto
2019-05-27 15:51:56,660 find_element.py--> get_element 20: INFO ----->定位方式:id--->定位值:loginId
2019-05-27 15:51:56,769 login_handle.py--> send_password 20: INFO ----->输入密码是：a123456
2019-05-27 15:51:56,770 find_element.py--> get_element 20: INFO ----->定位方式:id--->定位值:password
2019-05-27 15:51:56,849 find_element.py--> get_element 20: INFO ----->定位方式:className--->定位值:login-submit
2019-05-27 15:51:58,919 find_element.py--> get_element 20: INFO ----->定位方式:id--->定位值:910000
2019-05-27 15:52:00,993 find_element.py--> get_element 20: INFO ----->定位方式:id--->定位值:15000000
2019-05-27 15:52:03,063 find_element.py--> get_element 20: INFO ----->定位方式:xpath--->定位值://*[@id="15080000"]
2019-05-27 15:52:03,148 find_element.py--> get_element 20: INFO ----->定位方式:id--->定位值:15080100
2019-05-27 15:52:09,129 find_element.py--> get_element 20: INFO ----->定位方式:xpath--->定位值://*[@id="btn_xinzeng"]
2019-05-27 16:04:49,369 login_handle.py--> send_username 20: INFO ----->输入用户名是：adminauto
2019-05-27 16:04:49,371 find_element.py--> get_element 20: INFO ----->定位方式:id--->定位值:loginId
2019-05-27 16:04:49,463 login_handle.py--> send_password 20: INFO ----->输入密码是：a123456
2019-05-27 16:04:49,464 find_element.py--> get_element 20: INFO ----->定位方式:id--->定位值:password
2019-05-27 16:04:49,531 find_element.py--> get_element 20: INFO ----->定位方式:className--->定位值:login-submit
2019-05-27 16:04:51,595 find_element.py--> get_element 20: INFO ----->定位方式:id--->定位值:910000
2019-05-27 16:04:53,667 find_element.py--> get_element 20: INFO ----->定位方式:id--->定位值:15000000
2019-05-27 16:04:55,738 find_element.py--> get_element 20: INFO ----->定位方式:xpath--->定位值://*[@id="15080000"]
2019-05-27 16:04:55,820 find_element.py--> get_element 20: INFO ----->定位方式:id--->定位值:15080100
2019-05-27 16:05:01,205 find_element.py--> get_element 20: INFO ----->定位方式:xpath--->定位值://*[@id="btn_xinzeng"]
2019-05-27 16:24:28,839 login_handle.py--> send_username 20: INFO ----->输入用户名是：adminauto
2019-05-27 16:24:28,841 find_element.py--> get_element 20: INFO ----->定位方式:id--->定位值:loginId
2019-05-27 16:24:28,934 login_handle.py--> send_password 20: INFO ----->输入密码是：a123456
2019-05-27 16:24:28,935 find_element.py--> get_element 20: INFO ----->定位方式:id--->定位值:password
2019-05-27 16:24:28,996 find_element.py--> get_element 20: INFO ----->定位方式:className--->定位值:login-submit
2019-05-27 16:24:31,055 find_element.py--> get_element 20: INFO ----->定位方式:id--->定位值:910000
2019-05-27 16:24:33,126 find_element.py--> get_element 20: INFO ----->定位方式:id--->定位值:15000000
2019-05-27 16:24:35,206 find_element.py--> get_element 20: INFO ----->定位方式:xpath--->定位值://*[@id="15080000"]
2019-05-27 16:24:35,282 find_element.py--> get_element 20: INFO ----->定位方式:id--->定位值:15080100
2019-05-27 16:24:41,258 find_element.py--> get_element 20: INFO ----->定位方式:xpath--->定位值://*[@id="btn_xinzeng"]
2019-05-27 16:25:56,756 login_handle.py--> send_username 20: INFO ----->输入用户名是：adminauto
2019-05-27 16:25:56,758 find_element.py--> get_element 20: INFO ----->定位方式:id--->定位值:loginId
2019-05-27 16:25:56,850 login_handle.py--> send_password 20: INFO ----->输入密码是：a123456
2019-05-27 16:25:56,850 find_element.py--> get_element 20: INFO ----->定位方式:id--->定位值:password
2019-05-27 16:25:56,917 find_element.py--> get_element 20: INFO ----->定位方式:className--->定位值:login-submit
2019-05-27 16:25:58,985 find_element.py--> get_element 20: INFO ----->定位方式:id--->定位值:910000
2019-05-27 16:26:01,057 find_element.py--> get_element 20: INFO ----->定位方式:id--->定位值:15000000
2019-05-27 16:26:03,123 find_element.py--> get_element 20: INFO ----->定位方式:xpath--->定位值://*[@id="15080000"]
2019-05-27 16:26:03,210 find_element.py--> get_element 20: INFO ----->定位方式:id--->定位值:15080100
2019-05-27 16:26:06,353 find_element.py--> get_element 20: INFO ----->定位方式:xpath--->定位值://*[@id="btn_xinzeng"]
2019-05-27 18:20:22,916 login_handle.py--> send_username 20: INFO ----->输入用户名是：ccadmin
2019-05-27 18:20:22,918 find_element.py--> get_element 20: INFO ----->定位方式:id--->定位值:loginId
2019-05-27 18:20:23,030 login_handle.py--> send_password 20: INFO ----->输入密码是：123qwe
2019-05-27 18:20:23,030 find_element.py--> get_element 20: INFO ----->定位方式:id--->定位值:password
2019-05-27 18:20:23,104 find_element.py--> get_element 20: INFO ----->定位方式:className--->定位值:login-submit
2019-05-27 18:20:25,172 find_element.py--> get_element 20: INFO ----->定位方式:id--->定位值:910000
2019-05-27 18:20:27,268 find_element.py--> get_element 20: INFO ----->定位方式:id--->定位值:15000000
2019-05-27 18:20:29,338 find_element.py--> get_element 20: INFO ----->定位方式:xpath--->定位值://*[@id="15080000"]
2019-05-27 18:20:29,440 find_element.py--> get_element 20: INFO ----->定位方式:id--->定位值:15080100
2019-05-27 18:20:32,598 find_element.py--> get_element 20: INFO ----->定位方式:xpath--->定位值://*[@id="btn_xinzeng"]
2019-05-27 18:20:35,038 find_element.py--> get_element 20: INFO ----->定位方式:xpath--->定位值://*[@id="vehicleModel"]/div/div[1]/div[3]/div/div/div/ul/li[121]/a
2019-05-27 18:22:47,431 login_handle.py--> send_username 20: INFO ----->输入用户名是：ccadmin
2019-05-27 18:22:47,433 find_element.py--> get_element 20: INFO ----->定位方式:id--->定位值:loginId
2019-05-27 18:22:47,523 login_handle.py--> send_password 20: INFO ----->输入密码是：123qwe
2019-05-27 18:22:47,524 find_element.py--> get_element 20: INFO ----->定位方式:id--->定位值:password
2019-05-27 18:22:47,594 find_element.py--> get_element 20: INFO ----->定位方式:className--->定位值:login-submit
2019-05-27 18:22:49,661 find_element.py--> get_element 20: INFO ----->定位方式:id--->定位值:910000
2019-05-27 18:22:51,736 find_element.py--> get_element 20: INFO ----->定位方式:id--->定位值:15000000
2019-05-27 18:22:53,814 find_element.py--> get_element 20: INFO ----->定位方式:xpath--->定位值://*[@id="15080000"]
2019-05-27 18:22:53,888 find_element.py--> get_element 20: INFO ----->定位方式:id--->定位值:15080100
2019-05-27 18:22:57,019 find_element.py--> get_element 20: INFO ----->定位方式:xpath--->定位值://*[@id="btn_xinzeng"]
2019-05-27 18:23:00,300 find_element.py--> get_element 20: INFO ----->定位方式:xpath--->定位值://*[@id="vehicleModel"]/div/div[1]/div[3]/div/div/button/span[1]
2019-05-27 18:23:55,606 login_handle.py--> send_username 20: INFO ----->输入用户名是：ccadmin
2019-05-27 18:23:55,608 find_element.py--> get_element 20: INFO ----->定位方式:id--->定位值:loginId
2019-05-27 18:23:55,698 login_handle.py--> send_password 20: INFO ----->输入密码是：123qwe
2019-05-27 18:23:55,699 find_element.py--> get_element 20: INFO ----->定位方式:id--->定位值:password
2019-05-27 18:23:55,759 find_element.py--> get_element 20: INFO ----->定位方式:className--->定位值:login-submit
2019-05-27 18:23:57,831 find_element.py--> get_element 20: INFO ----->定位方式:id--->定位值:910000
2019-05-27 18:23:59,913 find_element.py--> get_element 20: INFO ----->定位方式:id--->定位值:15000000
2019-05-27 18:24:01,989 find_element.py--> get_element 20: INFO ----->定位方式:xpath--->定位值://*[@id="15080000"]
2019-05-27 18:24:02,079 find_element.py--> get_element 20: INFO ----->定位方式:id--->定位值:15080100
2019-05-27 18:24:05,226 find_element.py--> get_element 20: INFO ----->定位方式:xpath--->定位值://*[@id="btn_xinzeng"]
2019-05-27 18:24:08,463 find_element.py--> get_element 20: INFO ----->定位方式:xpath--->定位值://*[@id="vehicleModel"]/div/div[1]/div[3]/div/div/div/ul/li[121]/a/span[1]
2019-05-27 18:27:53,369 login_handle.py--> send_username 20: INFO ----->输入用户名是：ccadmin
2019-05-27 18:27:53,371 find_element.py--> get_element 20: INFO ----->定位方式:id--->定位值:loginId
2019-05-27 18:27:53,456 login_handle.py--> send_password 20: INFO ----->输入密码是：123qwe
2019-05-27 18:27:53,456 find_element.py--> get_element 20: INFO ----->定位方式:id--->定位值:password
2019-05-27 18:27:53,519 find_element.py--> get_element 20: INFO ----->定位方式:className--->定位值:login-submit
2019-05-27 18:27:55,587 find_element.py--> get_element 20: INFO ----->定位方式:id--->定位值:910000
2019-05-27 18:27:57,682 find_element.py--> get_element 20: INFO ----->定位方式:id--->定位值:15000000
2019-05-27 18:27:59,755 find_element.py--> get_element 20: INFO ----->定位方式:xpath--->定位值://*[@id="15080000"]
2019-05-27 18:27:59,826 find_element.py--> get_element 20: INFO ----->定位方式:id--->定位值:15080100
2019-05-27 18:28:02,984 find_element.py--> get_element 20: INFO ----->定位方式:xpath--->定位值://*[@id="btn_xinzeng"]
2019-05-27 18:28:05,431 find_element.py--> get_element 20: INFO ----->定位方式:xpath--->定位值://*[@id="vehicleModel"]/div/div[1]/div[3]/div/div/button/span[1]
2019-05-27 18:28:06,662 find_element.py--> get_element 20: INFO ----->定位方式:xpath--->定位值://*[@id="vehicleModel"]/div/div[1]/div[3]/div/div/div/ul/li[121]/a
