2019-06-24 11:12:58,822 login_handle.py--> send_username 20: INFO ----->输入用户名是：zhaoyunhe1
2019-06-24 11:12:58,824 find_element.py--> get_element 20: INFO ----->定位方式:id--->定位值:loginId
2019-06-24 11:12:58,913 login_handle.py--> send_password 20: INFO ----->输入密码是：123qwe
2019-06-24 11:12:58,916 find_element.py--> get_element 20: INFO ----->定位方式:id--->定位值:password
2019-06-24 11:12:58,980 find_element.py--> get_element 20: INFO ----->定位方式:className--->定位值:login-submit
2019-06-24 11:13:00,647 find_element.py--> get_element 20: INFO ----->定位方式:id--->定位值:910000
2019-06-24 11:13:01,749 find_element.py--> get_element 20: INFO ----->定位方式:id--->定位值:15000000
2019-06-24 11:13:02,877 find_element.py--> get_element 20: INFO ----->定位方式:xpath--->定位值://*[@id="15080000"]
2019-06-24 11:13:08,896 find_element.py--> get_element 20: INFO ----->找不到定位元素
2019-06-24 11:13:17,886 login_handle.py--> send_username 20: INFO ----->输入用户名是：ccadmin
2019-06-24 11:13:17,888 find_element.py--> get_element 20: INFO ----->定位方式:id--->定位值:loginId
2019-06-24 11:13:17,996 login_handle.py--> send_password 20: INFO ----->输入密码是：123qwe
2019-06-24 11:13:17,997 find_element.py--> get_element 20: INFO ----->定位方式:id--->定位值:password
2019-06-24 11:13:18,072 find_element.py--> get_element 20: INFO ----->定位方式:className--->定位值:login-submit
2019-06-24 11:13:19,592 find_element.py--> get_element 20: INFO ----->定位方式:id--->定位值:910000
2019-06-24 11:13:20,664 find_element.py--> get_element 20: INFO ----->定位方式:id--->定位值:15000000
2019-06-24 11:13:21,735 find_element.py--> get_element 20: INFO ----->定位方式:xpath--->定位值://*[@id="15080000"]
2019-06-24 11:13:21,800 find_element.py--> get_element 20: INFO ----->定位方式:id--->定位值:15080100
2019-06-24 11:13:25,189 find_element.py--> get_element 20: INFO ----->定位方式:xpath--->定位值://*[@id="btn_xinzeng"]
2019-06-24 11:13:26,479 order_info_handle.py--> send_userinfo 20: INFO ----->输入的手机号：18686823882
2019-06-24 11:13:26,481 find_element.py--> get_element 20: INFO ----->定位方式:id--->定位值:phoneNo
2019-06-24 11:13:27,555 find_element.py--> get_element 20: INFO ----->定位方式:id--->定位值:queryMobile
2019-06-24 11:13:28,668 order_info_handle.py--> send_userinfo 20: INFO ----->输入的身份证号：110104199506257545
2019-06-24 11:13:28,669 find_element.py--> get_element 20: INFO ----->定位方式:id--->定位值:idNumber
2019-06-24 11:13:29,362 find_element.py--> get_element 20: INFO ----->定位方式:xpath--->定位值://*[@id="customerBase"]/div/div[1]/div[3]/div/div/button/span[1]
2019-06-24 11:13:29,518 find_element.py--> get_element 20: INFO ----->定位方式:xpath--->定位值://*[@id="customerBase"]/div/div[1]/div[3]/div/div/div/ul/li[2]/a/span[1]
2019-06-24 11:13:30,735 find_element.py--> get_element 20: INFO ----->定位方式:xpath--->定位值://*[@id="vehicleModel"]/div/div[1]/div[1]/div/div/button/span[1]
2019-06-24 11:13:30,846 find_element.py--> get_element 20: INFO ----->定位方式:xpath--->定位值://*[@id="vehicleModel"]/div/div[1]/div[1]/div/div/div/ul/li[3]/a/span[1]
2019-06-24 11:13:31,009 find_element.py--> get_element 20: INFO ----->定位方式:id--->定位值:purchaseAmount
2019-06-24 11:13:31,090 find_element.py--> get_element 20: INFO ----->定位方式:xpath--->定位值://*[@id="vehicleModel"]/div/div[1]/div[3]/div/div/button/span[1]
2019-06-24 11:13:31,469 find_element.py--> get_element 20: INFO ----->定位方式:xpath--->定位值://*[@id="vehicleModel"]/div/div[1]/div[3]/div/div/div/ul/li[121]/a
2019-06-24 11:13:31,663 find_element.py--> get_element 20: INFO ----->定位方式:xpath--->定位值://*[@id="vehicleModel"]/div/div[2]/div[1]/div/div/button/span[1]
2019-06-24 11:13:31,867 find_element.py--> get_element 20: INFO ----->定位方式:xpath--->定位值://*[@id="vehicleModel"]/div/div[2]/div[1]/div/div/div/ul/li[27]/a
2019-06-24 11:13:32,034 find_element.py--> get_element 20: INFO ----->定位方式:xpath--->定位值://*[@id="vehicleModel"]/div/div[2]/div[2]/div/div/button/span[1]
2019-06-24 11:13:32,338 find_element.py--> get_element 20: INFO ----->定位方式:xpath--->定位值://*[@id="vehicleModel"]/div/div[2]/div[2]/div/div/div/ul/li[3]/a/span[1]
2019-06-24 11:13:32,470 find_element.py--> get_element 20: INFO ----->定位方式:xpath--->定位值://*[@id="vehicleModel"]/div/div[1]/div[4]/div/div/button/span[1]
2019-06-24 11:13:32,608 find_element.py--> get_element 20: INFO ----->定位方式:xpath--->定位值://*[@id="vehicleModel"]/div/div[1]/div[4]/div/div/div/ul/li[2]/a
2019-06-24 11:13:32,761 find_element.py--> get_element 20: INFO ----->定位方式:id--->定位值:guidePrice
2019-06-24 11:13:32,855 find_element.py--> get_element 20: INFO ----->定位方式:id--->定位值:guidePrice
2019-06-24 11:13:33,108 find_element.py--> get_element 20: INFO ----->定位方式:id--->定位值:salePrice
2019-06-24 11:44:04,711 login_handle.py--> send_username 20: INFO ----->输入用户名是：ccadmin
2019-06-24 11:44:04,716 find_element.py--> get_element 20: INFO ----->定位方式:id--->定位值:loginId
2019-06-24 11:44:05,035 login_handle.py--> send_password 20: INFO ----->输入密码是：123qwe
2019-06-24 11:44:05,037 find_element.py--> get_element 20: INFO ----->定位方式:id--->定位值:password
2019-06-24 11:44:05,260 find_element.py--> get_element 20: INFO ----->定位方式:className--->定位值:login-submit
2019-06-24 11:44:06,887 find_element.py--> get_element 20: INFO ----->定位方式:id--->定位值:910000
2019-06-24 11:44:08,012 find_element.py--> get_element 20: INFO ----->定位方式:id--->定位值:15000000
2019-06-24 11:44:09,170 find_element.py--> get_element 20: INFO ----->定位方式:xpath--->定位值://*[@id="15080000"]
2019-06-24 11:44:09,288 find_element.py--> get_element 20: INFO ----->定位方式:id--->定位值:15080100
2019-06-24 11:44:11,655 find_element.py--> get_element 20: INFO ----->定位方式:xpath--->定位值://*[@id="btn_xinzeng"]
2019-06-24 11:44:13,184 order_info_handle.py--> send_userinfo 20: INFO ----->输入的手机号：18627060118
2019-06-24 11:44:13,186 find_element.py--> get_element 20: INFO ----->定位方式:id--->定位值:phoneNo
2019-06-24 11:44:15,186 find_element.py--> get_element 20: INFO ----->定位方式:id--->定位值:queryMobile
2019-06-24 11:44:16,384 order_info_handle.py--> send_userinfo 20: INFO ----->输入的身份证号：362422199403201867
2019-06-24 11:44:16,385 find_element.py--> get_element 20: INFO ----->定位方式:id--->定位值:idNumber
2019-06-24 11:44:17,550 find_element.py--> get_element 20: INFO ----->定位方式:xpath--->定位值://*[@id="customerBase"]/div/div[1]/div[3]/div/div/button/span[1]
2019-06-24 11:44:17,812 find_element.py--> get_element 20: INFO ----->定位方式:xpath--->定位值://*[@id="customerBase"]/div/div[1]/div[3]/div/div/div/ul/li[2]/a/span[1]
2019-06-24 11:44:19,053 find_element.py--> get_element 20: INFO ----->定位方式:xpath--->定位值://*[@id="vehicleModel"]/div/div[1]/div[1]/div/div/button/span[1]
2019-06-24 11:44:19,281 find_element.py--> get_element 20: INFO ----->定位方式:xpath--->定位值://*[@id="vehicleModel"]/div/div[1]/div[1]/div/div/div/ul/li[3]/a/span[1]
2019-06-24 11:44:19,467 find_element.py--> get_element 20: INFO ----->定位方式:id--->定位值:purchaseAmount
2019-06-24 11:44:19,542 find_element.py--> get_element 20: INFO ----->定位方式:xpath--->定位值://*[@id="vehicleModel"]/div/div[1]/div[3]/div/div/button/span[1]
2019-06-24 11:44:19,833 find_element.py--> get_element 20: INFO ----->定位方式:xpath--->定位值://*[@id="vehicleModel"]/div/div[1]/div[3]/div/div/div/ul/li[121]/a
2019-06-24 11:44:20,007 find_element.py--> get_element 20: INFO ----->定位方式:xpath--->定位值://*[@id="vehicleModel"]/div/div[2]/div[1]/div/div/button/span[1]
2019-06-24 11:44:20,232 find_element.py--> get_element 20: INFO ----->定位方式:xpath--->定位值://*[@id="vehicleModel"]/div/div[2]/div[1]/div/div/div/ul/li[27]/a
2019-06-24 11:44:20,392 find_element.py--> get_element 20: INFO ----->定位方式:xpath--->定位值://*[@id="vehicleModel"]/div/div[2]/div[2]/div/div/button/span[1]
2019-06-24 11:44:20,641 find_element.py--> get_element 20: INFO ----->定位方式:xpath--->定位值://*[@id="vehicleModel"]/div/div[2]/div[2]/div/div/div/ul/li[3]/a/span[1]
2019-06-24 11:44:20,896 find_element.py--> get_element 20: INFO ----->定位方式:xpath--->定位值://*[@id="vehicleModel"]/div/div[1]/div[4]/div/div/button/span[1]
2019-06-24 11:44:21,048 find_element.py--> get_element 20: INFO ----->定位方式:xpath--->定位值://*[@id="vehicleModel"]/div/div[1]/div[4]/div/div/div/ul/li[2]/a
2019-06-24 11:44:21,190 find_element.py--> get_element 20: INFO ----->定位方式:id--->定位值:guidePrice
2019-06-24 11:44:21,249 find_element.py--> get_element 20: INFO ----->定位方式:id--->定位值:guidePrice
2019-06-24 11:44:21,517 find_element.py--> get_element 20: INFO ----->定位方式:id--->定位值:salePrice
2019-06-24 11:44:21,892 order_info_business.py--> car_price 20: INFO ----->定金金额：3500
2019-06-24 11:44:21,894 find_element.py--> get_element 20: INFO ----->定位方式:id--->定位值:preLicenseProvince
2019-06-24 11:44:22,093 find_element.py--> get_element 20: INFO ----->定位方式:xpath--->定位值://*[@id="preLicenseProvince"]/option[20]
2019-06-24 11:44:22,190 find_element.py--> get_element 20: INFO ----->定位方式:id--->定位值:preLicenseCity
2019-06-24 11:44:22,371 find_element.py--> get_element 20: INFO ----->定位方式:xpath--->定位值://*[@id="preLicenseCity"]/option[2]
2019-06-24 11:44:22,466 find_element.py--> get_element 20: INFO ----->定位方式:id--->定位值:preLicenseSotre
2019-06-24 11:44:22,649 find_element.py--> get_element 20: INFO ----->定位方式:xpath--->定位值://*[@id="preLicenseSotre"]/option[2]
2019-06-24 11:44:22,777 find_element.py--> get_element 20: INFO ----->定位方式:id--->定位值:channelTypeGH
2019-06-24 11:44:22,979 find_element.py--> get_element 20: INFO ----->定位方式:id--->定位值:realNameSystemYNull
2019-06-24 11:44:23,159 find_element.py--> get_element 20: INFO ----->定位方式:id--->定位值:shopInsuranceYNull
2019-06-24 11:44:23,336 find_element.py--> get_element 20: INFO ----->定位方式:id--->定位值:firstYearVehicleAndVesselTax
2019-06-24 11:44:23,478 find_element.py--> get_element 20: INFO ----->定位方式:id--->定位值:firstYearSali
2019-06-24 11:44:23,603 find_element.py--> get_element 20: INFO ----->定位方式:id--->定位值:firstCommercialTheft
2019-06-24 11:44:23,743 find_element.py--> get_element 20: INFO ----->定位方式:id--->定位值:advancePremiumAmt
2019-06-24 11:44:23,884 find_element.py--> get_element 20: INFO ----->定位方式:id--->定位值:termCount
2019-06-24 11:44:24,037 find_element.py--> get_element 20: INFO ----->定位方式:id--->定位值:monthlyRent
2019-06-24 11:44:24,324 find_element.py--> get_element 20: INFO ----->定位方式:id--->定位值:cusInterestRates
2019-06-24 11:44:24,494 find_element.py--> get_element 20: INFO ----->定位方式:id--->定位值:purchaseTax
2019-06-24 11:44:24,780 find_element.py--> get_element 20: INFO ----->定位方式:id--->定位值:gpsFee
2019-06-24 11:44:25,058 find_element.py--> get_element 20: INFO ----->定位方式:id--->定位值:accountMaintenanceFee
2019-06-24 11:44:25,297 find_element.py--> get_element 20: INFO ----->定位方式:id--->定位值:yxDownPaymentAmt
2019-06-24 11:44:25,768 find_element.py--> get_element 20: INFO ----->定位方式:id--->定位值:yxRiskFinancingAmt
2019-06-24 11:44:26,031 find_element.py--> get_element 20: INFO ----->定位方式:id--->定位值:yxRiskControlFinancingAmt
2019-06-24 11:44:26,214 find_element.py--> get_element 20: INFO ----->定位方式:id--->定位值:hsServiceFee
2019-06-24 11:44:26,411 find_element.py--> get_element 20: INFO ----->定位方式:id--->定位值:licenseFee
2019-06-24 11:44:26,611 find_element.py--> get_element 20: INFO ----->定位方式:id--->定位值:mortgageFee
2019-06-24 11:44:26,821 find_element.py--> get_element 20: INFO ----->定位方式:id--->定位值:totalDownPaymentOtherAmt
2019-06-24 11:44:26,953 find_element.py--> get_element 20: INFO ----->定位方式:id--->定位值:remarkId
2019-06-24 11:44:27,509 find_element.py--> get_element 20: INFO ----->定位方式:xpath--->定位值://*[@id="fanancingInfoHs"]/div/div[2]/div[1]/div/div/button/span[1]
2019-06-24 11:44:27,651 find_element.py--> get_element 20: INFO ----->定位方式:xpath--->定位值://*[@id="fanancingInfoHs"]/div/div[2]/div[1]/div/div/div/ul/li[2]/a/span[1]
2019-06-24 11:44:27,852 find_element.py--> get_element 20: INFO ----->定位方式:id--->定位值:yxOrderNo
2019-06-24 11:44:28,590 find_element.py--> get_element 20: INFO ----->定位方式:xpath--->定位值://*[@id="yxAuditFile"]/div/table/tbody/tr[1]/td[3]/input
2019-06-24 11:44:29,851 find_element.py--> get_element 20: INFO ----->定位方式:xpath--->定位值://*[@id="yx-upload-check"]
2019-06-24 11:44:32,797 find_element.py--> get_element 20: INFO ----->定位方式:xpath--->定位值://*[@id="yx-upload-sub"]
2019-06-24 11:44:33,056 find_element.py--> get_element 20: INFO ----->定位方式:xpath--->定位值://*[@id="cusUpdateModal"]/div/div/div[3]/button
2019-06-24 11:44:34,254 find_element.py--> get_element 20: INFO ----->定位方式:xpath--->定位值://*[@id="yxAuditFile"]/div/table/tbody/tr[2]/td[3]/input
2019-06-24 11:44:35,487 find_element.py--> get_element 20: INFO ----->定位方式:xpath--->定位值://*[@id="yx-upload-check"]
2019-06-24 11:44:38,941 find_element.py--> get_element 20: INFO ----->定位方式:xpath--->定位值://*[@id="yx-upload-check"]
2019-06-24 11:44:41,441 find_element.py--> get_element 20: INFO ----->定位方式:xpath--->定位值://*[@id="yx-upload-sub"]
2019-06-24 11:44:41,624 find_element.py--> get_element 20: INFO ----->定位方式:xpath--->定位值://*[@id="cusUpdateModal"]/div/div/div[3]/button
2019-06-24 14:05:28,360 login_handle.py--> send_username 20: INFO ----->输入用户名是：ccadmin
2019-06-24 14:05:28,363 find_element.py--> get_element 20: INFO ----->定位方式:id--->定位值:loginId
2019-06-24 14:05:28,474 login_handle.py--> send_password 20: INFO ----->输入密码是：123qwe
2019-06-24 14:05:28,477 find_element.py--> get_element 20: INFO ----->定位方式:id--->定位值:password
2019-06-24 14:05:28,566 find_element.py--> get_element 20: INFO ----->定位方式:className--->定位值:login-submit
2019-06-24 14:05:30,196 find_element.py--> get_element 20: INFO ----->定位方式:id--->定位值:910000
2019-06-24 14:05:31,289 find_element.py--> get_element 20: INFO ----->定位方式:id--->定位值:15000000
2019-06-24 14:05:32,382 find_element.py--> get_element 20: INFO ----->定位方式:xpath--->定位值://*[@id="15080000"]
2019-06-24 14:05:32,466 find_element.py--> get_element 20: INFO ----->定位方式:id--->定位值:15080100
2019-06-24 14:05:34,815 find_element.py--> get_element 20: INFO ----->定位方式:xpath--->定位值://*[@id="btn_xinzeng"]
2019-06-24 14:05:37,340 order_info_handle.py--> send_userinfo 20: INFO ----->输入的手机号：18614802884
2019-06-24 14:05:37,343 find_element.py--> get_element 20: INFO ----->定位方式:id--->定位值:phoneNo
2019-06-24 14:05:39,155 find_element.py--> get_element 20: INFO ----->定位方式:id--->定位值:queryMobile
2019-06-24 14:05:40,328 order_info_handle.py--> send_userinfo 20: INFO ----->输入的身份证号：362427198109288521
2019-06-24 14:05:40,330 find_element.py--> get_element 20: INFO ----->定位方式:id--->定位值:idNumber
2019-06-24 14:05:41,475 find_element.py--> get_element 20: INFO ----->定位方式:xpath--->定位值://*[@id="customerBase"]/div/div[1]/div[3]/div/div/button/span[1]
2019-06-24 14:05:41,753 find_element.py--> get_element 20: INFO ----->定位方式:xpath--->定位值://*[@id="customerBase"]/div/div[1]/div[3]/div/div/div/ul/li[2]/a/span[1]
2019-06-24 14:05:43,054 find_element.py--> get_element 20: INFO ----->定位方式:xpath--->定位值://*[@id="vehicleModel"]/div/div[1]/div[1]/div/div/button/span[1]
2019-06-24 14:05:43,179 find_element.py--> get_element 20: INFO ----->定位方式:xpath--->定位值://*[@id="vehicleModel"]/div/div[1]/div[1]/div/div/div/ul/li[3]/a/span[1]
2019-06-24 14:05:43,394 find_element.py--> get_element 20: INFO ----->定位方式:id--->定位值:purchaseAmount
2019-06-24 14:05:43,466 find_element.py--> get_element 20: INFO ----->定位方式:xpath--->定位值://*[@id="vehicleModel"]/div/div[1]/div[3]/div/div/button/span[1]
2019-06-24 14:05:43,789 find_element.py--> get_element 20: INFO ----->定位方式:xpath--->定位值://*[@id="vehicleModel"]/div/div[1]/div[3]/div/div/div/ul/li[121]/a
2019-06-24 14:05:43,977 find_element.py--> get_element 20: INFO ----->定位方式:xpath--->定位值://*[@id="vehicleModel"]/div/div[2]/div[1]/div/div/button/span[1]
2019-06-24 14:05:44,196 find_element.py--> get_element 20: INFO ----->定位方式:xpath--->定位值://*[@id="vehicleModel"]/div/div[2]/div[1]/div/div/div/ul/li[27]/a
2019-06-24 14:05:44,362 find_element.py--> get_element 20: INFO ----->定位方式:xpath--->定位值://*[@id="vehicleModel"]/div/div[2]/div[2]/div/div/button/span[1]
2019-06-24 14:05:44,656 find_element.py--> get_element 20: INFO ----->定位方式:xpath--->定位值://*[@id="vehicleModel"]/div/div[2]/div[2]/div/div/div/ul/li[3]/a/span[1]
2019-06-24 14:05:44,858 find_element.py--> get_element 20: INFO ----->定位方式:xpath--->定位值://*[@id="vehicleModel"]/div/div[1]/div[4]/div/div/button/span[1]
2019-06-24 14:05:45,011 find_element.py--> get_element 20: INFO ----->定位方式:xpath--->定位值://*[@id="vehicleModel"]/div/div[1]/div[4]/div/div/div/ul/li[2]/a
2019-06-24 14:05:45,207 find_element.py--> get_element 20: INFO ----->定位方式:id--->定位值:guidePrice
2019-06-24 14:05:45,260 find_element.py--> get_element 20: INFO ----->定位方式:id--->定位值:guidePrice
2019-06-24 14:05:45,518 find_element.py--> get_element 20: INFO ----->定位方式:id--->定位值:salePrice
2019-06-24 14:05:45,900 order_info_business.py--> car_price 20: INFO ----->定金金额：3500
2019-06-24 14:05:45,903 find_element.py--> get_element 20: INFO ----->定位方式:id--->定位值:preLicenseProvince
2019-06-24 14:05:46,072 find_element.py--> get_element 20: INFO ----->定位方式:xpath--->定位值://*[@id="preLicenseProvince"]/option[20]
2019-06-24 14:05:46,201 find_element.py--> get_element 20: INFO ----->定位方式:id--->定位值:preLicenseCity
2019-06-24 14:05:46,358 find_element.py--> get_element 20: INFO ----->定位方式:xpath--->定位值://*[@id="preLicenseCity"]/option[2]
2019-06-24 14:05:46,449 find_element.py--> get_element 20: INFO ----->定位方式:id--->定位值:preLicenseSotre
2019-06-24 14:05:46,652 find_element.py--> get_element 20: INFO ----->定位方式:xpath--->定位值://*[@id="preLicenseSotre"]/option[2]
2019-06-24 14:05:46,733 find_element.py--> get_element 20: INFO ----->定位方式:id--->定位值:channelTypeGH
2019-06-24 14:05:46,928 find_element.py--> get_element 20: INFO ----->定位方式:id--->定位值:realNameSystemYNull
2019-06-24 14:05:47,108 find_element.py--> get_element 20: INFO ----->定位方式:id--->定位值:shopInsuranceYNull
2019-06-24 14:05:47,266 find_element.py--> get_element 20: INFO ----->定位方式:id--->定位值:firstYearVehicleAndVesselTax
2019-06-24 14:05:47,395 find_element.py--> get_element 20: INFO ----->定位方式:id--->定位值:firstYearSali
2019-06-24 14:05:47,518 find_element.py--> get_element 20: INFO ----->定位方式:id--->定位值:firstCommercialTheft
2019-06-24 14:05:47,642 find_element.py--> get_element 20: INFO ----->定位方式:id--->定位值:advancePremiumAmt
2019-06-24 14:05:47,779 find_element.py--> get_element 20: INFO ----->定位方式:id--->定位值:termCount
2019-06-24 14:05:47,982 find_element.py--> get_element 20: INFO ----->定位方式:id--->定位值:monthlyRent
2019-06-24 14:05:48,226 find_element.py--> get_element 20: INFO ----->定位方式:id--->定位值:cusInterestRates
2019-06-24 14:05:48,334 find_element.py--> get_element 20: INFO ----->定位方式:id--->定位值:purchaseTax
2019-06-24 14:05:48,513 find_element.py--> get_element 20: INFO ----->定位方式:id--->定位值:gpsFee
2019-06-24 14:05:48,744 find_element.py--> get_element 20: INFO ----->定位方式:id--->定位值:accountMaintenanceFee
2019-06-24 14:05:48,931 find_element.py--> get_element 20: INFO ----->定位方式:id--->定位值:yxDownPaymentAmt
2019-06-24 14:05:49,160 find_element.py--> get_element 20: INFO ----->定位方式:id--->定位值:yxRiskFinancingAmt
2019-06-24 14:05:49,370 find_element.py--> get_element 20: INFO ----->定位方式:id--->定位值:yxRiskControlFinancingAmt
2019-06-24 14:05:49,573 find_element.py--> get_element 20: INFO ----->定位方式:id--->定位值:hsServiceFee
2019-06-24 14:05:49,814 find_element.py--> get_element 20: INFO ----->定位方式:id--->定位值:licenseFee
2019-06-24 14:05:50,002 find_element.py--> get_element 20: INFO ----->定位方式:id--->定位值:mortgageFee
2019-06-24 14:05:50,184 find_element.py--> get_element 20: INFO ----->定位方式:id--->定位值:totalDownPaymentOtherAmt
2019-06-24 14:05:50,319 find_element.py--> get_element 20: INFO ----->定位方式:id--->定位值:remarkId
2019-06-24 14:05:50,834 find_element.py--> get_element 20: INFO ----->定位方式:xpath--->定位值://*[@id="fanancingInfoHs"]/div/div[2]/div[1]/div/div/button/span[1]
2019-06-24 14:05:50,988 find_element.py--> get_element 20: INFO ----->定位方式:xpath--->定位值://*[@id="fanancingInfoHs"]/div/div[2]/div[1]/div/div/div/ul/li[2]/a/span[1]
2019-06-24 14:05:51,175 find_element.py--> get_element 20: INFO ----->定位方式:id--->定位值:yxOrderNo
2019-06-24 14:05:51,758 find_element.py--> get_element 20: INFO ----->定位方式:xpath--->定位值://*[@id="yxAuditFile"]/div/table/tbody/tr[1]/td[3]/input
2019-06-24 14:05:52,940 find_element.py--> get_element 20: INFO ----->定位方式:xpath--->定位值://*[@id="yx-upload-check"]
2019-06-24 14:05:55,556 find_element.py--> get_element 20: INFO ----->定位方式:xpath--->定位值://*[@id="yx-upload-sub"]
2019-06-24 14:05:55,792 find_element.py--> get_element 20: INFO ----->定位方式:xpath--->定位值://*[@id="cusUpdateModal"]/div/div/div[3]/button
2019-06-24 14:05:56,963 find_element.py--> get_element 20: INFO ----->定位方式:xpath--->定位值://*[@id="yxAuditFile"]/div/table/tbody/tr[2]/td[3]/input
2019-06-24 14:05:58,128 find_element.py--> get_element 20: INFO ----->定位方式:xpath--->定位值://*[@id="yx-upload-check"]
2019-06-24 14:06:01,567 find_element.py--> get_element 20: INFO ----->定位方式:xpath--->定位值://*[@id="yx-upload-check"]
2019-06-24 14:06:04,120 find_element.py--> get_element 20: INFO ----->定位方式:xpath--->定位值://*[@id="yx-upload-sub"]
2019-06-24 14:06:04,369 find_element.py--> get_element 20: INFO ----->定位方式:xpath--->定位值://*[@id="cusUpdateModal"]/div/div/div[3]/button
2019-06-24 14:57:50,106 login_handle.py--> send_username 20: INFO ----->输入用户名是：ccadmin
2019-06-24 14:57:50,111 find_element.py--> get_element 20: INFO ----->定位方式:id--->定位值:loginId
2019-06-24 14:57:50,311 login_handle.py--> send_password 20: INFO ----->输入密码是：123qwe
2019-06-24 14:57:50,314 find_element.py--> get_element 20: INFO ----->定位方式:id--->定位值:password
2019-06-24 14:57:50,465 find_element.py--> get_element 20: INFO ----->定位方式:className--->定位值:login-submit
2019-06-24 14:57:52,335 find_element.py--> get_element 20: INFO ----->定位方式:id--->定位值:910000
2019-06-24 14:57:53,523 find_element.py--> get_element 20: INFO ----->定位方式:id--->定位值:15000000
2019-06-24 14:57:54,729 find_element.py--> get_element 20: INFO ----->定位方式:xpath--->定位值://*[@id="15080000"]
2019-06-24 14:57:54,827 find_element.py--> get_element 20: INFO ----->定位方式:id--->定位值:15080100
2019-06-24 14:57:57,448 find_element.py--> get_element 20: INFO ----->定位方式:xpath--->定位值://*[@id="btn_xinzeng"]
2019-06-24 14:57:59,468 order_info_handle.py--> send_userinfo 20: INFO ----->输入的手机号：18692044758
2019-06-24 14:57:59,470 find_element.py--> get_element 20: INFO ----->定位方式:id--->定位值:phoneNo
2019-06-24 14:58:01,254 find_element.py--> get_element 20: INFO ----->定位方式:id--->定位值:queryMobile
2019-06-24 14:58:02,558 order_info_handle.py--> send_userinfo 20: INFO ----->输入的身份证号：110108199212304327
2019-06-24 14:58:02,559 find_element.py--> get_element 20: INFO ----->定位方式:id--->定位值:idNumber
2019-06-24 14:58:03,393 find_element.py--> get_element 20: INFO ----->定位方式:xpath--->定位值://*[@id="customerBase"]/div/div[1]/div[3]/div/div/button/span[1]
2019-06-24 14:58:03,582 find_element.py--> get_element 20: INFO ----->定位方式:xpath--->定位值://*[@id="customerBase"]/div/div[1]/div[3]/div/div/div/ul/li[2]/a/span[1]
2019-06-24 14:58:04,763 find_element.py--> get_element 20: INFO ----->定位方式:xpath--->定位值://*[@id="vehicleModel"]/div/div[1]/div[1]/div/div/button/span[1]
2019-06-24 14:58:04,893 find_element.py--> get_element 20: INFO ----->定位方式:xpath--->定位值://*[@id="vehicleModel"]/div/div[1]/div[1]/div/div/div/ul/li[3]/a/span[1]
2019-06-24 14:58:05,138 find_element.py--> get_element 20: INFO ----->定位方式:id--->定位值:purchaseAmount
2019-06-24 14:58:05,236 find_element.py--> get_element 20: INFO ----->定位方式:xpath--->定位值://*[@id="vehicleModel"]/div/div[1]/div[3]/div/div/button/span[1]
2019-06-24 14:58:05,618 find_element.py--> get_element 20: INFO ----->定位方式:xpath--->定位值://*[@id="vehicleModel"]/div/div[1]/div[3]/div/div/div/ul/li[121]/a
2019-06-24 14:58:05,823 find_element.py--> get_element 20: INFO ----->定位方式:xpath--->定位值://*[@id="vehicleModel"]/div/div[2]/div[1]/div/div/button/span[1]
2019-06-24 14:58:06,043 find_element.py--> get_element 20: INFO ----->定位方式:xpath--->定位值://*[@id="vehicleModel"]/div/div[2]/div[1]/div/div/div/ul/li[27]/a
2019-06-24 14:58:06,250 find_element.py--> get_element 20: INFO ----->定位方式:xpath--->定位值://*[@id="vehicleModel"]/div/div[2]/div[2]/div/div/button/span[1]
2019-06-24 14:58:06,497 find_element.py--> get_element 20: INFO ----->定位方式:xpath--->定位值://*[@id="vehicleModel"]/div/div[2]/div[2]/div/div/div/ul/li[3]/a/span[1]
2019-06-24 14:58:06,687 find_element.py--> get_element 20: INFO ----->定位方式:xpath--->定位值://*[@id="vehicleModel"]/div/div[1]/div[4]/div/div/button/span[1]
2019-06-24 14:58:06,830 find_element.py--> get_element 20: INFO ----->定位方式:xpath--->定位值://*[@id="vehicleModel"]/div/div[1]/div[4]/div/div/div/ul/li[2]/a
2019-06-24 14:58:06,980 find_element.py--> get_element 20: INFO ----->定位方式:id--->定位值:guidePrice
2019-06-24 14:58:07,056 find_element.py--> get_element 20: INFO ----->定位方式:id--->定位值:guidePrice
2019-06-24 14:58:07,322 find_element.py--> get_element 20: INFO ----->定位方式:id--->定位值:salePrice
2019-06-24 14:58:07,657 order_info_business.py--> car_price 20: INFO ----->定金金额：3500
2019-06-24 14:58:07,660 find_element.py--> get_element 20: INFO ----->定位方式:id--->定位值:preLicenseProvince
2019-06-24 14:58:07,938 find_element.py--> get_element 20: INFO ----->定位方式:xpath--->定位值://*[@id="preLicenseProvince"]/option[20]
2019-06-24 14:58:08,050 find_element.py--> get_element 20: INFO ----->定位方式:id--->定位值:preLicenseCity
2019-06-24 14:58:08,208 find_element.py--> get_element 20: INFO ----->定位方式:xpath--->定位值://*[@id="preLicenseCity"]/option[2]
2019-06-24 14:58:08,309 find_element.py--> get_element 20: INFO ----->定位方式:id--->定位值:preLicenseSotre
2019-06-24 14:58:08,476 find_element.py--> get_element 20: INFO ----->定位方式:xpath--->定位值://*[@id="preLicenseSotre"]/option[2]
2019-06-24 14:58:08,567 find_element.py--> get_element 20: INFO ----->定位方式:id--->定位值:channelTypeGH
2019-06-24 14:58:08,736 find_element.py--> get_element 20: INFO ----->定位方式:id--->定位值:realNameSystemYNull
2019-06-24 14:58:08,900 find_element.py--> get_element 20: INFO ----->定位方式:id--->定位值:shopInsuranceYNull
2019-06-24 14:58:09,032 find_element.py--> get_element 20: INFO ----->定位方式:id--->定位值:firstYearVehicleAndVesselTax
2019-06-24 14:58:09,171 find_element.py--> get_element 20: INFO ----->定位方式:id--->定位值:firstYearSali
2019-06-24 14:58:09,299 find_element.py--> get_element 20: INFO ----->定位方式:id--->定位值:firstCommercialTheft
2019-06-24 14:58:09,434 find_element.py--> get_element 20: INFO ----->定位方式:id--->定位值:advancePremiumAmt
2019-06-24 14:58:09,584 find_element.py--> get_element 20: INFO ----->定位方式:id--->定位值:termCount
2019-06-24 14:58:09,773 find_element.py--> get_element 20: INFO ----->定位方式:id--->定位值:monthlyRent
2019-06-24 14:58:10,030 find_element.py--> get_element 20: INFO ----->定位方式:id--->定位值:cusInterestRates
2019-06-24 14:58:10,131 find_element.py--> get_element 20: INFO ----->定位方式:id--->定位值:purchaseTax
2019-06-24 14:58:10,339 find_element.py--> get_element 20: INFO ----->定位方式:id--->定位值:gpsFee
2019-06-24 14:58:10,548 find_element.py--> get_element 20: INFO ----->定位方式:id--->定位值:accountMaintenanceFee
2019-06-24 14:58:10,726 find_element.py--> get_element 20: INFO ----->定位方式:id--->定位值:yxDownPaymentAmt
2019-06-24 14:58:10,976 find_element.py--> get_element 20: INFO ----->定位方式:id--->定位值:yxRiskFinancingAmt
2019-06-24 14:58:11,175 find_element.py--> get_element 20: INFO ----->定位方式:id--->定位值:yxRiskControlFinancingAmt
2019-06-24 14:58:11,443 find_element.py--> get_element 20: INFO ----->定位方式:id--->定位值:hsServiceFee
2019-06-24 14:58:11,654 find_element.py--> get_element 20: INFO ----->定位方式:id--->定位值:licenseFee
2019-06-24 14:58:11,842 find_element.py--> get_element 20: INFO ----->定位方式:id--->定位值:mortgageFee
2019-06-24 14:58:12,014 find_element.py--> get_element 20: INFO ----->定位方式:id--->定位值:totalDownPaymentOtherAmt
2019-06-24 14:58:12,165 find_element.py--> get_element 20: INFO ----->定位方式:id--->定位值:remarkId
2019-06-24 14:58:12,713 find_element.py--> get_element 20: INFO ----->定位方式:xpath--->定位值://*[@id="fanancingInfoHs"]/div/div[2]/div[1]/div/div/button/span[1]
2019-06-24 14:58:12,844 find_element.py--> get_element 20: INFO ----->定位方式:xpath--->定位值://*[@id="fanancingInfoHs"]/div/div[2]/div[1]/div/div/div/ul/li[2]/a/span[1]
2019-06-24 14:58:13,023 find_element.py--> get_element 20: INFO ----->定位方式:id--->定位值:yxOrderNo
2019-06-24 14:58:13,593 find_element.py--> get_element 20: INFO ----->定位方式:xpath--->定位值://*[@id="yxAuditFile"]/div/table/tbody/tr[1]/td[3]/input
2019-06-24 14:58:14,750 find_element.py--> get_element 20: INFO ----->定位方式:xpath--->定位值://*[@id="yx-upload-check"]
2019-06-24 14:58:17,509 find_element.py--> get_element 20: INFO ----->定位方式:xpath--->定位值://*[@id="yx-upload-sub"]
2019-06-24 14:58:17,786 find_element.py--> get_element 20: INFO ----->定位方式:xpath--->定位值://*[@id="cusUpdateModal"]/div/div/div[3]/button
2019-06-24 14:58:18,930 find_element.py--> get_element 20: INFO ----->定位方式:xpath--->定位值://*[@id="yxAuditFile"]/div/table/tbody/tr[2]/td[3]/input
2019-06-24 14:58:20,086 find_element.py--> get_element 20: INFO ----->定位方式:xpath--->定位值://*[@id="yx-upload-check"]
2019-06-24 14:58:23,556 find_element.py--> get_element 20: INFO ----->定位方式:xpath--->定位值://*[@id="yx-upload-check"]
2019-06-24 14:58:26,062 find_element.py--> get_element 20: INFO ----->定位方式:xpath--->定位值://*[@id="yx-upload-sub"]
2019-06-24 14:58:26,298 find_element.py--> get_element 20: INFO ----->定位方式:xpath--->定位值://*[@id="cusUpdateModal"]/div/div/div[3]/button
2019-06-24 14:58:27,427 find_element.py--> get_element 20: INFO ----->定位方式:id--->定位值:basicTempSave
2019-06-24 14:58:29,284 find_element.py--> get_element 20: INFO ----->定位方式:id--->定位值:basicModalBtnNegative
2019-06-24 14:58:30,423 find_element.py--> get_element 20: INFO ----->定位方式:id--->定位值:basicSubmit
2019-06-24 14:58:32,523 find_element.py--> get_element 20: INFO ----->定位方式:id--->定位值:basicModalBtnNegative
2019-06-24 14:58:33,918 find_element.py--> get_element 20: INFO ----->定位方式:name--->定位值:customerPhoneNo
2019-06-24 14:58:34,168 find_element.py--> get_element 20: INFO ----->定位方式:id--->定位值:btnSearch
2019-06-24 14:58:35,590 find_element.py--> get_element 20: INFO ----->定位方式:xpath--->定位值://*[@id="orders"]/tbody/tr[1]/td[1]
2019-06-24 14:58:35,703 find_element.py--> get_element 20: INFO ----->定位方式:id--->定位值:btn_shenhedingdan
2019-06-24 14:58:40,278 find_element.py--> get_element 20: INFO ----->定位方式:id--->定位值:basicSubmit
2019-06-24 14:58:41,498 find_element.py--> get_element 20: INFO ----->定位方式:id--->定位值:basicModalBtnNegative
2019-06-24 14:58:42,804 find_element.py--> get_element 20: INFO ----->定位方式:name--->定位值:customerPhoneNo
2019-06-24 14:58:43,046 find_element.py--> get_element 20: INFO ----->定位方式:id--->定位值:btnSearch
2019-06-24 14:58:44,415 find_element.py--> get_element 20: INFO ----->定位方式:xpath--->定位值://*[@id="orders"]/tbody/tr[1]/td[1]
2019-06-24 14:58:45,250 find_element.py--> get_element 20: INFO ----->定位方式:id--->定位值:btn_xiaoshoujiesuan
2019-06-24 14:58:46,556 find_element.py--> get_element 20: INFO ----->定位方式:xpath--->定位值://*[@id="amtDetail"]/div/div[3]/div/button[1]
2019-06-24 14:58:47,882 find_element.py--> get_element 20: INFO ----->定位方式:xpath--->定位值://*[@id="receiptModel"]/div/div/div[2]/button
2019-06-24 14:58:48,989 find_element.py--> get_element 20: INFO ----->定位方式:id--->定位值:deliveryClose
2019-06-24 14:58:50,175 find_element.py--> get_element 20: INFO ----->定位方式:name--->定位值:customerPhoneNo
2019-06-24 14:58:50,663 find_element.py--> get_element 20: INFO ----->定位方式:id--->定位值:btnSearch
2019-06-24 14:58:51,808 find_element.py--> get_element 20: INFO ----->定位方式:xpath--->定位值://*[@id="orders"]/tbody/tr[1]/td[1]
2019-06-24 14:58:51,920 find_element.py--> get_element 20: INFO ----->定位方式:id--->定位值:btn_shengchenghetong
2019-06-24 14:58:53,163 find_element.py--> get_element 20: INFO ----->定位方式:id--->定位值:hsSignBody
2019-06-24 14:58:53,428 find_element.py--> get_element 20: INFO ----->定位方式:xpath--->定位值://*[@id="hsSignBody"]/option[2]
2019-06-24 14:58:53,522 find_element.py--> get_element 20: INFO ----->定位方式:id--->定位值:makeContract
2019-06-24 14:58:53,670 find_element.py--> get_element 20: INFO ----->定位方式:id--->定位值:deliveryClose
2019-06-24 14:58:54,963 find_element.py--> get_element 20: INFO ----->定位方式:name--->定位值:customerPhoneNo
2019-06-24 14:58:55,196 find_element.py--> get_element 20: INFO ----->定位方式:id--->定位值:btnSearch
2019-06-24 14:58:56,526 find_element.py--> get_element 20: INFO ----->定位方式:xpath--->定位值://*[@id="orders"]/tbody/tr[1]/td[1]
2019-06-24 14:58:56,647 find_element.py--> get_element 20: INFO ----->定位方式:id--->定位值:btn_shangchuanhetong
2019-06-24 14:58:58,077 find_element.py--> get_element 20: INFO ----->定位方式:xpath--->定位值://*[@id="file"]/div/table/tbody/tr[1]/td[3]/input
2019-06-24 14:58:59,269 find_element.py--> get_element 20: INFO ----->定位方式:id--->定位值:yx-upload-check
2019-06-24 14:59:02,794 find_element.py--> get_element 20: INFO ----->定位方式:id--->定位值:yx-upload-sub
2019-06-24 14:59:02,932 find_element.py--> get_element 20: INFO ----->定位方式:xpath--->定位值://*[@id="cusUpdateModal"]/div/div/div[3]/button
2019-06-24 14:59:04,055 find_element.py--> get_element 20: INFO ----->定位方式:xpath--->定位值://*[@id="file"]/div/table/tbody/tr[2]/td[3]/input
2019-06-24 14:59:05,169 find_element.py--> get_element 20: INFO ----->定位方式:id--->定位值:yx-upload-check
2019-06-24 14:59:08,673 find_element.py--> get_element 20: INFO ----->定位方式:id--->定位值:yx-upload-sub
2019-06-24 14:59:08,780 find_element.py--> get_element 20: INFO ----->定位方式:xpath--->定位值://*[@id="cusUpdateModal"]/div/div/div[3]/button
2019-06-24 14:59:09,879 find_element.py--> get_element 20: INFO ----->定位方式:id--->定位值:yxHsContractApply
2019-06-24 15:17:48,641 login_handle.py--> send_username 20: INFO ----->输入用户名是：ccadmin
2019-06-24 15:17:48,644 find_element.py--> get_element 20: INFO ----->定位方式:id--->定位值:loginId
2019-06-24 15:17:48,783 login_handle.py--> send_password 20: INFO ----->输入密码是：123qwe
2019-06-24 15:17:48,786 find_element.py--> get_element 20: INFO ----->定位方式:id--->定位值:password
2019-06-24 15:17:48,877 find_element.py--> get_element 20: INFO ----->定位方式:className--->定位值:login-submit
2019-06-24 15:17:50,511 find_element.py--> get_element 20: INFO ----->定位方式:id--->定位值:910000
2019-06-24 15:17:51,609 find_element.py--> get_element 20: INFO ----->定位方式:id--->定位值:15000000
2019-06-24 15:17:52,756 find_element.py--> get_element 20: INFO ----->定位方式:xpath--->定位值://*[@id="15080000"]
2019-06-24 15:17:52,956 find_element.py--> get_element 20: INFO ----->定位方式:id--->定位值:15080100
2019-06-24 15:17:56,446 find_element.py--> get_element 20: INFO ----->定位方式:xpath--->定位值://*[@id="btn_xinzeng"]
2019-06-24 15:17:56,716 order_info_handle.py--> send_userinfo 20: INFO ----->输入的手机号：18650390684
2019-06-24 15:17:56,720 find_element.py--> get_element 20: INFO ----->定位方式:id--->定位值:phoneNo
2019-06-24 15:17:56,734 find_element.py--> get_element 20: INFO ----->找不到定位元素
2019-06-24 15:18:24,720 login_handle.py--> send_username 20: INFO ----->输入用户名是：zhaoyunhe1
2019-06-24 15:18:24,723 find_element.py--> get_element 20: INFO ----->定位方式:id--->定位值:loginId
2019-06-24 15:18:24,885 login_handle.py--> send_password 20: INFO ----->输入密码是：123qwe
2019-06-24 15:18:24,888 find_element.py--> get_element 20: INFO ----->定位方式:id--->定位值:password
2019-06-24 15:18:24,990 find_element.py--> get_element 20: INFO ----->定位方式:className--->定位值:login-submit
2019-06-24 15:18:26,584 find_element.py--> get_element 20: INFO ----->定位方式:id--->定位值:910000
2019-06-24 15:18:27,684 find_element.py--> get_element 20: INFO ----->定位方式:id--->定位值:15000000
2019-06-24 15:18:28,818 find_element.py--> get_element 20: INFO ----->定位方式:xpath--->定位值://*[@id="15080000"]
2019-06-24 15:18:28,901 find_element.py--> get_element 20: INFO ----->定位方式:id--->定位值:15080100
2019-06-24 15:18:31,732 find_element.py--> get_element 20: INFO ----->定位方式:xpath--->定位值://*[@id="btn_xinzeng"]
2019-06-24 15:18:33,409 order_info_handle.py--> send_userinfo 20: INFO ----->输入的手机号：18689418106
2019-06-24 15:18:33,412 find_element.py--> get_element 20: INFO ----->定位方式:id--->定位值:phoneNo
2019-06-24 15:18:35,730 find_element.py--> get_element 20: INFO ----->定位方式:id--->定位值:queryMobile
2019-06-24 15:18:37,013 order_info_handle.py--> send_userinfo 20: INFO ----->输入的身份证号：362428199202246312
2019-06-24 15:18:37,020 find_element.py--> get_element 20: INFO ----->定位方式:id--->定位值:idNumber
2019-06-24 15:18:38,624 find_element.py--> get_element 20: INFO ----->定位方式:xpath--->定位值://*[@id="customerBase"]/div/div[1]/div[3]/div/div/button/span[1]
2019-06-24 15:18:38,896 find_element.py--> get_element 20: INFO ----->定位方式:xpath--->定位值://*[@id="customerBase"]/div/div[1]/div[3]/div/div/div/ul/li[2]/a/span[1]
2019-06-24 15:18:40,202 find_element.py--> get_element 20: INFO ----->定位方式:xpath--->定位值://*[@id="vehicleModel"]/div/div[1]/div[1]/div/div/button/span[1]
2019-06-24 15:18:40,446 find_element.py--> get_element 20: INFO ----->定位方式:xpath--->定位值://*[@id="vehicleModel"]/div/div[1]/div[1]/div/div/div/ul/li[3]/a/span[1]
2019-06-24 15:18:40,780 find_element.py--> get_element 20: INFO ----->定位方式:id--->定位值:purchaseAmount
2019-06-24 15:18:40,896 find_element.py--> get_element 20: INFO ----->定位方式:xpath--->定位值://*[@id="vehicleModel"]/div/div[1]/div[3]/div/div/button/span[1]
2019-06-24 15:18:41,251 find_element.py--> get_element 20: INFO ----->定位方式:xpath--->定位值://*[@id="vehicleModel"]/div/div[1]/div[3]/div/div/div/ul/li[121]/a
2019-06-24 15:18:41,522 find_element.py--> get_element 20: INFO ----->定位方式:xpath--->定位值://*[@id="vehicleModel"]/div/div[2]/div[1]/div/div/button/span[1]
2019-06-24 15:18:41,766 find_element.py--> get_element 20: INFO ----->定位方式:xpath--->定位值://*[@id="vehicleModel"]/div/div[2]/div[1]/div/div/div/ul/li[27]/a
2019-06-24 15:18:42,004 find_element.py--> get_element 20: INFO ----->定位方式:xpath--->定位值://*[@id="vehicleModel"]/div/div[2]/div[2]/div/div/button/span[1]
2019-06-24 15:18:42,439 find_element.py--> get_element 20: INFO ----->定位方式:xpath--->定位值://*[@id="vehicleModel"]/div/div[2]/div[2]/div/div/div/ul/li[3]/a/span[1]
2019-06-24 15:18:42,669 find_element.py--> get_element 20: INFO ----->定位方式:xpath--->定位值://*[@id="vehicleModel"]/div/div[1]/div[4]/div/div/button/span[1]
2019-06-24 15:18:42,810 find_element.py--> get_element 20: INFO ----->定位方式:xpath--->定位值://*[@id="vehicleModel"]/div/div[1]/div[4]/div/div/div/ul/li[2]/a
2019-06-24 15:18:42,990 find_element.py--> get_element 20: INFO ----->定位方式:id--->定位值:guidePrice
2019-06-24 15:18:43,048 find_element.py--> get_element 20: INFO ----->定位方式:id--->定位值:guidePrice
2019-06-24 15:18:43,332 find_element.py--> get_element 20: INFO ----->定位方式:id--->定位值:salePrice
2019-06-24 15:18:43,707 order_info_business.py--> car_price 20: INFO ----->定金金额：3500
2019-06-24 15:18:43,710 find_element.py--> get_element 20: INFO ----->定位方式:id--->定位值:preLicenseProvince
2019-06-24 15:18:43,900 find_element.py--> get_element 20: INFO ----->定位方式:xpath--->定位值://*[@id="preLicenseProvince"]/option[20]
2019-06-24 15:18:43,994 find_element.py--> get_element 20: INFO ----->定位方式:id--->定位值:preLicenseCity
2019-06-24 15:18:44,219 find_element.py--> get_element 20: INFO ----->定位方式:xpath--->定位值://*[@id="preLicenseCity"]/option[2]
2019-06-24 15:18:44,355 find_element.py--> get_element 20: INFO ----->定位方式:id--->定位值:preLicenseSotre
2019-06-24 15:18:44,534 find_element.py--> get_element 20: INFO ----->定位方式:xpath--->定位值://*[@id="preLicenseSotre"]/option[2]
2019-06-24 15:18:44,626 find_element.py--> get_element 20: INFO ----->定位方式:id--->定位值:channelTypeGH
2019-06-24 15:18:44,859 find_element.py--> get_element 20: INFO ----->定位方式:id--->定位值:realNameSystemYNull
2019-06-24 15:18:45,013 find_element.py--> get_element 20: INFO ----->定位方式:id--->定位值:shopInsuranceYNull
2019-06-24 15:18:45,150 find_element.py--> get_element 20: INFO ----->定位方式:id--->定位值:firstYearVehicleAndVesselTax
2019-06-24 15:18:45,269 find_element.py--> get_element 20: INFO ----->定位方式:id--->定位值:firstYearSali
2019-06-24 15:18:45,400 find_element.py--> get_element 20: INFO ----->定位方式:id--->定位值:firstCommercialTheft
2019-06-24 15:18:45,531 find_element.py--> get_element 20: INFO ----->定位方式:id--->定位值:advancePremiumAmt
2019-06-24 15:18:45,677 find_element.py--> get_element 20: INFO ----->定位方式:id--->定位值:termCount
2019-06-24 15:18:45,851 find_element.py--> get_element 20: INFO ----->定位方式:id--->定位值:monthlyRent
2019-06-24 15:18:46,081 find_element.py--> get_element 20: INFO ----->定位方式:id--->定位值:cusInterestRates
2019-06-24 15:18:46,260 find_element.py--> get_element 20: INFO ----->定位方式:id--->定位值:purchaseTax
2019-06-24 15:18:46,460 find_element.py--> get_element 20: INFO ----->定位方式:id--->定位值:gpsFee
2019-06-24 15:18:46,633 find_element.py--> get_element 20: INFO ----->定位方式:id--->定位值:accountMaintenanceFee
2019-06-24 15:18:46,841 find_element.py--> get_element 20: INFO ----->定位方式:id--->定位值:yxDownPaymentAmt
2019-06-24 15:18:47,071 find_element.py--> get_element 20: INFO ----->定位方式:id--->定位值:yxRiskFinancingAmt
2019-06-24 15:18:47,284 find_element.py--> get_element 20: INFO ----->定位方式:id--->定位值:yxRiskControlFinancingAmt
2019-06-24 15:18:47,486 find_element.py--> get_element 20: INFO ----->定位方式:id--->定位值:hsServiceFee
2019-06-24 15:18:47,680 find_element.py--> get_element 20: INFO ----->定位方式:id--->定位值:licenseFee
2019-06-24 15:18:47,885 find_element.py--> get_element 20: INFO ----->定位方式:id--->定位值:mortgageFee
2019-06-24 15:18:48,093 find_element.py--> get_element 20: INFO ----->定位方式:id--->定位值:totalDownPaymentOtherAmt
2019-06-24 15:18:48,237 find_element.py--> get_element 20: INFO ----->定位方式:id--->定位值:remarkId
2019-06-24 15:18:48,820 find_element.py--> get_element 20: INFO ----->定位方式:xpath--->定位值://*[@id="fanancingInfoHs"]/div/div[2]/div[1]/div/div/button/span[1]
2019-06-24 15:18:48,951 find_element.py--> get_element 20: INFO ----->定位方式:xpath--->定位值://*[@id="fanancingInfoHs"]/div/div[2]/div[1]/div/div/div/ul/li[2]/a/span[1]
2019-06-24 15:18:49,154 find_element.py--> get_element 20: INFO ----->定位方式:id--->定位值:yxOrderNo
2019-06-24 15:18:49,767 find_element.py--> get_element 20: INFO ----->定位方式:xpath--->定位值://*[@id="yxAuditFile"]/div/table/tbody/tr[1]/td[3]/input
2019-06-24 15:18:50,927 find_element.py--> get_element 20: INFO ----->定位方式:xpath--->定位值://*[@id="yx-upload-check"]
2019-06-24 15:18:53,582 find_element.py--> get_element 20: INFO ----->定位方式:xpath--->定位值://*[@id="yx-upload-sub"]
2019-06-24 15:18:53,824 find_element.py--> get_element 20: INFO ----->定位方式:xpath--->定位值://*[@id="cusUpdateModal"]/div/div/div[3]/button
2019-06-24 15:18:54,976 find_element.py--> get_element 20: INFO ----->定位方式:xpath--->定位值://*[@id="yxAuditFile"]/div/table/tbody/tr[2]/td[3]/input
2019-06-24 15:18:56,127 find_element.py--> get_element 20: INFO ----->定位方式:xpath--->定位值://*[@id="yx-upload-check"]
2019-06-24 15:18:59,598 find_element.py--> get_element 20: INFO ----->定位方式:xpath--->定位值://*[@id="yx-upload-check"]
2019-06-24 15:19:01,985 find_element.py--> get_element 20: INFO ----->定位方式:xpath--->定位值://*[@id="yx-upload-sub"]
2019-06-24 15:19:02,179 find_element.py--> get_element 20: INFO ----->定位方式:xpath--->定位值://*[@id="cusUpdateModal"]/div/div/div[3]/button
2019-06-24 15:19:03,318 find_element.py--> get_element 20: INFO ----->定位方式:id--->定位值:basicTempSave
2019-06-24 15:19:05,348 find_element.py--> get_element 20: INFO ----->定位方式:id--->定位值:basicModalBtnNegative
2019-06-24 15:19:06,487 find_element.py--> get_element 20: INFO ----->定位方式:id--->定位值:basicSubmit
2019-06-24 15:19:08,709 find_element.py--> get_element 20: INFO ----->定位方式:id--->定位值:basicModalBtnNegative
2019-06-24 15:19:10,058 find_element.py--> get_element 20: INFO ----->定位方式:name--->定位值:customerPhoneNo
2019-06-24 15:19:10,675 find_element.py--> get_element 20: INFO ----->定位方式:id--->定位值:btnSearch
2019-06-24 15:19:11,890 find_element.py--> get_element 20: INFO ----->定位方式:xpath--->定位值://*[@id="orders"]/tbody/tr[1]/td[1]
2019-06-24 15:19:12,021 find_element.py--> get_element 20: INFO ----->定位方式:id--->定位值:btn_shenhedingdan
2019-06-24 15:19:17,035 find_element.py--> get_element 20: INFO ----->定位方式:id--->定位值:basicSubmit
2019-06-24 15:19:18,231 find_element.py--> get_element 20: INFO ----->定位方式:id--->定位值:basicModalBtnNegative
2019-06-24 15:19:19,492 find_element.py--> get_element 20: INFO ----->定位方式:name--->定位值:customerPhoneNo
2019-06-24 15:19:19,808 find_element.py--> get_element 20: INFO ----->定位方式:id--->定位值:btnSearch
2019-06-24 15:19:21,157 find_element.py--> get_element 20: INFO ----->定位方式:xpath--->定位值://*[@id="orders"]/tbody/tr[1]/td[1]
2019-06-24 15:19:21,897 find_element.py--> get_element 20: INFO ----->定位方式:id--->定位值:btn_xiaoshoujiesuan
2019-06-24 15:19:23,249 find_element.py--> get_element 20: INFO ----->定位方式:xpath--->定位值://*[@id="amtDetail"]/div/div[3]/div/button[1]
2019-06-24 15:19:24,440 find_element.py--> get_element 20: INFO ----->定位方式:xpath--->定位值://*[@id="receiptModel"]/div/div/div[2]/button
2019-06-24 15:19:25,584 find_element.py--> get_element 20: INFO ----->定位方式:id--->定位值:deliveryClose
2019-06-24 15:19:26,920 find_element.py--> get_element 20: INFO ----->定位方式:name--->定位值:customerPhoneNo
2019-06-24 15:19:27,137 find_element.py--> get_element 20: INFO ----->定位方式:id--->定位值:btnSearch
2019-06-24 15:19:28,505 find_element.py--> get_element 20: INFO ----->定位方式:xpath--->定位值://*[@id="orders"]/tbody/tr[1]/td[1]
2019-06-24 15:19:28,626 find_element.py--> get_element 20: INFO ----->定位方式:id--->定位值:btn_shengchenghetong
2019-06-24 15:19:29,902 find_element.py--> get_element 20: INFO ----->定位方式:id--->定位值:hsSignBody
2019-06-24 15:19:30,095 find_element.py--> get_element 20: INFO ----->定位方式:xpath--->定位值://*[@id="hsSignBody"]/option[2]
2019-06-24 15:19:30,162 find_element.py--> get_element 20: INFO ----->定位方式:id--->定位值:makeContract
2019-06-24 15:19:30,284 find_element.py--> get_element 20: INFO ----->定位方式:id--->定位值:deliveryClose
2019-06-24 15:19:31,525 find_element.py--> get_element 20: INFO ----->定位方式:name--->定位值:customerPhoneNo
2019-06-24 15:19:31,784 find_element.py--> get_element 20: INFO ----->定位方式:id--->定位值:btnSearch
2019-06-24 15:19:33,191 find_element.py--> get_element 20: INFO ----->定位方式:xpath--->定位值://*[@id="orders"]/tbody/tr[1]/td[1]
2019-06-24 15:19:33,294 find_element.py--> get_element 20: INFO ----->定位方式:id--->定位值:btn_shangchuanhetong
2019-06-24 15:19:34,708 find_element.py--> get_element 20: INFO ----->定位方式:xpath--->定位值://*[@id="file"]/div/table/tbody/tr[1]/td[3]/input
2019-06-24 15:19:35,881 find_element.py--> get_element 20: INFO ----->定位方式:id--->定位值:yx-upload-check
2019-06-24 15:19:39,413 find_element.py--> get_element 20: INFO ----->定位方式:id--->定位值:yx-upload-sub
2019-06-24 15:19:39,528 find_element.py--> get_element 20: INFO ----->定位方式:xpath--->定位值://*[@id="cusUpdateModal"]/div/div/div[3]/button
2019-06-24 15:19:40,656 find_element.py--> get_element 20: INFO ----->定位方式:xpath--->定位值://*[@id="file"]/div/table/tbody/tr[2]/td[3]/input
2019-06-24 15:19:41,777 find_element.py--> get_element 20: INFO ----->定位方式:id--->定位值:yx-upload-check
2019-06-24 15:19:45,340 find_element.py--> get_element 20: INFO ----->定位方式:id--->定位值:yx-upload-sub
2019-06-24 15:19:45,442 find_element.py--> get_element 20: INFO ----->定位方式:xpath--->定位值://*[@id="cusUpdateModal"]/div/div/div[3]/button
2019-06-24 15:19:46,672 find_element.py--> get_element 20: INFO ----->定位方式:id--->定位值:yxHsContractApply
2019-06-24 17:03:42,669 login_handle.py--> send_username 20: INFO ----->输入用户名是：zhaoyunhe1
2019-06-24 17:03:42,672 find_element.py--> get_element 20: INFO ----->定位方式:id--->定位值:loginId
2019-06-24 17:03:42,771 login_handle.py--> send_password 20: INFO ----->输入密码是：123qwe
2019-06-24 17:03:42,773 find_element.py--> get_element 20: INFO ----->定位方式:id--->定位值:password
2019-06-24 17:03:42,837 find_element.py--> get_element 20: INFO ----->定位方式:className--->定位值:login-submit
2019-06-24 17:03:44,406 find_element.py--> get_element 20: INFO ----->定位方式:id--->定位值:910000
2019-06-24 17:03:45,480 find_element.py--> get_element 20: INFO ----->定位方式:id--->定位值:15000000
2019-06-24 17:03:46,565 find_element.py--> get_element 20: INFO ----->定位方式:xpath--->定位值://*[@id="15080000"]
2019-06-24 17:03:46,635 find_element.py--> get_element 20: INFO ----->定位方式:id--->定位值:15080100
2019-06-24 17:03:48,956 find_element.py--> get_element 20: INFO ----->定位方式:xpath--->定位值://*[@id="btn_xinzeng"]
2019-06-24 17:03:51,053 order_info_handle.py--> send_userinfo 20: INFO ----->输入的手机号：18642878389
2019-06-24 17:03:51,055 find_element.py--> get_element 20: INFO ----->定位方式:id--->定位值:phoneNo
2019-06-24 17:03:52,590 find_element.py--> get_element 20: INFO ----->定位方式:id--->定位值:queryMobile
2019-06-24 17:03:53,735 order_info_handle.py--> send_userinfo 20: INFO ----->输入的身份证号：362426196008159701
2019-06-24 17:03:53,736 find_element.py--> get_element 20: INFO ----->定位方式:id--->定位值:idNumber
2019-06-24 17:03:54,654 find_element.py--> get_element 20: INFO ----->定位方式:xpath--->定位值://*[@id="customerBase"]/div/div[1]/div[3]/div/div/button/span[1]
2019-06-24 17:03:54,822 find_element.py--> get_element 20: INFO ----->定位方式:xpath--->定位值://*[@id="customerBase"]/div/div[1]/div[3]/div/div/div/ul/li[2]/a/span[1]
2019-06-24 17:03:56,033 find_element.py--> get_element 20: INFO ----->定位方式:xpath--->定位值://*[@id="vehicleModel"]/div/div[1]/div[1]/div/div/button/span[1]
2019-06-24 17:03:56,146 find_element.py--> get_element 20: INFO ----->定位方式:xpath--->定位值://*[@id="vehicleModel"]/div/div[1]/div[1]/div/div/div/ul/li[3]/a/span[1]
2019-06-24 17:03:56,309 find_element.py--> get_element 20: INFO ----->定位方式:id--->定位值:purchaseAmount
2019-06-24 17:03:56,389 find_element.py--> get_element 20: INFO ----->定位方式:xpath--->定位值://*[@id="vehicleModel"]/div/div[1]/div[3]/div/div/button/span[1]
2019-06-24 17:03:56,619 find_element.py--> get_element 20: INFO ----->定位方式:xpath--->定位值://*[@id="vehicleModel"]/div/div[1]/div[3]/div/div/div/ul/li[121]/a
2019-06-24 17:03:56,769 find_element.py--> get_element 20: INFO ----->定位方式:xpath--->定位值://*[@id="vehicleModel"]/div/div[2]/div[1]/div/div/button/span[1]
2019-06-24 17:03:56,959 find_element.py--> get_element 20: INFO ----->定位方式:xpath--->定位值://*[@id="vehicleModel"]/div/div[2]/div[1]/div/div/div/ul/li[27]/a
2019-06-24 17:03:57,110 find_element.py--> get_element 20: INFO ----->定位方式:xpath--->定位值://*[@id="vehicleModel"]/div/div[2]/div[2]/div/div/button/span[1]
2019-06-24 17:03:57,335 find_element.py--> get_element 20: INFO ----->定位方式:xpath--->定位值://*[@id="vehicleModel"]/div/div[2]/div[2]/div/div/div/ul/li[2]/a/span[1]
2019-06-24 17:03:57,477 find_element.py--> get_element 20: INFO ----->定位方式:xpath--->定位值://*[@id="vehicleModel"]/div/div[1]/div[4]/div/div/button/span[1]
2019-06-24 17:03:57,591 find_element.py--> get_element 20: INFO ----->定位方式:xpath--->定位值://*[@id="vehicleModel"]/div/div[1]/div[4]/div/div/div/ul/li[2]/a
2019-06-24 17:03:57,752 find_element.py--> get_element 20: INFO ----->定位方式:id--->定位值:guidePrice
2019-06-24 17:03:57,805 find_element.py--> get_element 20: INFO ----->定位方式:id--->定位值:guidePrice
2019-06-24 17:03:58,037 find_element.py--> get_element 20: INFO ----->定位方式:id--->定位值:salePrice
2019-06-24 17:03:58,355 order_info_business.py--> car_price 20: INFO ----->定金金额：3500
2019-06-24 17:03:58,357 find_element.py--> get_element 20: INFO ----->定位方式:id--->定位值:preLicenseProvince
2019-06-24 17:03:58,512 find_element.py--> get_element 20: INFO ----->定位方式:xpath--->定位值://*[@id="preLicenseProvince"]/option[20]
2019-06-24 17:03:58,594 find_element.py--> get_element 20: INFO ----->定位方式:id--->定位值:preLicenseCity
2019-06-24 17:03:58,762 find_element.py--> get_element 20: INFO ----->定位方式:xpath--->定位值://*[@id="preLicenseCity"]/option[2]
2019-06-24 17:03:58,837 find_element.py--> get_element 20: INFO ----->定位方式:id--->定位值:preLicenseSotre
2019-06-24 17:03:58,994 find_element.py--> get_element 20: INFO ----->定位方式:xpath--->定位值://*[@id="preLicenseSotre"]/option[2]
2019-06-24 17:03:59,067 find_element.py--> get_element 20: INFO ----->定位方式:id--->定位值:channelTypeGH
2019-06-24 17:03:59,239 find_element.py--> get_element 20: INFO ----->定位方式:id--->定位值:realNameSystemYNull
2019-06-24 17:03:59,378 find_element.py--> get_element 20: INFO ----->定位方式:id--->定位值:shopInsuranceYNull
2019-06-24 17:03:59,502 find_element.py--> get_element 20: INFO ----->定位方式:id--->定位值:firstYearVehicleAndVesselTax
2019-06-24 17:03:59,606 find_element.py--> get_element 20: INFO ----->定位方式:id--->定位值:firstYearSali
2019-06-24 17:03:59,717 find_element.py--> get_element 20: INFO ----->定位方式:id--->定位值:firstCommercialTheft
2019-06-24 17:03:59,825 find_element.py--> get_element 20: INFO ----->定位方式:id--->定位值:advancePremiumAmt
2019-06-24 17:03:59,955 find_element.py--> get_element 20: INFO ----->定位方式:id--->定位值:termCount
2019-06-24 17:04:00,104 find_element.py--> get_element 20: INFO ----->定位方式:id--->定位值:monthlyRent
2019-06-24 17:04:00,293 find_element.py--> get_element 20: INFO ----->定位方式:id--->定位值:cusInterestRates
2019-06-24 17:04:00,385 find_element.py--> get_element 20: INFO ----->定位方式:id--->定位值:purchaseTax
2019-06-24 17:04:00,553 find_element.py--> get_element 20: INFO ----->定位方式:id--->定位值:gpsFee
2019-06-24 17:04:00,703 find_element.py--> get_element 20: INFO ----->定位方式:id--->定位值:accountMaintenanceFee
2019-06-24 17:04:00,852 find_element.py--> get_element 20: INFO ----->定位方式:id--->定位值:yxDownPaymentAmt
2019-06-24 17:04:01,038 find_element.py--> get_element 20: INFO ----->定位方式:id--->定位值:yxRiskFinancingAmt
2019-06-24 17:04:01,192 find_element.py--> get_element 20: INFO ----->定位方式:id--->定位值:yxRiskControlFinancingAmt
2019-06-24 17:04:01,353 find_element.py--> get_element 20: INFO ----->定位方式:id--->定位值:hsServiceFee
2019-06-24 17:04:01,547 find_element.py--> get_element 20: INFO ----->定位方式:id--->定位值:licenseFee
2019-06-24 17:04:01,709 find_element.py--> get_element 20: INFO ----->定位方式:id--->定位值:mortgageFee
2019-06-24 17:04:01,870 find_element.py--> get_element 20: INFO ----->定位方式:id--->定位值:totalDownPaymentOtherAmt
2019-06-24 17:04:01,993 find_element.py--> get_element 20: INFO ----->定位方式:id--->定位值:remarkId
2019-06-24 17:04:02,470 find_element.py--> get_element 20: INFO ----->定位方式:xpath--->定位值://*[@id="fanancingInfoHs"]/div/div[2]/div[1]/div/div/button/span[1]
2019-06-24 17:04:02,591 find_element.py--> get_element 20: INFO ----->定位方式:xpath--->定位值://*[@id="fanancingInfoHs"]/div/div[2]/div[1]/div/div/div/ul/li[2]/a/span[1]
2019-06-24 17:04:02,743 find_element.py--> get_element 20: INFO ----->定位方式:id--->定位值:yxOrderNo
2019-06-24 17:04:03,223 find_element.py--> get_element 20: INFO ----->定位方式:xpath--->定位值://*[@id="yxAuditFile"]/div/table/tbody/tr[1]/td[3]/input
2019-06-24 17:04:04,351 find_element.py--> get_element 20: INFO ----->定位方式:xpath--->定位值://*[@id="yx-upload-check"]
2019-06-24 17:04:07,013 find_element.py--> get_element 20: INFO ----->定位方式:xpath--->定位值://*[@id="yx-upload-sub"]
2019-06-24 17:04:07,249 find_element.py--> get_element 20: INFO ----->定位方式:xpath--->定位值://*[@id="cusUpdateModal"]/div/div/div[3]/button
2019-06-24 17:04:08,373 find_element.py--> get_element 20: INFO ----->定位方式:xpath--->定位值://*[@id="yxAuditFile"]/div/table/tbody/tr[2]/td[3]/input
2019-06-24 17:04:09,494 find_element.py--> get_element 20: INFO ----->定位方式:xpath--->定位值://*[@id="yx-upload-check"]
2019-06-24 17:04:12,933 find_element.py--> get_element 20: INFO ----->定位方式:xpath--->定位值://*[@id="yx-upload-check"]
2019-06-24 17:04:15,273 find_element.py--> get_element 20: INFO ----->定位方式:xpath--->定位值://*[@id="yx-upload-sub"]
2019-06-24 17:04:15,469 find_element.py--> get_element 20: INFO ----->定位方式:xpath--->定位值://*[@id="cusUpdateModal"]/div/div/div[3]/button
2019-06-24 17:04:16,594 find_element.py--> get_element 20: INFO ----->定位方式:id--->定位值:basicTempSave
2019-06-24 17:04:18,228 find_element.py--> get_element 20: INFO ----->定位方式:id--->定位值:basicModalBtnNegative
2019-06-24 17:04:19,335 find_element.py--> get_element 20: INFO ----->定位方式:id--->定位值:basicSubmit
2019-06-24 17:04:21,220 find_element.py--> get_element 20: INFO ----->定位方式:id--->定位值:basicModalBtnNegative
2019-06-24 17:04:22,478 find_element.py--> get_element 20: INFO ----->定位方式:name--->定位值:customerPhoneNo
2019-06-24 17:04:22,706 find_element.py--> get_element 20: INFO ----->定位方式:id--->定位值:btnSearch
2019-06-24 17:04:24,056 find_element.py--> get_element 20: INFO ----->定位方式:xpath--->定位值://*[@id="orders"]/tbody/tr[1]/td[1]
2019-06-24 17:04:24,154 find_element.py--> get_element 20: INFO ----->定位方式:id--->定位值:btn_shenhedingdan
2019-06-24 17:04:28,694 find_element.py--> get_element 20: INFO ----->定位方式:id--->定位值:basicSubmit
2019-06-24 17:04:29,916 find_element.py--> get_element 20: INFO ----->定位方式:id--->定位值:basicModalBtnNegative
2019-06-24 17:04:30,964 find_element.py--> get_element 20: INFO ----->定位方式:name--->定位值:customerPhoneNo
2019-06-24 17:04:31,145 find_element.py--> get_element 20: INFO ----->定位方式:id--->定位值:btnSearch
2019-06-24 17:04:32,254 find_element.py--> get_element 20: INFO ----->定位方式:xpath--->定位值://*[@id="orders"]/tbody/tr[1]/td[1]
2019-06-24 17:04:32,951 find_element.py--> get_element 20: INFO ----->定位方式:id--->定位值:btn_xiaoshoujiesuan
2019-06-24 17:04:34,312 find_element.py--> get_element 20: INFO ----->定位方式:xpath--->定位值://*[@id="amtDetail"]/div/div[3]/div/button[1]
2019-06-24 17:04:35,522 find_element.py--> get_element 20: INFO ----->定位方式:xpath--->定位值://*[@id="receiptModel"]/div/div/div[2]/button
2019-06-24 17:04:36,619 find_element.py--> get_element 20: INFO ----->定位方式:id--->定位值:deliveryClose
2019-06-24 17:04:38,085 find_element.py--> get_element 20: INFO ----->定位方式:name--->定位值:customerPhoneNo
2019-06-24 17:04:38,347 find_element.py--> get_element 20: INFO ----->定位方式:id--->定位值:btnSearch
2019-06-24 17:04:39,671 find_element.py--> get_element 20: INFO ----->定位方式:xpath--->定位值://*[@id="orders"]/tbody/tr[1]/td[1]
2019-06-24 17:04:39,780 find_element.py--> get_element 20: INFO ----->定位方式:id--->定位值:btn_shengchenghetong
2019-06-24 17:04:41,655 find_element.py--> get_element 20: INFO ----->定位方式:id--->定位值:hsSignBody
2019-06-24 17:04:41,818 find_element.py--> get_element 20: INFO ----->定位方式:xpath--->定位值://*[@id="hsSignBody"]/option[2]
2019-06-24 17:04:41,879 find_element.py--> get_element 20: INFO ----->定位方式:id--->定位值:makeContract
2019-06-24 17:04:41,985 find_element.py--> get_element 20: INFO ----->定位方式:id--->定位值:deliveryClose
2019-06-24 17:04:43,053 find_element.py--> get_element 20: INFO ----->定位方式:name--->定位值:customerPhoneNo
2019-06-24 17:04:43,257 find_element.py--> get_element 20: INFO ----->定位方式:id--->定位值:btnSearch
2019-06-24 17:04:44,542 find_element.py--> get_element 20: INFO ----->定位方式:xpath--->定位值://*[@id="orders"]/tbody/tr[1]/td[1]
2019-06-24 17:04:44,629 find_element.py--> get_element 20: INFO ----->定位方式:id--->定位值:btn_shangchuanhetong
2019-06-24 17:04:46,158 find_element.py--> get_element 20: INFO ----->定位方式:xpath--->定位值://*[@id="file"]/div/table/tbody/tr[1]/td[3]/input
2019-06-24 17:04:47,296 find_element.py--> get_element 20: INFO ----->定位方式:id--->定位值:yx-upload-check
2019-06-24 17:04:50,646 find_element.py--> get_element 20: INFO ----->定位方式:id--->定位值:yx-upload-sub
2019-06-24 17:04:50,839 find_element.py--> get_element 20: INFO ----->定位方式:xpath--->定位值://*[@id="cusUpdateModal"]/div/div/div[3]/button
2019-06-24 17:04:51,941 find_element.py--> get_element 20: INFO ----->定位方式:xpath--->定位值://*[@id="file"]/div/table/tbody/tr[2]/td[3]/input
2019-06-24 17:04:53,037 find_element.py--> get_element 20: INFO ----->定位方式:id--->定位值:yx-upload-check
2019-06-24 17:04:56,348 find_element.py--> get_element 20: INFO ----->定位方式:id--->定位值:yx-upload-sub
2019-06-24 17:04:56,434 find_element.py--> get_element 20: INFO ----->定位方式:xpath--->定位值://*[@id="cusUpdateModal"]/div/div/div[3]/button
2019-06-24 17:04:57,525 find_element.py--> get_element 20: INFO ----->定位方式:id--->定位值:yxHsContractApply
2019-06-24 17:06:22,805 login_handle.py--> send_username 20: INFO ----->输入用户名是：zhaoyunhe1
2019-06-24 17:06:22,807 find_element.py--> get_element 20: INFO ----->定位方式:id--->定位值:loginId
2019-06-24 17:06:22,897 login_handle.py--> send_password 20: INFO ----->输入密码是：123qwe
2019-06-24 17:06:22,899 find_element.py--> get_element 20: INFO ----->定位方式:id--->定位值:password
2019-06-24 17:06:22,958 find_element.py--> get_element 20: INFO ----->定位方式:className--->定位值:login-submit
2019-06-24 17:06:24,571 find_element.py--> get_element 20: INFO ----->定位方式:id--->定位值:910000
2019-06-24 17:06:25,657 find_element.py--> get_element 20: INFO ----->定位方式:id--->定位值:15000000
2019-06-24 17:06:26,747 find_element.py--> get_element 20: INFO ----->定位方式:xpath--->定位值://*[@id="15080000"]
2019-06-24 17:06:26,810 find_element.py--> get_element 20: INFO ----->定位方式:id--->定位值:15080100
2019-06-24 17:06:29,114 find_element.py--> get_element 20: INFO ----->定位方式:xpath--->定位值://*[@id="btn_xinzeng"]
2019-06-24 17:06:30,711 order_info_handle.py--> send_userinfo 20: INFO ----->输入的手机号：18624112732
2019-06-24 17:06:30,714 find_element.py--> get_element 20: INFO ----->定位方式:id--->定位值:phoneNo
2019-06-24 17:06:32,012 find_element.py--> get_element 20: INFO ----->定位方式:id--->定位值:queryMobile
2019-06-24 17:06:33,155 order_info_handle.py--> send_userinfo 20: INFO ----->输入的身份证号：362432196410243541
2019-06-24 17:06:33,156 find_element.py--> get_element 20: INFO ----->定位方式:id--->定位值:idNumber
2019-06-24 17:06:33,838 find_element.py--> get_element 20: INFO ----->定位方式:xpath--->定位值://*[@id="customerBase"]/div/div[1]/div[3]/div/div/button/span[1]
2019-06-24 17:06:33,967 find_element.py--> get_element 20: INFO ----->定位方式:xpath--->定位值://*[@id="customerBase"]/div/div[1]/div[3]/div/div/div/ul/li[2]/a/span[1]
2019-06-24 17:06:35,136 find_element.py--> get_element 20: INFO ----->定位方式:xpath--->定位值://*[@id="vehicleModel"]/div/div[1]/div[1]/div/div/button/span[1]
2019-06-24 17:06:35,248 find_element.py--> get_element 20: INFO ----->定位方式:xpath--->定位值://*[@id="vehicleModel"]/div/div[1]/div[1]/div/div/div/ul/li[3]/a/span[1]
2019-06-24 17:06:35,409 find_element.py--> get_element 20: INFO ----->定位方式:id--->定位值:purchaseAmount
2019-06-24 17:06:35,483 find_element.py--> get_element 20: INFO ----->定位方式:xpath--->定位值://*[@id="vehicleModel"]/div/div[1]/div[3]/div/div/button/span[1]
2019-06-24 17:06:35,735 find_element.py--> get_element 20: INFO ----->定位方式:xpath--->定位值://*[@id="vehicleModel"]/div/div[1]/div[3]/div/div/div/ul/li[121]/a
2019-06-24 17:06:35,948 find_element.py--> get_element 20: INFO ----->定位方式:xpath--->定位值://*[@id="vehicleModel"]/div/div[2]/div[1]/div/div/button/span[1]
2019-06-24 17:06:36,158 find_element.py--> get_element 20: INFO ----->定位方式:xpath--->定位值://*[@id="vehicleModel"]/div/div[2]/div[1]/div/div/div/ul/li[27]/a
2019-06-24 17:06:36,297 find_element.py--> get_element 20: INFO ----->定位方式:xpath--->定位值://*[@id="vehicleModel"]/div/div[2]/div[2]/div/div/button/span[1]
2019-06-24 17:06:36,518 find_element.py--> get_element 20: INFO ----->定位方式:xpath--->定位值://*[@id="vehicleModel"]/div/div[2]/div[2]/div/div/div/ul/li[2]/a/span[1]
2019-06-24 17:06:36,652 find_element.py--> get_element 20: INFO ----->定位方式:xpath--->定位值://*[@id="vehicleModel"]/div/div[1]/div[4]/div/div/button/span[1]
2019-06-24 17:06:36,795 find_element.py--> get_element 20: INFO ----->定位方式:xpath--->定位值://*[@id="vehicleModel"]/div/div[1]/div[4]/div/div/div/ul/li[2]/a
2019-06-24 17:06:36,915 find_element.py--> get_element 20: INFO ----->定位方式:id--->定位值:guidePrice
2019-06-24 17:06:36,964 find_element.py--> get_element 20: INFO ----->定位方式:id--->定位值:guidePrice
2019-06-24 17:06:37,190 find_element.py--> get_element 20: INFO ----->定位方式:id--->定位值:salePrice
2019-06-24 17:06:37,469 order_info_business.py--> car_price 20: INFO ----->定金金额：3500
2019-06-24 17:06:37,471 find_element.py--> get_element 20: INFO ----->定位方式:id--->定位值:preLicenseProvince
2019-06-24 17:06:37,658 find_element.py--> get_element 20: INFO ----->定位方式:xpath--->定位值://*[@id="preLicenseProvince"]/option[20]
2019-06-24 17:06:37,760 find_element.py--> get_element 20: INFO ----->定位方式:id--->定位值:preLicenseCity
2019-06-24 17:06:37,901 find_element.py--> get_element 20: INFO ----->定位方式:xpath--->定位值://*[@id="preLicenseCity"]/option[2]
2019-06-24 17:06:37,993 find_element.py--> get_element 20: INFO ----->定位方式:id--->定位值:preLicenseSotre
2019-06-24 17:06:38,189 find_element.py--> get_element 20: INFO ----->定位方式:xpath--->定位值://*[@id="preLicenseSotre"]/option[2]
2019-06-24 17:06:38,280 find_element.py--> get_element 20: INFO ----->定位方式:id--->定位值:channelTypeGH
2019-06-24 17:06:38,513 find_element.py--> get_element 20: INFO ----->定位方式:id--->定位值:realNameSystemYNull
2019-06-24 17:06:38,670 find_element.py--> get_element 20: INFO ----->定位方式:id--->定位值:shopInsuranceYNull
2019-06-24 17:06:38,805 find_element.py--> get_element 20: INFO ----->定位方式:id--->定位值:firstYearVehicleAndVesselTax
2019-06-24 17:06:38,960 find_element.py--> get_element 20: INFO ----->定位方式:id--->定位值:firstYearSali
2019-06-24 17:06:39,085 find_element.py--> get_element 20: INFO ----->定位方式:id--->定位值:firstCommercialTheft
2019-06-24 17:06:39,240 find_element.py--> get_element 20: INFO ----->定位方式:id--->定位值:advancePremiumAmt
2019-06-24 17:06:39,398 find_element.py--> get_element 20: INFO ----->定位方式:id--->定位值:termCount
2019-06-24 17:06:39,534 find_element.py--> get_element 20: INFO ----->定位方式:id--->定位值:monthlyRent
2019-06-24 17:06:39,738 find_element.py--> get_element 20: INFO ----->定位方式:id--->定位值:cusInterestRates
2019-06-24 17:06:39,847 find_element.py--> get_element 20: INFO ----->定位方式:id--->定位值:purchaseTax
2019-06-24 17:06:40,019 find_element.py--> get_element 20: INFO ----->定位方式:id--->定位值:gpsFee
2019-06-24 17:06:40,170 find_element.py--> get_element 20: INFO ----->定位方式:id--->定位值:accountMaintenanceFee
2019-06-24 17:06:40,322 find_element.py--> get_element 20: INFO ----->定位方式:id--->定位值:yxDownPaymentAmt
2019-06-24 17:06:40,525 find_element.py--> get_element 20: INFO ----->定位方式:id--->定位值:yxRiskFinancingAmt
2019-06-24 17:06:40,694 find_element.py--> get_element 20: INFO ----->定位方式:id--->定位值:yxRiskControlFinancingAmt
2019-06-24 17:06:40,867 find_element.py--> get_element 20: INFO ----->定位方式:id--->定位值:hsServiceFee
2019-06-24 17:06:41,030 find_element.py--> get_element 20: INFO ----->定位方式:id--->定位值:licenseFee
2019-06-24 17:06:41,239 find_element.py--> get_element 20: INFO ----->定位方式:id--->定位值:mortgageFee
2019-06-24 17:06:41,401 find_element.py--> get_element 20: INFO ----->定位方式:id--->定位值:totalDownPaymentOtherAmt
2019-06-24 17:06:41,549 find_element.py--> get_element 20: INFO ----->定位方式:id--->定位值:remarkId
2019-06-24 17:06:42,088 find_element.py--> get_element 20: INFO ----->定位方式:xpath--->定位值://*[@id="fanancingInfoHs"]/div/div[2]/div[1]/div/div/button/span[1]
2019-06-24 17:06:42,206 find_element.py--> get_element 20: INFO ----->定位方式:xpath--->定位值://*[@id="fanancingInfoHs"]/div/div[2]/div[1]/div/div/div/ul/li[2]/a/span[1]
2019-06-24 17:06:42,353 find_element.py--> get_element 20: INFO ----->定位方式:id--->定位值:yxOrderNo
2019-06-24 17:06:42,827 find_element.py--> get_element 20: INFO ----->定位方式:xpath--->定位值://*[@id="yxAuditFile"]/div/table/tbody/tr[1]/td[3]/input
2019-06-24 17:06:43,974 find_element.py--> get_element 20: INFO ----->定位方式:xpath--->定位值://*[@id="yx-upload-check"]
2019-06-24 17:06:46,417 find_element.py--> get_element 20: INFO ----->定位方式:xpath--->定位值://*[@id="yx-upload-sub"]
2019-06-24 17:06:46,639 find_element.py--> get_element 20: INFO ----->定位方式:xpath--->定位值://*[@id="cusUpdateModal"]/div/div/div[3]/button
2019-06-24 17:06:47,772 find_element.py--> get_element 20: INFO ----->定位方式:xpath--->定位值://*[@id="yxAuditFile"]/div/table/tbody/tr[2]/td[3]/input
2019-06-24 17:06:48,908 find_element.py--> get_element 20: INFO ----->定位方式:xpath--->定位值://*[@id="yx-upload-check"]
2019-06-24 17:06:52,285 find_element.py--> get_element 20: INFO ----->定位方式:xpath--->定位值://*[@id="yx-upload-check"]
2019-06-24 17:06:54,684 find_element.py--> get_element 20: INFO ----->定位方式:xpath--->定位值://*[@id="yx-upload-sub"]
2019-06-24 17:06:54,847 find_element.py--> get_element 20: INFO ----->定位方式:xpath--->定位值://*[@id="cusUpdateModal"]/div/div/div[3]/button
2019-06-24 17:23:09,687 login_handle.py--> send_username 20: INFO ----->输入用户名是：ccadmin
2019-06-24 17:23:09,690 find_element.py--> get_element 20: INFO ----->定位方式:id--->定位值:loginId
2019-06-24 17:23:09,781 login_handle.py--> send_password 20: INFO ----->输入密码是：123qwe
2019-06-24 17:23:09,784 find_element.py--> get_element 20: INFO ----->定位方式:id--->定位值:password
2019-06-24 17:23:09,872 find_element.py--> get_element 20: INFO ----->定位方式:className--->定位值:login-submit
2019-06-24 17:23:59,718 login_handle.py--> send_username 20: INFO ----->输入用户名是：ccadmin
2019-06-24 17:23:59,720 find_element.py--> get_element 20: INFO ----->定位方式:id--->定位值:loginId
2019-06-24 17:23:59,802 login_handle.py--> send_password 20: INFO ----->输入密码是：123qwe
2019-06-24 17:23:59,804 find_element.py--> get_element 20: INFO ----->定位方式:id--->定位值:password
2019-06-24 17:23:59,874 find_element.py--> get_element 20: INFO ----->定位方式:className--->定位值:login-submit
2019-06-24 17:24:03,591 find_element.py--> get_element 20: INFO ----->定位方式:id--->定位值:910000
2019-06-24 17:24:04,681 find_element.py--> get_element 20: INFO ----->定位方式:id--->定位值:15000000
2019-06-24 17:24:05,754 find_element.py--> get_element 20: INFO ----->定位方式:xpath--->定位值://*[@id="15080000"]
2019-06-24 17:24:05,826 find_element.py--> get_element 20: INFO ----->定位方式:id--->定位值:15080100
2019-06-24 17:24:08,107 find_element.py--> get_element 20: INFO ----->定位方式:xpath--->定位值://*[@id="btn_xinzeng"]
2019-06-24 17:24:09,765 order_info_handle.py--> send_userinfo 20: INFO ----->输入的手机号：18662500143
2019-06-24 17:24:09,766 find_element.py--> get_element 20: INFO ----->定位方式:id--->定位值:phoneNo
2019-06-24 17:24:10,891 find_element.py--> get_element 20: INFO ----->定位方式:id--->定位值:queryMobile
2019-06-24 17:24:12,020 order_info_handle.py--> send_userinfo 20: INFO ----->输入的身份证号：110106197211101150
2019-06-24 17:24:12,021 find_element.py--> get_element 20: INFO ----->定位方式:id--->定位值:idNumber
2019-06-24 17:24:12,643 find_element.py--> get_element 20: INFO ----->定位方式:xpath--->定位值://*[@id="customerBase"]/div/div[1]/div[3]/div/div/button/span[1]
2019-06-24 17:24:12,780 find_element.py--> get_element 20: INFO ----->定位方式:xpath--->定位值://*[@id="customerBase"]/div/div[1]/div[3]/div/div/div/ul/li[2]/a/span[1]
2019-06-24 17:24:12,799 find_element.py--> get_element 20: INFO ----->找不到定位元素
2019-06-24 17:24:33,892 login_handle.py--> send_username 20: INFO ----->输入用户名是：ccadmin
2019-06-24 17:24:33,893 find_element.py--> get_element 20: INFO ----->定位方式:id--->定位值:loginId
2019-06-24 17:24:33,981 login_handle.py--> send_password 20: INFO ----->输入密码是：123qwe
2019-06-24 17:24:33,984 find_element.py--> get_element 20: INFO ----->定位方式:id--->定位值:password
2019-06-24 17:24:34,060 find_element.py--> get_element 20: INFO ----->定位方式:className--->定位值:login-submit
2019-06-24 17:24:35,665 find_element.py--> get_element 20: INFO ----->定位方式:id--->定位值:910000
2019-06-24 17:24:36,764 find_element.py--> get_element 20: INFO ----->定位方式:id--->定位值:15000000
2019-06-24 17:24:37,866 find_element.py--> get_element 20: INFO ----->定位方式:xpath--->定位值://*[@id="15080000"]
2019-06-24 17:24:37,959 find_element.py--> get_element 20: INFO ----->定位方式:id--->定位值:15080100
2019-06-24 17:24:40,314 find_element.py--> get_element 20: INFO ----->定位方式:xpath--->定位值://*[@id="btn_xinzeng"]
2019-06-24 17:24:42,086 order_info_handle.py--> send_userinfo 20: INFO ----->输入的手机号：18652405363
2019-06-24 17:24:42,089 find_element.py--> get_element 20: INFO ----->定位方式:id--->定位值:phoneNo
2019-06-24 17:24:43,650 find_element.py--> get_element 20: INFO ----->定位方式:id--->定位值:queryMobile
2019-06-24 17:24:44,838 order_info_handle.py--> send_userinfo 20: INFO ----->输入的身份证号：110104195603242814
2019-06-24 17:24:44,839 find_element.py--> get_element 20: INFO ----->定位方式:id--->定位值:idNumber
2019-06-24 17:24:45,652 find_element.py--> get_element 20: INFO ----->定位方式:xpath--->定位值://*[@id="customerBase"]/div/div[1]/div[3]/div/div/button/span[1]
2019-06-24 17:24:45,855 find_element.py--> get_element 20: INFO ----->定位方式:xpath--->定位值://*[@id="customerBase"]/div/div[1]/div[3]/div/div/div/ul/li[2]/a/span[1]
2019-06-24 17:24:45,881 find_element.py--> get_element 20: INFO ----->找不到定位元素
2019-06-24 17:25:53,173 login_handle.py--> send_username 20: INFO ----->输入用户名是：ccadmin
2019-06-24 17:25:53,175 find_element.py--> get_element 20: INFO ----->定位方式:id--->定位值:loginId
2019-06-24 17:25:53,246 login_handle.py--> send_password 20: INFO ----->输入密码是：123qwe
2019-06-24 17:25:53,248 find_element.py--> get_element 20: INFO ----->定位方式:id--->定位值:password
2019-06-24 17:25:53,310 find_element.py--> get_element 20: INFO ----->定位方式:className--->定位值:login-submit
2019-06-24 17:25:54,884 find_element.py--> get_element 20: INFO ----->定位方式:id--->定位值:910000
2019-06-24 17:25:55,955 find_element.py--> get_element 20: INFO ----->定位方式:id--->定位值:15000000
2019-06-24 17:25:57,032 find_element.py--> get_element 20: INFO ----->定位方式:xpath--->定位值://*[@id="15080000"]
2019-06-24 17:25:57,097 find_element.py--> get_element 20: INFO ----->定位方式:id--->定位值:15080100
2019-06-24 17:25:59,487 find_element.py--> get_element 20: INFO ----->定位方式:xpath--->定位值://*[@id="btn_xinzeng"]
2019-06-24 17:26:01,120 order_info_handle.py--> send_userinfo 20: INFO ----->输入的手机号：18629577538
2019-06-24 17:26:01,123 find_element.py--> get_element 20: INFO ----->定位方式:id--->定位值:phoneNo
2019-06-24 17:26:02,464 find_element.py--> get_element 20: INFO ----->定位方式:id--->定位值:queryMobile
2019-06-24 17:26:03,620 order_info_handle.py--> send_userinfo 20: INFO ----->输入的身份证号：362429198911206621
2019-06-24 17:26:03,621 find_element.py--> get_element 20: INFO ----->定位方式:id--->定位值:idNumber
2019-06-24 17:26:05,451 find_element.py--> get_element 20: INFO ----->定位方式:xpath--->定位值://*[@id="vehicleModel"]/div/div[1]/div[1]/div/div/button/span[1]
2019-06-24 17:26:05,581 find_element.py--> get_element 20: INFO ----->定位方式:xpath--->定位值://*[@id="vehicleModel"]/div/div[1]/div[1]/div/div/div/ul/li[3]/a/span[1]
2019-06-24 17:26:05,784 find_element.py--> get_element 20: INFO ----->定位方式:id--->定位值:purchaseAmount
2019-06-24 17:26:05,855 find_element.py--> get_element 20: INFO ----->定位方式:xpath--->定位值://*[@id="vehicleModel"]/div/div[1]/div[3]/div/div/button/span[1]
2019-06-24 17:26:06,103 find_element.py--> get_element 20: INFO ----->定位方式:xpath--->定位值://*[@id="vehicleModel"]/div/div[1]/div[3]/div/div/div/ul/li[121]/a
2019-06-24 17:26:06,252 find_element.py--> get_element 20: INFO ----->定位方式:xpath--->定位值://*[@id="vehicleModel"]/div/div[2]/div[1]/div/div/button/span[1]
2019-06-24 17:26:06,467 find_element.py--> get_element 20: INFO ----->定位方式:xpath--->定位值://*[@id="vehicleModel"]/div/div[2]/div[1]/div/div/div/ul/li[27]/a
2019-06-24 17:26:06,601 find_element.py--> get_element 20: INFO ----->定位方式:xpath--->定位值://*[@id="vehicleModel"]/div/div[2]/div[2]/div/div/button/span[1]
2019-06-24 17:26:06,847 find_element.py--> get_element 20: INFO ----->定位方式:xpath--->定位值://*[@id="vehicleModel"]/div/div[2]/div[2]/div/div/div/ul/li[2]/a/span[1]
2019-06-24 17:26:07,005 find_element.py--> get_element 20: INFO ----->定位方式:xpath--->定位值://*[@id="vehicleModel"]/div/div[1]/div[4]/div/div/button/span[1]
2019-06-24 17:26:07,128 find_element.py--> get_element 20: INFO ----->定位方式:xpath--->定位值://*[@id="vehicleModel"]/div/div[1]/div[4]/div/div/div/ul/li[2]/a
2019-06-24 17:26:07,253 find_element.py--> get_element 20: INFO ----->定位方式:id--->定位值:guidePrice
2019-06-24 17:26:07,319 find_element.py--> get_element 20: INFO ----->定位方式:id--->定位值:guidePrice
2019-06-24 17:26:07,545 find_element.py--> get_element 20: INFO ----->定位方式:id--->定位值:salePrice
2019-06-24 17:26:07,847 order_info_business.py--> car_price 20: INFO ----->定金金额：3500
2019-06-24 17:26:07,851 find_element.py--> get_element 20: INFO ----->定位方式:id--->定位值:preLicenseProvince
2019-06-24 17:26:08,055 find_element.py--> get_element 20: INFO ----->定位方式:xpath--->定位值://*[@id="preLicenseProvince"]/option[20]
2019-06-24 17:26:08,134 find_element.py--> get_element 20: INFO ----->定位方式:id--->定位值:preLicenseCity
2019-06-24 17:26:08,280 find_element.py--> get_element 20: INFO ----->定位方式:xpath--->定位值://*[@id="preLicenseCity"]/option[2]
2019-06-24 17:26:08,362 find_element.py--> get_element 20: INFO ----->定位方式:id--->定位值:preLicenseSotre
2019-06-24 17:26:08,508 find_element.py--> get_element 20: INFO ----->定位方式:xpath--->定位值://*[@id="preLicenseSotre"]/option[2]
2019-06-24 17:26:08,601 find_element.py--> get_element 20: INFO ----->定位方式:id--->定位值:channelTypeGH
2019-06-24 17:26:08,755 find_element.py--> get_element 20: INFO ----->定位方式:id--->定位值:realNameSystemYNull
2019-06-24 17:26:08,890 find_element.py--> get_element 20: INFO ----->定位方式:id--->定位值:shopInsuranceYNull
2019-06-24 17:26:09,040 find_element.py--> get_element 20: INFO ----->定位方式:id--->定位值:firstYearVehicleAndVesselTax
2019-06-24 17:26:09,145 find_element.py--> get_element 20: INFO ----->定位方式:id--->定位值:firstYearSali
2019-06-24 17:26:09,250 find_element.py--> get_element 20: INFO ----->定位方式:id--->定位值:firstCommercialTheft
2019-06-24 17:26:09,354 find_element.py--> get_element 20: INFO ----->定位方式:id--->定位值:advancePremiumAmt
2019-06-24 17:26:09,477 find_element.py--> get_element 20: INFO ----->定位方式:id--->定位值:termCount
2019-06-24 17:26:09,616 find_element.py--> get_element 20: INFO ----->定位方式:id--->定位值:monthlyRent
2019-06-24 17:26:09,813 find_element.py--> get_element 20: INFO ----->定位方式:id--->定位值:cusInterestRates
2019-06-24 17:26:09,912 find_element.py--> get_element 20: INFO ----->定位方式:id--->定位值:purchaseTax
2019-06-24 17:26:10,085 find_element.py--> get_element 20: INFO ----->定位方式:id--->定位值:gpsFee
2019-06-24 17:26:10,242 find_element.py--> get_element 20: INFO ----->定位方式:id--->定位值:accountMaintenanceFee
2019-06-24 17:26:10,440 find_element.py--> get_element 20: INFO ----->定位方式:id--->定位值:yxDownPaymentAmt
2019-06-24 17:26:10,632 find_element.py--> get_element 20: INFO ----->定位方式:id--->定位值:yxRiskFinancingAmt
2019-06-24 17:26:10,815 find_element.py--> get_element 20: INFO ----->定位方式:id--->定位值:yxRiskControlFinancingAmt
2019-06-24 17:26:10,987 find_element.py--> get_element 20: INFO ----->定位方式:id--->定位值:hsServiceFee
2019-06-24 17:26:11,258 find_element.py--> get_element 20: INFO ----->定位方式:id--->定位值:licenseFee
2019-06-24 17:26:11,429 find_element.py--> get_element 20: INFO ----->定位方式:id--->定位值:mortgageFee
2019-06-24 17:26:11,590 find_element.py--> get_element 20: INFO ----->定位方式:id--->定位值:totalDownPaymentOtherAmt
2019-06-24 17:26:11,711 find_element.py--> get_element 20: INFO ----->定位方式:id--->定位值:remarkId
2019-06-24 17:26:12,220 find_element.py--> get_element 20: INFO ----->定位方式:xpath--->定位值://*[@id="fanancingInfoHs"]/div/div[2]/div[1]/div/div/button/span[1]
2019-06-24 17:26:12,349 find_element.py--> get_element 20: INFO ----->定位方式:xpath--->定位值://*[@id="fanancingInfoHs"]/div/div[2]/div[1]/div/div/div/ul/li[2]/a/span[1]
2019-06-24 17:26:12,520 find_element.py--> get_element 20: INFO ----->定位方式:id--->定位值:yxOrderNo
2019-06-24 17:26:13,022 find_element.py--> get_element 20: INFO ----->定位方式:xpath--->定位值://*[@id="yxAuditFile"]/div/table/tbody/tr[1]/td[3]/input
2019-06-24 17:26:14,174 find_element.py--> get_element 20: INFO ----->定位方式:xpath--->定位值://*[@id="yx-upload-check"]
2019-06-24 17:26:16,680 find_element.py--> get_element 20: INFO ----->定位方式:xpath--->定位值://*[@id="yx-upload-sub"]
2019-06-24 17:26:16,951 find_element.py--> get_element 20: INFO ----->定位方式:xpath--->定位值://*[@id="cusUpdateModal"]/div/div/div[3]/button
2019-06-24 17:26:18,137 find_element.py--> get_element 20: INFO ----->定位方式:xpath--->定位值://*[@id="yxAuditFile"]/div/table/tbody/tr[2]/td[3]/input
2019-06-24 17:26:19,264 find_element.py--> get_element 20: INFO ----->定位方式:xpath--->定位值://*[@id="yx-upload-check"]
2019-06-24 17:26:22,551 find_element.py--> get_element 20: INFO ----->定位方式:xpath--->定位值://*[@id="yx-upload-check"]
2019-06-24 17:26:24,830 find_element.py--> get_element 20: INFO ----->定位方式:xpath--->定位值://*[@id="yx-upload-sub"]
2019-06-24 17:26:25,062 find_element.py--> get_element 20: INFO ----->定位方式:xpath--->定位值://*[@id="cusUpdateModal"]/div/div/div[3]/button
2019-06-24 17:53:36,164 login_handle.py--> send_username 20: INFO ----->输入用户名是：ccadmin
2019-06-24 17:53:36,167 find_element.py--> get_element 20: INFO ----->定位方式:id--->定位值:loginId
2019-06-24 17:53:36,312 login_handle.py--> send_password 20: INFO ----->输入密码是：123qwe
2019-06-24 17:53:36,315 find_element.py--> get_element 20: INFO ----->定位方式:id--->定位值:password
2019-06-24 17:53:36,427 find_element.py--> get_element 20: INFO ----->定位方式:className--->定位值:login-submit
2019-06-24 17:53:38,034 find_element.py--> get_element 20: INFO ----->定位方式:id--->定位值:910000
2019-06-24 17:53:39,158 find_element.py--> get_element 20: INFO ----->定位方式:id--->定位值:15000000
2019-06-24 17:53:40,268 find_element.py--> get_element 20: INFO ----->定位方式:xpath--->定位值://*[@id="15080000"]
2019-06-24 17:53:40,352 find_element.py--> get_element 20: INFO ----->定位方式:id--->定位值:15080100
2019-06-24 17:53:43,085 find_element.py--> get_element 20: INFO ----->定位方式:xpath--->定位值://*[@id="btn_xinzeng"]
2019-06-24 17:53:45,056 order_info_handle.py--> send_userinfo 20: INFO ----->输入的手机号：18638278337
2019-06-24 17:53:45,059 find_element.py--> get_element 20: INFO ----->定位方式:id--->定位值:phoneNo
2019-06-24 17:53:46,812 find_element.py--> get_element 20: INFO ----->定位方式:id--->定位值:queryMobile
2019-06-24 17:53:48,018 order_info_handle.py--> send_userinfo 20: INFO ----->输入的身份证号：110105198910184806
2019-06-24 17:53:48,020 find_element.py--> get_element 20: INFO ----->定位方式:id--->定位值:idNumber
2019-06-24 17:53:50,133 find_element.py--> get_element 20: INFO ----->定位方式:xpath--->定位值://*[@id="vehicleModel"]/div/div[1]/div[1]/div/div/button/span[1]
2019-06-24 17:53:50,316 find_element.py--> get_element 20: INFO ----->定位方式:xpath--->定位值://*[@id="vehicleModel"]/div/div[1]/div[1]/div/div/div/ul/li[3]/a/span[1]
2019-06-24 17:53:50,543 find_element.py--> get_element 20: INFO ----->定位方式:id--->定位值:purchaseAmount
2019-06-24 17:53:50,660 find_element.py--> get_element 20: INFO ----->定位方式:xpath--->定位值://*[@id="vehicleModel"]/div/div[1]/div[3]/div/div/button/span[1]
2019-06-24 17:53:50,936 find_element.py--> get_element 20: INFO ----->定位方式:xpath--->定位值://*[@id="vehicleModel"]/div/div[1]/div[3]/div/div/div/ul/li[121]/a
2019-06-24 17:53:51,170 find_element.py--> get_element 20: INFO ----->定位方式:xpath--->定位值://*[@id="vehicleModel"]/div/div[2]/div[1]/div/div/button/span[1]
2019-06-24 17:53:51,373 find_element.py--> get_element 20: INFO ----->定位方式:xpath--->定位值://*[@id="vehicleModel"]/div/div[2]/div[1]/div/div/div/ul/li[27]/a
2019-06-24 17:53:51,539 find_element.py--> get_element 20: INFO ----->定位方式:xpath--->定位值://*[@id="vehicleModel"]/div/div[2]/div[2]/div/div/button/span[1]
2019-06-24 17:53:51,827 find_element.py--> get_element 20: INFO ----->定位方式:xpath--->定位值://*[@id="vehicleModel"]/div/div[2]/div[2]/div/div/div/ul/li[2]/a/span[1]
2019-06-24 17:53:52,084 find_element.py--> get_element 20: INFO ----->定位方式:xpath--->定位值://*[@id="vehicleModel"]/div/div[1]/div[4]/div/div/button/span[1]
2019-06-24 17:53:52,272 find_element.py--> get_element 20: INFO ----->定位方式:xpath--->定位值://*[@id="vehicleModel"]/div/div[1]/div[4]/div/div/div/ul/li[2]/a
2019-06-24 17:53:52,488 find_element.py--> get_element 20: INFO ----->定位方式:id--->定位值:guidePrice
2019-06-24 17:53:52,579 find_element.py--> get_element 20: INFO ----->定位方式:id--->定位值:guidePrice
2019-06-24 17:53:53,009 find_element.py--> get_element 20: INFO ----->定位方式:id--->定位值:salePrice
2019-06-24 17:53:53,626 order_info_business.py--> car_price 20: INFO ----->定金金额：3500
2019-06-24 17:53:53,629 find_element.py--> get_element 20: INFO ----->定位方式:id--->定位值:preLicenseProvince
2019-06-24 17:53:53,862 find_element.py--> get_element 20: INFO ----->定位方式:xpath--->定位值://*[@id="preLicenseProvince"]/option[20]
2019-06-24 17:53:54,008 find_element.py--> get_element 20: INFO ----->定位方式:id--->定位值:preLicenseCity
2019-06-24 17:53:54,294 find_element.py--> get_element 20: INFO ----->定位方式:xpath--->定位值://*[@id="preLicenseCity"]/option[2]
2019-06-24 17:53:54,421 find_element.py--> get_element 20: INFO ----->定位方式:id--->定位值:preLicenseSotre
2019-06-24 17:53:54,633 find_element.py--> get_element 20: INFO ----->定位方式:xpath--->定位值://*[@id="preLicenseSotre"]/option[2]
2019-06-24 17:53:54,748 find_element.py--> get_element 20: INFO ----->定位方式:id--->定位值:channelTypeGH
2019-06-24 17:53:55,016 find_element.py--> get_element 20: INFO ----->定位方式:id--->定位值:realNameSystemYNull
2019-06-24 17:53:55,243 find_element.py--> get_element 20: INFO ----->定位方式:id--->定位值:shopInsuranceYNull
2019-06-24 17:53:55,456 find_element.py--> get_element 20: INFO ----->定位方式:id--->定位值:firstYearVehicleAndVesselTax
2019-06-24 17:53:55,637 find_element.py--> get_element 20: INFO ----->定位方式:id--->定位值:firstYearSali
2019-06-24 17:53:55,818 find_element.py--> get_element 20: INFO ----->定位方式:id--->定位值:firstCommercialTheft
2019-06-24 17:53:55,962 find_element.py--> get_element 20: INFO ----->定位方式:id--->定位值:advancePremiumAmt
2019-06-24 17:53:56,132 find_element.py--> get_element 20: INFO ----->定位方式:id--->定位值:termCount
2019-06-24 17:53:56,310 find_element.py--> get_element 20: INFO ----->定位方式:id--->定位值:monthlyRent
2019-06-24 17:53:56,574 find_element.py--> get_element 20: INFO ----->定位方式:id--->定位值:cusInterestRates
2019-06-24 17:53:56,686 find_element.py--> get_element 20: INFO ----->定位方式:id--->定位值:purchaseTax
2019-06-24 17:53:56,897 find_element.py--> get_element 20: INFO ----->定位方式:id--->定位值:gpsFee
2019-06-24 17:53:57,089 find_element.py--> get_element 20: INFO ----->定位方式:id--->定位值:accountMaintenanceFee
2019-06-24 17:53:57,321 find_element.py--> get_element 20: INFO ----->定位方式:id--->定位值:yxDownPaymentAmt
2019-06-24 17:53:57,560 find_element.py--> get_element 20: INFO ----->定位方式:id--->定位值:yxRiskFinancingAmt
2019-06-24 17:53:57,745 find_element.py--> get_element 20: INFO ----->定位方式:id--->定位值:yxRiskControlFinancingAmt
2019-06-24 17:53:57,974 find_element.py--> get_element 20: INFO ----->定位方式:id--->定位值:hsServiceFee
2019-06-24 17:53:58,167 find_element.py--> get_element 20: INFO ----->定位方式:id--->定位值:licenseFee
2019-06-24 17:53:58,349 find_element.py--> get_element 20: INFO ----->定位方式:id--->定位值:mortgageFee
2019-06-24 17:53:58,540 find_element.py--> get_element 20: INFO ----->定位方式:id--->定位值:totalDownPaymentOtherAmt
2019-06-24 17:53:58,660 find_element.py--> get_element 20: INFO ----->定位方式:id--->定位值:remarkId
2019-06-24 17:53:59,221 find_element.py--> get_element 20: INFO ----->定位方式:xpath--->定位值://*[@id="fanancingInfoHs"]/div/div[2]/div[1]/div/div/button/span[1]
2019-06-24 17:53:59,365 find_element.py--> get_element 20: INFO ----->定位方式:xpath--->定位值://*[@id="fanancingInfoHs"]/div/div[2]/div[1]/div/div/div/ul/li[3]/a/span[1]]
2019-06-24 17:53:59,394 find_element.py--> get_element 20: INFO ----->找不到定位元素
2019-06-24 17:55:36,628 login_handle.py--> send_username 20: INFO ----->输入用户名是：ccadmin
2019-06-24 17:55:36,631 find_element.py--> get_element 20: INFO ----->定位方式:id--->定位值:loginId
2019-06-24 17:55:36,741 login_handle.py--> send_password 20: INFO ----->输入密码是：123qwe
2019-06-24 17:55:36,742 find_element.py--> get_element 20: INFO ----->定位方式:id--->定位值:password
2019-06-24 17:55:36,843 find_element.py--> get_element 20: INFO ----->定位方式:className--->定位值:login-submit
2019-06-24 17:55:38,463 find_element.py--> get_element 20: INFO ----->定位方式:id--->定位值:910000
2019-06-24 17:55:39,562 find_element.py--> get_element 20: INFO ----->定位方式:id--->定位值:15000000
2019-06-24 17:55:40,658 find_element.py--> get_element 20: INFO ----->定位方式:xpath--->定位值://*[@id="15080000"]
2019-06-24 17:55:40,749 find_element.py--> get_element 20: INFO ----->定位方式:id--->定位值:15080100
2019-06-24 17:55:43,253 find_element.py--> get_element 20: INFO ----->定位方式:xpath--->定位值://*[@id="btn_xinzeng"]
2019-06-24 17:55:45,226 order_info_handle.py--> send_userinfo 20: INFO ----->输入的手机号：18674519720
2019-06-24 17:55:45,228 find_element.py--> get_element 20: INFO ----->定位方式:id--->定位值:phoneNo
2019-06-24 17:55:46,849 find_element.py--> get_element 20: INFO ----->定位方式:id--->定位值:queryMobile
2019-06-24 17:55:48,011 order_info_handle.py--> send_userinfo 20: INFO ----->输入的身份证号：362427199306243565
2019-06-24 17:55:48,013 find_element.py--> get_element 20: INFO ----->定位方式:id--->定位值:idNumber
2019-06-24 17:55:49,990 find_element.py--> get_element 20: INFO ----->定位方式:xpath--->定位值://*[@id="vehicleModel"]/div/div[1]/div[1]/div/div/button/span[1]
2019-06-24 17:55:50,193 find_element.py--> get_element 20: INFO ----->定位方式:xpath--->定位值://*[@id="vehicleModel"]/div/div[1]/div[1]/div/div/div/ul/li[3]/a/span[1]
2019-06-24 17:55:50,525 find_element.py--> get_element 20: INFO ----->定位方式:id--->定位值:purchaseAmount
2019-06-24 17:55:50,620 find_element.py--> get_element 20: INFO ----->定位方式:xpath--->定位值://*[@id="vehicleModel"]/div/div[1]/div[3]/div/div/button/span[1]
2019-06-24 17:55:50,911 find_element.py--> get_element 20: INFO ----->定位方式:xpath--->定位值://*[@id="vehicleModel"]/div/div[1]/div[3]/div/div/div/ul/li[121]/a
2019-06-24 17:55:51,126 find_element.py--> get_element 20: INFO ----->定位方式:xpath--->定位值://*[@id="vehicleModel"]/div/div[2]/div[1]/div/div/button/span[1]
2019-06-24 17:55:51,321 find_element.py--> get_element 20: INFO ----->定位方式:xpath--->定位值://*[@id="vehicleModel"]/div/div[2]/div[1]/div/div/div/ul/li[27]/a
2019-06-24 17:55:51,480 find_element.py--> get_element 20: INFO ----->定位方式:xpath--->定位值://*[@id="vehicleModel"]/div/div[2]/div[2]/div/div/button/span[1]
2019-06-24 17:55:51,804 find_element.py--> get_element 20: INFO ----->定位方式:xpath--->定位值://*[@id="vehicleModel"]/div/div[2]/div[2]/div/div/div/ul/li[2]/a/span[1]
2019-06-24 17:55:51,973 find_element.py--> get_element 20: INFO ----->定位方式:xpath--->定位值://*[@id="vehicleModel"]/div/div[1]/div[4]/div/div/button/span[1]
2019-06-24 17:55:52,158 find_element.py--> get_element 20: INFO ----->定位方式:xpath--->定位值://*[@id="vehicleModel"]/div/div[1]/div[4]/div/div/div/ul/li[2]/a
2019-06-24 17:55:52,308 find_element.py--> get_element 20: INFO ----->定位方式:id--->定位值:guidePrice
2019-06-24 17:55:52,421 find_element.py--> get_element 20: INFO ----->定位方式:id--->定位值:guidePrice
2019-06-24 17:55:52,699 find_element.py--> get_element 20: INFO ----->定位方式:id--->定位值:salePrice
2019-06-24 17:55:53,072 order_info_business.py--> car_price 20: INFO ----->定金金额：3500
2019-06-24 17:55:53,075 find_element.py--> get_element 20: INFO ----->定位方式:id--->定位值:preLicenseProvince
2019-06-24 17:55:53,243 find_element.py--> get_element 20: INFO ----->定位方式:xpath--->定位值://*[@id="preLicenseProvince"]/option[20]
2019-06-24 17:55:53,346 find_element.py--> get_element 20: INFO ----->定位方式:id--->定位值:preLicenseCity
2019-06-24 17:55:53,540 find_element.py--> get_element 20: INFO ----->定位方式:xpath--->定位值://*[@id="preLicenseCity"]/option[2]
2019-06-24 17:55:53,638 find_element.py--> get_element 20: INFO ----->定位方式:id--->定位值:preLicenseSotre
2019-06-24 17:55:53,803 find_element.py--> get_element 20: INFO ----->定位方式:xpath--->定位值://*[@id="preLicenseSotre"]/option[2]
2019-06-24 17:55:53,918 find_element.py--> get_element 20: INFO ----->定位方式:id--->定位值:channelTypeGH
2019-06-24 17:55:54,085 find_element.py--> get_element 20: INFO ----->定位方式:id--->定位值:realNameSystemYNull
2019-06-24 17:55:54,243 find_element.py--> get_element 20: INFO ----->定位方式:id--->定位值:shopInsuranceYNull
2019-06-24 17:55:54,389 find_element.py--> get_element 20: INFO ----->定位方式:id--->定位值:firstYearVehicleAndVesselTax
2019-06-24 17:55:54,520 find_element.py--> get_element 20: INFO ----->定位方式:id--->定位值:firstYearSali
2019-06-24 17:55:54,641 find_element.py--> get_element 20: INFO ----->定位方式:id--->定位值:firstCommercialTheft
2019-06-24 17:55:54,788 find_element.py--> get_element 20: INFO ----->定位方式:id--->定位值:advancePremiumAmt
2019-06-24 17:55:54,952 find_element.py--> get_element 20: INFO ----->定位方式:id--->定位值:termCount
2019-06-24 17:55:55,151 find_element.py--> get_element 20: INFO ----->定位方式:id--->定位值:monthlyRent
2019-06-24 17:55:55,421 find_element.py--> get_element 20: INFO ----->定位方式:id--->定位值:cusInterestRates
2019-06-24 17:55:55,537 find_element.py--> get_element 20: INFO ----->定位方式:id--->定位值:purchaseTax
2019-06-24 17:55:55,807 find_element.py--> get_element 20: INFO ----->定位方式:id--->定位值:gpsFee
2019-06-24 17:55:55,994 find_element.py--> get_element 20: INFO ----->定位方式:id--->定位值:accountMaintenanceFee
2019-06-24 17:55:56,183 find_element.py--> get_element 20: INFO ----->定位方式:id--->定位值:yxDownPaymentAmt
2019-06-24 17:55:56,434 find_element.py--> get_element 20: INFO ----->定位方式:id--->定位值:yxRiskFinancingAmt
2019-06-24 17:55:56,638 find_element.py--> get_element 20: INFO ----->定位方式:id--->定位值:yxRiskControlFinancingAmt
2019-06-24 17:55:56,849 find_element.py--> get_element 20: INFO ----->定位方式:id--->定位值:hsServiceFee
2019-06-24 17:55:57,044 find_element.py--> get_element 20: INFO ----->定位方式:id--->定位值:licenseFee
2019-06-24 17:55:57,272 find_element.py--> get_element 20: INFO ----->定位方式:id--->定位值:mortgageFee
2019-06-24 17:55:57,465 find_element.py--> get_element 20: INFO ----->定位方式:id--->定位值:totalDownPaymentOtherAmt
2019-06-24 17:55:57,590 find_element.py--> get_element 20: INFO ----->定位方式:id--->定位值:remarkId
2019-06-24 17:55:58,186 find_element.py--> get_element 20: INFO ----->定位方式:xpath--->定位值://*[@id="fanancingInfoHs"]/div/div[2]/div[1]/div/div/button/span[1]
2019-06-24 17:55:58,317 find_element.py--> get_element 20: INFO ----->定位方式:xpath--->定位值://*[@id="fanancingInfoHs"]/div/div[2]/div[1]/div/div/div/ul/li[3]/a/span[1]
2019-06-24 17:55:58,525 find_element.py--> get_element 20: INFO ----->定位方式:id--->定位值:yxOrderNo
2019-06-24 17:55:59,140 find_element.py--> get_element 20: INFO ----->定位方式:xpath--->定位值://*[@id="yxAuditFile"]/div/table/tbody/tr[1]/td[3]/input
2019-06-24 17:56:00,323 find_element.py--> get_element 20: INFO ----->定位方式:xpath--->定位值://*[@id="yx-upload-check"]
2019-06-24 17:56:03,041 find_element.py--> get_element 20: INFO ----->定位方式:xpath--->定位值://*[@id="yx-upload-sub"]
2019-06-24 17:56:03,437 find_element.py--> get_element 20: INFO ----->定位方式:xpath--->定位值://*[@id="cusUpdateModal"]/div/div/div[3]/button
2019-06-24 17:56:04,684 find_element.py--> get_element 20: INFO ----->定位方式:xpath--->定位值://*[@id="yxAuditFile"]/div/table/tbody/tr[2]/td[3]/input
2019-06-24 17:56:05,870 find_element.py--> get_element 20: INFO ----->定位方式:xpath--->定位值://*[@id="yx-upload-check"]
2019-06-24 17:56:09,326 find_element.py--> get_element 20: INFO ----->定位方式:xpath--->定位值://*[@id="yx-upload-check"]
2019-06-24 17:56:11,878 find_element.py--> get_element 20: INFO ----->定位方式:xpath--->定位值://*[@id="yx-upload-sub"]
2019-06-24 17:56:12,099 find_element.py--> get_element 20: INFO ----->定位方式:xpath--->定位值://*[@id="cusUpdateModal"]/div/div/div[3]/button
2019-06-24 17:56:13,271 find_element.py--> get_element 20: INFO ----->定位方式:id--->定位值:basicTempSave
2019-06-24 17:56:15,520 find_element.py--> get_element 20: INFO ----->定位方式:id--->定位值:basicModalBtnNegative
2019-06-24 17:56:16,649 find_element.py--> get_element 20: INFO ----->定位方式:id--->定位值:basicSubmit
2019-06-24 17:56:18,766 find_element.py--> get_element 20: INFO ----->定位方式:id--->定位值:basicModalBtnNegative
2019-06-24 17:56:20,108 find_element.py--> get_element 20: INFO ----->定位方式:name--->定位值:customerPhoneNo
2019-06-24 17:56:20,348 find_element.py--> get_element 20: INFO ----->定位方式:id--->定位值:btnSearch
2019-06-24 17:56:21,729 find_element.py--> get_element 20: INFO ----->定位方式:xpath--->定位值://*[@id="orders"]/tbody/tr[1]/td[1]
2019-06-24 17:56:21,860 find_element.py--> get_element 20: INFO ----->定位方式:id--->定位值:btn_shenhedingdan
2019-06-24 17:56:26,460 find_element.py--> get_element 20: INFO ----->定位方式:id--->定位值:basicSubmit
2019-06-24 17:56:27,669 find_element.py--> get_element 20: INFO ----->定位方式:id--->定位值:basicModalBtnNegative
2019-06-24 17:56:28,919 find_element.py--> get_element 20: INFO ----->定位方式:name--->定位值:customerPhoneNo
2019-06-24 17:56:29,193 find_element.py--> get_element 20: INFO ----->定位方式:id--->定位值:btnSearch
2019-06-24 17:56:30,733 find_element.py--> get_element 20: INFO ----->定位方式:xpath--->定位值://*[@id="orders"]/tbody/tr[1]/td[1]
2019-06-24 17:56:31,540 find_element.py--> get_element 20: INFO ----->定位方式:id--->定位值:btn_xiaoshoujiesuan
2019-06-24 17:56:33,247 find_element.py--> get_element 20: INFO ----->定位方式:xpath--->定位值://*[@id="amtDetail"]/div/div[3]/div/button[1]
2019-06-24 17:56:34,546 find_element.py--> get_element 20: INFO ----->定位方式:xpath--->定位值://*[@id="receiptModel"]/div/div/div[2]/button
2019-06-24 17:56:35,711 find_element.py--> get_element 20: INFO ----->定位方式:id--->定位值:deliveryClose
2019-06-24 17:56:37,031 find_element.py--> get_element 20: INFO ----->定位方式:name--->定位值:customerPhoneNo
2019-06-24 17:56:37,842 find_element.py--> get_element 20: INFO ----->定位方式:id--->定位值:btnSearch
2019-06-24 17:56:39,139 find_element.py--> get_element 20: INFO ----->定位方式:xpath--->定位值://*[@id="orders"]/tbody/tr[1]/td[1]
2019-06-24 17:56:39,234 find_element.py--> get_element 20: INFO ----->定位方式:id--->定位值:btn_shengchenghetong
2019-06-24 17:56:40,567 find_element.py--> get_element 20: INFO ----->定位方式:id--->定位值:hsSignBody
2019-06-24 17:56:40,845 find_element.py--> get_element 20: INFO ----->定位方式:xpath--->定位值://*[@id="hsSignBody"]/option[2]
2019-06-24 17:56:41,032 find_element.py--> get_element 20: INFO ----->定位方式:id--->定位值:makeContract
2019-06-24 17:56:41,154 find_element.py--> get_element 20: INFO ----->定位方式:id--->定位值:deliveryClose
2019-06-24 17:56:42,430 find_element.py--> get_element 20: INFO ----->定位方式:name--->定位值:customerPhoneNo
2019-06-24 17:56:42,633 find_element.py--> get_element 20: INFO ----->定位方式:id--->定位值:btnSearch
2019-06-24 17:56:44,098 find_element.py--> get_element 20: INFO ----->定位方式:xpath--->定位值://*[@id="orders"]/tbody/tr[1]/td[1]
2019-06-24 17:56:44,196 find_element.py--> get_element 20: INFO ----->定位方式:id--->定位值:btn_shangchuanhetong
2019-06-24 17:56:45,681 find_element.py--> get_element 20: INFO ----->定位方式:xpath--->定位值://*[@id="file"]/div/table/tbody/tr[1]/td[3]/input
2019-06-24 17:56:46,851 find_element.py--> get_element 20: INFO ----->定位方式:id--->定位值:yx-upload-check
2019-06-24 17:56:50,393 find_element.py--> get_element 20: INFO ----->定位方式:id--->定位值:yx-upload-sub
2019-06-24 17:56:50,520 find_element.py--> get_element 20: INFO ----->定位方式:xpath--->定位值://*[@id="cusUpdateModal"]/div/div/div[3]/button
2019-06-24 17:56:51,660 find_element.py--> get_element 20: INFO ----->定位方式:xpath--->定位值://*[@id="file"]/div/table/tbody/tr[2]/td[3]/input
2019-06-24 17:56:52,779 find_element.py--> get_element 20: INFO ----->定位方式:id--->定位值:yx-upload-check
2019-06-24 17:56:56,391 find_element.py--> get_element 20: INFO ----->定位方式:id--->定位值:yx-upload-sub
2019-06-24 17:56:56,499 find_element.py--> get_element 20: INFO ----->定位方式:xpath--->定位值://*[@id="cusUpdateModal"]/div/div/div[3]/button
2019-06-24 17:56:57,611 find_element.py--> get_element 20: INFO ----->定位方式:id--->定位值:yxHsContractApply
