2019-07-17 09:59:00,395 login_handle.py--> send_username 20: INFO ----->输入用户名是：zhaoyunhe1
2019-07-17 09:59:00,400 find_element.py--> get_element 20: INFO ----->定位方式:id--->定位值:loginId
2019-07-17 09:59:00,625 login_handle.py--> send_password 20: INFO ----->输入密码是：123qwe
2019-07-17 09:59:00,628 find_element.py--> get_element 20: INFO ----->定位方式:id--->定位值:password
2019-07-17 09:59:00,732 find_element.py--> get_element 20: INFO ----->定位方式:className--->定位值:login-submit
2019-07-17 09:59:02,335 find_element.py--> get_element 20: INFO ----->定位方式:id--->定位值:910000
2019-07-17 09:59:03,407 find_element.py--> get_element 20: INFO ----->定位方式:id--->定位值:15000000
2019-07-17 09:59:04,488 find_element.py--> get_element 20: INFO ----->定位方式:xpath--->定位值://*[@id="15080000"]
2019-07-17 09:59:04,562 find_element.py--> get_element 20: INFO ----->定位方式:id--->定位值:15080100
2019-07-17 09:59:06,836 find_element.py--> get_element 20: INFO ----->定位方式:xpath--->定位值://*[@id="btn_xinzeng"]
2019-07-17 09:59:08,076 order_info_handle.py--> send_userinfo 20: INFO ----->输入的手机号：12099895600
2019-07-17 09:59:08,078 find_element.py--> get_element 20: INFO ----->定位方式:id--->定位值:phoneNo
2019-07-17 09:59:09,634 find_element.py--> get_element 20: INFO ----->定位方式:id--->定位值:queryMobile
2019-07-17 09:59:10,776 find_element.py--> get_element 20: INFO ----->定位方式:xpath--->定位值://*[@id="customerBase"]/div/div[1]/div[3]/div/div/button/span[1]
2019-07-17 09:59:10,913 find_element.py--> get_element 20: INFO ----->定位方式:xpath--->定位值://*[@id="customerBase"]/div/div[1]/div[3]/div/div/div/ul/li[2]/a/span[1]
2019-07-17 09:59:12,124 find_element.py--> get_element 20: INFO ----->定位方式:xpath--->定位值://*[@id="vehicleModel"]/div/div[1]/div[1]/div/div/button/span[1]
2019-07-17 09:59:12,251 find_element.py--> get_element 20: INFO ----->定位方式:xpath--->定位值://*[@id="vehicleModel"]/div/div[1]/div[1]/div/div/div/ul/li[3]/a/span[1]
2019-07-17 09:59:12,426 find_element.py--> get_element 20: INFO ----->定位方式:id--->定位值:purchaseAmount
2019-07-17 09:59:12,509 find_element.py--> get_element 20: INFO ----->定位方式:xpath--->定位值://*[@id="vehicleModel"]/div/div[1]/div[3]/div/div/button/span[1]
2019-07-17 09:59:12,752 find_element.py--> get_element 20: INFO ----->定位方式:xpath--->定位值://*[@id="vehicleModel"]/div/div[1]/div[3]/div/div/div/ul/li[121]/a
2019-07-17 09:59:12,902 find_element.py--> get_element 20: INFO ----->定位方式:xpath--->定位值://*[@id="vehicleModel"]/div/div[2]/div[1]/div/div/button/span[1]
2019-07-17 09:59:13,129 find_element.py--> get_element 20: INFO ----->定位方式:xpath--->定位值://*[@id="vehicleModel"]/div/div[2]/div[1]/div/div/div/ul/li[27]/a
2019-07-17 09:59:13,263 find_element.py--> get_element 20: INFO ----->定位方式:xpath--->定位值://*[@id="vehicleModel"]/div/div[2]/div[2]/div/div/button/span[1]
2019-07-17 09:59:13,468 find_element.py--> get_element 20: INFO ----->定位方式:xpath--->定位值://*[@id="vehicleModel"]/div/div[2]/div[2]/div/div/div/ul/li[3]/a/span[1]
2019-07-17 09:59:13,639 find_element.py--> get_element 20: INFO ----->定位方式:xpath--->定位值://*[@id="vehicleModel"]/div/div[1]/div[4]/div/div/button/span[1]
2019-07-17 09:59:13,764 find_element.py--> get_element 20: INFO ----->定位方式:xpath--->定位值://*[@id="vehicleModel"]/div/div[1]/div[4]/div/div/div/ul/li[2]/a
2019-07-17 09:59:13,889 find_element.py--> get_element 20: INFO ----->定位方式:id--->定位值:guidePrice
2019-07-17 09:59:13,959 find_element.py--> get_element 20: INFO ----->定位方式:id--->定位值:guidePrice
2019-07-17 09:59:14,182 find_element.py--> get_element 20: INFO ----->定位方式:id--->定位值:salePrice
2019-07-17 09:59:14,470 order_info_business.py--> car_price 20: INFO ----->定金金额：3500
2019-07-17 09:59:14,473 find_element.py--> get_element 20: INFO ----->定位方式:id--->定位值:preLicenseProvince
2019-07-17 09:59:14,618 find_element.py--> get_element 20: INFO ----->定位方式:xpath--->定位值://*[@id="preLicenseProvince"]/option[20]
2019-07-17 09:59:14,755 find_element.py--> get_element 20: INFO ----->定位方式:id--->定位值:preLicenseCity
2019-07-17 09:59:14,902 find_element.py--> get_element 20: INFO ----->定位方式:xpath--->定位值://*[@id="preLicenseCity"]/option[2]
2019-07-17 09:59:14,980 find_element.py--> get_element 20: INFO ----->定位方式:id--->定位值:preLicenseSotre
2019-07-17 09:59:15,124 find_element.py--> get_element 20: INFO ----->定位方式:xpath--->定位值://*[@id="preLicenseSotre"]/option[2]
2019-07-17 09:59:15,197 find_element.py--> get_element 20: INFO ----->定位方式:id--->定位值:queryEmissionStandardName
2019-07-17 09:59:15,390 find_element.py--> get_element 20: INFO ----->定位方式:id--->定位值:channelTypeHT
2019-07-17 09:59:15,567 find_element.py--> get_element 20: INFO ----->定位方式:id--->定位值:realNameSystemNNull
2019-07-17 09:59:15,731 find_element.py--> get_element 20: INFO ----->定位方式:id--->定位值:shopInsuranceNNull
2019-07-17 09:59:15,812 find_element.py--> get_element 20: INFO ----->定位方式:id--->定位值:firstYearVehicleAndVesselTax
2019-07-17 09:59:15,903 find_element.py--> get_element 20: INFO ----->定位方式:id--->定位值:firstYearSali
2019-07-17 09:59:16,004 find_element.py--> get_element 20: INFO ----->定位方式:id--->定位值:firstCommercialTheft
2019-07-17 09:59:16,102 find_element.py--> get_element 20: INFO ----->定位方式:id--->定位值:advancePremiumAmt
2019-07-17 09:59:16,156 find_element.py--> get_element 20: INFO ----->定位方式:id--->定位值:termCount
2019-07-17 09:59:16,299 find_element.py--> get_element 20: INFO ----->定位方式:id--->定位值:monthlyRent
2019-07-17 09:59:16,503 find_element.py--> get_element 20: INFO ----->定位方式:id--->定位值:cusInterestRates
2019-07-17 09:59:16,586 find_element.py--> get_element 20: INFO ----->定位方式:id--->定位值:purchaseTax
2019-07-17 09:59:16,745 find_element.py--> get_element 20: INFO ----->定位方式:id--->定位值:gpsFee
2019-07-17 09:59:16,943 find_element.py--> get_element 20: INFO ----->定位方式:id--->定位值:accountMaintenanceFee
2019-07-17 09:59:17,001 find_element.py--> get_element 20: INFO ----->定位方式:id--->定位值:yxDownPaymentAmt
2019-07-17 09:59:17,309 find_element.py--> get_element 20: INFO ----->定位方式:id--->定位值:yxRiskFinancingAmt
2019-07-17 09:59:17,513 find_element.py--> get_element 20: INFO ----->定位方式:id--->定位值:yxRiskControlFinancingAmt
2019-07-17 09:59:17,691 find_element.py--> get_element 20: INFO ----->定位方式:id--->定位值:hsServiceFee
2019-07-17 09:59:17,848 find_element.py--> get_element 20: INFO ----->定位方式:id--->定位值:licenseFee
2019-07-17 09:59:18,021 find_element.py--> get_element 20: INFO ----->定位方式:id--->定位值:mortgageFee
2019-07-17 09:59:18,178 find_element.py--> get_element 20: INFO ----->定位方式:id--->定位值:totalDownPaymentOtherAmt
2019-07-17 09:59:18,273 find_element.py--> get_element 20: INFO ----->定位方式:id--->定位值:remarkId
2019-07-17 09:59:18,681 find_element.py--> get_element 20: INFO ----->定位方式:xpath--->定位值://*[@id="fanancingInfoHs"]/div/div[2]/div[1]/div/div/button/span[1]
2019-07-17 09:59:18,802 find_element.py--> get_element 20: INFO ----->定位方式:xpath--->定位值://*[@id="fanancingInfoHs"]/div/div[2]/div[1]/div/div/div/ul/li[2]/a/span[1]
2019-07-17 09:59:18,979 find_element.py--> get_element 20: INFO ----->定位方式:id--->定位值:yxOrderNo
2019-07-17 09:59:19,365 find_element.py--> get_element 20: INFO ----->定位方式:xpath--->定位值://*[@id="yxAuditFile"]/div/table/tbody/tr[1]/td[3]/input
2019-07-17 09:59:20,498 find_element.py--> get_element 20: INFO ----->定位方式:xpath--->定位值://*[@id="yx-upload-check"]
2019-07-17 09:59:22,843 find_element.py--> get_element 20: INFO ----->定位方式:xpath--->定位值://*[@id="yx-upload-sub"]
2019-07-17 09:59:23,080 find_element.py--> get_element 20: INFO ----->定位方式:xpath--->定位值://*[@id="cusUpdateModal"]/div/div/div[3]/button
2019-07-17 09:59:24,211 find_element.py--> get_element 20: INFO ----->定位方式:xpath--->定位值://*[@id="yxAuditFile"]/div/table/tbody/tr[2]/td[3]/input
2019-07-17 09:59:25,341 find_element.py--> get_element 20: INFO ----->定位方式:xpath--->定位值://*[@id="yx-upload-check"]
2019-07-17 09:59:28,578 find_element.py--> get_element 20: INFO ----->定位方式:xpath--->定位值://*[@id="yx-upload-check"]
2019-07-17 09:59:31,875 find_element.py--> get_element 20: INFO ----->定位方式:xpath--->定位值://*[@id="yx-upload-sub"]
2019-07-17 09:59:31,968 find_element.py--> get_element 20: INFO ----->定位方式:xpath--->定位值://*[@id="cusUpdateModal"]/div/div/div[3]/button
2019-07-17 09:59:33,084 find_element.py--> get_element 20: INFO ----->定位方式:id--->定位值:basicTempSave
2019-07-17 09:59:35,357 find_element.py--> get_element 20: INFO ----->定位方式:id--->定位值:basicModalBtnNegative
2019-07-17 10:00:11,383 login_handle.py--> send_username 20: INFO ----->输入用户名是：zhaoyunhe1
2019-07-17 10:00:11,386 find_element.py--> get_element 20: INFO ----->定位方式:id--->定位值:loginId
2019-07-17 10:00:11,513 login_handle.py--> send_password 20: INFO ----->输入密码是：123qwe
2019-07-17 10:00:11,515 find_element.py--> get_element 20: INFO ----->定位方式:id--->定位值:password
2019-07-17 10:00:11,587 find_element.py--> get_element 20: INFO ----->定位方式:className--->定位值:login-submit
2019-07-17 10:00:13,187 find_element.py--> get_element 20: INFO ----->定位方式:id--->定位值:910000
2019-07-17 10:00:14,254 find_element.py--> get_element 20: INFO ----->定位方式:id--->定位值:15000000
2019-07-17 10:00:15,389 find_element.py--> get_element 20: INFO ----->定位方式:xpath--->定位值://*[@id="15080000"]
2019-07-17 10:00:15,457 find_element.py--> get_element 20: INFO ----->定位方式:id--->定位值:15080100
2019-07-17 10:00:17,711 find_element.py--> get_element 20: INFO ----->定位方式:xpath--->定位值://*[@id="btn_xinzeng"]
2019-07-17 10:00:19,167 order_info_handle.py--> send_userinfo 20: INFO ----->输入的手机号：12026779764
2019-07-17 10:00:19,169 find_element.py--> get_element 20: INFO ----->定位方式:id--->定位值:phoneNo
2019-07-17 10:00:20,331 find_element.py--> get_element 20: INFO ----->定位方式:id--->定位值:queryMobile
2019-07-17 10:00:21,457 find_element.py--> get_element 20: INFO ----->定位方式:xpath--->定位值://*[@id="customerBase"]/div/div[1]/div[3]/div/div/button/span[1]
2019-07-17 10:00:21,589 find_element.py--> get_element 20: INFO ----->定位方式:xpath--->定位值://*[@id="customerBase"]/div/div[1]/div[3]/div/div/div/ul/li[2]/a/span[1]
2019-07-17 10:00:22,748 find_element.py--> get_element 20: INFO ----->定位方式:xpath--->定位值://*[@id="vehicleModel"]/div/div[1]/div[1]/div/div/button/span[1]
2019-07-17 10:00:22,921 find_element.py--> get_element 20: INFO ----->定位方式:xpath--->定位值://*[@id="vehicleModel"]/div/div[1]/div[1]/div/div/div/ul/li[3]/a/span[1]
2019-07-17 10:00:23,109 find_element.py--> get_element 20: INFO ----->定位方式:id--->定位值:purchaseAmount
2019-07-17 10:00:23,221 find_element.py--> get_element 20: INFO ----->定位方式:xpath--->定位值://*[@id="vehicleModel"]/div/div[1]/div[3]/div/div/button/span[1]
2019-07-17 10:00:23,471 find_element.py--> get_element 20: INFO ----->定位方式:xpath--->定位值://*[@id="vehicleModel"]/div/div[1]/div[3]/div/div/div/ul/li[121]/a
2019-07-17 10:00:23,675 find_element.py--> get_element 20: INFO ----->定位方式:xpath--->定位值://*[@id="vehicleModel"]/div/div[2]/div[1]/div/div/button/span[1]
2019-07-17 10:00:23,918 find_element.py--> get_element 20: INFO ----->定位方式:xpath--->定位值://*[@id="vehicleModel"]/div/div[2]/div[1]/div/div/div/ul/li[27]/a
2019-07-17 10:00:24,090 find_element.py--> get_element 20: INFO ----->定位方式:xpath--->定位值://*[@id="vehicleModel"]/div/div[2]/div[2]/div/div/button/span[1]
2019-07-17 10:00:24,306 find_element.py--> get_element 20: INFO ----->定位方式:xpath--->定位值://*[@id="vehicleModel"]/div/div[2]/div[2]/div/div/div/ul/li[3]/a/span[1]
2019-07-17 10:00:24,461 find_element.py--> get_element 20: INFO ----->定位方式:xpath--->定位值://*[@id="vehicleModel"]/div/div[1]/div[4]/div/div/button/span[1]
2019-07-17 10:00:24,591 find_element.py--> get_element 20: INFO ----->定位方式:xpath--->定位值://*[@id="vehicleModel"]/div/div[1]/div[4]/div/div/div/ul/li[2]/a
2019-07-17 10:00:24,750 find_element.py--> get_element 20: INFO ----->定位方式:id--->定位值:guidePrice
2019-07-17 10:00:24,798 find_element.py--> get_element 20: INFO ----->定位方式:id--->定位值:guidePrice
2019-07-17 10:00:25,051 find_element.py--> get_element 20: INFO ----->定位方式:id--->定位值:salePrice
2019-07-17 10:00:25,396 order_info_business.py--> car_price 20: INFO ----->定金金额：3500
2019-07-17 10:00:25,399 find_element.py--> get_element 20: INFO ----->定位方式:id--->定位值:preLicenseProvince
2019-07-17 10:00:25,571 find_element.py--> get_element 20: INFO ----->定位方式:xpath--->定位值://*[@id="preLicenseProvince"]/option[20]
2019-07-17 10:00:25,682 find_element.py--> get_element 20: INFO ----->定位方式:id--->定位值:preLicenseCity
2019-07-17 10:00:25,815 find_element.py--> get_element 20: INFO ----->定位方式:xpath--->定位值://*[@id="preLicenseCity"]/option[2]
2019-07-17 10:00:25,895 find_element.py--> get_element 20: INFO ----->定位方式:id--->定位值:preLicenseSotre
2019-07-17 10:00:26,033 find_element.py--> get_element 20: INFO ----->定位方式:xpath--->定位值://*[@id="preLicenseSotre"]/option[2]
2019-07-17 10:00:26,109 find_element.py--> get_element 20: INFO ----->定位方式:id--->定位值:queryEmissionStandardName
2019-07-17 10:00:26,296 find_element.py--> get_element 20: INFO ----->定位方式:id--->定位值:channelTypeHT
2019-07-17 10:00:26,470 find_element.py--> get_element 20: INFO ----->定位方式:id--->定位值:realNameSystemNNull
2019-07-17 10:00:26,626 find_element.py--> get_element 20: INFO ----->定位方式:id--->定位值:shopInsuranceNNull
2019-07-17 10:00:26,711 find_element.py--> get_element 20: INFO ----->定位方式:id--->定位值:firstYearVehicleAndVesselTax
2019-07-17 10:00:26,806 find_element.py--> get_element 20: INFO ----->定位方式:id--->定位值:firstYearSali
2019-07-17 10:00:26,909 find_element.py--> get_element 20: INFO ----->定位方式:id--->定位值:firstCommercialTheft
2019-07-17 10:00:27,007 find_element.py--> get_element 20: INFO ----->定位方式:id--->定位值:advancePremiumAmt
2019-07-17 10:00:27,064 find_element.py--> get_element 20: INFO ----->定位方式:id--->定位值:termCount
2019-07-17 10:00:27,198 find_element.py--> get_element 20: INFO ----->定位方式:id--->定位值:monthlyRent
2019-07-17 10:00:27,385 find_element.py--> get_element 20: INFO ----->定位方式:id--->定位值:cusInterestRates
2019-07-17 10:00:27,488 find_element.py--> get_element 20: INFO ----->定位方式:id--->定位值:purchaseTax
2019-07-17 10:00:27,649 find_element.py--> get_element 20: INFO ----->定位方式:id--->定位值:gpsFee
2019-07-17 10:00:27,799 find_element.py--> get_element 20: INFO ----->定位方式:id--->定位值:accountMaintenanceFee
2019-07-17 10:00:27,856 find_element.py--> get_element 20: INFO ----->定位方式:id--->定位值:yxDownPaymentAmt
2019-07-17 10:00:28,152 find_element.py--> get_element 20: INFO ----->定位方式:id--->定位值:yxRiskFinancingAmt
2019-07-17 10:00:28,311 find_element.py--> get_element 20: INFO ----->定位方式:id--->定位值:yxRiskControlFinancingAmt
2019-07-17 10:00:28,477 find_element.py--> get_element 20: INFO ----->定位方式:id--->定位值:hsServiceFee
2019-07-17 10:00:28,667 find_element.py--> get_element 20: INFO ----->定位方式:id--->定位值:licenseFee
2019-07-17 10:00:29,005 find_element.py--> get_element 20: INFO ----->定位方式:id--->定位值:mortgageFee
2019-07-17 10:00:29,184 find_element.py--> get_element 20: INFO ----->定位方式:id--->定位值:totalDownPaymentOtherAmt
2019-07-17 10:00:29,309 find_element.py--> get_element 20: INFO ----->定位方式:id--->定位值:remarkId
2019-07-17 10:00:29,753 find_element.py--> get_element 20: INFO ----->定位方式:xpath--->定位值://*[@id="fanancingInfoHs"]/div/div[2]/div[1]/div/div/button/span[1]
2019-07-17 10:00:29,900 find_element.py--> get_element 20: INFO ----->定位方式:xpath--->定位值://*[@id="fanancingInfoHs"]/div/div[2]/div[1]/div/div/div/ul/li[2]/a/span[1]
2019-07-17 10:00:30,052 find_element.py--> get_element 20: INFO ----->定位方式:id--->定位值:yxOrderNo
2019-07-17 10:00:30,452 find_element.py--> get_element 20: INFO ----->定位方式:xpath--->定位值://*[@id="yxAuditFile"]/div/table/tbody/tr[1]/td[3]/input
2019-07-17 10:00:31,594 find_element.py--> get_element 20: INFO ----->定位方式:xpath--->定位值://*[@id="yx-upload-check"]
2019-07-17 10:00:33,914 find_element.py--> get_element 20: INFO ----->定位方式:xpath--->定位值://*[@id="yx-upload-sub"]
2019-07-17 10:00:34,141 find_element.py--> get_element 20: INFO ----->定位方式:xpath--->定位值://*[@id="cusUpdateModal"]/div/div/div[3]/button
2019-07-17 10:00:35,272 find_element.py--> get_element 20: INFO ----->定位方式:xpath--->定位值://*[@id="yxAuditFile"]/div/table/tbody/tr[2]/td[3]/input
2019-07-17 10:00:36,399 find_element.py--> get_element 20: INFO ----->定位方式:xpath--->定位值://*[@id="yx-upload-check"]
2019-07-17 10:00:39,777 find_element.py--> get_element 20: INFO ----->定位方式:xpath--->定位值://*[@id="yx-upload-check"]
2019-07-17 10:00:43,044 find_element.py--> get_element 20: INFO ----->定位方式:xpath--->定位值://*[@id="yx-upload-sub"]
2019-07-17 10:00:43,196 find_element.py--> get_element 20: INFO ----->定位方式:xpath--->定位值://*[@id="cusUpdateModal"]/div/div/div[3]/button
2019-07-17 10:00:44,299 find_element.py--> get_element 20: INFO ----->定位方式:id--->定位值:basicTempSave
2019-07-17 10:00:46,321 find_element.py--> get_element 20: INFO ----->定位方式:id--->定位值:basicModalBtnNegative
2019-07-17 10:04:08,025 login_handle.py--> send_username 20: INFO ----->输入用户名是：zhaoyunhe1
2019-07-17 10:04:08,027 find_element.py--> get_element 20: INFO ----->定位方式:id--->定位值:loginId
2019-07-17 10:04:08,119 login_handle.py--> send_password 20: INFO ----->输入密码是：123qwe
2019-07-17 10:04:08,121 find_element.py--> get_element 20: INFO ----->定位方式:id--->定位值:password
2019-07-17 10:04:08,182 find_element.py--> get_element 20: INFO ----->定位方式:className--->定位值:login-submit
2019-07-17 10:04:09,701 find_element.py--> get_element 20: INFO ----->定位方式:id--->定位值:910000
2019-07-17 10:04:10,770 find_element.py--> get_element 20: INFO ----->定位方式:id--->定位值:15000000
2019-07-17 10:04:11,841 find_element.py--> get_element 20: INFO ----->定位方式:xpath--->定位值://*[@id="15080000"]
2019-07-17 10:04:11,936 find_element.py--> get_element 20: INFO ----->定位方式:id--->定位值:15080100
2019-07-17 10:04:14,215 find_element.py--> get_element 20: INFO ----->定位方式:xpath--->定位值://*[@id="btn_xinzeng"]
2019-07-17 10:04:15,713 order_info_handle.py--> send_userinfo 20: INFO ----->输入的手机号：12044006973
2019-07-17 10:04:15,716 find_element.py--> get_element 20: INFO ----->定位方式:id--->定位值:phoneNo
2019-07-17 10:04:16,876 find_element.py--> get_element 20: INFO ----->定位方式:id--->定位值:queryMobile
2019-07-17 10:04:18,003 find_element.py--> get_element 20: INFO ----->定位方式:xpath--->定位值://*[@id="customerBase"]/div/div[1]/div[3]/div/div/button/span[1]
2019-07-17 10:04:18,136 find_element.py--> get_element 20: INFO ----->定位方式:xpath--->定位值://*[@id="customerBase"]/div/div[1]/div[3]/div/div/div/ul/li[2]/a/span[1]
2019-07-17 10:04:19,283 find_element.py--> get_element 20: INFO ----->定位方式:xpath--->定位值://*[@id="vehicleModel"]/div/div[1]/div[1]/div/div/button/span[1]
2019-07-17 10:04:19,407 find_element.py--> get_element 20: INFO ----->定位方式:xpath--->定位值://*[@id="vehicleModel"]/div/div[1]/div[1]/div/div/div/ul/li[3]/a/span[1]
2019-07-17 10:04:19,615 find_element.py--> get_element 20: INFO ----->定位方式:id--->定位值:purchaseAmount
2019-07-17 10:04:19,699 find_element.py--> get_element 20: INFO ----->定位方式:xpath--->定位值://*[@id="vehicleModel"]/div/div[1]/div[3]/div/div/button/span[1]
2019-07-17 10:04:19,975 find_element.py--> get_element 20: INFO ----->定位方式:xpath--->定位值://*[@id="vehicleModel"]/div/div[1]/div[3]/div/div/div/ul/li[121]/a
2019-07-17 10:04:20,154 find_element.py--> get_element 20: INFO ----->定位方式:xpath--->定位值://*[@id="vehicleModel"]/div/div[2]/div[1]/div/div/button/span[1]
2019-07-17 10:04:20,380 find_element.py--> get_element 20: INFO ----->定位方式:xpath--->定位值://*[@id="vehicleModel"]/div/div[2]/div[1]/div/div/div/ul/li[27]/a
2019-07-17 10:04:20,544 find_element.py--> get_element 20: INFO ----->定位方式:xpath--->定位值://*[@id="vehicleModel"]/div/div[2]/div[2]/div/div/button/span[1]
2019-07-17 10:04:20,836 find_element.py--> get_element 20: INFO ----->定位方式:xpath--->定位值://*[@id="vehicleModel"]/div/div[2]/div[2]/div/div/div/ul/li[3]/a/span[1]
2019-07-17 10:04:20,996 find_element.py--> get_element 20: INFO ----->定位方式:xpath--->定位值://*[@id="vehicleModel"]/div/div[1]/div[4]/div/div/button/span[1]
2019-07-17 10:04:21,127 find_element.py--> get_element 20: INFO ----->定位方式:xpath--->定位值://*[@id="vehicleModel"]/div/div[1]/div[4]/div/div/div/ul/li[2]/a
2019-07-17 10:04:21,262 find_element.py--> get_element 20: INFO ----->定位方式:id--->定位值:guidePrice
2019-07-17 10:04:21,331 find_element.py--> get_element 20: INFO ----->定位方式:id--->定位值:guidePrice
2019-07-17 10:04:21,563 find_element.py--> get_element 20: INFO ----->定位方式:id--->定位值:salePrice
2019-07-17 10:04:21,915 order_info_business.py--> car_price 20: INFO ----->定金金额：3500
2019-07-17 10:04:21,918 find_element.py--> get_element 20: INFO ----->定位方式:id--->定位值:preLicenseProvince
2019-07-17 10:04:22,082 find_element.py--> get_element 20: INFO ----->定位方式:xpath--->定位值://*[@id="preLicenseProvince"]/option[20]
2019-07-17 10:04:22,164 find_element.py--> get_element 20: INFO ----->定位方式:id--->定位值:preLicenseCity
2019-07-17 10:04:22,312 find_element.py--> get_element 20: INFO ----->定位方式:xpath--->定位值://*[@id="preLicenseCity"]/option[2]
2019-07-17 10:04:22,390 find_element.py--> get_element 20: INFO ----->定位方式:id--->定位值:preLicenseSotre
2019-07-17 10:04:22,530 find_element.py--> get_element 20: INFO ----->定位方式:xpath--->定位值://*[@id="preLicenseSotre"]/option[2]
2019-07-17 10:04:22,633 find_element.py--> get_element 20: INFO ----->定位方式:id--->定位值:queryEmissionStandardName
2019-07-17 10:04:22,792 find_element.py--> get_element 20: INFO ----->定位方式:id--->定位值:channelTypeHT
2019-07-17 10:04:23,011 find_element.py--> get_element 20: INFO ----->定位方式:id--->定位值:realNameSystemNNull
2019-07-17 10:04:23,166 find_element.py--> get_element 20: INFO ----->定位方式:id--->定位值:shopInsuranceNNull
2019-07-17 10:04:23,255 find_element.py--> get_element 20: INFO ----->定位方式:id--->定位值:firstYearVehicleAndVesselTax
2019-07-17 10:04:23,366 find_element.py--> get_element 20: INFO ----->定位方式:id--->定位值:firstYearSali
2019-07-17 10:04:23,478 find_element.py--> get_element 20: INFO ----->定位方式:id--->定位值:firstCommercialTheft
2019-07-17 10:04:23,582 find_element.py--> get_element 20: INFO ----->定位方式:id--->定位值:advancePremiumAmt
2019-07-17 10:04:23,666 find_element.py--> get_element 20: INFO ----->定位方式:id--->定位值:termCount
2019-07-17 10:04:23,811 find_element.py--> get_element 20: INFO ----->定位方式:id--->定位值:monthlyRent
2019-07-17 10:04:24,008 find_element.py--> get_element 20: INFO ----->定位方式:id--->定位值:cusInterestRates
2019-07-17 10:04:24,115 find_element.py--> get_element 20: INFO ----->定位方式:id--->定位值:purchaseTax
2019-07-17 10:04:24,301 find_element.py--> get_element 20: INFO ----->定位方式:id--->定位值:gpsFee
2019-07-17 10:04:24,483 find_element.py--> get_element 20: INFO ----->定位方式:id--->定位值:accountMaintenanceFee
2019-07-17 10:04:24,543 find_element.py--> get_element 20: INFO ----->定位方式:id--->定位值:yxDownPaymentAmt
2019-07-17 10:04:24,854 find_element.py--> get_element 20: INFO ----->定位方式:id--->定位值:yxRiskFinancingAmt
2019-07-17 10:04:25,036 find_element.py--> get_element 20: INFO ----->定位方式:id--->定位值:yxRiskControlFinancingAmt
2019-07-17 10:04:25,202 find_element.py--> get_element 20: INFO ----->定位方式:id--->定位值:hsServiceFee
2019-07-17 10:04:25,370 find_element.py--> get_element 20: INFO ----->定位方式:id--->定位值:licenseFee
2019-07-17 10:04:25,525 find_element.py--> get_element 20: INFO ----->定位方式:id--->定位值:mortgageFee
2019-07-17 10:04:25,681 find_element.py--> get_element 20: INFO ----->定位方式:id--->定位值:totalDownPaymentOtherAmt
2019-07-17 10:04:25,775 find_element.py--> get_element 20: INFO ----->定位方式:id--->定位值:remarkId
2019-07-17 10:04:26,197 find_element.py--> get_element 20: INFO ----->定位方式:xpath--->定位值://*[@id="fanancingInfoHs"]/div/div[2]/div[1]/div/div/button/span[1]
2019-07-17 10:04:26,315 find_element.py--> get_element 20: INFO ----->定位方式:xpath--->定位值://*[@id="fanancingInfoHs"]/div/div[2]/div[1]/div/div/div/ul/li[2]/a/span[1]
2019-07-17 10:04:26,498 find_element.py--> get_element 20: INFO ----->定位方式:id--->定位值:yxOrderNo
2019-07-17 10:04:26,928 find_element.py--> get_element 20: INFO ----->定位方式:xpath--->定位值://*[@id="yxAuditFile"]/div/table/tbody/tr[1]/td[3]/input
2019-07-17 10:04:28,079 find_element.py--> get_element 20: INFO ----->定位方式:xpath--->定位值://*[@id="yx-upload-check"]
2019-07-17 10:04:30,524 find_element.py--> get_element 20: INFO ----->定位方式:xpath--->定位值://*[@id="yx-upload-sub"]
2019-07-17 10:04:30,701 find_element.py--> get_element 20: INFO ----->定位方式:xpath--->定位值://*[@id="cusUpdateModal"]/div/div/div[3]/button
2019-07-17 10:04:31,824 find_element.py--> get_element 20: INFO ----->定位方式:xpath--->定位值://*[@id="yxAuditFile"]/div/table/tbody/tr[2]/td[3]/input
2019-07-17 10:04:32,957 find_element.py--> get_element 20: INFO ----->定位方式:xpath--->定位值://*[@id="yx-upload-check"]
2019-07-17 10:04:36,274 find_element.py--> get_element 20: INFO ----->定位方式:xpath--->定位值://*[@id="yx-upload-check"]
2019-07-17 10:04:39,553 find_element.py--> get_element 20: INFO ----->定位方式:xpath--->定位值://*[@id="yx-upload-sub"]
2019-07-17 10:04:39,667 find_element.py--> get_element 20: INFO ----->定位方式:xpath--->定位值://*[@id="cusUpdateModal"]/div/div/div[3]/button
2019-07-17 10:04:40,794 find_element.py--> get_element 20: INFO ----->定位方式:id--->定位值:basicTempSave
2019-07-17 10:04:42,738 find_element.py--> get_element 20: INFO ----->定位方式:id--->定位值:basicModalBtnNegative
2019-07-17 16:41:34,288 login_handle.py--> send_username 20: INFO ----->输入用户名是：zhaoyunhe1
2019-07-17 16:41:34,293 find_element.py--> get_element 20: INFO ----->定位方式:id--->定位值:loginId
2019-07-17 16:41:34,428 login_handle.py--> send_password 20: INFO ----->输入密码是：123qwe
2019-07-17 16:41:34,431 find_element.py--> get_element 20: INFO ----->定位方式:id--->定位值:password
2019-07-17 16:41:34,519 find_element.py--> get_element 20: INFO ----->定位方式:className--->定位值:login-submit
2019-07-17 16:41:36,103 find_element.py--> get_element 20: INFO ----->定位方式:id--->定位值:910000
2019-07-17 16:41:37,196 find_element.py--> get_element 20: INFO ----->定位方式:id--->定位值:15000000
2019-07-17 16:41:38,291 find_element.py--> get_element 20: INFO ----->定位方式:xpath--->定位值://*[@id="15080000"]
2019-07-17 16:41:38,374 find_element.py--> get_element 20: INFO ----->定位方式:id--->定位值:15080100
2019-07-17 16:41:40,655 find_element.py--> get_element 20: INFO ----->定位方式:xpath--->定位值://*[@id="btn_xinzeng"]
2019-07-17 16:41:42,191 order_info_handle.py--> send_userinfo 20: INFO ----->输入的手机号：12078748918
2019-07-17 16:41:42,194 find_element.py--> get_element 20: INFO ----->定位方式:id--->定位值:phoneNo
2019-07-17 16:41:43,553 find_element.py--> get_element 20: INFO ----->定位方式:id--->定位值:queryMobile
2019-07-17 16:41:44,700 find_element.py--> get_element 20: INFO ----->定位方式:xpath--->定位值://*[@id="customerBase"]/div/div[1]/div[3]/div/div/button/span[1]
2019-07-17 16:41:44,859 find_element.py--> get_element 20: INFO ----->定位方式:xpath--->定位值://*[@id="customerBase"]/div/div[1]/div[3]/div/div/div/ul/li[2]/a/span[1]
2019-07-17 16:41:46,000 find_element.py--> get_element 20: INFO ----->定位方式:xpath--->定位值://*[@id="vehicleModel"]/div/div[1]/div[1]/div/div/button/span[1]
2019-07-17 16:41:46,148 find_element.py--> get_element 20: INFO ----->定位方式:xpath--->定位值://*[@id="vehicleModel"]/div/div[1]/div[1]/div/div/div/ul/li[3]/a/span[1]
2019-07-17 16:41:46,327 find_element.py--> get_element 20: INFO ----->定位方式:id--->定位值:purchaseAmount
2019-07-17 16:41:46,407 find_element.py--> get_element 20: INFO ----->定位方式:xpath--->定位值://*[@id="vehicleModel"]/div/div[1]/div[3]/div/div/button/span[1]
2019-07-17 16:41:46,653 find_element.py--> get_element 20: INFO ----->定位方式:xpath--->定位值://*[@id="vehicleModel"]/div/div[1]/div[3]/div/div/div/ul/li[121]/a
2019-07-17 16:41:46,847 find_element.py--> get_element 20: INFO ----->定位方式:xpath--->定位值://*[@id="vehicleModel"]/div/div[2]/div[1]/div/div/button/span[1]
2019-07-17 16:41:47,015 find_element.py--> get_element 20: INFO ----->定位方式:xpath--->定位值://*[@id="vehicleModel"]/div/div[2]/div[1]/div/div/div/ul/li[27]/a
2019-07-17 16:41:47,194 find_element.py--> get_element 20: INFO ----->定位方式:xpath--->定位值://*[@id="vehicleModel"]/div/div[2]/div[2]/div/div/button/span[1]
2019-07-17 16:41:47,430 find_element.py--> get_element 20: INFO ----->定位方式:xpath--->定位值://*[@id="vehicleModel"]/div/div[2]/div[2]/div/div/div/ul/li[3]/a/span[1]
2019-07-17 16:41:47,574 find_element.py--> get_element 20: INFO ----->定位方式:xpath--->定位值://*[@id="vehicleModel"]/div/div[1]/div[4]/div/div/button/span[1]
2019-07-17 16:41:47,700 find_element.py--> get_element 20: INFO ----->定位方式:xpath--->定位值://*[@id="vehicleModel"]/div/div[1]/div[4]/div/div/div/ul/li[2]/a
2019-07-17 16:41:47,852 find_element.py--> get_element 20: INFO ----->定位方式:id--->定位值:guidePrice
2019-07-17 16:41:47,905 find_element.py--> get_element 20: INFO ----->定位方式:id--->定位值:guidePrice
2019-07-17 16:41:48,158 find_element.py--> get_element 20: INFO ----->定位方式:id--->定位值:salePrice
2019-07-17 16:41:48,491 order_info_business.py--> car_price 20: INFO ----->定金金额：3500
2019-07-17 16:41:48,493 find_element.py--> get_element 20: INFO ----->定位方式:id--->定位值:preLicenseProvince
2019-07-17 16:41:48,690 find_element.py--> get_element 20: INFO ----->定位方式:xpath--->定位值://*[@id="preLicenseProvince"]/option[20]
2019-07-17 16:41:48,811 find_element.py--> get_element 20: INFO ----->定位方式:id--->定位值:preLicenseCity
2019-07-17 16:41:48,967 find_element.py--> get_element 20: INFO ----->定位方式:xpath--->定位值://*[@id="preLicenseCity"]/option[2]
2019-07-17 16:41:49,049 find_element.py--> get_element 20: INFO ----->定位方式:id--->定位值:preLicenseSotre
2019-07-17 16:41:49,183 find_element.py--> get_element 20: INFO ----->定位方式:xpath--->定位值://*[@id="preLicenseSotre"]/option[2]
2019-07-17 16:41:49,259 find_element.py--> get_element 20: INFO ----->定位方式:id--->定位值:queryEmissionStandardName
2019-07-17 16:41:49,482 find_element.py--> get_element 20: INFO ----->定位方式:id--->定位值:channelTypeHT
2019-07-17 16:41:49,662 find_element.py--> get_element 20: INFO ----->定位方式:id--->定位值:realNameSystemNNull
2019-07-17 16:41:49,815 find_element.py--> get_element 20: INFO ----->定位方式:id--->定位值:shopInsuranceNNull
2019-07-17 16:41:49,901 find_element.py--> get_element 20: INFO ----->定位方式:id--->定位值:firstYearVehicleAndVesselTax
2019-07-17 16:41:49,999 find_element.py--> get_element 20: INFO ----->定位方式:id--->定位值:firstYearSali
2019-07-17 16:41:50,099 find_element.py--> get_element 20: INFO ----->定位方式:id--->定位值:firstCommercialTheft
2019-07-17 16:41:50,195 find_element.py--> get_element 20: INFO ----->定位方式:id--->定位值:advancePremiumAmt
2019-07-17 16:41:50,251 find_element.py--> get_element 20: INFO ----->定位方式:id--->定位值:termCount
2019-07-17 16:41:50,406 find_element.py--> get_element 20: INFO ----->定位方式:id--->定位值:monthlyRent
2019-07-17 16:41:50,629 find_element.py--> get_element 20: INFO ----->定位方式:id--->定位值:cusInterestRates
2019-07-17 16:41:50,710 find_element.py--> get_element 20: INFO ----->定位方式:id--->定位值:purchaseTax
2019-07-17 16:41:50,898 find_element.py--> get_element 20: INFO ----->定位方式:id--->定位值:gpsFee
2019-07-17 16:41:51,048 find_element.py--> get_element 20: INFO ----->定位方式:id--->定位值:accountMaintenanceFee
2019-07-17 16:41:51,103 find_element.py--> get_element 20: INFO ----->定位方式:id--->定位值:yxDownPaymentAmt
2019-07-17 16:41:51,344 find_element.py--> get_element 20: INFO ----->定位方式:id--->定位值:yxRiskFinancingAmt
2019-07-17 16:41:51,574 find_element.py--> get_element 20: INFO ----->定位方式:id--->定位值:yxRiskControlFinancingAmt
2019-07-17 16:41:51,735 find_element.py--> get_element 20: INFO ----->定位方式:id--->定位值:hsServiceFee
2019-07-17 16:41:51,895 find_element.py--> get_element 20: INFO ----->定位方式:id--->定位值:licenseFee
2019-07-17 16:41:52,068 find_element.py--> get_element 20: INFO ----->定位方式:id--->定位值:mortgageFee
2019-07-17 16:41:52,228 find_element.py--> get_element 20: INFO ----->定位方式:id--->定位值:totalDownPaymentOtherAmt
2019-07-17 16:41:52,327 find_element.py--> get_element 20: INFO ----->定位方式:id--->定位值:remarkId
2019-07-17 16:41:52,747 find_element.py--> get_element 20: INFO ----->定位方式:xpath--->定位值://*[@id="fanancingInfoHs"]/div/div[2]/div[1]/div/div/button/span[1]
2019-07-17 16:41:52,864 find_element.py--> get_element 20: INFO ----->定位方式:xpath--->定位值://*[@id="fanancingInfoHs"]/div/div[2]/div[1]/div/div/div/ul/li[2]/a/span[1]
2019-07-17 16:41:53,042 find_element.py--> get_element 20: INFO ----->定位方式:id--->定位值:yxOrderNo
2019-07-17 16:41:53,445 find_element.py--> get_element 20: INFO ----->定位方式:xpath--->定位值://*[@id="yxAuditFile"]/div/table/tbody/tr[1]/td[3]/input
2019-07-17 16:41:54,577 find_element.py--> get_element 20: INFO ----->定位方式:xpath--->定位值://*[@id="yx-upload-check"]
2019-07-17 16:41:57,068 find_element.py--> get_element 20: INFO ----->定位方式:xpath--->定位值://*[@id="yx-upload-sub"]
2019-07-17 16:41:57,533 find_element.py--> get_element 20: INFO ----->定位方式:xpath--->定位值://*[@id="cusUpdateModal"]/div/div/div[3]/button
2019-07-17 16:41:58,858 find_element.py--> get_element 20: INFO ----->定位方式:xpath--->定位值://*[@id="yxAuditFile"]/div/table/tbody/tr[2]/td[3]/input
2019-07-17 16:41:59,998 find_element.py--> get_element 20: INFO ----->定位方式:xpath--->定位值://*[@id="yx-upload-check"]
2019-07-17 16:42:03,287 find_element.py--> get_element 20: INFO ----->定位方式:xpath--->定位值://*[@id="yx-upload-check"]
2019-07-17 16:42:06,499 find_element.py--> get_element 20: INFO ----->定位方式:xpath--->定位值://*[@id="yx-upload-sub"]
2019-07-17 16:42:06,610 find_element.py--> get_element 20: INFO ----->定位方式:xpath--->定位值://*[@id="cusUpdateModal"]/div/div/div[3]/button
2019-07-17 16:42:07,733 find_element.py--> get_element 20: INFO ----->定位方式:id--->定位值:basicTempSave
2019-07-17 16:42:09,962 find_element.py--> get_element 20: INFO ----->定位方式:id--->定位值:basicModalBtnNegative
