2019-06-14 10:33:47,999 login_handle.py--> send_username 20: INFO ----->输入用户名是：ccadmin
2019-06-14 10:33:48,001 find_element.py--> get_element 20: INFO ----->定位方式:id--->定位值:loginId
2019-06-14 10:33:48,086 login_handle.py--> send_password 20: INFO ----->输入密码是：123qwe
2019-06-14 10:33:48,087 find_element.py--> get_element 20: INFO ----->定位方式:id--->定位值:password
2019-06-14 10:33:48,152 find_element.py--> get_element 20: INFO ----->定位方式:className--->定位值:login-submit
2019-06-14 10:33:49,942 find_element.py--> get_element 20: INFO ----->定位方式:id--->定位值:910000
2019-06-14 10:33:51,015 find_element.py--> get_element 20: INFO ----->定位方式:id--->定位值:15000000
2019-06-14 10:33:52,087 find_element.py--> get_element 20: INFO ----->定位方式:xpath--->定位值://*[@id="15080000"]
2019-06-14 10:33:52,158 find_element.py--> get_element 20: INFO ----->定位方式:id--->定位值:15080100
2019-06-14 10:33:54,595 find_element.py--> get_element 20: INFO ----->定位方式:xpath--->定位值://*[@id="btn_xinzeng"]
2019-06-14 10:33:56,081 order_info_handle.py--> send_userinfo 20: INFO ----->输入的手机号：18680977201
2019-06-14 10:33:56,083 find_element.py--> get_element 20: INFO ----->定位方式:id--->定位值:phoneNo
2019-06-14 10:33:57,126 find_element.py--> get_element 20: INFO ----->定位方式:id--->定位值:queryMobile
2019-06-14 10:33:58,252 order_info_handle.py--> send_userinfo 20: INFO ----->输入的身份证号：110101196706307192
2019-06-14 10:33:58,253 find_element.py--> get_element 20: INFO ----->定位方式:id--->定位值:idNumber
2019-06-14 10:34:00,302 find_element.py--> get_element 20: INFO ----->定位方式:xpath--->定位值://*[@id="vehicleModel"]/div/div[1]/div[1]/div/div/button/span[1]
2019-06-14 10:34:00,464 find_element.py--> get_element 20: INFO ----->定位方式:xpath--->定位值://*[@id="vehicleModel"]/div/div[1]/div[1]/div/div/div/ul/li[3]/a/span[1]
2019-06-14 10:34:00,700 find_element.py--> get_element 20: INFO ----->定位方式:id--->定位值:purchaseAmount
2019-06-14 10:34:00,884 find_element.py--> get_element 20: INFO ----->定位方式:xpath--->定位值://*[@id="vehicleModel"]/div/div[1]/div[3]/div/div/button/span[1]
2019-06-14 10:34:01,151 find_element.py--> get_element 20: INFO ----->定位方式:xpath--->定位值://*[@id="vehicleModel"]/div/div[1]/div[3]/div/div/div/ul/li[121]/a
2019-06-14 10:34:01,338 find_element.py--> get_element 20: INFO ----->定位方式:xpath--->定位值://*[@id="vehicleModel"]/div/div[2]/div[1]/div/div/button/span[1]
2019-06-14 10:34:01,542 find_element.py--> get_element 20: INFO ----->定位方式:xpath--->定位值://*[@id="vehicleModel"]/div/div[2]/div[1]/div/div/div/ul/li[27]/a
2019-06-14 10:34:01,712 find_element.py--> get_element 20: INFO ----->定位方式:xpath--->定位值://*[@id="vehicleModel"]/div/div[2]/div[2]/div/div/button/span[1]
2019-06-14 10:34:02,025 find_element.py--> get_element 20: INFO ----->定位方式:xpath--->定位值://*[@id="vehicleModel"]/div/div[2]/div[2]/div/div/div/ul/li[3]/a/span[1]
2019-06-14 10:34:02,199 find_element.py--> get_element 20: INFO ----->定位方式:xpath--->定位值://*[@id="vehicleModel"]/div/div[1]/div[4]/div/div/button/span[1]
2019-06-14 10:34:02,374 find_element.py--> get_element 20: INFO ----->定位方式:xpath--->定位值://*[@id="vehicleModel"]/div/div[1]/div[4]/div/div/div/ul/li[2]/a
2019-06-14 10:34:02,495 find_element.py--> get_element 20: INFO ----->定位方式:id--->定位值:guidePrice
2019-06-14 10:34:02,548 find_element.py--> get_element 20: INFO ----->定位方式:id--->定位值:guidePrice
2019-06-14 10:34:02,771 find_element.py--> get_element 20: INFO ----->定位方式:id--->定位值:salePrice
2019-06-14 10:34:03,079 order_info_business.py--> car_price 20: INFO ----->定金金额：3500
2019-06-14 10:34:03,082 find_element.py--> get_element 20: INFO ----->定位方式:id--->定位值:preLicenseProvince
2019-06-14 10:34:03,209 find_element.py--> get_element 20: INFO ----->定位方式:xpath--->定位值://*[@id="preLicenseProvince"]/option[20]
2019-06-14 10:34:03,291 find_element.py--> get_element 20: INFO ----->定位方式:id--->定位值:preLicenseCity
2019-06-14 10:34:03,430 find_element.py--> get_element 20: INFO ----->定位方式:xpath--->定位值://*[@id="preLicenseCity"]/option[2]
2019-06-14 10:34:03,509 find_element.py--> get_element 20: INFO ----->定位方式:id--->定位值:preLicenseSotre
2019-06-14 10:34:03,675 find_element.py--> get_element 20: INFO ----->定位方式:xpath--->定位值://*[@id="preLicenseSotre"]/option[2]
2019-06-14 10:34:03,746 find_element.py--> get_element 20: INFO ----->定位方式:id--->定位值:channelTypeGH
2019-06-14 10:34:03,900 find_element.py--> get_element 20: INFO ----->定位方式:id--->定位值:realNameSystemYNull
2019-06-14 10:34:04,040 find_element.py--> get_element 20: INFO ----->定位方式:id--->定位值:shopInsuranceYNull
2019-06-14 10:34:04,184 find_element.py--> get_element 20: INFO ----->定位方式:id--->定位值:firstYearVehicleAndVesselTax
2019-06-14 10:34:04,284 find_element.py--> get_element 20: INFO ----->定位方式:id--->定位值:firstYearSali
2019-06-14 10:34:04,391 find_element.py--> get_element 20: INFO ----->定位方式:id--->定位值:firstCommercialTheft
2019-06-14 10:34:04,501 find_element.py--> get_element 20: INFO ----->定位方式:id--->定位值:advancePremiumAmt
2019-06-14 10:34:04,623 find_element.py--> get_element 20: INFO ----->定位方式:id--->定位值:termCount
2019-06-14 10:34:04,782 find_element.py--> get_element 20: INFO ----->定位方式:id--->定位值:monthlyRent
2019-06-14 10:34:04,965 find_element.py--> get_element 20: INFO ----->定位方式:id--->定位值:cusInterestRates
2019-06-14 10:34:05,084 find_element.py--> get_element 20: INFO ----->定位方式:id--->定位值:purchaseTax
2019-06-14 10:34:05,235 find_element.py--> get_element 20: INFO ----->定位方式:id--->定位值:gpsFee
2019-06-14 10:34:05,381 find_element.py--> get_element 20: INFO ----->定位方式:id--->定位值:accountMaintenanceFee
2019-06-14 10:34:05,555 find_element.py--> get_element 20: INFO ----->定位方式:id--->定位值:yxDownPaymentAmt
2019-06-14 10:34:05,754 find_element.py--> get_element 20: INFO ----->定位方式:id--->定位值:yxRiskFinancingAmt
2019-06-14 10:34:05,935 find_element.py--> get_element 20: INFO ----->定位方式:id--->定位值:yxRiskControlFinancingAmt
2019-06-14 10:34:06,118 find_element.py--> get_element 20: INFO ----->定位方式:id--->定位值:hsServiceFee
2019-06-14 10:34:06,280 find_element.py--> get_element 20: INFO ----->定位方式:id--->定位值:licenseFee
2019-06-14 10:34:06,434 find_element.py--> get_element 20: INFO ----->定位方式:id--->定位值:mortgageFee
2019-06-14 10:34:06,633 find_element.py--> get_element 20: INFO ----->定位方式:id--->定位值:totalDownPaymentOtherAmt
2019-06-14 10:34:06,742 find_element.py--> get_element 20: INFO ----->定位方式:id--->定位值:remarkId
2019-06-14 10:34:07,234 find_element.py--> get_element 20: INFO ----->定位方式:xpath--->定位值://*[@id="fanancingInfoHs"]/div/div[2]/div[1]/div/div/button/span[1]
2019-06-14 10:34:07,355 find_element.py--> get_element 20: INFO ----->定位方式:xpath--->定位值://*[@id="fanancingInfoHs"]/div/div[2]/div[1]/div/div/div/ul/li[2]/a/span[1]
2019-06-14 10:34:07,516 find_element.py--> get_element 20: INFO ----->定位方式:id--->定位值:yxOrderNo
2019-06-14 10:34:07,991 find_element.py--> get_element 20: INFO ----->定位方式:xpath--->定位值://*[@id="yxAuditFile"]/div/table/tbody/tr[1]/td[3]/input
2019-06-14 10:34:09,129 find_element.py--> get_element 20: INFO ----->定位方式:xpath--->定位值://*[@id="yx-upload-check"]
2019-06-14 10:34:11,632 find_element.py--> get_element 20: INFO ----->定位方式:xpath--->定位值://*[@id="yx-upload-sub"]
2019-06-14 10:34:11,745 find_element.py--> get_element 20: INFO ----->定位方式:xpath--->定位值://*[@id="cusUpdateModal"]/div/div/div[3]/button
2019-06-14 10:34:12,874 find_element.py--> get_element 20: INFO ----->定位方式:xpath--->定位值://*[@id="yxAuditFile"]/div/table/tbody/tr[2]/td[3]/input
2019-06-14 10:34:16,880 find_element.py--> get_element 20: INFO ----->找不到定位元素
