2019-08-06 15:23:00,233 login_handle.py--> send_username 20: INFO ----->输入用户名是：ccadmin
2019-08-06 15:23:00,234 find_element.py--> get_element 20: INFO ----->定位方式:id--->定位值:loginId
2019-08-06 15:23:00,326 login_handle.py--> send_password 20: INFO ----->输入密码是：123qwe
2019-08-06 15:23:00,328 find_element.py--> get_element 20: INFO ----->定位方式:id--->定位值:password
2019-08-06 15:23:00,398 find_element.py--> get_element 20: INFO ----->定位方式:className--->定位值:login-submit
2019-08-06 15:23:03,089 find_element.py--> get_element 20: INFO ----->定位方式:id--->定位值:910000
2019-08-06 15:23:05,721 find_element.py--> get_element 20: INFO ----->定位方式:id--->定位值:15000000
2019-08-06 15:23:06,799 find_element.py--> get_element 20: INFO ----->定位方式:xpath--->定位值://*[@id="15080000"]
2019-08-06 15:23:06,869 find_element.py--> get_element 20: INFO ----->定位方式:id--->定位值:15080100
2019-08-06 15:23:38,847 find_element.py--> get_element 20: INFO ----->定位方式:xpath--->定位值://*[@id="btn_xinzeng"]
2019-08-06 15:24:08,196 order_info_handle.py--> send_userinfo 20: INFO ----->输入的手机号：12051737271
2019-08-06 15:24:08,198 find_element.py--> get_element 20: INFO ----->定位方式:id--->定位值:phoneNo
2019-08-06 15:24:08,204 find_element.py--> get_element 20: INFO ----->找不到定位元素
2019-08-06 15:24:27,607 login_handle.py--> send_username 20: INFO ----->输入用户名是：ccadmin
2019-08-06 15:24:27,609 find_element.py--> get_element 20: INFO ----->定位方式:id--->定位值:loginId
2019-08-06 15:24:27,699 login_handle.py--> send_password 20: INFO ----->输入密码是：123qwe
2019-08-06 15:24:27,701 find_element.py--> get_element 20: INFO ----->定位方式:id--->定位值:password
2019-08-06 15:24:27,763 find_element.py--> get_element 20: INFO ----->定位方式:className--->定位值:login-submit
2019-08-06 15:24:30,190 find_element.py--> get_element 20: INFO ----->定位方式:id--->定位值:910000
2019-08-06 15:24:32,684 find_element.py--> get_element 20: INFO ----->定位方式:id--->定位值:15000000
2019-08-06 15:24:33,769 find_element.py--> get_element 20: INFO ----->定位方式:xpath--->定位值://*[@id="15080000"]
2019-08-06 15:24:33,833 find_element.py--> get_element 20: INFO ----->定位方式:id--->定位值:15080100
2019-08-06 15:25:05,365 find_element.py--> get_element 20: INFO ----->定位方式:xpath--->定位值://*[@id="btn_xinzeng"]
2019-08-06 15:25:45,267 order_info_handle.py--> send_userinfo 20: INFO ----->输入的手机号：12051737271
2019-08-06 15:25:45,270 find_element.py--> get_element 20: INFO ----->定位方式:id--->定位值:phoneNo
2019-08-06 15:25:45,674 find_element.py--> get_element 20: INFO ----->定位方式:id--->定位值:queryMobile
2019-08-06 15:25:46,833 find_element.py--> get_element 20: INFO ----->定位方式:xpath--->定位值://*[@id="customerBase"]/div/div[1]/div[3]/div/div/button/span[1]
2019-08-06 15:25:46,835 find_element.py--> get_element 20: INFO ----->找不到定位元素
