2019-06-21 14:09:58,552 login_handle.py--> send_username 20: INFO ----->输入用户名是：zhaoyunhe1
2019-06-21 14:09:58,555 find_element.py--> get_element 20: INFO ----->定位方式:id--->定位值:loginId
2019-06-21 14:09:58,663 login_handle.py--> send_password 20: INFO ----->输入密码是：123qwe
2019-06-21 14:09:58,665 find_element.py--> get_element 20: INFO ----->定位方式:id--->定位值:password
2019-06-21 14:09:58,731 find_element.py--> get_element 20: INFO ----->定位方式:className--->定位值:login-submit
2019-06-21 14:10:00,369 find_element.py--> get_element 20: INFO ----->定位方式:id--->定位值:910000
2019-06-21 14:10:01,440 find_element.py--> get_element 20: INFO ----->定位方式:id--->定位值:15000000
2019-06-21 14:10:02,519 find_element.py--> get_element 20: INFO ----->定位方式:xpath--->定位值://*[@id="15080000"]
2019-06-21 14:10:02,601 find_element.py--> get_element 20: INFO ----->定位方式:id--->定位值:15080100
2019-06-21 14:10:04,990 find_element.py--> get_element 20: INFO ----->定位方式:xpath--->定位值://*[@id="btn_xinzeng"]
2019-06-21 14:10:06,821 order_info_handle.py--> send_userinfo 20: INFO ----->输入的手机号：18661142271
2019-06-21 14:10:06,825 find_element.py--> get_element 20: INFO ----->定位方式:id--->定位值:phoneNo
2019-06-21 14:10:07,999 find_element.py--> get_element 20: INFO ----->定位方式:id--->定位值:queryMobile
2019-06-21 14:10:09,129 order_info_handle.py--> send_userinfo 20: INFO ----->输入的身份证号：362429194808139380
2019-06-21 14:10:09,130 find_element.py--> get_element 20: INFO ----->定位方式:id--->定位值:idNumber
2019-06-21 14:10:10,864 find_element.py--> get_element 20: INFO ----->定位方式:xpath--->定位值://*[@id="vehicleModel"]/div/div[1]/div[1]/div/div/button/span[1]
2019-06-21 14:10:10,989 find_element.py--> get_element 20: INFO ----->定位方式:xpath--->定位值://*[@id="vehicleModel"]/div/div[1]/div[1]/div/div/div/ul/li[3]/a/span[1]
2019-06-21 14:10:11,192 find_element.py--> get_element 20: INFO ----->定位方式:id--->定位值:purchaseAmount
2019-06-21 14:10:11,247 find_element.py--> get_element 20: INFO ----->定位方式:xpath--->定位值://*[@id="vehicleModel"]/div/div[1]/div[3]/div/div/button/span[1]
2019-06-21 14:10:11,511 find_element.py--> get_element 20: INFO ----->定位方式:xpath--->定位值://*[@id="vehicleModel"]/div/div[1]/div[3]/div/div/div/ul/li[121]/a
2019-06-21 14:10:11,664 find_element.py--> get_element 20: INFO ----->定位方式:xpath--->定位值://*[@id="vehicleModel"]/div/div[2]/div[1]/div/div/button/span[1]
2019-06-21 14:10:11,832 find_element.py--> get_element 20: INFO ----->定位方式:xpath--->定位值://*[@id="vehicleModel"]/div/div[2]/div[1]/div/div/div/ul/li[27]/a
2019-06-21 14:10:12,005 find_element.py--> get_element 20: INFO ----->定位方式:xpath--->定位值://*[@id="vehicleModel"]/div/div[2]/div[2]/div/div/button/span[1]
2019-06-21 14:10:12,218 find_element.py--> get_element 20: INFO ----->定位方式:xpath--->定位值://*[@id="vehicleModel"]/div/div[2]/div[2]/div/div/div/ul/li[3]/a/span[1]
2019-06-21 14:10:12,358 find_element.py--> get_element 20: INFO ----->定位方式:xpath--->定位值://*[@id="vehicleModel"]/div/div[1]/div[4]/div/div/button/span[1]
2019-06-21 14:10:12,501 find_element.py--> get_element 20: INFO ----->定位方式:xpath--->定位值://*[@id="vehicleModel"]/div/div[1]/div[4]/div/div/div/ul/li[2]/a
2019-06-21 14:10:12,633 find_element.py--> get_element 20: INFO ----->定位方式:id--->定位值:guidePrice
2019-06-21 14:10:12,688 find_element.py--> get_element 20: INFO ----->定位方式:id--->定位值:guidePrice
2019-06-21 14:10:12,954 find_element.py--> get_element 20: INFO ----->定位方式:id--->定位值:salePrice
2019-06-21 14:10:13,229 order_info_business.py--> car_price 20: INFO ----->定金金额：3500
2019-06-21 14:10:13,231 find_element.py--> get_element 20: INFO ----->定位方式:id--->定位值:preLicenseProvince
2019-06-21 14:10:13,386 find_element.py--> get_element 20: INFO ----->定位方式:xpath--->定位值://*[@id="preLicenseProvince"]/option[20]
2019-06-21 14:10:13,533 find_element.py--> get_element 20: INFO ----->定位方式:id--->定位值:preLicenseCity
2019-06-21 14:10:13,683 find_element.py--> get_element 20: INFO ----->定位方式:xpath--->定位值://*[@id="preLicenseCity"]/option[2]
2019-06-21 14:10:13,766 find_element.py--> get_element 20: INFO ----->定位方式:id--->定位值:preLicenseSotre
2019-06-21 14:10:13,902 find_element.py--> get_element 20: INFO ----->定位方式:xpath--->定位值://*[@id="preLicenseSotre"]/option[2]
2019-06-21 14:10:13,974 find_element.py--> get_element 20: INFO ----->定位方式:id--->定位值:channelTypeGH
2019-06-21 14:10:14,137 find_element.py--> get_element 20: INFO ----->定位方式:id--->定位值:realNameSystemYNull
2019-06-21 14:10:14,284 find_element.py--> get_element 20: INFO ----->定位方式:id--->定位值:shopInsuranceYNull
2019-06-21 14:10:14,413 find_element.py--> get_element 20: INFO ----->定位方式:id--->定位值:firstYearVehicleAndVesselTax
2019-06-21 14:10:14,513 find_element.py--> get_element 20: INFO ----->定位方式:id--->定位值:firstYearSali
2019-06-21 14:10:14,624 find_element.py--> get_element 20: INFO ----->定位方式:id--->定位值:firstCommercialTheft
2019-06-21 14:10:14,726 find_element.py--> get_element 20: INFO ----->定位方式:id--->定位值:advancePremiumAmt
2019-06-21 14:10:14,872 find_element.py--> get_element 20: INFO ----->定位方式:id--->定位值:termCount
2019-06-21 14:10:14,993 find_element.py--> get_element 20: INFO ----->定位方式:id--->定位值:monthlyRent
2019-06-21 14:10:15,196 find_element.py--> get_element 20: INFO ----->定位方式:id--->定位值:cusInterestRates
2019-06-21 14:10:15,290 find_element.py--> get_element 20: INFO ----->定位方式:id--->定位值:purchaseTax
2019-06-21 14:10:15,462 find_element.py--> get_element 20: INFO ----->定位方式:id--->定位值:gpsFee
2019-06-21 14:10:15,616 find_element.py--> get_element 20: INFO ----->定位方式:id--->定位值:accountMaintenanceFee
2019-06-21 14:10:15,775 find_element.py--> get_element 20: INFO ----->定位方式:id--->定位值:yxDownPaymentAmt
2019-06-21 14:10:16,019 find_element.py--> get_element 20: INFO ----->定位方式:id--->定位值:yxRiskFinancingAmt
2019-06-21 14:10:16,192 find_element.py--> get_element 20: INFO ----->定位方式:id--->定位值:yxRiskControlFinancingAmt
2019-06-21 14:10:16,353 find_element.py--> get_element 20: INFO ----->定位方式:id--->定位值:hsServiceFee
2019-06-21 14:10:16,520 find_element.py--> get_element 20: INFO ----->定位方式:id--->定位值:licenseFee
2019-06-21 14:10:16,677 find_element.py--> get_element 20: INFO ----->定位方式:id--->定位值:mortgageFee
2019-06-21 14:10:16,834 find_element.py--> get_element 20: INFO ----->定位方式:id--->定位值:totalDownPaymentOtherAmt
2019-06-21 14:10:16,961 find_element.py--> get_element 20: INFO ----->定位方式:id--->定位值:remarkId
2019-06-21 14:10:17,429 find_element.py--> get_element 20: INFO ----->定位方式:xpath--->定位值://*[@id="fanancingInfoHs"]/div/div[2]/div[1]/div/div/button/span[1]
2019-06-21 14:10:17,546 find_element.py--> get_element 20: INFO ----->定位方式:xpath--->定位值://*[@id="fanancingInfoHs"]/div/div[2]/div[1]/div/div/div/ul/li[2]/a/span[1]
2019-06-21 14:10:17,701 find_element.py--> get_element 20: INFO ----->定位方式:id--->定位值:yxOrderNo
2019-06-21 14:10:18,180 find_element.py--> get_element 20: INFO ----->定位方式:xpath--->定位值://*[@id="yxAuditFile"]/div/table/tbody/tr[1]/td[3]/input
2019-06-21 14:10:19,341 find_element.py--> get_element 20: INFO ----->定位方式:xpath--->定位值://*[@id="yx-upload-check"]
2019-06-21 14:10:21,824 find_element.py--> get_element 20: INFO ----->定位方式:xpath--->定位值://*[@id="yx-upload-sub"]
2019-06-21 14:10:21,983 find_element.py--> get_element 20: INFO ----->定位方式:xpath--->定位值://*[@id="cusUpdateModal"]/div/div/div[3]/button
2019-06-21 14:10:23,106 find_element.py--> get_element 20: INFO ----->定位方式:xpath--->定位值://*[@id="yxAuditFile"]/div/table/tbody/tr[2]/td[3]/input
2019-06-21 14:10:24,235 find_element.py--> get_element 20: INFO ----->定位方式:xpath--->定位值://*[@id="yx-upload-check"]
2019-06-21 14:10:27,561 find_element.py--> get_element 20: INFO ----->定位方式:xpath--->定位值://*[@id="yx-upload-check"]
2019-06-21 14:10:29,831 find_element.py--> get_element 20: INFO ----->定位方式:xpath--->定位值://*[@id="yx-upload-sub"]
2019-06-21 14:10:30,000 find_element.py--> get_element 20: INFO ----->定位方式:xpath--->定位值://*[@id="cusUpdateModal"]/div/div/div[3]/button
2019-06-21 14:10:31,130 find_element.py--> get_element 20: INFO ----->定位方式:id--->定位值:basicTempSave
2019-06-21 14:10:32,779 find_element.py--> get_element 20: INFO ----->定位方式:id--->定位值:basicModalBtnNegative
2019-06-21 14:10:33,886 find_element.py--> get_element 20: INFO ----->定位方式:id--->定位值:basicSubmit
2019-06-21 14:10:35,714 find_element.py--> get_element 20: INFO ----->定位方式:id--->定位值:basicModalBtnNegative
2019-06-21 14:10:36,969 find_element.py--> get_element 20: INFO ----->定位方式:name--->定位值:customerPhoneNo
2019-06-21 14:10:37,216 find_element.py--> get_element 20: INFO ----->定位方式:id--->定位值:btnSearch
2019-06-21 14:10:38,531 find_element.py--> get_element 20: INFO ----->定位方式:xpath--->定位值://*[@id="orders"]/tbody/tr[1]/td[1]
2019-06-21 14:10:38,641 find_element.py--> get_element 20: INFO ----->定位方式:id--->定位值:btn_shenhedingdan
2019-06-21 14:10:43,144 find_element.py--> get_element 20: INFO ----->定位方式:id--->定位值:basicSubmit
2019-06-21 14:10:44,318 find_element.py--> get_element 20: INFO ----->定位方式:id--->定位值:basicModalBtnNegative
2019-06-21 14:10:45,463 find_element.py--> get_element 20: INFO ----->定位方式:name--->定位值:customerPhoneNo
2019-06-21 14:10:45,672 find_element.py--> get_element 20: INFO ----->定位方式:id--->定位值:btnSearch
2019-06-21 14:10:46,795 find_element.py--> get_element 20: INFO ----->定位方式:xpath--->定位值://*[@id="orders"]/tbody/tr[1]/td[1]
2019-06-21 14:10:47,439 find_element.py--> get_element 20: INFO ----->定位方式:id--->定位值:btn_xiaoshoujiesuan
2019-06-21 14:10:48,644 find_element.py--> get_element 20: INFO ----->定位方式:xpath--->定位值://*[@id="amtDetail"]/div/div[3]/div/button[1]
2019-06-21 14:10:49,797 find_element.py--> get_element 20: INFO ----->定位方式:xpath--->定位值://*[@id="receiptModel"]/div/div/div[2]/button
2019-06-21 14:10:50,897 find_element.py--> get_element 20: INFO ----->定位方式:id--->定位值:deliveryClose
2019-06-21 14:10:52,250 find_element.py--> get_element 20: INFO ----->定位方式:name--->定位值:customerPhoneNo
2019-06-21 14:10:52,421 find_element.py--> get_element 20: INFO ----->定位方式:id--->定位值:btnSearch
2019-06-21 14:10:53,547 find_element.py--> get_element 20: INFO ----->定位方式:xpath--->定位值://*[@id="orders"]/tbody/tr[1]/td[1]
2019-06-21 14:10:53,646 find_element.py--> get_element 20: INFO ----->定位方式:id--->定位值:btn_shengchenghetong
2019-06-21 14:10:54,894 find_element.py--> get_element 20: INFO ----->定位方式:id--->定位值:hsSignBody
2019-06-21 14:10:55,045 find_element.py--> get_element 20: INFO ----->定位方式:xpath--->定位值://*[@id="hsSignBody"]/option[2]
2019-06-21 14:10:55,102 find_element.py--> get_element 20: INFO ----->定位方式:id--->定位值:makeContract
2019-06-21 14:10:55,209 find_element.py--> get_element 20: INFO ----->定位方式:id--->定位值:deliveryClose
2019-06-21 14:10:56,394 find_element.py--> get_element 20: INFO ----->定位方式:name--->定位值:customerPhoneNo
2019-06-21 14:10:56,586 find_element.py--> get_element 20: INFO ----->定位方式:id--->定位值:btnSearch
2019-06-21 14:10:57,807 find_element.py--> get_element 20: INFO ----->定位方式:xpath--->定位值://*[@id="orders"]/tbody/tr[1]/td[1]
2019-06-21 14:10:57,895 find_element.py--> get_element 20: INFO ----->定位方式:id--->定位值:btn_shangchuanhetong
2019-06-21 16:16:35,716 login_handle.py--> send_username 20: INFO ----->输入用户名是：zhaoyunhe1
2019-06-21 16:16:35,719 find_element.py--> get_element 20: INFO ----->定位方式:id--->定位值:loginId
2019-06-21 16:16:35,882 login_handle.py--> send_password 20: INFO ----->输入密码是：123qwe
2019-06-21 16:16:35,884 find_element.py--> get_element 20: INFO ----->定位方式:id--->定位值:password
2019-06-21 16:16:35,994 find_element.py--> get_element 20: INFO ----->定位方式:className--->定位值:login-submit
2019-06-21 16:16:37,685 find_element.py--> get_element 20: INFO ----->定位方式:id--->定位值:910000
2019-06-21 16:16:38,781 find_element.py--> get_element 20: INFO ----->定位方式:id--->定位值:15000000
2019-06-21 16:16:39,873 find_element.py--> get_element 20: INFO ----->定位方式:xpath--->定位值://*[@id="15080000"]
2019-06-21 16:16:39,944 find_element.py--> get_element 20: INFO ----->定位方式:id--->定位值:15080100
2019-06-21 16:16:42,543 find_element.py--> get_element 20: INFO ----->定位方式:xpath--->定位值://*[@id="btn_xinzeng"]
2019-06-21 16:16:42,859 order_info_handle.py--> send_userinfo 20: INFO ----->输入的手机号：18649415058
2019-06-21 16:16:42,860 find_element.py--> get_element 20: INFO ----->定位方式:id--->定位值:phoneNo
2019-06-21 16:16:42,880 find_element.py--> get_element 20: INFO ----->找不到定位元素
2019-06-21 16:18:46,458 login_handle.py--> send_username 20: INFO ----->输入用户名是：zhaoyunhe1
2019-06-21 16:18:46,460 find_element.py--> get_element 20: INFO ----->定位方式:id--->定位值:loginId
2019-06-21 16:18:46,613 login_handle.py--> send_password 20: INFO ----->输入密码是：123qwe
2019-06-21 16:18:46,615 find_element.py--> get_element 20: INFO ----->定位方式:id--->定位值:password
2019-06-21 16:18:46,695 find_element.py--> get_element 20: INFO ----->定位方式:className--->定位值:login-submit
2019-06-21 16:18:48,277 find_element.py--> get_element 20: INFO ----->定位方式:id--->定位值:910000
2019-06-21 16:18:49,345 find_element.py--> get_element 20: INFO ----->定位方式:id--->定位值:15000000
2019-06-21 16:18:50,418 find_element.py--> get_element 20: INFO ----->定位方式:xpath--->定位值://*[@id="15080000"]
2019-06-21 16:18:50,484 find_element.py--> get_element 20: INFO ----->定位方式:id--->定位值:15080100
2019-06-21 16:18:52,933 find_element.py--> get_element 20: INFO ----->定位方式:xpath--->定位值://*[@id="btn_xinzeng"]
2019-06-21 16:18:53,166 order_info_handle.py--> send_userinfo 20: INFO ----->输入的手机号：18691109495
2019-06-21 16:18:53,170 find_element.py--> get_element 20: INFO ----->定位方式:id--->定位值:phoneNo
2019-06-21 16:18:53,184 find_element.py--> get_element 20: INFO ----->找不到定位元素
2019-06-21 16:19:58,851 login_handle.py--> send_username 20: INFO ----->输入用户名是：zhaoyunhe1
2019-06-21 16:19:58,852 find_element.py--> get_element 20: INFO ----->定位方式:id--->定位值:loginId
2019-06-21 16:19:58,965 login_handle.py--> send_password 20: INFO ----->输入密码是：123qwe
2019-06-21 16:19:58,966 find_element.py--> get_element 20: INFO ----->定位方式:id--->定位值:password
2019-06-21 16:19:59,025 find_element.py--> get_element 20: INFO ----->定位方式:className--->定位值:login-submit
2019-06-21 16:20:00,683 find_element.py--> get_element 20: INFO ----->定位方式:id--->定位值:910000
2019-06-21 16:20:01,776 find_element.py--> get_element 20: INFO ----->定位方式:id--->定位值:15000000
2019-06-21 16:20:02,872 find_element.py--> get_element 20: INFO ----->定位方式:xpath--->定位值://*[@id="15080000"]
2019-06-21 16:20:02,955 find_element.py--> get_element 20: INFO ----->定位方式:id--->定位值:15080100
2019-06-21 16:20:05,446 find_element.py--> get_element 20: INFO ----->定位方式:xpath--->定位值://*[@id="btn_xinzeng"]
2019-06-21 16:20:05,669 order_info_handle.py--> send_userinfo 20: INFO ----->输入的手机号：18663726437
2019-06-21 16:20:05,671 find_element.py--> get_element 20: INFO ----->定位方式:id--->定位值:phoneNo
2019-06-21 16:20:05,687 find_element.py--> get_element 20: INFO ----->找不到定位元素
2019-06-21 16:20:23,512 login_handle.py--> send_username 20: INFO ----->输入用户名是：zhaoyunhe1
2019-06-21 16:20:23,514 find_element.py--> get_element 20: INFO ----->定位方式:id--->定位值:loginId
2019-06-21 16:20:23,625 login_handle.py--> send_password 20: INFO ----->输入密码是：123qwe
2019-06-21 16:20:23,628 find_element.py--> get_element 20: INFO ----->定位方式:id--->定位值:password
2019-06-21 16:20:23,706 find_element.py--> get_element 20: INFO ----->定位方式:className--->定位值:login-submit
2019-06-21 16:20:25,226 find_element.py--> get_element 20: INFO ----->定位方式:id--->定位值:910000
2019-06-21 16:20:26,304 find_element.py--> get_element 20: INFO ----->定位方式:id--->定位值:15000000
2019-06-21 16:20:27,388 find_element.py--> get_element 20: INFO ----->定位方式:xpath--->定位值://*[@id="15080000"]
2019-06-21 16:20:27,454 find_element.py--> get_element 20: INFO ----->定位方式:id--->定位值:15080100
2019-06-21 16:20:29,771 find_element.py--> get_element 20: INFO ----->定位方式:xpath--->定位值://*[@id="btn_xinzeng"]
2019-06-21 16:20:30,028 order_info_handle.py--> send_userinfo 20: INFO ----->输入的手机号：18685368419
2019-06-21 16:20:30,030 find_element.py--> get_element 20: INFO ----->定位方式:id--->定位值:phoneNo
2019-06-21 16:20:30,047 find_element.py--> get_element 20: INFO ----->找不到定位元素
2019-06-21 16:40:07,956 login_handle.py--> send_username 20: INFO ----->输入用户名是：zhaoyunhe1
2019-06-21 16:40:07,957 find_element.py--> get_element 20: INFO ----->定位方式:id--->定位值:loginId
2019-06-21 16:40:08,068 login_handle.py--> send_password 20: INFO ----->输入密码是：123qwe
2019-06-21 16:40:08,070 find_element.py--> get_element 20: INFO ----->定位方式:id--->定位值:password
2019-06-21 16:40:08,137 find_element.py--> get_element 20: INFO ----->定位方式:className--->定位值:login-submit
2019-06-21 16:40:09,709 find_element.py--> get_element 20: INFO ----->定位方式:id--->定位值:910000
2019-06-21 16:40:10,784 find_element.py--> get_element 20: INFO ----->定位方式:id--->定位值:15000000
2019-06-21 16:40:11,874 find_element.py--> get_element 20: INFO ----->定位方式:xpath--->定位值://*[@id="15080000"]
2019-06-21 16:40:11,958 find_element.py--> get_element 20: INFO ----->定位方式:id--->定位值:15080100
2019-06-21 16:40:14,312 find_element.py--> get_element 20: INFO ----->定位方式:xpath--->定位值://*[@id="btn_xinzeng"]
2019-06-21 16:40:15,813 order_info_handle.py--> send_userinfo 20: INFO ----->输入的手机号：18661107761
2019-06-21 16:40:15,815 find_element.py--> get_element 20: INFO ----->定位方式:id--->定位值:phoneNo
2019-06-21 16:40:16,942 find_element.py--> get_element 20: INFO ----->定位方式:id--->定位值:queryMobile
2019-06-21 16:40:18,114 order_info_handle.py--> send_userinfo 20: INFO ----->输入的身份证号：362426199308221952
2019-06-21 16:40:18,116 find_element.py--> get_element 20: INFO ----->定位方式:id--->定位值:idNumber
2019-06-21 16:40:19,822 find_element.py--> get_element 20: INFO ----->定位方式:xpath--->定位值://*[@id="vehicleModel"]/div/div[1]/div[1]/div/div/button/span[1]
2019-06-21 16:40:19,949 find_element.py--> get_element 20: INFO ----->定位方式:xpath--->定位值://*[@id="vehicleModel"]/div/div[1]/div[1]/div/div/div/ul/li[3]/a/span[1]
2019-06-21 16:40:20,141 find_element.py--> get_element 20: INFO ----->定位方式:id--->定位值:purchaseAmount
2019-06-21 16:40:20,224 find_element.py--> get_element 20: INFO ----->定位方式:xpath--->定位值://*[@id="vehicleModel"]/div/div[1]/div[3]/div/div/button/span[1]
2019-06-21 16:40:20,457 find_element.py--> get_element 20: INFO ----->定位方式:xpath--->定位值://*[@id="vehicleModel"]/div/div[1]/div[3]/div/div/div/ul/li[121]/a
2019-06-21 16:40:20,600 find_element.py--> get_element 20: INFO ----->定位方式:xpath--->定位值://*[@id="vehicleModel"]/div/div[2]/div[1]/div/div/button/span[1]
2019-06-21 16:40:20,784 find_element.py--> get_element 20: INFO ----->定位方式:xpath--->定位值://*[@id="vehicleModel"]/div/div[2]/div[1]/div/div/div/ul/li[27]/a
2019-06-21 16:40:20,930 find_element.py--> get_element 20: INFO ----->定位方式:xpath--->定位值://*[@id="vehicleModel"]/div/div[2]/div[2]/div/div/button/span[1]
2019-06-21 16:40:21,123 find_element.py--> get_element 20: INFO ----->定位方式:xpath--->定位值://*[@id="vehicleModel"]/div/div[2]/div[2]/div/div/div/ul/li[3]/a/span[1]
2019-06-21 16:40:21,316 find_element.py--> get_element 20: INFO ----->定位方式:xpath--->定位值://*[@id="vehicleModel"]/div/div[1]/div[4]/div/div/button/span[1]
2019-06-21 16:40:21,433 find_element.py--> get_element 20: INFO ----->定位方式:xpath--->定位值://*[@id="vehicleModel"]/div/div[1]/div[4]/div/div/div/ul/li[2]/a
2019-06-21 16:40:21,564 find_element.py--> get_element 20: INFO ----->定位方式:id--->定位值:guidePrice
2019-06-21 16:40:21,629 find_element.py--> get_element 20: INFO ----->定位方式:id--->定位值:guidePrice
2019-06-21 16:40:21,884 find_element.py--> get_element 20: INFO ----->定位方式:id--->定位值:salePrice
2019-06-21 16:40:22,202 order_info_business.py--> car_price 20: INFO ----->定金金额：3500
2019-06-21 16:40:22,205 find_element.py--> get_element 20: INFO ----->定位方式:id--->定位值:preLicenseProvince
2019-06-21 16:40:22,346 find_element.py--> get_element 20: INFO ----->定位方式:xpath--->定位值://*[@id="preLicenseProvince"]/option[20]
2019-06-21 16:40:22,429 find_element.py--> get_element 20: INFO ----->定位方式:id--->定位值:preLicenseCity
2019-06-21 16:40:22,613 find_element.py--> get_element 20: INFO ----->定位方式:xpath--->定位值://*[@id="preLicenseCity"]/option[2]
2019-06-21 16:40:22,687 find_element.py--> get_element 20: INFO ----->定位方式:id--->定位值:preLicenseSotre
2019-06-21 16:40:22,837 find_element.py--> get_element 20: INFO ----->定位方式:xpath--->定位值://*[@id="preLicenseSotre"]/option[2]
2019-06-21 16:40:22,909 find_element.py--> get_element 20: INFO ----->定位方式:id--->定位值:channelTypeGH
2019-06-21 16:40:23,089 find_element.py--> get_element 20: INFO ----->定位方式:id--->定位值:realNameSystemYNull
2019-06-21 16:40:23,223 find_element.py--> get_element 20: INFO ----->定位方式:id--->定位值:shopInsuranceYNull
2019-06-21 16:40:23,353 find_element.py--> get_element 20: INFO ----->定位方式:id--->定位值:firstYearVehicleAndVesselTax
2019-06-21 16:40:23,457 find_element.py--> get_element 20: INFO ----->定位方式:id--->定位值:firstYearSali
2019-06-21 16:40:23,563 find_element.py--> get_element 20: INFO ----->定位方式:id--->定位值:firstCommercialTheft
2019-06-21 16:40:23,670 find_element.py--> get_element 20: INFO ----->定位方式:id--->定位值:advancePremiumAmt
2019-06-21 16:40:23,819 find_element.py--> get_element 20: INFO ----->定位方式:id--->定位值:termCount
2019-06-21 16:40:23,964 find_element.py--> get_element 20: INFO ----->定位方式:id--->定位值:monthlyRent
2019-06-21 16:40:24,171 find_element.py--> get_element 20: INFO ----->定位方式:id--->定位值:cusInterestRates
2019-06-21 16:40:24,255 find_element.py--> get_element 20: INFO ----->定位方式:id--->定位值:purchaseTax
2019-06-21 16:40:24,402 find_element.py--> get_element 20: INFO ----->定位方式:id--->定位值:gpsFee
2019-06-21 16:40:24,587 find_element.py--> get_element 20: INFO ----->定位方式:id--->定位值:accountMaintenanceFee
2019-06-21 16:40:24,734 find_element.py--> get_element 20: INFO ----->定位方式:id--->定位值:yxDownPaymentAmt
2019-06-21 16:40:24,935 find_element.py--> get_element 20: INFO ----->定位方式:id--->定位值:yxRiskFinancingAmt
2019-06-21 16:40:25,122 find_element.py--> get_element 20: INFO ----->定位方式:id--->定位值:yxRiskControlFinancingAmt
2019-06-21 16:40:25,295 find_element.py--> get_element 20: INFO ----->定位方式:id--->定位值:hsServiceFee
2019-06-21 16:40:25,453 find_element.py--> get_element 20: INFO ----->定位方式:id--->定位值:licenseFee
2019-06-21 16:40:25,607 find_element.py--> get_element 20: INFO ----->定位方式:id--->定位值:mortgageFee
2019-06-21 16:40:25,750 find_element.py--> get_element 20: INFO ----->定位方式:id--->定位值:totalDownPaymentOtherAmt
2019-06-21 16:40:25,859 find_element.py--> get_element 20: INFO ----->定位方式:id--->定位值:remarkId
2019-06-21 16:40:26,335 find_element.py--> get_element 20: INFO ----->定位方式:xpath--->定位值://*[@id="fanancingInfoHs"]/div/div[2]/div[1]/div/div/button/span[1]
2019-06-21 16:40:26,465 find_element.py--> get_element 20: INFO ----->定位方式:xpath--->定位值://*[@id="fanancingInfoHs"]/div/div[2]/div[1]/div/div/div/ul/li[2]/a/span[1]
2019-06-21 16:40:26,611 find_element.py--> get_element 20: INFO ----->定位方式:id--->定位值:yxOrderNo
2019-06-21 16:40:27,084 find_element.py--> get_element 20: INFO ----->定位方式:xpath--->定位值://*[@id="yxAuditFile"]/div/table/tbody/tr[1]/td[3]/input
2019-06-21 16:40:28,242 find_element.py--> get_element 20: INFO ----->定位方式:xpath--->定位值://*[@id="yx-upload-check"]
2019-06-21 16:40:31,000 find_element.py--> get_element 20: INFO ----->定位方式:xpath--->定位值://*[@id="yx-upload-sub"]
2019-06-21 16:40:31,166 find_element.py--> get_element 20: INFO ----->定位方式:xpath--->定位值://*[@id="cusUpdateModal"]/div/div/div[3]/button
2019-06-21 16:40:32,285 find_element.py--> get_element 20: INFO ----->定位方式:xpath--->定位值://*[@id="yxAuditFile"]/div/table/tbody/tr[2]/td[3]/input
2019-06-21 16:40:33,411 find_element.py--> get_element 20: INFO ----->定位方式:xpath--->定位值://*[@id="yx-upload-check"]
2019-06-21 16:40:36,793 find_element.py--> get_element 20: INFO ----->定位方式:xpath--->定位值://*[@id="yx-upload-check"]
2019-06-21 16:40:39,172 find_element.py--> get_element 20: INFO ----->定位方式:xpath--->定位值://*[@id="yx-upload-sub"]
2019-06-21 16:40:39,395 find_element.py--> get_element 20: INFO ----->定位方式:xpath--->定位值://*[@id="cusUpdateModal"]/div/div/div[3]/button
2019-06-21 16:40:40,544 find_element.py--> get_element 20: INFO ----->定位方式:id--->定位值:basicTempSave
2019-06-21 16:40:42,588 find_element.py--> get_element 20: INFO ----->定位方式:id--->定位值:basicModalBtnNegative
2019-06-21 16:40:43,694 find_element.py--> get_element 20: INFO ----->定位方式:id--->定位值:basicSubmit
2019-06-21 16:40:45,768 find_element.py--> get_element 20: INFO ----->定位方式:id--->定位值:basicModalBtnNegative
2019-06-21 16:40:46,907 find_element.py--> get_element 20: INFO ----->定位方式:name--->定位值:customerPhoneNo
2019-06-21 16:40:47,184 find_element.py--> get_element 20: INFO ----->定位方式:id--->定位值:btnSearch
2019-06-21 16:40:48,509 find_element.py--> get_element 20: INFO ----->定位方式:xpath--->定位值://*[@id="orders"]/tbody/tr[1]/td[1]
2019-06-21 16:40:48,652 find_element.py--> get_element 20: INFO ----->定位方式:id--->定位值:btn_shenhedingdan
2019-06-21 16:40:53,225 find_element.py--> get_element 20: INFO ----->定位方式:id--->定位值:basicSubmit
2019-06-21 16:40:54,413 find_element.py--> get_element 20: INFO ----->定位方式:id--->定位值:basicModalBtnNegative
2019-06-21 16:40:56,956 find_element.py--> get_element 20: INFO ----->定位方式:name--->定位值:customerPhoneNo
2019-06-21 16:40:57,111 find_element.py--> get_element 20: INFO ----->定位方式:id--->定位值:btnSearch
2019-06-21 16:40:58,231 find_element.py--> get_element 20: INFO ----->定位方式:xpath--->定位值://*[@id="orders"]/tbody/tr[1]/td[1]
2019-06-21 16:40:59,010 find_element.py--> get_element 20: INFO ----->定位方式:id--->定位值:btn_xiaoshoujiesuan
2019-06-21 16:41:00,251 find_element.py--> get_element 20: INFO ----->定位方式:xpath--->定位值://*[@id="amtDetail"]/div/div[3]/div/button[1]
2019-06-21 16:41:01,410 find_element.py--> get_element 20: INFO ----->定位方式:xpath--->定位值://*[@id="receiptModel"]/div/div/div[2]/button
2019-06-21 16:41:02,508 find_element.py--> get_element 20: INFO ----->定位方式:id--->定位值:deliveryClose
2019-06-21 16:41:03,798 find_element.py--> get_element 20: INFO ----->定位方式:name--->定位值:customerPhoneNo
2019-06-21 16:41:03,952 find_element.py--> get_element 20: INFO ----->定位方式:id--->定位值:btnSearch
2019-06-21 16:41:05,309 find_element.py--> get_element 20: INFO ----->定位方式:xpath--->定位值://*[@id="orders"]/tbody/tr[1]/td[1]
2019-06-21 16:41:05,413 find_element.py--> get_element 20: INFO ----->定位方式:id--->定位值:btn_shengchenghetong
2019-06-21 16:41:06,542 find_element.py--> get_element 20: INFO ----->定位方式:id--->定位值:hsSignBody
2019-06-21 16:41:06,681 find_element.py--> get_element 20: INFO ----->定位方式:xpath--->定位值://*[@id="hsSignBody"]/option[2]
2019-06-21 16:41:06,743 find_element.py--> get_element 20: INFO ----->定位方式:id--->定位值:makeContract
2019-06-21 16:41:06,847 find_element.py--> get_element 20: INFO ----->定位方式:id--->定位值:deliveryClose
2019-06-21 16:41:08,169 find_element.py--> get_element 20: INFO ----->定位方式:name--->定位值:customerPhoneNo
2019-06-21 16:41:08,389 find_element.py--> get_element 20: INFO ----->定位方式:id--->定位值:btnSearch
2019-06-21 16:41:09,681 find_element.py--> get_element 20: INFO ----->定位方式:xpath--->定位值://*[@id="orders"]/tbody/tr[1]/td[1]
2019-06-21 16:41:09,786 find_element.py--> get_element 20: INFO ----->定位方式:id--->定位值:btn_shangchuanhetong
2019-06-21 16:41:11,388 find_element.py--> get_element 20: INFO ----->定位方式:xpath--->定位值://*[@id="file"]/div/table/tbody/tr[1]/td[3]/input
2019-06-21 16:41:12,573 find_element.py--> get_element 20: INFO ----->定位方式:id--->定位值:yx-upload-check
2019-06-21 16:41:15,881 find_element.py--> get_element 20: INFO ----->定位方式:id--->定位值:yx-upload-sub
2019-06-21 16:41:15,979 find_element.py--> get_element 20: INFO ----->定位方式:xpath--->定位值://*[@id="cusUpdateModal"]/div/div/div[3]/button
2019-06-21 18:02:52,744 login_handle.py--> send_username 20: INFO ----->输入用户名是：zhaoyunhe1
2019-06-21 18:02:52,746 find_element.py--> get_element 20: INFO ----->定位方式:id--->定位值:loginId
2019-06-21 18:02:52,850 login_handle.py--> send_password 20: INFO ----->输入密码是：123qwe
2019-06-21 18:02:52,853 find_element.py--> get_element 20: INFO ----->定位方式:id--->定位值:password
2019-06-21 18:02:52,923 find_element.py--> get_element 20: INFO ----->定位方式:className--->定位值:login-submit
2019-06-21 18:02:54,462 find_element.py--> get_element 20: INFO ----->定位方式:id--->定位值:910000
2019-06-21 18:02:55,533 find_element.py--> get_element 20: INFO ----->定位方式:id--->定位值:15000000
2019-06-21 18:02:56,626 find_element.py--> get_element 20: INFO ----->定位方式:xpath--->定位值://*[@id="15080000"]
2019-06-21 18:02:56,704 find_element.py--> get_element 20: INFO ----->定位方式:id--->定位值:15080100
2019-06-21 18:02:59,271 find_element.py--> get_element 20: INFO ----->定位方式:xpath--->定位值://*[@id="btn_xinzeng"]
2019-06-21 18:03:00,572 order_info_handle.py--> send_userinfo 20: INFO ----->输入的手机号：18634198718
2019-06-21 18:03:00,575 find_element.py--> get_element 20: INFO ----->定位方式:id--->定位值:phoneNo
2019-06-21 18:03:01,420 find_element.py--> get_element 20: INFO ----->定位方式:id--->定位值:queryMobile
2019-06-21 18:03:02,540 order_info_handle.py--> send_userinfo 20: INFO ----->输入的身份证号：110111200106162906
2019-06-21 18:03:02,541 find_element.py--> get_element 20: INFO ----->定位方式:id--->定位值:idNumber
2019-06-21 18:03:04,178 find_element.py--> get_element 20: INFO ----->定位方式:xpath--->定位值://*[@id="vehicleModel"]/div/div[1]/div[1]/div/div/button/span[1]
2019-06-21 18:03:04,304 find_element.py--> get_element 20: INFO ----->定位方式:xpath--->定位值://*[@id="vehicleModel"]/div/div[1]/div[1]/div/div/div/ul/li[3]/a/span[1]
2019-06-21 18:03:04,497 find_element.py--> get_element 20: INFO ----->定位方式:id--->定位值:purchaseAmount
2019-06-21 18:03:04,583 find_element.py--> get_element 20: INFO ----->定位方式:xpath--->定位值://*[@id="vehicleModel"]/div/div[1]/div[3]/div/div/button/span[1]
2019-06-21 18:03:04,847 find_element.py--> get_element 20: INFO ----->定位方式:xpath--->定位值://*[@id="vehicleModel"]/div/div[1]/div[3]/div/div/div/ul/li[121]/a
2019-06-21 18:03:04,992 find_element.py--> get_element 20: INFO ----->定位方式:xpath--->定位值://*[@id="vehicleModel"]/div/div[2]/div[1]/div/div/button/span[1]
2019-06-21 18:03:05,153 find_element.py--> get_element 20: INFO ----->定位方式:xpath--->定位值://*[@id="vehicleModel"]/div/div[2]/div[1]/div/div/div/ul/li[27]/a
2019-06-21 18:03:05,307 find_element.py--> get_element 20: INFO ----->定位方式:xpath--->定位值://*[@id="vehicleModel"]/div/div[2]/div[2]/div/div/button/span[1]
2019-06-21 18:03:05,523 find_element.py--> get_element 20: INFO ----->定位方式:xpath--->定位值://*[@id="vehicleModel"]/div/div[2]/div[2]/div/div/div/ul/li[3]/a/span[1]
2019-06-21 18:03:05,691 find_element.py--> get_element 20: INFO ----->定位方式:xpath--->定位值://*[@id="vehicleModel"]/div/div[1]/div[4]/div/div/button/span[1]
2019-06-21 18:03:05,803 find_element.py--> get_element 20: INFO ----->定位方式:xpath--->定位值://*[@id="vehicleModel"]/div/div[1]/div[4]/div/div/div/ul/li[2]/a
2019-06-21 18:03:05,935 find_element.py--> get_element 20: INFO ----->定位方式:id--->定位值:guidePrice
2019-06-21 18:03:05,989 find_element.py--> get_element 20: INFO ----->定位方式:id--->定位值:guidePrice
2019-06-21 18:03:06,216 find_element.py--> get_element 20: INFO ----->定位方式:id--->定位值:salePrice
2019-06-21 18:03:06,519 order_info_business.py--> car_price 20: INFO ----->定金金额：3500
2019-06-21 18:03:06,522 find_element.py--> get_element 20: INFO ----->定位方式:id--->定位值:preLicenseProvince
2019-06-21 18:03:06,670 find_element.py--> get_element 20: INFO ----->定位方式:xpath--->定位值://*[@id="preLicenseProvince"]/option[20]
2019-06-21 18:03:06,751 find_element.py--> get_element 20: INFO ----->定位方式:id--->定位值:preLicenseCity
2019-06-21 18:03:06,929 find_element.py--> get_element 20: INFO ----->定位方式:xpath--->定位值://*[@id="preLicenseCity"]/option[2]
2019-06-21 18:03:07,016 find_element.py--> get_element 20: INFO ----->定位方式:id--->定位值:preLicenseSotre
2019-06-21 18:03:07,162 find_element.py--> get_element 20: INFO ----->定位方式:xpath--->定位值://*[@id="preLicenseSotre"]/option[2]
2019-06-21 18:03:07,232 find_element.py--> get_element 20: INFO ----->定位方式:id--->定位值:channelTypeGH
2019-06-21 18:03:07,385 find_element.py--> get_element 20: INFO ----->定位方式:id--->定位值:realNameSystemYNull
2019-06-21 18:03:07,549 find_element.py--> get_element 20: INFO ----->定位方式:id--->定位值:shopInsuranceYNull
2019-06-21 18:03:07,687 find_element.py--> get_element 20: INFO ----->定位方式:id--->定位值:firstYearVehicleAndVesselTax
2019-06-21 18:03:07,793 find_element.py--> get_element 20: INFO ----->定位方式:id--->定位值:firstYearSali
2019-06-21 18:03:07,899 find_element.py--> get_element 20: INFO ----->定位方式:id--->定位值:firstCommercialTheft
2019-06-21 18:03:08,006 find_element.py--> get_element 20: INFO ----->定位方式:id--->定位值:advancePremiumAmt
2019-06-21 18:03:08,132 find_element.py--> get_element 20: INFO ----->定位方式:id--->定位值:termCount
2019-06-21 18:03:08,260 find_element.py--> get_element 20: INFO ----->定位方式:id--->定位值:monthlyRent
2019-06-21 18:03:08,468 find_element.py--> get_element 20: INFO ----->定位方式:id--->定位值:cusInterestRates
2019-06-21 18:03:08,560 find_element.py--> get_element 20: INFO ----->定位方式:id--->定位值:purchaseTax
2019-06-21 18:03:08,710 find_element.py--> get_element 20: INFO ----->定位方式:id--->定位值:gpsFee
2019-06-21 18:03:08,872 find_element.py--> get_element 20: INFO ----->定位方式:id--->定位值:accountMaintenanceFee
2019-06-21 18:03:09,025 find_element.py--> get_element 20: INFO ----->定位方式:id--->定位值:yxDownPaymentAmt
2019-06-21 18:03:09,205 find_element.py--> get_element 20: INFO ----->定位方式:id--->定位值:yxRiskFinancingAmt
2019-06-21 18:03:09,393 find_element.py--> get_element 20: INFO ----->定位方式:id--->定位值:yxRiskControlFinancingAmt
2019-06-21 18:03:09,575 find_element.py--> get_element 20: INFO ----->定位方式:id--->定位值:hsServiceFee
2019-06-21 18:03:09,727 find_element.py--> get_element 20: INFO ----->定位方式:id--->定位值:licenseFee
2019-06-21 18:03:09,875 find_element.py--> get_element 20: INFO ----->定位方式:id--->定位值:mortgageFee
2019-06-21 18:03:10,021 find_element.py--> get_element 20: INFO ----->定位方式:id--->定位值:totalDownPaymentOtherAmt
2019-06-21 18:03:10,125 find_element.py--> get_element 20: INFO ----->定位方式:id--->定位值:remarkId
2019-06-21 18:03:10,607 find_element.py--> get_element 20: INFO ----->定位方式:xpath--->定位值://*[@id="fanancingInfoHs"]/div/div[2]/div[1]/div/div/button/span[1]
2019-06-21 18:03:10,731 find_element.py--> get_element 20: INFO ----->定位方式:xpath--->定位值://*[@id="fanancingInfoHs"]/div/div[2]/div[1]/div/div/div/ul/li[2]/a/span[1]
2019-06-21 18:03:10,887 find_element.py--> get_element 20: INFO ----->定位方式:id--->定位值:yxOrderNo
2019-06-21 18:03:11,352 find_element.py--> get_element 20: INFO ----->定位方式:xpath--->定位值://*[@id="yxAuditFile"]/div/table/tbody/tr[1]/td[3]/input
2019-06-21 18:03:12,530 find_element.py--> get_element 20: INFO ----->定位方式:xpath--->定位值://*[@id="yx-upload-check"]
2019-06-21 18:03:15,056 find_element.py--> get_element 20: INFO ----->定位方式:xpath--->定位值://*[@id="yx-upload-sub"]
2019-06-21 18:03:15,208 find_element.py--> get_element 20: INFO ----->定位方式:xpath--->定位值://*[@id="cusUpdateModal"]/div/div/div[3]/button
2019-06-21 18:03:16,326 find_element.py--> get_element 20: INFO ----->定位方式:xpath--->定位值://*[@id="yxAuditFile"]/div/table/tbody/tr[2]/td[3]/input
2019-06-21 18:03:17,450 find_element.py--> get_element 20: INFO ----->定位方式:xpath--->定位值://*[@id="yx-upload-check"]
2019-06-21 18:03:20,865 find_element.py--> get_element 20: INFO ----->定位方式:xpath--->定位值://*[@id="yx-upload-check"]
2019-06-21 18:03:23,131 find_element.py--> get_element 20: INFO ----->定位方式:xpath--->定位值://*[@id="yx-upload-sub"]
2019-06-21 18:03:23,293 find_element.py--> get_element 20: INFO ----->定位方式:xpath--->定位值://*[@id="cusUpdateModal"]/div/div/div[3]/button
2019-06-21 18:03:24,407 find_element.py--> get_element 20: INFO ----->定位方式:id--->定位值:basicTempSave
2019-06-21 18:03:26,072 find_element.py--> get_element 20: INFO ----->定位方式:id--->定位值:basicModalBtnNegative
2019-06-21 18:03:27,185 find_element.py--> get_element 20: INFO ----->定位方式:id--->定位值:basicSubmit
2019-06-21 18:03:29,046 find_element.py--> get_element 20: INFO ----->定位方式:id--->定位值:basicModalBtnNegative
2019-06-21 18:03:30,205 find_element.py--> get_element 20: INFO ----->定位方式:name--->定位值:customerPhoneNo
2019-06-21 18:03:30,436 find_element.py--> get_element 20: INFO ----->定位方式:id--->定位值:btnSearch
2019-06-21 18:03:31,782 find_element.py--> get_element 20: INFO ----->定位方式:xpath--->定位值://*[@id="orders"]/tbody/tr[1]/td[1]
2019-06-21 18:03:31,889 find_element.py--> get_element 20: INFO ----->定位方式:id--->定位值:btn_shenhedingdan
2019-06-21 18:03:36,462 find_element.py--> get_element 20: INFO ----->定位方式:id--->定位值:basicSubmit
2019-06-21 18:03:37,645 find_element.py--> get_element 20: INFO ----->定位方式:id--->定位值:basicModalBtnNegative
2019-06-21 18:03:38,777 find_element.py--> get_element 20: INFO ----->定位方式:name--->定位值:customerPhoneNo
2019-06-21 18:03:38,996 find_element.py--> get_element 20: INFO ----->定位方式:id--->定位值:btnSearch
2019-06-21 18:03:40,371 find_element.py--> get_element 20: INFO ----->定位方式:xpath--->定位值://*[@id="orders"]/tbody/tr[1]/td[1]
2019-06-21 18:03:41,037 find_element.py--> get_element 20: INFO ----->定位方式:id--->定位值:btn_xiaoshoujiesuan
2019-06-21 18:03:42,292 find_element.py--> get_element 20: INFO ----->定位方式:xpath--->定位值://*[@id="amtDetail"]/div/div[3]/div/button[1]
2019-06-21 18:03:43,450 find_element.py--> get_element 20: INFO ----->定位方式:xpath--->定位值://*[@id="receiptModel"]/div/div/div[2]/button
2019-06-21 18:03:44,550 find_element.py--> get_element 20: INFO ----->定位方式:id--->定位值:deliveryClose
2019-06-21 18:03:45,765 find_element.py--> get_element 20: INFO ----->定位方式:name--->定位值:customerPhoneNo
2019-06-21 18:03:46,018 find_element.py--> get_element 20: INFO ----->定位方式:id--->定位值:btnSearch
2019-06-21 18:03:47,351 find_element.py--> get_element 20: INFO ----->定位方式:xpath--->定位值://*[@id="orders"]/tbody/tr[1]/td[1]
2019-06-21 18:03:47,444 find_element.py--> get_element 20: INFO ----->定位方式:id--->定位值:btn_shengchenghetong
2019-06-21 18:03:48,582 find_element.py--> get_element 20: INFO ----->定位方式:id--->定位值:hsSignBody
2019-06-21 18:03:48,735 find_element.py--> get_element 20: INFO ----->定位方式:xpath--->定位值://*[@id="hsSignBody"]/option[2]
2019-06-21 18:03:48,787 find_element.py--> get_element 20: INFO ----->定位方式:id--->定位值:makeContract
2019-06-21 18:03:48,891 find_element.py--> get_element 20: INFO ----->定位方式:id--->定位值:deliveryClose
2019-06-21 18:03:49,929 find_element.py--> get_element 20: INFO ----->定位方式:name--->定位值:customerPhoneNo
2019-06-21 18:03:50,138 find_element.py--> get_element 20: INFO ----->定位方式:id--->定位值:btnSearch
2019-06-21 18:03:51,393 find_element.py--> get_element 20: INFO ----->定位方式:xpath--->定位值://*[@id="orders"]/tbody/tr[1]/td[1]
2019-06-21 18:03:51,482 find_element.py--> get_element 20: INFO ----->定位方式:id--->定位值:btn_shangchuanhetong
2019-06-21 18:03:52,799 find_element.py--> get_element 20: INFO ----->定位方式:xpath--->定位值://*[@id="file"]/div/table/tbody/tr[1]/td[3]/input
2019-06-21 18:03:53,938 find_element.py--> get_element 20: INFO ----->定位方式:id--->定位值:yx-upload-check
2019-06-21 18:03:57,295 find_element.py--> get_element 20: INFO ----->定位方式:id--->定位值:yx-upload-sub
2019-06-21 18:03:57,398 find_element.py--> get_element 20: INFO ----->定位方式:xpath--->定位值://*[@id="cusUpdateModal"]/div/div/div[3]/button
2019-06-21 18:03:57,500 find_element.py--> get_element 20: INFO ----->定位方式:xpath--->定位值://*[@id="file"]/div/table/tbody/tr[2]/td[3]/input
2019-06-21 18:04:26,871 login_handle.py--> send_username 20: INFO ----->输入用户名是：zhaoyunhe1
2019-06-21 18:04:26,873 find_element.py--> get_element 20: INFO ----->定位方式:id--->定位值:loginId
2019-06-21 18:04:26,972 login_handle.py--> send_password 20: INFO ----->输入密码是：123qwe
2019-06-21 18:04:26,975 find_element.py--> get_element 20: INFO ----->定位方式:id--->定位值:password
2019-06-21 18:04:27,037 find_element.py--> get_element 20: INFO ----->定位方式:className--->定位值:login-submit
2019-06-21 18:04:28,644 find_element.py--> get_element 20: INFO ----->定位方式:id--->定位值:910000
2019-06-21 18:04:29,711 find_element.py--> get_element 20: INFO ----->定位方式:id--->定位值:15000000
2019-06-21 18:04:30,796 find_element.py--> get_element 20: INFO ----->定位方式:xpath--->定位值://*[@id="15080000"]
2019-06-21 18:04:30,864 find_element.py--> get_element 20: INFO ----->定位方式:id--->定位值:15080100
2019-06-21 18:04:33,198 find_element.py--> get_element 20: INFO ----->定位方式:xpath--->定位值://*[@id="btn_xinzeng"]
2019-06-21 18:04:35,144 order_info_handle.py--> send_userinfo 20: INFO ----->输入的手机号：18673904631
2019-06-21 18:04:35,146 find_element.py--> get_element 20: INFO ----->定位方式:id--->定位值:phoneNo
2019-06-21 18:04:36,129 find_element.py--> get_element 20: INFO ----->定位方式:id--->定位值:queryMobile
2019-06-21 18:04:37,286 order_info_handle.py--> send_userinfo 20: INFO ----->输入的身份证号：362426197001194866
2019-06-21 18:04:37,287 find_element.py--> get_element 20: INFO ----->定位方式:id--->定位值:idNumber
2019-06-21 18:04:38,964 find_element.py--> get_element 20: INFO ----->定位方式:xpath--->定位值://*[@id="vehicleModel"]/div/div[1]/div[1]/div/div/button/span[1]
2019-06-21 18:04:39,084 find_element.py--> get_element 20: INFO ----->定位方式:xpath--->定位值://*[@id="vehicleModel"]/div/div[1]/div[1]/div/div/div/ul/li[3]/a/span[1]
2019-06-21 18:04:39,281 find_element.py--> get_element 20: INFO ----->定位方式:id--->定位值:purchaseAmount
2019-06-21 18:04:39,352 find_element.py--> get_element 20: INFO ----->定位方式:xpath--->定位值://*[@id="vehicleModel"]/div/div[1]/div[3]/div/div/button/span[1]
2019-06-21 18:04:39,594 find_element.py--> get_element 20: INFO ----->定位方式:xpath--->定位值://*[@id="vehicleModel"]/div/div[1]/div[3]/div/div/div/ul/li[121]/a
2019-06-21 18:04:39,737 find_element.py--> get_element 20: INFO ----->定位方式:xpath--->定位值://*[@id="vehicleModel"]/div/div[2]/div[1]/div/div/button/span[1]
2019-06-21 18:04:39,926 find_element.py--> get_element 20: INFO ----->定位方式:xpath--->定位值://*[@id="vehicleModel"]/div/div[2]/div[1]/div/div/div/ul/li[27]/a
2019-06-21 18:04:40,061 find_element.py--> get_element 20: INFO ----->定位方式:xpath--->定位值://*[@id="vehicleModel"]/div/div[2]/div[2]/div/div/button/span[1]
2019-06-21 18:04:40,292 find_element.py--> get_element 20: INFO ----->定位方式:xpath--->定位值://*[@id="vehicleModel"]/div/div[2]/div[2]/div/div/div/ul/li[3]/a/span[1]
2019-06-21 18:04:40,425 find_element.py--> get_element 20: INFO ----->定位方式:xpath--->定位值://*[@id="vehicleModel"]/div/div[1]/div[4]/div/div/button/span[1]
2019-06-21 18:04:40,577 find_element.py--> get_element 20: INFO ----->定位方式:xpath--->定位值://*[@id="vehicleModel"]/div/div[1]/div[4]/div/div/div/ul/li[2]/a
2019-06-21 18:04:40,698 find_element.py--> get_element 20: INFO ----->定位方式:id--->定位值:guidePrice
2019-06-21 18:04:40,750 find_element.py--> get_element 20: INFO ----->定位方式:id--->定位值:guidePrice
2019-06-21 18:04:40,972 find_element.py--> get_element 20: INFO ----->定位方式:id--->定位值:salePrice
2019-06-21 18:04:41,300 order_info_business.py--> car_price 20: INFO ----->定金金额：3500
2019-06-21 18:04:41,303 find_element.py--> get_element 20: INFO ----->定位方式:id--->定位值:preLicenseProvince
2019-06-21 18:04:41,435 find_element.py--> get_element 20: INFO ----->定位方式:xpath--->定位值://*[@id="preLicenseProvince"]/option[20]
2019-06-21 18:04:41,520 find_element.py--> get_element 20: INFO ----->定位方式:id--->定位值:preLicenseCity
2019-06-21 18:04:41,677 find_element.py--> get_element 20: INFO ----->定位方式:xpath--->定位值://*[@id="preLicenseCity"]/option[2]
2019-06-21 18:04:41,756 find_element.py--> get_element 20: INFO ----->定位方式:id--->定位值:preLicenseSotre
2019-06-21 18:04:41,925 find_element.py--> get_element 20: INFO ----->定位方式:xpath--->定位值://*[@id="preLicenseSotre"]/option[2]
2019-06-21 18:04:41,994 find_element.py--> get_element 20: INFO ----->定位方式:id--->定位值:channelTypeGH
2019-06-21 18:04:42,155 find_element.py--> get_element 20: INFO ----->定位方式:id--->定位值:realNameSystemYNull
2019-06-21 18:04:42,310 find_element.py--> get_element 20: INFO ----->定位方式:id--->定位值:shopInsuranceYNull
2019-06-21 18:04:42,436 find_element.py--> get_element 20: INFO ----->定位方式:id--->定位值:firstYearVehicleAndVesselTax
2019-06-21 18:04:42,535 find_element.py--> get_element 20: INFO ----->定位方式:id--->定位值:firstYearSali
2019-06-21 18:04:42,637 find_element.py--> get_element 20: INFO ----->定位方式:id--->定位值:firstCommercialTheft
2019-06-21 18:04:42,743 find_element.py--> get_element 20: INFO ----->定位方式:id--->定位值:advancePremiumAmt
2019-06-21 18:04:42,867 find_element.py--> get_element 20: INFO ----->定位方式:id--->定位值:termCount
2019-06-21 18:04:43,004 find_element.py--> get_element 20: INFO ----->定位方式:id--->定位值:monthlyRent
2019-06-21 18:04:43,220 find_element.py--> get_element 20: INFO ----->定位方式:id--->定位值:cusInterestRates
2019-06-21 18:04:43,305 find_element.py--> get_element 20: INFO ----->定位方式:id--->定位值:purchaseTax
2019-06-21 18:04:43,468 find_element.py--> get_element 20: INFO ----->定位方式:id--->定位值:gpsFee
2019-06-21 18:04:43,632 find_element.py--> get_element 20: INFO ----->定位方式:id--->定位值:accountMaintenanceFee
2019-06-21 18:04:43,786 find_element.py--> get_element 20: INFO ----->定位方式:id--->定位值:yxDownPaymentAmt
2019-06-21 18:04:43,972 find_element.py--> get_element 20: INFO ----->定位方式:id--->定位值:yxRiskFinancingAmt
2019-06-21 18:04:44,137 find_element.py--> get_element 20: INFO ----->定位方式:id--->定位值:yxRiskControlFinancingAmt
2019-06-21 18:04:44,360 find_element.py--> get_element 20: INFO ----->定位方式:id--->定位值:hsServiceFee
2019-06-21 18:04:44,519 find_element.py--> get_element 20: INFO ----->定位方式:id--->定位值:licenseFee
2019-06-21 18:04:44,669 find_element.py--> get_element 20: INFO ----->定位方式:id--->定位值:mortgageFee
2019-06-21 18:04:44,825 find_element.py--> get_element 20: INFO ----->定位方式:id--->定位值:totalDownPaymentOtherAmt
2019-06-21 18:04:44,947 find_element.py--> get_element 20: INFO ----->定位方式:id--->定位值:remarkId
2019-06-21 18:04:45,417 find_element.py--> get_element 20: INFO ----->定位方式:xpath--->定位值://*[@id="fanancingInfoHs"]/div/div[2]/div[1]/div/div/button/span[1]
2019-06-21 18:04:45,542 find_element.py--> get_element 20: INFO ----->定位方式:xpath--->定位值://*[@id="fanancingInfoHs"]/div/div[2]/div[1]/div/div/div/ul/li[2]/a/span[1]
2019-06-21 18:04:45,693 find_element.py--> get_element 20: INFO ----->定位方式:id--->定位值:yxOrderNo
2019-06-21 18:04:46,162 find_element.py--> get_element 20: INFO ----->定位方式:xpath--->定位值://*[@id="yxAuditFile"]/div/table/tbody/tr[1]/td[3]/input
2019-06-21 18:04:47,309 find_element.py--> get_element 20: INFO ----->定位方式:xpath--->定位值://*[@id="yx-upload-check"]
2019-06-21 18:04:49,847 find_element.py--> get_element 20: INFO ----->定位方式:xpath--->定位值://*[@id="yx-upload-sub"]
2019-06-21 18:04:50,099 find_element.py--> get_element 20: INFO ----->定位方式:xpath--->定位值://*[@id="cusUpdateModal"]/div/div/div[3]/button
2019-06-21 18:04:51,220 find_element.py--> get_element 20: INFO ----->定位方式:xpath--->定位值://*[@id="yxAuditFile"]/div/table/tbody/tr[2]/td[3]/input
2019-06-21 18:04:52,346 find_element.py--> get_element 20: INFO ----->定位方式:xpath--->定位值://*[@id="yx-upload-check"]
2019-06-21 18:04:55,817 find_element.py--> get_element 20: INFO ----->定位方式:xpath--->定位值://*[@id="yx-upload-check"]
2019-06-21 18:04:58,185 find_element.py--> get_element 20: INFO ----->定位方式:xpath--->定位值://*[@id="yx-upload-sub"]
2019-06-21 18:04:58,426 find_element.py--> get_element 20: INFO ----->定位方式:xpath--->定位值://*[@id="cusUpdateModal"]/div/div/div[3]/button
2019-06-21 18:04:59,555 find_element.py--> get_element 20: INFO ----->定位方式:id--->定位值:basicTempSave
2019-06-21 18:05:01,233 find_element.py--> get_element 20: INFO ----->定位方式:id--->定位值:basicModalBtnNegative
2019-06-21 18:05:02,345 find_element.py--> get_element 20: INFO ----->定位方式:id--->定位值:basicSubmit
2019-06-21 18:05:04,203 find_element.py--> get_element 20: INFO ----->定位方式:id--->定位值:basicModalBtnNegative
2019-06-21 18:05:05,491 find_element.py--> get_element 20: INFO ----->定位方式:name--->定位值:customerPhoneNo
2019-06-21 18:05:05,693 find_element.py--> get_element 20: INFO ----->定位方式:id--->定位值:btnSearch
2019-06-21 18:05:07,013 find_element.py--> get_element 20: INFO ----->定位方式:xpath--->定位值://*[@id="orders"]/tbody/tr[1]/td[1]
2019-06-21 18:05:07,125 find_element.py--> get_element 20: INFO ----->定位方式:id--->定位值:btn_shenhedingdan
2019-06-21 18:05:11,668 find_element.py--> get_element 20: INFO ----->定位方式:id--->定位值:basicSubmit
2019-06-21 18:05:12,880 find_element.py--> get_element 20: INFO ----->定位方式:id--->定位值:basicModalBtnNegative
2019-06-21 18:05:14,080 find_element.py--> get_element 20: INFO ----->定位方式:name--->定位值:customerPhoneNo
2019-06-21 18:05:14,256 find_element.py--> get_element 20: INFO ----->定位方式:id--->定位值:btnSearch
2019-06-21 18:05:15,667 find_element.py--> get_element 20: INFO ----->定位方式:xpath--->定位值://*[@id="orders"]/tbody/tr[1]/td[1]
2019-06-21 18:05:16,317 find_element.py--> get_element 20: INFO ----->定位方式:id--->定位值:btn_xiaoshoujiesuan
2019-06-21 18:05:17,687 find_element.py--> get_element 20: INFO ----->定位方式:xpath--->定位值://*[@id="amtDetail"]/div/div[3]/div/button[1]
2019-06-21 18:05:18,835 find_element.py--> get_element 20: INFO ----->定位方式:xpath--->定位值://*[@id="receiptModel"]/div/div/div[2]/button
2019-06-21 18:05:19,933 find_element.py--> get_element 20: INFO ----->定位方式:id--->定位值:deliveryClose
2019-06-21 18:05:21,113 find_element.py--> get_element 20: INFO ----->定位方式:name--->定位值:customerPhoneNo
2019-06-21 18:05:21,273 find_element.py--> get_element 20: INFO ----->定位方式:id--->定位值:btnSearch
2019-06-21 18:05:22,395 find_element.py--> get_element 20: INFO ----->定位方式:xpath--->定位值://*[@id="orders"]/tbody/tr[1]/td[1]
2019-06-21 18:05:22,493 find_element.py--> get_element 20: INFO ----->定位方式:id--->定位值:btn_shengchenghetong
2019-06-21 18:05:24,439 find_element.py--> get_element 20: INFO ----->定位方式:id--->定位值:hsSignBody
2019-06-21 18:05:24,580 find_element.py--> get_element 20: INFO ----->定位方式:xpath--->定位值://*[@id="hsSignBody"]/option[2]
2019-06-21 18:05:24,634 find_element.py--> get_element 20: INFO ----->定位方式:id--->定位值:makeContract
2019-06-21 18:05:24,741 find_element.py--> get_element 20: INFO ----->定位方式:id--->定位值:deliveryClose
2019-06-21 18:05:25,908 find_element.py--> get_element 20: INFO ----->定位方式:name--->定位值:customerPhoneNo
2019-06-21 18:05:26,102 find_element.py--> get_element 20: INFO ----->定位方式:id--->定位值:btnSearch
2019-06-21 18:05:27,308 find_element.py--> get_element 20: INFO ----->定位方式:xpath--->定位值://*[@id="orders"]/tbody/tr[1]/td[1]
2019-06-21 18:05:27,412 find_element.py--> get_element 20: INFO ----->定位方式:id--->定位值:btn_shangchuanhetong
2019-06-21 18:05:28,600 find_element.py--> get_element 20: INFO ----->定位方式:xpath--->定位值://*[@id="file"]/div/table/tbody/tr[1]/td[3]/input
2019-06-21 18:05:29,745 find_element.py--> get_element 20: INFO ----->定位方式:id--->定位值:yx-upload-check
2019-06-21 18:05:33,075 find_element.py--> get_element 20: INFO ----->定位方式:id--->定位值:yx-upload-sub
2019-06-21 18:05:33,171 find_element.py--> get_element 20: INFO ----->定位方式:xpath--->定位值://*[@id="cusUpdateModal"]/div/div/div[3]/button
2019-06-21 18:05:34,273 find_element.py--> get_element 20: INFO ----->定位方式:xpath--->定位值://*[@id="file"]/div/table/tbody/tr[2]/td[3]/input
2019-06-21 18:05:35,369 find_element.py--> get_element 20: INFO ----->定位方式:id--->定位值:yx-upload-check
2019-06-21 18:05:38,722 find_element.py--> get_element 20: INFO ----->定位方式:id--->定位值:yx-upload-sub
2019-06-21 18:05:38,853 find_element.py--> get_element 20: INFO ----->定位方式:xpath--->定位值://*[@id="cusUpdateModal"]/div/div/div[3]/button
2019-06-21 18:08:44,374 login_handle.py--> send_username 20: INFO ----->输入用户名是：zhaoyunhe1
2019-06-21 18:08:44,376 find_element.py--> get_element 20: INFO ----->定位方式:id--->定位值:loginId
2019-06-21 18:08:44,471 login_handle.py--> send_password 20: INFO ----->输入密码是：123qwe
2019-06-21 18:08:44,473 find_element.py--> get_element 20: INFO ----->定位方式:id--->定位值:password
2019-06-21 18:08:44,540 find_element.py--> get_element 20: INFO ----->定位方式:className--->定位值:login-submit
2019-06-21 18:08:46,116 find_element.py--> get_element 20: INFO ----->定位方式:id--->定位值:910000
2019-06-21 18:08:47,188 find_element.py--> get_element 20: INFO ----->定位方式:id--->定位值:15000000
2019-06-21 18:08:48,259 find_element.py--> get_element 20: INFO ----->定位方式:xpath--->定位值://*[@id="15080000"]
2019-06-21 18:08:48,324 find_element.py--> get_element 20: INFO ----->定位方式:id--->定位值:15080100
2019-06-21 18:08:50,696 find_element.py--> get_element 20: INFO ----->定位方式:xpath--->定位值://*[@id="btn_xinzeng"]
2019-06-21 18:08:51,987 order_info_handle.py--> send_userinfo 20: INFO ----->输入的手机号：18642390645
2019-06-21 18:08:51,990 find_element.py--> get_element 20: INFO ----->定位方式:id--->定位值:phoneNo
2019-06-21 18:08:53,201 find_element.py--> get_element 20: INFO ----->定位方式:id--->定位值:queryMobile
2019-06-21 18:08:54,339 order_info_handle.py--> send_userinfo 20: INFO ----->输入的身份证号：362402198908173361
2019-06-21 18:08:54,340 find_element.py--> get_element 20: INFO ----->定位方式:id--->定位值:idNumber
2019-06-21 18:08:55,993 find_element.py--> get_element 20: INFO ----->定位方式:xpath--->定位值://*[@id="vehicleModel"]/div/div[1]/div[1]/div/div/button/span[1]
2019-06-21 18:08:56,183 find_element.py--> get_element 20: INFO ----->定位方式:xpath--->定位值://*[@id="vehicleModel"]/div/div[1]/div[1]/div/div/div/ul/li[3]/a/span[1]
2019-06-21 18:08:56,381 find_element.py--> get_element 20: INFO ----->定位方式:id--->定位值:purchaseAmount
2019-06-21 18:08:56,464 find_element.py--> get_element 20: INFO ----->定位方式:xpath--->定位值://*[@id="vehicleModel"]/div/div[1]/div[3]/div/div/button/span[1]
2019-06-21 18:08:56,718 find_element.py--> get_element 20: INFO ----->定位方式:xpath--->定位值://*[@id="vehicleModel"]/div/div[1]/div[3]/div/div/div/ul/li[121]/a
2019-06-21 18:08:56,886 find_element.py--> get_element 20: INFO ----->定位方式:xpath--->定位值://*[@id="vehicleModel"]/div/div[2]/div[1]/div/div/button/span[1]
2019-06-21 18:08:57,063 find_element.py--> get_element 20: INFO ----->定位方式:xpath--->定位值://*[@id="vehicleModel"]/div/div[2]/div[1]/div/div/div/ul/li[27]/a
2019-06-21 18:08:57,229 find_element.py--> get_element 20: INFO ----->定位方式:xpath--->定位值://*[@id="vehicleModel"]/div/div[2]/div[2]/div/div/button/span[1]
2019-06-21 18:08:57,468 find_element.py--> get_element 20: INFO ----->定位方式:xpath--->定位值://*[@id="vehicleModel"]/div/div[2]/div[2]/div/div/div/ul/li[3]/a/span[1]
2019-06-21 18:08:57,603 find_element.py--> get_element 20: INFO ----->定位方式:xpath--->定位值://*[@id="vehicleModel"]/div/div[1]/div[4]/div/div/button/span[1]
2019-06-21 18:08:57,728 find_element.py--> get_element 20: INFO ----->定位方式:xpath--->定位值://*[@id="vehicleModel"]/div/div[1]/div[4]/div/div/div/ul/li[2]/a
2019-06-21 18:08:57,861 find_element.py--> get_element 20: INFO ----->定位方式:id--->定位值:guidePrice
2019-06-21 18:08:57,914 find_element.py--> get_element 20: INFO ----->定位方式:id--->定位值:guidePrice
2019-06-21 18:08:58,147 find_element.py--> get_element 20: INFO ----->定位方式:id--->定位值:salePrice
2019-06-21 18:08:58,477 order_info_business.py--> car_price 20: INFO ----->定金金额：3500
2019-06-21 18:08:58,479 find_element.py--> get_element 20: INFO ----->定位方式:id--->定位值:preLicenseProvince
2019-06-21 18:08:58,635 find_element.py--> get_element 20: INFO ----->定位方式:xpath--->定位值://*[@id="preLicenseProvince"]/option[20]
2019-06-21 18:08:58,714 find_element.py--> get_element 20: INFO ----->定位方式:id--->定位值:preLicenseCity
2019-06-21 18:08:58,901 find_element.py--> get_element 20: INFO ----->定位方式:xpath--->定位值://*[@id="preLicenseCity"]/option[2]
2019-06-21 18:08:58,984 find_element.py--> get_element 20: INFO ----->定位方式:id--->定位值:preLicenseSotre
2019-06-21 18:08:59,132 find_element.py--> get_element 20: INFO ----->定位方式:xpath--->定位值://*[@id="preLicenseSotre"]/option[2]
2019-06-21 18:08:59,204 find_element.py--> get_element 20: INFO ----->定位方式:id--->定位值:channelTypeGH
2019-06-21 18:08:59,379 find_element.py--> get_element 20: INFO ----->定位方式:id--->定位值:realNameSystemYNull
2019-06-21 18:08:59,533 find_element.py--> get_element 20: INFO ----->定位方式:id--->定位值:shopInsuranceYNull
2019-06-21 18:08:59,684 find_element.py--> get_element 20: INFO ----->定位方式:id--->定位值:firstYearVehicleAndVesselTax
2019-06-21 18:08:59,789 find_element.py--> get_element 20: INFO ----->定位方式:id--->定位值:firstYearSali
2019-06-21 18:08:59,897 find_element.py--> get_element 20: INFO ----->定位方式:id--->定位值:firstCommercialTheft
2019-06-21 18:09:00,005 find_element.py--> get_element 20: INFO ----->定位方式:id--->定位值:advancePremiumAmt
2019-06-21 18:09:00,147 find_element.py--> get_element 20: INFO ----->定位方式:id--->定位值:termCount
2019-06-21 18:09:00,295 find_element.py--> get_element 20: INFO ----->定位方式:id--->定位值:monthlyRent
2019-06-21 18:09:00,494 find_element.py--> get_element 20: INFO ----->定位方式:id--->定位值:cusInterestRates
2019-06-21 18:09:00,586 find_element.py--> get_element 20: INFO ----->定位方式:id--->定位值:purchaseTax
2019-06-21 18:09:00,765 find_element.py--> get_element 20: INFO ----->定位方式:id--->定位值:gpsFee
2019-06-21 18:09:00,915 find_element.py--> get_element 20: INFO ----->定位方式:id--->定位值:accountMaintenanceFee
2019-06-21 18:09:01,080 find_element.py--> get_element 20: INFO ----->定位方式:id--->定位值:yxDownPaymentAmt
2019-06-21 18:09:01,299 find_element.py--> get_element 20: INFO ----->定位方式:id--->定位值:yxRiskFinancingAmt
2019-06-21 18:09:01,477 find_element.py--> get_element 20: INFO ----->定位方式:id--->定位值:yxRiskControlFinancingAmt
2019-06-21 18:09:01,643 find_element.py--> get_element 20: INFO ----->定位方式:id--->定位值:hsServiceFee
2019-06-21 18:09:01,810 find_element.py--> get_element 20: INFO ----->定位方式:id--->定位值:licenseFee
2019-06-21 18:09:01,975 find_element.py--> get_element 20: INFO ----->定位方式:id--->定位值:mortgageFee
2019-06-21 18:09:02,146 find_element.py--> get_element 20: INFO ----->定位方式:id--->定位值:totalDownPaymentOtherAmt
2019-06-21 18:09:02,257 find_element.py--> get_element 20: INFO ----->定位方式:id--->定位值:remarkId
2019-06-21 18:09:02,741 find_element.py--> get_element 20: INFO ----->定位方式:xpath--->定位值://*[@id="fanancingInfoHs"]/div/div[2]/div[1]/div/div/button/span[1]
2019-06-21 18:09:02,863 find_element.py--> get_element 20: INFO ----->定位方式:xpath--->定位值://*[@id="fanancingInfoHs"]/div/div[2]/div[1]/div/div/div/ul/li[2]/a/span[1]
2019-06-21 18:09:03,009 find_element.py--> get_element 20: INFO ----->定位方式:id--->定位值:yxOrderNo
2019-06-21 18:09:03,525 find_element.py--> get_element 20: INFO ----->定位方式:xpath--->定位值://*[@id="yxAuditFile"]/div/table/tbody/tr[1]/td[3]/input
2019-06-21 18:09:04,674 find_element.py--> get_element 20: INFO ----->定位方式:xpath--->定位值://*[@id="yx-upload-check"]
2019-06-21 18:09:07,385 find_element.py--> get_element 20: INFO ----->定位方式:xpath--->定位值://*[@id="yx-upload-sub"]
2019-06-21 18:09:07,593 find_element.py--> get_element 20: INFO ----->定位方式:xpath--->定位值://*[@id="cusUpdateModal"]/div/div/div[3]/button
2019-06-21 18:09:08,727 find_element.py--> get_element 20: INFO ----->定位方式:xpath--->定位值://*[@id="yxAuditFile"]/div/table/tbody/tr[2]/td[3]/input
2019-06-21 18:09:09,881 find_element.py--> get_element 20: INFO ----->定位方式:xpath--->定位值://*[@id="yx-upload-check"]
2019-06-21 18:09:13,259 find_element.py--> get_element 20: INFO ----->定位方式:xpath--->定位值://*[@id="yx-upload-check"]
2019-06-21 18:09:15,596 find_element.py--> get_element 20: INFO ----->定位方式:xpath--->定位值://*[@id="yx-upload-sub"]
2019-06-21 18:09:15,818 find_element.py--> get_element 20: INFO ----->定位方式:xpath--->定位值://*[@id="cusUpdateModal"]/div/div/div[3]/button
2019-06-21 18:09:17,007 find_element.py--> get_element 20: INFO ----->定位方式:id--->定位值:basicTempSave
2019-06-21 18:09:18,612 find_element.py--> get_element 20: INFO ----->定位方式:id--->定位值:basicModalBtnNegative
2019-06-21 18:09:19,720 find_element.py--> get_element 20: INFO ----->定位方式:id--->定位值:basicSubmit
2019-06-21 18:09:21,564 find_element.py--> get_element 20: INFO ----->定位方式:id--->定位值:basicModalBtnNegative
2019-06-21 18:09:22,727 find_element.py--> get_element 20: INFO ----->定位方式:name--->定位值:customerPhoneNo
2019-06-21 18:09:22,988 find_element.py--> get_element 20: INFO ----->定位方式:id--->定位值:btnSearch
2019-06-21 18:09:24,116 find_element.py--> get_element 20: INFO ----->定位方式:xpath--->定位值://*[@id="orders"]/tbody/tr[1]/td[1]
2019-06-21 18:09:24,217 find_element.py--> get_element 20: INFO ----->定位方式:id--->定位值:btn_shenhedingdan
2019-06-21 18:09:28,726 find_element.py--> get_element 20: INFO ----->定位方式:id--->定位值:basicSubmit
2019-06-21 18:09:29,906 find_element.py--> get_element 20: INFO ----->定位方式:id--->定位值:basicModalBtnNegative
2019-06-21 18:09:31,202 find_element.py--> get_element 20: INFO ----->定位方式:name--->定位值:customerPhoneNo
2019-06-21 18:09:31,366 find_element.py--> get_element 20: INFO ----->定位方式:id--->定位值:btnSearch
2019-06-21 18:09:32,504 find_element.py--> get_element 20: INFO ----->定位方式:xpath--->定位值://*[@id="orders"]/tbody/tr[1]/td[1]
2019-06-21 18:09:33,158 find_element.py--> get_element 20: INFO ----->定位方式:id--->定位值:btn_xiaoshoujiesuan
2019-06-21 18:09:34,384 find_element.py--> get_element 20: INFO ----->定位方式:xpath--->定位值://*[@id="amtDetail"]/div/div[3]/div/button[1]
2019-06-21 18:09:35,519 find_element.py--> get_element 20: INFO ----->定位方式:xpath--->定位值://*[@id="receiptModel"]/div/div/div[2]/button
2019-06-21 18:09:36,621 find_element.py--> get_element 20: INFO ----->定位方式:id--->定位值:deliveryClose
2019-06-21 18:09:37,927 find_element.py--> get_element 20: INFO ----->定位方式:name--->定位值:customerPhoneNo
2019-06-21 18:09:38,095 find_element.py--> get_element 20: INFO ----->定位方式:id--->定位值:btnSearch
2019-06-21 18:09:39,320 find_element.py--> get_element 20: INFO ----->定位方式:xpath--->定位值://*[@id="orders"]/tbody/tr[1]/td[1]
2019-06-21 18:09:39,423 find_element.py--> get_element 20: INFO ----->定位方式:id--->定位值:btn_shengchenghetong
2019-06-21 18:09:40,721 find_element.py--> get_element 20: INFO ----->定位方式:id--->定位值:hsSignBody
2019-06-21 18:09:40,854 find_element.py--> get_element 20: INFO ----->定位方式:xpath--->定位值://*[@id="hsSignBody"]/option[2]
2019-06-21 18:09:40,910 find_element.py--> get_element 20: INFO ----->定位方式:id--->定位值:makeContract
2019-06-21 18:09:41,021 find_element.py--> get_element 20: INFO ----->定位方式:id--->定位值:deliveryClose
2019-06-21 18:09:42,178 find_element.py--> get_element 20: INFO ----->定位方式:name--->定位值:customerPhoneNo
2019-06-21 18:09:42,354 find_element.py--> get_element 20: INFO ----->定位方式:id--->定位值:btnSearch
2019-06-21 18:09:43,570 find_element.py--> get_element 20: INFO ----->定位方式:xpath--->定位值://*[@id="orders"]/tbody/tr[1]/td[1]
2019-06-21 18:09:43,669 find_element.py--> get_element 20: INFO ----->定位方式:id--->定位值:btn_shangchuanhetong
2019-06-21 18:09:44,861 find_element.py--> get_element 20: INFO ----->定位方式:xpath--->定位值://*[@id="file"]/div/table/tbody/tr[1]/td[3]/input
2019-06-21 18:09:46,005 find_element.py--> get_element 20: INFO ----->定位方式:id--->定位值:yx-upload-check
2019-06-21 18:09:49,332 find_element.py--> get_element 20: INFO ----->定位方式:id--->定位值:yx-upload-sub
2019-06-21 18:09:49,432 find_element.py--> get_element 20: INFO ----->定位方式:xpath--->定位值://*[@id="cusUpdateModal"]/div/div/div[3]/button
2019-06-21 18:09:50,532 find_element.py--> get_element 20: INFO ----->定位方式:xpath--->定位值://*[@id="file"]/div/table/tbody/tr[2]/td[3]/input
2019-06-21 18:09:51,632 find_element.py--> get_element 20: INFO ----->定位方式:id--->定位值:yx-upload-check
2019-06-21 18:09:55,028 find_element.py--> get_element 20: INFO ----->定位方式:id--->定位值:yx-upload-sub
2019-06-21 18:09:55,119 find_element.py--> get_element 20: INFO ----->定位方式:xpath--->定位值://*[@id="cusUpdateModal"]/div/div/div[3]/button
2019-06-21 18:09:55,211 find_element.py--> get_element 20: INFO ----->定位方式:id--->定位值:yxHsContractApply
