2019-06-13 10:35:50,461 login_handle.py--> send_username 20: INFO ----->输入用户名是：ccadmin
2019-06-13 10:35:50,464 find_element.py--> get_element 20: INFO ----->定位方式:id--->定位值:loginId
2019-06-13 10:35:50,598 login_handle.py--> send_password 20: INFO ----->输入密码是：123qwe
2019-06-13 10:35:50,601 find_element.py--> get_element 20: INFO ----->定位方式:id--->定位值:password
2019-06-13 10:35:50,744 find_element.py--> get_element 20: INFO ----->定位方式:className--->定位值:login-submit
2019-06-13 10:35:52,414 find_element.py--> get_element 20: INFO ----->定位方式:id--->定位值:910000
2019-06-13 10:35:53,534 find_element.py--> get_element 20: INFO ----->定位方式:id--->定位值:15000000
2019-06-13 10:35:54,622 find_element.py--> get_element 20: INFO ----->定位方式:xpath--->定位值://*[@id="15080000"]
2019-06-13 10:35:54,701 find_element.py--> get_element 20: INFO ----->定位方式:id--->定位值:15080100
2019-06-13 10:35:56,913 find_element.py--> get_element 20: INFO ----->定位方式:xpath--->定位值://*[@id="btn_xinzeng"]
2019-06-13 10:35:58,095 order_info_handle.py--> send_userinfo 20: INFO ----->输入的手机号：18614671931
2019-06-13 10:35:58,097 find_element.py--> get_element 20: INFO ----->定位方式:id--->定位值:phoneNo
2019-06-13 10:35:59,693 find_element.py--> get_element 20: INFO ----->定位方式:id--->定位值:queryMobile
2019-06-13 10:36:00,880 order_info_handle.py--> send_userinfo 20: INFO ----->输入的身份证号：362428197807312898
2019-06-13 10:36:00,881 find_element.py--> get_element 20: INFO ----->定位方式:id--->定位值:idNumber
2019-06-13 10:36:02,423 find_element.py--> get_element 20: INFO ----->定位方式:id--->定位值:purchaseAmount
2019-06-13 10:36:02,425 find_element.py--> get_element 20: INFO ----->找不到定位元素
2019-06-13 10:36:13,658 login_handle.py--> send_username 20: INFO ----->输入用户名是：ccadmin
2019-06-13 10:36:13,659 find_element.py--> get_element 20: INFO ----->定位方式:id--->定位值:loginId
2019-06-13 10:36:13,738 login_handle.py--> send_password 20: INFO ----->输入密码是：123qwe
2019-06-13 10:36:13,739 find_element.py--> get_element 20: INFO ----->定位方式:id--->定位值:password
2019-06-13 10:36:13,804 find_element.py--> get_element 20: INFO ----->定位方式:className--->定位值:login-submit
2019-06-13 10:36:15,364 find_element.py--> get_element 20: INFO ----->定位方式:id--->定位值:910000
2019-06-13 10:36:16,444 find_element.py--> get_element 20: INFO ----->定位方式:id--->定位值:15000000
2019-06-13 10:36:17,523 find_element.py--> get_element 20: INFO ----->定位方式:xpath--->定位值://*[@id="15080000"]
2019-06-13 10:36:17,596 find_element.py--> get_element 20: INFO ----->定位方式:id--->定位值:15080100
2019-06-13 10:36:19,907 find_element.py--> get_element 20: INFO ----->定位方式:xpath--->定位值://*[@id="btn_xinzeng"]
2019-06-13 10:36:21,299 order_info_handle.py--> send_userinfo 20: INFO ----->输入的手机号：18698658839
2019-06-13 10:36:21,301 find_element.py--> get_element 20: INFO ----->定位方式:id--->定位值:phoneNo
2019-06-13 10:36:22,282 find_element.py--> get_element 20: INFO ----->定位方式:id--->定位值:queryMobile
2019-06-13 10:36:23,404 order_info_handle.py--> send_userinfo 20: INFO ----->输入的身份证号：362428199602189426
2019-06-13 10:36:23,405 find_element.py--> get_element 20: INFO ----->定位方式:id--->定位值:idNumber
2019-06-13 10:36:25,069 find_element.py--> get_element 20: INFO ----->定位方式:id--->定位值:purchaseAmount
2019-06-13 10:36:25,222 find_element.py--> get_element 20: INFO ----->定位方式:xpath--->定位值://*[@id="vehicleModel"]/div/div[1]/div[3]/div/div/button/span[1]
2019-06-13 10:36:25,553 find_element.py--> get_element 20: INFO ----->定位方式:xpath--->定位值://*[@id="vehicleModel"]/div/div[1]/div[3]/div/div/div/ul/li[121]/a
2019-06-13 10:36:25,773 find_element.py--> get_element 20: INFO ----->定位方式:xpath--->定位值://*[@id="vehicleModel"]/div/div[2]/div[1]/div/div/button/span[1]
2019-06-13 10:36:25,941 find_element.py--> get_element 20: INFO ----->定位方式:xpath--->定位值://*[@id="vehicleModel"]/div/div[2]/div[1]/div/div/div/ul/li[27]/a
2019-06-13 10:36:26,075 find_element.py--> get_element 20: INFO ----->定位方式:xpath--->定位值://*[@id="vehicleModel"]/div/div[2]/div[2]/div/div/button/span[1]
2019-06-13 10:36:26,303 find_element.py--> get_element 20: INFO ----->定位方式:xpath--->定位值://*[@id="vehicleModel"]/div/div[2]/div[2]/div/div/div/ul/li[3]/a/span[1]
2019-06-13 10:36:26,464 find_element.py--> get_element 20: INFO ----->定位方式:xpath--->定位值://*[@id="vehicleModel"]/div/div[1]/div[4]/div/div/button/span[1]
2019-06-13 10:36:26,587 find_element.py--> get_element 20: INFO ----->定位方式:xpath--->定位值://*[@id="vehicleModel"]/div/div[1]/div[4]/div/div/div/ul/li[2]/a
2019-06-13 10:36:26,719 find_element.py--> get_element 20: INFO ----->定位方式:id--->定位值:guidePrice
2019-06-13 10:36:26,772 find_element.py--> get_element 20: INFO ----->定位方式:id--->定位值:guidePrice
2019-06-13 10:36:27,007 find_element.py--> get_element 20: INFO ----->定位方式:id--->定位值:salePrice
2019-06-13 10:36:27,293 order_info_business.py--> car_price 20: INFO ----->定金金额：3500
2019-06-13 10:36:27,294 find_element.py--> get_element 20: INFO ----->定位方式:id--->定位值:preLicenseProvince
2019-06-13 10:36:27,463 find_element.py--> get_element 20: INFO ----->定位方式:xpath--->定位值://*[@id="preLicenseProvince"]/option[20]
2019-06-13 10:36:27,564 find_element.py--> get_element 20: INFO ----->定位方式:id--->定位值:preLicenseCity
2019-06-13 10:36:27,703 find_element.py--> get_element 20: INFO ----->定位方式:xpath--->定位值://*[@id="preLicenseCity"]/option[2]
2019-06-13 10:36:27,785 find_element.py--> get_element 20: INFO ----->定位方式:id--->定位值:preLicenseSotre
2019-06-13 10:36:27,937 find_element.py--> get_element 20: INFO ----->定位方式:xpath--->定位值://*[@id="preLicenseSotre"]/option[2]
2019-06-13 10:36:28,011 find_element.py--> get_element 20: INFO ----->定位方式:id--->定位值:channelTypeGH
2019-06-13 10:36:28,231 find_element.py--> get_element 20: INFO ----->定位方式:id--->定位值:realNameSystemYNull
2019-06-13 10:36:28,416 find_element.py--> get_element 20: INFO ----->定位方式:id--->定位值:shopInsuranceYNull
2019-06-13 10:36:28,584 find_element.py--> get_element 20: INFO ----->定位方式:id--->定位值:firstYearVehicleAndVesselTax
2019-06-13 10:36:28,697 find_element.py--> get_element 20: INFO ----->定位方式:id--->定位值:firstYearSali
2019-06-13 10:36:28,828 find_element.py--> get_element 20: INFO ----->定位方式:id--->定位值:firstCommercialTheft
2019-06-13 10:36:28,975 find_element.py--> get_element 20: INFO ----->定位方式:id--->定位值:advancePremiumAmt
2019-06-13 10:36:29,133 find_element.py--> get_element 20: INFO ----->定位方式:id--->定位值:termCount
2019-06-13 10:36:29,337 find_element.py--> get_element 20: INFO ----->定位方式:id--->定位值:monthlyRent
2019-06-13 10:36:29,591 find_element.py--> get_element 20: INFO ----->定位方式:id--->定位值:cusInterestRates
2019-06-13 10:36:29,702 find_element.py--> get_element 20: INFO ----->定位方式:id--->定位值:purchaseTax
2019-06-13 10:36:29,938 find_element.py--> get_element 20: INFO ----->定位方式:id--->定位值:gpsFee
2019-06-13 10:36:30,132 find_element.py--> get_element 20: INFO ----->定位方式:id--->定位值:accountMaintenanceFee
2019-06-13 10:36:30,374 find_element.py--> get_element 20: INFO ----->定位方式:id--->定位值:yxDownPaymentAmt
2019-06-13 10:36:30,592 find_element.py--> get_element 20: INFO ----->定位方式:id--->定位值:yxRiskFinancingAmt
2019-06-13 10:36:30,749 find_element.py--> get_element 20: INFO ----->定位方式:id--->定位值:yxRiskControlFinancingAmt
2019-06-13 10:36:30,930 find_element.py--> get_element 20: INFO ----->定位方式:id--->定位值:hsServiceFee
2019-06-13 10:36:31,150 find_element.py--> get_element 20: INFO ----->定位方式:id--->定位值:licenseFee
2019-06-13 10:36:31,306 find_element.py--> get_element 20: INFO ----->定位方式:id--->定位值:mortgageFee
2019-06-13 10:36:31,458 find_element.py--> get_element 20: INFO ----->定位方式:id--->定位值:totalDownPaymentOtherAmt
2019-06-13 10:36:31,564 find_element.py--> get_element 20: INFO ----->定位方式:id--->定位值:remarkId
2019-06-13 10:36:32,018 find_element.py--> get_element 20: INFO ----->定位方式:xpath--->定位值://*[@id="fanancingInfoHs"]/div/div[2]/div[1]/div/div/button/span[1]
2019-06-13 10:36:32,134 find_element.py--> get_element 20: INFO ----->定位方式:xpath--->定位值://*[@id="fanancingInfoHs"]/div/div[2]/div[1]/div/div/div/ul/li[2]/a/span[1]
2019-06-13 10:36:32,285 find_element.py--> get_element 20: INFO ----->定位方式:id--->定位值:yxOrderNo
2019-06-13 10:36:32,770 find_element.py--> get_element 20: INFO ----->定位方式:xpath--->定位值://*[@id="yxAuditFile"]/div/table/tbody/tr[1]/td[3]/input
2019-06-13 10:36:33,906 find_element.py--> get_element 20: INFO ----->定位方式:xpath--->定位值://*[@id="yx-upload-check"]
2019-06-13 10:36:36,557 find_element.py--> get_element 20: INFO ----->定位方式:xpath--->定位值://*[@id="yx-upload-sub"]
2019-06-13 10:36:36,769 find_element.py--> get_element 20: INFO ----->定位方式:xpath--->定位值://*[@id="cusUpdateModal"]/div/div/div[3]/button
2019-06-13 10:36:37,904 find_element.py--> get_element 20: INFO ----->定位方式:xpath--->定位值://*[@id="yxAuditFile"]/div/table/tbody/tr[2]/td[3]/input
2019-06-13 10:36:39,054 find_element.py--> get_element 20: INFO ----->定位方式:xpath--->定位值://*[@id="yx-upload-check"]
2019-06-13 10:36:42,342 find_element.py--> get_element 20: INFO ----->定位方式:xpath--->定位值://*[@id="yx-upload-check"]
2019-06-13 10:36:44,640 find_element.py--> get_element 20: INFO ----->定位方式:xpath--->定位值://*[@id="yx-upload-sub"]
2019-06-13 10:36:44,814 find_element.py--> get_element 20: INFO ----->定位方式:xpath--->定位值://*[@id="cusUpdateModal"]/div/div/div[3]/button
2019-06-13 10:36:45,931 find_element.py--> get_element 20: INFO ----->定位方式:id--->定位值:basicTempSave
2019-06-13 10:36:47,719 find_element.py--> get_element 20: INFO ----->定位方式:id--->定位值:basicModalBtnNegative
2019-06-13 10:36:48,819 find_element.py--> get_element 20: INFO ----->定位方式:id--->定位值:basicSubmit
2019-06-13 10:36:50,888 find_element.py--> get_element 20: INFO ----->定位方式:id--->定位值:basicModalBtnNegative
2019-06-13 10:36:51,993 find_element.py--> get_element 20: INFO ----->定位方式:name--->定位值:customerPhoneNo
2019-06-13 10:36:52,198 find_element.py--> get_element 20: INFO ----->定位方式:id--->定位值:btnSearch
2019-06-13 10:36:52,525 find_element.py--> get_element 20: INFO ----->定位方式:xpath--->定位值://*[@id="orders"]/tbody/tr/td[2]/a
2019-06-13 10:42:09,273 login_handle.py--> send_username 20: INFO ----->输入用户名是：ccadmin
2019-06-13 10:42:09,274 find_element.py--> get_element 20: INFO ----->定位方式:id--->定位值:loginId
2019-06-13 10:42:09,357 login_handle.py--> send_password 20: INFO ----->输入密码是：123qwe
2019-06-13 10:42:09,360 find_element.py--> get_element 20: INFO ----->定位方式:id--->定位值:password
2019-06-13 10:42:09,424 find_element.py--> get_element 20: INFO ----->定位方式:className--->定位值:login-submit
2019-06-13 10:42:11,524 find_element.py--> get_element 20: INFO ----->定位方式:id--->定位值:910000
2019-06-13 10:42:12,595 find_element.py--> get_element 20: INFO ----->定位方式:id--->定位值:15000000
2019-06-13 10:42:13,671 find_element.py--> get_element 20: INFO ----->定位方式:xpath--->定位值://*[@id="15080000"]
2019-06-13 10:42:13,736 find_element.py--> get_element 20: INFO ----->定位方式:id--->定位值:15080100
2019-06-13 10:42:17,158 find_element.py--> get_element 20: INFO ----->定位方式:xpath--->定位值://*[@id="btn_xinzeng"]
2019-06-13 10:42:18,468 order_info_handle.py--> send_userinfo 20: INFO ----->输入的手机号：18676416544
2019-06-13 10:42:18,471 find_element.py--> get_element 20: INFO ----->定位方式:id--->定位值:phoneNo
2019-06-13 10:42:19,570 find_element.py--> get_element 20: INFO ----->定位方式:id--->定位值:queryMobile
2019-06-13 10:42:20,725 order_info_handle.py--> send_userinfo 20: INFO ----->输入的身份证号：362425196408055338
2019-06-13 10:42:20,726 find_element.py--> get_element 20: INFO ----->定位方式:id--->定位值:idNumber
2019-06-13 10:42:22,516 find_element.py--> get_element 20: INFO ----->定位方式:id--->定位值:purchaseAmount
2019-06-13 10:42:22,653 find_element.py--> get_element 20: INFO ----->定位方式:xpath--->定位值://*[@id="vehicleModel"]/div/div[1]/div[3]/div/div/button/span[1]
2019-06-13 10:42:22,903 find_element.py--> get_element 20: INFO ----->定位方式:xpath--->定位值://*[@id="vehicleModel"]/div/div[1]/div[3]/div/div/div/ul/li[121]/a
2019-06-13 10:42:23,069 find_element.py--> get_element 20: INFO ----->定位方式:xpath--->定位值://*[@id="vehicleModel"]/div/div[2]/div[1]/div/div/button/span[1]
2019-06-13 10:42:23,246 find_element.py--> get_element 20: INFO ----->定位方式:xpath--->定位值://*[@id="vehicleModel"]/div/div[2]/div[1]/div/div/div/ul/li[27]/a
2019-06-13 10:42:23,388 find_element.py--> get_element 20: INFO ----->定位方式:xpath--->定位值://*[@id="vehicleModel"]/div/div[2]/div[2]/div/div/button/span[1]
2019-06-13 10:42:23,613 find_element.py--> get_element 20: INFO ----->定位方式:xpath--->定位值://*[@id="vehicleModel"]/div/div[2]/div[2]/div/div/div/ul/li[3]/a/span[1]
2019-06-13 10:42:23,759 find_element.py--> get_element 20: INFO ----->定位方式:xpath--->定位值://*[@id="vehicleModel"]/div/div[1]/div[4]/div/div/button/span[1]
2019-06-13 10:42:23,928 find_element.py--> get_element 20: INFO ----->定位方式:xpath--->定位值://*[@id="vehicleModel"]/div/div[1]/div[4]/div/div/div/ul/li[2]/a
2019-06-13 10:42:24,069 find_element.py--> get_element 20: INFO ----->定位方式:id--->定位值:guidePrice
2019-06-13 10:42:24,122 find_element.py--> get_element 20: INFO ----->定位方式:id--->定位值:guidePrice
2019-06-13 10:42:24,374 find_element.py--> get_element 20: INFO ----->定位方式:id--->定位值:salePrice
2019-06-13 10:42:24,647 order_info_business.py--> car_price 20: INFO ----->定金金额：3500
2019-06-13 10:42:24,651 find_element.py--> get_element 20: INFO ----->定位方式:id--->定位值:preLicenseProvince
2019-06-13 10:42:24,783 find_element.py--> get_element 20: INFO ----->定位方式:xpath--->定位值://*[@id="preLicenseProvince"]/option[20]
2019-06-13 10:42:24,868 find_element.py--> get_element 20: INFO ----->定位方式:id--->定位值:preLicenseCity
2019-06-13 10:42:25,023 find_element.py--> get_element 20: INFO ----->定位方式:xpath--->定位值://*[@id="preLicenseCity"]/option[2]
2019-06-13 10:42:25,121 find_element.py--> get_element 20: INFO ----->定位方式:id--->定位值:preLicenseSotre
2019-06-13 10:42:25,277 find_element.py--> get_element 20: INFO ----->定位方式:xpath--->定位值://*[@id="preLicenseSotre"]/option[2]
2019-06-13 10:42:25,348 find_element.py--> get_element 20: INFO ----->定位方式:id--->定位值:channelTypeGH
2019-06-13 10:42:25,514 find_element.py--> get_element 20: INFO ----->定位方式:id--->定位值:realNameSystemYNull
2019-06-13 10:42:25,669 find_element.py--> get_element 20: INFO ----->定位方式:id--->定位值:shopInsuranceYNull
2019-06-13 10:42:25,797 find_element.py--> get_element 20: INFO ----->定位方式:id--->定位值:firstYearVehicleAndVesselTax
2019-06-13 10:42:25,905 find_element.py--> get_element 20: INFO ----->定位方式:id--->定位值:firstYearSali
2019-06-13 10:42:26,006 find_element.py--> get_element 20: INFO ----->定位方式:id--->定位值:firstCommercialTheft
2019-06-13 10:42:26,108 find_element.py--> get_element 20: INFO ----->定位方式:id--->定位值:advancePremiumAmt
2019-06-13 10:42:26,236 find_element.py--> get_element 20: INFO ----->定位方式:id--->定位值:termCount
2019-06-13 10:42:26,375 find_element.py--> get_element 20: INFO ----->定位方式:id--->定位值:monthlyRent
2019-06-13 10:42:26,577 find_element.py--> get_element 20: INFO ----->定位方式:id--->定位值:cusInterestRates
2019-06-13 10:42:26,677 find_element.py--> get_element 20: INFO ----->定位方式:id--->定位值:purchaseTax
2019-06-13 10:42:26,843 find_element.py--> get_element 20: INFO ----->定位方式:id--->定位值:gpsFee
2019-06-13 10:42:26,993 find_element.py--> get_element 20: INFO ----->定位方式:id--->定位值:accountMaintenanceFee
2019-06-13 10:42:27,165 find_element.py--> get_element 20: INFO ----->定位方式:id--->定位值:yxDownPaymentAmt
2019-06-13 10:42:27,361 find_element.py--> get_element 20: INFO ----->定位方式:id--->定位值:yxRiskFinancingAmt
2019-06-13 10:42:27,510 find_element.py--> get_element 20: INFO ----->定位方式:id--->定位值:yxRiskControlFinancingAmt
2019-06-13 10:42:27,667 find_element.py--> get_element 20: INFO ----->定位方式:id--->定位值:hsServiceFee
2019-06-13 10:42:27,833 find_element.py--> get_element 20: INFO ----->定位方式:id--->定位值:licenseFee
2019-06-13 10:42:28,039 find_element.py--> get_element 20: INFO ----->定位方式:id--->定位值:mortgageFee
2019-06-13 10:42:28,192 find_element.py--> get_element 20: INFO ----->定位方式:id--->定位值:totalDownPaymentOtherAmt
2019-06-13 10:42:28,310 find_element.py--> get_element 20: INFO ----->定位方式:id--->定位值:remarkId
2019-06-13 10:42:28,776 find_element.py--> get_element 20: INFO ----->定位方式:xpath--->定位值://*[@id="fanancingInfoHs"]/div/div[2]/div[1]/div/div/button/span[1]
2019-06-13 10:42:28,893 find_element.py--> get_element 20: INFO ----->定位方式:xpath--->定位值://*[@id="fanancingInfoHs"]/div/div[2]/div[1]/div/div/div/ul/li[2]/a/span[1]
2019-06-13 10:42:29,077 find_element.py--> get_element 20: INFO ----->定位方式:id--->定位值:yxOrderNo
2019-06-13 10:42:29,560 find_element.py--> get_element 20: INFO ----->定位方式:xpath--->定位值://*[@id="yxAuditFile"]/div/table/tbody/tr[1]/td[3]/input
2019-06-13 10:42:30,689 find_element.py--> get_element 20: INFO ----->定位方式:xpath--->定位值://*[@id="yx-upload-check"]
2019-06-13 10:42:33,294 find_element.py--> get_element 20: INFO ----->定位方式:xpath--->定位值://*[@id="yx-upload-sub"]
2019-06-13 10:42:33,466 find_element.py--> get_element 20: INFO ----->定位方式:xpath--->定位值://*[@id="cusUpdateModal"]/div/div/div[3]/button
2019-06-13 10:42:34,594 find_element.py--> get_element 20: INFO ----->定位方式:xpath--->定位值://*[@id="yxAuditFile"]/div/table/tbody/tr[2]/td[3]/input
2019-06-13 10:42:35,731 find_element.py--> get_element 20: INFO ----->定位方式:xpath--->定位值://*[@id="yx-upload-check"]
2019-06-13 10:42:39,167 find_element.py--> get_element 20: INFO ----->定位方式:xpath--->定位值://*[@id="yx-upload-check"]
2019-06-13 10:42:41,438 find_element.py--> get_element 20: INFO ----->定位方式:xpath--->定位值://*[@id="yx-upload-sub"]
2019-06-13 10:42:41,617 find_element.py--> get_element 20: INFO ----->定位方式:xpath--->定位值://*[@id="cusUpdateModal"]/div/div/div[3]/button
2019-06-13 10:42:42,704 find_element.py--> get_element 20: INFO ----->定位方式:id--->定位值:basicTempSave
2019-06-13 10:42:44,318 find_element.py--> get_element 20: INFO ----->定位方式:id--->定位值:basicModalBtnNegative
2019-06-13 10:42:45,417 find_element.py--> get_element 20: INFO ----->定位方式:id--->定位值:basicSubmit
2019-06-13 10:42:47,473 find_element.py--> get_element 20: INFO ----->定位方式:id--->定位值:basicModalBtnNegative
2019-06-13 10:42:48,697 find_element.py--> get_element 20: INFO ----->定位方式:name--->定位值:customerPhoneNo
2019-06-13 10:42:48,956 find_element.py--> get_element 20: INFO ----->定位方式:id--->定位值:btnSearch
2019-06-13 10:42:49,256 find_element.py--> get_element 20: INFO ----->定位方式:xpath--->定位值://*[@id="orders"]/tbody/tr/td[2]/a
2019-06-13 10:54:00,761 login_handle.py--> send_username 20: INFO ----->输入用户名是：ccadmin
2019-06-13 10:54:00,764 find_element.py--> get_element 20: INFO ----->定位方式:id--->定位值:loginId
2019-06-13 10:54:00,897 login_handle.py--> send_password 20: INFO ----->输入密码是：123qwe
2019-06-13 10:54:00,899 find_element.py--> get_element 20: INFO ----->定位方式:id--->定位值:password
2019-06-13 10:54:00,980 find_element.py--> get_element 20: INFO ----->定位方式:className--->定位值:login-submit
2019-06-13 10:54:02,596 find_element.py--> get_element 20: INFO ----->定位方式:id--->定位值:910000
2019-06-13 10:54:03,669 find_element.py--> get_element 20: INFO ----->定位方式:id--->定位值:15000000
2019-06-13 10:54:04,741 find_element.py--> get_element 20: INFO ----->定位方式:xpath--->定位值://*[@id="15080000"]
2019-06-13 10:54:04,808 find_element.py--> get_element 20: INFO ----->定位方式:id--->定位值:15080100
2019-06-13 10:54:06,981 find_element.py--> get_element 20: INFO ----->定位方式:xpath--->定位值://*[@id="btn_xinzeng"]
2019-06-13 10:54:08,098 order_info_handle.py--> send_userinfo 20: INFO ----->输入的手机号：18657959357
2019-06-13 10:54:08,100 find_element.py--> get_element 20: INFO ----->定位方式:id--->定位值:phoneNo
2019-06-13 10:54:09,329 find_element.py--> get_element 20: INFO ----->定位方式:id--->定位值:queryMobile
2019-06-13 10:54:10,444 order_info_handle.py--> send_userinfo 20: INFO ----->输入的身份证号：110111197201015447
2019-06-13 10:54:10,445 find_element.py--> get_element 20: INFO ----->定位方式:id--->定位值:idNumber
2019-06-13 10:54:12,117 find_element.py--> get_element 20: INFO ----->定位方式:id--->定位值:purchaseAmount
2019-06-13 10:54:12,262 find_element.py--> get_element 20: INFO ----->定位方式:xpath--->定位值://*[@id="vehicleModel"]/div/div[1]/div[3]/div/div/button/span[1]
2019-06-13 10:54:12,554 find_element.py--> get_element 20: INFO ----->定位方式:xpath--->定位值://*[@id="vehicleModel"]/div/div[1]/div[3]/div/div/div/ul/li[121]/a
2019-06-13 10:54:12,725 find_element.py--> get_element 20: INFO ----->定位方式:xpath--->定位值://*[@id="vehicleModel"]/div/div[2]/div[1]/div/div/button/span[1]
2019-06-13 10:54:12,906 find_element.py--> get_element 20: INFO ----->定位方式:xpath--->定位值://*[@id="vehicleModel"]/div/div[2]/div[1]/div/div/div/ul/li[27]/a
2019-06-13 10:54:13,092 find_element.py--> get_element 20: INFO ----->定位方式:xpath--->定位值://*[@id="vehicleModel"]/div/div[2]/div[2]/div/div/button/span[1]
2019-06-13 10:54:13,359 find_element.py--> get_element 20: INFO ----->定位方式:xpath--->定位值://*[@id="vehicleModel"]/div/div[2]/div[2]/div/div/div/ul/li[3]/a/span[1]
2019-06-13 10:54:13,513 find_element.py--> get_element 20: INFO ----->定位方式:xpath--->定位值://*[@id="vehicleModel"]/div/div[1]/div[4]/div/div/button/span[1]
2019-06-13 10:54:13,634 find_element.py--> get_element 20: INFO ----->定位方式:xpath--->定位值://*[@id="vehicleModel"]/div/div[1]/div[4]/div/div/div/ul/li[2]/a
2019-06-13 10:54:13,771 find_element.py--> get_element 20: INFO ----->定位方式:id--->定位值:guidePrice
2019-06-13 10:54:13,823 find_element.py--> get_element 20: INFO ----->定位方式:id--->定位值:guidePrice
2019-06-13 10:54:14,073 find_element.py--> get_element 20: INFO ----->定位方式:id--->定位值:salePrice
2019-06-13 10:54:14,373 order_info_business.py--> car_price 20: INFO ----->定金金额：3500
2019-06-13 10:54:14,376 find_element.py--> get_element 20: INFO ----->定位方式:id--->定位值:preLicenseProvince
2019-06-13 10:54:14,529 find_element.py--> get_element 20: INFO ----->定位方式:xpath--->定位值://*[@id="preLicenseProvince"]/option[20]
2019-06-13 10:54:14,613 find_element.py--> get_element 20: INFO ----->定位方式:id--->定位值:preLicenseCity
2019-06-13 10:54:14,778 find_element.py--> get_element 20: INFO ----->定位方式:xpath--->定位值://*[@id="preLicenseCity"]/option[2]
2019-06-13 10:54:14,853 find_element.py--> get_element 20: INFO ----->定位方式:id--->定位值:preLicenseSotre
2019-06-13 10:54:15,018 find_element.py--> get_element 20: INFO ----->定位方式:xpath--->定位值://*[@id="preLicenseSotre"]/option[2]
2019-06-13 10:54:15,100 find_element.py--> get_element 20: INFO ----->定位方式:id--->定位值:channelTypeGH
2019-06-13 10:54:15,261 find_element.py--> get_element 20: INFO ----->定位方式:id--->定位值:realNameSystemYNull
2019-06-13 10:54:15,407 find_element.py--> get_element 20: INFO ----->定位方式:id--->定位值:shopInsuranceYNull
2019-06-13 10:54:15,537 find_element.py--> get_element 20: INFO ----->定位方式:id--->定位值:firstYearVehicleAndVesselTax
2019-06-13 10:54:15,640 find_element.py--> get_element 20: INFO ----->定位方式:id--->定位值:firstYearSali
2019-06-13 10:54:15,747 find_element.py--> get_element 20: INFO ----->定位方式:id--->定位值:firstCommercialTheft
2019-06-13 10:54:15,857 find_element.py--> get_element 20: INFO ----->定位方式:id--->定位值:advancePremiumAmt
2019-06-13 10:54:15,988 find_element.py--> get_element 20: INFO ----->定位方式:id--->定位值:termCount
2019-06-13 10:54:16,137 find_element.py--> get_element 20: INFO ----->定位方式:id--->定位值:monthlyRent
2019-06-13 10:54:16,328 find_element.py--> get_element 20: INFO ----->定位方式:id--->定位值:cusInterestRates
2019-06-13 10:54:16,440 find_element.py--> get_element 20: INFO ----->定位方式:id--->定位值:purchaseTax
2019-06-13 10:54:16,638 find_element.py--> get_element 20: INFO ----->定位方式:id--->定位值:gpsFee
2019-06-13 10:54:16,810 find_element.py--> get_element 20: INFO ----->定位方式:id--->定位值:accountMaintenanceFee
2019-06-13 10:54:16,981 find_element.py--> get_element 20: INFO ----->定位方式:id--->定位值:yxDownPaymentAmt
2019-06-13 10:54:17,252 find_element.py--> get_element 20: INFO ----->定位方式:id--->定位值:yxRiskFinancingAmt
2019-06-13 10:54:17,544 find_element.py--> get_element 20: INFO ----->定位方式:id--->定位值:yxRiskControlFinancingAmt
2019-06-13 10:54:17,740 find_element.py--> get_element 20: INFO ----->定位方式:id--->定位值:hsServiceFee
2019-06-13 10:54:17,937 find_element.py--> get_element 20: INFO ----->定位方式:id--->定位值:licenseFee
2019-06-13 10:54:18,092 find_element.py--> get_element 20: INFO ----->定位方式:id--->定位值:mortgageFee
2019-06-13 10:54:18,248 find_element.py--> get_element 20: INFO ----->定位方式:id--->定位值:totalDownPaymentOtherAmt
2019-06-13 10:54:18,371 find_element.py--> get_element 20: INFO ----->定位方式:id--->定位值:remarkId
2019-06-13 10:54:18,835 find_element.py--> get_element 20: INFO ----->定位方式:xpath--->定位值://*[@id="fanancingInfoHs"]/div/div[2]/div[1]/div/div/button/span[1]
2019-06-13 10:54:18,963 find_element.py--> get_element 20: INFO ----->定位方式:xpath--->定位值://*[@id="fanancingInfoHs"]/div/div[2]/div[1]/div/div/div/ul/li[2]/a/span[1]
2019-06-13 10:54:19,124 find_element.py--> get_element 20: INFO ----->定位方式:id--->定位值:yxOrderNo
2019-06-13 10:54:19,591 find_element.py--> get_element 20: INFO ----->定位方式:xpath--->定位值://*[@id="yxAuditFile"]/div/table/tbody/tr[1]/td[3]/input
2019-06-13 10:54:20,750 find_element.py--> get_element 20: INFO ----->定位方式:xpath--->定位值://*[@id="yx-upload-check"]
2019-06-13 10:54:23,383 find_element.py--> get_element 20: INFO ----->定位方式:xpath--->定位值://*[@id="yx-upload-sub"]
2019-06-13 10:54:23,574 find_element.py--> get_element 20: INFO ----->定位方式:xpath--->定位值://*[@id="cusUpdateModal"]/div/div/div[3]/button
2019-06-13 10:54:24,707 find_element.py--> get_element 20: INFO ----->定位方式:xpath--->定位值://*[@id="yxAuditFile"]/div/table/tbody/tr[2]/td[3]/input
2019-06-13 10:54:25,868 find_element.py--> get_element 20: INFO ----->定位方式:xpath--->定位值://*[@id="yx-upload-check"]
2019-06-13 10:54:29,277 find_element.py--> get_element 20: INFO ----->定位方式:xpath--->定位值://*[@id="yx-upload-check"]
2019-06-13 10:54:31,675 find_element.py--> get_element 20: INFO ----->定位方式:xpath--->定位值://*[@id="yx-upload-sub"]
2019-06-13 10:54:31,815 find_element.py--> get_element 20: INFO ----->定位方式:xpath--->定位值://*[@id="cusUpdateModal"]/div/div/div[3]/button
2019-06-13 10:54:32,918 find_element.py--> get_element 20: INFO ----->定位方式:id--->定位值:basicTempSave
2019-06-13 10:54:34,530 find_element.py--> get_element 20: INFO ----->定位方式:id--->定位值:basicModalBtnNegative
2019-06-13 10:54:35,632 find_element.py--> get_element 20: INFO ----->定位方式:id--->定位值:basicSubmit
2019-06-13 10:54:37,747 find_element.py--> get_element 20: INFO ----->定位方式:id--->定位值:basicModalBtnNegative
2019-06-13 10:54:38,940 find_element.py--> get_element 20: INFO ----->定位方式:name--->定位值:customerPhoneNo
2019-06-13 10:54:39,152 find_element.py--> get_element 20: INFO ----->定位方式:id--->定位值:btnSearch
2019-06-13 10:54:41,011 find_element.py--> get_element 20: INFO ----->定位方式:xpath--->定位值://*[@id="orders"]/tbody/tr[1]/td[1]
2019-06-13 10:54:41,114 find_element.py--> get_element 20: INFO ----->定位方式:id--->定位值:btn_shenhedingdan
2019-06-13 10:54:45,674 find_element.py--> get_element 20: INFO ----->定位方式:id--->定位值:orderClose
2019-06-13 10:54:46,880 find_element.py--> get_element 20: INFO ----->定位方式:name--->定位值:customerPhoneNo
2019-06-13 10:54:47,098 find_element.py--> get_element 20: INFO ----->定位方式:id--->定位值:btnSearch
2019-06-13 10:54:49,037 find_element.py--> get_element 20: INFO ----->定位方式:xpath--->定位值://*[@id="orders"]/tbody/tr[1]/td[1]
2019-06-13 10:54:49,187 find_element.py--> get_element 20: INFO ----->定位方式:id--->定位值:btn_shenhedingdan
2019-06-13 10:54:51,752 find_element.py--> get_element 20: INFO ----->定位方式:id--->定位值:basicSubmit
2019-06-13 10:54:52,888 find_element.py--> get_element 20: INFO ----->定位方式:id--->定位值:basicModalBtnNegative
2019-06-13 10:54:54,019 find_element.py--> get_element 20: INFO ----->定位方式:name--->定位值:customerPhoneNo
2019-06-13 10:54:54,250 find_element.py--> get_element 20: INFO ----->定位方式:id--->定位值:btnSearch
2019-06-13 10:54:55,545 find_element.py--> get_element 20: INFO ----->定位方式:xpath--->定位值://*[@id="orders"]/tbody/tr[1]/td[1]
2019-06-13 10:54:55,670 find_element.py--> get_element 20: INFO ----->定位方式:id--->定位值:btn_xiaoshoujiesuan
2019-06-13 10:54:57,097 find_element.py--> get_element 20: INFO ----->定位方式:xpath--->定位值://*[@id="amtDetail"]/div/div[3]/div/button[1]
2019-06-13 10:54:58,335 find_element.py--> get_element 20: INFO ----->定位方式:xpath--->定位值://*[@id="receiptModel"]/div/div/div[2]/button
2019-06-13 10:54:59,433 find_element.py--> get_element 20: INFO ----->定位方式:id--->定位值:deliveryClose
2019-06-13 10:56:49,720 login_handle.py--> send_username 20: INFO ----->输入用户名是：ccadmin
2019-06-13 10:56:49,722 find_element.py--> get_element 20: INFO ----->定位方式:id--->定位值:loginId
2019-06-13 10:56:49,801 login_handle.py--> send_password 20: INFO ----->输入密码是：123qwe
2019-06-13 10:56:49,804 find_element.py--> get_element 20: INFO ----->定位方式:id--->定位值:password
2019-06-13 10:56:49,865 find_element.py--> get_element 20: INFO ----->定位方式:className--->定位值:login-submit
2019-06-13 10:56:51,400 find_element.py--> get_element 20: INFO ----->定位方式:id--->定位值:910000
2019-06-13 10:56:52,491 find_element.py--> get_element 20: INFO ----->定位方式:id--->定位值:15000000
2019-06-13 10:56:53,581 find_element.py--> get_element 20: INFO ----->定位方式:xpath--->定位值://*[@id="15080000"]
2019-06-13 10:56:53,647 find_element.py--> get_element 20: INFO ----->定位方式:id--->定位值:15080100
2019-06-13 10:56:55,841 find_element.py--> get_element 20: INFO ----->定位方式:xpath--->定位值://*[@id="btn_xinzeng"]
2019-06-13 10:56:57,041 order_info_handle.py--> send_userinfo 20: INFO ----->输入的手机号：18618790908
2019-06-13 10:56:57,043 find_element.py--> get_element 20: INFO ----->定位方式:id--->定位值:phoneNo
2019-06-13 10:56:58,255 find_element.py--> get_element 20: INFO ----->定位方式:id--->定位值:queryMobile
2019-06-13 10:56:59,436 order_info_handle.py--> send_userinfo 20: INFO ----->输入的身份证号：110111197801185079
2019-06-13 10:56:59,437 find_element.py--> get_element 20: INFO ----->定位方式:id--->定位值:idNumber
2019-06-13 10:57:01,283 find_element.py--> get_element 20: INFO ----->定位方式:id--->定位值:purchaseAmount
2019-06-13 10:57:01,547 find_element.py--> get_element 20: INFO ----->定位方式:xpath--->定位值://*[@id="vehicleModel"]/div/div[1]/div[3]/div/div/button/span[1]
2019-06-13 10:57:01,929 find_element.py--> get_element 20: INFO ----->定位方式:xpath--->定位值://*[@id="vehicleModel"]/div/div[1]/div[3]/div/div/div/ul/li[121]/a
2019-06-13 10:57:02,121 find_element.py--> get_element 20: INFO ----->定位方式:xpath--->定位值://*[@id="vehicleModel"]/div/div[2]/div[1]/div/div/button/span[1]
2019-06-13 10:57:02,333 find_element.py--> get_element 20: INFO ----->定位方式:xpath--->定位值://*[@id="vehicleModel"]/div/div[2]/div[1]/div/div/div/ul/li[27]/a
2019-06-13 10:57:02,528 find_element.py--> get_element 20: INFO ----->定位方式:xpath--->定位值://*[@id="vehicleModel"]/div/div[2]/div[2]/div/div/button/span[1]
2019-06-13 10:57:02,811 find_element.py--> get_element 20: INFO ----->定位方式:xpath--->定位值://*[@id="vehicleModel"]/div/div[2]/div[2]/div/div/div/ul/li[3]/a/span[1]
2019-06-13 10:57:03,015 find_element.py--> get_element 20: INFO ----->定位方式:xpath--->定位值://*[@id="vehicleModel"]/div/div[1]/div[4]/div/div/button/span[1]
2019-06-13 10:57:03,171 find_element.py--> get_element 20: INFO ----->定位方式:xpath--->定位值://*[@id="vehicleModel"]/div/div[1]/div[4]/div/div/div/ul/li[2]/a
2019-06-13 10:57:03,301 find_element.py--> get_element 20: INFO ----->定位方式:id--->定位值:guidePrice
2019-06-13 10:57:03,356 find_element.py--> get_element 20: INFO ----->定位方式:id--->定位值:guidePrice
2019-06-13 10:57:03,594 find_element.py--> get_element 20: INFO ----->定位方式:id--->定位值:salePrice
2019-06-13 10:57:03,878 order_info_business.py--> car_price 20: INFO ----->定金金额：3500
2019-06-13 10:57:03,881 find_element.py--> get_element 20: INFO ----->定位方式:id--->定位值:preLicenseProvince
2019-06-13 10:57:04,016 find_element.py--> get_element 20: INFO ----->定位方式:xpath--->定位值://*[@id="preLicenseProvince"]/option[20]
2019-06-13 10:57:04,103 find_element.py--> get_element 20: INFO ----->定位方式:id--->定位值:preLicenseCity
2019-06-13 10:57:04,254 find_element.py--> get_element 20: INFO ----->定位方式:xpath--->定位值://*[@id="preLicenseCity"]/option[2]
2019-06-13 10:57:04,369 find_element.py--> get_element 20: INFO ----->定位方式:id--->定位值:preLicenseSotre
2019-06-13 10:57:04,522 find_element.py--> get_element 20: INFO ----->定位方式:xpath--->定位值://*[@id="preLicenseSotre"]/option[2]
2019-06-13 10:57:04,599 find_element.py--> get_element 20: INFO ----->定位方式:id--->定位值:channelTypeGH
2019-06-13 10:57:04,756 find_element.py--> get_element 20: INFO ----->定位方式:id--->定位值:realNameSystemYNull
2019-06-13 10:57:04,928 find_element.py--> get_element 20: INFO ----->定位方式:id--->定位值:shopInsuranceYNull
2019-06-13 10:57:05,066 find_element.py--> get_element 20: INFO ----->定位方式:id--->定位值:firstYearVehicleAndVesselTax
2019-06-13 10:57:05,174 find_element.py--> get_element 20: INFO ----->定位方式:id--->定位值:firstYearSali
2019-06-13 10:57:05,274 find_element.py--> get_element 20: INFO ----->定位方式:id--->定位值:firstCommercialTheft
2019-06-13 10:57:05,385 find_element.py--> get_element 20: INFO ----->定位方式:id--->定位值:advancePremiumAmt
2019-06-13 10:57:05,509 find_element.py--> get_element 20: INFO ----->定位方式:id--->定位值:termCount
2019-06-13 10:57:05,642 find_element.py--> get_element 20: INFO ----->定位方式:id--->定位值:monthlyRent
2019-06-13 10:57:05,859 find_element.py--> get_element 20: INFO ----->定位方式:id--->定位值:cusInterestRates
2019-06-13 10:57:05,966 find_element.py--> get_element 20: INFO ----->定位方式:id--->定位值:purchaseTax
2019-06-13 10:57:06,143 find_element.py--> get_element 20: INFO ----->定位方式:id--->定位值:gpsFee
2019-06-13 10:57:06,316 find_element.py--> get_element 20: INFO ----->定位方式:id--->定位值:accountMaintenanceFee
2019-06-13 10:57:06,493 find_element.py--> get_element 20: INFO ----->定位方式:id--->定位值:yxDownPaymentAmt
2019-06-13 10:57:06,692 find_element.py--> get_element 20: INFO ----->定位方式:id--->定位值:yxRiskFinancingAmt
2019-06-13 10:57:06,849 find_element.py--> get_element 20: INFO ----->定位方式:id--->定位值:yxRiskControlFinancingAmt
2019-06-13 10:57:07,074 find_element.py--> get_element 20: INFO ----->定位方式:id--->定位值:hsServiceFee
2019-06-13 10:57:07,237 find_element.py--> get_element 20: INFO ----->定位方式:id--->定位值:licenseFee
2019-06-13 10:57:07,390 find_element.py--> get_element 20: INFO ----->定位方式:id--->定位值:mortgageFee
2019-06-13 10:57:07,557 find_element.py--> get_element 20: INFO ----->定位方式:id--->定位值:totalDownPaymentOtherAmt
2019-06-13 10:57:07,664 find_element.py--> get_element 20: INFO ----->定位方式:id--->定位值:remarkId
2019-06-13 10:57:08,179 find_element.py--> get_element 20: INFO ----->定位方式:xpath--->定位值://*[@id="fanancingInfoHs"]/div/div[2]/div[1]/div/div/button/span[1]
2019-06-13 10:57:08,316 find_element.py--> get_element 20: INFO ----->定位方式:xpath--->定位值://*[@id="fanancingInfoHs"]/div/div[2]/div[1]/div/div/div/ul/li[2]/a/span[1]
2019-06-13 10:57:08,485 find_element.py--> get_element 20: INFO ----->定位方式:id--->定位值:yxOrderNo
2019-06-13 10:57:08,952 find_element.py--> get_element 20: INFO ----->定位方式:xpath--->定位值://*[@id="yxAuditFile"]/div/table/tbody/tr[1]/td[3]/input
2019-06-13 10:57:10,085 find_element.py--> get_element 20: INFO ----->定位方式:xpath--->定位值://*[@id="yx-upload-check"]
2019-06-13 10:57:12,631 find_element.py--> get_element 20: INFO ----->定位方式:xpath--->定位值://*[@id="yx-upload-sub"]
2019-06-13 10:57:12,830 find_element.py--> get_element 20: INFO ----->定位方式:xpath--->定位值://*[@id="cusUpdateModal"]/div/div/div[3]/button
2019-06-13 10:57:13,950 find_element.py--> get_element 20: INFO ----->定位方式:xpath--->定位值://*[@id="yxAuditFile"]/div/table/tbody/tr[2]/td[3]/input
2019-06-13 10:57:15,079 find_element.py--> get_element 20: INFO ----->定位方式:xpath--->定位值://*[@id="yx-upload-check"]
2019-06-13 10:57:18,493 find_element.py--> get_element 20: INFO ----->定位方式:xpath--->定位值://*[@id="yx-upload-check"]
2019-06-13 10:57:20,846 find_element.py--> get_element 20: INFO ----->定位方式:xpath--->定位值://*[@id="yx-upload-sub"]
2019-06-13 10:57:21,011 find_element.py--> get_element 20: INFO ----->定位方式:xpath--->定位值://*[@id="cusUpdateModal"]/div/div/div[3]/button
2019-06-13 10:57:22,138 find_element.py--> get_element 20: INFO ----->定位方式:id--->定位值:basicTempSave
2019-06-13 10:57:23,692 find_element.py--> get_element 20: INFO ----->定位方式:id--->定位值:basicModalBtnNegative
2019-06-13 10:57:24,811 find_element.py--> get_element 20: INFO ----->定位方式:id--->定位值:basicSubmit
2019-06-13 10:57:26,871 find_element.py--> get_element 20: INFO ----->定位方式:id--->定位值:basicModalBtnNegative
2019-06-13 10:57:27,987 find_element.py--> get_element 20: INFO ----->定位方式:name--->定位值:customerPhoneNo
2019-06-13 10:57:28,206 find_element.py--> get_element 20: INFO ----->定位方式:id--->定位值:btnSearch
2019-06-13 10:57:30,051 find_element.py--> get_element 20: INFO ----->定位方式:xpath--->定位值://*[@id="orders"]/tbody/tr[1]/td[1]
2019-06-13 10:57:30,206 find_element.py--> get_element 20: INFO ----->定位方式:id--->定位值:btn_shenhedingdan
2019-06-13 10:57:34,761 find_element.py--> get_element 20: INFO ----->定位方式:id--->定位值:orderClose
2019-06-13 10:57:36,198 find_element.py--> get_element 20: INFO ----->定位方式:name--->定位值:customerPhoneNo
2019-06-13 10:57:36,404 find_element.py--> get_element 20: INFO ----->定位方式:id--->定位值:btnSearch
2019-06-13 10:57:38,240 find_element.py--> get_element 20: INFO ----->定位方式:xpath--->定位值://*[@id="orders"]/tbody/tr[1]/td[1]
2019-06-13 10:57:38,339 find_element.py--> get_element 20: INFO ----->定位方式:id--->定位值:btn_shenhedingdan
2019-06-13 10:57:40,930 find_element.py--> get_element 20: INFO ----->定位方式:id--->定位值:basicSubmit
2019-06-13 10:57:42,054 find_element.py--> get_element 20: INFO ----->定位方式:id--->定位值:basicModalBtnNegative
2019-06-13 10:57:44,044 find_element.py--> get_element 20: INFO ----->定位方式:name--->定位值:customerPhoneNo
2019-06-13 10:57:44,327 find_element.py--> get_element 20: INFO ----->定位方式:id--->定位值:btnSearch
2019-06-13 10:57:45,639 find_element.py--> get_element 20: INFO ----->定位方式:xpath--->定位值://*[@id="orders"]/tbody/tr[1]/td[1]
2019-06-13 10:57:45,735 find_element.py--> get_element 20: INFO ----->定位方式:id--->定位值:btn_xiaoshoujiesuan
2019-06-13 10:57:46,929 find_element.py--> get_element 20: INFO ----->定位方式:xpath--->定位值://*[@id="amtDetail"]/div/div[3]/div/button[1]
2019-06-13 10:57:48,091 find_element.py--> get_element 20: INFO ----->定位方式:xpath--->定位值://*[@id="receiptModel"]/div/div/div[2]/button
2019-06-13 10:57:49,188 find_element.py--> get_element 20: INFO ----->定位方式:id--->定位值:deliveryClose
2019-06-13 14:30:21,746 login_handle.py--> send_username 20: INFO ----->输入用户名是：ccadmin
2019-06-13 14:30:21,747 find_element.py--> get_element 20: INFO ----->定位方式:id--->定位值:loginId
2019-06-13 14:30:21,829 login_handle.py--> send_password 20: INFO ----->输入密码是：123qwe
2019-06-13 14:30:21,830 find_element.py--> get_element 20: INFO ----->定位方式:id--->定位值:password
2019-06-13 14:30:21,895 find_element.py--> get_element 20: INFO ----->定位方式:className--->定位值:login-submit
2019-06-13 14:30:51,375 find_element.py--> get_element 20: INFO ----->定位方式:id--->定位值:910000
2019-06-13 14:31:05,658 find_element.py--> get_element 20: INFO ----->定位方式:id--->定位值:15000000
2019-06-13 14:31:06,734 find_element.py--> get_element 20: INFO ----->定位方式:xpath--->定位值://*[@id="15080000"]
2019-06-13 14:31:06,800 find_element.py--> get_element 20: INFO ----->定位方式:id--->定位值:15080100
2019-06-13 18:11:59,626 login_handle.py--> send_username 20: INFO ----->输入用户名是：ccadmin
2019-06-13 18:11:59,633 find_element.py--> get_element 20: INFO ----->定位方式:id--->定位值:loginId
2019-06-13 18:11:59,741 login_handle.py--> send_password 20: INFO ----->输入密码是：123qwe
2019-06-13 18:11:59,743 find_element.py--> get_element 20: INFO ----->定位方式:id--->定位值:password
2019-06-13 18:11:59,829 find_element.py--> get_element 20: INFO ----->定位方式:className--->定位值:login-submit
2019-06-13 18:12:00,914 find_element.py--> get_element 20: INFO ----->定位方式:id--->定位值:910000
2019-06-13 18:12:02,049 find_element.py--> get_element 20: INFO ----->定位方式:id--->定位值:15000000
2019-06-13 18:12:03,214 find_element.py--> get_element 20: INFO ----->定位方式:xpath--->定位值://*[@id="15080000"]
2019-06-13 18:12:03,340 find_element.py--> get_element 20: INFO ----->定位方式:id--->定位值:15080100
2019-06-13 18:12:05,998 find_element.py--> get_element 20: INFO ----->定位方式:xpath--->定位值://*[@id="btn_xinzeng"]
2019-06-13 18:12:07,811 order_info_handle.py--> send_userinfo 20: INFO ----->输入的手机号：18656048740
2019-06-13 18:12:07,814 find_element.py--> get_element 20: INFO ----->定位方式:id--->定位值:phoneNo
2019-06-13 18:12:09,300 find_element.py--> get_element 20: INFO ----->定位方式:id--->定位值:queryMobile
2019-06-13 18:12:10,573 order_info_handle.py--> send_userinfo 20: INFO ----->输入的身份证号：110105195802025937
2019-06-13 18:12:10,574 find_element.py--> get_element 20: INFO ----->定位方式:id--->定位值:idNumber
2019-06-13 18:12:10,576 find_element.py--> get_element 20: INFO ----->找不到定位元素
2019-06-13 18:12:41,597 login_handle.py--> send_username 20: INFO ----->输入用户名是：ccadmin
2019-06-13 18:12:41,599 find_element.py--> get_element 20: INFO ----->定位方式:id--->定位值:loginId
2019-06-13 18:12:41,777 login_handle.py--> send_password 20: INFO ----->输入密码是：123qwe
2019-06-13 18:12:41,779 find_element.py--> get_element 20: INFO ----->定位方式:id--->定位值:password
2019-06-13 18:12:41,935 find_element.py--> get_element 20: INFO ----->定位方式:className--->定位值:login-submit
2019-06-13 18:12:43,642 find_element.py--> get_element 20: INFO ----->定位方式:id--->定位值:910000
2019-06-13 18:12:44,769 find_element.py--> get_element 20: INFO ----->定位方式:id--->定位值:15000000
2019-06-13 18:12:45,872 find_element.py--> get_element 20: INFO ----->定位方式:xpath--->定位值://*[@id="15080000"]
2019-06-13 18:12:45,958 find_element.py--> get_element 20: INFO ----->定位方式:id--->定位值:15080100
2019-06-13 18:12:48,388 find_element.py--> get_element 20: INFO ----->定位方式:xpath--->定位值://*[@id="btn_xinzeng"]
2019-06-13 18:12:50,217 order_info_handle.py--> send_userinfo 20: INFO ----->输入的手机号：18652630464
2019-06-13 18:12:50,219 find_element.py--> get_element 20: INFO ----->定位方式:id--->定位值:phoneNo
2019-06-13 18:12:51,555 find_element.py--> get_element 20: INFO ----->定位方式:id--->定位值:queryMobile
2019-06-13 18:12:52,703 order_info_handle.py--> send_userinfo 20: INFO ----->输入的身份证号：362423196802034306
2019-06-13 18:12:52,705 find_element.py--> get_element 20: INFO ----->定位方式:id--->定位值:idNumber
2019-06-13 18:12:54,807 find_element.py--> get_element 20: INFO ----->定位方式:id--->定位值:purchaseAmount
2019-06-13 18:12:54,997 find_element.py--> get_element 20: INFO ----->定位方式:xpath--->定位值://*[@id="vehicleModel"]/div/div[1]/div[3]/div/div/button/span[1]
2019-06-13 18:12:55,314 find_element.py--> get_element 20: INFO ----->定位方式:xpath--->定位值://*[@id="vehicleModel"]/div/div[1]/div[3]/div/div/div/ul/li[121]/a
2019-06-13 18:12:55,514 find_element.py--> get_element 20: INFO ----->定位方式:xpath--->定位值://*[@id="vehicleModel"]/div/div[2]/div[1]/div/div/button/span[1]
2019-06-13 18:12:55,766 find_element.py--> get_element 20: INFO ----->定位方式:xpath--->定位值://*[@id="vehicleModel"]/div/div[2]/div[1]/div/div/div/ul/li[27]/a
2019-06-13 18:12:55,926 find_element.py--> get_element 20: INFO ----->定位方式:xpath--->定位值://*[@id="vehicleModel"]/div/div[2]/div[2]/div/div/button/span[1]
2019-06-13 18:12:56,151 find_element.py--> get_element 20: INFO ----->定位方式:xpath--->定位值://*[@id="vehicleModel"]/div/div[2]/div[2]/div/div/div/ul/li[3]/a/span[1]
2019-06-13 18:12:56,351 find_element.py--> get_element 20: INFO ----->定位方式:xpath--->定位值://*[@id="vehicleModel"]/div/div[1]/div[4]/div/div/button/span[1]
2019-06-13 18:12:56,491 find_element.py--> get_element 20: INFO ----->定位方式:xpath--->定位值://*[@id="vehicleModel"]/div/div[1]/div[4]/div/div/div/ul/li[2]/a
2019-06-13 18:12:56,647 find_element.py--> get_element 20: INFO ----->定位方式:id--->定位值:guidePrice
2019-06-13 18:12:56,713 find_element.py--> get_element 20: INFO ----->定位方式:id--->定位值:guidePrice
2019-06-13 18:12:56,974 find_element.py--> get_element 20: INFO ----->定位方式:id--->定位值:salePrice
2019-06-13 18:12:57,334 order_info_business.py--> car_price 20: INFO ----->定金金额：3500
2019-06-13 18:12:57,337 find_element.py--> get_element 20: INFO ----->定位方式:id--->定位值:preLicenseProvince
2019-06-13 18:12:57,577 find_element.py--> get_element 20: INFO ----->定位方式:xpath--->定位值://*[@id="preLicenseProvince"]/option[20]
2019-06-13 18:12:57,671 find_element.py--> get_element 20: INFO ----->定位方式:id--->定位值:preLicenseCity
2019-06-13 18:12:57,849 find_element.py--> get_element 20: INFO ----->定位方式:xpath--->定位值://*[@id="preLicenseCity"]/option[2]
2019-06-13 18:12:57,961 find_element.py--> get_element 20: INFO ----->定位方式:id--->定位值:preLicenseSotre
2019-06-13 18:12:58,125 find_element.py--> get_element 20: INFO ----->定位方式:xpath--->定位值://*[@id="preLicenseSotre"]/option[2]
2019-06-13 18:12:58,215 find_element.py--> get_element 20: INFO ----->定位方式:id--->定位值:channelTypeGH
2019-06-13 18:12:58,394 find_element.py--> get_element 20: INFO ----->定位方式:id--->定位值:realNameSystemYNull
2019-06-13 18:12:58,567 find_element.py--> get_element 20: INFO ----->定位方式:id--->定位值:shopInsuranceYNull
2019-06-13 18:12:58,725 find_element.py--> get_element 20: INFO ----->定位方式:id--->定位值:firstYearVehicleAndVesselTax
2019-06-13 18:12:58,854 find_element.py--> get_element 20: INFO ----->定位方式:id--->定位值:firstYearSali
2019-06-13 18:12:58,996 find_element.py--> get_element 20: INFO ----->定位方式:id--->定位值:firstCommercialTheft
2019-06-13 18:12:59,124 find_element.py--> get_element 20: INFO ----->定位方式:id--->定位值:advancePremiumAmt
2019-06-13 18:12:59,271 find_element.py--> get_element 20: INFO ----->定位方式:id--->定位值:termCount
2019-06-13 18:12:59,435 find_element.py--> get_element 20: INFO ----->定位方式:id--->定位值:monthlyRent
2019-06-13 18:12:59,662 find_element.py--> get_element 20: INFO ----->定位方式:id--->定位值:cusInterestRates
2019-06-13 18:12:59,784 find_element.py--> get_element 20: INFO ----->定位方式:id--->定位值:purchaseTax
2019-06-13 18:13:00,097 find_element.py--> get_element 20: INFO ----->定位方式:id--->定位值:gpsFee
2019-06-13 18:13:00,341 find_element.py--> get_element 20: INFO ----->定位方式:id--->定位值:accountMaintenanceFee
2019-06-13 18:13:00,617 find_element.py--> get_element 20: INFO ----->定位方式:id--->定位值:yxDownPaymentAmt
2019-06-13 18:13:01,022 find_element.py--> get_element 20: INFO ----->定位方式:id--->定位值:yxRiskFinancingAmt
2019-06-13 18:13:01,222 find_element.py--> get_element 20: INFO ----->定位方式:id--->定位值:yxRiskControlFinancingAmt
2019-06-13 18:13:01,426 find_element.py--> get_element 20: INFO ----->定位方式:id--->定位值:hsServiceFee
2019-06-13 18:13:01,670 find_element.py--> get_element 20: INFO ----->定位方式:id--->定位值:licenseFee
2019-06-13 18:13:01,857 find_element.py--> get_element 20: INFO ----->定位方式:id--->定位值:mortgageFee
2019-06-13 18:13:02,030 find_element.py--> get_element 20: INFO ----->定位方式:id--->定位值:totalDownPaymentOtherAmt
2019-06-13 18:13:02,153 find_element.py--> get_element 20: INFO ----->定位方式:id--->定位值:remarkId
2019-06-13 18:13:02,687 find_element.py--> get_element 20: INFO ----->定位方式:xpath--->定位值://*[@id="fanancingInfoHs"]/div/div[2]/div[1]/div/div/button/span[1]
2019-06-13 18:13:02,839 find_element.py--> get_element 20: INFO ----->定位方式:xpath--->定位值://*[@id="fanancingInfoHs"]/div/div[2]/div[1]/div/div/div/ul/li[2]/a/span[1]
2019-06-13 18:13:03,028 find_element.py--> get_element 20: INFO ----->定位方式:id--->定位值:yxOrderNo
2019-06-13 18:13:03,579 find_element.py--> get_element 20: INFO ----->定位方式:xpath--->定位值://*[@id="yxAuditFile"]/div/table/tbody/tr[1]/td[3]/input
2019-06-13 18:13:04,742 find_element.py--> get_element 20: INFO ----->定位方式:xpath--->定位值://*[@id="yx-upload-check"]
2019-06-13 18:13:07,746 find_element.py--> get_element 20: INFO ----->定位方式:xpath--->定位值://*[@id="yx-upload-sub"]
2019-06-13 18:13:08,023 find_element.py--> get_element 20: INFO ----->定位方式:xpath--->定位值://*[@id="cusUpdateModal"]/div/div/div[3]/button
2019-06-13 18:13:09,192 find_element.py--> get_element 20: INFO ----->定位方式:xpath--->定位值://*[@id="yxAuditFile"]/div/table/tbody/tr[2]/td[3]/input
2019-06-13 18:13:10,418 find_element.py--> get_element 20: INFO ----->定位方式:xpath--->定位值://*[@id="yx-upload-check"]
2019-06-13 18:13:13,759 find_element.py--> get_element 20: INFO ----->定位方式:xpath--->定位值://*[@id="yx-upload-check"]
2019-06-13 18:13:16,058 find_element.py--> get_element 20: INFO ----->定位方式:xpath--->定位值://*[@id="yx-upload-sub"]
2019-06-13 18:13:16,256 find_element.py--> get_element 20: INFO ----->定位方式:xpath--->定位值://*[@id="cusUpdateModal"]/div/div/div[3]/button
2019-06-13 18:13:17,397 find_element.py--> get_element 20: INFO ----->定位方式:id--->定位值:basicTempSave
2019-06-13 18:13:19,412 find_element.py--> get_element 20: INFO ----->定位方式:id--->定位值:basicModalBtnNegative
2019-06-13 18:13:20,533 find_element.py--> get_element 20: INFO ----->定位方式:id--->定位值:basicSubmit
2019-06-13 18:13:22,887 find_element.py--> get_element 20: INFO ----->定位方式:id--->定位值:basicModalBtnNegative
2019-06-13 18:13:25,758 find_element.py--> get_element 20: INFO ----->定位方式:name--->定位值:customerPhoneNo
2019-06-13 18:13:26,004 find_element.py--> get_element 20: INFO ----->定位方式:id--->定位值:btnSearch
2019-06-13 18:13:27,195 find_element.py--> get_element 20: INFO ----->定位方式:xpath--->定位值://*[@id="orders"]/tbody/tr[1]/td[1]
2019-06-13 18:13:27,345 find_element.py--> get_element 20: INFO ----->定位方式:id--->定位值:btn_shenhedingdan
2019-06-13 18:13:31,917 find_element.py--> get_element 20: INFO ----->定位方式:id--->定位值:orderClose
2019-06-13 18:13:33,285 find_element.py--> get_element 20: INFO ----->定位方式:name--->定位值:customerPhoneNo
2019-06-13 18:13:33,530 find_element.py--> get_element 20: INFO ----->定位方式:id--->定位值:btnSearch
2019-06-13 18:13:34,675 find_element.py--> get_element 20: INFO ----->定位方式:xpath--->定位值://*[@id="orders"]/tbody/tr[1]/td[1]
2019-06-13 18:13:34,796 find_element.py--> get_element 20: INFO ----->定位方式:id--->定位值:btn_shenhedingdan
2019-06-13 18:13:37,816 find_element.py--> get_element 20: INFO ----->定位方式:id--->定位值:basicSubmit
2019-06-13 18:13:38,952 find_element.py--> get_element 20: INFO ----->定位方式:id--->定位值:basicModalBtnNegative
2019-06-13 18:13:40,412 find_element.py--> get_element 20: INFO ----->定位方式:name--->定位值:customerPhoneNo
2019-06-13 18:13:40,693 find_element.py--> get_element 20: INFO ----->定位方式:id--->定位值:btnSearch
2019-06-13 18:13:42,112 find_element.py--> get_element 20: INFO ----->定位方式:xpath--->定位值://*[@id="orders"]/tbody/tr[1]/td[1]
2019-06-13 18:13:42,905 find_element.py--> get_element 20: INFO ----->定位方式:id--->定位值:btn_xiaoshoujiesuan
2019-06-13 18:13:45,077 find_element.py--> get_element 20: INFO ----->定位方式:xpath--->定位值://*[@id="amtDetail"]/div/div[3]/div/button[1]
2019-06-13 18:13:46,276 find_element.py--> get_element 20: INFO ----->定位方式:xpath--->定位值://*[@id="receiptModel"]/div/div/div[2]/button
2019-06-13 18:13:47,467 find_element.py--> get_element 20: INFO ----->定位方式:id--->定位值:deliveryClose
