2019-07-29 17:06:10,551 login_handle.py--> send_username 20: INFO ----->输入用户名是：zhaoyunhe1
2019-07-29 17:06:10,553 find_element.py--> get_element 20: INFO ----->定位方式:id--->定位值:loginId
2019-07-29 17:06:10,664 login_handle.py--> send_password 20: INFO ----->输入密码是：123qwe
2019-07-29 17:06:10,666 find_element.py--> get_element 20: INFO ----->定位方式:id--->定位值:password
2019-07-29 17:06:10,741 find_element.py--> get_element 20: INFO ----->定位方式:className--->定位值:login-submit
2019-07-29 17:06:12,384 find_element.py--> get_element 20: INFO ----->定位方式:id--->定位值:910000
2019-07-29 17:06:13,471 find_element.py--> get_element 20: INFO ----->定位方式:id--->定位值:15000000
2019-07-29 17:06:14,572 find_element.py--> get_element 20: INFO ----->定位方式:xpath--->定位值://*[@id="15080000"]
2019-07-29 17:06:14,645 find_element.py--> get_element 20: INFO ----->定位方式:id--->定位值:15080100
2019-07-29 17:06:16,902 find_element.py--> get_element 20: INFO ----->定位方式:xpath--->定位值://*[@id="btn_xinzeng"]
2019-07-29 17:06:18,363 order_info_handle.py--> send_userinfo 20: INFO ----->输入的手机号：12075645272
2019-07-29 17:06:18,365 find_element.py--> get_element 20: INFO ----->定位方式:id--->定位值:phoneNo
2019-07-29 17:06:19,498 find_element.py--> get_element 20: INFO ----->定位方式:id--->定位值:queryMobile
2019-07-29 17:06:20,633 find_element.py--> get_element 20: INFO ----->定位方式:xpath--->定位值://*[@id="customerBase"]/div/div[1]/div[3]/div/div/button/span[1]
2019-07-29 17:06:20,752 find_element.py--> get_element 20: INFO ----->定位方式:xpath--->定位值://*[@id="customerBase"]/div/div[1]/div[3]/div/div/div/ul/li[2]/a/span[1]
2019-07-29 17:06:21,896 find_element.py--> get_element 20: INFO ----->定位方式:xpath--->定位值://*[@id="vehicleModel"]/div/div[1]/div[1]/div/div/button/span[1]
2019-07-29 17:06:22,135 find_element.py--> get_element 20: INFO ----->定位方式:xpath--->定位值://*[@id="vehicleModel"]/div/div[1]/div[1]/div/div/div/ul/li[3]/a/span[1]
2019-07-29 17:06:22,329 find_element.py--> get_element 20: INFO ----->定位方式:id--->定位值:purchaseAmount
2019-07-29 17:06:22,410 find_element.py--> get_element 20: INFO ----->定位方式:xpath--->定位值://*[@id="vehicleModel"]/div/div[1]/div[3]/div/div/button/span[1]
2019-07-29 17:06:22,608 find_element.py--> get_element 20: INFO ----->定位方式:xpath--->定位值://*[@id="vehicleModel"]/div/div[1]/div[3]/div/div/div/ul/li[11]/a/span[1]
2019-07-29 17:06:22,797 find_element.py--> get_element 20: INFO ----->定位方式:xpath--->定位值://*[@id="vehicleModel"]/div/div[1]/div[4]/div/div/button/span[1]
2019-07-29 17:06:22,936 find_element.py--> get_element 20: INFO ----->定位方式:xpath--->定位值://*[@id="vehicleModel"]/div/div[1]/div[4]/div/div/div/ul/li[2]/a/span[1]
2019-07-29 17:06:23,087 find_element.py--> get_element 20: INFO ----->定位方式:xpath--->定位值://*[@id="vehicleModel"]/div/div[2]/div[1]/div/div/button/span[1]
2019-07-29 17:06:23,219 find_element.py--> get_element 20: INFO ----->定位方式:xpath--->定位值://*[@id="vehicleModel"]/div/div[2]/div[1]/div/div/div/ul/li[2]/a/span[1]
2019-07-29 17:06:23,353 find_element.py--> get_element 20: INFO ----->定位方式:id--->定位值:factoryName
2019-07-29 17:06:23,484 find_element.py--> get_element 20: INFO ----->定位方式:xpath--->定位值://*[@id="vehicleModel"]/div/div[2]/div[2]/div/div/button/span[1]
2019-07-29 17:06:23,613 find_element.py--> get_element 20: INFO ----->定位方式:xpath--->定位值://*[@id="vehicleModel"]/div/div[2]/div[2]/div/div/div/ul/li[2]/a/span[1]
2019-07-29 17:06:23,745 find_element.py--> get_element 20: INFO ----->定位方式:id--->定位值:guidePrice
2019-07-29 17:06:23,793 find_element.py--> get_element 20: INFO ----->定位方式:id--->定位值:guidePrice
2019-07-29 17:06:24,017 find_element.py--> get_element 20: INFO ----->定位方式:id--->定位值:salePrice
2019-07-29 17:06:24,322 order_info_business.py--> car_price 20: INFO ----->定金金额：3500
2019-07-29 17:06:24,324 find_element.py--> get_element 20: INFO ----->定位方式:id--->定位值:preLicenseProvince
2019-07-29 17:06:24,468 find_element.py--> get_element 20: INFO ----->定位方式:xpath--->定位值://*[@id="preLicenseProvince"]/option[20]
2019-07-29 17:06:24,552 find_element.py--> get_element 20: INFO ----->定位方式:id--->定位值:preLicenseCity
2019-07-29 17:06:24,679 find_element.py--> get_element 20: INFO ----->定位方式:xpath--->定位值://*[@id="preLicenseCity"]/option[2]
2019-07-29 17:06:24,707 find_element.py--> get_element 20: INFO ----->找不到定位元素
2019-07-29 17:06:39,799 login_handle.py--> send_username 20: INFO ----->输入用户名是：zhaoyunhe1
2019-07-29 17:06:39,801 find_element.py--> get_element 20: INFO ----->定位方式:id--->定位值:loginId
2019-07-29 17:06:39,890 login_handle.py--> send_password 20: INFO ----->输入密码是：123qwe
2019-07-29 17:06:39,893 find_element.py--> get_element 20: INFO ----->定位方式:id--->定位值:password
2019-07-29 17:06:39,955 find_element.py--> get_element 20: INFO ----->定位方式:className--->定位值:login-submit
2019-07-29 17:06:41,465 find_element.py--> get_element 20: INFO ----->定位方式:id--->定位值:910000
2019-07-29 17:06:42,533 find_element.py--> get_element 20: INFO ----->定位方式:id--->定位值:15000000
2019-07-29 17:06:43,606 find_element.py--> get_element 20: INFO ----->定位方式:xpath--->定位值://*[@id="15080000"]
2019-07-29 17:06:43,679 find_element.py--> get_element 20: INFO ----->定位方式:id--->定位值:15080100
2019-07-29 17:06:45,944 find_element.py--> get_element 20: INFO ----->定位方式:xpath--->定位值://*[@id="btn_xinzeng"]
2019-07-29 17:06:47,233 order_info_handle.py--> send_userinfo 20: INFO ----->输入的手机号：12040075907
2019-07-29 17:06:47,235 find_element.py--> get_element 20: INFO ----->定位方式:id--->定位值:phoneNo
2019-07-29 17:06:48,194 find_element.py--> get_element 20: INFO ----->定位方式:id--->定位值:queryMobile
2019-07-29 17:06:49,322 find_element.py--> get_element 20: INFO ----->定位方式:xpath--->定位值://*[@id="customerBase"]/div/div[1]/div[3]/div/div/button/span[1]
2019-07-29 17:06:49,449 find_element.py--> get_element 20: INFO ----->定位方式:xpath--->定位值://*[@id="customerBase"]/div/div[1]/div[3]/div/div/div/ul/li[2]/a/span[1]
2019-07-29 17:06:50,592 find_element.py--> get_element 20: INFO ----->定位方式:xpath--->定位值://*[@id="vehicleModel"]/div/div[1]/div[1]/div/div/button/span[1]
2019-07-29 17:06:50,731 find_element.py--> get_element 20: INFO ----->定位方式:xpath--->定位值://*[@id="vehicleModel"]/div/div[1]/div[1]/div/div/div/ul/li[3]/a/span[1]
2019-07-29 17:06:50,876 find_element.py--> get_element 20: INFO ----->定位方式:id--->定位值:purchaseAmount
2019-07-29 17:06:50,932 find_element.py--> get_element 20: INFO ----->定位方式:xpath--->定位值://*[@id="vehicleModel"]/div/div[1]/div[3]/div/div/button/span[1]
2019-07-29 17:06:51,084 find_element.py--> get_element 20: INFO ----->定位方式:xpath--->定位值://*[@id="vehicleModel"]/div/div[1]/div[3]/div/div/div/ul/li[11]/a/span[1]
2019-07-29 17:06:51,259 find_element.py--> get_element 20: INFO ----->定位方式:xpath--->定位值://*[@id="vehicleModel"]/div/div[1]/div[4]/div/div/button/span[1]
2019-07-29 17:06:51,393 find_element.py--> get_element 20: INFO ----->定位方式:xpath--->定位值://*[@id="vehicleModel"]/div/div[1]/div[4]/div/div/div/ul/li[2]/a/span[1]
2019-07-29 17:06:51,545 find_element.py--> get_element 20: INFO ----->定位方式:xpath--->定位值://*[@id="vehicleModel"]/div/div[2]/div[1]/div/div/button/span[1]
2019-07-29 17:06:51,719 find_element.py--> get_element 20: INFO ----->定位方式:xpath--->定位值://*[@id="vehicleModel"]/div/div[2]/div[1]/div/div/div/ul/li[2]/a/span[1]
2019-07-29 17:06:51,872 find_element.py--> get_element 20: INFO ----->定位方式:id--->定位值:factoryName
2019-07-29 17:06:52,012 find_element.py--> get_element 20: INFO ----->定位方式:xpath--->定位值://*[@id="vehicleModel"]/div/div[2]/div[2]/div/div/button/span[1]
2019-07-29 17:06:52,165 find_element.py--> get_element 20: INFO ----->定位方式:xpath--->定位值://*[@id="vehicleModel"]/div/div[2]/div[2]/div/div/div/ul/li[2]/a/span[1]
2019-07-29 17:06:52,302 find_element.py--> get_element 20: INFO ----->定位方式:id--->定位值:guidePrice
2019-07-29 17:06:52,350 find_element.py--> get_element 20: INFO ----->定位方式:id--->定位值:guidePrice
2019-07-29 17:06:52,584 find_element.py--> get_element 20: INFO ----->定位方式:id--->定位值:salePrice
2019-07-29 17:06:52,993 order_info_business.py--> car_price 20: INFO ----->定金金额：3500
2019-07-29 17:06:52,995 find_element.py--> get_element 20: INFO ----->定位方式:id--->定位值:preLicenseProvince
2019-07-29 17:06:53,150 find_element.py--> get_element 20: INFO ----->定位方式:xpath--->定位值://*[@id="preLicenseProvince"]/option[20]
2019-07-29 17:06:53,244 find_element.py--> get_element 20: INFO ----->定位方式:id--->定位值:preLicenseCity
2019-07-29 17:06:53,447 find_element.py--> get_element 20: INFO ----->定位方式:xpath--->定位值://*[@id="preLicenseCity"]/option[2]
2019-07-29 17:06:53,552 find_element.py--> get_element 20: INFO ----->定位方式:id--->定位值:preLicenseSotre
2019-07-29 17:06:53,680 find_element.py--> get_element 20: INFO ----->定位方式:xpath--->定位值://*[@id="preLicenseSotre"]/option[2]
2019-07-29 17:06:53,755 find_element.py--> get_element 20: INFO ----->定位方式:id--->定位值:queryEmissionStandardName
2019-07-29 17:06:53,915 find_element.py--> get_element 20: INFO ----->定位方式:id--->定位值:channelTypeHT
2019-07-29 17:06:54,092 find_element.py--> get_element 20: INFO ----->定位方式:id--->定位值:realNameSystemNNull
2019-07-29 17:06:54,251 find_element.py--> get_element 20: INFO ----->定位方式:id--->定位值:shopInsuranceNNull
2019-07-29 17:06:54,352 find_element.py--> get_element 20: INFO ----->定位方式:id--->定位值:firstYearVehicleAndVesselTax
2019-07-29 17:06:54,444 find_element.py--> get_element 20: INFO ----->定位方式:id--->定位值:firstYearSali
2019-07-29 17:06:54,537 find_element.py--> get_element 20: INFO ----->定位方式:id--->定位值:firstCommercialTheft
2019-07-29 17:06:54,633 find_element.py--> get_element 20: INFO ----->定位方式:id--->定位值:advancePremiumAmt
2019-07-29 17:06:54,692 find_element.py--> get_element 20: INFO ----->定位方式:id--->定位值:termCount
2019-07-29 17:06:54,820 find_element.py--> get_element 20: INFO ----->定位方式:id--->定位值:monthlyRent
2019-07-29 17:06:55,048 find_element.py--> get_element 20: INFO ----->定位方式:id--->定位值:cusInterestRates
2019-07-29 17:06:55,128 find_element.py--> get_element 20: INFO ----->定位方式:id--->定位值:purchaseTax
2019-07-29 17:06:55,280 find_element.py--> get_element 20: INFO ----->定位方式:id--->定位值:gpsFee
2019-07-29 17:06:55,426 find_element.py--> get_element 20: INFO ----->定位方式:id--->定位值:accountMaintenanceFee
2019-07-29 17:06:55,482 find_element.py--> get_element 20: INFO ----->定位方式:id--->定位值:yxDownPaymentAmt
2019-07-29 17:06:55,725 find_element.py--> get_element 20: INFO ----->定位方式:id--->定位值:yxRiskFinancingAmt
2019-07-29 17:06:55,919 find_element.py--> get_element 20: INFO ----->定位方式:id--->定位值:yxRiskControlFinancingAmt
2019-07-29 17:06:56,091 find_element.py--> get_element 20: INFO ----->定位方式:id--->定位值:hsServiceFee
2019-07-29 17:06:56,245 find_element.py--> get_element 20: INFO ----->定位方式:id--->定位值:licenseFee
2019-07-29 17:06:56,425 find_element.py--> get_element 20: INFO ----->定位方式:id--->定位值:mortgageFee
2019-07-29 17:06:56,573 find_element.py--> get_element 20: INFO ----->定位方式:id--->定位值:totalDownPaymentOtherAmt
2019-07-29 17:06:56,663 find_element.py--> get_element 20: INFO ----->定位方式:id--->定位值:remarkId
2019-07-29 17:06:57,056 find_element.py--> get_element 20: INFO ----->定位方式:xpath--->定位值://*[@id="fanancingInfoHs"]/div/div[2]/div[1]/div/div/button/span[1]
2019-07-29 17:06:57,181 find_element.py--> get_element 20: INFO ----->定位方式:xpath--->定位值://*[@id="fanancingInfoHs"]/div/div[2]/div[1]/div/div/div/ul/li[2]/a/span[1]
2019-07-29 17:06:57,357 find_element.py--> get_element 20: INFO ----->定位方式:id--->定位值:yxOrderNo
2019-07-29 17:06:57,727 find_element.py--> get_element 20: INFO ----->定位方式:xpath--->定位值://*[@id="yxAuditFile"]/div/table/tbody/tr[1]/td[3]/input
2019-07-29 17:06:58,858 find_element.py--> get_element 20: INFO ----->定位方式:xpath--->定位值://*[@id="yx-upload-check"]
2019-07-29 17:07:01,393 find_element.py--> get_element 20: INFO ----->定位方式:xpath--->定位值://*[@id="yx-upload-sub"]
2019-07-29 17:07:01,678 find_element.py--> get_element 20: INFO ----->定位方式:xpath--->定位值://*[@id="cusUpdateModal"]/div/div/div[3]/button
2019-07-29 17:07:02,838 find_element.py--> get_element 20: INFO ----->定位方式:xpath--->定位值://*[@id="yxAuditFile"]/div/table/tbody/tr[2]/td[3]/input
2019-07-29 17:07:03,968 find_element.py--> get_element 20: INFO ----->定位方式:xpath--->定位值://*[@id="yx-upload-check"]
2019-07-29 17:07:07,261 find_element.py--> get_element 20: INFO ----->定位方式:xpath--->定位值://*[@id="yx-upload-check"]
2019-07-29 17:07:10,484 find_element.py--> get_element 20: INFO ----->定位方式:xpath--->定位值://*[@id="yx-upload-sub"]
2019-07-29 17:07:10,582 find_element.py--> get_element 20: INFO ----->定位方式:xpath--->定位值://*[@id="cusUpdateModal"]/div/div/div[3]/button
2019-07-29 17:07:11,717 find_element.py--> get_element 20: INFO ----->定位方式:id--->定位值:basicTempSave
2019-07-29 17:07:13,404 find_element.py--> get_element 20: INFO ----->定位方式:id--->定位值:basicModalBtnNegative
2019-07-29 17:07:14,514 find_element.py--> get_element 20: INFO ----->定位方式:id--->定位值:basicSubmit
2019-07-29 17:07:16,471 find_element.py--> get_element 20: INFO ----->定位方式:id--->定位值:basicModalBtnNegative
2019-07-29 17:07:17,585 find_element.py--> get_element 20: INFO ----->定位方式:name--->定位值:customerPhoneNo
2019-07-29 17:07:17,834 find_element.py--> get_element 20: INFO ----->定位方式:id--->定位值:btnSearch
2019-07-29 17:07:18,955 find_element.py--> get_element 20: INFO ----->定位方式:xpath--->定位值://*[@id="orders"]/tbody/tr[1]/td[1]
2019-07-29 17:07:19,122 find_element.py--> get_element 20: INFO ----->定位方式:id--->定位值:btn_shenhedingdan
2019-07-29 17:07:23,568 find_element.py--> get_element 20: INFO ----->定位方式:id--->定位值:basicSubmit
2019-07-29 17:07:24,759 find_element.py--> get_element 20: INFO ----->定位方式:id--->定位值:basicModalBtnNegative
2019-07-29 17:07:25,943 find_element.py--> get_element 20: INFO ----->定位方式:name--->定位值:customerPhoneNo
2019-07-29 17:07:26,151 find_element.py--> get_element 20: INFO ----->定位方式:id--->定位值:btnSearch
2019-07-29 17:07:27,277 find_element.py--> get_element 20: INFO ----->定位方式:xpath--->定位值://*[@id="orders"]/tbody/tr[1]/td[1]
2019-07-29 17:07:27,917 find_element.py--> get_element 20: INFO ----->定位方式:id--->定位值:btn_xiaoshoujiesuan
2019-07-29 17:07:29,156 find_element.py--> get_element 20: INFO ----->定位方式:xpath--->定位值://*[@id="amtDetail"]/div/div[3]/div/button[1]
2019-07-29 17:07:30,305 find_element.py--> get_element 20: INFO ----->定位方式:xpath--->定位值://*[@id="receiptModel"]/div/div/div[2]/button
2019-07-29 17:07:31,405 find_element.py--> get_element 20: INFO ----->定位方式:id--->定位值:deliveryClose
2019-07-29 17:07:32,630 find_element.py--> get_element 20: INFO ----->定位方式:name--->定位值:customerPhoneNo
2019-07-29 17:07:32,802 find_element.py--> get_element 20: INFO ----->定位方式:id--->定位值:btnSearch
2019-07-29 17:07:33,916 find_element.py--> get_element 20: INFO ----->定位方式:xpath--->定位值://*[@id="orders"]/tbody/tr[1]/td[1]
2019-07-29 17:07:34,008 find_element.py--> get_element 20: INFO ----->定位方式:id--->定位值:btn_shengchenghetong
2019-07-29 17:07:35,162 find_element.py--> get_element 20: INFO ----->定位方式:id--->定位值:hsSignBody
2019-07-29 17:07:35,307 find_element.py--> get_element 20: INFO ----->定位方式:xpath--->定位值://*[@id="hsSignBody"]/option[2]
2019-07-29 17:07:35,358 find_element.py--> get_element 20: INFO ----->定位方式:id--->定位值:makeContract
2019-07-29 17:07:35,466 find_element.py--> get_element 20: INFO ----->定位方式:id--->定位值:deliveryClose
2019-07-29 17:07:36,506 find_element.py--> get_element 20: INFO ----->定位方式:name--->定位值:customerPhoneNo
2019-07-29 17:07:36,702 find_element.py--> get_element 20: INFO ----->定位方式:id--->定位值:btnSearch
2019-07-29 17:07:37,818 find_element.py--> get_element 20: INFO ----->定位方式:xpath--->定位值://*[@id="orders"]/tbody/tr[1]/td[1]
2019-07-29 17:07:37,912 find_element.py--> get_element 20: INFO ----->定位方式:id--->定位值:btn_shangchuanhetong
2019-07-29 17:07:39,053 find_element.py--> get_element 20: INFO ----->定位方式:xpath--->定位值://*[@id="file"]/div/table/tbody/tr[1]/td[3]/input
2019-07-29 17:07:40,180 find_element.py--> get_element 20: INFO ----->定位方式:id--->定位值:yx-upload-check
2019-07-29 17:07:43,424 find_element.py--> get_element 20: INFO ----->定位方式:id--->定位值:yx-upload-sub
2019-07-29 17:07:43,524 find_element.py--> get_element 20: INFO ----->定位方式:xpath--->定位值://*[@id="cusUpdateModal"]/div/div/div[3]/button
2019-07-29 17:07:44,629 find_element.py--> get_element 20: INFO ----->定位方式:xpath--->定位值://*[@id="file"]/div/table/tbody/tr[2]/td[3]/input
2019-07-29 17:07:45,726 find_element.py--> get_element 20: INFO ----->定位方式:id--->定位值:yx-upload-check
2019-07-29 17:07:49,045 find_element.py--> get_element 20: INFO ----->定位方式:id--->定位值:yx-upload-sub
2019-07-29 17:07:49,129 find_element.py--> get_element 20: INFO ----->定位方式:xpath--->定位值://*[@id="cusUpdateModal"]/div/div/div[3]/button
2019-07-29 17:07:50,325 find_element.py--> get_element 20: INFO ----->定位方式:id--->定位值:yxHsContractApply
2019-07-29 17:07:51,419 find_element.py--> get_element 20: INFO ----->定位方式:id--->定位值:basicModalBtnNegative
2019-07-29 17:07:52,649 find_element.py--> get_element 20: INFO ----->定位方式:name--->定位值:customerPhoneNo
2019-07-29 17:07:52,854 find_element.py--> get_element 20: INFO ----->定位方式:id--->定位值:btnSearch
2019-07-29 17:07:53,977 find_element.py--> get_element 20: INFO ----->定位方式:xpath--->定位值://*[@id="orders"]/tbody/tr[1]/td[1]
2019-07-29 17:07:54,077 find_element.py--> get_element 20: INFO ----->定位方式:id--->定位值:btn_shenhehetong
2019-07-29 17:07:57,004 find_element.py--> get_element 20: INFO ----->定位方式:id--->定位值:hsShopInsuranceNNull
2019-07-29 17:08:00,760 find_element.py--> get_element 20: INFO ----->定位方式:id--->定位值:yxHsContractApply
2019-07-29 17:08:01,904 find_element.py--> get_element 20: INFO ----->定位方式:id--->定位值:basicModalBtnNegative
2019-07-29 17:08:02,975 find_element.py--> get_element 20: INFO ----->定位方式:name--->定位值:customerPhoneNo
2019-07-29 17:08:03,284 find_element.py--> get_element 20: INFO ----->定位方式:id--->定位值:btnSearch
2019-07-29 17:08:04,618 find_element.py--> get_element 20: INFO ----->定位方式:xpath--->定位值://*[@id="orders"]/tbody/tr[1]/td[1]
2019-07-29 17:08:04,708 find_element.py--> get_element 20: INFO ----->定位方式:id--->定位值:btn_yudingcheliang
2019-07-29 17:08:45,010 login_handle.py--> send_username 20: INFO ----->输入用户名是：zhaoyunhe1
2019-07-29 17:08:45,011 find_element.py--> get_element 20: INFO ----->定位方式:id--->定位值:loginId
2019-07-29 17:08:45,102 login_handle.py--> send_password 20: INFO ----->输入密码是：123qwe
2019-07-29 17:08:45,104 find_element.py--> get_element 20: INFO ----->定位方式:id--->定位值:password
2019-07-29 17:08:45,166 find_element.py--> get_element 20: INFO ----->定位方式:className--->定位值:login-submit
2019-07-29 17:08:46,688 find_element.py--> get_element 20: INFO ----->定位方式:id--->定位值:910000
2019-07-29 17:08:47,765 find_element.py--> get_element 20: INFO ----->定位方式:id--->定位值:15000000
2019-07-29 17:08:48,864 find_element.py--> get_element 20: INFO ----->定位方式:xpath--->定位值://*[@id="15080000"]
2019-07-29 17:08:48,929 find_element.py--> get_element 20: INFO ----->定位方式:id--->定位值:15080100
2019-07-29 17:08:51,647 find_element.py--> get_element 20: INFO ----->定位方式:xpath--->定位值://*[@id="btn_xinzeng"]
2019-07-29 17:08:52,777 order_info_handle.py--> send_userinfo 20: INFO ----->输入的手机号：12042166460
2019-07-29 17:08:52,779 find_element.py--> get_element 20: INFO ----->定位方式:id--->定位值:phoneNo
2019-07-29 17:08:53,895 find_element.py--> get_element 20: INFO ----->定位方式:id--->定位值:queryMobile
2019-07-29 17:08:55,034 find_element.py--> get_element 20: INFO ----->定位方式:xpath--->定位值://*[@id="customerBase"]/div/div[1]/div[3]/div/div/button/span[1]
2019-07-29 17:08:55,158 find_element.py--> get_element 20: INFO ----->定位方式:xpath--->定位值://*[@id="customerBase"]/div/div[1]/div[3]/div/div/div/ul/li[2]/a/span[1]
2019-07-29 17:08:56,327 find_element.py--> get_element 20: INFO ----->定位方式:xpath--->定位值://*[@id="vehicleModel"]/div/div[1]/div[1]/div/div/button/span[1]
2019-07-29 17:08:56,462 find_element.py--> get_element 20: INFO ----->定位方式:xpath--->定位值://*[@id="vehicleModel"]/div/div[1]/div[1]/div/div/div/ul/li[3]/a/span[1]
2019-07-29 17:08:56,606 find_element.py--> get_element 20: INFO ----->定位方式:id--->定位值:purchaseAmount
2019-07-29 17:08:56,690 find_element.py--> get_element 20: INFO ----->定位方式:xpath--->定位值://*[@id="vehicleModel"]/div/div[1]/div[3]/div/div/button/span[1]
2019-07-29 17:08:56,888 find_element.py--> get_element 20: INFO ----->定位方式:xpath--->定位值://*[@id="vehicleModel"]/div/div[1]/div[3]/div/div/div/ul/li[11]/a/span[1]
2019-07-29 17:08:57,049 find_element.py--> get_element 20: INFO ----->定位方式:xpath--->定位值://*[@id="vehicleModel"]/div/div[1]/div[4]/div/div/button/span[1]
2019-07-29 17:08:57,187 find_element.py--> get_element 20: INFO ----->定位方式:xpath--->定位值://*[@id="vehicleModel"]/div/div[1]/div[4]/div/div/div/ul/li[2]/a/span[1]
2019-07-29 17:08:57,377 find_element.py--> get_element 20: INFO ----->定位方式:xpath--->定位值://*[@id="vehicleModel"]/div/div[2]/div[1]/div/div/button/span[1]
2019-07-29 17:08:57,509 find_element.py--> get_element 20: INFO ----->定位方式:xpath--->定位值://*[@id="vehicleModel"]/div/div[2]/div[1]/div/div/div/ul/li[2]/a/span[1]
2019-07-29 17:08:57,652 find_element.py--> get_element 20: INFO ----->定位方式:id--->定位值:factoryName
2019-07-29 17:08:57,783 find_element.py--> get_element 20: INFO ----->定位方式:xpath--->定位值://*[@id="vehicleModel"]/div/div[2]/div[2]/div/div/button/span[1]
2019-07-29 17:08:57,934 find_element.py--> get_element 20: INFO ----->定位方式:xpath--->定位值://*[@id="vehicleModel"]/div/div[2]/div[2]/div/div/div/ul/li[2]/a/span[1]
2019-07-29 17:08:58,072 find_element.py--> get_element 20: INFO ----->定位方式:id--->定位值:guidePrice
2019-07-29 17:08:58,117 find_element.py--> get_element 20: INFO ----->定位方式:id--->定位值:guidePrice
2019-07-29 17:08:58,340 find_element.py--> get_element 20: INFO ----->定位方式:id--->定位值:salePrice
2019-07-29 17:08:58,650 order_info_business.py--> car_price 20: INFO ----->定金金额：3500
2019-07-29 17:08:58,652 find_element.py--> get_element 20: INFO ----->定位方式:id--->定位值:preLicenseProvince
2019-07-29 17:08:58,833 find_element.py--> get_element 20: INFO ----->定位方式:xpath--->定位值://*[@id="preLicenseProvince"]/option[20]
2019-07-29 17:08:58,926 find_element.py--> get_element 20: INFO ----->定位方式:id--->定位值:preLicenseCity
2019-07-29 17:08:59,062 find_element.py--> get_element 20: INFO ----->定位方式:xpath--->定位值://*[@id="preLicenseCity"]/option[2]
2019-07-29 17:08:59,142 find_element.py--> get_element 20: INFO ----->定位方式:id--->定位值:preLicenseSotre
2019-07-29 17:08:59,281 find_element.py--> get_element 20: INFO ----->定位方式:xpath--->定位值://*[@id="preLicenseSotre"]/option[2]
2019-07-29 17:08:59,377 find_element.py--> get_element 20: INFO ----->定位方式:id--->定位值:queryEmissionStandardName
2019-07-29 17:08:59,564 find_element.py--> get_element 20: INFO ----->定位方式:id--->定位值:channelTypeHT
2019-07-29 17:08:59,735 find_element.py--> get_element 20: INFO ----->定位方式:id--->定位值:realNameSystemNNull
2019-07-29 17:08:59,880 find_element.py--> get_element 20: INFO ----->定位方式:id--->定位值:shopInsuranceNNull
2019-07-29 17:08:59,971 find_element.py--> get_element 20: INFO ----->定位方式:id--->定位值:firstYearVehicleAndVesselTax
2019-07-29 17:09:00,065 find_element.py--> get_element 20: INFO ----->定位方式:id--->定位值:firstYearSali
2019-07-29 17:09:00,162 find_element.py--> get_element 20: INFO ----->定位方式:id--->定位值:firstCommercialTheft
2019-07-29 17:09:00,256 find_element.py--> get_element 20: INFO ----->定位方式:id--->定位值:advancePremiumAmt
2019-07-29 17:09:00,315 find_element.py--> get_element 20: INFO ----->定位方式:id--->定位值:termCount
2019-07-29 17:09:00,450 find_element.py--> get_element 20: INFO ----->定位方式:id--->定位值:monthlyRent
2019-07-29 17:09:00,655 find_element.py--> get_element 20: INFO ----->定位方式:id--->定位值:cusInterestRates
2019-07-29 17:09:00,734 find_element.py--> get_element 20: INFO ----->定位方式:id--->定位值:purchaseTax
2019-07-29 17:09:00,880 find_element.py--> get_element 20: INFO ----->定位方式:id--->定位值:gpsFee
2019-07-29 17:09:01,064 find_element.py--> get_element 20: INFO ----->定位方式:id--->定位值:accountMaintenanceFee
2019-07-29 17:09:01,121 find_element.py--> get_element 20: INFO ----->定位方式:id--->定位值:yxDownPaymentAmt
2019-07-29 17:09:01,356 find_element.py--> get_element 20: INFO ----->定位方式:id--->定位值:yxRiskFinancingAmt
2019-07-29 17:09:01,518 find_element.py--> get_element 20: INFO ----->定位方式:id--->定位值:yxRiskControlFinancingAmt
2019-07-29 17:09:01,737 find_element.py--> get_element 20: INFO ----->定位方式:id--->定位值:hsServiceFee
2019-07-29 17:09:01,887 find_element.py--> get_element 20: INFO ----->定位方式:id--->定位值:licenseFee
2019-07-29 17:09:02,040 find_element.py--> get_element 20: INFO ----->定位方式:id--->定位值:mortgageFee
2019-07-29 17:09:02,179 find_element.py--> get_element 20: INFO ----->定位方式:id--->定位值:totalDownPaymentOtherAmt
2019-07-29 17:09:02,287 find_element.py--> get_element 20: INFO ----->定位方式:id--->定位值:remarkId
2019-07-29 17:09:02,652 find_element.py--> get_element 20: INFO ----->定位方式:xpath--->定位值://*[@id="fanancingInfoHs"]/div/div[2]/div[1]/div/div/button/span[1]
2019-07-29 17:09:02,774 find_element.py--> get_element 20: INFO ----->定位方式:xpath--->定位值://*[@id="fanancingInfoHs"]/div/div[2]/div[1]/div/div/div/ul/li[2]/a/span[1]
2019-07-29 17:09:02,937 find_element.py--> get_element 20: INFO ----->定位方式:id--->定位值:yxOrderNo
2019-07-29 17:09:03,315 find_element.py--> get_element 20: INFO ----->定位方式:xpath--->定位值://*[@id="yxAuditFile"]/div/table/tbody/tr[1]/td[3]/input
2019-07-29 17:09:04,463 find_element.py--> get_element 20: INFO ----->定位方式:xpath--->定位值://*[@id="yx-upload-check"]
2019-07-29 17:09:06,840 find_element.py--> get_element 20: INFO ----->定位方式:xpath--->定位值://*[@id="yx-upload-sub"]
2019-07-29 17:09:07,051 find_element.py--> get_element 20: INFO ----->定位方式:xpath--->定位值://*[@id="cusUpdateModal"]/div/div/div[3]/button
2019-07-29 17:09:08,179 find_element.py--> get_element 20: INFO ----->定位方式:xpath--->定位值://*[@id="yxAuditFile"]/div/table/tbody/tr[2]/td[3]/input
2019-07-29 17:09:09,322 find_element.py--> get_element 20: INFO ----->定位方式:xpath--->定位值://*[@id="yx-upload-check"]
2019-07-29 17:09:12,579 find_element.py--> get_element 20: INFO ----->定位方式:xpath--->定位值://*[@id="yx-upload-check"]
2019-07-29 17:09:15,772 find_element.py--> get_element 20: INFO ----->定位方式:xpath--->定位值://*[@id="yx-upload-sub"]
2019-07-29 17:09:15,882 find_element.py--> get_element 20: INFO ----->定位方式:xpath--->定位值://*[@id="cusUpdateModal"]/div/div/div[3]/button
2019-07-29 17:09:16,987 find_element.py--> get_element 20: INFO ----->定位方式:id--->定位值:basicTempSave
2019-07-29 17:09:18,931 find_element.py--> get_element 20: INFO ----->定位方式:id--->定位值:basicModalBtnNegative
2019-07-29 17:09:20,043 find_element.py--> get_element 20: INFO ----->定位方式:id--->定位值:basicSubmit
2019-07-29 17:09:21,922 find_element.py--> get_element 20: INFO ----->定位方式:id--->定位值:basicModalBtnNegative
2019-07-29 17:09:23,288 find_element.py--> get_element 20: INFO ----->定位方式:name--->定位值:customerPhoneNo
2019-07-29 17:09:23,533 find_element.py--> get_element 20: INFO ----->定位方式:id--->定位值:btnSearch
2019-07-29 17:09:24,656 find_element.py--> get_element 20: INFO ----->定位方式:xpath--->定位值://*[@id="orders"]/tbody/tr[1]/td[1]
2019-07-29 17:09:24,760 find_element.py--> get_element 20: INFO ----->定位方式:id--->定位值:btn_shenhedingdan
2019-07-29 17:09:29,239 find_element.py--> get_element 20: INFO ----->定位方式:id--->定位值:basicSubmit
2019-07-29 17:09:30,392 find_element.py--> get_element 20: INFO ----->定位方式:id--->定位值:basicModalBtnNegative
2019-07-29 17:09:31,645 find_element.py--> get_element 20: INFO ----->定位方式:name--->定位值:customerPhoneNo
2019-07-29 17:09:31,909 find_element.py--> get_element 20: INFO ----->定位方式:id--->定位值:btnSearch
2019-07-29 17:09:33,184 find_element.py--> get_element 20: INFO ----->定位方式:xpath--->定位值://*[@id="orders"]/tbody/tr[1]/td[1]
2019-07-29 17:09:33,874 find_element.py--> get_element 20: INFO ----->定位方式:id--->定位值:btn_xiaoshoujiesuan
2019-07-29 17:09:35,260 find_element.py--> get_element 20: INFO ----->定位方式:xpath--->定位值://*[@id="amtDetail"]/div/div[3]/div/button[1]
2019-07-29 17:09:36,438 find_element.py--> get_element 20: INFO ----->定位方式:xpath--->定位值://*[@id="receiptModel"]/div/div/div[2]/button
2019-07-29 17:09:37,535 find_element.py--> get_element 20: INFO ----->定位方式:id--->定位值:deliveryClose
2019-07-29 17:09:38,629 find_element.py--> get_element 20: INFO ----->定位方式:name--->定位值:customerPhoneNo
2019-07-29 17:09:38,870 find_element.py--> get_element 20: INFO ----->定位方式:id--->定位值:btnSearch
2019-07-29 17:09:40,137 find_element.py--> get_element 20: INFO ----->定位方式:xpath--->定位值://*[@id="orders"]/tbody/tr[1]/td[1]
2019-07-29 17:09:40,241 find_element.py--> get_element 20: INFO ----->定位方式:id--->定位值:btn_shengchenghetong
2019-07-29 17:09:41,414 find_element.py--> get_element 20: INFO ----->定位方式:id--->定位值:hsSignBody
2019-07-29 17:09:41,557 find_element.py--> get_element 20: INFO ----->定位方式:xpath--->定位值://*[@id="hsSignBody"]/option[2]
2019-07-29 17:09:41,621 find_element.py--> get_element 20: INFO ----->定位方式:id--->定位值:makeContract
2019-07-29 17:09:41,726 find_element.py--> get_element 20: INFO ----->定位方式:id--->定位值:deliveryClose
2019-07-29 17:09:43,325 find_element.py--> get_element 20: INFO ----->定位方式:name--->定位值:customerPhoneNo
2019-07-29 17:09:43,522 find_element.py--> get_element 20: INFO ----->定位方式:id--->定位值:btnSearch
2019-07-29 17:09:44,631 find_element.py--> get_element 20: INFO ----->定位方式:xpath--->定位值://*[@id="orders"]/tbody/tr[1]/td[1]
2019-07-29 17:09:44,743 find_element.py--> get_element 20: INFO ----->定位方式:id--->定位值:btn_shangchuanhetong
2019-07-29 17:09:45,684 find_element.py--> get_element 20: INFO ----->定位方式:xpath--->定位值://*[@id="file"]/div/table/tbody/tr[1]/td[3]/input
2019-07-29 17:09:46,827 find_element.py--> get_element 20: INFO ----->定位方式:id--->定位值:yx-upload-check
2019-07-29 17:09:50,047 find_element.py--> get_element 20: INFO ----->定位方式:id--->定位值:yx-upload-sub
2019-07-29 17:09:50,147 find_element.py--> get_element 20: INFO ----->定位方式:xpath--->定位值://*[@id="cusUpdateModal"]/div/div/div[3]/button
2019-07-29 17:09:51,251 find_element.py--> get_element 20: INFO ----->定位方式:xpath--->定位值://*[@id="file"]/div/table/tbody/tr[2]/td[3]/input
2019-07-29 17:09:52,357 find_element.py--> get_element 20: INFO ----->定位方式:id--->定位值:yx-upload-check
2019-07-29 17:09:55,582 find_element.py--> get_element 20: INFO ----->定位方式:id--->定位值:yx-upload-sub
2019-07-29 17:09:55,664 find_element.py--> get_element 20: INFO ----->定位方式:xpath--->定位值://*[@id="cusUpdateModal"]/div/div/div[3]/button
2019-07-29 17:09:56,751 find_element.py--> get_element 20: INFO ----->定位方式:id--->定位值:yxHsContractApply
2019-07-29 17:09:57,863 find_element.py--> get_element 20: INFO ----->定位方式:id--->定位值:basicModalBtnNegative
2019-07-29 17:09:58,963 find_element.py--> get_element 20: INFO ----->定位方式:name--->定位值:customerPhoneNo
2019-07-29 17:09:59,163 find_element.py--> get_element 20: INFO ----->定位方式:id--->定位值:btnSearch
2019-07-29 17:10:00,274 find_element.py--> get_element 20: INFO ----->定位方式:xpath--->定位值://*[@id="orders"]/tbody/tr[1]/td[1]
2019-07-29 17:10:00,378 find_element.py--> get_element 20: INFO ----->定位方式:id--->定位值:btn_shenhehetong
2019-07-29 17:10:02,638 find_element.py--> get_element 20: INFO ----->定位方式:id--->定位值:hsShopInsuranceNNull
2019-07-29 17:10:06,390 find_element.py--> get_element 20: INFO ----->定位方式:id--->定位值:yxHsContractApply
2019-07-29 17:10:07,550 find_element.py--> get_element 20: INFO ----->定位方式:id--->定位值:basicModalBtnNegative
2019-07-29 17:10:08,766 find_element.py--> get_element 20: INFO ----->定位方式:name--->定位值:customerPhoneNo
2019-07-29 17:10:09,001 find_element.py--> get_element 20: INFO ----->定位方式:id--->定位值:btnSearch
2019-07-29 17:10:10,130 find_element.py--> get_element 20: INFO ----->定位方式:xpath--->定位值://*[@id="orders"]/tbody/tr[1]/td[1]
2019-07-29 17:10:10,218 find_element.py--> get_element 20: INFO ----->定位方式:id--->定位值:btn_yudingcheliang
2019-07-29 17:29:27,424 login_handle.py--> send_username 20: INFO ----->输入用户名是：zhaoyunhe1
2019-07-29 17:29:27,426 find_element.py--> get_element 20: INFO ----->定位方式:id--->定位值:loginId
2019-07-29 17:29:27,532 login_handle.py--> send_password 20: INFO ----->输入密码是：123qwe
2019-07-29 17:29:27,533 find_element.py--> get_element 20: INFO ----->定位方式:id--->定位值:password
2019-07-29 17:29:27,617 find_element.py--> get_element 20: INFO ----->定位方式:className--->定位值:login-submit
2019-07-29 17:29:29,216 find_element.py--> get_element 20: INFO ----->定位方式:id--->定位值:910000
2019-07-29 17:29:30,294 find_element.py--> get_element 20: INFO ----->定位方式:id--->定位值:15000000
2019-07-29 17:29:31,392 find_element.py--> get_element 20: INFO ----->定位方式:xpath--->定位值://*[@id="15080000"]
2019-07-29 17:29:31,497 find_element.py--> get_element 20: INFO ----->定位方式:id--->定位值:15080100
2019-07-29 17:29:33,731 find_element.py--> get_element 20: INFO ----->定位方式:xpath--->定位值://*[@id="btn_xinzeng"]
2019-07-29 17:29:34,870 order_info_handle.py--> send_userinfo 20: INFO ----->输入的手机号：12020874769
2019-07-29 17:29:34,873 find_element.py--> get_element 20: INFO ----->定位方式:id--->定位值:phoneNo
2019-07-29 17:29:36,260 find_element.py--> get_element 20: INFO ----->定位方式:id--->定位值:queryMobile
2019-07-29 17:29:37,398 find_element.py--> get_element 20: INFO ----->定位方式:xpath--->定位值://*[@id="customerBase"]/div/div[1]/div[3]/div/div/button/span[1]
2019-07-29 17:29:37,516 find_element.py--> get_element 20: INFO ----->定位方式:xpath--->定位值://*[@id="customerBase"]/div/div[1]/div[3]/div/div/div/ul/li[2]/a/span[1]
2019-07-29 17:29:38,686 find_element.py--> get_element 20: INFO ----->定位方式:xpath--->定位值://*[@id="vehicleModel"]/div/div[1]/div[1]/div/div/button/span[1]
2019-07-29 17:29:38,808 find_element.py--> get_element 20: INFO ----->定位方式:xpath--->定位值://*[@id="vehicleModel"]/div/div[1]/div[1]/div/div/div/ul/li[3]/a/span[1]
2019-07-29 17:29:38,942 find_element.py--> get_element 20: INFO ----->定位方式:id--->定位值:purchaseAmount
2019-07-29 17:29:39,032 find_element.py--> get_element 20: INFO ----->定位方式:xpath--->定位值://*[@id="vehicleModel"]/div/div[1]/div[3]/div/div/button/span[1]
2019-07-29 17:29:39,241 find_element.py--> get_element 20: INFO ----->定位方式:xpath--->定位值://*[@id="vehicleModel"]/div/div[1]/div[3]/div/div/div/ul/li[11]/a/span[1]
2019-07-29 17:29:39,423 find_element.py--> get_element 20: INFO ----->定位方式:xpath--->定位值://*[@id="vehicleModel"]/div/div[1]/div[4]/div/div/button/span[1]
2019-07-29 17:29:39,581 find_element.py--> get_element 20: INFO ----->定位方式:xpath--->定位值://*[@id="vehicleModel"]/div/div[1]/div[4]/div/div/div/ul/li[2]/a/span[1]
2019-07-29 17:29:39,715 find_element.py--> get_element 20: INFO ----->定位方式:xpath--->定位值://*[@id="vehicleModel"]/div/div[2]/div[1]/div/div/button/span[1]
2019-07-29 17:29:39,874 find_element.py--> get_element 20: INFO ----->定位方式:xpath--->定位值://*[@id="vehicleModel"]/div/div[2]/div[1]/div/div/div/ul/li[2]/a/span[1]
2019-07-29 17:29:40,023 find_element.py--> get_element 20: INFO ----->定位方式:id--->定位值:factoryName
2019-07-29 17:29:40,163 find_element.py--> get_element 20: INFO ----->定位方式:xpath--->定位值://*[@id="vehicleModel"]/div/div[2]/div[2]/div/div/button/span[1]
2019-07-29 17:29:40,317 find_element.py--> get_element 20: INFO ----->定位方式:xpath--->定位值://*[@id="vehicleModel"]/div/div[2]/div[2]/div/div/div/ul/li[2]/a/span[1]
2019-07-29 17:29:40,451 find_element.py--> get_element 20: INFO ----->定位方式:id--->定位值:guidePrice
2019-07-29 17:29:40,499 find_element.py--> get_element 20: INFO ----->定位方式:id--->定位值:guidePrice
2019-07-29 17:29:40,709 find_element.py--> get_element 20: INFO ----->定位方式:id--->定位值:salePrice
2019-07-29 17:29:41,003 order_info_business.py--> car_price 20: INFO ----->定金金额：3500
2019-07-29 17:29:41,006 find_element.py--> get_element 20: INFO ----->定位方式:id--->定位值:preLicenseProvince
2019-07-29 17:29:41,171 find_element.py--> get_element 20: INFO ----->定位方式:xpath--->定位值://*[@id="preLicenseProvince"]/option[20]
2019-07-29 17:29:41,260 find_element.py--> get_element 20: INFO ----->定位方式:id--->定位值:preLicenseCity
2019-07-29 17:29:41,407 find_element.py--> get_element 20: INFO ----->定位方式:xpath--->定位值://*[@id="preLicenseCity"]/option[2]
2019-07-29 17:29:41,490 find_element.py--> get_element 20: INFO ----->定位方式:id--->定位值:preLicenseSotre
2019-07-29 17:29:41,651 find_element.py--> get_element 20: INFO ----->定位方式:xpath--->定位值://*[@id="preLicenseSotre"]/option[2]
2019-07-29 17:29:41,735 find_element.py--> get_element 20: INFO ----->定位方式:id--->定位值:queryEmissionStandardName
2019-07-29 17:29:41,905 find_element.py--> get_element 20: INFO ----->定位方式:id--->定位值:channelTypeHT
2019-07-29 17:29:42,080 find_element.py--> get_element 20: INFO ----->定位方式:id--->定位值:realNameSystemNNull
2019-07-29 17:29:42,233 find_element.py--> get_element 20: INFO ----->定位方式:id--->定位值:shopInsuranceNNull
2019-07-29 17:29:42,323 find_element.py--> get_element 20: INFO ----->定位方式:id--->定位值:firstYearVehicleAndVesselTax
2019-07-29 17:29:42,419 find_element.py--> get_element 20: INFO ----->定位方式:id--->定位值:firstYearSali
2019-07-29 17:29:42,508 find_element.py--> get_element 20: INFO ----->定位方式:id--->定位值:firstCommercialTheft
2019-07-29 17:29:42,606 find_element.py--> get_element 20: INFO ----->定位方式:id--->定位值:advancePremiumAmt
2019-07-29 17:29:42,661 find_element.py--> get_element 20: INFO ----->定位方式:id--->定位值:termCount
2019-07-29 17:29:42,821 find_element.py--> get_element 20: INFO ----->定位方式:id--->定位值:monthlyRent
2019-07-29 17:29:43,004 find_element.py--> get_element 20: INFO ----->定位方式:id--->定位值:cusInterestRates
2019-07-29 17:29:43,104 find_element.py--> get_element 20: INFO ----->定位方式:id--->定位值:purchaseTax
2019-07-29 17:29:43,249 find_element.py--> get_element 20: INFO ----->定位方式:id--->定位值:gpsFee
2019-07-29 17:29:43,409 find_element.py--> get_element 20: INFO ----->定位方式:id--->定位值:accountMaintenanceFee
2019-07-29 17:29:43,465 find_element.py--> get_element 20: INFO ----->定位方式:id--->定位值:yxDownPaymentAmt
2019-07-29 17:29:43,680 find_element.py--> get_element 20: INFO ----->定位方式:id--->定位值:yxRiskFinancingAmt
2019-07-29 17:29:43,896 find_element.py--> get_element 20: INFO ----->定位方式:id--->定位值:yxRiskControlFinancingAmt
2019-07-29 17:29:44,073 find_element.py--> get_element 20: INFO ----->定位方式:id--->定位值:hsServiceFee
2019-07-29 17:29:44,236 find_element.py--> get_element 20: INFO ----->定位方式:id--->定位值:licenseFee
2019-07-29 17:29:44,438 find_element.py--> get_element 20: INFO ----->定位方式:id--->定位值:mortgageFee
2019-07-29 17:29:44,601 find_element.py--> get_element 20: INFO ----->定位方式:id--->定位值:totalDownPaymentOtherAmt
2019-07-29 17:29:44,694 find_element.py--> get_element 20: INFO ----->定位方式:id--->定位值:remarkId
2019-07-29 17:29:45,086 find_element.py--> get_element 20: INFO ----->定位方式:xpath--->定位值://*[@id="fanancingInfoHs"]/div/div[2]/div[1]/div/div/button/span[1]
2019-07-29 17:29:45,210 find_element.py--> get_element 20: INFO ----->定位方式:xpath--->定位值://*[@id="fanancingInfoHs"]/div/div[2]/div[1]/div/div/div/ul/li[2]/a/span[1]
2019-07-29 17:29:45,385 find_element.py--> get_element 20: INFO ----->定位方式:id--->定位值:yxOrderNo
2019-07-29 17:29:45,790 find_element.py--> get_element 20: INFO ----->定位方式:xpath--->定位值://*[@id="yxAuditFile"]/div/table/tbody/tr[1]/td[3]/input
2019-07-29 17:29:46,936 find_element.py--> get_element 20: INFO ----->定位方式:xpath--->定位值://*[@id="yx-upload-check"]
2019-07-29 17:29:49,389 find_element.py--> get_element 20: INFO ----->定位方式:xpath--->定位值://*[@id="yx-upload-sub"]
2019-07-29 17:29:49,644 find_element.py--> get_element 20: INFO ----->定位方式:xpath--->定位值://*[@id="cusUpdateModal"]/div/div/div[3]/button
2019-07-29 17:29:50,798 find_element.py--> get_element 20: INFO ----->定位方式:xpath--->定位值://*[@id="yxAuditFile"]/div/table/tbody/tr[2]/td[3]/input
2019-07-29 17:29:51,935 find_element.py--> get_element 20: INFO ----->定位方式:xpath--->定位值://*[@id="yx-upload-check"]
2019-07-29 17:29:55,237 find_element.py--> get_element 20: INFO ----->定位方式:xpath--->定位值://*[@id="yx-upload-check"]
2019-07-29 17:29:58,505 find_element.py--> get_element 20: INFO ----->定位方式:xpath--->定位值://*[@id="yx-upload-sub"]
2019-07-29 17:29:58,690 find_element.py--> get_element 20: INFO ----->定位方式:xpath--->定位值://*[@id="cusUpdateModal"]/div/div/div[3]/button
2019-07-29 17:29:59,817 find_element.py--> get_element 20: INFO ----->定位方式:id--->定位值:basicTempSave
2019-07-29 17:30:02,220 find_element.py--> get_element 20: INFO ----->定位方式:id--->定位值:basicModalBtnNegative
2019-07-29 17:30:03,328 find_element.py--> get_element 20: INFO ----->定位方式:id--->定位值:basicSubmit
2019-07-29 17:30:05,274 find_element.py--> get_element 20: INFO ----->定位方式:id--->定位值:basicModalBtnNegative
2019-07-29 17:30:06,516 find_element.py--> get_element 20: INFO ----->定位方式:name--->定位值:customerPhoneNo
2019-07-29 17:30:06,768 find_element.py--> get_element 20: INFO ----->定位方式:id--->定位值:btnSearch
2019-07-29 17:30:07,890 find_element.py--> get_element 20: INFO ----->定位方式:xpath--->定位值://*[@id="orders"]/tbody/tr[1]/td[1]
2019-07-29 17:30:07,993 find_element.py--> get_element 20: INFO ----->定位方式:id--->定位值:btn_shenhedingdan
2019-07-29 17:30:12,472 find_element.py--> get_element 20: INFO ----->定位方式:id--->定位值:basicSubmit
2019-07-29 17:30:13,661 find_element.py--> get_element 20: INFO ----->定位方式:id--->定位值:basicModalBtnNegative
2019-07-29 17:30:14,822 find_element.py--> get_element 20: INFO ----->定位方式:name--->定位值:customerPhoneNo
2019-07-29 17:30:15,032 find_element.py--> get_element 20: INFO ----->定位方式:id--->定位值:btnSearch
2019-07-29 17:30:16,448 find_element.py--> get_element 20: INFO ----->定位方式:xpath--->定位值://*[@id="orders"]/tbody/tr[1]/td[1]
2019-07-29 17:30:17,159 find_element.py--> get_element 20: INFO ----->定位方式:id--->定位值:btn_xiaoshoujiesuan
2019-07-29 17:30:18,288 find_element.py--> get_element 20: INFO ----->定位方式:xpath--->定位值://*[@id="amtDetail"]/div/div[3]/div/button[1]
2019-07-29 17:30:19,452 find_element.py--> get_element 20: INFO ----->定位方式:xpath--->定位值://*[@id="receiptModel"]/div/div/div[2]/button
2019-07-29 17:30:20,553 find_element.py--> get_element 20: INFO ----->定位方式:id--->定位值:deliveryClose
2019-07-29 17:30:21,842 find_element.py--> get_element 20: INFO ----->定位方式:name--->定位值:customerPhoneNo
2019-07-29 17:30:22,066 find_element.py--> get_element 20: INFO ----->定位方式:id--->定位值:btnSearch
2019-07-29 17:30:23,476 find_element.py--> get_element 20: INFO ----->定位方式:xpath--->定位值://*[@id="orders"]/tbody/tr[1]/td[1]
2019-07-29 17:30:23,586 find_element.py--> get_element 20: INFO ----->定位方式:id--->定位值:btn_shengchenghetong
2019-07-29 17:30:24,825 find_element.py--> get_element 20: INFO ----->定位方式:id--->定位值:hsSignBody
2019-07-29 17:30:24,967 find_element.py--> get_element 20: INFO ----->定位方式:xpath--->定位值://*[@id="hsSignBody"]/option[2]
2019-07-29 17:30:25,025 find_element.py--> get_element 20: INFO ----->定位方式:id--->定位值:makeContract
2019-07-29 17:30:25,128 find_element.py--> get_element 20: INFO ----->定位方式:id--->定位值:deliveryClose
2019-07-29 17:30:26,242 find_element.py--> get_element 20: INFO ----->定位方式:name--->定位值:customerPhoneNo
2019-07-29 17:30:26,451 find_element.py--> get_element 20: INFO ----->定位方式:id--->定位值:btnSearch
2019-07-29 17:30:27,566 find_element.py--> get_element 20: INFO ----->定位方式:xpath--->定位值://*[@id="orders"]/tbody/tr[1]/td[1]
2019-07-29 17:30:27,677 find_element.py--> get_element 20: INFO ----->定位方式:id--->定位值:btn_shangchuanhetong
2019-07-29 17:30:28,762 find_element.py--> get_element 20: INFO ----->定位方式:xpath--->定位值://*[@id="file"]/div/table/tbody/tr[1]/td[3]/input
2019-07-29 17:30:29,907 find_element.py--> get_element 20: INFO ----->定位方式:id--->定位值:yx-upload-check
2019-07-29 17:30:33,165 find_element.py--> get_element 20: INFO ----->定位方式:id--->定位值:yx-upload-sub
2019-07-29 17:30:33,283 find_element.py--> get_element 20: INFO ----->定位方式:xpath--->定位值://*[@id="cusUpdateModal"]/div/div/div[3]/button
2019-07-29 17:30:34,421 find_element.py--> get_element 20: INFO ----->定位方式:xpath--->定位值://*[@id="file"]/div/table/tbody/tr[2]/td[3]/input
2019-07-29 17:30:35,523 find_element.py--> get_element 20: INFO ----->定位方式:id--->定位值:yx-upload-check
2019-07-29 17:30:38,755 find_element.py--> get_element 20: INFO ----->定位方式:id--->定位值:yx-upload-sub
2019-07-29 17:30:38,961 find_element.py--> get_element 20: INFO ----->定位方式:xpath--->定位值://*[@id="cusUpdateModal"]/div/div/div[3]/button
2019-07-29 17:30:40,052 find_element.py--> get_element 20: INFO ----->定位方式:id--->定位值:yxHsContractApply
2019-07-29 17:30:41,147 find_element.py--> get_element 20: INFO ----->定位方式:id--->定位值:basicModalBtnNegative
2019-07-29 17:30:42,372 find_element.py--> get_element 20: INFO ----->定位方式:name--->定位值:customerPhoneNo
2019-07-29 17:30:42,580 find_element.py--> get_element 20: INFO ----->定位方式:id--->定位值:btnSearch
2019-07-29 17:30:43,707 find_element.py--> get_element 20: INFO ----->定位方式:xpath--->定位值://*[@id="orders"]/tbody/tr[1]/td[1]
2019-07-29 17:30:43,808 find_element.py--> get_element 20: INFO ----->定位方式:id--->定位值:btn_shenhehetong
2019-07-29 17:30:45,250 find_element.py--> get_element 20: INFO ----->定位方式:id--->定位值:hsShopInsuranceNNull
2019-07-29 17:30:49,014 find_element.py--> get_element 20: INFO ----->定位方式:id--->定位值:yxHsContractApply
2019-07-29 17:30:50,185 find_element.py--> get_element 20: INFO ----->定位方式:id--->定位值:basicModalBtnNegative
2019-07-29 17:30:51,272 find_element.py--> get_element 20: INFO ----->定位方式:name--->定位值:customerPhoneNo
2019-07-29 17:30:51,609 find_element.py--> get_element 20: INFO ----->定位方式:id--->定位值:btnSearch
2019-07-29 17:30:52,955 find_element.py--> get_element 20: INFO ----->定位方式:xpath--->定位值://*[@id="orders"]/tbody/tr[1]/td[1]
2019-07-29 17:30:53,059 find_element.py--> get_element 20: INFO ----->定位方式:id--->定位值:btn_yudingcheliang
