2019-07-04 10:33:38,204 login_handle.py--> send_username 20: INFO ----->输入用户名是：zhaoyunhe1
2019-07-04 10:33:38,206 find_element.py--> get_element 20: INFO ----->定位方式:id--->定位值:loginId
2019-07-04 10:33:38,296 login_handle.py--> send_password 20: INFO ----->输入密码是：123qwe
2019-07-04 10:33:38,299 find_element.py--> get_element 20: INFO ----->定位方式:id--->定位值:password
2019-07-04 10:33:38,367 find_element.py--> get_element 20: INFO ----->定位方式:className--->定位值:login-submit
2019-07-04 10:33:39,964 find_element.py--> get_element 20: INFO ----->定位方式:id--->定位值:910000
2019-07-04 10:33:41,034 find_element.py--> get_element 20: INFO ----->定位方式:id--->定位值:15000000
2019-07-04 10:33:42,128 find_element.py--> get_element 20: INFO ----->定位方式:xpath--->定位值://*[@id="15080000"]
2019-07-04 10:33:42,220 find_element.py--> get_element 20: INFO ----->定位方式:id--->定位值:15080100
2019-07-04 10:33:44,647 find_element.py--> get_element 20: INFO ----->定位方式:xpath--->定位值://*[@id="btn_xinzeng"]
2019-07-04 10:33:46,010 order_info_handle.py--> send_userinfo 20: INFO ----->输入的手机号：18648955356
2019-07-04 10:33:46,012 find_element.py--> get_element 20: INFO ----->定位方式:id--->定位值:phoneNo
2019-07-04 10:33:47,243 find_element.py--> get_element 20: INFO ----->定位方式:id--->定位值:queryMobile
2019-07-04 10:33:48,406 find_element.py--> get_element 20: INFO ----->定位方式:xpath--->定位值://*[@id="customerBase"]/div/div[1]/div[3]/div/div/button/span[1]
2019-07-04 10:33:48,533 find_element.py--> get_element 20: INFO ----->定位方式:xpath--->定位值://*[@id="customerBase"]/div/div[1]/div[3]/div/div/div/ul/li[2]/a/span[1]
2019-07-04 10:33:49,686 find_element.py--> get_element 20: INFO ----->定位方式:xpath--->定位值://*[@id="vehicleModel"]/div/div[1]/div[1]/div/div/button/span[1]
2019-07-04 10:33:49,807 find_element.py--> get_element 20: INFO ----->定位方式:xpath--->定位值://*[@id="vehicleModel"]/div/div[1]/div[1]/div/div/div/ul/li[3]/a/span[1]
2019-07-04 10:33:50,054 find_element.py--> get_element 20: INFO ----->定位方式:id--->定位值:purchaseAmount
2019-07-04 10:33:50,112 find_element.py--> get_element 20: INFO ----->定位方式:xpath--->定位值://*[@id="vehicleModel"]/div/div[1]/div[3]/div/div/button/span[1]
2019-07-04 10:33:50,405 find_element.py--> get_element 20: INFO ----->定位方式:xpath--->定位值://*[@id="vehicleModel"]/div/div[1]/div[3]/div/div/div/ul/li[121]/a
2019-07-04 10:33:50,563 find_element.py--> get_element 20: INFO ----->定位方式:xpath--->定位值://*[@id="vehicleModel"]/div/div[2]/div[1]/div/div/button/span[1]
2019-07-04 10:33:50,753 find_element.py--> get_element 20: INFO ----->定位方式:xpath--->定位值://*[@id="vehicleModel"]/div/div[2]/div[1]/div/div/div/ul/li[27]/a
2019-07-04 10:33:50,929 find_element.py--> get_element 20: INFO ----->定位方式:xpath--->定位值://*[@id="vehicleModel"]/div/div[2]/div[2]/div/div/button/span[1]
2019-07-04 10:33:51,163 find_element.py--> get_element 20: INFO ----->定位方式:xpath--->定位值://*[@id="vehicleModel"]/div/div[2]/div[2]/div/div/div/ul/li[2]/a/span[1]
2019-07-04 10:33:51,308 find_element.py--> get_element 20: INFO ----->定位方式:xpath--->定位值://*[@id="vehicleModel"]/div/div[1]/div[4]/div/div/button/span[1]
2019-07-04 10:33:51,460 find_element.py--> get_element 20: INFO ----->定位方式:xpath--->定位值://*[@id="vehicleModel"]/div/div[1]/div[4]/div/div/div/ul/li[2]/a
2019-07-04 10:33:51,596 find_element.py--> get_element 20: INFO ----->定位方式:id--->定位值:guidePrice
2019-07-04 10:33:51,654 find_element.py--> get_element 20: INFO ----->定位方式:id--->定位值:guidePrice
2019-07-04 10:33:51,913 find_element.py--> get_element 20: INFO ----->定位方式:id--->定位值:salePrice
2019-07-04 10:33:52,291 order_info_business.py--> car_price 20: INFO ----->定金金额：3500
2019-07-04 10:33:52,293 find_element.py--> get_element 20: INFO ----->定位方式:id--->定位值:preLicenseProvince
2019-07-04 10:33:52,458 find_element.py--> get_element 20: INFO ----->定位方式:xpath--->定位值://*[@id="preLicenseProvince"]/option[20]
2019-07-04 10:33:52,548 find_element.py--> get_element 20: INFO ----->定位方式:id--->定位值:preLicenseCity
2019-07-04 10:33:52,706 find_element.py--> get_element 20: INFO ----->定位方式:xpath--->定位值://*[@id="preLicenseCity"]/option[2]
2019-07-04 10:33:52,786 find_element.py--> get_element 20: INFO ----->定位方式:id--->定位值:preLicenseSotre
2019-07-04 10:33:52,955 find_element.py--> get_element 20: INFO ----->定位方式:xpath--->定位值://*[@id="preLicenseSotre"]/option[2]
2019-07-04 10:33:53,032 find_element.py--> get_element 20: INFO ----->定位方式:id--->定位值:channelTypeGH
2019-07-04 10:33:53,209 find_element.py--> get_element 20: INFO ----->定位方式:id--->定位值:realNameSystemNNull
2019-07-04 10:33:53,393 find_element.py--> get_element 20: INFO ----->定位方式:id--->定位值:shopInsuranceNNull
2019-07-04 10:33:53,481 find_element.py--> get_element 20: INFO ----->定位方式:id--->定位值:firstYearVehicleAndVesselTax
2019-07-04 10:33:53,587 find_element.py--> get_element 20: INFO ----->定位方式:id--->定位值:firstYearSali
2019-07-04 10:33:53,710 find_element.py--> get_element 20: INFO ----->定位方式:id--->定位值:firstCommercialTheft
2019-07-04 10:33:53,818 find_element.py--> get_element 20: INFO ----->定位方式:id--->定位值:advancePremiumAmt
2019-07-04 10:33:53,905 find_element.py--> get_element 20: INFO ----->定位方式:id--->定位值:termCount
2019-07-04 10:33:54,052 find_element.py--> get_element 20: INFO ----->定位方式:id--->定位值:monthlyRent
2019-07-04 10:33:54,272 find_element.py--> get_element 20: INFO ----->定位方式:id--->定位值:cusInterestRates
2019-07-04 10:33:54,381 find_element.py--> get_element 20: INFO ----->定位方式:id--->定位值:purchaseTax
2019-07-04 10:33:54,551 find_element.py--> get_element 20: INFO ----->定位方式:id--->定位值:gpsFee
2019-07-04 10:33:54,711 find_element.py--> get_element 20: INFO ----->定位方式:id--->定位值:accountMaintenanceFee
2019-07-04 10:33:54,878 find_element.py--> get_element 20: INFO ----->定位方式:id--->定位值:yxDownPaymentAmt
2019-07-04 10:33:55,159 find_element.py--> get_element 20: INFO ----->定位方式:id--->定位值:yxRiskFinancingAmt
2019-07-04 10:33:55,334 find_element.py--> get_element 20: INFO ----->定位方式:id--->定位值:yxRiskControlFinancingAmt
2019-07-04 10:33:55,509 find_element.py--> get_element 20: INFO ----->定位方式:id--->定位值:hsServiceFee
2019-07-04 10:33:55,709 find_element.py--> get_element 20: INFO ----->定位方式:id--->定位值:licenseFee
2019-07-04 10:33:55,888 find_element.py--> get_element 20: INFO ----->定位方式:id--->定位值:mortgageFee
2019-07-04 10:33:56,053 find_element.py--> get_element 20: INFO ----->定位方式:id--->定位值:totalDownPaymentOtherAmt
2019-07-04 10:33:56,179 find_element.py--> get_element 20: INFO ----->定位方式:id--->定位值:remarkId
2019-07-04 10:33:56,628 find_element.py--> get_element 20: INFO ----->定位方式:xpath--->定位值://*[@id="fanancingInfoHs"]/div/div[2]/div[1]/div/div/button/span[1]
2019-07-04 10:33:56,752 find_element.py--> get_element 20: INFO ----->定位方式:xpath--->定位值://*[@id="fanancingInfoHs"]/div/div[2]/div[1]/div/div/div/ul/li[3]/a/span[1]
2019-07-04 10:33:56,920 find_element.py--> get_element 20: INFO ----->定位方式:id--->定位值:yxOrderNo
2019-07-04 10:33:57,347 find_element.py--> get_element 20: INFO ----->定位方式:xpath--->定位值://*[@id="yxAuditFile"]/div/table/tbody/tr[1]/td[3]/input
2019-07-04 10:33:58,514 find_element.py--> get_element 20: INFO ----->定位方式:xpath--->定位值://*[@id="yx-upload-check"]
2019-07-04 10:34:01,187 find_element.py--> get_element 20: INFO ----->定位方式:xpath--->定位值://*[@id="yx-upload-sub"]
2019-07-04 10:34:01,344 find_element.py--> get_element 20: INFO ----->定位方式:xpath--->定位值://*[@id="cusUpdateModal"]/div/div/div[3]/button
2019-07-04 10:34:02,471 find_element.py--> get_element 20: INFO ----->定位方式:xpath--->定位值://*[@id="yxAuditFile"]/div/table/tbody/tr[2]/td[3]/input
2019-07-04 10:34:03,643 find_element.py--> get_element 20: INFO ----->定位方式:xpath--->定位值://*[@id="yx-upload-check"]
2019-07-04 10:34:06,985 find_element.py--> get_element 20: INFO ----->定位方式:xpath--->定位值://*[@id="yx-upload-check"]
2019-07-04 10:34:09,424 find_element.py--> get_element 20: INFO ----->定位方式:xpath--->定位值://*[@id="yx-upload-sub"]
2019-07-04 10:34:09,607 find_element.py--> get_element 20: INFO ----->定位方式:xpath--->定位值://*[@id="cusUpdateModal"]/div/div/div[3]/button
2019-07-04 10:34:10,715 find_element.py--> get_element 20: INFO ----->定位方式:id--->定位值:basicTempSave
2019-07-04 10:34:12,796 find_element.py--> get_element 20: INFO ----->定位方式:id--->定位值:basicModalBtnNegative
2019-07-04 10:34:13,908 find_element.py--> get_element 20: INFO ----->定位方式:id--->定位值:basicSubmit
2019-07-04 10:34:15,744 find_element.py--> get_element 20: INFO ----->定位方式:id--->定位值:basicModalBtnNegative
2019-07-04 10:34:15,833 find_element.py--> get_element 20: INFO ----->定位方式:name--->定位值:customerPhoneNo
2019-07-04 10:34:15,867 find_element.py--> get_element 20: INFO ----->找不到定位元素
2019-07-04 10:35:34,672 login_handle.py--> send_username 20: INFO ----->输入用户名是：zhaoyunhe1
2019-07-04 10:35:34,673 find_element.py--> get_element 20: INFO ----->定位方式:id--->定位值:loginId
2019-07-04 10:35:34,760 login_handle.py--> send_password 20: INFO ----->输入密码是：123qwe
2019-07-04 10:35:34,762 find_element.py--> get_element 20: INFO ----->定位方式:id--->定位值:password
2019-07-04 10:35:34,822 find_element.py--> get_element 20: INFO ----->定位方式:className--->定位值:login-submit
2019-07-04 10:35:36,405 find_element.py--> get_element 20: INFO ----->定位方式:id--->定位值:910000
2019-07-04 10:35:37,472 find_element.py--> get_element 20: INFO ----->定位方式:id--->定位值:15000000
2019-07-04 10:35:38,549 find_element.py--> get_element 20: INFO ----->定位方式:xpath--->定位值://*[@id="15080000"]
2019-07-04 10:35:38,612 find_element.py--> get_element 20: INFO ----->定位方式:id--->定位值:15080100
2019-07-04 10:35:40,889 find_element.py--> get_element 20: INFO ----->定位方式:xpath--->定位值://*[@id="btn_xinzeng"]
2019-07-04 10:35:42,540 order_info_handle.py--> send_userinfo 20: INFO ----->输入的手机号：18683743431
2019-07-04 10:35:42,543 find_element.py--> get_element 20: INFO ----->定位方式:id--->定位值:phoneNo
2019-07-04 10:35:43,811 find_element.py--> get_element 20: INFO ----->定位方式:id--->定位值:queryMobile
2019-07-04 10:35:44,942 find_element.py--> get_element 20: INFO ----->定位方式:xpath--->定位值://*[@id="customerBase"]/div/div[1]/div[3]/div/div/button/span[1]
2019-07-04 10:35:45,082 find_element.py--> get_element 20: INFO ----->定位方式:xpath--->定位值://*[@id="customerBase"]/div/div[1]/div[3]/div/div/div/ul/li[2]/a/span[1]
2019-07-04 10:35:46,235 find_element.py--> get_element 20: INFO ----->定位方式:xpath--->定位值://*[@id="vehicleModel"]/div/div[1]/div[1]/div/div/button/span[1]
2019-07-04 10:35:46,394 find_element.py--> get_element 20: INFO ----->定位方式:xpath--->定位值://*[@id="vehicleModel"]/div/div[1]/div[1]/div/div/div/ul/li[3]/a/span[1]
2019-07-04 10:35:46,561 find_element.py--> get_element 20: INFO ----->定位方式:id--->定位值:purchaseAmount
2019-07-04 10:35:46,645 find_element.py--> get_element 20: INFO ----->定位方式:xpath--->定位值://*[@id="vehicleModel"]/div/div[1]/div[3]/div/div/button/span[1]
2019-07-04 10:35:46,887 find_element.py--> get_element 20: INFO ----->定位方式:xpath--->定位值://*[@id="vehicleModel"]/div/div[1]/div[3]/div/div/div/ul/li[121]/a
2019-07-04 10:35:47,033 find_element.py--> get_element 20: INFO ----->定位方式:xpath--->定位值://*[@id="vehicleModel"]/div/div[2]/div[1]/div/div/button/span[1]
2019-07-04 10:35:47,226 find_element.py--> get_element 20: INFO ----->定位方式:xpath--->定位值://*[@id="vehicleModel"]/div/div[2]/div[1]/div/div/div/ul/li[27]/a
2019-07-04 10:35:47,363 find_element.py--> get_element 20: INFO ----->定位方式:xpath--->定位值://*[@id="vehicleModel"]/div/div[2]/div[2]/div/div/button/span[1]
2019-07-04 10:35:47,566 find_element.py--> get_element 20: INFO ----->定位方式:xpath--->定位值://*[@id="vehicleModel"]/div/div[2]/div[2]/div/div/div/ul/li[3]/a/span[1]
2019-07-04 10:35:47,735 find_element.py--> get_element 20: INFO ----->定位方式:xpath--->定位值://*[@id="vehicleModel"]/div/div[1]/div[4]/div/div/button/span[1]
2019-07-04 10:35:47,861 find_element.py--> get_element 20: INFO ----->定位方式:xpath--->定位值://*[@id="vehicleModel"]/div/div[1]/div[4]/div/div/div/ul/li[2]/a
2019-07-04 10:35:47,988 find_element.py--> get_element 20: INFO ----->定位方式:id--->定位值:guidePrice
2019-07-04 10:35:48,040 find_element.py--> get_element 20: INFO ----->定位方式:id--->定位值:guidePrice
2019-07-04 10:35:48,309 find_element.py--> get_element 20: INFO ----->定位方式:id--->定位值:salePrice
2019-07-04 10:35:48,667 order_info_business.py--> car_price 20: INFO ----->定金金额：3500
2019-07-04 10:35:48,669 find_element.py--> get_element 20: INFO ----->定位方式:id--->定位值:preLicenseProvince
2019-07-04 10:35:48,822 find_element.py--> get_element 20: INFO ----->定位方式:xpath--->定位值://*[@id="preLicenseProvince"]/option[20]
2019-07-04 10:35:48,913 find_element.py--> get_element 20: INFO ----->定位方式:id--->定位值:preLicenseCity
2019-07-04 10:35:49,061 find_element.py--> get_element 20: INFO ----->定位方式:xpath--->定位值://*[@id="preLicenseCity"]/option[2]
2019-07-04 10:35:49,144 find_element.py--> get_element 20: INFO ----->定位方式:id--->定位值:preLicenseSotre
2019-07-04 10:35:49,288 find_element.py--> get_element 20: INFO ----->定位方式:xpath--->定位值://*[@id="preLicenseSotre"]/option[2]
2019-07-04 10:35:49,360 find_element.py--> get_element 20: INFO ----->定位方式:id--->定位值:channelTypeGH
2019-07-04 10:35:49,555 find_element.py--> get_element 20: INFO ----->定位方式:id--->定位值:realNameSystemNNull
2019-07-04 10:35:49,703 find_element.py--> get_element 20: INFO ----->定位方式:id--->定位值:shopInsuranceNNull
2019-07-04 10:35:49,807 find_element.py--> get_element 20: INFO ----->定位方式:id--->定位值:firstYearVehicleAndVesselTax
2019-07-04 10:35:49,906 find_element.py--> get_element 20: INFO ----->定位方式:id--->定位值:firstYearSali
2019-07-04 10:35:50,009 find_element.py--> get_element 20: INFO ----->定位方式:id--->定位值:firstCommercialTheft
2019-07-04 10:35:50,111 find_element.py--> get_element 20: INFO ----->定位方式:id--->定位值:advancePremiumAmt
2019-07-04 10:35:50,165 find_element.py--> get_element 20: INFO ----->定位方式:id--->定位值:termCount
2019-07-04 10:35:50,310 find_element.py--> get_element 20: INFO ----->定位方式:id--->定位值:monthlyRent
2019-07-04 10:35:50,531 find_element.py--> get_element 20: INFO ----->定位方式:id--->定位值:cusInterestRates
2019-07-04 10:35:50,613 find_element.py--> get_element 20: INFO ----->定位方式:id--->定位值:purchaseTax
2019-07-04 10:35:50,767 find_element.py--> get_element 20: INFO ----->定位方式:id--->定位值:gpsFee
2019-07-04 10:35:50,919 find_element.py--> get_element 20: INFO ----->定位方式:id--->定位值:accountMaintenanceFee
2019-07-04 10:35:51,112 find_element.py--> get_element 20: INFO ----->定位方式:id--->定位值:yxDownPaymentAmt
2019-07-04 10:35:51,346 find_element.py--> get_element 20: INFO ----->定位方式:id--->定位值:yxRiskFinancingAmt
2019-07-04 10:35:51,499 find_element.py--> get_element 20: INFO ----->定位方式:id--->定位值:yxRiskControlFinancingAmt
2019-07-04 10:35:51,730 find_element.py--> get_element 20: INFO ----->定位方式:id--->定位值:hsServiceFee
2019-07-04 10:35:51,920 find_element.py--> get_element 20: INFO ----->定位方式:id--->定位值:licenseFee
2019-07-04 10:35:52,082 find_element.py--> get_element 20: INFO ----->定位方式:id--->定位值:mortgageFee
2019-07-04 10:35:52,236 find_element.py--> get_element 20: INFO ----->定位方式:id--->定位值:totalDownPaymentOtherAmt
2019-07-04 10:35:52,339 find_element.py--> get_element 20: INFO ----->定位方式:id--->定位值:remarkId
2019-07-04 10:35:52,744 find_element.py--> get_element 20: INFO ----->定位方式:xpath--->定位值://*[@id="fanancingInfoHs"]/div/div[2]/div[1]/div/div/button/span[1]
2019-07-04 10:35:52,881 find_element.py--> get_element 20: INFO ----->定位方式:xpath--->定位值://*[@id="fanancingInfoHs"]/div/div[2]/div[1]/div/div/div/ul/li[3]/a/span[1]
2019-07-04 10:35:53,049 find_element.py--> get_element 20: INFO ----->定位方式:id--->定位值:yxOrderNo
2019-07-04 10:35:53,453 find_element.py--> get_element 20: INFO ----->定位方式:xpath--->定位值://*[@id="yxAuditFile"]/div/table/tbody/tr[1]/td[3]/input
2019-07-04 10:35:54,593 find_element.py--> get_element 20: INFO ----->定位方式:xpath--->定位值://*[@id="yx-upload-check"]
2019-07-04 10:35:56,997 find_element.py--> get_element 20: INFO ----->定位方式:xpath--->定位值://*[@id="yx-upload-sub"]
2019-07-04 10:35:57,236 find_element.py--> get_element 20: INFO ----->定位方式:xpath--->定位值://*[@id="cusUpdateModal"]/div/div/div[3]/button
2019-07-04 10:35:58,371 find_element.py--> get_element 20: INFO ----->定位方式:xpath--->定位值://*[@id="yxAuditFile"]/div/table/tbody/tr[2]/td[3]/input
2019-07-04 10:35:59,502 find_element.py--> get_element 20: INFO ----->定位方式:xpath--->定位值://*[@id="yx-upload-check"]
2019-07-04 10:36:02,866 find_element.py--> get_element 20: INFO ----->定位方式:xpath--->定位值://*[@id="yx-upload-check"]
2019-07-04 10:36:05,115 find_element.py--> get_element 20: INFO ----->定位方式:xpath--->定位值://*[@id="yx-upload-sub"]
2019-07-04 10:36:05,258 find_element.py--> get_element 20: INFO ----->定位方式:xpath--->定位值://*[@id="cusUpdateModal"]/div/div/div[3]/button
2019-07-04 10:36:06,383 find_element.py--> get_element 20: INFO ----->定位方式:id--->定位值:basicTempSave
2019-07-04 10:36:08,142 find_element.py--> get_element 20: INFO ----->定位方式:id--->定位值:basicModalBtnNegative
2019-07-04 10:36:09,255 find_element.py--> get_element 20: INFO ----->定位方式:id--->定位值:basicSubmit
2019-07-04 10:36:11,517 find_element.py--> get_element 20: INFO ----->定位方式:id--->定位值:basicModalBtnNegative
2019-07-04 10:36:12,663 find_element.py--> get_element 20: INFO ----->定位方式:name--->定位值:customerPhoneNo
2019-07-04 10:36:12,913 find_element.py--> get_element 20: INFO ----->定位方式:id--->定位值:btnSearch
2019-07-04 10:36:14,227 find_element.py--> get_element 20: INFO ----->定位方式:xpath--->定位值://*[@id="orders"]/tbody/tr[1]/td[1]
2019-07-04 10:36:14,358 find_element.py--> get_element 20: INFO ----->定位方式:id--->定位值:btn_shenhedingdan
2019-07-04 10:36:18,953 find_element.py--> get_element 20: INFO ----->定位方式:id--->定位值:basicSubmit
2019-07-04 10:36:20,140 find_element.py--> get_element 20: INFO ----->定位方式:id--->定位值:basicModalBtnNegative
2019-07-04 10:36:21,313 find_element.py--> get_element 20: INFO ----->定位方式:name--->定位值:customerPhoneNo
2019-07-04 10:36:21,539 find_element.py--> get_element 20: INFO ----->定位方式:id--->定位值:btnSearch
2019-07-04 10:36:22,669 find_element.py--> get_element 20: INFO ----->定位方式:xpath--->定位值://*[@id="orders"]/tbody/tr[1]/td[1]
2019-07-04 10:36:23,375 find_element.py--> get_element 20: INFO ----->定位方式:id--->定位值:btn_xiaoshoujiesuan
2019-07-04 10:36:24,497 find_element.py--> get_element 20: INFO ----->定位方式:xpath--->定位值://*[@id="amtDetail"]/div/div[3]/div/button[1]
2019-07-04 10:36:25,656 find_element.py--> get_element 20: INFO ----->定位方式:xpath--->定位值://*[@id="receiptModel"]/div/div/div[2]/button
2019-07-04 10:36:26,760 find_element.py--> get_element 20: INFO ----->定位方式:id--->定位值:deliveryClose
2019-07-04 10:36:28,116 find_element.py--> get_element 20: INFO ----->定位方式:name--->定位值:customerPhoneNo
2019-07-04 10:36:28,251 find_element.py--> get_element 20: INFO ----->定位方式:id--->定位值:btnSearch
2019-07-04 10:36:29,365 find_element.py--> get_element 20: INFO ----->定位方式:xpath--->定位值://*[@id="orders"]/tbody/tr[1]/td[1]
2019-07-04 10:36:29,467 find_element.py--> get_element 20: INFO ----->定位方式:id--->定位值:btn_shengchenghetong
2019-07-04 10:36:30,636 find_element.py--> get_element 20: INFO ----->定位方式:id--->定位值:hsSignBody
2019-07-04 10:36:30,881 find_element.py--> get_element 20: INFO ----->定位方式:xpath--->定位值://*[@id="hsSignBody"]/option[2]
2019-07-04 10:36:30,931 find_element.py--> get_element 20: INFO ----->定位方式:id--->定位值:makeContract
2019-07-04 10:36:31,031 find_element.py--> get_element 20: INFO ----->定位方式:id--->定位值:deliveryClose
2019-07-04 10:36:32,301 find_element.py--> get_element 20: INFO ----->定位方式:name--->定位值:customerPhoneNo
2019-07-04 10:36:32,491 find_element.py--> get_element 20: INFO ----->定位方式:id--->定位值:btnSearch
2019-07-04 10:36:33,605 find_element.py--> get_element 20: INFO ----->定位方式:xpath--->定位值://*[@id="orders"]/tbody/tr[1]/td[1]
2019-07-04 10:36:33,701 find_element.py--> get_element 20: INFO ----->定位方式:id--->定位值:btn_shangchuanhetong
2019-07-04 10:36:34,912 find_element.py--> get_element 20: INFO ----->定位方式:xpath--->定位值://*[@id="file"]/div/table/tbody/tr[1]/td[3]/input
2019-07-04 10:36:36,069 find_element.py--> get_element 20: INFO ----->定位方式:id--->定位值:yx-upload-check
2019-07-04 10:36:39,349 find_element.py--> get_element 20: INFO ----->定位方式:id--->定位值:yx-upload-sub
2019-07-04 10:36:39,447 find_element.py--> get_element 20: INFO ----->定位方式:xpath--->定位值://*[@id="cusUpdateModal"]/div/div/div[3]/button
2019-07-04 10:36:40,548 find_element.py--> get_element 20: INFO ----->定位方式:xpath--->定位值://*[@id="file"]/div/table/tbody/tr[2]/td[3]/input
2019-07-04 10:36:41,649 find_element.py--> get_element 20: INFO ----->定位方式:id--->定位值:yx-upload-check
2019-07-04 10:36:44,957 find_element.py--> get_element 20: INFO ----->定位方式:id--->定位值:yx-upload-sub
2019-07-04 10:36:45,047 find_element.py--> get_element 20: INFO ----->定位方式:xpath--->定位值://*[@id="cusUpdateModal"]/div/div/div[3]/button
2019-07-04 10:36:46,146 find_element.py--> get_element 20: INFO ----->定位方式:id--->定位值:yxHsContractApply
2019-07-04 10:36:47,240 find_element.py--> get_element 20: INFO ----->定位方式:id--->定位值:basicModalBtnNegative
2019-07-04 10:36:48,687 find_element.py--> get_element 20: INFO ----->定位方式:name--->定位值:customerPhoneNo
2019-07-04 10:36:49,018 find_element.py--> get_element 20: INFO ----->定位方式:id--->定位值:btnSearch
2019-07-04 10:36:50,329 find_element.py--> get_element 20: INFO ----->定位方式:xpath--->定位值://*[@id="orders"]/tbody/tr[1]/td[1]
2019-07-04 10:36:50,429 find_element.py--> get_element 20: INFO ----->定位方式:id--->定位值:btn_shenhehetong
