2019-06-28 15:31:55,258 login_handle.py--> send_username 20: INFO ----->输入用户名是：ccadmin
2019-06-28 15:31:55,260 find_element.py--> get_element 20: INFO ----->定位方式:id--->定位值:loginId
2019-06-28 15:31:55,373 login_handle.py--> send_password 20: INFO ----->输入密码是：123qwe
2019-06-28 15:31:55,376 find_element.py--> get_element 20: INFO ----->定位方式:id--->定位值:password
2019-06-28 15:31:55,464 find_element.py--> get_element 20: INFO ----->定位方式:className--->定位值:login-submit
2019-06-28 15:31:57,081 find_element.py--> get_element 20: INFO ----->定位方式:id--->定位值:910000
2019-06-28 15:31:58,212 find_element.py--> get_element 20: INFO ----->定位方式:id--->定位值:15000000
2019-06-28 15:31:59,366 find_element.py--> get_element 20: INFO ----->定位方式:xpath--->定位值://*[@id="15080000"]
2019-06-28 15:31:59,464 find_element.py--> get_element 20: INFO ----->定位方式:id--->定位值:15080100
2019-06-28 15:32:01,897 find_element.py--> get_element 20: INFO ----->定位方式:xpath--->定位值://*[@id="btn_xinzeng"]
2019-06-28 15:32:04,004 order_info_handle.py--> send_userinfo 20: INFO ----->输入的手机号：18638484422
2019-06-28 15:32:04,007 find_element.py--> get_element 20: INFO ----->定位方式:id--->定位值:phoneNo
2019-06-28 15:32:06,230 find_element.py--> get_element 20: INFO ----->定位方式:id--->定位值:queryMobile
2019-06-28 15:32:07,528 find_element.py--> get_element 20: INFO ----->定位方式:xpath--->定位值://*[@id="customerBase"]/div/div[1]/div[3]/div/div/button/span[1]
2019-06-28 15:32:07,705 find_element.py--> get_element 20: INFO ----->定位方式:xpath--->定位值://*[@id="customerBase"]/div/div[1]/div[3]/div/div/div/ul/li[2]/a/span[1]
2019-06-28 15:32:08,927 find_element.py--> get_element 20: INFO ----->定位方式:xpath--->定位值://*[@id="vehicleModel"]/div/div[1]/div[1]/div/div/button/span[1]
2019-06-28 15:32:09,074 find_element.py--> get_element 20: INFO ----->定位方式:xpath--->定位值://*[@id="vehicleModel"]/div/div[1]/div[1]/div/div/div/ul/li[3]/a/span[1]
2019-06-28 15:32:09,288 find_element.py--> get_element 20: INFO ----->定位方式:id--->定位值:purchaseAmount
2019-06-28 15:32:09,378 find_element.py--> get_element 20: INFO ----->定位方式:xpath--->定位值://*[@id="vehicleModel"]/div/div[1]/div[3]/div/div/button/span[1]
2019-06-28 15:32:09,661 find_element.py--> get_element 20: INFO ----->定位方式:xpath--->定位值://*[@id="vehicleModel"]/div/div[1]/div[3]/div/div/div/ul/li[121]/a
2019-06-28 15:32:09,846 find_element.py--> get_element 20: INFO ----->定位方式:xpath--->定位值://*[@id="vehicleModel"]/div/div[2]/div[1]/div/div/button/span[1]
2019-06-28 15:32:10,079 find_element.py--> get_element 20: INFO ----->定位方式:xpath--->定位值://*[@id="vehicleModel"]/div/div[2]/div[1]/div/div/div/ul/li[27]/a
2019-06-28 15:32:10,274 find_element.py--> get_element 20: INFO ----->定位方式:xpath--->定位值://*[@id="vehicleModel"]/div/div[2]/div[2]/div/div/button/span[1]
2019-06-28 15:32:10,413 find_element.py--> get_element 20: INFO ----->定位方式:xpath--->定位值://*[@id="vehicleModel"]/div/div[2]/div[2]/div/div/div/ul/li[2]/a/span[1]
2019-06-28 15:32:10,437 find_element.py--> get_element 20: INFO ----->找不到定位元素
2019-06-28 15:32:27,885 login_handle.py--> send_username 20: INFO ----->输入用户名是：ccadmin
2019-06-28 15:32:27,889 find_element.py--> get_element 20: INFO ----->定位方式:id--->定位值:loginId
2019-06-28 15:32:28,006 login_handle.py--> send_password 20: INFO ----->输入密码是：123qwe
2019-06-28 15:32:28,008 find_element.py--> get_element 20: INFO ----->定位方式:id--->定位值:password
2019-06-28 15:32:28,101 find_element.py--> get_element 20: INFO ----->定位方式:className--->定位值:login-submit
2019-06-28 15:32:29,732 find_element.py--> get_element 20: INFO ----->定位方式:id--->定位值:910000
2019-06-28 15:32:30,848 find_element.py--> get_element 20: INFO ----->定位方式:id--->定位值:15000000
2019-06-28 15:32:31,970 find_element.py--> get_element 20: INFO ----->定位方式:xpath--->定位值://*[@id="15080000"]
2019-06-28 15:32:32,068 find_element.py--> get_element 20: INFO ----->定位方式:id--->定位值:15080100
2019-06-28 15:32:34,686 find_element.py--> get_element 20: INFO ----->定位方式:xpath--->定位值://*[@id="btn_xinzeng"]
2019-06-28 15:32:36,847 order_info_handle.py--> send_userinfo 20: INFO ----->输入的手机号：18614013881
2019-06-28 15:32:36,850 find_element.py--> get_element 20: INFO ----->定位方式:id--->定位值:phoneNo
2019-06-28 15:32:38,485 find_element.py--> get_element 20: INFO ----->定位方式:id--->定位值:queryMobile
2019-06-28 15:32:39,675 find_element.py--> get_element 20: INFO ----->定位方式:xpath--->定位值://*[@id="customerBase"]/div/div[1]/div[3]/div/div/button/span[1]
2019-06-28 15:32:39,862 find_element.py--> get_element 20: INFO ----->定位方式:xpath--->定位值://*[@id="customerBase"]/div/div[1]/div[3]/div/div/div/ul/li[2]/a/span[1]
2019-06-28 15:32:41,138 find_element.py--> get_element 20: INFO ----->定位方式:xpath--->定位值://*[@id="vehicleModel"]/div/div[1]/div[1]/div/div/button/span[1]
2019-06-28 15:32:41,338 find_element.py--> get_element 20: INFO ----->定位方式:xpath--->定位值://*[@id="vehicleModel"]/div/div[1]/div[1]/div/div/div/ul/li[3]/a/span[1]
2019-06-28 15:32:41,575 find_element.py--> get_element 20: INFO ----->定位方式:id--->定位值:purchaseAmount
2019-06-28 15:32:41,685 find_element.py--> get_element 20: INFO ----->定位方式:xpath--->定位值://*[@id="vehicleModel"]/div/div[1]/div[3]/div/div/button/span[1]
2019-06-28 15:32:42,048 find_element.py--> get_element 20: INFO ----->定位方式:xpath--->定位值://*[@id="vehicleModel"]/div/div[1]/div[3]/div/div/div/ul/li[121]/a
2019-06-28 15:32:42,285 find_element.py--> get_element 20: INFO ----->定位方式:xpath--->定位值://*[@id="vehicleModel"]/div/div[2]/div[1]/div/div/button/span[1]
2019-06-28 15:32:42,649 find_element.py--> get_element 20: INFO ----->定位方式:xpath--->定位值://*[@id="vehicleModel"]/div/div[2]/div[1]/div/div/div/ul/li[27]/a
2019-06-28 15:32:42,853 find_element.py--> get_element 20: INFO ----->定位方式:xpath--->定位值://*[@id="vehicleModel"]/div/div[2]/div[2]/div/div/button/span[1]
2019-06-28 15:32:43,195 find_element.py--> get_element 20: INFO ----->定位方式:xpath--->定位值://*[@id="vehicleModel"]/div/div[2]/div[2]/div/div/div/ul/li[2]/a/span[1]
2019-06-28 15:32:43,473 find_element.py--> get_element 20: INFO ----->定位方式:xpath--->定位值://*[@id="vehicleModel"]/div/div[1]/div[4]/div/div/button/span[1]
2019-06-28 15:32:43,658 find_element.py--> get_element 20: INFO ----->定位方式:xpath--->定位值://*[@id="vehicleModel"]/div/div[1]/div[4]/div/div/div/ul/li[2]/a
2019-06-28 15:32:43,858 find_element.py--> get_element 20: INFO ----->定位方式:id--->定位值:guidePrice
2019-06-28 15:32:43,955 find_element.py--> get_element 20: INFO ----->定位方式:id--->定位值:guidePrice
2019-06-28 15:32:44,328 find_element.py--> get_element 20: INFO ----->定位方式:id--->定位值:salePrice
2019-06-28 15:32:44,852 order_info_business.py--> car_price 20: INFO ----->定金金额：3500
2019-06-28 15:32:44,855 find_element.py--> get_element 20: INFO ----->定位方式:id--->定位值:preLicenseProvince
2019-06-28 15:32:45,084 find_element.py--> get_element 20: INFO ----->定位方式:xpath--->定位值://*[@id="preLicenseProvince"]/option[20]
2019-06-28 15:32:45,237 find_element.py--> get_element 20: INFO ----->定位方式:id--->定位值:preLicenseCity
2019-06-28 15:32:45,450 find_element.py--> get_element 20: INFO ----->定位方式:xpath--->定位值://*[@id="preLicenseCity"]/option[2]
2019-06-28 15:32:45,520 find_element.py--> get_element 20: INFO ----->找不到定位元素
2019-06-28 15:33:13,172 login_handle.py--> send_username 20: INFO ----->输入用户名是：ccadmin
2019-06-28 15:33:13,177 find_element.py--> get_element 20: INFO ----->定位方式:id--->定位值:loginId
2019-06-28 15:33:13,344 login_handle.py--> send_password 20: INFO ----->输入密码是：123qwe
2019-06-28 15:33:13,347 find_element.py--> get_element 20: INFO ----->定位方式:id--->定位值:password
2019-06-28 15:33:13,482 find_element.py--> get_element 20: INFO ----->定位方式:className--->定位值:login-submit
2019-06-28 15:33:15,134 find_element.py--> get_element 20: INFO ----->定位方式:id--->定位值:910000
2019-06-28 15:33:16,232 find_element.py--> get_element 20: INFO ----->定位方式:id--->定位值:15000000
2019-06-28 15:33:17,337 find_element.py--> get_element 20: INFO ----->定位方式:xpath--->定位值://*[@id="15080000"]
2019-06-28 15:33:17,436 find_element.py--> get_element 20: INFO ----->定位方式:id--->定位值:15080100
2019-06-28 15:33:20,193 find_element.py--> get_element 20: INFO ----->定位方式:xpath--->定位值://*[@id="btn_xinzeng"]
2019-06-28 15:33:21,639 order_info_handle.py--> send_userinfo 20: INFO ----->输入的手机号：18628863767
2019-06-28 15:33:21,641 find_element.py--> get_element 20: INFO ----->定位方式:id--->定位值:phoneNo
2019-06-28 15:33:23,528 find_element.py--> get_element 20: INFO ----->定位方式:id--->定位值:queryMobile
2019-06-28 15:33:24,710 find_element.py--> get_element 20: INFO ----->定位方式:xpath--->定位值://*[@id="customerBase"]/div/div[1]/div[3]/div/div/button/span[1]
2019-06-28 15:33:24,915 find_element.py--> get_element 20: INFO ----->定位方式:xpath--->定位值://*[@id="customerBase"]/div/div[1]/div[3]/div/div/div/ul/li[2]/a/span[1]
2019-06-28 15:33:26,199 find_element.py--> get_element 20: INFO ----->定位方式:xpath--->定位值://*[@id="vehicleModel"]/div/div[1]/div[1]/div/div/button/span[1]
2019-06-28 15:33:26,383 find_element.py--> get_element 20: INFO ----->定位方式:xpath--->定位值://*[@id="vehicleModel"]/div/div[1]/div[1]/div/div/div/ul/li[3]/a/span[1]
2019-06-28 15:33:26,632 find_element.py--> get_element 20: INFO ----->定位方式:id--->定位值:purchaseAmount
2019-06-28 15:33:26,740 find_element.py--> get_element 20: INFO ----->定位方式:xpath--->定位值://*[@id="vehicleModel"]/div/div[1]/div[3]/div/div/button/span[1]
2019-06-28 15:33:27,147 find_element.py--> get_element 20: INFO ----->定位方式:xpath--->定位值://*[@id="vehicleModel"]/div/div[1]/div[3]/div/div/div/ul/li[121]/a
2019-06-28 15:33:27,362 find_element.py--> get_element 20: INFO ----->定位方式:xpath--->定位值://*[@id="vehicleModel"]/div/div[2]/div[1]/div/div/button/span[1]
2019-06-28 15:33:27,648 find_element.py--> get_element 20: INFO ----->定位方式:xpath--->定位值://*[@id="vehicleModel"]/div/div[2]/div[1]/div/div/div/ul/li[27]/a
2019-06-28 15:33:27,956 find_element.py--> get_element 20: INFO ----->定位方式:xpath--->定位值://*[@id="vehicleModel"]/div/div[2]/div[2]/div/div/button/span[1]
2019-06-28 15:33:28,280 find_element.py--> get_element 20: INFO ----->定位方式:xpath--->定位值://*[@id="vehicleModel"]/div/div[2]/div[2]/div/div/div/ul/li[2]/a/span[1]
2019-06-28 15:33:28,529 find_element.py--> get_element 20: INFO ----->定位方式:xpath--->定位值://*[@id="vehicleModel"]/div/div[1]/div[4]/div/div/button/span[1]
2019-06-28 15:33:28,710 find_element.py--> get_element 20: INFO ----->定位方式:xpath--->定位值://*[@id="vehicleModel"]/div/div[1]/div[4]/div/div/div/ul/li[2]/a
2019-06-28 15:33:28,891 find_element.py--> get_element 20: INFO ----->定位方式:id--->定位值:guidePrice
2019-06-28 15:33:29,013 find_element.py--> get_element 20: INFO ----->定位方式:id--->定位值:guidePrice
2019-06-28 15:33:29,420 find_element.py--> get_element 20: INFO ----->定位方式:id--->定位值:salePrice
2019-06-28 15:33:30,023 order_info_business.py--> car_price 20: INFO ----->定金金额：3500
2019-06-28 15:33:30,025 find_element.py--> get_element 20: INFO ----->定位方式:id--->定位值:preLicenseProvince
2019-06-28 15:33:30,235 find_element.py--> get_element 20: INFO ----->定位方式:xpath--->定位值://*[@id="preLicenseProvince"]/option[20]
2019-06-28 15:33:30,367 find_element.py--> get_element 20: INFO ----->定位方式:id--->定位值:preLicenseCity
2019-06-28 15:33:30,614 find_element.py--> get_element 20: INFO ----->定位方式:xpath--->定位值://*[@id="preLicenseCity"]/option[2]
2019-06-28 15:33:30,735 find_element.py--> get_element 20: INFO ----->定位方式:id--->定位值:preLicenseSotre
2019-06-28 15:33:30,973 find_element.py--> get_element 20: INFO ----->定位方式:xpath--->定位值://*[@id="preLicenseSotre"]/option[2]
2019-06-28 15:33:31,091 find_element.py--> get_element 20: INFO ----->定位方式:id--->定位值:channelTypeGH
2019-06-28 15:33:31,331 find_element.py--> get_element 20: INFO ----->定位方式:id--->定位值:realNameSystemYNull
2019-06-28 15:33:31,569 find_element.py--> get_element 20: INFO ----->定位方式:id--->定位值:shopInsuranceYNull
2019-06-28 15:33:31,704 find_element.py--> get_element 20: INFO ----->定位方式:id--->定位值:firstYearVehicleAndVesselTax
2019-06-28 15:33:31,853 find_element.py--> get_element 20: INFO ----->定位方式:id--->定位值:firstYearSali
2019-06-28 15:33:32,036 find_element.py--> get_element 20: INFO ----->定位方式:id--->定位值:firstCommercialTheft
2019-06-28 15:33:32,209 find_element.py--> get_element 20: INFO ----->定位方式:id--->定位值:advancePremiumAmt
2019-06-28 15:33:32,299 find_element.py--> get_element 20: INFO ----->定位方式:id--->定位值:termCount
2019-06-28 15:33:32,515 find_element.py--> get_element 20: INFO ----->定位方式:id--->定位值:monthlyRent
2019-06-28 15:33:32,930 find_element.py--> get_element 20: INFO ----->定位方式:id--->定位值:cusInterestRates
2019-06-28 15:33:33,075 find_element.py--> get_element 20: INFO ----->定位方式:id--->定位值:purchaseTax
2019-06-28 15:33:33,362 find_element.py--> get_element 20: INFO ----->定位方式:id--->定位值:gpsFee
2019-06-28 15:33:33,620 find_element.py--> get_element 20: INFO ----->定位方式:id--->定位值:accountMaintenanceFee
2019-06-28 15:33:33,908 find_element.py--> get_element 20: INFO ----->定位方式:id--->定位值:yxDownPaymentAmt
2019-06-28 15:33:34,235 find_element.py--> get_element 20: INFO ----->定位方式:id--->定位值:yxRiskFinancingAmt
2019-06-28 15:33:34,490 find_element.py--> get_element 20: INFO ----->定位方式:id--->定位值:yxRiskControlFinancingAmt
2019-06-28 15:33:34,775 find_element.py--> get_element 20: INFO ----->定位方式:id--->定位值:hsServiceFee
2019-06-28 15:33:35,052 find_element.py--> get_element 20: INFO ----->定位方式:id--->定位值:licenseFee
2019-06-28 15:33:35,326 find_element.py--> get_element 20: INFO ----->定位方式:id--->定位值:mortgageFee
2019-06-28 15:33:35,585 find_element.py--> get_element 20: INFO ----->定位方式:id--->定位值:totalDownPaymentOtherAmt
2019-06-28 15:33:35,720 find_element.py--> get_element 20: INFO ----->定位方式:id--->定位值:remarkId
2019-06-28 15:33:36,378 find_element.py--> get_element 20: INFO ----->定位方式:xpath--->定位值://*[@id="fanancingInfoHs"]/div/div[2]/div[1]/div/div/button/span[1]
2019-06-28 15:33:36,556 find_element.py--> get_element 20: INFO ----->定位方式:xpath--->定位值://*[@id="fanancingInfoHs"]/div/div[2]/div[1]/div/div/div/ul/li[3]/a/span[1]
2019-06-28 15:33:36,788 find_element.py--> get_element 20: INFO ----->定位方式:id--->定位值:yxOrderNo
2019-06-28 15:33:37,488 find_element.py--> get_element 20: INFO ----->定位方式:xpath--->定位值://*[@id="yxAuditFile"]/div/table/tbody/tr[1]/td[3]/input
2019-06-28 15:33:38,685 find_element.py--> get_element 20: INFO ----->定位方式:xpath--->定位值://*[@id="yx-upload-check"]
2019-06-28 15:33:41,594 find_element.py--> get_element 20: INFO ----->定位方式:xpath--->定位值://*[@id="yx-upload-sub"]
2019-06-28 15:33:41,934 find_element.py--> get_element 20: INFO ----->定位方式:xpath--->定位值://*[@id="cusUpdateModal"]/div/div/div[3]/button
2019-06-28 15:33:43,138 find_element.py--> get_element 20: INFO ----->定位方式:xpath--->定位值://*[@id="yxAuditFile"]/div/table/tbody/tr[2]/td[3]/input
2019-06-28 15:33:44,385 find_element.py--> get_element 20: INFO ----->定位方式:xpath--->定位值://*[@id="yx-upload-check"]
2019-06-28 15:33:47,892 find_element.py--> get_element 20: INFO ----->定位方式:xpath--->定位值://*[@id="yx-upload-check"]
2019-06-28 15:33:50,184 find_element.py--> get_element 20: INFO ----->定位方式:xpath--->定位值://*[@id="yx-upload-sub"]
2019-06-28 15:33:50,466 find_element.py--> get_element 20: INFO ----->定位方式:xpath--->定位值://*[@id="cusUpdateModal"]/div/div/div[3]/button
2019-06-28 15:36:01,677 login_handle.py--> send_username 20: INFO ----->输入用户名是：ccadmin
2019-06-28 15:36:01,679 find_element.py--> get_element 20: INFO ----->定位方式:id--->定位值:loginId
2019-06-28 15:36:01,775 login_handle.py--> send_password 20: INFO ----->输入密码是：123qwe
2019-06-28 15:36:01,776 find_element.py--> get_element 20: INFO ----->定位方式:id--->定位值:password
2019-06-28 15:36:01,849 find_element.py--> get_element 20: INFO ----->定位方式:className--->定位值:login-submit
2019-06-28 15:36:03,513 find_element.py--> get_element 20: INFO ----->定位方式:id--->定位值:910000
2019-06-28 15:36:04,596 find_element.py--> get_element 20: INFO ----->定位方式:id--->定位值:15000000
2019-06-28 15:36:05,709 find_element.py--> get_element 20: INFO ----->定位方式:xpath--->定位值://*[@id="15080000"]
2019-06-28 15:36:05,799 find_element.py--> get_element 20: INFO ----->定位方式:id--->定位值:15080100
2019-06-28 15:36:08,154 find_element.py--> get_element 20: INFO ----->定位方式:xpath--->定位值://*[@id="btn_xinzeng"]
2019-06-28 15:36:09,994 order_info_handle.py--> send_userinfo 20: INFO ----->输入的手机号：18622888803
2019-06-28 15:36:09,997 find_element.py--> get_element 20: INFO ----->定位方式:id--->定位值:phoneNo
2019-06-28 15:36:11,776 find_element.py--> get_element 20: INFO ----->定位方式:id--->定位值:queryMobile
2019-06-28 15:36:13,006 find_element.py--> get_element 20: INFO ----->定位方式:xpath--->定位值://*[@id="customerBase"]/div/div[1]/div[3]/div/div/button/span[1]
2019-06-28 15:36:13,190 find_element.py--> get_element 20: INFO ----->定位方式:xpath--->定位值://*[@id="customerBase"]/div/div[1]/div[3]/div/div/div/ul/li[2]/a/span[1]
2019-06-28 15:36:14,400 find_element.py--> get_element 20: INFO ----->定位方式:xpath--->定位值://*[@id="vehicleModel"]/div/div[1]/div[1]/div/div/button/span[1]
2019-06-28 15:36:14,563 find_element.py--> get_element 20: INFO ----->定位方式:xpath--->定位值://*[@id="vehicleModel"]/div/div[1]/div[1]/div/div/div/ul/li[3]/a/span[1]
2019-06-28 15:36:14,755 find_element.py--> get_element 20: INFO ----->定位方式:id--->定位值:purchaseAmount
2019-06-28 15:36:14,858 find_element.py--> get_element 20: INFO ----->定位方式:xpath--->定位值://*[@id="vehicleModel"]/div/div[1]/div[3]/div/div/button/span[1]
2019-06-28 15:36:15,177 find_element.py--> get_element 20: INFO ----->定位方式:xpath--->定位值://*[@id="vehicleModel"]/div/div[1]/div[3]/div/div/div/ul/li[121]/a
2019-06-28 15:36:15,370 find_element.py--> get_element 20: INFO ----->定位方式:xpath--->定位值://*[@id="vehicleModel"]/div/div[2]/div[1]/div/div/button/span[1]
2019-06-28 15:36:15,628 find_element.py--> get_element 20: INFO ----->定位方式:xpath--->定位值://*[@id="vehicleModel"]/div/div[2]/div[1]/div/div/div/ul/li[27]/a
2019-06-28 15:36:15,793 find_element.py--> get_element 20: INFO ----->定位方式:xpath--->定位值://*[@id="vehicleModel"]/div/div[2]/div[2]/div/div/button/span[1]
2019-06-28 15:36:16,069 find_element.py--> get_element 20: INFO ----->定位方式:xpath--->定位值://*[@id="vehicleModel"]/div/div[2]/div[2]/div/div/div/ul/li[2]/a/span[1]
2019-06-28 15:36:16,235 find_element.py--> get_element 20: INFO ----->定位方式:xpath--->定位值://*[@id="vehicleModel"]/div/div[1]/div[4]/div/div/button/span[1]
2019-06-28 15:36:16,403 find_element.py--> get_element 20: INFO ----->定位方式:xpath--->定位值://*[@id="vehicleModel"]/div/div[1]/div[4]/div/div/div/ul/li[2]/a
2019-06-28 15:36:16,555 find_element.py--> get_element 20: INFO ----->定位方式:id--->定位值:guidePrice
2019-06-28 15:36:16,616 find_element.py--> get_element 20: INFO ----->定位方式:id--->定位值:guidePrice
2019-06-28 15:36:16,978 find_element.py--> get_element 20: INFO ----->定位方式:id--->定位值:salePrice
2019-06-28 15:36:17,403 order_info_business.py--> car_price 20: INFO ----->定金金额：3500
2019-06-28 15:36:17,406 find_element.py--> get_element 20: INFO ----->定位方式:id--->定位值:preLicenseProvince
2019-06-28 15:36:17,578 find_element.py--> get_element 20: INFO ----->定位方式:xpath--->定位值://*[@id="preLicenseProvince"]/option[20]
2019-06-28 15:36:17,683 find_element.py--> get_element 20: INFO ----->定位方式:id--->定位值:preLicenseCity
2019-06-28 15:36:17,848 find_element.py--> get_element 20: INFO ----->定位方式:xpath--->定位值://*[@id="preLicenseCity"]/option[2]
2019-06-28 15:36:17,982 find_element.py--> get_element 20: INFO ----->定位方式:id--->定位值:preLicenseSotre
2019-06-28 15:36:18,145 find_element.py--> get_element 20: INFO ----->定位方式:xpath--->定位值://*[@id="preLicenseSotre"]/option[2]
2019-06-28 15:36:18,225 find_element.py--> get_element 20: INFO ----->定位方式:id--->定位值:channelTypeGH
2019-06-28 15:36:18,453 find_element.py--> get_element 20: INFO ----->定位方式:id--->定位值:realNameSystemYNull
2019-06-28 15:36:18,642 find_element.py--> get_element 20: INFO ----->定位方式:id--->定位值:shopInsuranceYNull
2019-06-28 15:36:18,741 find_element.py--> get_element 20: INFO ----->定位方式:id--->定位值:firstYearVehicleAndVesselTax
2019-06-28 15:36:18,852 find_element.py--> get_element 20: INFO ----->定位方式:id--->定位值:firstYearSali
2019-06-28 15:36:18,982 find_element.py--> get_element 20: INFO ----->定位方式:id--->定位值:firstCommercialTheft
2019-06-28 15:36:19,122 find_element.py--> get_element 20: INFO ----->定位方式:id--->定位值:advancePremiumAmt
2019-06-28 15:36:19,189 find_element.py--> get_element 20: INFO ----->定位方式:id--->定位值:termCount
2019-06-28 15:36:19,384 find_element.py--> get_element 20: INFO ----->定位方式:id--->定位值:monthlyRent
2019-06-28 15:36:19,646 find_element.py--> get_element 20: INFO ----->定位方式:id--->定位值:cusInterestRates
2019-06-28 15:36:19,775 find_element.py--> get_element 20: INFO ----->定位方式:id--->定位值:purchaseTax
2019-06-28 15:36:19,965 find_element.py--> get_element 20: INFO ----->定位方式:id--->定位值:gpsFee
2019-06-28 15:36:20,167 find_element.py--> get_element 20: INFO ----->定位方式:id--->定位值:accountMaintenanceFee
2019-06-28 15:36:20,445 find_element.py--> get_element 20: INFO ----->定位方式:id--->定位值:yxDownPaymentAmt
2019-06-28 15:36:20,681 find_element.py--> get_element 20: INFO ----->定位方式:id--->定位值:yxRiskFinancingAmt
2019-06-28 15:36:20,901 find_element.py--> get_element 20: INFO ----->定位方式:id--->定位值:yxRiskControlFinancingAmt
2019-06-28 15:36:21,141 find_element.py--> get_element 20: INFO ----->定位方式:id--->定位值:hsServiceFee
2019-06-28 15:36:21,360 find_element.py--> get_element 20: INFO ----->定位方式:id--->定位值:licenseFee
2019-06-28 15:36:21,601 find_element.py--> get_element 20: INFO ----->定位方式:id--->定位值:mortgageFee
2019-06-28 15:36:21,939 find_element.py--> get_element 20: INFO ----->定位方式:id--->定位值:totalDownPaymentOtherAmt
2019-06-28 15:36:22,103 find_element.py--> get_element 20: INFO ----->定位方式:id--->定位值:remarkId
2019-06-28 15:36:22,614 find_element.py--> get_element 20: INFO ----->定位方式:xpath--->定位值://*[@id="fanancingInfoHs"]/div/div[2]/div[1]/div/div/button/span[1]
2019-06-28 15:36:22,745 find_element.py--> get_element 20: INFO ----->定位方式:xpath--->定位值://*[@id="fanancingInfoHs"]/div/div[2]/div[1]/div/div/div/ul/li[3]/a/span[1]
2019-06-28 15:36:22,975 find_element.py--> get_element 20: INFO ----->定位方式:id--->定位值:yxOrderNo
2019-06-28 15:36:23,469 find_element.py--> get_element 20: INFO ----->定位方式:xpath--->定位值://*[@id="yxAuditFile"]/div/table/tbody/tr[1]/td[3]/input
2019-06-28 15:36:24,641 find_element.py--> get_element 20: INFO ----->定位方式:xpath--->定位值://*[@id="yx-upload-check"]
2019-06-28 15:36:27,176 find_element.py--> get_element 20: INFO ----->定位方式:xpath--->定位值://*[@id="yx-upload-sub"]
2019-06-28 15:36:27,439 find_element.py--> get_element 20: INFO ----->定位方式:xpath--->定位值://*[@id="cusUpdateModal"]/div/div/div[3]/button
2019-06-28 15:36:28,626 find_element.py--> get_element 20: INFO ----->定位方式:xpath--->定位值://*[@id="yxAuditFile"]/div/table/tbody/tr[2]/td[3]/input
2019-06-28 15:36:29,783 find_element.py--> get_element 20: INFO ----->定位方式:xpath--->定位值://*[@id="yx-upload-check"]
2019-06-28 15:36:33,221 find_element.py--> get_element 20: INFO ----->定位方式:xpath--->定位值://*[@id="yx-upload-check"]
2019-06-28 15:36:35,492 find_element.py--> get_element 20: INFO ----->定位方式:xpath--->定位值://*[@id="yx-upload-sub"]
2019-06-28 15:36:35,688 find_element.py--> get_element 20: INFO ----->定位方式:xpath--->定位值://*[@id="cusUpdateModal"]/div/div/div[3]/button
2019-06-28 15:36:36,887 find_element.py--> get_element 20: INFO ----->定位方式:id--->定位值:basicTempSave
2019-06-28 15:36:39,037 find_element.py--> get_element 20: INFO ----->定位方式:id--->定位值:basicModalBtnNegative
2019-06-28 15:36:40,172 find_element.py--> get_element 20: INFO ----->定位方式:id--->定位值:basicSubmit
2019-06-28 15:36:42,353 find_element.py--> get_element 20: INFO ----->定位方式:id--->定位值:basicModalBtnNegative
2019-06-28 15:36:43,708 find_element.py--> get_element 20: INFO ----->定位方式:name--->定位值:customerPhoneNo
2019-06-28 15:36:44,467 find_element.py--> get_element 20: INFO ----->定位方式:id--->定位值:btnSearch
2019-06-28 15:36:45,940 find_element.py--> get_element 20: INFO ----->定位方式:xpath--->定位值://*[@id="orders"]/tbody/tr[1]/td[1]
2019-06-28 15:36:46,074 find_element.py--> get_element 20: INFO ----->定位方式:id--->定位值:btn_shenhedingdan
2019-06-28 15:36:50,715 find_element.py--> get_element 20: INFO ----->定位方式:id--->定位值:basicSubmit
2019-06-28 15:36:51,919 find_element.py--> get_element 20: INFO ----->定位方式:id--->定位值:basicModalBtnNegative
2019-06-28 15:36:53,176 find_element.py--> get_element 20: INFO ----->定位方式:name--->定位值:customerPhoneNo
2019-06-28 15:36:53,419 find_element.py--> get_element 20: INFO ----->定位方式:id--->定位值:btnSearch
2019-06-28 15:36:54,565 find_element.py--> get_element 20: INFO ----->定位方式:xpath--->定位值://*[@id="orders"]/tbody/tr[1]/td[1]
2019-06-28 15:36:55,328 find_element.py--> get_element 20: INFO ----->定位方式:id--->定位值:btn_xiaoshoujiesuan
2019-06-28 15:36:56,829 find_element.py--> get_element 20: INFO ----->定位方式:xpath--->定位值://*[@id="amtDetail"]/div/div[3]/div/button[1]
2019-06-28 15:36:58,016 find_element.py--> get_element 20: INFO ----->定位方式:xpath--->定位值://*[@id="receiptModel"]/div/div/div[2]/button
2019-06-28 15:36:59,132 find_element.py--> get_element 20: INFO ----->定位方式:id--->定位值:deliveryClose
2019-06-28 15:37:00,563 find_element.py--> get_element 20: INFO ----->定位方式:name--->定位值:customerPhoneNo
2019-06-28 15:37:00,781 find_element.py--> get_element 20: INFO ----->定位方式:id--->定位值:btnSearch
2019-06-28 15:37:01,962 find_element.py--> get_element 20: INFO ----->定位方式:xpath--->定位值://*[@id="orders"]/tbody/tr[1]/td[1]
2019-06-28 15:37:02,078 find_element.py--> get_element 20: INFO ----->定位方式:id--->定位值:btn_shengchenghetong
2019-06-28 15:37:03,395 find_element.py--> get_element 20: INFO ----->定位方式:id--->定位值:hsSignBody
2019-06-28 15:37:03,581 find_element.py--> get_element 20: INFO ----->定位方式:xpath--->定位值://*[@id="hsSignBody"]/option[2]
2019-06-28 15:37:03,639 find_element.py--> get_element 20: INFO ----->定位方式:id--->定位值:makeContract
2019-06-28 15:37:03,758 find_element.py--> get_element 20: INFO ----->定位方式:id--->定位值:deliveryClose
2019-06-28 15:37:05,018 find_element.py--> get_element 20: INFO ----->定位方式:name--->定位值:customerPhoneNo
2019-06-28 15:37:05,268 find_element.py--> get_element 20: INFO ----->定位方式:id--->定位值:btnSearch
2019-06-28 15:37:06,399 find_element.py--> get_element 20: INFO ----->定位方式:xpath--->定位值://*[@id="orders"]/tbody/tr[1]/td[1]
2019-06-28 15:37:06,528 find_element.py--> get_element 20: INFO ----->定位方式:id--->定位值:btn_shangchuanhetong
2019-06-28 15:39:20,822 login_handle.py--> send_username 20: INFO ----->输入用户名是：ccadmin
2019-06-28 15:39:20,825 find_element.py--> get_element 20: INFO ----->定位方式:id--->定位值:loginId
2019-06-28 15:39:20,968 login_handle.py--> send_password 20: INFO ----->输入密码是：123qwe
2019-06-28 15:39:20,971 find_element.py--> get_element 20: INFO ----->定位方式:id--->定位值:password
2019-06-28 15:39:21,079 find_element.py--> get_element 20: INFO ----->定位方式:className--->定位值:login-submit
2019-06-28 15:39:22,724 find_element.py--> get_element 20: INFO ----->定位方式:id--->定位值:910000
2019-06-28 15:39:23,834 find_element.py--> get_element 20: INFO ----->定位方式:id--->定位值:15000000
2019-06-28 15:39:25,026 find_element.py--> get_element 20: INFO ----->定位方式:xpath--->定位值://*[@id="15080000"]
2019-06-28 15:39:25,153 find_element.py--> get_element 20: INFO ----->定位方式:id--->定位值:15080100
2019-06-28 15:39:27,685 find_element.py--> get_element 20: INFO ----->定位方式:xpath--->定位值://*[@id="btn_xinzeng"]
2019-06-28 15:39:29,173 order_info_handle.py--> send_userinfo 20: INFO ----->输入的手机号：18626427212
2019-06-28 15:39:29,175 find_element.py--> get_element 20: INFO ----->定位方式:id--->定位值:phoneNo
2019-06-28 15:39:30,660 find_element.py--> get_element 20: INFO ----->定位方式:id--->定位值:queryMobile
2019-06-28 15:39:31,816 find_element.py--> get_element 20: INFO ----->定位方式:xpath--->定位值://*[@id="customerBase"]/div/div[1]/div[3]/div/div/button/span[1]
2019-06-28 15:39:31,984 find_element.py--> get_element 20: INFO ----->定位方式:xpath--->定位值://*[@id="customerBase"]/div/div[1]/div[3]/div/div/div/ul/li[2]/a/span[1]
2019-06-28 15:39:33,220 find_element.py--> get_element 20: INFO ----->定位方式:xpath--->定位值://*[@id="vehicleModel"]/div/div[1]/div[1]/div/div/button/span[1]
2019-06-28 15:39:33,368 find_element.py--> get_element 20: INFO ----->定位方式:xpath--->定位值://*[@id="vehicleModel"]/div/div[1]/div[1]/div/div/div/ul/li[3]/a/span[1]
2019-06-28 15:39:33,597 find_element.py--> get_element 20: INFO ----->定位方式:id--->定位值:purchaseAmount
2019-06-28 15:39:33,688 find_element.py--> get_element 20: INFO ----->定位方式:xpath--->定位值://*[@id="vehicleModel"]/div/div[1]/div[3]/div/div/button/span[1]
2019-06-28 15:39:33,994 find_element.py--> get_element 20: INFO ----->定位方式:xpath--->定位值://*[@id="vehicleModel"]/div/div[1]/div[3]/div/div/div/ul/li[121]/a
2019-06-28 15:39:34,228 find_element.py--> get_element 20: INFO ----->定位方式:xpath--->定位值://*[@id="vehicleModel"]/div/div[2]/div[1]/div/div/button/span[1]
2019-06-28 15:39:34,438 find_element.py--> get_element 20: INFO ----->定位方式:xpath--->定位值://*[@id="vehicleModel"]/div/div[2]/div[1]/div/div/div/ul/li[27]/a
2019-06-28 15:39:34,601 find_element.py--> get_element 20: INFO ----->定位方式:xpath--->定位值://*[@id="vehicleModel"]/div/div[2]/div[2]/div/div/button/span[1]
2019-06-28 15:39:34,863 find_element.py--> get_element 20: INFO ----->定位方式:xpath--->定位值://*[@id="vehicleModel"]/div/div[2]/div[2]/div/div/div/ul/li[2]/a/span[1]
2019-06-28 15:39:35,046 find_element.py--> get_element 20: INFO ----->定位方式:xpath--->定位值://*[@id="vehicleModel"]/div/div[1]/div[4]/div/div/button/span[1]
2019-06-28 15:39:35,216 find_element.py--> get_element 20: INFO ----->定位方式:xpath--->定位值://*[@id="vehicleModel"]/div/div[1]/div[4]/div/div/div/ul/li[2]/a
2019-06-28 15:39:35,360 find_element.py--> get_element 20: INFO ----->定位方式:id--->定位值:guidePrice
2019-06-28 15:39:35,439 find_element.py--> get_element 20: INFO ----->定位方式:id--->定位值:guidePrice
2019-06-28 15:39:35,702 find_element.py--> get_element 20: INFO ----->定位方式:id--->定位值:salePrice
2019-06-28 15:39:36,135 order_info_business.py--> car_price 20: INFO ----->定金金额：3500
2019-06-28 15:39:36,138 find_element.py--> get_element 20: INFO ----->定位方式:id--->定位值:preLicenseProvince
2019-06-28 15:39:36,359 find_element.py--> get_element 20: INFO ----->定位方式:xpath--->定位值://*[@id="preLicenseProvince"]/option[20]
2019-06-28 15:39:36,476 find_element.py--> get_element 20: INFO ----->定位方式:id--->定位值:preLicenseCity
2019-06-28 15:39:36,642 find_element.py--> get_element 20: INFO ----->定位方式:xpath--->定位值://*[@id="preLicenseCity"]/option[2]
2019-06-28 15:39:36,731 find_element.py--> get_element 20: INFO ----->定位方式:id--->定位值:preLicenseSotre
2019-06-28 15:39:36,921 find_element.py--> get_element 20: INFO ----->定位方式:xpath--->定位值://*[@id="preLicenseSotre"]/option[2]
2019-06-28 15:39:37,036 find_element.py--> get_element 20: INFO ----->定位方式:id--->定位值:channelTypeGH
2019-06-28 15:39:37,249 find_element.py--> get_element 20: INFO ----->定位方式:id--->定位值:realNameSystemYNull
2019-06-28 15:39:37,434 find_element.py--> get_element 20: INFO ----->定位方式:id--->定位值:shopInsuranceYNull
2019-06-28 15:39:37,531 find_element.py--> get_element 20: INFO ----->定位方式:id--->定位值:firstYearVehicleAndVesselTax
2019-06-28 15:39:37,651 find_element.py--> get_element 20: INFO ----->定位方式:id--->定位值:firstYearSali
2019-06-28 15:39:37,779 find_element.py--> get_element 20: INFO ----->定位方式:id--->定位值:firstCommercialTheft
2019-06-28 15:39:37,903 find_element.py--> get_element 20: INFO ----->定位方式:id--->定位值:advancePremiumAmt
2019-06-28 15:39:37,982 find_element.py--> get_element 20: INFO ----->定位方式:id--->定位值:termCount
2019-06-28 15:39:38,194 find_element.py--> get_element 20: INFO ----->定位方式:id--->定位值:monthlyRent
2019-06-28 15:39:38,474 find_element.py--> get_element 20: INFO ----->定位方式:id--->定位值:cusInterestRates
2019-06-28 15:39:38,665 find_element.py--> get_element 20: INFO ----->定位方式:id--->定位值:purchaseTax
2019-06-28 15:39:38,850 find_element.py--> get_element 20: INFO ----->定位方式:id--->定位值:gpsFee
2019-06-28 15:39:39,091 find_element.py--> get_element 20: INFO ----->定位方式:id--->定位值:accountMaintenanceFee
2019-06-28 15:39:39,272 find_element.py--> get_element 20: INFO ----->定位方式:id--->定位值:yxDownPaymentAmt
2019-06-28 15:39:39,521 find_element.py--> get_element 20: INFO ----->定位方式:id--->定位值:yxRiskFinancingAmt
2019-06-28 15:39:39,703 find_element.py--> get_element 20: INFO ----->定位方式:id--->定位值:yxRiskControlFinancingAmt
2019-06-28 15:39:39,927 find_element.py--> get_element 20: INFO ----->定位方式:id--->定位值:hsServiceFee
2019-06-28 15:39:40,167 find_element.py--> get_element 20: INFO ----->定位方式:id--->定位值:licenseFee
2019-06-28 15:39:40,342 find_element.py--> get_element 20: INFO ----->定位方式:id--->定位值:mortgageFee
2019-06-28 15:39:40,537 find_element.py--> get_element 20: INFO ----->定位方式:id--->定位值:totalDownPaymentOtherAmt
2019-06-28 15:39:40,648 find_element.py--> get_element 20: INFO ----->定位方式:id--->定位值:remarkId
2019-06-28 15:39:41,179 find_element.py--> get_element 20: INFO ----->定位方式:xpath--->定位值://*[@id="fanancingInfoHs"]/div/div[2]/div[1]/div/div/button/span[1]
2019-06-28 15:39:41,332 find_element.py--> get_element 20: INFO ----->定位方式:xpath--->定位值://*[@id="fanancingInfoHs"]/div/div[2]/div[1]/div/div/div/ul/li[3]/a/span[1]
2019-06-28 15:39:41,509 find_element.py--> get_element 20: INFO ----->定位方式:id--->定位值:yxOrderNo
2019-06-28 15:39:42,019 find_element.py--> get_element 20: INFO ----->定位方式:xpath--->定位值://*[@id="yxAuditFile"]/div/table/tbody/tr[1]/td[3]/input
2019-06-28 15:39:43,200 find_element.py--> get_element 20: INFO ----->定位方式:xpath--->定位值://*[@id="yx-upload-check"]
2019-06-28 15:39:45,858 find_element.py--> get_element 20: INFO ----->定位方式:xpath--->定位值://*[@id="yx-upload-sub"]
2019-06-28 15:39:46,076 find_element.py--> get_element 20: INFO ----->定位方式:xpath--->定位值://*[@id="cusUpdateModal"]/div/div/div[3]/button
2019-06-28 15:39:47,251 find_element.py--> get_element 20: INFO ----->定位方式:xpath--->定位值://*[@id="yxAuditFile"]/div/table/tbody/tr[2]/td[3]/input
2019-06-28 15:39:48,401 find_element.py--> get_element 20: INFO ----->定位方式:xpath--->定位值://*[@id="yx-upload-check"]
2019-06-28 15:39:51,834 find_element.py--> get_element 20: INFO ----->定位方式:xpath--->定位值://*[@id="yx-upload-check"]
2019-06-28 15:39:54,145 find_element.py--> get_element 20: INFO ----->定位方式:xpath--->定位值://*[@id="yx-upload-sub"]
2019-06-28 15:39:54,402 find_element.py--> get_element 20: INFO ----->定位方式:xpath--->定位值://*[@id="cusUpdateModal"]/div/div/div[3]/button
2019-06-28 15:39:55,590 find_element.py--> get_element 20: INFO ----->定位方式:id--->定位值:basicTempSave
2019-06-28 15:39:57,585 find_element.py--> get_element 20: INFO ----->定位方式:id--->定位值:basicModalBtnNegative
2019-06-28 15:39:58,728 find_element.py--> get_element 20: INFO ----->定位方式:id--->定位值:basicSubmit
2019-06-28 15:40:00,822 find_element.py--> get_element 20: INFO ----->定位方式:id--->定位值:basicModalBtnNegative
2019-06-28 15:40:02,299 find_element.py--> get_element 20: INFO ----->定位方式:name--->定位值:customerPhoneNo
2019-06-28 15:40:02,563 find_element.py--> get_element 20: INFO ----->定位方式:id--->定位值:btnSearch
2019-06-28 15:40:03,714 find_element.py--> get_element 20: INFO ----->定位方式:xpath--->定位值://*[@id="orders"]/tbody/tr[1]/td[1]
2019-06-28 15:40:03,853 find_element.py--> get_element 20: INFO ----->定位方式:id--->定位值:btn_shenhedingdan
2019-06-28 15:40:08,455 find_element.py--> get_element 20: INFO ----->定位方式:id--->定位值:basicSubmit
2019-06-28 15:40:09,624 find_element.py--> get_element 20: INFO ----->定位方式:id--->定位值:basicModalBtnNegative
2019-06-28 15:40:10,959 find_element.py--> get_element 20: INFO ----->定位方式:name--->定位值:customerPhoneNo
2019-06-28 15:40:11,223 find_element.py--> get_element 20: INFO ----->定位方式:id--->定位值:btnSearch
2019-06-28 15:40:12,620 find_element.py--> get_element 20: INFO ----->定位方式:xpath--->定位值://*[@id="orders"]/tbody/tr[1]/td[1]
2019-06-28 15:40:13,351 find_element.py--> get_element 20: INFO ----->定位方式:id--->定位值:btn_xiaoshoujiesuan
2019-06-28 15:40:14,719 find_element.py--> get_element 20: INFO ----->定位方式:xpath--->定位值://*[@id="amtDetail"]/div/div[3]/div/button[1]
2019-06-28 15:40:15,877 find_element.py--> get_element 20: INFO ----->定位方式:xpath--->定位值://*[@id="receiptModel"]/div/div/div[2]/button
2019-06-28 15:40:17,106 find_element.py--> get_element 20: INFO ----->定位方式:id--->定位值:deliveryClose
2019-06-28 15:40:18,343 find_element.py--> get_element 20: INFO ----->定位方式:name--->定位值:customerPhoneNo
2019-06-28 15:40:18,547 find_element.py--> get_element 20: INFO ----->定位方式:id--->定位值:btnSearch
2019-06-28 15:40:19,685 find_element.py--> get_element 20: INFO ----->定位方式:xpath--->定位值://*[@id="orders"]/tbody/tr[1]/td[1]
2019-06-28 15:40:19,807 find_element.py--> get_element 20: INFO ----->定位方式:id--->定位值:btn_shengchenghetong
2019-06-28 15:40:21,191 find_element.py--> get_element 20: INFO ----->定位方式:id--->定位值:hsSignBody
2019-06-28 15:40:21,360 find_element.py--> get_element 20: INFO ----->定位方式:xpath--->定位值://*[@id="hsSignBody"]/option[2]
2019-06-28 15:40:21,429 find_element.py--> get_element 20: INFO ----->定位方式:id--->定位值:makeContract
2019-06-28 15:40:21,551 find_element.py--> get_element 20: INFO ----->定位方式:id--->定位值:deliveryClose
2019-06-28 15:40:23,074 find_element.py--> get_element 20: INFO ----->定位方式:name--->定位值:customerPhoneNo
2019-06-28 15:40:23,306 find_element.py--> get_element 20: INFO ----->定位方式:id--->定位值:btnSearch
2019-06-28 15:40:24,430 find_element.py--> get_element 20: INFO ----->定位方式:xpath--->定位值://*[@id="orders"]/tbody/tr[1]/td[1]
2019-06-28 15:40:24,533 find_element.py--> get_element 20: INFO ----->定位方式:id--->定位值:btn_shangchuanhetong
2019-06-28 16:13:05,755 login_handle.py--> send_username 20: INFO ----->输入用户名是：ccadmin
2019-06-28 16:13:05,759 find_element.py--> get_element 20: INFO ----->定位方式:id--->定位值:loginId
2019-06-28 16:13:05,885 login_handle.py--> send_password 20: INFO ----->输入密码是：123qwe
2019-06-28 16:13:05,888 find_element.py--> get_element 20: INFO ----->定位方式:id--->定位值:password
2019-06-28 16:13:05,972 find_element.py--> get_element 20: INFO ----->定位方式:className--->定位值:login-submit
2019-06-28 16:13:08,759 find_element.py--> get_element 20: INFO ----->定位方式:id--->定位值:910000
2019-06-28 16:13:09,927 find_element.py--> get_element 20: INFO ----->定位方式:id--->定位值:15000000
2019-06-28 16:13:11,041 find_element.py--> get_element 20: INFO ----->定位方式:xpath--->定位值://*[@id="15080000"]
2019-06-28 16:13:11,128 find_element.py--> get_element 20: INFO ----->定位方式:id--->定位值:15080100
2019-06-28 16:13:13,629 find_element.py--> get_element 20: INFO ----->定位方式:xpath--->定位值://*[@id="btn_xinzeng"]
2019-06-28 16:13:15,054 order_info_handle.py--> send_userinfo 20: INFO ----->输入的手机号：18696882745
2019-06-28 16:13:15,057 find_element.py--> get_element 20: INFO ----->定位方式:id--->定位值:phoneNo
2019-06-28 16:13:16,523 find_element.py--> get_element 20: INFO ----->定位方式:id--->定位值:queryMobile
2019-06-28 16:13:17,705 find_element.py--> get_element 20: INFO ----->定位方式:xpath--->定位值://*[@id="customerBase"]/div/div[1]/div[3]/div/div/button/span[1]
2019-06-28 16:13:17,887 find_element.py--> get_element 20: INFO ----->定位方式:xpath--->定位值://*[@id="customerBase"]/div/div[1]/div[3]/div/div/div/ul/li[2]/a/span[1]
2019-06-28 16:13:19,091 find_element.py--> get_element 20: INFO ----->定位方式:xpath--->定位值://*[@id="vehicleModel"]/div/div[1]/div[1]/div/div/button/span[1]
2019-06-28 16:13:19,285 find_element.py--> get_element 20: INFO ----->定位方式:xpath--->定位值://*[@id="vehicleModel"]/div/div[1]/div[1]/div/div/div/ul/li[3]/a/span[1]
2019-06-28 16:13:19,510 find_element.py--> get_element 20: INFO ----->定位方式:id--->定位值:purchaseAmount
2019-06-28 16:13:19,598 find_element.py--> get_element 20: INFO ----->定位方式:xpath--->定位值://*[@id="vehicleModel"]/div/div[1]/div[3]/div/div/button/span[1]
2019-06-28 16:13:19,885 find_element.py--> get_element 20: INFO ----->定位方式:xpath--->定位值://*[@id="vehicleModel"]/div/div[1]/div[3]/div/div/div/ul/li[121]/a
2019-06-28 16:13:20,131 find_element.py--> get_element 20: INFO ----->定位方式:xpath--->定位值://*[@id="vehicleModel"]/div/div[2]/div[1]/div/div/button/span[1]
2019-06-28 16:13:20,319 find_element.py--> get_element 20: INFO ----->定位方式:xpath--->定位值://*[@id="vehicleModel"]/div/div[2]/div[1]/div/div/div/ul/li[27]/a
2019-06-28 16:13:20,506 find_element.py--> get_element 20: INFO ----->定位方式:xpath--->定位值://*[@id="vehicleModel"]/div/div[2]/div[2]/div/div/button/span[1]
2019-06-28 16:13:20,777 find_element.py--> get_element 20: INFO ----->定位方式:xpath--->定位值://*[@id="vehicleModel"]/div/div[2]/div[2]/div/div/div/ul/li[2]/a/span[1]
2019-06-28 16:13:20,967 find_element.py--> get_element 20: INFO ----->定位方式:xpath--->定位值://*[@id="vehicleModel"]/div/div[1]/div[4]/div/div/button/span[1]
2019-06-28 16:13:21,134 find_element.py--> get_element 20: INFO ----->定位方式:xpath--->定位值://*[@id="vehicleModel"]/div/div[1]/div[4]/div/div/div/ul/li[2]/a
2019-06-28 16:13:21,319 find_element.py--> get_element 20: INFO ----->定位方式:id--->定位值:guidePrice
2019-06-28 16:13:21,378 find_element.py--> get_element 20: INFO ----->定位方式:id--->定位值:guidePrice
2019-06-28 16:13:21,648 find_element.py--> get_element 20: INFO ----->定位方式:id--->定位值:salePrice
2019-06-28 16:13:22,085 order_info_business.py--> car_price 20: INFO ----->定金金额：3500
2019-06-28 16:13:22,087 find_element.py--> get_element 20: INFO ----->定位方式:id--->定位值:preLicenseProvince
2019-06-28 16:13:22,289 find_element.py--> get_element 20: INFO ----->定位方式:xpath--->定位值://*[@id="preLicenseProvince"]/option[20]
2019-06-28 16:13:22,395 find_element.py--> get_element 20: INFO ----->定位方式:id--->定位值:preLicenseCity
2019-06-28 16:13:22,598 find_element.py--> get_element 20: INFO ----->定位方式:xpath--->定位值://*[@id="preLicenseCity"]/option[2]
2019-06-28 16:13:22,696 find_element.py--> get_element 20: INFO ----->定位方式:id--->定位值:preLicenseSotre
2019-06-28 16:13:22,840 find_element.py--> get_element 20: INFO ----->定位方式:xpath--->定位值://*[@id="preLicenseSotre"]/option[2]
2019-06-28 16:13:22,955 find_element.py--> get_element 20: INFO ----->定位方式:id--->定位值:channelTypeGH
2019-06-28 16:13:23,167 find_element.py--> get_element 20: INFO ----->定位方式:id--->定位值:realNameSystemYNull
2019-06-28 16:13:23,363 find_element.py--> get_element 20: INFO ----->定位方式:id--->定位值:shopInsuranceYNull
2019-06-28 16:13:23,461 find_element.py--> get_element 20: INFO ----->定位方式:id--->定位值:firstYearVehicleAndVesselTax
2019-06-28 16:13:23,571 find_element.py--> get_element 20: INFO ----->定位方式:id--->定位值:firstYearSali
2019-06-28 16:13:23,694 find_element.py--> get_element 20: INFO ----->定位方式:id--->定位值:firstCommercialTheft
2019-06-28 16:13:23,818 find_element.py--> get_element 20: INFO ----->定位方式:id--->定位值:advancePremiumAmt
2019-06-28 16:13:23,913 find_element.py--> get_element 20: INFO ----->定位方式:id--->定位值:termCount
2019-06-28 16:13:24,144 find_element.py--> get_element 20: INFO ----->定位方式:id--->定位值:monthlyRent
2019-06-28 16:13:24,394 find_element.py--> get_element 20: INFO ----->定位方式:id--->定位值:cusInterestRates
2019-06-28 16:13:24,521 find_element.py--> get_element 20: INFO ----->定位方式:id--->定位值:purchaseTax
2019-06-28 16:13:24,711 find_element.py--> get_element 20: INFO ----->定位方式:id--->定位值:gpsFee
2019-06-28 16:13:24,911 find_element.py--> get_element 20: INFO ----->定位方式:id--->定位值:accountMaintenanceFee
2019-06-28 16:13:25,162 find_element.py--> get_element 20: INFO ----->定位方式:id--->定位值:yxDownPaymentAmt
2019-06-28 16:13:25,391 find_element.py--> get_element 20: INFO ----->定位方式:id--->定位值:yxRiskFinancingAmt
2019-06-28 16:13:25,578 find_element.py--> get_element 20: INFO ----->定位方式:id--->定位值:yxRiskControlFinancingAmt
2019-06-28 16:13:25,784 find_element.py--> get_element 20: INFO ----->定位方式:id--->定位值:hsServiceFee
2019-06-28 16:13:26,013 find_element.py--> get_element 20: INFO ----->定位方式:id--->定位值:licenseFee
2019-06-28 16:13:26,242 find_element.py--> get_element 20: INFO ----->定位方式:id--->定位值:mortgageFee
2019-06-28 16:13:26,463 find_element.py--> get_element 20: INFO ----->定位方式:id--->定位值:totalDownPaymentOtherAmt
2019-06-28 16:13:26,586 find_element.py--> get_element 20: INFO ----->定位方式:id--->定位值:remarkId
2019-06-28 16:13:27,114 find_element.py--> get_element 20: INFO ----->定位方式:xpath--->定位值://*[@id="fanancingInfoHs"]/div/div[2]/div[1]/div/div/button/span[1]
2019-06-28 16:13:27,269 find_element.py--> get_element 20: INFO ----->定位方式:xpath--->定位值://*[@id="fanancingInfoHs"]/div/div[2]/div[1]/div/div/div/ul/li[3]/a/span[1]
2019-06-28 16:13:27,444 find_element.py--> get_element 20: INFO ----->定位方式:id--->定位值:yxOrderNo
2019-06-28 16:13:27,978 find_element.py--> get_element 20: INFO ----->定位方式:xpath--->定位值://*[@id="yxAuditFile"]/div/table/tbody/tr[1]/td[3]/input
2019-06-28 16:13:29,192 find_element.py--> get_element 20: INFO ----->定位方式:xpath--->定位值://*[@id="yx-upload-check"]
2019-06-28 16:13:31,786 find_element.py--> get_element 20: INFO ----->定位方式:xpath--->定位值://*[@id="yx-upload-sub"]
2019-06-28 16:13:32,053 find_element.py--> get_element 20: INFO ----->定位方式:xpath--->定位值://*[@id="cusUpdateModal"]/div/div/div[3]/button
2019-06-28 16:13:33,289 find_element.py--> get_element 20: INFO ----->定位方式:xpath--->定位值://*[@id="yxAuditFile"]/div/table/tbody/tr[2]/td[3]/input
2019-06-28 16:13:34,442 find_element.py--> get_element 20: INFO ----->定位方式:xpath--->定位值://*[@id="yx-upload-check"]
2019-06-28 16:13:37,893 find_element.py--> get_element 20: INFO ----->定位方式:xpath--->定位值://*[@id="yx-upload-check"]
2019-06-28 16:13:40,144 find_element.py--> get_element 20: INFO ----->定位方式:xpath--->定位值://*[@id="yx-upload-sub"]
2019-06-28 16:13:40,387 find_element.py--> get_element 20: INFO ----->定位方式:xpath--->定位值://*[@id="cusUpdateModal"]/div/div/div[3]/button
2019-06-28 16:13:41,660 find_element.py--> get_element 20: INFO ----->定位方式:id--->定位值:basicTempSave
2019-06-28 16:13:43,689 find_element.py--> get_element 20: INFO ----->定位方式:id--->定位值:basicModalBtnNegative
2019-06-28 16:13:44,825 find_element.py--> get_element 20: INFO ----->定位方式:id--->定位值:basicSubmit
2019-06-28 16:13:47,030 find_element.py--> get_element 20: INFO ----->定位方式:id--->定位值:basicModalBtnNegative
2019-06-28 16:13:48,451 find_element.py--> get_element 20: INFO ----->定位方式:name--->定位值:customerPhoneNo
2019-06-28 16:13:48,658 find_element.py--> get_element 20: INFO ----->定位方式:id--->定位值:btnSearch
2019-06-28 16:13:49,795 find_element.py--> get_element 20: INFO ----->定位方式:xpath--->定位值://*[@id="orders"]/tbody/tr[1]/td[1]
2019-06-28 16:13:49,931 find_element.py--> get_element 20: INFO ----->定位方式:id--->定位值:btn_shenhedingdan
2019-06-28 16:13:54,508 find_element.py--> get_element 20: INFO ----->定位方式:id--->定位值:basicSubmit
2019-06-28 16:13:55,730 find_element.py--> get_element 20: INFO ----->定位方式:id--->定位值:basicModalBtnNegative
2019-06-28 16:13:57,507 find_element.py--> get_element 20: INFO ----->定位方式:name--->定位值:customerPhoneNo
2019-06-28 16:13:57,774 find_element.py--> get_element 20: INFO ----->定位方式:id--->定位值:btnSearch
2019-06-28 16:13:59,174 find_element.py--> get_element 20: INFO ----->定位方式:xpath--->定位值://*[@id="orders"]/tbody/tr[1]/td[1]
2019-06-28 16:13:59,924 find_element.py--> get_element 20: INFO ----->定位方式:id--->定位值:btn_xiaoshoujiesuan
2019-06-28 16:14:01,299 find_element.py--> get_element 20: INFO ----->定位方式:xpath--->定位值://*[@id="amtDetail"]/div/div[3]/div/button[1]
2019-06-28 16:14:02,510 find_element.py--> get_element 20: INFO ----->定位方式:xpath--->定位值://*[@id="receiptModel"]/div/div/div[2]/button
2019-06-28 16:14:03,661 find_element.py--> get_element 20: INFO ----->定位方式:id--->定位值:deliveryClose
2019-06-28 16:14:05,075 find_element.py--> get_element 20: INFO ----->定位方式:name--->定位值:customerPhoneNo
2019-06-28 16:14:05,346 find_element.py--> get_element 20: INFO ----->定位方式:id--->定位值:btnSearch
2019-06-28 16:14:06,469 find_element.py--> get_element 20: INFO ----->定位方式:xpath--->定位值://*[@id="orders"]/tbody/tr[1]/td[1]
2019-06-28 16:14:06,592 find_element.py--> get_element 20: INFO ----->定位方式:id--->定位值:btn_shengchenghetong
2019-06-28 16:14:07,803 find_element.py--> get_element 20: INFO ----->定位方式:id--->定位值:hsSignBody
2019-06-28 16:14:08,005 find_element.py--> get_element 20: INFO ----->定位方式:xpath--->定位值://*[@id="hsSignBody"]/option[2]
2019-06-28 16:14:08,065 find_element.py--> get_element 20: INFO ----->定位方式:id--->定位值:makeContract
2019-06-28 16:14:08,186 find_element.py--> get_element 20: INFO ----->定位方式:id--->定位值:deliveryClose
2019-06-28 16:14:09,413 find_element.py--> get_element 20: INFO ----->定位方式:name--->定位值:customerPhoneNo
2019-06-28 16:14:09,709 find_element.py--> get_element 20: INFO ----->定位方式:id--->定位值:btnSearch
2019-06-28 16:14:10,846 find_element.py--> get_element 20: INFO ----->定位方式:xpath--->定位值://*[@id="orders"]/tbody/tr[1]/td[1]
2019-06-28 16:14:10,980 find_element.py--> get_element 20: INFO ----->定位方式:id--->定位值:btn_shangchuanhetong
2019-06-28 16:25:15,143 login_handle.py--> send_username 20: INFO ----->输入用户名是：ccadmin
2019-06-28 16:25:15,145 find_element.py--> get_element 20: INFO ----->定位方式:id--->定位值:loginId
2019-06-28 16:25:15,239 login_handle.py--> send_password 20: INFO ----->输入密码是：123qwe
2019-06-28 16:25:15,242 find_element.py--> get_element 20: INFO ----->定位方式:id--->定位值:password
2019-06-28 16:25:15,323 find_element.py--> get_element 20: INFO ----->定位方式:className--->定位值:login-submit
2019-06-28 16:25:16,974 find_element.py--> get_element 20: INFO ----->定位方式:id--->定位值:910000
2019-06-28 16:25:18,060 find_element.py--> get_element 20: INFO ----->定位方式:id--->定位值:15000000
2019-06-28 16:25:19,151 find_element.py--> get_element 20: INFO ----->定位方式:xpath--->定位值://*[@id="15080000"]
2019-06-28 16:25:19,246 find_element.py--> get_element 20: INFO ----->定位方式:id--->定位值:15080100
2019-06-28 16:25:21,616 find_element.py--> get_element 20: INFO ----->定位方式:xpath--->定位值://*[@id="btn_xinzeng"]
2019-06-28 16:25:23,135 order_info_handle.py--> send_userinfo 20: INFO ----->输入的手机号：18631881947
2019-06-28 16:25:23,138 find_element.py--> get_element 20: INFO ----->定位方式:id--->定位值:phoneNo
2019-06-28 16:25:24,896 find_element.py--> get_element 20: INFO ----->定位方式:id--->定位值:queryMobile
2019-06-28 16:25:26,070 find_element.py--> get_element 20: INFO ----->定位方式:xpath--->定位值://*[@id="customerBase"]/div/div[1]/div[3]/div/div/button/span[1]
2019-06-28 16:25:26,230 find_element.py--> get_element 20: INFO ----->定位方式:xpath--->定位值://*[@id="customerBase"]/div/div[1]/div[3]/div/div/div/ul/li[2]/a/span[1]
2019-06-28 16:25:27,416 find_element.py--> get_element 20: INFO ----->定位方式:xpath--->定位值://*[@id="vehicleModel"]/div/div[1]/div[1]/div/div/button/span[1]
2019-06-28 16:25:27,613 find_element.py--> get_element 20: INFO ----->定位方式:xpath--->定位值://*[@id="vehicleModel"]/div/div[1]/div[1]/div/div/div/ul/li[3]/a/span[1]
2019-06-28 16:25:27,827 find_element.py--> get_element 20: INFO ----->定位方式:id--->定位值:purchaseAmount
2019-06-28 16:25:27,927 find_element.py--> get_element 20: INFO ----->定位方式:xpath--->定位值://*[@id="vehicleModel"]/div/div[1]/div[3]/div/div/button/span[1]
2019-06-28 16:25:28,239 find_element.py--> get_element 20: INFO ----->定位方式:xpath--->定位值://*[@id="vehicleModel"]/div/div[1]/div[3]/div/div/div/ul/li[121]/a
2019-06-28 16:25:28,427 find_element.py--> get_element 20: INFO ----->定位方式:xpath--->定位值://*[@id="vehicleModel"]/div/div[2]/div[1]/div/div/button/span[1]
2019-06-28 16:25:28,832 find_element.py--> get_element 20: INFO ----->定位方式:xpath--->定位值://*[@id="vehicleModel"]/div/div[2]/div[1]/div/div/div/ul/li[27]/a
2019-06-28 16:25:29,052 find_element.py--> get_element 20: INFO ----->定位方式:xpath--->定位值://*[@id="vehicleModel"]/div/div[2]/div[2]/div/div/button/span[1]
2019-06-28 16:25:29,457 find_element.py--> get_element 20: INFO ----->定位方式:xpath--->定位值://*[@id="vehicleModel"]/div/div[2]/div[2]/div/div/div/ul/li[2]/a/span[1]
2019-06-28 16:25:29,683 find_element.py--> get_element 20: INFO ----->定位方式:xpath--->定位值://*[@id="vehicleModel"]/div/div[1]/div[4]/div/div/button/span[1]
2019-06-28 16:25:29,861 find_element.py--> get_element 20: INFO ----->定位方式:xpath--->定位值://*[@id="vehicleModel"]/div/div[1]/div[4]/div/div/div/ul/li[2]/a
2019-06-28 16:25:30,105 find_element.py--> get_element 20: INFO ----->定位方式:id--->定位值:guidePrice
2019-06-28 16:25:30,191 find_element.py--> get_element 20: INFO ----->定位方式:id--->定位值:guidePrice
2019-06-28 16:25:30,588 find_element.py--> get_element 20: INFO ----->定位方式:id--->定位值:salePrice
2019-06-28 16:25:31,178 order_info_business.py--> car_price 20: INFO ----->定金金额：3500
2019-06-28 16:25:31,182 find_element.py--> get_element 20: INFO ----->定位方式:id--->定位值:preLicenseProvince
2019-06-28 16:25:31,501 find_element.py--> get_element 20: INFO ----->定位方式:xpath--->定位值://*[@id="preLicenseProvince"]/option[20]
2019-06-28 16:25:31,648 find_element.py--> get_element 20: INFO ----->定位方式:id--->定位值:preLicenseCity
2019-06-28 16:25:31,858 find_element.py--> get_element 20: INFO ----->定位方式:xpath--->定位值://*[@id="preLicenseCity"]/option[2]
2019-06-28 16:25:31,988 find_element.py--> get_element 20: INFO ----->定位方式:id--->定位值:preLicenseSotre
2019-06-28 16:25:32,257 find_element.py--> get_element 20: INFO ----->定位方式:xpath--->定位值://*[@id="preLicenseSotre"]/option[2]
2019-06-28 16:25:32,357 find_element.py--> get_element 20: INFO ----->定位方式:id--->定位值:channelTypeGH
2019-06-28 16:25:32,574 find_element.py--> get_element 20: INFO ----->定位方式:id--->定位值:realNameSystemNNull
2019-06-28 16:25:32,749 find_element.py--> get_element 20: INFO ----->定位方式:id--->定位值:shopInsuranceNNull
2019-06-28 16:25:32,861 find_element.py--> get_element 20: INFO ----->定位方式:id--->定位值:firstYearVehicleAndVesselTax
2019-06-28 16:25:32,976 find_element.py--> get_element 20: INFO ----->定位方式:id--->定位值:firstYearSali
2019-06-28 16:25:33,109 find_element.py--> get_element 20: INFO ----->定位方式:id--->定位值:firstCommercialTheft
2019-06-28 16:25:33,247 find_element.py--> get_element 20: INFO ----->定位方式:id--->定位值:advancePremiumAmt
2019-06-28 16:25:33,314 find_element.py--> get_element 20: INFO ----->定位方式:id--->定位值:termCount
2019-06-28 16:25:33,506 find_element.py--> get_element 20: INFO ----->定位方式:id--->定位值:monthlyRent
2019-06-28 16:25:33,746 find_element.py--> get_element 20: INFO ----->定位方式:id--->定位值:cusInterestRates
2019-06-28 16:25:33,865 find_element.py--> get_element 20: INFO ----->定位方式:id--->定位值:purchaseTax
2019-06-28 16:25:34,055 find_element.py--> get_element 20: INFO ----->定位方式:id--->定位值:gpsFee
2019-06-28 16:25:34,272 find_element.py--> get_element 20: INFO ----->定位方式:id--->定位值:accountMaintenanceFee
2019-06-28 16:25:34,536 find_element.py--> get_element 20: INFO ----->定位方式:id--->定位值:yxDownPaymentAmt
2019-06-28 16:25:34,793 find_element.py--> get_element 20: INFO ----->定位方式:id--->定位值:yxRiskFinancingAmt
2019-06-28 16:25:35,031 find_element.py--> get_element 20: INFO ----->定位方式:id--->定位值:yxRiskControlFinancingAmt
2019-06-28 16:25:35,247 find_element.py--> get_element 20: INFO ----->定位方式:id--->定位值:hsServiceFee
2019-06-28 16:25:35,449 find_element.py--> get_element 20: INFO ----->定位方式:id--->定位值:licenseFee
2019-06-28 16:25:35,659 find_element.py--> get_element 20: INFO ----->定位方式:id--->定位值:mortgageFee
2019-06-28 16:25:35,880 find_element.py--> get_element 20: INFO ----->定位方式:id--->定位值:totalDownPaymentOtherAmt
2019-06-28 16:25:36,016 find_element.py--> get_element 20: INFO ----->定位方式:id--->定位值:remarkId
2019-06-28 16:25:36,547 find_element.py--> get_element 20: INFO ----->定位方式:xpath--->定位值://*[@id="fanancingInfoHs"]/div/div[2]/div[1]/div/div/button/span[1]
2019-06-28 16:25:36,681 find_element.py--> get_element 20: INFO ----->定位方式:xpath--->定位值://*[@id="fanancingInfoHs"]/div/div[2]/div[1]/div/div/div/ul/li[3]/a/span[1]
2019-06-28 16:25:36,864 find_element.py--> get_element 20: INFO ----->定位方式:id--->定位值:yxOrderNo
2019-06-28 16:25:37,405 find_element.py--> get_element 20: INFO ----->定位方式:xpath--->定位值://*[@id="yxAuditFile"]/div/table/tbody/tr[1]/td[3]/input
2019-06-28 16:25:38,591 find_element.py--> get_element 20: INFO ----->定位方式:xpath--->定位值://*[@id="yx-upload-check"]
2019-06-28 16:25:41,192 find_element.py--> get_element 20: INFO ----->定位方式:xpath--->定位值://*[@id="yx-upload-sub"]
2019-06-28 16:25:41,479 find_element.py--> get_element 20: INFO ----->定位方式:xpath--->定位值://*[@id="cusUpdateModal"]/div/div/div[3]/button
2019-06-28 16:25:42,688 find_element.py--> get_element 20: INFO ----->定位方式:xpath--->定位值://*[@id="yxAuditFile"]/div/table/tbody/tr[2]/td[3]/input
2019-06-28 16:25:43,868 find_element.py--> get_element 20: INFO ----->定位方式:xpath--->定位值://*[@id="yx-upload-check"]
2019-06-28 16:25:47,229 find_element.py--> get_element 20: INFO ----->定位方式:xpath--->定位值://*[@id="yx-upload-check"]
2019-06-28 16:25:49,531 find_element.py--> get_element 20: INFO ----->定位方式:xpath--->定位值://*[@id="yx-upload-sub"]
2019-06-28 16:25:49,800 find_element.py--> get_element 20: INFO ----->定位方式:xpath--->定位值://*[@id="cusUpdateModal"]/div/div/div[3]/button
2019-06-28 16:25:50,956 find_element.py--> get_element 20: INFO ----->定位方式:id--->定位值:basicTempSave
2019-06-28 16:25:53,151 find_element.py--> get_element 20: INFO ----->定位方式:id--->定位值:basicModalBtnNegative
2019-06-28 16:25:54,292 find_element.py--> get_element 20: INFO ----->定位方式:id--->定位值:basicSubmit
2019-06-28 16:25:56,495 find_element.py--> get_element 20: INFO ----->定位方式:id--->定位值:basicModalBtnNegative
2019-06-28 16:25:57,775 find_element.py--> get_element 20: INFO ----->定位方式:name--->定位值:customerPhoneNo
2019-06-28 16:25:58,045 find_element.py--> get_element 20: INFO ----->定位方式:id--->定位值:btnSearch
2019-06-28 16:25:59,465 find_element.py--> get_element 20: INFO ----->定位方式:xpath--->定位值://*[@id="orders"]/tbody/tr[1]/td[1]
2019-06-28 16:25:59,608 find_element.py--> get_element 20: INFO ----->定位方式:id--->定位值:btn_shenhedingdan
2019-06-28 16:26:04,190 find_element.py--> get_element 20: INFO ----->定位方式:id--->定位值:basicSubmit
2019-06-28 16:26:05,395 find_element.py--> get_element 20: INFO ----->定位方式:id--->定位值:basicModalBtnNegative
2019-06-28 16:26:06,736 find_element.py--> get_element 20: INFO ----->定位方式:name--->定位值:customerPhoneNo
2019-06-28 16:26:06,992 find_element.py--> get_element 20: INFO ----->定位方式:id--->定位值:btnSearch
2019-06-28 16:26:08,138 find_element.py--> get_element 20: INFO ----->定位方式:xpath--->定位值://*[@id="orders"]/tbody/tr[1]/td[1]
2019-06-28 16:26:08,968 find_element.py--> get_element 20: INFO ----->定位方式:id--->定位值:btn_xiaoshoujiesuan
2019-06-28 16:26:10,239 find_element.py--> get_element 20: INFO ----->定位方式:xpath--->定位值://*[@id="amtDetail"]/div/div[3]/div/button[1]
2019-06-28 16:26:11,416 find_element.py--> get_element 20: INFO ----->定位方式:xpath--->定位值://*[@id="receiptModel"]/div/div/div[2]/button
2019-06-28 16:26:12,604 find_element.py--> get_element 20: INFO ----->定位方式:id--->定位值:deliveryClose
2019-06-28 16:26:13,915 find_element.py--> get_element 20: INFO ----->定位方式:name--->定位值:customerPhoneNo
2019-06-28 16:26:14,114 find_element.py--> get_element 20: INFO ----->定位方式:id--->定位值:btnSearch
2019-06-28 16:26:15,249 find_element.py--> get_element 20: INFO ----->定位方式:xpath--->定位值://*[@id="orders"]/tbody/tr[1]/td[1]
2019-06-28 16:26:15,364 find_element.py--> get_element 20: INFO ----->定位方式:id--->定位值:btn_shengchenghetong
2019-06-28 16:26:16,730 find_element.py--> get_element 20: INFO ----->定位方式:id--->定位值:hsSignBody
2019-06-28 16:26:16,915 find_element.py--> get_element 20: INFO ----->定位方式:xpath--->定位值://*[@id="hsSignBody"]/option[2]
2019-06-28 16:26:16,978 find_element.py--> get_element 20: INFO ----->定位方式:id--->定位值:makeContract
2019-06-28 16:26:17,105 find_element.py--> get_element 20: INFO ----->定位方式:id--->定位值:deliveryClose
2019-06-28 16:26:18,264 find_element.py--> get_element 20: INFO ----->定位方式:name--->定位值:customerPhoneNo
2019-06-28 16:26:18,492 find_element.py--> get_element 20: INFO ----->定位方式:id--->定位值:btnSearch
2019-06-28 16:26:19,628 find_element.py--> get_element 20: INFO ----->定位方式:xpath--->定位值://*[@id="orders"]/tbody/tr[1]/td[1]
2019-06-28 16:26:19,752 find_element.py--> get_element 20: INFO ----->定位方式:id--->定位值:btn_shangchuanhetong
2019-06-28 16:26:21,064 find_element.py--> get_element 20: INFO ----->定位方式:xpath--->定位值://*[@id="file"]/div/table/tbody/tr[1]/td[3]/input
2019-06-28 16:26:22,251 find_element.py--> get_element 20: INFO ----->定位方式:id--->定位值:yx-upload-check
2019-06-28 16:26:25,601 find_element.py--> get_element 20: INFO ----->定位方式:id--->定位值:yx-upload-sub
2019-06-28 16:26:25,720 find_element.py--> get_element 20: INFO ----->定位方式:xpath--->定位值://*[@id="cusUpdateModal"]/div/div/div[3]/button
2019-06-28 16:26:26,841 find_element.py--> get_element 20: INFO ----->定位方式:xpath--->定位值://*[@id="file"]/div/table/tbody/tr[2]/td[3]/input
2019-06-28 16:26:27,982 find_element.py--> get_element 20: INFO ----->定位方式:id--->定位值:yx-upload-check
2019-06-28 16:26:31,354 find_element.py--> get_element 20: INFO ----->定位方式:id--->定位值:yx-upload-sub
2019-06-28 16:26:31,458 find_element.py--> get_element 20: INFO ----->定位方式:xpath--->定位值://*[@id="cusUpdateModal"]/div/div/div[3]/button
2019-06-28 16:26:32,597 find_element.py--> get_element 20: INFO ----->定位方式:id--->定位值:yxHsContractApply
2019-06-28 16:26:33,755 find_element.py--> get_element 20: INFO ----->定位方式:id--->定位值:basicModalBtnNegative
2019-06-28 16:26:35,144 find_element.py--> get_element 20: INFO ----->定位方式:name--->定位值:customerPhoneNo
2019-06-28 16:26:36,101 find_element.py--> get_element 20: INFO ----->定位方式:id--->定位值:btnSearch
2019-06-28 16:26:37,451 find_element.py--> get_element 20: INFO ----->定位方式:xpath--->定位值://*[@id="orders"]/tbody/tr[1]/td[1]
2019-06-28 16:26:37,591 find_element.py--> get_element 20: INFO ----->定位方式:id--->定位值:btn_shenhehetong
2019-06-28 16:27:10,577 login_handle.py--> send_username 20: INFO ----->输入用户名是：ccadmin
2019-06-28 16:27:10,580 find_element.py--> get_element 20: INFO ----->定位方式:id--->定位值:loginId
2019-06-28 16:27:10,700 login_handle.py--> send_password 20: INFO ----->输入密码是：123qwe
2019-06-28 16:27:10,703 find_element.py--> get_element 20: INFO ----->定位方式:id--->定位值:password
2019-06-28 16:27:10,798 find_element.py--> get_element 20: INFO ----->定位方式:className--->定位值:login-submit
2019-06-28 16:27:12,413 find_element.py--> get_element 20: INFO ----->定位方式:id--->定位值:910000
2019-06-28 16:27:13,514 find_element.py--> get_element 20: INFO ----->定位方式:id--->定位值:15000000
2019-06-28 16:27:14,644 find_element.py--> get_element 20: INFO ----->定位方式:xpath--->定位值://*[@id="15080000"]
2019-06-28 16:27:14,717 find_element.py--> get_element 20: INFO ----->定位方式:id--->定位值:15080100
2019-06-28 16:27:17,196 find_element.py--> get_element 20: INFO ----->定位方式:xpath--->定位值://*[@id="btn_xinzeng"]
2019-06-28 16:27:18,541 order_info_handle.py--> send_userinfo 20: INFO ----->输入的手机号：18668484230
2019-06-28 16:27:18,543 find_element.py--> get_element 20: INFO ----->定位方式:id--->定位值:phoneNo
2019-06-28 16:27:20,201 find_element.py--> get_element 20: INFO ----->定位方式:id--->定位值:queryMobile
2019-06-28 16:27:21,367 find_element.py--> get_element 20: INFO ----->定位方式:xpath--->定位值://*[@id="customerBase"]/div/div[1]/div[3]/div/div/button/span[1]
2019-06-28 16:27:21,568 find_element.py--> get_element 20: INFO ----->定位方式:xpath--->定位值://*[@id="customerBase"]/div/div[1]/div[3]/div/div/div/ul/li[2]/a/span[1]
2019-06-28 16:27:22,781 find_element.py--> get_element 20: INFO ----->定位方式:xpath--->定位值://*[@id="vehicleModel"]/div/div[1]/div[1]/div/div/button/span[1]
2019-06-28 16:27:22,979 find_element.py--> get_element 20: INFO ----->定位方式:xpath--->定位值://*[@id="vehicleModel"]/div/div[1]/div[1]/div/div/div/ul/li[3]/a/span[1]
2019-06-28 16:27:23,271 find_element.py--> get_element 20: INFO ----->定位方式:id--->定位值:purchaseAmount
2019-06-28 16:27:23,374 find_element.py--> get_element 20: INFO ----->定位方式:xpath--->定位值://*[@id="vehicleModel"]/div/div[1]/div[3]/div/div/button/span[1]
2019-06-28 16:27:23,719 find_element.py--> get_element 20: INFO ----->定位方式:xpath--->定位值://*[@id="vehicleModel"]/div/div[1]/div[3]/div/div/div/ul/li[121]/a
2019-06-28 16:27:23,928 find_element.py--> get_element 20: INFO ----->定位方式:xpath--->定位值://*[@id="vehicleModel"]/div/div[2]/div[1]/div/div/button/span[1]
2019-06-28 16:27:24,162 find_element.py--> get_element 20: INFO ----->定位方式:xpath--->定位值://*[@id="vehicleModel"]/div/div[2]/div[1]/div/div/div/ul/li[27]/a
2019-06-28 16:27:24,351 find_element.py--> get_element 20: INFO ----->定位方式:xpath--->定位值://*[@id="vehicleModel"]/div/div[2]/div[2]/div/div/button/span[1]
2019-06-28 16:27:24,584 find_element.py--> get_element 20: INFO ----->定位方式:xpath--->定位值://*[@id="vehicleModel"]/div/div[2]/div[2]/div/div/div/ul/li[2]/a/span[1]
2019-06-28 16:27:24,800 find_element.py--> get_element 20: INFO ----->定位方式:xpath--->定位值://*[@id="vehicleModel"]/div/div[1]/div[4]/div/div/button/span[1]
2019-06-28 16:27:24,938 find_element.py--> get_element 20: INFO ----->定位方式:xpath--->定位值://*[@id="vehicleModel"]/div/div[1]/div[4]/div/div/div/ul/li[2]/a
2019-06-28 16:27:25,117 find_element.py--> get_element 20: INFO ----->定位方式:id--->定位值:guidePrice
2019-06-28 16:27:25,175 find_element.py--> get_element 20: INFO ----->定位方式:id--->定位值:guidePrice
2019-06-28 16:27:25,440 find_element.py--> get_element 20: INFO ----->定位方式:id--->定位值:salePrice
2019-06-28 16:27:25,880 order_info_business.py--> car_price 20: INFO ----->定金金额：3500
2019-06-28 16:27:25,883 find_element.py--> get_element 20: INFO ----->定位方式:id--->定位值:preLicenseProvince
2019-06-28 16:27:26,099 find_element.py--> get_element 20: INFO ----->定位方式:xpath--->定位值://*[@id="preLicenseProvince"]/option[20]
2019-06-28 16:27:26,200 find_element.py--> get_element 20: INFO ----->定位方式:id--->定位值:preLicenseCity
2019-06-28 16:27:26,370 find_element.py--> get_element 20: INFO ----->定位方式:xpath--->定位值://*[@id="preLicenseCity"]/option[2]
2019-06-28 16:27:26,461 find_element.py--> get_element 20: INFO ----->定位方式:id--->定位值:preLicenseSotre
2019-06-28 16:27:26,641 find_element.py--> get_element 20: INFO ----->定位方式:xpath--->定位值://*[@id="preLicenseSotre"]/option[2]
2019-06-28 16:27:26,739 find_element.py--> get_element 20: INFO ----->定位方式:id--->定位值:channelTypeGH
2019-06-28 16:27:26,925 find_element.py--> get_element 20: INFO ----->定位方式:id--->定位值:realNameSystemNNull
2019-06-28 16:27:27,108 find_element.py--> get_element 20: INFO ----->定位方式:id--->定位值:shopInsuranceNNull
2019-06-28 16:27:27,207 find_element.py--> get_element 20: INFO ----->定位方式:id--->定位值:firstYearVehicleAndVesselTax
2019-06-28 16:27:27,323 find_element.py--> get_element 20: INFO ----->定位方式:id--->定位值:firstYearSali
2019-06-28 16:27:27,446 find_element.py--> get_element 20: INFO ----->定位方式:id--->定位值:firstCommercialTheft
2019-06-28 16:27:27,573 find_element.py--> get_element 20: INFO ----->定位方式:id--->定位值:advancePremiumAmt
2019-06-28 16:27:27,642 find_element.py--> get_element 20: INFO ----->定位方式:id--->定位值:termCount
2019-06-28 16:27:27,871 find_element.py--> get_element 20: INFO ----->定位方式:id--->定位值:monthlyRent
2019-06-28 16:27:28,115 find_element.py--> get_element 20: INFO ----->定位方式:id--->定位值:cusInterestRates
2019-06-28 16:27:28,244 find_element.py--> get_element 20: INFO ----->定位方式:id--->定位值:purchaseTax
2019-06-28 16:27:28,425 find_element.py--> get_element 20: INFO ----->定位方式:id--->定位值:gpsFee
2019-06-28 16:27:28,606 find_element.py--> get_element 20: INFO ----->定位方式:id--->定位值:accountMaintenanceFee
2019-06-28 16:27:28,883 find_element.py--> get_element 20: INFO ----->定位方式:id--->定位值:yxDownPaymentAmt
2019-06-28 16:27:29,137 find_element.py--> get_element 20: INFO ----->定位方式:id--->定位值:yxRiskFinancingAmt
2019-06-28 16:27:29,351 find_element.py--> get_element 20: INFO ----->定位方式:id--->定位值:yxRiskControlFinancingAmt
2019-06-28 16:27:29,568 find_element.py--> get_element 20: INFO ----->定位方式:id--->定位值:hsServiceFee
2019-06-28 16:27:29,781 find_element.py--> get_element 20: INFO ----->定位方式:id--->定位值:licenseFee
2019-06-28 16:27:29,998 find_element.py--> get_element 20: INFO ----->定位方式:id--->定位值:mortgageFee
2019-06-28 16:27:30,177 find_element.py--> get_element 20: INFO ----->定位方式:id--->定位值:totalDownPaymentOtherAmt
2019-06-28 16:27:30,296 find_element.py--> get_element 20: INFO ----->定位方式:id--->定位值:remarkId
2019-06-28 16:27:30,789 find_element.py--> get_element 20: INFO ----->定位方式:xpath--->定位值://*[@id="fanancingInfoHs"]/div/div[2]/div[1]/div/div/button/span[1]
2019-06-28 16:27:30,930 find_element.py--> get_element 20: INFO ----->定位方式:xpath--->定位值://*[@id="fanancingInfoHs"]/div/div[2]/div[1]/div/div/div/ul/li[3]/a/span[1]
2019-06-28 16:27:31,111 find_element.py--> get_element 20: INFO ----->定位方式:id--->定位值:yxOrderNo
2019-06-28 16:27:31,599 find_element.py--> get_element 20: INFO ----->定位方式:xpath--->定位值://*[@id="yxAuditFile"]/div/table/tbody/tr[1]/td[3]/input
2019-06-28 16:27:32,776 find_element.py--> get_element 20: INFO ----->定位方式:xpath--->定位值://*[@id="yx-upload-check"]
2019-06-28 16:27:35,235 find_element.py--> get_element 20: INFO ----->定位方式:xpath--->定位值://*[@id="yx-upload-sub"]
2019-06-28 16:27:35,492 find_element.py--> get_element 20: INFO ----->定位方式:xpath--->定位值://*[@id="cusUpdateModal"]/div/div/div[3]/button
2019-06-28 16:27:36,660 find_element.py--> get_element 20: INFO ----->定位方式:xpath--->定位值://*[@id="yxAuditFile"]/div/table/tbody/tr[2]/td[3]/input
2019-06-28 16:27:37,852 find_element.py--> get_element 20: INFO ----->定位方式:xpath--->定位值://*[@id="yx-upload-check"]
2019-06-28 16:27:41,381 find_element.py--> get_element 20: INFO ----->定位方式:xpath--->定位值://*[@id="yx-upload-check"]
2019-06-28 16:27:44,006 find_element.py--> get_element 20: INFO ----->定位方式:xpath--->定位值://*[@id="yx-upload-sub"]
2019-06-28 16:27:44,239 find_element.py--> get_element 20: INFO ----->定位方式:xpath--->定位值://*[@id="cusUpdateModal"]/div/div/div[3]/button
2019-06-28 16:27:45,386 find_element.py--> get_element 20: INFO ----->定位方式:id--->定位值:basicTempSave
2019-06-28 16:27:47,110 find_element.py--> get_element 20: INFO ----->定位方式:id--->定位值:basicModalBtnNegative
2019-06-28 16:27:48,299 find_element.py--> get_element 20: INFO ----->定位方式:id--->定位值:basicSubmit
2019-06-28 16:27:50,299 find_element.py--> get_element 20: INFO ----->定位方式:id--->定位值:basicModalBtnNegative
2019-06-28 16:27:51,567 find_element.py--> get_element 20: INFO ----->定位方式:name--->定位值:customerPhoneNo
2019-06-28 16:27:51,868 find_element.py--> get_element 20: INFO ----->定位方式:id--->定位值:btnSearch
2019-06-28 16:27:53,387 find_element.py--> get_element 20: INFO ----->定位方式:xpath--->定位值://*[@id="orders"]/tbody/tr[1]/td[1]
2019-06-28 16:27:53,512 find_element.py--> get_element 20: INFO ----->定位方式:id--->定位值:btn_shenhedingdan
2019-06-28 16:27:58,044 find_element.py--> get_element 20: INFO ----->定位方式:id--->定位值:basicSubmit
2019-06-28 16:27:59,277 find_element.py--> get_element 20: INFO ----->定位方式:id--->定位值:basicModalBtnNegative
2019-06-28 16:28:00,574 find_element.py--> get_element 20: INFO ----->定位方式:name--->定位值:customerPhoneNo
2019-06-28 16:28:00,781 find_element.py--> get_element 20: INFO ----->定位方式:id--->定位值:btnSearch
2019-06-28 16:28:01,922 find_element.py--> get_element 20: INFO ----->定位方式:xpath--->定位值://*[@id="orders"]/tbody/tr[1]/td[1]
2019-06-28 16:28:02,677 find_element.py--> get_element 20: INFO ----->定位方式:id--->定位值:btn_xiaoshoujiesuan
2019-06-28 16:28:03,868 find_element.py--> get_element 20: INFO ----->定位方式:xpath--->定位值://*[@id="amtDetail"]/div/div[3]/div/button[1]
2019-06-28 16:28:05,056 find_element.py--> get_element 20: INFO ----->定位方式:xpath--->定位值://*[@id="receiptModel"]/div/div/div[2]/button
2019-06-28 16:28:06,168 find_element.py--> get_element 20: INFO ----->定位方式:id--->定位值:deliveryClose
2019-06-28 16:28:07,364 find_element.py--> get_element 20: INFO ----->定位方式:name--->定位值:customerPhoneNo
2019-06-28 16:28:07,578 find_element.py--> get_element 20: INFO ----->定位方式:id--->定位值:btnSearch
2019-06-28 16:28:08,985 find_element.py--> get_element 20: INFO ----->定位方式:xpath--->定位值://*[@id="orders"]/tbody/tr[1]/td[1]
2019-06-28 16:28:09,149 find_element.py--> get_element 20: INFO ----->定位方式:id--->定位值:btn_shengchenghetong
2019-06-28 16:28:10,449 find_element.py--> get_element 20: INFO ----->定位方式:id--->定位值:hsSignBody
2019-06-28 16:28:10,623 find_element.py--> get_element 20: INFO ----->定位方式:xpath--->定位值://*[@id="hsSignBody"]/option[2]
2019-06-28 16:28:10,701 find_element.py--> get_element 20: INFO ----->定位方式:id--->定位值:makeContract
2019-06-28 16:28:10,824 find_element.py--> get_element 20: INFO ----->定位方式:id--->定位值:deliveryClose
2019-06-28 16:28:11,962 find_element.py--> get_element 20: INFO ----->定位方式:name--->定位值:customerPhoneNo
2019-06-28 16:28:12,201 find_element.py--> get_element 20: INFO ----->定位方式:id--->定位值:btnSearch
2019-06-28 16:28:13,602 find_element.py--> get_element 20: INFO ----->定位方式:xpath--->定位值://*[@id="orders"]/tbody/tr[1]/td[1]
2019-06-28 16:28:13,699 find_element.py--> get_element 20: INFO ----->定位方式:id--->定位值:btn_shangchuanhetong
2019-06-28 16:28:14,825 find_element.py--> get_element 20: INFO ----->定位方式:xpath--->定位值://*[@id="file"]/div/table/tbody/tr[1]/td[3]/input
2019-06-28 16:28:16,013 find_element.py--> get_element 20: INFO ----->定位方式:id--->定位值:yx-upload-check
2019-06-28 16:28:19,439 find_element.py--> get_element 20: INFO ----->定位方式:id--->定位值:yx-upload-sub
2019-06-28 16:28:19,580 find_element.py--> get_element 20: INFO ----->定位方式:xpath--->定位值://*[@id="cusUpdateModal"]/div/div/div[3]/button
2019-06-28 16:28:20,715 find_element.py--> get_element 20: INFO ----->定位方式:xpath--->定位值://*[@id="file"]/div/table/tbody/tr[2]/td[3]/input
2019-06-28 16:28:21,840 find_element.py--> get_element 20: INFO ----->定位方式:id--->定位值:yx-upload-check
2019-06-28 16:28:25,341 find_element.py--> get_element 20: INFO ----->定位方式:id--->定位值:yx-upload-sub
2019-06-28 16:28:25,432 find_element.py--> get_element 20: INFO ----->定位方式:xpath--->定位值://*[@id="cusUpdateModal"]/div/div/div[3]/button
2019-06-28 16:28:26,541 find_element.py--> get_element 20: INFO ----->定位方式:id--->定位值:yxHsContractApply
2019-06-28 16:28:27,674 find_element.py--> get_element 20: INFO ----->定位方式:id--->定位值:basicModalBtnNegative
2019-06-28 16:28:28,966 find_element.py--> get_element 20: INFO ----->定位方式:name--->定位值:customerPhoneNo
2019-06-28 16:28:29,231 find_element.py--> get_element 20: INFO ----->定位方式:id--->定位值:btnSearch
2019-06-28 16:28:30,778 find_element.py--> get_element 20: INFO ----->定位方式:xpath--->定位值://*[@id="orders"]/tbody/tr[1]/td[1]
2019-06-28 16:28:30,901 find_element.py--> get_element 20: INFO ----->定位方式:id--->定位值:btn_shenhehetong
2019-06-28 16:54:08,076 login_handle.py--> send_username 20: INFO ----->输入用户名是：ccadmin
2019-06-28 16:54:08,079 find_element.py--> get_element 20: INFO ----->定位方式:id--->定位值:loginId
2019-06-28 16:54:08,226 login_handle.py--> send_password 20: INFO ----->输入密码是：123qwe
2019-06-28 16:54:08,229 find_element.py--> get_element 20: INFO ----->定位方式:id--->定位值:password
2019-06-28 16:54:08,376 find_element.py--> get_element 20: INFO ----->定位方式:className--->定位值:login-submit
2019-06-28 16:54:09,963 find_element.py--> get_element 20: INFO ----->定位方式:id--->定位值:910000
2019-06-28 16:54:11,057 find_element.py--> get_element 20: INFO ----->定位方式:id--->定位值:15000000
2019-06-28 16:54:12,159 find_element.py--> get_element 20: INFO ----->定位方式:xpath--->定位值://*[@id="15080000"]
2019-06-28 16:54:12,276 find_element.py--> get_element 20: INFO ----->定位方式:id--->定位值:15080100
2019-06-28 16:54:14,836 find_element.py--> get_element 20: INFO ----->定位方式:xpath--->定位值://*[@id="btn_xinzeng"]
2019-06-28 16:54:16,532 order_info_handle.py--> send_userinfo 20: INFO ----->输入的手机号：18661393723
2019-06-28 16:54:16,535 find_element.py--> get_element 20: INFO ----->定位方式:id--->定位值:phoneNo
2019-06-28 16:54:18,984 find_element.py--> get_element 20: INFO ----->定位方式:id--->定位值:queryMobile
2019-06-28 16:54:20,219 find_element.py--> get_element 20: INFO ----->定位方式:xpath--->定位值://*[@id="customerBase"]/div/div[1]/div[3]/div/div/button/span[1]
2019-06-28 16:54:20,412 find_element.py--> get_element 20: INFO ----->定位方式:xpath--->定位值://*[@id="customerBase"]/div/div[1]/div[3]/div/div/div/ul/li[2]/a/span[1]
2019-06-28 16:54:21,618 find_element.py--> get_element 20: INFO ----->定位方式:xpath--->定位值://*[@id="vehicleModel"]/div/div[1]/div[1]/div/div/button/span[1]
2019-06-28 16:54:21,749 find_element.py--> get_element 20: INFO ----->定位方式:xpath--->定位值://*[@id="vehicleModel"]/div/div[1]/div[1]/div/div/div/ul/li[3]/a/span[1]
2019-06-28 16:54:21,954 find_element.py--> get_element 20: INFO ----->定位方式:id--->定位值:purchaseAmount
2019-06-28 16:54:22,082 find_element.py--> get_element 20: INFO ----->定位方式:xpath--->定位值://*[@id="vehicleModel"]/div/div[1]/div[3]/div/div/button/span[1]
2019-06-28 16:54:22,367 find_element.py--> get_element 20: INFO ----->定位方式:xpath--->定位值://*[@id="vehicleModel"]/div/div[1]/div[3]/div/div/div/ul/li[121]/a
2019-06-28 16:54:22,568 find_element.py--> get_element 20: INFO ----->定位方式:xpath--->定位值://*[@id="vehicleModel"]/div/div[2]/div[1]/div/div/button/span[1]
2019-06-28 16:54:22,801 find_element.py--> get_element 20: INFO ----->定位方式:xpath--->定位值://*[@id="vehicleModel"]/div/div[2]/div[1]/div/div/div/ul/li[27]/a
2019-06-28 16:54:22,989 find_element.py--> get_element 20: INFO ----->定位方式:xpath--->定位值://*[@id="vehicleModel"]/div/div[2]/div[2]/div/div/button/span[1]
2019-06-28 16:54:23,264 find_element.py--> get_element 20: INFO ----->定位方式:xpath--->定位值://*[@id="vehicleModel"]/div/div[2]/div[2]/div/div/div/ul/li[2]/a/span[1]
2019-06-28 16:54:23,438 find_element.py--> get_element 20: INFO ----->定位方式:xpath--->定位值://*[@id="vehicleModel"]/div/div[1]/div[4]/div/div/button/span[1]
2019-06-28 16:54:23,612 find_element.py--> get_element 20: INFO ----->定位方式:xpath--->定位值://*[@id="vehicleModel"]/div/div[1]/div[4]/div/div/div/ul/li[2]/a
2019-06-28 16:54:23,796 find_element.py--> get_element 20: INFO ----->定位方式:id--->定位值:guidePrice
2019-06-28 16:54:23,855 find_element.py--> get_element 20: INFO ----->定位方式:id--->定位值:guidePrice
2019-06-28 16:54:24,167 find_element.py--> get_element 20: INFO ----->定位方式:id--->定位值:salePrice
2019-06-28 16:54:24,541 order_info_business.py--> car_price 20: INFO ----->定金金额：3500
2019-06-28 16:54:24,543 find_element.py--> get_element 20: INFO ----->定位方式:id--->定位值:preLicenseProvince
2019-06-28 16:54:24,724 find_element.py--> get_element 20: INFO ----->定位方式:xpath--->定位值://*[@id="preLicenseProvince"]/option[20]
2019-06-28 16:54:24,826 find_element.py--> get_element 20: INFO ----->定位方式:id--->定位值:preLicenseCity
2019-06-28 16:54:25,030 find_element.py--> get_element 20: INFO ----->定位方式:xpath--->定位值://*[@id="preLicenseCity"]/option[2]
2019-06-28 16:54:25,140 find_element.py--> get_element 20: INFO ----->定位方式:id--->定位值:preLicenseSotre
2019-06-28 16:54:25,331 find_element.py--> get_element 20: INFO ----->定位方式:xpath--->定位值://*[@id="preLicenseSotre"]/option[2]
2019-06-28 16:54:25,420 find_element.py--> get_element 20: INFO ----->定位方式:id--->定位值:channelTypeGH
2019-06-28 16:54:25,642 find_element.py--> get_element 20: INFO ----->定位方式:id--->定位值:realNameSystemNNull
2019-06-28 16:54:25,881 find_element.py--> get_element 20: INFO ----->定位方式:id--->定位值:shopInsuranceNNull
2019-06-28 16:54:26,000 find_element.py--> get_element 20: INFO ----->定位方式:id--->定位值:firstYearVehicleAndVesselTax
2019-06-28 16:54:26,138 find_element.py--> get_element 20: INFO ----->定位方式:id--->定位值:firstYearSali
2019-06-28 16:54:26,265 find_element.py--> get_element 20: INFO ----->定位方式:id--->定位值:firstCommercialTheft
2019-06-28 16:54:26,389 find_element.py--> get_element 20: INFO ----->定位方式:id--->定位值:advancePremiumAmt
2019-06-28 16:54:26,461 find_element.py--> get_element 20: INFO ----->定位方式:id--->定位值:termCount
2019-06-28 16:54:26,634 find_element.py--> get_element 20: INFO ----->定位方式:id--->定位值:monthlyRent
2019-06-28 16:54:26,880 find_element.py--> get_element 20: INFO ----->定位方式:id--->定位值:cusInterestRates
2019-06-28 16:54:27,006 find_element.py--> get_element 20: INFO ----->定位方式:id--->定位值:purchaseTax
2019-06-28 16:54:27,224 find_element.py--> get_element 20: INFO ----->定位方式:id--->定位值:gpsFee
2019-06-28 16:54:27,481 find_element.py--> get_element 20: INFO ----->定位方式:id--->定位值:accountMaintenanceFee
2019-06-28 16:54:27,752 find_element.py--> get_element 20: INFO ----->定位方式:id--->定位值:yxDownPaymentAmt
2019-06-28 16:54:28,059 find_element.py--> get_element 20: INFO ----->定位方式:id--->定位值:yxRiskFinancingAmt
2019-06-28 16:54:28,338 find_element.py--> get_element 20: INFO ----->定位方式:id--->定位值:yxRiskControlFinancingAmt
2019-06-28 16:54:28,574 find_element.py--> get_element 20: INFO ----->定位方式:id--->定位值:hsServiceFee
2019-06-28 16:54:28,897 find_element.py--> get_element 20: INFO ----->定位方式:id--->定位值:licenseFee
2019-06-28 16:54:29,236 find_element.py--> get_element 20: INFO ----->定位方式:id--->定位值:mortgageFee
2019-06-28 16:54:29,499 find_element.py--> get_element 20: INFO ----->定位方式:id--->定位值:totalDownPaymentOtherAmt
2019-06-28 16:54:29,643 find_element.py--> get_element 20: INFO ----->定位方式:id--->定位值:remarkId
2019-06-28 16:54:30,196 find_element.py--> get_element 20: INFO ----->定位方式:xpath--->定位值://*[@id="fanancingInfoHs"]/div/div[2]/div[1]/div/div/button/span[1]
2019-06-28 16:54:30,409 find_element.py--> get_element 20: INFO ----->定位方式:xpath--->定位值://*[@id="fanancingInfoHs"]/div/div[2]/div[1]/div/div/div/ul/li[3]/a/span[1]
2019-06-28 16:54:30,644 find_element.py--> get_element 20: INFO ----->定位方式:id--->定位值:yxOrderNo
2019-06-28 16:54:31,259 find_element.py--> get_element 20: INFO ----->定位方式:xpath--->定位值://*[@id="yxAuditFile"]/div/table/tbody/tr[1]/td[3]/input
2019-06-28 16:54:32,422 find_element.py--> get_element 20: INFO ----->定位方式:xpath--->定位值://*[@id="yx-upload-check"]
2019-06-28 16:54:35,219 find_element.py--> get_element 20: INFO ----->定位方式:xpath--->定位值://*[@id="yx-upload-sub"]
2019-06-28 16:54:35,368 find_element.py--> get_element 20: INFO ----->定位方式:xpath--->定位值://*[@id="cusUpdateModal"]/div/div/div[3]/button
2019-06-28 16:54:36,550 find_element.py--> get_element 20: INFO ----->定位方式:xpath--->定位值://*[@id="yxAuditFile"]/div/table/tbody/tr[2]/td[3]/input
2019-06-28 16:54:37,726 find_element.py--> get_element 20: INFO ----->定位方式:xpath--->定位值://*[@id="yx-upload-check"]
2019-06-28 16:54:41,076 find_element.py--> get_element 20: INFO ----->定位方式:xpath--->定位值://*[@id="yx-upload-check"]
2019-06-28 16:54:43,361 find_element.py--> get_element 20: INFO ----->定位方式:xpath--->定位值://*[@id="yx-upload-sub"]
2019-06-28 16:54:43,577 find_element.py--> get_element 20: INFO ----->定位方式:xpath--->定位值://*[@id="cusUpdateModal"]/div/div/div[3]/button
2019-06-28 16:54:44,850 find_element.py--> get_element 20: INFO ----->定位方式:id--->定位值:basicTempSave
2019-06-28 16:54:47,019 find_element.py--> get_element 20: INFO ----->定位方式:id--->定位值:basicModalBtnNegative
2019-06-28 16:54:48,236 find_element.py--> get_element 20: INFO ----->定位方式:id--->定位值:basicSubmit
2019-06-28 16:54:50,536 find_element.py--> get_element 20: INFO ----->定位方式:id--->定位值:basicModalBtnNegative
2019-06-28 16:54:51,929 find_element.py--> get_element 20: INFO ----->定位方式:name--->定位值:customerPhoneNo
2019-06-28 16:54:52,321 find_element.py--> get_element 20: INFO ----->定位方式:id--->定位值:btnSearch
2019-06-28 16:54:53,980 find_element.py--> get_element 20: INFO ----->定位方式:xpath--->定位值://*[@id="orders"]/tbody/tr[1]/td[1]
2019-06-28 16:54:54,111 find_element.py--> get_element 20: INFO ----->定位方式:id--->定位值:btn_shenhedingdan
2019-06-28 16:54:55,214 find_element.py--> get_element 20: INFO ----->定位方式:id--->定位值:basicSubmit
2019-06-28 16:54:55,225 find_element.py--> get_element 20: INFO ----->找不到定位元素
2019-06-28 16:55:10,373 login_handle.py--> send_username 20: INFO ----->输入用户名是：ccadmin
2019-06-28 16:55:10,375 find_element.py--> get_element 20: INFO ----->定位方式:id--->定位值:loginId
2019-06-28 16:55:10,461 login_handle.py--> send_password 20: INFO ----->输入密码是：123qwe
2019-06-28 16:55:10,464 find_element.py--> get_element 20: INFO ----->定位方式:id--->定位值:password
2019-06-28 16:55:10,535 find_element.py--> get_element 20: INFO ----->定位方式:className--->定位值:login-submit
2019-06-28 16:55:14,225 find_element.py--> get_element 20: INFO ----->定位方式:id--->定位值:910000
2019-06-28 16:55:15,315 find_element.py--> get_element 20: INFO ----->定位方式:id--->定位值:15000000
2019-06-28 16:55:16,419 find_element.py--> get_element 20: INFO ----->定位方式:xpath--->定位值://*[@id="15080000"]
2019-06-28 16:55:16,499 find_element.py--> get_element 20: INFO ----->定位方式:id--->定位值:15080100
2019-06-28 16:55:18,802 find_element.py--> get_element 20: INFO ----->定位方式:xpath--->定位值://*[@id="btn_xinzeng"]
2019-06-28 16:55:20,428 order_info_handle.py--> send_userinfo 20: INFO ----->输入的手机号：18638142968
2019-06-28 16:55:20,430 find_element.py--> get_element 20: INFO ----->定位方式:id--->定位值:phoneNo
2019-06-28 16:55:22,071 find_element.py--> get_element 20: INFO ----->定位方式:id--->定位值:queryMobile
2019-06-28 16:55:23,260 find_element.py--> get_element 20: INFO ----->定位方式:xpath--->定位值://*[@id="customerBase"]/div/div[1]/div[3]/div/div/button/span[1]
2019-06-28 16:55:23,474 find_element.py--> get_element 20: INFO ----->定位方式:xpath--->定位值://*[@id="customerBase"]/div/div[1]/div[3]/div/div/div/ul/li[2]/a/span[1]
2019-06-28 16:55:24,745 find_element.py--> get_element 20: INFO ----->定位方式:xpath--->定位值://*[@id="vehicleModel"]/div/div[1]/div[1]/div/div/button/span[1]
2019-06-28 16:55:24,895 find_element.py--> get_element 20: INFO ----->定位方式:xpath--->定位值://*[@id="vehicleModel"]/div/div[1]/div[1]/div/div/div/ul/li[3]/a/span[1]
2019-06-28 16:55:25,131 find_element.py--> get_element 20: INFO ----->定位方式:id--->定位值:purchaseAmount
2019-06-28 16:55:25,228 find_element.py--> get_element 20: INFO ----->定位方式:xpath--->定位值://*[@id="vehicleModel"]/div/div[1]/div[3]/div/div/button/span[1]
2019-06-28 16:55:25,538 find_element.py--> get_element 20: INFO ----->定位方式:xpath--->定位值://*[@id="vehicleModel"]/div/div[1]/div[3]/div/div/div/ul/li[121]/a
2019-06-28 16:55:25,742 find_element.py--> get_element 20: INFO ----->定位方式:xpath--->定位值://*[@id="vehicleModel"]/div/div[2]/div[1]/div/div/button/span[1]
2019-06-28 16:55:26,032 find_element.py--> get_element 20: INFO ----->定位方式:xpath--->定位值://*[@id="vehicleModel"]/div/div[2]/div[1]/div/div/div/ul/li[27]/a
2019-06-28 16:55:26,188 find_element.py--> get_element 20: INFO ----->定位方式:xpath--->定位值://*[@id="vehicleModel"]/div/div[2]/div[2]/div/div/button/span[1]
2019-06-28 16:55:26,436 find_element.py--> get_element 20: INFO ----->定位方式:xpath--->定位值://*[@id="vehicleModel"]/div/div[2]/div[2]/div/div/div/ul/li[2]/a/span[1]
2019-06-28 16:55:26,610 find_element.py--> get_element 20: INFO ----->定位方式:xpath--->定位值://*[@id="vehicleModel"]/div/div[1]/div[4]/div/div/button/span[1]
2019-06-28 16:55:26,777 find_element.py--> get_element 20: INFO ----->定位方式:xpath--->定位值://*[@id="vehicleModel"]/div/div[1]/div[4]/div/div/div/ul/li[2]/a
2019-06-28 16:55:26,919 find_element.py--> get_element 20: INFO ----->定位方式:id--->定位值:guidePrice
2019-06-28 16:55:27,006 find_element.py--> get_element 20: INFO ----->定位方式:id--->定位值:guidePrice
2019-06-28 16:55:27,291 find_element.py--> get_element 20: INFO ----->定位方式:id--->定位值:salePrice
2019-06-28 16:55:27,749 order_info_business.py--> car_price 20: INFO ----->定金金额：3500
2019-06-28 16:55:27,752 find_element.py--> get_element 20: INFO ----->定位方式:id--->定位值:preLicenseProvince
2019-06-28 16:55:27,932 find_element.py--> get_element 20: INFO ----->定位方式:xpath--->定位值://*[@id="preLicenseProvince"]/option[20]
2019-06-28 16:55:28,082 find_element.py--> get_element 20: INFO ----->定位方式:id--->定位值:preLicenseCity
2019-06-28 16:55:28,262 find_element.py--> get_element 20: INFO ----->定位方式:xpath--->定位值://*[@id="preLicenseCity"]/option[2]
2019-06-28 16:55:28,390 find_element.py--> get_element 20: INFO ----->定位方式:id--->定位值:preLicenseSotre
2019-06-28 16:55:28,533 find_element.py--> get_element 20: INFO ----->定位方式:xpath--->定位值://*[@id="preLicenseSotre"]/option[2]
2019-06-28 16:55:28,638 find_element.py--> get_element 20: INFO ----->定位方式:id--->定位值:channelTypeGH
2019-06-28 16:55:28,845 find_element.py--> get_element 20: INFO ----->定位方式:id--->定位值:realNameSystemNNull
2019-06-28 16:55:29,048 find_element.py--> get_element 20: INFO ----->定位方式:id--->定位值:shopInsuranceNNull
2019-06-28 16:55:29,139 find_element.py--> get_element 20: INFO ----->定位方式:id--->定位值:firstYearVehicleAndVesselTax
2019-06-28 16:55:29,251 find_element.py--> get_element 20: INFO ----->定位方式:id--->定位值:firstYearSali
2019-06-28 16:55:29,393 find_element.py--> get_element 20: INFO ----->定位方式:id--->定位值:firstCommercialTheft
2019-06-28 16:55:29,517 find_element.py--> get_element 20: INFO ----->定位方式:id--->定位值:advancePremiumAmt
2019-06-28 16:55:29,580 find_element.py--> get_element 20: INFO ----->定位方式:id--->定位值:termCount
2019-06-28 16:55:29,747 find_element.py--> get_element 20: INFO ----->定位方式:id--->定位值:monthlyRent
2019-06-28 16:55:30,010 find_element.py--> get_element 20: INFO ----->定位方式:id--->定位值:cusInterestRates
2019-06-28 16:55:30,113 find_element.py--> get_element 20: INFO ----->定位方式:id--->定位值:purchaseTax
2019-06-28 16:55:30,375 find_element.py--> get_element 20: INFO ----->定位方式:id--->定位值:gpsFee
2019-06-28 16:55:30,563 find_element.py--> get_element 20: INFO ----->定位方式:id--->定位值:accountMaintenanceFee
2019-06-28 16:55:30,751 find_element.py--> get_element 20: INFO ----->定位方式:id--->定位值:yxDownPaymentAmt
2019-06-28 16:55:30,997 find_element.py--> get_element 20: INFO ----->定位方式:id--->定位值:yxRiskFinancingAmt
2019-06-28 16:55:31,219 find_element.py--> get_element 20: INFO ----->定位方式:id--->定位值:yxRiskControlFinancingAmt
2019-06-28 16:55:31,426 find_element.py--> get_element 20: INFO ----->定位方式:id--->定位值:hsServiceFee
2019-06-28 16:55:31,607 find_element.py--> get_element 20: INFO ----->定位方式:id--->定位值:licenseFee
2019-06-28 16:55:31,809 find_element.py--> get_element 20: INFO ----->定位方式:id--->定位值:mortgageFee
2019-06-28 16:55:32,015 find_element.py--> get_element 20: INFO ----->定位方式:id--->定位值:totalDownPaymentOtherAmt
2019-06-28 16:55:32,168 find_element.py--> get_element 20: INFO ----->定位方式:id--->定位值:remarkId
2019-06-28 16:55:32,658 find_element.py--> get_element 20: INFO ----->定位方式:xpath--->定位值://*[@id="fanancingInfoHs"]/div/div[2]/div[1]/div/div/button/span[1]
2019-06-28 16:55:32,803 find_element.py--> get_element 20: INFO ----->定位方式:xpath--->定位值://*[@id="fanancingInfoHs"]/div/div[2]/div[1]/div/div/div/ul/li[3]/a/span[1]
2019-06-28 16:55:32,998 find_element.py--> get_element 20: INFO ----->定位方式:id--->定位值:yxOrderNo
2019-06-28 16:55:33,482 find_element.py--> get_element 20: INFO ----->定位方式:xpath--->定位值://*[@id="yxAuditFile"]/div/table/tbody/tr[1]/td[3]/input
2019-06-28 16:55:34,653 find_element.py--> get_element 20: INFO ----->定位方式:xpath--->定位值://*[@id="yx-upload-check"]
2019-06-28 16:55:37,199 find_element.py--> get_element 20: INFO ----->定位方式:xpath--->定位值://*[@id="yx-upload-sub"]
2019-06-28 16:55:37,444 find_element.py--> get_element 20: INFO ----->定位方式:xpath--->定位值://*[@id="cusUpdateModal"]/div/div/div[3]/button
2019-06-28 16:55:38,617 find_element.py--> get_element 20: INFO ----->定位方式:xpath--->定位值://*[@id="yxAuditFile"]/div/table/tbody/tr[2]/td[3]/input
2019-06-28 16:55:39,773 find_element.py--> get_element 20: INFO ----->定位方式:xpath--->定位值://*[@id="yx-upload-check"]
2019-06-28 16:55:43,275 find_element.py--> get_element 20: INFO ----->定位方式:xpath--->定位值://*[@id="yx-upload-check"]
2019-06-28 16:55:45,569 find_element.py--> get_element 20: INFO ----->定位方式:xpath--->定位值://*[@id="yx-upload-sub"]
2019-06-28 16:55:45,835 find_element.py--> get_element 20: INFO ----->定位方式:xpath--->定位值://*[@id="cusUpdateModal"]/div/div/div[3]/button
2019-06-28 16:55:46,993 find_element.py--> get_element 20: INFO ----->定位方式:id--->定位值:basicTempSave
2019-06-28 16:55:48,800 find_element.py--> get_element 20: INFO ----->定位方式:id--->定位值:basicModalBtnNegative
2019-06-28 16:55:49,952 find_element.py--> get_element 20: INFO ----->定位方式:id--->定位值:basicSubmit
2019-06-28 16:55:52,155 find_element.py--> get_element 20: INFO ----->定位方式:id--->定位值:basicModalBtnNegative
2019-06-28 16:55:53,503 find_element.py--> get_element 20: INFO ----->定位方式:name--->定位值:customerPhoneNo
2019-06-28 16:55:53,893 find_element.py--> get_element 20: INFO ----->定位方式:id--->定位值:btnSearch
2019-06-28 16:55:55,568 find_element.py--> get_element 20: INFO ----->定位方式:xpath--->定位值://*[@id="orders"]/tbody/tr[1]/td[1]
2019-06-28 16:55:55,681 find_element.py--> get_element 20: INFO ----->定位方式:id--->定位值:btn_shenhedingdan
2019-06-28 16:56:00,289 find_element.py--> get_element 20: INFO ----->定位方式:id--->定位值:basicSubmit
2019-06-28 16:56:01,533 find_element.py--> get_element 20: INFO ----->定位方式:id--->定位值:basicModalBtnNegative
2019-06-28 16:56:02,941 find_element.py--> get_element 20: INFO ----->定位方式:name--->定位值:customerPhoneNo
2019-06-28 16:56:03,256 find_element.py--> get_element 20: INFO ----->定位方式:id--->定位值:btnSearch
2019-06-28 16:56:04,722 find_element.py--> get_element 20: INFO ----->定位方式:xpath--->定位值://*[@id="orders"]/tbody/tr[1]/td[1]
2019-06-28 16:56:05,437 find_element.py--> get_element 20: INFO ----->定位方式:id--->定位值:btn_xiaoshoujiesuan
2019-06-28 16:56:06,800 find_element.py--> get_element 20: INFO ----->定位方式:xpath--->定位值://*[@id="amtDetail"]/div/div[3]/div/button[1]
2019-06-28 16:56:07,985 find_element.py--> get_element 20: INFO ----->定位方式:xpath--->定位值://*[@id="receiptModel"]/div/div/div[2]/button
2019-06-28 16:56:09,099 find_element.py--> get_element 20: INFO ----->定位方式:id--->定位值:deliveryClose
2019-06-28 16:56:10,386 find_element.py--> get_element 20: INFO ----->定位方式:name--->定位值:customerPhoneNo
2019-06-28 16:56:10,586 find_element.py--> get_element 20: INFO ----->定位方式:id--->定位值:btnSearch
2019-06-28 16:56:11,727 find_element.py--> get_element 20: INFO ----->定位方式:xpath--->定位值://*[@id="orders"]/tbody/tr[1]/td[1]
2019-06-28 16:56:11,939 find_element.py--> get_element 20: INFO ----->定位方式:id--->定位值:btn_shengchenghetong
2019-06-28 16:56:13,168 find_element.py--> get_element 20: INFO ----->定位方式:id--->定位值:hsSignBody
2019-06-28 16:56:13,345 find_element.py--> get_element 20: INFO ----->定位方式:xpath--->定位值://*[@id="hsSignBody"]/option[2]
2019-06-28 16:56:13,414 find_element.py--> get_element 20: INFO ----->定位方式:id--->定位值:makeContract
2019-06-28 16:56:13,529 find_element.py--> get_element 20: INFO ----->定位方式:id--->定位值:deliveryClose
2019-06-28 16:56:14,735 find_element.py--> get_element 20: INFO ----->定位方式:name--->定位值:customerPhoneNo
2019-06-28 16:56:14,973 find_element.py--> get_element 20: INFO ----->定位方式:id--->定位值:btnSearch
2019-06-28 16:56:16,116 find_element.py--> get_element 20: INFO ----->定位方式:xpath--->定位值://*[@id="orders"]/tbody/tr[1]/td[1]
2019-06-28 16:56:16,263 find_element.py--> get_element 20: INFO ----->定位方式:id--->定位值:btn_shangchuanhetong
2019-06-28 16:56:17,464 find_element.py--> get_element 20: INFO ----->定位方式:xpath--->定位值://*[@id="file"]/div/table/tbody/tr[1]/td[3]/input
2019-06-28 16:56:18,640 find_element.py--> get_element 20: INFO ----->定位方式:id--->定位值:yx-upload-check
2019-06-28 16:56:22,210 find_element.py--> get_element 20: INFO ----->定位方式:id--->定位值:yx-upload-sub
2019-06-28 16:56:22,338 find_element.py--> get_element 20: INFO ----->定位方式:xpath--->定位值://*[@id="cusUpdateModal"]/div/div/div[3]/button
2019-06-28 16:56:23,455 find_element.py--> get_element 20: INFO ----->定位方式:xpath--->定位值://*[@id="file"]/div/table/tbody/tr[2]/td[3]/input
2019-06-28 16:56:24,579 find_element.py--> get_element 20: INFO ----->定位方式:id--->定位值:yx-upload-check
2019-06-28 16:56:27,861 find_element.py--> get_element 20: INFO ----->定位方式:id--->定位值:yx-upload-sub
2019-06-28 16:56:27,953 find_element.py--> get_element 20: INFO ----->定位方式:xpath--->定位值://*[@id="cusUpdateModal"]/div/div/div[3]/button
2019-06-28 16:56:29,051 find_element.py--> get_element 20: INFO ----->定位方式:id--->定位值:yxHsContractApply
2019-06-28 16:56:30,173 find_element.py--> get_element 20: INFO ----->定位方式:id--->定位值:basicModalBtnNegative
2019-06-28 16:56:31,546 find_element.py--> get_element 20: INFO ----->定位方式:name--->定位值:customerPhoneNo
2019-06-28 16:56:31,827 find_element.py--> get_element 20: INFO ----->定位方式:id--->定位值:btnSearch
2019-06-28 16:56:33,384 find_element.py--> get_element 20: INFO ----->定位方式:xpath--->定位值://*[@id="orders"]/tbody/tr[1]/td[1]
2019-06-28 16:56:33,505 find_element.py--> get_element 20: INFO ----->定位方式:id--->定位值:btn_shenhehetong
