2019-05-28 11:05:26,138 login_handle.py--> send_username 20: INFO ----->输入用户名是：ccadmin
2019-05-28 11:05:26,140 find_element.py--> get_element 20: INFO ----->定位方式:id--->定位值:loginId
2019-05-28 11:05:26,222 login_handle.py--> send_password 20: INFO ----->输入密码是：123qwe
2019-05-28 11:05:26,223 find_element.py--> get_element 20: INFO ----->定位方式:id--->定位值:password
2019-05-28 11:05:26,285 find_element.py--> get_element 20: INFO ----->定位方式:className--->定位值:login-submit
2019-05-28 11:05:28,353 find_element.py--> get_element 20: INFO ----->定位方式:id--->定位值:910000
2019-05-28 11:05:30,425 find_element.py--> get_element 20: INFO ----->定位方式:id--->定位值:15000000
2019-05-28 11:05:32,497 find_element.py--> get_element 20: INFO ----->定位方式:xpath--->定位值://*[@id="15080000"]
2019-05-28 11:05:32,595 find_element.py--> get_element 20: INFO ----->定位方式:id--->定位值:15080100
2019-05-28 11:05:35,776 find_element.py--> get_element 20: INFO ----->定位方式:xpath--->定位值://*[@id="btn_xinzeng"]
2019-05-28 11:05:38,581 order_info_handle.py--> send_userinfo 20: INFO ----->输入的手机号是：18623072640
2019-05-28 11:05:38,582 find_element.py--> get_element 20: INFO ----->定位方式:id--->定位值:phoneNo
2019-05-28 11:05:38,948 find_element.py--> get_element 20: INFO ----->定位方式:--->定位值:queryMobile
2019-05-28 11:06:25,720 login_handle.py--> send_username 20: INFO ----->输入用户名是：ccadmin
2019-05-28 11:06:25,722 find_element.py--> get_element 20: INFO ----->定位方式:id--->定位值:loginId
2019-05-28 11:06:25,803 login_handle.py--> send_password 20: INFO ----->输入密码是：123qwe
2019-05-28 11:06:25,804 find_element.py--> get_element 20: INFO ----->定位方式:id--->定位值:password
2019-05-28 11:06:25,865 find_element.py--> get_element 20: INFO ----->定位方式:className--->定位值:login-submit
2019-05-28 11:06:27,932 find_element.py--> get_element 20: INFO ----->定位方式:id--->定位值:910000
2019-05-28 11:06:30,015 find_element.py--> get_element 20: INFO ----->定位方式:id--->定位值:15000000
2019-05-28 11:06:32,093 find_element.py--> get_element 20: INFO ----->定位方式:xpath--->定位值://*[@id="15080000"]
2019-05-28 11:06:32,168 find_element.py--> get_element 20: INFO ----->定位方式:id--->定位值:15080100
2019-05-28 11:06:35,265 find_element.py--> get_element 20: INFO ----->定位方式:xpath--->定位值://*[@id="btn_xinzeng"]
2019-05-28 11:06:38,160 order_info_handle.py--> send_userinfo 20: INFO ----->输入的手机号是：18694244375
2019-05-28 11:06:38,160 find_element.py--> get_element 20: INFO ----->定位方式:id--->定位值:phoneNo
2019-05-28 11:06:39,530 find_element.py--> get_element 20: INFO ----->定位方式:--->定位值:queryMobile
2019-05-28 11:08:32,540 login_handle.py--> send_username 20: INFO ----->输入用户名是：ccadmin
2019-05-28 11:08:32,543 find_element.py--> get_element 20: INFO ----->定位方式:id--->定位值:loginId
2019-05-28 11:08:32,633 login_handle.py--> send_password 20: INFO ----->输入密码是：123qwe
2019-05-28 11:08:32,634 find_element.py--> get_element 20: INFO ----->定位方式:id--->定位值:password
2019-05-28 11:08:32,697 find_element.py--> get_element 20: INFO ----->定位方式:className--->定位值:login-submit
2019-05-28 11:08:34,754 find_element.py--> get_element 20: INFO ----->定位方式:id--->定位值:910000
2019-05-28 11:08:36,831 find_element.py--> get_element 20: INFO ----->定位方式:id--->定位值:15000000
2019-05-28 11:08:38,907 find_element.py--> get_element 20: INFO ----->定位方式:xpath--->定位值://*[@id="15080000"]
2019-05-28 11:08:39,016 find_element.py--> get_element 20: INFO ----->定位方式:id--->定位值:15080100
2019-05-28 11:08:42,268 find_element.py--> get_element 20: INFO ----->定位方式:xpath--->定位值://*[@id="btn_xinzeng"]
2019-05-28 11:08:45,749 order_info_handle.py--> send_userinfo 20: INFO ----->输入的手机号是：18690802271
2019-05-28 11:08:45,750 find_element.py--> get_element 20: INFO ----->定位方式:id--->定位值:phoneNo
2019-05-28 11:08:47,126 find_element.py--> get_element 20: INFO ----->定位方式:id--->定位值:queryMobile
2019-05-28 11:08:47,249 order_info_handle.py--> send_userinfo 20: INFO ----->输入的手机号是：110107199408303516
2019-05-28 11:08:47,250 find_element.py--> get_element 20: INFO ----->定位方式:id--->定位值:idNumber
2019-05-28 11:34:33,289 login_handle.py--> send_username 20: INFO ----->输入用户名是：ccadmin
2019-05-28 11:41:58,365 login_handle.py--> send_username 20: INFO ----->输入用户名是：ccadmin
2019-05-28 11:53:26,124 login_handle.py--> send_username 20: INFO ----->输入用户名是：ccadmin
2019-05-28 11:58:23,618 login_handle.py--> send_password 20: INFO ----->输入密码是：123qwe
2019-05-28 11:58:23,622 find_element.py--> get_element 20: INFO ----->定位方式:id--->定位值:password
2019-05-28 11:58:23,713 find_element.py--> get_element 20: INFO ----->定位方式:className--->定位值:login-submit
2019-05-28 11:58:25,784 find_element.py--> get_element 20: INFO ----->定位方式:id--->定位值:910000
2019-05-28 12:00:12,564 login_handle.py--> send_username 20: INFO ----->输入用户名是：ccadmin
2019-05-28 12:00:12,566 find_element.py--> get_element 20: INFO ----->定位方式:id--->定位值:loginId
2019-05-28 12:00:12,656 login_handle.py--> send_password 20: INFO ----->输入密码是：123qwe
2019-05-28 12:00:12,656 find_element.py--> get_element 20: INFO ----->定位方式:id--->定位值:password
2019-05-28 12:00:12,720 find_element.py--> get_element 20: INFO ----->定位方式:className--->定位值:login-submit
2019-05-28 12:00:14,788 find_element.py--> get_element 20: INFO ----->定位方式:id--->定位值:910000
2019-05-28 12:00:16,878 find_element.py--> get_element 20: INFO ----->定位方式:id--->定位值:15000000
2019-05-28 12:00:18,964 find_element.py--> get_element 20: INFO ----->定位方式:xpath--->定位值://*[@id="15080000"]
2019-05-28 12:00:19,036 find_element.py--> get_element 20: INFO ----->定位方式:id--->定位值:15080100
2019-05-28 12:00:22,225 find_element.py--> get_element 20: INFO ----->定位方式:xpath--->定位值://*[@id="btn_xinzeng"]
2019-05-28 12:00:25,170 order_info_handle.py--> send_userinfo 20: INFO ----->输入的手机号是：18645770089
2019-05-28 12:00:25,171 find_element.py--> get_element 20: INFO ----->定位方式:id--->定位值:phoneNo
2019-05-28 12:00:25,554 find_element.py--> get_element 20: INFO ----->定位方式:id--->定位值:queryMobile
2019-05-28 12:00:25,702 order_info_handle.py--> send_userinfo 20: INFO ----->输入的手机号是：362427195812139498
2019-05-28 12:00:25,703 find_element.py--> get_element 20: INFO ----->定位方式:id--->定位值:idNumber
2019-05-28 12:00:26,397 find_element.py--> get_element 20: INFO ----->定位方式:xpath--->定位值://*[@id="vehicleModel"]/div/div[1]/div[3]/div/div/button/span[1]
2019-05-28 12:00:26,615 find_element.py--> get_element 20: INFO ----->定位方式:xpath--->定位值://*[@id="vehicleModel"]/div/div[1]/div[3]/div/div/div/ul/li[121]/a
2019-05-28 12:00:26,831 find_element.py--> get_element 20: INFO ----->定位方式:xpath--->定位值://*[@id="vehicleModel"]/div/div[2]/div[1]/div/div/button/span[1]
2019-05-28 12:00:27,006 find_element.py--> get_element 20: INFO ----->定位方式:xpath--->定位值://*[@id="vehicleModel"]/div/div[2]/div[1]/div/div/div/ul/li[27]/a
2019-05-28 12:00:27,161 find_element.py--> get_element 20: INFO ----->定位方式:xpath--->定位值://*[@id="vehicleModel"]/div/div[2]/div[2]/div/div/button/span[1]
2019-05-28 12:00:27,424 find_element.py--> get_element 20: INFO ----->定位方式:xpath--->定位值://*[@id="vehicleModel"]/div/div[2]/div[2]/div/div/div/ul/li[3]/a/span[1]
2019-05-28 14:47:32,805 login_handle.py--> send_username 20: INFO ----->输入用户名是：ccadmin
2019-05-28 14:48:42,813 login_handle.py--> send_username 20: INFO ----->输入用户名是：ccadmin
2019-05-28 14:49:36,895 login_handle.py--> send_username 20: INFO ----->输入用户名是：ccadmin
2019-05-28 14:49:36,900 find_element.py--> get_element 20: INFO ----->定位方式:id--->定位值:loginId
2019-05-28 14:49:36,996 login_handle.py--> send_password 20: INFO ----->输入密码是：123qwe
2019-05-28 14:49:36,997 find_element.py--> get_element 20: INFO ----->定位方式:id--->定位值:password
2019-05-28 14:49:37,064 find_element.py--> get_element 20: INFO ----->定位方式:className--->定位值:login-submit
2019-05-28 14:49:39,126 find_element.py--> get_element 20: INFO ----->定位方式:id--->定位值:910000
2019-05-28 14:49:40,196 find_element.py--> get_element 20: INFO ----->定位方式:id--->定位值:15000000
2019-05-28 14:49:41,272 find_element.py--> get_element 20: INFO ----->定位方式:xpath--->定位值://*[@id="15080000"]
2019-05-28 14:49:41,336 find_element.py--> get_element 20: INFO ----->定位方式:id--->定位值:15080100
2019-05-28 14:49:44,539 find_element.py--> get_element 20: INFO ----->定位方式:xpath--->定位值://*[@id="btn_xinzeng"]
2019-05-28 14:49:46,337 order_info_handle.py--> send_userinfo 20: INFO ----->输入的手机号：18633271747
2019-05-28 14:49:46,338 find_element.py--> get_element 20: INFO ----->定位方式:id--->定位值:phoneNo
2019-05-28 14:49:46,834 find_element.py--> get_element 20: INFO ----->定位方式:id--->定位值:queryMobile
2019-05-28 14:49:46,992 order_info_handle.py--> send_userinfo 20: INFO ----->输入的身份证号：362425196101037191
2019-05-28 14:49:46,994 find_element.py--> get_element 20: INFO ----->定位方式:id--->定位值:idNumber
2019-05-28 14:49:47,683 find_element.py--> get_element 20: INFO ----->定位方式:xpath--->定位值://*[@id="vehicleModel"]/div/div[1]/div[3]/div/div/button/span[1]
2019-05-28 14:49:47,920 find_element.py--> get_element 20: INFO ----->定位方式:xpath--->定位值://*[@id="vehicleModel"]/div/div[1]/div[3]/div/div/div/ul/li[121]/a
2019-05-28 14:49:48,177 find_element.py--> get_element 20: INFO ----->定位方式:xpath--->定位值://*[@id="vehicleModel"]/div/div[2]/div[1]/div/div/button/span[1]
2019-05-28 14:49:48,386 find_element.py--> get_element 20: INFO ----->定位方式:xpath--->定位值://*[@id="vehicleModel"]/div/div[2]/div[1]/div/div/div/ul/li[27]/a
2019-05-28 14:49:48,554 find_element.py--> get_element 20: INFO ----->定位方式:xpath--->定位值://*[@id="vehicleModel"]/div/div[2]/div[2]/div/div/button/span[1]
2019-05-28 14:49:48,766 find_element.py--> get_element 20: INFO ----->定位方式:xpath--->定位值://*[@id="vehicleModel"]/div/div[2]/div[2]/div/div/div/ul/li[3]/a/span[1]
2019-05-28 14:49:48,938 find_element.py--> get_element 20: INFO ----->定位方式:id--->定位值:preLicenseProvince
2019-05-28 14:49:49,106 find_element.py--> get_element 20: INFO ----->定位方式:xpath--->定位值://*[@id="preLicenseProvince"]/option[3]
2019-05-28 14:51:36,010 login_handle.py--> send_username 20: INFO ----->输入用户名是：ccadmin
2019-05-28 14:51:36,013 find_element.py--> get_element 20: INFO ----->定位方式:id--->定位值:loginId
2019-05-28 14:51:36,096 login_handle.py--> send_password 20: INFO ----->输入密码是：123qwe
2019-05-28 14:51:36,098 find_element.py--> get_element 20: INFO ----->定位方式:id--->定位值:password
2019-05-28 14:51:36,158 find_element.py--> get_element 20: INFO ----->定位方式:className--->定位值:login-submit
2019-05-28 14:51:38,220 find_element.py--> get_element 20: INFO ----->定位方式:id--->定位值:910000
2019-05-28 14:51:39,291 find_element.py--> get_element 20: INFO ----->定位方式:id--->定位值:15000000
2019-05-28 14:51:40,364 find_element.py--> get_element 20: INFO ----->定位方式:xpath--->定位值://*[@id="15080000"]
2019-05-28 14:51:40,430 find_element.py--> get_element 20: INFO ----->定位方式:id--->定位值:15080100
2019-05-28 14:51:44,198 find_element.py--> get_element 20: INFO ----->定位方式:xpath--->定位值://*[@id="btn_xinzeng"]
2019-05-28 14:51:48,642 order_info_handle.py--> send_userinfo 20: INFO ----->输入的手机号：18695998329
2019-05-28 14:51:48,643 find_element.py--> get_element 20: INFO ----->定位方式:id--->定位值:phoneNo
2019-05-28 14:51:49,010 find_element.py--> get_element 20: INFO ----->定位方式:id--->定位值:queryMobile
2019-05-28 14:51:49,156 order_info_handle.py--> send_userinfo 20: INFO ----->输入的身份证号：110108196708045503
2019-05-28 14:51:49,158 find_element.py--> get_element 20: INFO ----->定位方式:id--->定位值:idNumber
2019-05-28 14:51:49,928 find_element.py--> get_element 20: INFO ----->定位方式:xpath--->定位值://*[@id="vehicleModel"]/div/div[1]/div[3]/div/div/button/span[1]
2019-05-28 14:51:50,158 find_element.py--> get_element 20: INFO ----->定位方式:xpath--->定位值://*[@id="vehicleModel"]/div/div[1]/div[3]/div/div/div/ul/li[121]/a
2019-05-28 14:51:50,400 find_element.py--> get_element 20: INFO ----->定位方式:xpath--->定位值://*[@id="vehicleModel"]/div/div[2]/div[1]/div/div/button/span[1]
2019-05-28 14:51:50,604 find_element.py--> get_element 20: INFO ----->定位方式:xpath--->定位值://*[@id="vehicleModel"]/div/div[2]/div[1]/div/div/div/ul/li[27]/a
2019-05-28 14:51:50,776 find_element.py--> get_element 20: INFO ----->定位方式:xpath--->定位值://*[@id="vehicleModel"]/div/div[2]/div[2]/div/div/button/span[1]
2019-05-28 14:51:51,000 find_element.py--> get_element 20: INFO ----->定位方式:xpath--->定位值://*[@id="vehicleModel"]/div/div[2]/div[2]/div/div/div/ul/li[3]/a/span[1]
2019-05-28 14:51:51,193 find_element.py--> get_element 20: INFO ----->定位方式:id--->定位值:preLicenseProvince
2019-05-28 14:51:51,331 find_element.py--> get_element 20: INFO ----->定位方式:xpath--->定位值://*[@id="preLicenseProvince"]/option[3]
2019-05-28 15:34:07,962 login_handle.py--> send_username 20: INFO ----->输入用户名是：ccadmin
2019-05-28 15:34:07,964 find_element.py--> get_element 20: INFO ----->定位方式:id--->定位值:loginId
2019-05-28 15:34:08,045 login_handle.py--> send_password 20: INFO ----->输入密码是：123qwe
2019-05-28 15:34:08,046 find_element.py--> get_element 20: INFO ----->定位方式:id--->定位值:password
2019-05-28 15:34:08,106 find_element.py--> get_element 20: INFO ----->定位方式:className--->定位值:login-submit
2019-05-28 15:34:09,173 find_element.py--> get_element 20: INFO ----->定位方式:id--->定位值:910000
2019-05-28 15:34:10,254 find_element.py--> get_element 20: INFO ----->定位方式:id--->定位值:15000000
2019-05-28 15:34:11,335 find_element.py--> get_element 20: INFO ----->定位方式:xpath--->定位值://*[@id="15080000"]
2019-05-28 15:34:11,401 find_element.py--> get_element 20: INFO ----->定位方式:id--->定位值:15080100
2019-05-28 15:34:13,830 find_element.py--> get_element 20: INFO ----->定位方式:xpath--->定位值://*[@id="btn_xinzeng"]
2019-05-28 15:34:17,625 order_info_handle.py--> send_userinfo 20: INFO ----->输入的手机号：18647983477
2019-05-28 15:34:17,625 find_element.py--> get_element 20: INFO ----->定位方式:id--->定位值:phoneNo
2019-05-28 15:34:18,032 find_element.py--> get_element 20: INFO ----->定位方式:id--->定位值:queryMobile
2019-05-28 15:34:18,170 order_info_handle.py--> send_userinfo 20: INFO ----->输入的身份证号：110107196803151015
2019-05-28 15:34:18,171 find_element.py--> get_element 20: INFO ----->定位方式:id--->定位值:idNumber
2019-05-28 15:34:18,873 find_element.py--> get_element 20: INFO ----->定位方式:xpath--->定位值://*[@id="vehicleModel"]/div/div[1]/div[3]/div/div/button/span[1]
2019-05-28 15:34:19,135 find_element.py--> get_element 20: INFO ----->定位方式:xpath--->定位值://*[@id="vehicleModel"]/div/div[1]/div[3]/div/div/div/ul/li[121]/a
2019-05-28 15:34:19,321 find_element.py--> get_element 20: INFO ----->定位方式:xpath--->定位值://*[@id="vehicleModel"]/div/div[2]/div[1]/div/div/button/span[1]
2019-05-28 15:34:19,572 find_element.py--> get_element 20: INFO ----->定位方式:xpath--->定位值://*[@id="vehicleModel"]/div/div[2]/div[1]/div/div/div/ul/li[27]/a
2019-05-28 15:34:19,746 find_element.py--> get_element 20: INFO ----->定位方式:xpath--->定位值://*[@id="vehicleModel"]/div/div[2]/div[2]/div/div/button/span[1]
2019-05-28 15:34:19,979 find_element.py--> get_element 20: INFO ----->定位方式:xpath--->定位值://*[@id="vehicleModel"]/div/div[2]/div[2]/div/div/div/ul/li[3]/a/span[1]
2019-05-28 15:34:20,134 find_element.py--> get_element 20: INFO ----->定位方式:id--->定位值:guidePrice
2019-05-28 15:34:20,181 find_element.py--> get_element 20: INFO ----->定位方式:id--->定位值:guidePrice
2019-05-28 15:34:20,429 find_element.py--> get_element 20: INFO ----->定位方式:id--->定位值:salePrice
2019-05-28 15:34:20,726 find_element.py--> get_element 20: INFO ----->定位方式:id--->定位值:earnestGear
2019-05-28 15:34:20,773 find_element.py--> get_element 20: INFO ----->定位方式:id--->定位值:preLicenseProvince
2019-05-28 15:34:20,927 find_element.py--> get_element 20: INFO ----->定位方式:xpath--->定位值://*[@id="preLicenseProvince"]/option[3]
2019-05-28 15:35:48,379 login_handle.py--> send_username 20: INFO ----->输入用户名是：ccadmin
2019-05-28 15:35:48,381 find_element.py--> get_element 20: INFO ----->定位方式:id--->定位值:loginId
2019-05-28 15:35:48,460 login_handle.py--> send_password 20: INFO ----->输入密码是：123qwe
2019-05-28 15:35:48,460 find_element.py--> get_element 20: INFO ----->定位方式:id--->定位值:password
2019-05-28 15:35:48,530 find_element.py--> get_element 20: INFO ----->定位方式:className--->定位值:login-submit
2019-05-28 15:35:49,594 find_element.py--> get_element 20: INFO ----->定位方式:id--->定位值:910000
2019-05-28 15:35:50,663 find_element.py--> get_element 20: INFO ----->定位方式:id--->定位值:15000000
2019-05-28 15:35:51,732 find_element.py--> get_element 20: INFO ----->定位方式:xpath--->定位值://*[@id="15080000"]
2019-05-28 15:35:51,796 find_element.py--> get_element 20: INFO ----->定位方式:id--->定位值:15080100
2019-05-28 15:35:57,342 find_element.py--> get_element 20: INFO ----->定位方式:xpath--->定位值://*[@id="btn_xinzeng"]
2019-05-28 15:36:00,940 order_info_handle.py--> send_userinfo 20: INFO ----->输入的手机号：18613119722
2019-05-28 15:36:00,941 find_element.py--> get_element 20: INFO ----->定位方式:id--->定位值:phoneNo
2019-05-28 15:36:01,325 find_element.py--> get_element 20: INFO ----->定位方式:id--->定位值:queryMobile
2019-05-28 15:36:01,475 order_info_handle.py--> send_userinfo 20: INFO ----->输入的身份证号：362432196208289890
2019-05-28 15:36:01,477 find_element.py--> get_element 20: INFO ----->定位方式:id--->定位值:idNumber
2019-05-28 15:36:02,167 find_element.py--> get_element 20: INFO ----->定位方式:xpath--->定位值://*[@id="vehicleModel"]/div/div[1]/div[3]/div/div/button/span[1]
2019-05-28 15:36:02,400 find_element.py--> get_element 20: INFO ----->定位方式:xpath--->定位值://*[@id="vehicleModel"]/div/div[1]/div[3]/div/div/div/ul/li[121]/a
2019-05-28 15:36:02,620 find_element.py--> get_element 20: INFO ----->定位方式:xpath--->定位值://*[@id="vehicleModel"]/div/div[2]/div[1]/div/div/button/span[1]
2019-05-28 15:36:02,803 find_element.py--> get_element 20: INFO ----->定位方式:xpath--->定位值://*[@id="vehicleModel"]/div/div[2]/div[1]/div/div/div/ul/li[27]/a
2019-05-28 15:36:02,987 find_element.py--> get_element 20: INFO ----->定位方式:xpath--->定位值://*[@id="vehicleModel"]/div/div[2]/div[2]/div/div/button/span[1]
2019-05-28 15:36:03,204 find_element.py--> get_element 20: INFO ----->定位方式:xpath--->定位值://*[@id="vehicleModel"]/div/div[2]/div[2]/div/div/div/ul/li[3]/a/span[1]
2019-05-28 15:36:03,365 find_element.py--> get_element 20: INFO ----->定位方式:id--->定位值:guidePrice
2019-05-28 15:36:03,446 find_element.py--> get_element 20: INFO ----->定位方式:id--->定位值:guidePrice
2019-05-28 15:36:03,690 find_element.py--> get_element 20: INFO ----->定位方式:id--->定位值:salePrice
2019-05-28 15:36:03,993 find_element.py--> get_element 20: INFO ----->定位方式:id--->定位值:earnestGear
2019-05-28 15:36:04,030 find_element.py--> get_element 20: INFO ----->定位方式:id--->定位值:preLicenseProvince
2019-05-28 15:36:04,187 find_element.py--> get_element 20: INFO ----->定位方式:xpath--->定位值://*[@id="preLicenseProvince"]/option[3]
2019-05-28 15:37:18,108 login_handle.py--> send_username 20: INFO ----->输入用户名是：ccadmin
2019-05-28 15:37:18,110 find_element.py--> get_element 20: INFO ----->定位方式:id--->定位值:loginId
2019-05-28 15:37:18,213 login_handle.py--> send_password 20: INFO ----->输入密码是：123qwe
2019-05-28 15:37:18,214 find_element.py--> get_element 20: INFO ----->定位方式:id--->定位值:password
2019-05-28 15:37:18,291 find_element.py--> get_element 20: INFO ----->定位方式:className--->定位值:login-submit
2019-05-28 15:37:19,357 find_element.py--> get_element 20: INFO ----->定位方式:id--->定位值:910000
2019-05-28 15:37:20,426 find_element.py--> get_element 20: INFO ----->定位方式:id--->定位值:15000000
2019-05-28 15:37:21,502 find_element.py--> get_element 20: INFO ----->定位方式:xpath--->定位值://*[@id="15080000"]
2019-05-28 15:37:21,566 find_element.py--> get_element 20: INFO ----->定位方式:id--->定位值:15080100
2019-05-28 15:37:24,717 find_element.py--> get_element 20: INFO ----->定位方式:xpath--->定位值://*[@id="btn_xinzeng"]
2019-05-28 15:37:30,565 order_info_handle.py--> send_userinfo 20: INFO ----->输入的手机号：18681588709
2019-05-28 15:37:30,565 find_element.py--> get_element 20: INFO ----->定位方式:id--->定位值:phoneNo
2019-05-28 15:37:30,933 find_element.py--> get_element 20: INFO ----->定位方式:id--->定位值:queryMobile
2019-05-28 15:37:31,089 order_info_handle.py--> send_userinfo 20: INFO ----->输入的身份证号：110106198701082134
2019-05-28 15:37:31,091 find_element.py--> get_element 20: INFO ----->定位方式:id--->定位值:idNumber
2019-05-28 15:37:31,794 find_element.py--> get_element 20: INFO ----->定位方式:xpath--->定位值://*[@id="vehicleModel"]/div/div[1]/div[3]/div/div/button/span[1]
2019-05-28 15:37:32,063 find_element.py--> get_element 20: INFO ----->定位方式:xpath--->定位值://*[@id="vehicleModel"]/div/div[1]/div[3]/div/div/div/ul/li[121]/a
2019-05-28 15:37:32,252 find_element.py--> get_element 20: INFO ----->定位方式:xpath--->定位值://*[@id="vehicleModel"]/div/div[2]/div[1]/div/div/button/span[1]
2019-05-28 15:37:32,419 find_element.py--> get_element 20: INFO ----->定位方式:xpath--->定位值://*[@id="vehicleModel"]/div/div[2]/div[1]/div/div/div/ul/li[27]/a
2019-05-28 15:37:32,580 find_element.py--> get_element 20: INFO ----->定位方式:xpath--->定位值://*[@id="vehicleModel"]/div/div[2]/div[2]/div/div/button/span[1]
2019-05-28 15:37:32,817 find_element.py--> get_element 20: INFO ----->定位方式:xpath--->定位值://*[@id="vehicleModel"]/div/div[2]/div[2]/div/div/div/ul/li[3]/a/span[1]
2019-05-28 15:37:33,011 find_element.py--> get_element 20: INFO ----->定位方式:id--->定位值:guidePrice
2019-05-28 15:37:33,060 find_element.py--> get_element 20: INFO ----->定位方式:id--->定位值:guidePrice
2019-05-28 15:37:33,315 find_element.py--> get_element 20: INFO ----->定位方式:id--->定位值:salePrice
2019-05-28 15:37:33,629 find_element.py--> get_element 20: INFO ----->定位方式:id--->定位值:earnestGear
2019-05-28 15:37:33,670 order_info_handle.py--> get_earnestGear 20: INFO ----->定金档位：
2019-05-28 15:37:33,673 find_element.py--> get_element 20: INFO ----->定位方式:id--->定位值:preLicenseProvince
2019-05-28 15:37:33,849 find_element.py--> get_element 20: INFO ----->定位方式:xpath--->定位值://*[@id="preLicenseProvince"]/option[3]
2019-05-28 15:40:48,046 login_handle.py--> send_username 20: INFO ----->输入用户名是：ccadmin
2019-05-28 15:40:48,049 find_element.py--> get_element 20: INFO ----->定位方式:id--->定位值:loginId
2019-05-28 15:40:48,130 login_handle.py--> send_password 20: INFO ----->输入密码是：123qwe
2019-05-28 15:40:48,130 find_element.py--> get_element 20: INFO ----->定位方式:id--->定位值:password
2019-05-28 15:40:48,195 find_element.py--> get_element 20: INFO ----->定位方式:className--->定位值:login-submit
2019-05-28 15:40:49,262 find_element.py--> get_element 20: INFO ----->定位方式:id--->定位值:910000
2019-05-28 15:40:50,341 find_element.py--> get_element 20: INFO ----->定位方式:id--->定位值:15000000
2019-05-28 15:40:51,430 find_element.py--> get_element 20: INFO ----->定位方式:xpath--->定位值://*[@id="15080000"]
2019-05-28 15:40:51,492 find_element.py--> get_element 20: INFO ----->定位方式:id--->定位值:15080100
2019-05-28 15:40:54,395 find_element.py--> get_element 20: INFO ----->定位方式:xpath--->定位值://*[@id="btn_xinzeng"]
2019-05-28 15:40:56,214 order_info_handle.py--> send_userinfo 20: INFO ----->输入的手机号：18640959433
2019-05-28 15:40:56,215 find_element.py--> get_element 20: INFO ----->定位方式:id--->定位值:phoneNo
2019-05-28 15:40:56,630 find_element.py--> get_element 20: INFO ----->定位方式:id--->定位值:queryMobile
2019-05-28 15:40:56,778 order_info_handle.py--> send_userinfo 20: INFO ----->输入的身份证号：362422199705082142
2019-05-28 15:40:56,779 find_element.py--> get_element 20: INFO ----->定位方式:id--->定位值:idNumber
2019-05-28 15:40:57,506 find_element.py--> get_element 20: INFO ----->定位方式:xpath--->定位值://*[@id="vehicleModel"]/div/div[1]/div[3]/div/div/button/span[1]
2019-05-28 15:40:57,781 find_element.py--> get_element 20: INFO ----->定位方式:xpath--->定位值://*[@id="vehicleModel"]/div/div[1]/div[3]/div/div/div/ul/li[121]/a
2019-05-28 15:40:57,981 find_element.py--> get_element 20: INFO ----->定位方式:xpath--->定位值://*[@id="vehicleModel"]/div/div[2]/div[1]/div/div/button/span[1]
2019-05-28 15:40:58,178 find_element.py--> get_element 20: INFO ----->定位方式:xpath--->定位值://*[@id="vehicleModel"]/div/div[2]/div[1]/div/div/div/ul/li[27]/a
2019-05-28 15:40:58,376 find_element.py--> get_element 20: INFO ----->定位方式:xpath--->定位值://*[@id="vehicleModel"]/div/div[2]/div[2]/div/div/button/span[1]
2019-05-28 15:40:58,494 find_element.py--> get_element 20: INFO ----->定位方式:xpath--->定位值://*[@id="vehicleModel"]/div/div[2]/div[2]/div/div/div/ul/li[3]/a/span[1]
2019-05-28 15:40:58,724 find_element.py--> get_element 20: INFO ----->定位方式:id--->定位值:guidePrice
2019-05-28 15:40:58,793 find_element.py--> get_element 20: INFO ----->定位方式:id--->定位值:guidePrice
2019-05-28 15:40:59,040 find_element.py--> get_element 20: INFO ----->定位方式:id--->定位值:salePrice
2019-05-28 15:40:59,353 find_element.py--> get_element 20: INFO ----->定位方式:id--->定位值:earnestGear
2019-05-28 15:40:59,405 order_info_handle.py--> get_earnestGear 20: INFO ----->定金档位：
2019-05-28 15:40:59,406 find_element.py--> get_element 20: INFO ----->定位方式:id--->定位值:preLicenseProvince
2019-05-28 15:40:59,575 find_element.py--> get_element 20: INFO ----->定位方式:xpath--->定位值://*[@id="preLicenseProvince"]/option[3]
2019-05-28 15:41:33,367 login_handle.py--> send_username 20: INFO ----->输入用户名是：ccadmin
2019-05-28 15:41:33,371 find_element.py--> get_element 20: INFO ----->定位方式:id--->定位值:loginId
2019-05-28 15:41:33,468 login_handle.py--> send_password 20: INFO ----->输入密码是：123qwe
2019-05-28 15:41:33,469 find_element.py--> get_element 20: INFO ----->定位方式:id--->定位值:password
2019-05-28 15:41:33,544 find_element.py--> get_element 20: INFO ----->定位方式:className--->定位值:login-submit
2019-05-28 15:41:34,611 find_element.py--> get_element 20: INFO ----->定位方式:id--->定位值:910000
2019-05-28 15:41:35,687 find_element.py--> get_element 20: INFO ----->定位方式:id--->定位值:15000000
2019-05-28 15:41:36,758 find_element.py--> get_element 20: INFO ----->定位方式:xpath--->定位值://*[@id="15080000"]
2019-05-28 15:41:36,819 find_element.py--> get_element 20: INFO ----->定位方式:id--->定位值:15080100
2019-05-28 15:41:39,264 find_element.py--> get_element 20: INFO ----->定位方式:xpath--->定位值://*[@id="btn_xinzeng"]
2019-05-28 15:41:41,226 order_info_handle.py--> send_userinfo 20: INFO ----->输入的手机号：18662331279
2019-05-28 15:41:41,228 find_element.py--> get_element 20: INFO ----->定位方式:id--->定位值:phoneNo
2019-05-28 15:41:41,616 find_element.py--> get_element 20: INFO ----->定位方式:id--->定位值:queryMobile
2019-05-28 15:41:41,766 order_info_handle.py--> send_userinfo 20: INFO ----->输入的身份证号：110106195109200341
2019-05-28 15:41:41,767 find_element.py--> get_element 20: INFO ----->定位方式:id--->定位值:idNumber
2019-05-28 15:41:42,506 find_element.py--> get_element 20: INFO ----->定位方式:xpath--->定位值://*[@id="vehicleModel"]/div/div[1]/div[3]/div/div/button/span[1]
2019-05-28 15:41:42,752 find_element.py--> get_element 20: INFO ----->定位方式:xpath--->定位值://*[@id="vehicleModel"]/div/div[1]/div[3]/div/div/div/ul/li[121]/a
2019-05-28 15:41:42,949 find_element.py--> get_element 20: INFO ----->定位方式:xpath--->定位值://*[@id="vehicleModel"]/div/div[2]/div[1]/div/div/button/span[1]
2019-05-28 15:41:43,123 find_element.py--> get_element 20: INFO ----->定位方式:xpath--->定位值://*[@id="vehicleModel"]/div/div[2]/div[1]/div/div/div/ul/li[27]/a
2019-05-28 15:41:43,277 find_element.py--> get_element 20: INFO ----->定位方式:xpath--->定位值://*[@id="vehicleModel"]/div/div[2]/div[2]/div/div/button/span[1]
2019-05-28 15:41:43,517 find_element.py--> get_element 20: INFO ----->定位方式:xpath--->定位值://*[@id="vehicleModel"]/div/div[2]/div[2]/div/div/div/ul/li[3]/a/span[1]
2019-05-28 15:41:43,744 find_element.py--> get_element 20: INFO ----->定位方式:id--->定位值:guidePrice
2019-05-28 15:41:43,808 find_element.py--> get_element 20: INFO ----->定位方式:id--->定位值:guidePrice
2019-05-28 15:41:44,131 find_element.py--> get_element 20: INFO ----->定位方式:id--->定位值:salePrice
2019-05-28 15:41:44,458 find_element.py--> get_element 20: INFO ----->定位方式:id--->定位值:earnestGear
2019-05-28 15:41:44,503 order_info_handle.py--> get_earnestGear 20: INFO ----->定金档位：
2019-05-28 15:41:44,505 find_element.py--> get_element 20: INFO ----->定位方式:id--->定位值:preLicenseProvince
2019-05-28 15:41:44,666 find_element.py--> get_element 20: INFO ----->定位方式:xpath--->定位值://*[@id="preLicenseProvince"]/option[3]
2019-05-28 16:32:18,886 login_handle.py--> send_username 20: INFO ----->输入用户名是：ccadmin
2019-05-28 16:32:18,889 find_element.py--> get_element 20: INFO ----->定位方式:id--->定位值:loginId
2019-05-28 16:32:18,983 login_handle.py--> send_password 20: INFO ----->输入密码是：123qwe
2019-05-28 16:32:18,984 find_element.py--> get_element 20: INFO ----->定位方式:id--->定位值:password
2019-05-28 16:32:19,048 find_element.py--> get_element 20: INFO ----->定位方式:className--->定位值:login-submit
2019-05-28 16:32:20,115 find_element.py--> get_element 20: INFO ----->定位方式:id--->定位值:910000
2019-05-28 16:32:21,959 find_element.py--> get_element 20: INFO ----->定位方式:id--->定位值:15000000
2019-05-28 16:32:23,032 find_element.py--> get_element 20: INFO ----->定位方式:xpath--->定位值://*[@id="15080000"]
2019-05-28 16:32:23,098 find_element.py--> get_element 20: INFO ----->定位方式:id--->定位值:15080100
2019-05-28 16:32:25,212 find_element.py--> get_element 20: INFO ----->定位方式:xpath--->定位值://*[@id="btn_xinzeng"]
2019-05-28 16:32:27,107 order_info_handle.py--> send_userinfo 20: INFO ----->输入的手机号：18615137443
2019-05-28 16:32:27,108 find_element.py--> get_element 20: INFO ----->定位方式:id--->定位值:phoneNo
2019-05-28 16:32:27,596 find_element.py--> get_element 20: INFO ----->定位方式:id--->定位值:queryMobile
2019-05-28 16:32:27,800 order_info_handle.py--> send_userinfo 20: INFO ----->输入的身份证号：362425198003161373
2019-05-28 16:32:27,800 find_element.py--> get_element 20: INFO ----->定位方式:id--->定位值:idNumber
2019-05-28 16:32:28,546 find_element.py--> get_element 20: INFO ----->定位方式:xpath--->定位值://*[@id="vehicleModel"]/div/div[1]/div[3]/div/div/button/span[1]
2019-05-28 16:32:28,778 find_element.py--> get_element 20: INFO ----->定位方式:xpath--->定位值://*[@id="vehicleModel"]/div/div[1]/div[3]/div/div/div/ul/li[121]/a
2019-05-28 16:32:29,000 find_element.py--> get_element 20: INFO ----->定位方式:xpath--->定位值://*[@id="vehicleModel"]/div/div[2]/div[1]/div/div/button/span[1]
2019-05-28 16:32:29,194 find_element.py--> get_element 20: INFO ----->定位方式:xpath--->定位值://*[@id="vehicleModel"]/div/div[2]/div[1]/div/div/div/ul/li[27]/a
2019-05-28 16:32:29,368 find_element.py--> get_element 20: INFO ----->定位方式:xpath--->定位值://*[@id="vehicleModel"]/div/div[2]/div[2]/div/div/button/span[1]
2019-05-28 16:32:29,597 find_element.py--> get_element 20: INFO ----->定位方式:xpath--->定位值://*[@id="vehicleModel"]/div/div[2]/div[2]/div/div/div/ul/li[3]/a/span[1]
2019-05-28 16:32:29,794 find_element.py--> get_element 20: INFO ----->定位方式:id--->定位值:guidePrice
2019-05-28 16:32:29,842 find_element.py--> get_element 20: INFO ----->定位方式:id--->定位值:guidePrice
2019-05-28 16:32:30,103 find_element.py--> get_element 20: INFO ----->定位方式:id--->定位值:salePrice
2019-05-28 16:32:30,503 find_element.py--> get_element 20: INFO ----->定位方式:id--->定位值:preLicenseProvince
2019-05-28 16:32:30,668 find_element.py--> get_element 20: INFO ----->定位方式:xpath--->定位值://*[@id="preLicenseProvince"]/option[3]
2019-05-28 17:53:02,386 login_handle.py--> send_username 20: INFO ----->输入用户名是：ccadmin
2019-05-28 17:53:02,387 find_element.py--> get_element 20: INFO ----->定位方式:id--->定位值:loginId
2019-05-28 17:53:02,475 login_handle.py--> send_password 20: INFO ----->输入密码是：123qwe
2019-05-28 17:53:02,476 find_element.py--> get_element 20: INFO ----->定位方式:id--->定位值:password
2019-05-28 17:53:02,536 find_element.py--> get_element 20: INFO ----->定位方式:className--->定位值:login-submit
2019-05-28 17:53:03,596 find_element.py--> get_element 20: INFO ----->定位方式:id--->定位值:910000
2019-05-28 17:53:04,671 find_element.py--> get_element 20: INFO ----->定位方式:id--->定位值:15000000
2019-05-28 17:53:05,748 find_element.py--> get_element 20: INFO ----->定位方式:xpath--->定位值://*[@id="15080000"]
2019-05-28 17:53:05,814 find_element.py--> get_element 20: INFO ----->定位方式:id--->定位值:15080100
2019-05-28 17:53:09,032 find_element.py--> get_element 20: INFO ----->定位方式:xpath--->定位值://*[@id="btn_xinzeng"]
2019-05-28 17:53:11,194 order_info_handle.py--> send_userinfo 20: INFO ----->输入的手机号：18677579627
2019-05-28 17:53:11,195 find_element.py--> get_element 20: INFO ----->定位方式:id--->定位值:phoneNo
2019-05-28 17:53:11,571 find_element.py--> get_element 20: INFO ----->定位方式:id--->定位值:queryMobile
2019-05-28 17:53:11,734 order_info_handle.py--> send_userinfo 20: INFO ----->输入的身份证号：362426197902199528
2019-05-28 17:53:11,736 find_element.py--> get_element 20: INFO ----->定位方式:id--->定位值:idNumber
2019-05-28 17:53:12,449 find_element.py--> get_element 20: INFO ----->定位方式:xpath--->定位值://*[@id="vehicleModel"]/div/div[1]/div[3]/div/div/button/span[1]
2019-05-28 17:53:12,721 find_element.py--> get_element 20: INFO ----->定位方式:xpath--->定位值://*[@id="vehicleModel"]/div/div[1]/div[3]/div/div/div/ul/li[121]/a
2019-05-28 17:53:12,894 find_element.py--> get_element 20: INFO ----->定位方式:xpath--->定位值://*[@id="vehicleModel"]/div/div[2]/div[1]/div/div/button/span[1]
2019-05-28 17:53:13,088 find_element.py--> get_element 20: INFO ----->定位方式:xpath--->定位值://*[@id="vehicleModel"]/div/div[2]/div[1]/div/div/div/ul/li[27]/a
2019-05-28 17:53:13,242 find_element.py--> get_element 20: INFO ----->定位方式:xpath--->定位值://*[@id="vehicleModel"]/div/div[2]/div[2]/div/div/button/span[1]
2019-05-28 17:53:13,532 find_element.py--> get_element 20: INFO ----->定位方式:xpath--->定位值://*[@id="vehicleModel"]/div/div[2]/div[2]/div/div/div/ul/li[3]/a/span[1]
2019-05-28 17:53:13,707 find_element.py--> get_element 20: INFO ----->定位方式:id--->定位值:guidePrice
2019-05-28 17:53:13,755 find_element.py--> get_element 20: INFO ----->定位方式:id--->定位值:guidePrice
2019-05-28 17:53:14,050 find_element.py--> get_element 20: INFO ----->定位方式:id--->定位值:salePrice
2019-05-28 17:53:14,373 find_element.py--> get_element 20: INFO ----->定位方式:id--->定位值:preLicenseProvince
2019-05-28 17:53:14,585 find_element.py--> get_element 20: INFO ----->定位方式:xpath--->定位值://*[@id="preLicenseProvince"]/option[3]
2019-05-28 18:12:27,631 login_handle.py--> send_username 20: INFO ----->输入用户名是：ccadmin
2019-05-28 18:12:27,632 find_element.py--> get_element 20: INFO ----->定位方式:id--->定位值:loginId
2019-05-28 18:12:27,732 login_handle.py--> send_password 20: INFO ----->输入密码是：123qwe
2019-05-28 18:12:27,733 find_element.py--> get_element 20: INFO ----->定位方式:id--->定位值:password
2019-05-28 18:12:27,803 find_element.py--> get_element 20: INFO ----->定位方式:className--->定位值:login-submit
2019-05-28 18:12:28,871 find_element.py--> get_element 20: INFO ----->定位方式:id--->定位值:910000
2019-05-28 18:12:29,951 find_element.py--> get_element 20: INFO ----->定位方式:id--->定位值:15000000
2019-05-28 18:12:31,022 find_element.py--> get_element 20: INFO ----->定位方式:xpath--->定位值://*[@id="15080000"]
2019-05-28 18:12:31,096 find_element.py--> get_element 20: INFO ----->定位方式:id--->定位值:15080100
2019-05-28 18:12:33,400 find_element.py--> get_element 20: INFO ----->定位方式:xpath--->定位值://*[@id="btn_xinzeng"]
2019-05-28 18:12:35,485 order_info_handle.py--> send_userinfo 20: INFO ----->输入的手机号：18663190198
2019-05-28 18:12:35,487 find_element.py--> get_element 20: INFO ----->定位方式:id--->定位值:phoneNo
2019-05-28 18:12:36,224 find_element.py--> get_element 20: INFO ----->定位方式:id--->定位值:queryMobile
2019-05-28 18:12:36,456 order_info_handle.py--> send_userinfo 20: INFO ----->输入的身份证号：362422195802227390
2019-05-28 18:12:36,458 find_element.py--> get_element 20: INFO ----->定位方式:id--->定位值:idNumber
2019-05-28 18:12:37,306 find_element.py--> get_element 20: INFO ----->定位方式:id--->定位值:purchaseAmount
2019-05-28 18:12:37,633 find_element.py--> get_element 20: INFO ----->定位方式:xpath--->定位值://*[@id="vehicleModel"]/div/div[1]/div[3]/div/div/button/span[1]
2019-05-28 18:12:37,922 find_element.py--> get_element 20: INFO ----->定位方式:xpath--->定位值://*[@id="vehicleModel"]/div/div[1]/div[3]/div/div/div/ul/li[121]/a
2019-05-28 18:12:38,133 find_element.py--> get_element 20: INFO ----->定位方式:xpath--->定位值://*[@id="vehicleModel"]/div/div[2]/div[1]/div/div/button/span[1]
2019-05-28 18:12:38,319 find_element.py--> get_element 20: INFO ----->定位方式:xpath--->定位值://*[@id="vehicleModel"]/div/div[2]/div[1]/div/div/div/ul/li[27]/a
2019-05-28 18:12:38,502 find_element.py--> get_element 20: INFO ----->定位方式:xpath--->定位值://*[@id="vehicleModel"]/div/div[2]/div[2]/div/div/button/span[1]
2019-05-28 18:12:38,769 find_element.py--> get_element 20: INFO ----->定位方式:xpath--->定位值://*[@id="vehicleModel"]/div/div[2]/div[2]/div/div/div/ul/li[3]/a/span[1]
2019-05-28 18:12:38,972 find_element.py--> get_element 20: INFO ----->定位方式:id--->定位值:guidePrice
2019-05-28 18:12:39,064 find_element.py--> get_element 20: INFO ----->定位方式:id--->定位值:guidePrice
2019-05-28 18:12:39,382 find_element.py--> get_element 20: INFO ----->定位方式:id--->定位值:salePrice
2019-05-28 18:12:39,729 find_element.py--> get_element 20: INFO ----->定位方式:id--->定位值:preLicenseProvince
2019-05-28 18:12:39,937 find_element.py--> get_element 20: INFO ----->定位方式:xpath--->定位值://*[@id="preLicenseProvince"]/option[3]
2019-05-28 18:24:31,591 login_handle.py--> send_username 20: INFO ----->输入用户名是：ccadmin
2019-05-28 18:24:31,592 find_element.py--> get_element 20: INFO ----->定位方式:id--->定位值:loginId
2019-05-28 18:24:31,691 login_handle.py--> send_password 20: INFO ----->输入密码是：123qwe
2019-05-28 18:24:31,692 find_element.py--> get_element 20: INFO ----->定位方式:id--->定位值:password
2019-05-28 18:24:31,763 find_element.py--> get_element 20: INFO ----->定位方式:className--->定位值:login-submit
2019-05-28 18:24:32,823 find_element.py--> get_element 20: INFO ----->定位方式:id--->定位值:910000
2019-05-28 18:24:33,910 find_element.py--> get_element 20: INFO ----->定位方式:id--->定位值:15000000
2019-05-28 18:24:34,998 find_element.py--> get_element 20: INFO ----->定位方式:xpath--->定位值://*[@id="15080000"]
2019-05-28 18:24:35,080 find_element.py--> get_element 20: INFO ----->定位方式:id--->定位值:15080100
2019-05-28 18:24:37,759 find_element.py--> get_element 20: INFO ----->定位方式:xpath--->定位值://*[@id="btn_xinzeng"]
2019-05-28 18:24:40,515 order_info_handle.py--> send_userinfo 20: INFO ----->输入的手机号：18664158036
2019-05-28 18:24:40,516 find_element.py--> get_element 20: INFO ----->定位方式:id--->定位值:phoneNo
2019-05-28 18:24:41,013 find_element.py--> get_element 20: INFO ----->定位方式:id--->定位值:queryMobile
2019-05-28 18:24:41,181 order_info_handle.py--> send_userinfo 20: INFO ----->输入的身份证号：110108199105025290
2019-05-28 18:24:41,182 find_element.py--> get_element 20: INFO ----->定位方式:id--->定位值:idNumber
2019-05-28 18:24:41,951 find_element.py--> get_element 20: INFO ----->定位方式:id--->定位值:purchaseAmount
2019-05-28 18:24:42,226 find_element.py--> get_element 20: INFO ----->定位方式:xpath--->定位值://*[@id="vehicleModel"]/div/div[1]/div[3]/div/div/button/span[1]
2019-05-28 18:24:42,488 find_element.py--> get_element 20: INFO ----->定位方式:xpath--->定位值://*[@id="vehicleModel"]/div/div[1]/div[3]/div/div/div/ul/li[121]/a
2019-05-28 18:24:42,714 find_element.py--> get_element 20: INFO ----->定位方式:xpath--->定位值://*[@id="vehicleModel"]/div/div[2]/div[1]/div/div/button/span[1]
2019-05-28 18:24:42,911 find_element.py--> get_element 20: INFO ----->定位方式:xpath--->定位值://*[@id="vehicleModel"]/div/div[2]/div[1]/div/div/div/ul/li[27]/a
2019-05-28 18:24:43,141 find_element.py--> get_element 20: INFO ----->定位方式:xpath--->定位值://*[@id="vehicleModel"]/div/div[2]/div[2]/div/div/button/span[1]
2019-05-28 18:24:43,496 find_element.py--> get_element 20: INFO ----->定位方式:xpath--->定位值://*[@id="vehicleModel"]/div/div[2]/div[2]/div/div/div/ul/li[3]/a/span[1]
2019-05-28 18:24:43,731 find_element.py--> get_element 20: INFO ----->定位方式:id--->定位值:guidePrice
2019-05-28 18:24:43,796 find_element.py--> get_element 20: INFO ----->定位方式:id--->定位值:guidePrice
2019-05-28 18:24:44,122 find_element.py--> get_element 20: INFO ----->定位方式:id--->定位值:salePrice
2019-05-28 18:24:44,483 find_element.py--> get_element 20: INFO ----->定位方式:id--->定位值:preLicenseProvince
2019-05-28 18:24:44,682 find_element.py--> get_element 20: INFO ----->定位方式:xpath--->定位值://*[@id="preLicenseProvince"]/option[3]
2019-05-28 18:24:44,793 find_element.py--> get_element 20: INFO ----->定位方式:id--->定位值:preLicenseCity
2019-05-28 18:24:44,956 find_element.py--> get_element 20: INFO ----->定位方式:xpath--->定位值://*[@id="preLicenseCity"]/option[2]
2019-05-28 18:24:45,044 find_element.py--> get_element 20: INFO ----->定位方式:id--->定位值:preLicenseSotre
2019-05-28 18:24:45,209 find_element.py--> get_element 20: INFO ----->定位方式:xpath--->定位值://*[@id="preLicenseSotre"]/option[2]
2019-05-28 18:34:55,917 login_handle.py--> send_username 20: INFO ----->输入用户名是：ccadmin
2019-05-28 18:34:55,918 find_element.py--> get_element 20: INFO ----->定位方式:id--->定位值:loginId
2019-05-28 18:34:56,013 login_handle.py--> send_password 20: INFO ----->输入密码是：123qwe
2019-05-28 18:34:56,015 find_element.py--> get_element 20: INFO ----->定位方式:id--->定位值:password
2019-05-28 18:34:56,081 find_element.py--> get_element 20: INFO ----->定位方式:className--->定位值:login-submit
2019-05-28 18:34:57,140 find_element.py--> get_element 20: INFO ----->定位方式:id--->定位值:910000
2019-05-28 18:34:58,212 find_element.py--> get_element 20: INFO ----->定位方式:id--->定位值:15000000
2019-05-28 18:34:59,280 find_element.py--> get_element 20: INFO ----->定位方式:xpath--->定位值://*[@id="15080000"]
2019-05-28 18:34:59,342 find_element.py--> get_element 20: INFO ----->定位方式:id--->定位值:15080100
2019-05-28 18:35:01,446 find_element.py--> get_element 20: INFO ----->定位方式:xpath--->定位值://*[@id="btn_xinzeng"]
2019-05-28 18:35:03,639 order_info_handle.py--> send_userinfo 20: INFO ----->输入的手机号：18624287206
2019-05-28 18:35:03,640 find_element.py--> get_element 20: INFO ----->定位方式:id--->定位值:phoneNo
2019-05-28 18:35:04,269 find_element.py--> get_element 20: INFO ----->定位方式:id--->定位值:queryMobile
2019-05-28 18:35:04,428 order_info_handle.py--> send_userinfo 20: INFO ----->输入的身份证号：362426197909144652
2019-05-28 18:35:04,430 find_element.py--> get_element 20: INFO ----->定位方式:id--->定位值:idNumber
2019-05-28 18:35:05,150 find_element.py--> get_element 20: INFO ----->定位方式:id--->定位值:purchaseAmount
2019-05-28 18:35:05,430 find_element.py--> get_element 20: INFO ----->定位方式:xpath--->定位值://*[@id="vehicleModel"]/div/div[1]/div[3]/div/div/button/span[1]
2019-05-28 18:35:05,666 find_element.py--> get_element 20: INFO ----->定位方式:xpath--->定位值://*[@id="vehicleModel"]/div/div[1]/div[3]/div/div/div/ul/li[121]/a
2019-05-28 18:35:05,844 find_element.py--> get_element 20: INFO ----->定位方式:xpath--->定位值://*[@id="vehicleModel"]/div/div[2]/div[1]/div/div/button/span[1]
2019-05-28 18:35:06,043 find_element.py--> get_element 20: INFO ----->定位方式:xpath--->定位值://*[@id="vehicleModel"]/div/div[2]/div[1]/div/div/div/ul/li[27]/a
2019-05-28 18:35:06,239 find_element.py--> get_element 20: INFO ----->定位方式:xpath--->定位值://*[@id="vehicleModel"]/div/div[2]/div[2]/div/div/button/span[1]
2019-05-28 18:35:06,450 find_element.py--> get_element 20: INFO ----->定位方式:xpath--->定位值://*[@id="vehicleModel"]/div/div[2]/div[2]/div/div/div/ul/li[3]/a/span[1]
2019-05-28 18:35:06,670 find_element.py--> get_element 20: INFO ----->定位方式:id--->定位值:guidePrice
2019-05-28 18:35:06,736 find_element.py--> get_element 20: INFO ----->定位方式:id--->定位值:guidePrice
2019-05-28 18:35:07,005 find_element.py--> get_element 20: INFO ----->定位方式:id--->定位值:salePrice
2019-05-28 18:35:07,340 find_element.py--> get_element 20: INFO ----->定位方式:id--->定位值:preLicenseProvince
2019-05-28 18:35:07,516 find_element.py--> get_element 20: INFO ----->定位方式:xpath--->定位值://*[@id="preLicenseProvince"]/option[3]
2019-05-28 18:35:07,648 find_element.py--> get_element 20: INFO ----->定位方式:id--->定位值:preLicenseCity
2019-05-28 18:35:07,790 find_element.py--> get_element 20: INFO ----->定位方式:xpath--->定位值://*[@id="preLicenseCity"]/option[2]
2019-05-28 18:35:07,875 find_element.py--> get_element 20: INFO ----->定位方式:id--->定位值:preLicenseSotre
2019-05-28 18:35:08,027 find_element.py--> get_element 20: INFO ----->定位方式:xpath--->定位值://*[@id="preLicenseSotre"]/option[2]
2019-05-28 18:35:08,106 find_element.py--> get_element 20: INFO ----->定位方式:id--->定位值:channelTypeGH
