2019-07-01 17:45:39,730 login_handle.py--> send_username 20: INFO ----->输入用户名是：ccadmin
2019-07-01 17:45:39,732 find_element.py--> get_element 20: INFO ----->定位方式:id--->定位值:loginId
2019-07-01 17:45:39,821 login_handle.py--> send_password 20: INFO ----->输入密码是：123qwe
2019-07-01 17:45:39,824 find_element.py--> get_element 20: INFO ----->定位方式:id--->定位值:password
2019-07-01 17:45:39,899 find_element.py--> get_element 20: INFO ----->定位方式:className--->定位值:login-submit
2019-07-01 17:45:41,445 find_element.py--> get_element 20: INFO ----->定位方式:id--->定位值:910000
2019-07-01 17:45:42,530 find_element.py--> get_element 20: INFO ----->定位方式:id--->定位值:15000000
2019-07-01 17:45:43,601 find_element.py--> get_element 20: INFO ----->定位方式:xpath--->定位值://*[@id="15080000"]
2019-07-01 17:45:43,673 find_element.py--> get_element 20: INFO ----->定位方式:id--->定位值:15080100
2019-07-01 17:45:45,933 find_element.py--> get_element 20: INFO ----->定位方式:xpath--->定位值://*[@id="btn_xinzeng"]
2019-07-01 17:45:47,406 order_info_handle.py--> send_userinfo 20: INFO ----->输入的手机号：18647148029
2019-07-01 17:45:47,409 find_element.py--> get_element 20: INFO ----->定位方式:id--->定位值:phoneNo
2019-07-01 17:45:48,462 find_element.py--> get_element 20: INFO ----->定位方式:id--->定位值:queryMobile
2019-07-01 17:45:49,591 find_element.py--> get_element 20: INFO ----->定位方式:xpath--->定位值://*[@id="customerBase"]/div/div[1]/div[3]/div/div/button/span[1]
2019-07-01 17:45:49,731 find_element.py--> get_element 20: INFO ----->定位方式:xpath--->定位值://*[@id="customerBase"]/div/div[1]/div[3]/div/div/div/ul/li[2]/a/span[1]
2019-07-01 17:45:50,869 find_element.py--> get_element 20: INFO ----->定位方式:xpath--->定位值://*[@id="vehicleModel"]/div/div[1]/div[1]/div/div/button/span[1]
2019-07-01 17:45:51,002 find_element.py--> get_element 20: INFO ----->定位方式:xpath--->定位值://*[@id="vehicleModel"]/div/div[1]/div[1]/div/div/div/ul/li[3]/a/span[1]
2019-07-01 17:45:51,169 find_element.py--> get_element 20: INFO ----->定位方式:id--->定位值:purchaseAmount
2019-07-01 17:45:51,225 find_element.py--> get_element 20: INFO ----->定位方式:xpath--->定位值://*[@id="vehicleModel"]/div/div[1]/div[3]/div/div/button/span[1]
2019-07-01 17:45:51,471 find_element.py--> get_element 20: INFO ----->定位方式:xpath--->定位值://*[@id="vehicleModel"]/div/div[1]/div[3]/div/div/div/ul/li[121]/a
2019-07-01 17:45:51,686 find_element.py--> get_element 20: INFO ----->定位方式:xpath--->定位值://*[@id="vehicleModel"]/div/div[2]/div[1]/div/div/button/span[1]
2019-07-01 17:45:51,856 find_element.py--> get_element 20: INFO ----->定位方式:xpath--->定位值://*[@id="vehicleModel"]/div/div[2]/div[1]/div/div/div/ul/li[27]/a
2019-07-01 17:45:51,994 find_element.py--> get_element 20: INFO ----->定位方式:xpath--->定位值://*[@id="vehicleModel"]/div/div[2]/div[2]/div/div/button/span[1]
2019-07-01 17:45:52,224 find_element.py--> get_element 20: INFO ----->定位方式:xpath--->定位值://*[@id="vehicleModel"]/div/div[2]/div[2]/div/div/div/ul/li[2]/a/span[1]
2019-07-01 17:45:52,404 find_element.py--> get_element 20: INFO ----->定位方式:xpath--->定位值://*[@id="vehicleModel"]/div/div[1]/div[4]/div/div/button/span[1]
2019-07-01 17:45:52,529 find_element.py--> get_element 20: INFO ----->定位方式:xpath--->定位值://*[@id="vehicleModel"]/div/div[1]/div[4]/div/div/div/ul/li[2]/a
2019-07-01 17:45:52,650 find_element.py--> get_element 20: INFO ----->定位方式:id--->定位值:guidePrice
2019-07-01 17:45:52,704 find_element.py--> get_element 20: INFO ----->定位方式:id--->定位值:guidePrice
2019-07-01 17:45:52,923 find_element.py--> get_element 20: INFO ----->定位方式:id--->定位值:salePrice
2019-07-01 17:45:53,238 order_info_business.py--> car_price 20: INFO ----->定金金额：3500
2019-07-01 17:45:53,240 find_element.py--> get_element 20: INFO ----->定位方式:id--->定位值:preLicenseProvince
2019-07-01 17:45:53,388 find_element.py--> get_element 20: INFO ----->定位方式:xpath--->定位值://*[@id="preLicenseProvince"]/option[20]
2019-07-01 17:45:53,472 find_element.py--> get_element 20: INFO ----->定位方式:id--->定位值:preLicenseCity
2019-07-01 17:45:53,625 find_element.py--> get_element 20: INFO ----->定位方式:xpath--->定位值://*[@id="preLicenseCity"]/option[2]
2019-07-01 17:45:53,700 find_element.py--> get_element 20: INFO ----->定位方式:id--->定位值:preLicenseSotre
2019-07-01 17:45:53,843 find_element.py--> get_element 20: INFO ----->定位方式:xpath--->定位值://*[@id="preLicenseSotre"]/option[2]
2019-07-01 17:45:53,941 find_element.py--> get_element 20: INFO ----->定位方式:id--->定位值:channelTypeGH
2019-07-01 17:45:54,105 find_element.py--> get_element 20: INFO ----->定位方式:id--->定位值:realNameSystemNNull
2019-07-01 17:45:54,246 find_element.py--> get_element 20: INFO ----->定位方式:id--->定位值:shopInsuranceNNull
2019-07-01 17:45:54,349 find_element.py--> get_element 20: INFO ----->定位方式:id--->定位值:firstYearVehicleAndVesselTax
2019-07-01 17:45:54,448 find_element.py--> get_element 20: INFO ----->定位方式:id--->定位值:firstYearSali
2019-07-01 17:45:54,557 find_element.py--> get_element 20: INFO ----->定位方式:id--->定位值:firstCommercialTheft
2019-07-01 17:45:54,656 find_element.py--> get_element 20: INFO ----->定位方式:id--->定位值:advancePremiumAmt
2019-07-01 17:45:54,714 find_element.py--> get_element 20: INFO ----->定位方式:id--->定位值:termCount
2019-07-01 17:45:54,847 find_element.py--> get_element 20: INFO ----->定位方式:id--->定位值:monthlyRent
2019-07-01 17:45:55,047 find_element.py--> get_element 20: INFO ----->定位方式:id--->定位值:cusInterestRates
2019-07-01 17:45:55,156 find_element.py--> get_element 20: INFO ----->定位方式:id--->定位值:purchaseTax
2019-07-01 17:45:55,304 find_element.py--> get_element 20: INFO ----->定位方式:id--->定位值:gpsFee
2019-07-01 17:45:55,451 find_element.py--> get_element 20: INFO ----->定位方式:id--->定位值:accountMaintenanceFee
2019-07-01 17:45:55,617 find_element.py--> get_element 20: INFO ----->定位方式:id--->定位值:yxDownPaymentAmt
2019-07-01 17:45:55,808 find_element.py--> get_element 20: INFO ----->定位方式:id--->定位值:yxRiskFinancingAmt
2019-07-01 17:45:55,994 find_element.py--> get_element 20: INFO ----->定位方式:id--->定位值:yxRiskControlFinancingAmt
2019-07-01 17:45:56,160 find_element.py--> get_element 20: INFO ----->定位方式:id--->定位值:hsServiceFee
2019-07-01 17:45:56,321 find_element.py--> get_element 20: INFO ----->定位方式:id--->定位值:licenseFee
2019-07-01 17:45:56,469 find_element.py--> get_element 20: INFO ----->定位方式:id--->定位值:mortgageFee
2019-07-01 17:45:56,617 find_element.py--> get_element 20: INFO ----->定位方式:id--->定位值:totalDownPaymentOtherAmt
2019-07-01 17:45:56,715 find_element.py--> get_element 20: INFO ----->定位方式:id--->定位值:remarkId
2019-07-01 17:45:57,132 find_element.py--> get_element 20: INFO ----->定位方式:xpath--->定位值://*[@id="fanancingInfoHs"]/div/div[2]/div[1]/div/div/button/span[1]
2019-07-01 17:45:57,252 find_element.py--> get_element 20: INFO ----->定位方式:xpath--->定位值://*[@id="fanancingInfoHs"]/div/div[2]/div[1]/div/div/div/ul/li[3]/a/span[1]
2019-07-01 17:45:57,428 find_element.py--> get_element 20: INFO ----->定位方式:id--->定位值:yxOrderNo
2019-07-01 17:45:57,833 find_element.py--> get_element 20: INFO ----->定位方式:xpath--->定位值://*[@id="yxAuditFile"]/div/table/tbody/tr[1]/td[3]/input
2019-07-01 17:45:58,970 find_element.py--> get_element 20: INFO ----->定位方式:xpath--->定位值://*[@id="yx-upload-check"]
2019-07-01 17:46:01,591 find_element.py--> get_element 20: INFO ----->定位方式:xpath--->定位值://*[@id="yx-upload-sub"]
2019-07-01 17:46:01,809 find_element.py--> get_element 20: INFO ----->定位方式:xpath--->定位值://*[@id="cusUpdateModal"]/div/div/div[3]/button
2019-07-01 17:46:02,977 find_element.py--> get_element 20: INFO ----->定位方式:xpath--->定位值://*[@id="yxAuditFile"]/div/table/tbody/tr[2]/td[3]/input
2019-07-01 17:46:04,105 find_element.py--> get_element 20: INFO ----->定位方式:xpath--->定位值://*[@id="yx-upload-check"]
2019-07-01 17:46:07,396 find_element.py--> get_element 20: INFO ----->定位方式:xpath--->定位值://*[@id="yx-upload-check"]
2019-07-01 17:46:09,646 find_element.py--> get_element 20: INFO ----->定位方式:xpath--->定位值://*[@id="yx-upload-sub"]
2019-07-01 17:46:09,806 find_element.py--> get_element 20: INFO ----->定位方式:xpath--->定位值://*[@id="cusUpdateModal"]/div/div/div[3]/button
2019-07-01 17:46:10,928 find_element.py--> get_element 20: INFO ----->定位方式:id--->定位值:basicTempSave
2019-07-01 17:46:12,736 find_element.py--> get_element 20: INFO ----->定位方式:id--->定位值:basicModalBtnNegative
2019-07-01 17:46:13,853 find_element.py--> get_element 20: INFO ----->定位方式:id--->定位值:basicSubmit
2019-07-01 17:46:15,824 find_element.py--> get_element 20: INFO ----->定位方式:id--->定位值:basicModalBtnNegative
2019-07-01 17:46:17,174 find_element.py--> get_element 20: INFO ----->定位方式:name--->定位值:customerPhoneNo
2019-07-01 17:46:17,376 find_element.py--> get_element 20: INFO ----->定位方式:id--->定位值:btnSearch
2019-07-01 17:46:18,536 find_element.py--> get_element 20: INFO ----->定位方式:xpath--->定位值://*[@id="orders"]/tbody/tr[1]/td[1]
2019-07-01 17:46:18,642 find_element.py--> get_element 20: INFO ----->定位方式:id--->定位值:btn_shenhedingdan
2019-07-01 17:46:23,193 find_element.py--> get_element 20: INFO ----->定位方式:id--->定位值:basicSubmit
2019-07-01 17:46:24,363 find_element.py--> get_element 20: INFO ----->定位方式:id--->定位值:basicModalBtnNegative
2019-07-01 17:46:25,631 find_element.py--> get_element 20: INFO ----->定位方式:name--->定位值:customerPhoneNo
2019-07-01 17:46:25,833 find_element.py--> get_element 20: INFO ----->定位方式:id--->定位值:btnSearch
2019-07-01 17:46:26,956 find_element.py--> get_element 20: INFO ----->定位方式:xpath--->定位值://*[@id="orders"]/tbody/tr[1]/td[1]
2019-07-01 17:46:27,585 find_element.py--> get_element 20: INFO ----->定位方式:id--->定位值:btn_xiaoshoujiesuan
2019-07-01 17:46:28,868 find_element.py--> get_element 20: INFO ----->定位方式:xpath--->定位值://*[@id="amtDetail"]/div/div[3]/div/button[1]
2019-07-01 17:46:30,010 find_element.py--> get_element 20: INFO ----->定位方式:xpath--->定位值://*[@id="receiptModel"]/div/div/div[2]/button
2019-07-01 17:46:31,110 find_element.py--> get_element 20: INFO ----->定位方式:id--->定位值:deliveryClose
2019-07-01 17:46:32,222 find_element.py--> get_element 20: INFO ----->定位方式:name--->定位值:customerPhoneNo
2019-07-01 17:46:32,406 find_element.py--> get_element 20: INFO ----->定位方式:id--->定位值:btnSearch
2019-07-01 17:46:33,874 find_element.py--> get_element 20: INFO ----->定位方式:xpath--->定位值://*[@id="orders"]/tbody/tr[1]/td[1]
2019-07-01 17:46:33,973 find_element.py--> get_element 20: INFO ----->定位方式:id--->定位值:btn_shengchenghetong
2019-07-01 17:46:35,161 find_element.py--> get_element 20: INFO ----->定位方式:id--->定位值:hsSignBody
2019-07-01 17:46:35,305 find_element.py--> get_element 20: INFO ----->定位方式:xpath--->定位值://*[@id="hsSignBody"]/option[2]
2019-07-01 17:46:35,359 find_element.py--> get_element 20: INFO ----->定位方式:id--->定位值:makeContract
2019-07-01 17:46:35,465 find_element.py--> get_element 20: INFO ----->定位方式:id--->定位值:deliveryClose
2019-07-01 17:46:36,577 find_element.py--> get_element 20: INFO ----->定位方式:name--->定位值:customerPhoneNo
2019-07-01 17:46:36,770 find_element.py--> get_element 20: INFO ----->定位方式:id--->定位值:btnSearch
2019-07-01 17:46:37,879 find_element.py--> get_element 20: INFO ----->定位方式:xpath--->定位值://*[@id="orders"]/tbody/tr[1]/td[1]
2019-07-01 17:46:37,970 find_element.py--> get_element 20: INFO ----->定位方式:id--->定位值:btn_shangchuanhetong
2019-07-01 17:46:39,078 find_element.py--> get_element 20: INFO ----->定位方式:xpath--->定位值://*[@id="file"]/div/table/tbody/tr[1]/td[3]/input
2019-07-01 17:46:40,334 find_element.py--> get_element 20: INFO ----->定位方式:id--->定位值:yx-upload-check
2019-07-01 17:46:43,658 find_element.py--> get_element 20: INFO ----->定位方式:id--->定位值:yx-upload-sub
2019-07-01 17:46:43,761 find_element.py--> get_element 20: INFO ----->定位方式:xpath--->定位值://*[@id="cusUpdateModal"]/div/div/div[3]/button
2019-07-01 17:46:44,861 find_element.py--> get_element 20: INFO ----->定位方式:xpath--->定位值://*[@id="file"]/div/table/tbody/tr[2]/td[3]/input
2019-07-01 17:46:45,956 find_element.py--> get_element 20: INFO ----->定位方式:id--->定位值:yx-upload-check
2019-07-01 17:46:49,224 find_element.py--> get_element 20: INFO ----->定位方式:id--->定位值:yx-upload-sub
2019-07-01 17:46:49,323 find_element.py--> get_element 20: INFO ----->定位方式:xpath--->定位值://*[@id="cusUpdateModal"]/div/div/div[3]/button
2019-07-01 17:46:50,417 find_element.py--> get_element 20: INFO ----->定位方式:id--->定位值:yxHsContractApply
2019-07-01 17:46:51,508 find_element.py--> get_element 20: INFO ----->定位方式:id--->定位值:basicModalBtnNegative
2019-07-01 17:46:52,977 find_element.py--> get_element 20: INFO ----->定位方式:name--->定位值:customerPhoneNo
2019-07-01 17:46:53,277 find_element.py--> get_element 20: INFO ----->定位方式:id--->定位值:btnSearch
2019-07-01 17:46:54,390 find_element.py--> get_element 20: INFO ----->定位方式:xpath--->定位值://*[@id="orders"]/tbody/tr[1]/td[1]
2019-07-01 17:46:54,497 find_element.py--> get_element 20: INFO ----->定位方式:id--->定位值:btn_shenhehetong
2019-07-01 17:58:54,545 login_handle.py--> send_username 20: INFO ----->输入用户名是：ccadmin
2019-07-01 17:58:54,548 find_element.py--> get_element 20: INFO ----->定位方式:id--->定位值:loginId
2019-07-01 17:58:54,642 login_handle.py--> send_password 20: INFO ----->输入密码是：123qwe
2019-07-01 17:58:54,644 find_element.py--> get_element 20: INFO ----->定位方式:id--->定位值:password
2019-07-01 17:58:54,718 find_element.py--> get_element 20: INFO ----->定位方式:className--->定位值:login-submit
2019-07-01 17:58:56,315 find_element.py--> get_element 20: INFO ----->定位方式:id--->定位值:910000
2019-07-01 17:58:57,392 find_element.py--> get_element 20: INFO ----->定位方式:id--->定位值:15000000
2019-07-01 17:58:58,474 find_element.py--> get_element 20: INFO ----->定位方式:xpath--->定位值://*[@id="15080000"]
2019-07-01 17:58:58,554 find_element.py--> get_element 20: INFO ----->定位方式:id--->定位值:15080100
2019-07-01 17:59:00,925 find_element.py--> get_element 20: INFO ----->定位方式:xpath--->定位值://*[@id="btn_xinzeng"]
2019-07-01 17:59:02,309 order_info_handle.py--> send_userinfo 20: INFO ----->输入的手机号：18630016231
2019-07-01 17:59:02,311 find_element.py--> get_element 20: INFO ----->定位方式:id--->定位值:phoneNo
2019-07-01 17:59:03,407 find_element.py--> get_element 20: INFO ----->定位方式:id--->定位值:queryMobile
2019-07-01 17:59:04,544 find_element.py--> get_element 20: INFO ----->定位方式:xpath--->定位值://*[@id="customerBase"]/div/div[1]/div[3]/div/div/button/span[1]
2019-07-01 17:59:04,695 find_element.py--> get_element 20: INFO ----->定位方式:xpath--->定位值://*[@id="customerBase"]/div/div[1]/div[3]/div/div/div/ul/li[2]/a/span[1]
2019-07-01 17:59:05,839 find_element.py--> get_element 20: INFO ----->定位方式:xpath--->定位值://*[@id="vehicleModel"]/div/div[1]/div[1]/div/div/button/span[1]
2019-07-01 17:59:05,952 find_element.py--> get_element 20: INFO ----->定位方式:xpath--->定位值://*[@id="vehicleModel"]/div/div[1]/div[1]/div/div/div/ul/li[3]/a/span[1]
2019-07-01 17:59:06,137 find_element.py--> get_element 20: INFO ----->定位方式:id--->定位值:purchaseAmount
2019-07-01 17:59:06,197 find_element.py--> get_element 20: INFO ----->定位方式:xpath--->定位值://*[@id="vehicleModel"]/div/div[1]/div[3]/div/div/button/span[1]
2019-07-01 17:59:06,527 find_element.py--> get_element 20: INFO ----->定位方式:xpath--->定位值://*[@id="vehicleModel"]/div/div[1]/div[3]/div/div/div/ul/li[121]/a
2019-07-01 17:59:06,747 find_element.py--> get_element 20: INFO ----->定位方式:xpath--->定位值://*[@id="vehicleModel"]/div/div[2]/div[1]/div/div/button/span[1]
2019-07-01 17:59:06,946 find_element.py--> get_element 20: INFO ----->定位方式:xpath--->定位值://*[@id="vehicleModel"]/div/div[2]/div[1]/div/div/div/ul/li[27]/a
2019-07-01 17:59:07,091 find_element.py--> get_element 20: INFO ----->定位方式:xpath--->定位值://*[@id="vehicleModel"]/div/div[2]/div[2]/div/div/button/span[1]
2019-07-01 17:59:07,312 find_element.py--> get_element 20: INFO ----->定位方式:xpath--->定位值://*[@id="vehicleModel"]/div/div[2]/div[2]/div/div/div/ul/li[2]/a/span[1]
2019-07-01 17:59:07,451 find_element.py--> get_element 20: INFO ----->定位方式:xpath--->定位值://*[@id="vehicleModel"]/div/div[1]/div[4]/div/div/button/span[1]
2019-07-01 17:59:07,601 find_element.py--> get_element 20: INFO ----->定位方式:xpath--->定位值://*[@id="vehicleModel"]/div/div[1]/div[4]/div/div/div/ul/li[2]/a
2019-07-01 17:59:07,727 find_element.py--> get_element 20: INFO ----->定位方式:id--->定位值:guidePrice
2019-07-01 17:59:07,778 find_element.py--> get_element 20: INFO ----->定位方式:id--->定位值:guidePrice
2019-07-01 17:59:08,000 find_element.py--> get_element 20: INFO ----->定位方式:id--->定位值:salePrice
2019-07-01 17:59:08,339 order_info_business.py--> car_price 20: INFO ----->定金金额：3500
2019-07-01 17:59:08,341 find_element.py--> get_element 20: INFO ----->定位方式:id--->定位值:preLicenseProvince
2019-07-01 17:59:08,490 find_element.py--> get_element 20: INFO ----->定位方式:xpath--->定位值://*[@id="preLicenseProvince"]/option[20]
2019-07-01 17:59:08,612 find_element.py--> get_element 20: INFO ----->定位方式:id--->定位值:preLicenseCity
2019-07-01 17:59:08,755 find_element.py--> get_element 20: INFO ----->定位方式:xpath--->定位值://*[@id="preLicenseCity"]/option[2]
2019-07-01 17:59:08,849 find_element.py--> get_element 20: INFO ----->定位方式:id--->定位值:preLicenseSotre
2019-07-01 17:59:08,984 find_element.py--> get_element 20: INFO ----->定位方式:xpath--->定位值://*[@id="preLicenseSotre"]/option[2]
2019-07-01 17:59:09,056 find_element.py--> get_element 20: INFO ----->定位方式:id--->定位值:channelTypeGH
2019-07-01 17:59:09,241 find_element.py--> get_element 20: INFO ----->定位方式:id--->定位值:realNameSystemNNull
2019-07-01 17:59:09,410 find_element.py--> get_element 20: INFO ----->定位方式:id--->定位值:shopInsuranceNNull
2019-07-01 17:59:09,495 find_element.py--> get_element 20: INFO ----->定位方式:id--->定位值:firstYearVehicleAndVesselTax
2019-07-01 17:59:09,589 find_element.py--> get_element 20: INFO ----->定位方式:id--->定位值:firstYearSali
2019-07-01 17:59:09,686 find_element.py--> get_element 20: INFO ----->定位方式:id--->定位值:firstCommercialTheft
2019-07-01 17:59:09,785 find_element.py--> get_element 20: INFO ----->定位方式:id--->定位值:advancePremiumAmt
2019-07-01 17:59:09,842 find_element.py--> get_element 20: INFO ----->定位方式:id--->定位值:termCount
2019-07-01 17:59:10,020 find_element.py--> get_element 20: INFO ----->定位方式:id--->定位值:monthlyRent
2019-07-01 17:59:10,224 find_element.py--> get_element 20: INFO ----->定位方式:id--->定位值:cusInterestRates
2019-07-01 17:59:10,308 find_element.py--> get_element 20: INFO ----->定位方式:id--->定位值:purchaseTax
2019-07-01 17:59:10,456 find_element.py--> get_element 20: INFO ----->定位方式:id--->定位值:gpsFee
2019-07-01 17:59:10,608 find_element.py--> get_element 20: INFO ----->定位方式:id--->定位值:accountMaintenanceFee
2019-07-01 17:59:10,783 find_element.py--> get_element 20: INFO ----->定位方式:id--->定位值:yxDownPaymentAmt
2019-07-01 17:59:10,980 find_element.py--> get_element 20: INFO ----->定位方式:id--->定位值:yxRiskFinancingAmt
2019-07-01 17:59:11,132 find_element.py--> get_element 20: INFO ----->定位方式:id--->定位值:yxRiskControlFinancingAmt
2019-07-01 17:59:11,373 find_element.py--> get_element 20: INFO ----->定位方式:id--->定位值:hsServiceFee
2019-07-01 17:59:11,536 find_element.py--> get_element 20: INFO ----->定位方式:id--->定位值:licenseFee
2019-07-01 17:59:11,695 find_element.py--> get_element 20: INFO ----->定位方式:id--->定位值:mortgageFee
2019-07-01 17:59:11,845 find_element.py--> get_element 20: INFO ----->定位方式:id--->定位值:totalDownPaymentOtherAmt
2019-07-01 17:59:11,943 find_element.py--> get_element 20: INFO ----->定位方式:id--->定位值:remarkId
2019-07-01 17:59:12,357 find_element.py--> get_element 20: INFO ----->定位方式:xpath--->定位值://*[@id="fanancingInfoHs"]/div/div[2]/div[1]/div/div/button/span[1]
2019-07-01 17:59:12,492 find_element.py--> get_element 20: INFO ----->定位方式:xpath--->定位值://*[@id="fanancingInfoHs"]/div/div[2]/div[1]/div/div/div/ul/li[3]/a/span[1]
2019-07-01 17:59:12,654 find_element.py--> get_element 20: INFO ----->定位方式:id--->定位值:yxOrderNo
2019-07-01 17:59:13,057 find_element.py--> get_element 20: INFO ----->定位方式:xpath--->定位值://*[@id="yxAuditFile"]/div/table/tbody/tr[1]/td[3]/input
2019-07-01 17:59:14,196 find_element.py--> get_element 20: INFO ----->定位方式:xpath--->定位值://*[@id="yx-upload-check"]
2019-07-01 17:59:16,691 find_element.py--> get_element 20: INFO ----->定位方式:xpath--->定位值://*[@id="yx-upload-sub"]
2019-07-01 17:59:16,856 find_element.py--> get_element 20: INFO ----->定位方式:xpath--->定位值://*[@id="cusUpdateModal"]/div/div/div[3]/button
2019-07-01 17:59:18,011 find_element.py--> get_element 20: INFO ----->定位方式:xpath--->定位值://*[@id="yxAuditFile"]/div/table/tbody/tr[2]/td[3]/input
2019-07-01 17:59:19,155 find_element.py--> get_element 20: INFO ----->定位方式:xpath--->定位值://*[@id="yx-upload-check"]
2019-07-01 17:59:22,446 find_element.py--> get_element 20: INFO ----->定位方式:xpath--->定位值://*[@id="yx-upload-check"]
2019-07-01 17:59:24,870 find_element.py--> get_element 20: INFO ----->定位方式:xpath--->定位值://*[@id="yx-upload-sub"]
2019-07-01 17:59:25,043 find_element.py--> get_element 20: INFO ----->定位方式:xpath--->定位值://*[@id="cusUpdateModal"]/div/div/div[3]/button
2019-07-01 17:59:26,156 find_element.py--> get_element 20: INFO ----->定位方式:id--->定位值:basicTempSave
2019-07-01 17:59:28,090 find_element.py--> get_element 20: INFO ----->定位方式:id--->定位值:basicModalBtnNegative
2019-07-01 17:59:29,205 find_element.py--> get_element 20: INFO ----->定位方式:id--->定位值:basicSubmit
2019-07-01 17:59:31,063 find_element.py--> get_element 20: INFO ----->定位方式:id--->定位值:basicModalBtnNegative
2019-07-01 17:59:32,233 find_element.py--> get_element 20: INFO ----->定位方式:name--->定位值:customerPhoneNo
2019-07-01 17:59:32,440 find_element.py--> get_element 20: INFO ----->定位方式:id--->定位值:btnSearch
2019-07-01 17:59:33,613 find_element.py--> get_element 20: INFO ----->定位方式:xpath--->定位值://*[@id="orders"]/tbody/tr[1]/td[1]
2019-07-01 17:59:33,711 find_element.py--> get_element 20: INFO ----->定位方式:id--->定位值:btn_shenhedingdan
2019-07-01 17:59:38,346 find_element.py--> get_element 20: INFO ----->定位方式:id--->定位值:basicSubmit
2019-07-01 17:59:39,529 find_element.py--> get_element 20: INFO ----->定位方式:id--->定位值:basicModalBtnNegative
2019-07-01 17:59:40,813 find_element.py--> get_element 20: INFO ----->定位方式:name--->定位值:customerPhoneNo
2019-07-01 17:59:41,011 find_element.py--> get_element 20: INFO ----->定位方式:id--->定位值:btnSearch
2019-07-01 17:59:42,140 find_element.py--> get_element 20: INFO ----->定位方式:xpath--->定位值://*[@id="orders"]/tbody/tr[1]/td[1]
2019-07-01 17:59:42,776 find_element.py--> get_element 20: INFO ----->定位方式:id--->定位值:btn_xiaoshoujiesuan
2019-07-01 17:59:43,974 find_element.py--> get_element 20: INFO ----->定位方式:xpath--->定位值://*[@id="amtDetail"]/div/div[3]/div/button[1]
2019-07-01 17:59:45,104 find_element.py--> get_element 20: INFO ----->定位方式:xpath--->定位值://*[@id="receiptModel"]/div/div/div[2]/button
2019-07-01 17:59:46,200 find_element.py--> get_element 20: INFO ----->定位方式:id--->定位值:deliveryClose
2019-07-01 17:59:47,283 find_element.py--> get_element 20: INFO ----->定位方式:name--->定位值:customerPhoneNo
2019-07-01 17:59:47,457 find_element.py--> get_element 20: INFO ----->定位方式:id--->定位值:btnSearch
2019-07-01 17:59:48,581 find_element.py--> get_element 20: INFO ----->定位方式:xpath--->定位值://*[@id="orders"]/tbody/tr[1]/td[1]
2019-07-01 17:59:48,681 find_element.py--> get_element 20: INFO ----->定位方式:id--->定位值:btn_shengchenghetong
2019-07-01 17:59:49,897 find_element.py--> get_element 20: INFO ----->定位方式:id--->定位值:hsSignBody
2019-07-01 17:59:50,074 find_element.py--> get_element 20: INFO ----->定位方式:xpath--->定位值://*[@id="hsSignBody"]/option[2]
2019-07-01 17:59:50,126 find_element.py--> get_element 20: INFO ----->定位方式:id--->定位值:makeContract
2019-07-01 17:59:50,228 find_element.py--> get_element 20: INFO ----->定位方式:id--->定位值:deliveryClose
2019-07-01 17:59:51,296 find_element.py--> get_element 20: INFO ----->定位方式:name--->定位值:customerPhoneNo
2019-07-01 17:59:51,494 find_element.py--> get_element 20: INFO ----->定位方式:id--->定位值:btnSearch
2019-07-01 17:59:52,617 find_element.py--> get_element 20: INFO ----->定位方式:xpath--->定位值://*[@id="orders"]/tbody/tr[1]/td[1]
2019-07-01 17:59:52,728 find_element.py--> get_element 20: INFO ----->定位方式:id--->定位值:btn_shangchuanhetong
2019-07-01 17:59:53,857 find_element.py--> get_element 20: INFO ----->定位方式:xpath--->定位值://*[@id="file"]/div/table/tbody/tr[1]/td[3]/input
2019-07-01 17:59:55,003 find_element.py--> get_element 20: INFO ----->定位方式:id--->定位值:yx-upload-check
2019-07-01 17:59:58,304 find_element.py--> get_element 20: INFO ----->定位方式:id--->定位值:yx-upload-sub
2019-07-01 17:59:58,402 find_element.py--> get_element 20: INFO ----->定位方式:xpath--->定位值://*[@id="cusUpdateModal"]/div/div/div[3]/button
2019-07-01 17:59:59,504 find_element.py--> get_element 20: INFO ----->定位方式:xpath--->定位值://*[@id="file"]/div/table/tbody/tr[2]/td[3]/input
2019-07-01 18:00:00,601 find_element.py--> get_element 20: INFO ----->定位方式:id--->定位值:yx-upload-check
2019-07-01 18:00:04,033 find_element.py--> get_element 20: INFO ----->定位方式:id--->定位值:yx-upload-sub
2019-07-01 18:00:04,121 find_element.py--> get_element 20: INFO ----->定位方式:xpath--->定位值://*[@id="cusUpdateModal"]/div/div/div[3]/button
2019-07-01 18:00:05,211 find_element.py--> get_element 20: INFO ----->定位方式:id--->定位值:yxHsContractApply
2019-07-01 18:00:06,302 find_element.py--> get_element 20: INFO ----->定位方式:id--->定位值:basicModalBtnNegative
2019-07-01 18:00:07,563 find_element.py--> get_element 20: INFO ----->定位方式:name--->定位值:customerPhoneNo
2019-07-01 18:00:07,911 find_element.py--> get_element 20: INFO ----->定位方式:id--->定位值:btnSearch
2019-07-01 18:00:09,311 find_element.py--> get_element 20: INFO ----->定位方式:xpath--->定位值://*[@id="orders"]/tbody/tr[1]/td[1]
2019-07-01 18:00:09,420 find_element.py--> get_element 20: INFO ----->定位方式:id--->定位值:btn_shenhehetong
2019-07-01 18:00:11,217 find_element.py--> get_element 20: INFO ----->定位方式:id--->定位值:shopInsuranceYNull
2019-07-01 18:01:50,158 login_handle.py--> send_username 20: INFO ----->输入用户名是：ccadmin
2019-07-01 18:01:50,160 find_element.py--> get_element 20: INFO ----->定位方式:id--->定位值:loginId
2019-07-01 18:01:50,260 login_handle.py--> send_password 20: INFO ----->输入密码是：123qwe
2019-07-01 18:01:50,262 find_element.py--> get_element 20: INFO ----->定位方式:id--->定位值:password
2019-07-01 18:01:50,330 find_element.py--> get_element 20: INFO ----->定位方式:className--->定位值:login-submit
2019-07-01 18:01:51,860 find_element.py--> get_element 20: INFO ----->定位方式:id--->定位值:910000
2019-07-01 18:01:52,935 find_element.py--> get_element 20: INFO ----->定位方式:id--->定位值:15000000
2019-07-01 18:01:54,011 find_element.py--> get_element 20: INFO ----->定位方式:xpath--->定位值://*[@id="15080000"]
2019-07-01 18:01:54,075 find_element.py--> get_element 20: INFO ----->定位方式:id--->定位值:15080100
2019-07-01 18:01:56,702 find_element.py--> get_element 20: INFO ----->定位方式:xpath--->定位值://*[@id="btn_xinzeng"]
2019-07-01 18:01:57,966 order_info_handle.py--> send_userinfo 20: INFO ----->输入的手机号：18687371453
2019-07-01 18:01:57,969 find_element.py--> get_element 20: INFO ----->定位方式:id--->定位值:phoneNo
2019-07-01 18:01:59,190 find_element.py--> get_element 20: INFO ----->定位方式:id--->定位值:queryMobile
2019-07-01 18:02:00,362 find_element.py--> get_element 20: INFO ----->定位方式:xpath--->定位值://*[@id="customerBase"]/div/div[1]/div[3]/div/div/button/span[1]
2019-07-01 18:02:00,482 find_element.py--> get_element 20: INFO ----->定位方式:xpath--->定位值://*[@id="customerBase"]/div/div[1]/div[3]/div/div/div/ul/li[2]/a/span[1]
2019-07-01 18:02:01,644 find_element.py--> get_element 20: INFO ----->定位方式:xpath--->定位值://*[@id="vehicleModel"]/div/div[1]/div[1]/div/div/button/span[1]
2019-07-01 18:02:01,762 find_element.py--> get_element 20: INFO ----->定位方式:xpath--->定位值://*[@id="vehicleModel"]/div/div[1]/div[1]/div/div/div/ul/li[3]/a/span[1]
2019-07-01 18:02:01,950 find_element.py--> get_element 20: INFO ----->定位方式:id--->定位值:purchaseAmount
2019-07-01 18:02:02,064 find_element.py--> get_element 20: INFO ----->定位方式:xpath--->定位值://*[@id="vehicleModel"]/div/div[1]/div[3]/div/div/button/span[1]
2019-07-01 18:02:02,328 find_element.py--> get_element 20: INFO ----->定位方式:xpath--->定位值://*[@id="vehicleModel"]/div/div[1]/div[3]/div/div/div/ul/li[121]/a
2019-07-01 18:02:02,596 find_element.py--> get_element 20: INFO ----->定位方式:xpath--->定位值://*[@id="vehicleModel"]/div/div[2]/div[1]/div/div/button/span[1]
2019-07-01 18:02:02,816 find_element.py--> get_element 20: INFO ----->定位方式:xpath--->定位值://*[@id="vehicleModel"]/div/div[2]/div[1]/div/div/div/ul/li[27]/a
2019-07-01 18:02:02,978 find_element.py--> get_element 20: INFO ----->定位方式:xpath--->定位值://*[@id="vehicleModel"]/div/div[2]/div[2]/div/div/button/span[1]
2019-07-01 18:02:03,244 find_element.py--> get_element 20: INFO ----->定位方式:xpath--->定位值://*[@id="vehicleModel"]/div/div[2]/div[2]/div/div/div/ul/li[2]/a/span[1]
2019-07-01 18:02:03,506 find_element.py--> get_element 20: INFO ----->定位方式:xpath--->定位值://*[@id="vehicleModel"]/div/div[1]/div[4]/div/div/button/span[1]
2019-07-01 18:02:03,662 find_element.py--> get_element 20: INFO ----->定位方式:xpath--->定位值://*[@id="vehicleModel"]/div/div[1]/div[4]/div/div/div/ul/li[2]/a
2019-07-01 18:02:03,815 find_element.py--> get_element 20: INFO ----->定位方式:id--->定位值:guidePrice
2019-07-01 18:02:03,880 find_element.py--> get_element 20: INFO ----->定位方式:id--->定位值:guidePrice
2019-07-01 18:02:04,131 find_element.py--> get_element 20: INFO ----->定位方式:id--->定位值:salePrice
2019-07-01 18:02:04,567 order_info_business.py--> car_price 20: INFO ----->定金金额：3500
2019-07-01 18:02:04,569 find_element.py--> get_element 20: INFO ----->定位方式:id--->定位值:preLicenseProvince
2019-07-01 18:02:04,786 find_element.py--> get_element 20: INFO ----->定位方式:xpath--->定位值://*[@id="preLicenseProvince"]/option[20]
2019-07-01 18:02:04,889 find_element.py--> get_element 20: INFO ----->定位方式:id--->定位值:preLicenseCity
2019-07-01 18:02:05,051 find_element.py--> get_element 20: INFO ----->定位方式:xpath--->定位值://*[@id="preLicenseCity"]/option[2]
2019-07-01 18:02:05,149 find_element.py--> get_element 20: INFO ----->定位方式:id--->定位值:preLicenseSotre
2019-07-01 18:02:05,310 find_element.py--> get_element 20: INFO ----->定位方式:xpath--->定位值://*[@id="preLicenseSotre"]/option[2]
2019-07-01 18:02:05,434 find_element.py--> get_element 20: INFO ----->定位方式:id--->定位值:channelTypeGH
2019-07-01 18:02:05,617 find_element.py--> get_element 20: INFO ----->定位方式:id--->定位值:realNameSystemNNull
2019-07-01 18:02:05,830 find_element.py--> get_element 20: INFO ----->定位方式:id--->定位值:shopInsuranceNNull
2019-07-01 18:02:05,927 find_element.py--> get_element 20: INFO ----->定位方式:id--->定位值:firstYearVehicleAndVesselTax
2019-07-01 18:02:06,026 find_element.py--> get_element 20: INFO ----->定位方式:id--->定位值:firstYearSali
2019-07-01 18:02:06,126 find_element.py--> get_element 20: INFO ----->定位方式:id--->定位值:firstCommercialTheft
2019-07-01 18:02:06,222 find_element.py--> get_element 20: INFO ----->定位方式:id--->定位值:advancePremiumAmt
2019-07-01 18:02:06,276 find_element.py--> get_element 20: INFO ----->定位方式:id--->定位值:termCount
2019-07-01 18:02:06,430 find_element.py--> get_element 20: INFO ----->定位方式:id--->定位值:monthlyRent
2019-07-01 18:02:06,689 find_element.py--> get_element 20: INFO ----->定位方式:id--->定位值:cusInterestRates
2019-07-01 18:02:06,774 find_element.py--> get_element 20: INFO ----->定位方式:id--->定位值:purchaseTax
2019-07-01 18:02:06,941 find_element.py--> get_element 20: INFO ----->定位方式:id--->定位值:gpsFee
2019-07-01 18:02:07,110 find_element.py--> get_element 20: INFO ----->定位方式:id--->定位值:accountMaintenanceFee
2019-07-01 18:02:07,257 find_element.py--> get_element 20: INFO ----->定位方式:id--->定位值:yxDownPaymentAmt
2019-07-01 18:02:07,513 find_element.py--> get_element 20: INFO ----->定位方式:id--->定位值:yxRiskFinancingAmt
2019-07-01 18:02:07,679 find_element.py--> get_element 20: INFO ----->定位方式:id--->定位值:yxRiskControlFinancingAmt
2019-07-01 18:02:07,862 find_element.py--> get_element 20: INFO ----->定位方式:id--->定位值:hsServiceFee
2019-07-01 18:02:08,026 find_element.py--> get_element 20: INFO ----->定位方式:id--->定位值:licenseFee
2019-07-01 18:02:08,210 find_element.py--> get_element 20: INFO ----->定位方式:id--->定位值:mortgageFee
2019-07-01 18:02:08,360 find_element.py--> get_element 20: INFO ----->定位方式:id--->定位值:totalDownPaymentOtherAmt
2019-07-01 18:02:08,453 find_element.py--> get_element 20: INFO ----->定位方式:id--->定位值:remarkId
2019-07-01 18:02:08,865 find_element.py--> get_element 20: INFO ----->定位方式:xpath--->定位值://*[@id="fanancingInfoHs"]/div/div[2]/div[1]/div/div/button/span[1]
2019-07-01 18:02:08,982 find_element.py--> get_element 20: INFO ----->定位方式:xpath--->定位值://*[@id="fanancingInfoHs"]/div/div[2]/div[1]/div/div/div/ul/li[3]/a/span[1]
2019-07-01 18:02:09,162 find_element.py--> get_element 20: INFO ----->定位方式:id--->定位值:yxOrderNo
2019-07-01 18:02:09,565 find_element.py--> get_element 20: INFO ----->定位方式:xpath--->定位值://*[@id="yxAuditFile"]/div/table/tbody/tr[1]/td[3]/input
2019-07-01 18:02:10,713 find_element.py--> get_element 20: INFO ----->定位方式:xpath--->定位值://*[@id="yx-upload-check"]
2019-07-01 18:02:13,155 find_element.py--> get_element 20: INFO ----->定位方式:xpath--->定位值://*[@id="yx-upload-sub"]
2019-07-01 18:02:13,348 find_element.py--> get_element 20: INFO ----->定位方式:xpath--->定位值://*[@id="cusUpdateModal"]/div/div/div[3]/button
2019-07-01 18:02:14,475 find_element.py--> get_element 20: INFO ----->定位方式:xpath--->定位值://*[@id="yxAuditFile"]/div/table/tbody/tr[2]/td[3]/input
2019-07-01 18:02:15,611 find_element.py--> get_element 20: INFO ----->定位方式:xpath--->定位值://*[@id="yx-upload-check"]
2019-07-01 18:02:18,980 find_element.py--> get_element 20: INFO ----->定位方式:xpath--->定位值://*[@id="yx-upload-check"]
2019-07-01 18:02:21,230 find_element.py--> get_element 20: INFO ----->定位方式:xpath--->定位值://*[@id="yx-upload-sub"]
2019-07-01 18:02:21,471 find_element.py--> get_element 20: INFO ----->定位方式:xpath--->定位值://*[@id="cusUpdateModal"]/div/div/div[3]/button
2019-07-01 18:02:22,593 find_element.py--> get_element 20: INFO ----->定位方式:id--->定位值:basicTempSave
2019-07-01 18:02:24,250 find_element.py--> get_element 20: INFO ----->定位方式:id--->定位值:basicModalBtnNegative
2019-07-01 18:02:25,375 find_element.py--> get_element 20: INFO ----->定位方式:id--->定位值:basicSubmit
2019-07-01 18:02:27,292 find_element.py--> get_element 20: INFO ----->定位方式:id--->定位值:basicModalBtnNegative
2019-07-01 18:02:28,443 find_element.py--> get_element 20: INFO ----->定位方式:name--->定位值:customerPhoneNo
2019-07-01 18:02:28,687 find_element.py--> get_element 20: INFO ----->定位方式:id--->定位值:btnSearch
2019-07-01 18:02:29,810 find_element.py--> get_element 20: INFO ----->定位方式:xpath--->定位值://*[@id="orders"]/tbody/tr[1]/td[1]
2019-07-01 18:02:29,912 find_element.py--> get_element 20: INFO ----->定位方式:id--->定位值:btn_shenhedingdan
2019-07-01 18:02:34,473 find_element.py--> get_element 20: INFO ----->定位方式:id--->定位值:basicSubmit
2019-07-01 18:02:35,671 find_element.py--> get_element 20: INFO ----->定位方式:id--->定位值:basicModalBtnNegative
2019-07-01 18:02:36,999 find_element.py--> get_element 20: INFO ----->定位方式:name--->定位值:customerPhoneNo
2019-07-01 18:02:37,266 find_element.py--> get_element 20: INFO ----->定位方式:id--->定位值:btnSearch
2019-07-01 18:02:38,379 find_element.py--> get_element 20: INFO ----->定位方式:xpath--->定位值://*[@id="orders"]/tbody/tr[1]/td[1]
2019-07-01 18:02:39,091 find_element.py--> get_element 20: INFO ----->定位方式:id--->定位值:btn_xiaoshoujiesuan
2019-07-01 18:02:40,370 find_element.py--> get_element 20: INFO ----->定位方式:xpath--->定位值://*[@id="amtDetail"]/div/div[3]/div/button[1]
2019-07-01 18:02:41,517 find_element.py--> get_element 20: INFO ----->定位方式:xpath--->定位值://*[@id="receiptModel"]/div/div/div[2]/button
2019-07-01 18:02:42,617 find_element.py--> get_element 20: INFO ----->定位方式:id--->定位值:deliveryClose
2019-07-01 18:02:44,282 find_element.py--> get_element 20: INFO ----->定位方式:name--->定位值:customerPhoneNo
2019-07-01 18:02:44,461 find_element.py--> get_element 20: INFO ----->定位方式:id--->定位值:btnSearch
2019-07-01 18:02:45,587 find_element.py--> get_element 20: INFO ----->定位方式:xpath--->定位值://*[@id="orders"]/tbody/tr[1]/td[1]
2019-07-01 18:02:45,694 find_element.py--> get_element 20: INFO ----->定位方式:id--->定位值:btn_shengchenghetong
2019-07-01 18:02:47,110 find_element.py--> get_element 20: INFO ----->定位方式:id--->定位值:hsSignBody
2019-07-01 18:02:47,245 find_element.py--> get_element 20: INFO ----->定位方式:xpath--->定位值://*[@id="hsSignBody"]/option[2]
2019-07-01 18:02:47,299 find_element.py--> get_element 20: INFO ----->定位方式:id--->定位值:makeContract
2019-07-01 18:02:47,472 find_element.py--> get_element 20: INFO ----->定位方式:id--->定位值:deliveryClose
2019-07-01 18:02:48,711 find_element.py--> get_element 20: INFO ----->定位方式:name--->定位值:customerPhoneNo
2019-07-01 18:02:48,908 find_element.py--> get_element 20: INFO ----->定位方式:id--->定位值:btnSearch
2019-07-01 18:02:50,021 find_element.py--> get_element 20: INFO ----->定位方式:xpath--->定位值://*[@id="orders"]/tbody/tr[1]/td[1]
2019-07-01 18:02:50,127 find_element.py--> get_element 20: INFO ----->定位方式:id--->定位值:btn_shangchuanhetong
2019-07-01 18:02:51,725 find_element.py--> get_element 20: INFO ----->定位方式:xpath--->定位值://*[@id="file"]/div/table/tbody/tr[1]/td[3]/input
2019-07-01 18:02:52,867 find_element.py--> get_element 20: INFO ----->定位方式:id--->定位值:yx-upload-check
2019-07-01 18:02:56,196 find_element.py--> get_element 20: INFO ----->定位方式:id--->定位值:yx-upload-sub
2019-07-01 18:02:56,297 find_element.py--> get_element 20: INFO ----->定位方式:xpath--->定位值://*[@id="cusUpdateModal"]/div/div/div[3]/button
2019-07-01 18:02:57,407 find_element.py--> get_element 20: INFO ----->定位方式:xpath--->定位值://*[@id="file"]/div/table/tbody/tr[2]/td[3]/input
2019-07-01 18:02:58,508 find_element.py--> get_element 20: INFO ----->定位方式:id--->定位值:yx-upload-check
2019-07-01 18:03:01,789 find_element.py--> get_element 20: INFO ----->定位方式:id--->定位值:yx-upload-sub
2019-07-01 18:03:01,875 find_element.py--> get_element 20: INFO ----->定位方式:xpath--->定位值://*[@id="cusUpdateModal"]/div/div/div[3]/button
2019-07-01 18:03:02,958 find_element.py--> get_element 20: INFO ----->定位方式:id--->定位值:yxHsContractApply
2019-07-01 18:03:04,049 find_element.py--> get_element 20: INFO ----->定位方式:id--->定位值:basicModalBtnNegative
2019-07-01 18:03:05,210 find_element.py--> get_element 20: INFO ----->定位方式:name--->定位值:customerPhoneNo
2019-07-01 18:03:05,413 find_element.py--> get_element 20: INFO ----->定位方式:id--->定位值:btnSearch
2019-07-01 18:03:06,537 find_element.py--> get_element 20: INFO ----->定位方式:xpath--->定位值://*[@id="orders"]/tbody/tr[1]/td[1]
2019-07-01 18:03:06,658 find_element.py--> get_element 20: INFO ----->定位方式:id--->定位值:btn_shenhehetong
2019-07-01 18:03:09,324 find_element.py--> get_element 20: INFO ----->定位方式:id--->定位值:shopInsuranceYNull
2019-07-01 18:05:28,215 login_handle.py--> send_username 20: INFO ----->输入用户名是：ccadmin
2019-07-01 18:05:28,218 find_element.py--> get_element 20: INFO ----->定位方式:id--->定位值:loginId
2019-07-01 18:05:28,397 login_handle.py--> send_password 20: INFO ----->输入密码是：123qwe
2019-07-01 18:05:28,400 find_element.py--> get_element 20: INFO ----->定位方式:id--->定位值:password
2019-07-01 18:05:28,500 find_element.py--> get_element 20: INFO ----->定位方式:className--->定位值:login-submit
2019-07-01 18:05:30,053 find_element.py--> get_element 20: INFO ----->定位方式:id--->定位值:910000
2019-07-01 18:05:31,145 find_element.py--> get_element 20: INFO ----->定位方式:id--->定位值:15000000
2019-07-01 18:05:32,218 find_element.py--> get_element 20: INFO ----->定位方式:xpath--->定位值://*[@id="15080000"]
2019-07-01 18:05:32,287 find_element.py--> get_element 20: INFO ----->定位方式:id--->定位值:15080100
2019-07-01 18:05:34,465 find_element.py--> get_element 20: INFO ----->定位方式:xpath--->定位值://*[@id="btn_xinzeng"]
2019-07-01 18:05:35,883 order_info_handle.py--> send_userinfo 20: INFO ----->输入的手机号：18667685442
2019-07-01 18:05:35,885 find_element.py--> get_element 20: INFO ----->定位方式:id--->定位值:phoneNo
2019-07-01 18:05:37,276 find_element.py--> get_element 20: INFO ----->定位方式:id--->定位值:queryMobile
2019-07-01 18:05:38,452 find_element.py--> get_element 20: INFO ----->定位方式:xpath--->定位值://*[@id="customerBase"]/div/div[1]/div[3]/div/div/button/span[1]
2019-07-01 18:05:38,576 find_element.py--> get_element 20: INFO ----->定位方式:xpath--->定位值://*[@id="customerBase"]/div/div[1]/div[3]/div/div/div/ul/li[2]/a/span[1]
2019-07-01 18:05:39,732 find_element.py--> get_element 20: INFO ----->定位方式:xpath--->定位值://*[@id="vehicleModel"]/div/div[1]/div[1]/div/div/button/span[1]
2019-07-01 18:05:39,851 find_element.py--> get_element 20: INFO ----->定位方式:xpath--->定位值://*[@id="vehicleModel"]/div/div[1]/div[1]/div/div/div/ul/li[3]/a/span[1]
2019-07-01 18:05:40,092 find_element.py--> get_element 20: INFO ----->定位方式:id--->定位值:purchaseAmount
2019-07-01 18:05:40,147 find_element.py--> get_element 20: INFO ----->定位方式:xpath--->定位值://*[@id="vehicleModel"]/div/div[1]/div[3]/div/div/button/span[1]
2019-07-01 18:05:40,435 find_element.py--> get_element 20: INFO ----->定位方式:xpath--->定位值://*[@id="vehicleModel"]/div/div[1]/div[3]/div/div/div/ul/li[121]/a
2019-07-01 18:05:40,583 find_element.py--> get_element 20: INFO ----->定位方式:xpath--->定位值://*[@id="vehicleModel"]/div/div[2]/div[1]/div/div/button/span[1]
2019-07-01 18:05:40,781 find_element.py--> get_element 20: INFO ----->定位方式:xpath--->定位值://*[@id="vehicleModel"]/div/div[2]/div[1]/div/div/div/ul/li[27]/a
2019-07-01 18:05:40,916 find_element.py--> get_element 20: INFO ----->定位方式:xpath--->定位值://*[@id="vehicleModel"]/div/div[2]/div[2]/div/div/button/span[1]
2019-07-01 18:05:41,126 find_element.py--> get_element 20: INFO ----->定位方式:xpath--->定位值://*[@id="vehicleModel"]/div/div[2]/div[2]/div/div/div/ul/li[2]/a/span[1]
2019-07-01 18:05:41,287 find_element.py--> get_element 20: INFO ----->定位方式:xpath--->定位值://*[@id="vehicleModel"]/div/div[1]/div[4]/div/div/button/span[1]
2019-07-01 18:05:41,414 find_element.py--> get_element 20: INFO ----->定位方式:xpath--->定位值://*[@id="vehicleModel"]/div/div[1]/div[4]/div/div/div/ul/li[2]/a
2019-07-01 18:05:41,538 find_element.py--> get_element 20: INFO ----->定位方式:id--->定位值:guidePrice
2019-07-01 18:05:41,591 find_element.py--> get_element 20: INFO ----->定位方式:id--->定位值:guidePrice
2019-07-01 18:05:41,837 find_element.py--> get_element 20: INFO ----->定位方式:id--->定位值:salePrice
2019-07-01 18:05:42,171 order_info_business.py--> car_price 20: INFO ----->定金金额：3500
2019-07-01 18:05:42,174 find_element.py--> get_element 20: INFO ----->定位方式:id--->定位值:preLicenseProvince
2019-07-01 18:05:42,328 find_element.py--> get_element 20: INFO ----->定位方式:xpath--->定位值://*[@id="preLicenseProvince"]/option[20]
2019-07-01 18:05:42,421 find_element.py--> get_element 20: INFO ----->定位方式:id--->定位值:preLicenseCity
2019-07-01 18:05:42,577 find_element.py--> get_element 20: INFO ----->定位方式:xpath--->定位值://*[@id="preLicenseCity"]/option[2]
2019-07-01 18:05:42,655 find_element.py--> get_element 20: INFO ----->定位方式:id--->定位值:preLicenseSotre
2019-07-01 18:05:42,940 find_element.py--> get_element 20: INFO ----->定位方式:xpath--->定位值://*[@id="preLicenseSotre"]/option[2]
2019-07-01 18:05:43,072 find_element.py--> get_element 20: INFO ----->定位方式:id--->定位值:channelTypeGH
2019-07-01 18:05:43,258 find_element.py--> get_element 20: INFO ----->定位方式:id--->定位值:realNameSystemNNull
2019-07-01 18:05:43,457 find_element.py--> get_element 20: INFO ----->定位方式:id--->定位值:shopInsuranceNNull
2019-07-01 18:05:43,568 find_element.py--> get_element 20: INFO ----->定位方式:id--->定位值:firstYearVehicleAndVesselTax
2019-07-01 18:05:43,691 find_element.py--> get_element 20: INFO ----->定位方式:id--->定位值:firstYearSali
2019-07-01 18:05:43,819 find_element.py--> get_element 20: INFO ----->定位方式:id--->定位值:firstCommercialTheft
2019-07-01 18:05:43,948 find_element.py--> get_element 20: INFO ----->定位方式:id--->定位值:advancePremiumAmt
2019-07-01 18:05:44,025 find_element.py--> get_element 20: INFO ----->定位方式:id--->定位值:termCount
2019-07-01 18:05:44,218 find_element.py--> get_element 20: INFO ----->定位方式:id--->定位值:monthlyRent
2019-07-01 18:05:44,489 find_element.py--> get_element 20: INFO ----->定位方式:id--->定位值:cusInterestRates
2019-07-01 18:05:44,613 find_element.py--> get_element 20: INFO ----->定位方式:id--->定位值:purchaseTax
2019-07-01 18:05:44,813 find_element.py--> get_element 20: INFO ----->定位方式:id--->定位值:gpsFee
2019-07-01 18:05:45,024 find_element.py--> get_element 20: INFO ----->定位方式:id--->定位值:accountMaintenanceFee
2019-07-01 18:05:45,277 find_element.py--> get_element 20: INFO ----->定位方式:id--->定位值:yxDownPaymentAmt
2019-07-01 18:05:45,545 find_element.py--> get_element 20: INFO ----->定位方式:id--->定位值:yxRiskFinancingAmt
2019-07-01 18:05:45,712 find_element.py--> get_element 20: INFO ----->定位方式:id--->定位值:yxRiskControlFinancingAmt
2019-07-01 18:05:45,880 find_element.py--> get_element 20: INFO ----->定位方式:id--->定位值:hsServiceFee
2019-07-01 18:05:46,057 find_element.py--> get_element 20: INFO ----->定位方式:id--->定位值:licenseFee
2019-07-01 18:05:46,219 find_element.py--> get_element 20: INFO ----->定位方式:id--->定位值:mortgageFee
2019-07-01 18:05:46,398 find_element.py--> get_element 20: INFO ----->定位方式:id--->定位值:totalDownPaymentOtherAmt
2019-07-01 18:05:46,499 find_element.py--> get_element 20: INFO ----->定位方式:id--->定位值:remarkId
2019-07-01 18:05:46,906 find_element.py--> get_element 20: INFO ----->定位方式:xpath--->定位值://*[@id="fanancingInfoHs"]/div/div[2]/div[1]/div/div/button/span[1]
2019-07-01 18:05:47,025 find_element.py--> get_element 20: INFO ----->定位方式:xpath--->定位值://*[@id="fanancingInfoHs"]/div/div[2]/div[1]/div/div/div/ul/li[3]/a/span[1]
2019-07-01 18:05:47,181 find_element.py--> get_element 20: INFO ----->定位方式:id--->定位值:yxOrderNo
2019-07-01 18:05:47,605 find_element.py--> get_element 20: INFO ----->定位方式:xpath--->定位值://*[@id="yxAuditFile"]/div/table/tbody/tr[1]/td[3]/input
2019-07-01 18:05:48,749 find_element.py--> get_element 20: INFO ----->定位方式:xpath--->定位值://*[@id="yx-upload-check"]
2019-07-01 18:05:51,222 find_element.py--> get_element 20: INFO ----->定位方式:xpath--->定位值://*[@id="yx-upload-sub"]
2019-07-01 18:05:51,481 find_element.py--> get_element 20: INFO ----->定位方式:xpath--->定位值://*[@id="cusUpdateModal"]/div/div/div[3]/button
2019-07-01 18:05:52,617 find_element.py--> get_element 20: INFO ----->定位方式:xpath--->定位值://*[@id="yxAuditFile"]/div/table/tbody/tr[2]/td[3]/input
2019-07-01 18:05:53,747 find_element.py--> get_element 20: INFO ----->定位方式:xpath--->定位值://*[@id="yx-upload-check"]
2019-07-01 18:05:57,063 find_element.py--> get_element 20: INFO ----->定位方式:xpath--->定位值://*[@id="yx-upload-check"]
2019-07-01 18:05:59,379 find_element.py--> get_element 20: INFO ----->定位方式:xpath--->定位值://*[@id="yx-upload-sub"]
2019-07-01 18:05:59,500 find_element.py--> get_element 20: INFO ----->定位方式:xpath--->定位值://*[@id="cusUpdateModal"]/div/div/div[3]/button
2019-07-01 18:06:00,667 find_element.py--> get_element 20: INFO ----->定位方式:id--->定位值:basicTempSave
2019-07-01 18:06:02,881 find_element.py--> get_element 20: INFO ----->定位方式:id--->定位值:basicModalBtnNegative
2019-07-01 18:06:04,024 find_element.py--> get_element 20: INFO ----->定位方式:id--->定位值:basicSubmit
2019-07-01 18:06:05,977 find_element.py--> get_element 20: INFO ----->定位方式:id--->定位值:basicModalBtnNegative
2019-07-01 18:06:07,099 find_element.py--> get_element 20: INFO ----->定位方式:name--->定位值:customerPhoneNo
2019-07-01 18:06:07,343 find_element.py--> get_element 20: INFO ----->定位方式:id--->定位值:btnSearch
2019-07-01 18:06:08,657 find_element.py--> get_element 20: INFO ----->定位方式:xpath--->定位值://*[@id="orders"]/tbody/tr[1]/td[1]
2019-07-01 18:06:08,768 find_element.py--> get_element 20: INFO ----->定位方式:id--->定位值:btn_shenhedingdan
2019-07-01 18:06:13,331 find_element.py--> get_element 20: INFO ----->定位方式:id--->定位值:basicSubmit
2019-07-01 18:06:14,520 find_element.py--> get_element 20: INFO ----->定位方式:id--->定位值:basicModalBtnNegative
2019-07-01 18:06:15,711 find_element.py--> get_element 20: INFO ----->定位方式:name--->定位值:customerPhoneNo
2019-07-01 18:06:15,983 find_element.py--> get_element 20: INFO ----->定位方式:id--->定位值:btnSearch
2019-07-01 18:06:17,425 find_element.py--> get_element 20: INFO ----->定位方式:xpath--->定位值://*[@id="orders"]/tbody/tr[1]/td[1]
2019-07-01 18:06:18,138 find_element.py--> get_element 20: INFO ----->定位方式:id--->定位值:btn_xiaoshoujiesuan
2019-07-01 18:06:19,284 find_element.py--> get_element 20: INFO ----->定位方式:xpath--->定位值://*[@id="amtDetail"]/div/div[3]/div/button[1]
2019-07-01 18:06:20,485 find_element.py--> get_element 20: INFO ----->定位方式:xpath--->定位值://*[@id="receiptModel"]/div/div/div[2]/button
2019-07-01 18:06:21,584 find_element.py--> get_element 20: INFO ----->定位方式:id--->定位值:deliveryClose
2019-07-01 18:06:22,767 find_element.py--> get_element 20: INFO ----->定位方式:name--->定位值:customerPhoneNo
2019-07-01 18:06:23,023 find_element.py--> get_element 20: INFO ----->定位方式:id--->定位值:btnSearch
2019-07-01 18:06:24,391 find_element.py--> get_element 20: INFO ----->定位方式:xpath--->定位值://*[@id="orders"]/tbody/tr[1]/td[1]
2019-07-01 18:06:24,503 find_element.py--> get_element 20: INFO ----->定位方式:id--->定位值:btn_shengchenghetong
2019-07-01 18:06:25,810 find_element.py--> get_element 20: INFO ----->定位方式:id--->定位值:hsSignBody
2019-07-01 18:06:25,982 find_element.py--> get_element 20: INFO ----->定位方式:xpath--->定位值://*[@id="hsSignBody"]/option[2]
2019-07-01 18:06:26,033 find_element.py--> get_element 20: INFO ----->定位方式:id--->定位值:makeContract
2019-07-01 18:06:26,138 find_element.py--> get_element 20: INFO ----->定位方式:id--->定位值:deliveryClose
2019-07-01 18:06:27,178 find_element.py--> get_element 20: INFO ----->定位方式:name--->定位值:customerPhoneNo
2019-07-01 18:06:27,369 find_element.py--> get_element 20: INFO ----->定位方式:id--->定位值:btnSearch
2019-07-01 18:06:28,469 find_element.py--> get_element 20: INFO ----->定位方式:xpath--->定位值://*[@id="orders"]/tbody/tr[1]/td[1]
2019-07-01 18:06:28,572 find_element.py--> get_element 20: INFO ----->定位方式:id--->定位值:btn_shangchuanhetong
2019-07-01 18:06:30,501 find_element.py--> get_element 20: INFO ----->定位方式:xpath--->定位值://*[@id="file"]/div/table/tbody/tr[1]/td[3]/input
2019-07-01 18:06:31,632 find_element.py--> get_element 20: INFO ----->定位方式:id--->定位值:yx-upload-check
2019-07-01 18:06:34,882 find_element.py--> get_element 20: INFO ----->定位方式:id--->定位值:yx-upload-sub
2019-07-01 18:06:34,979 find_element.py--> get_element 20: INFO ----->定位方式:xpath--->定位值://*[@id="cusUpdateModal"]/div/div/div[3]/button
2019-07-01 18:06:36,079 find_element.py--> get_element 20: INFO ----->定位方式:xpath--->定位值://*[@id="file"]/div/table/tbody/tr[2]/td[3]/input
2019-07-01 18:06:37,178 find_element.py--> get_element 20: INFO ----->定位方式:id--->定位值:yx-upload-check
2019-07-01 18:06:40,528 find_element.py--> get_element 20: INFO ----->定位方式:id--->定位值:yx-upload-sub
2019-07-01 18:06:40,617 find_element.py--> get_element 20: INFO ----->定位方式:xpath--->定位值://*[@id="cusUpdateModal"]/div/div/div[3]/button
2019-07-01 18:06:41,704 find_element.py--> get_element 20: INFO ----->定位方式:id--->定位值:yxHsContractApply
2019-07-01 18:06:42,795 find_element.py--> get_element 20: INFO ----->定位方式:id--->定位值:basicModalBtnNegative
2019-07-01 18:06:44,158 find_element.py--> get_element 20: INFO ----->定位方式:name--->定位值:customerPhoneNo
2019-07-01 18:06:44,363 find_element.py--> get_element 20: INFO ----->定位方式:id--->定位值:btnSearch
2019-07-01 18:06:45,489 find_element.py--> get_element 20: INFO ----->定位方式:xpath--->定位值://*[@id="orders"]/tbody/tr[1]/td[1]
2019-07-01 18:06:45,589 find_element.py--> get_element 20: INFO ----->定位方式:id--->定位值:btn_shenhehetong
2019-07-01 18:06:49,299 find_element.py--> get_element 20: INFO ----->定位方式:id--->定位值:shopInsuranceYNull
2019-07-01 18:19:13,852 login_handle.py--> send_username 20: INFO ----->输入用户名是：ccadmin
2019-07-01 18:19:13,854 find_element.py--> get_element 20: INFO ----->定位方式:id--->定位值:loginId
2019-07-01 18:19:13,930 login_handle.py--> send_password 20: INFO ----->输入密码是：123qwe
2019-07-01 18:19:13,932 find_element.py--> get_element 20: INFO ----->定位方式:id--->定位值:password
2019-07-01 18:19:14,006 find_element.py--> get_element 20: INFO ----->定位方式:className--->定位值:login-submit
2019-07-01 18:19:42,472 login_handle.py--> send_username 20: INFO ----->输入用户名是：ccadmin
2019-07-01 18:19:42,474 find_element.py--> get_element 20: INFO ----->定位方式:id--->定位值:loginId
2019-07-01 18:19:42,576 login_handle.py--> send_password 20: INFO ----->输入密码是：123qwe
2019-07-01 18:19:42,579 find_element.py--> get_element 20: INFO ----->定位方式:id--->定位值:password
2019-07-01 18:19:42,689 find_element.py--> get_element 20: INFO ----->定位方式:className--->定位值:login-submit
2019-07-01 18:19:42,770 find_element.py--> get_element 20: INFO ----->定位方式:id--->定位值:910000
2019-07-01 18:19:42,796 find_element.py--> get_element 20: INFO ----->找不到定位元素
2019-07-01 18:20:59,899 login_handle.py--> send_username 20: INFO ----->输入用户名是：zhaoyunhe1
2019-07-01 18:20:59,901 find_element.py--> get_element 20: INFO ----->定位方式:id--->定位值:loginId
2019-07-01 18:20:59,987 login_handle.py--> send_password 20: INFO ----->输入密码是：123qwe
2019-07-01 18:20:59,989 find_element.py--> get_element 20: INFO ----->定位方式:id--->定位值:password
2019-07-01 18:21:00,049 find_element.py--> get_element 20: INFO ----->定位方式:className--->定位值:login-submit
2019-07-01 18:21:01,681 find_element.py--> get_element 20: INFO ----->定位方式:id--->定位值:910000
2019-07-01 18:21:02,762 find_element.py--> get_element 20: INFO ----->定位方式:id--->定位值:15000000
2019-07-01 18:21:03,832 find_element.py--> get_element 20: INFO ----->定位方式:xpath--->定位值://*[@id="15080000"]
2019-07-01 18:21:03,907 find_element.py--> get_element 20: INFO ----->定位方式:id--->定位值:15080100
2019-07-01 18:21:07,777 find_element.py--> get_element 20: INFO ----->定位方式:xpath--->定位值://*[@id="btn_xinzeng"]
2019-07-01 18:21:09,435 order_info_handle.py--> send_userinfo 20: INFO ----->输入的手机号：18650887536
2019-07-01 18:21:09,437 find_element.py--> get_element 20: INFO ----->定位方式:id--->定位值:phoneNo
2019-07-01 18:21:10,444 find_element.py--> get_element 20: INFO ----->定位方式:id--->定位值:queryMobile
2019-07-01 18:21:11,576 find_element.py--> get_element 20: INFO ----->定位方式:xpath--->定位值://*[@id="customerBase"]/div/div[1]/div[3]/div/div/button/span[1]
2019-07-01 18:21:11,721 find_element.py--> get_element 20: INFO ----->定位方式:xpath--->定位值://*[@id="customerBase"]/div/div[1]/div[3]/div/div/div/ul/li[2]/a/span[1]
2019-07-01 18:21:12,875 find_element.py--> get_element 20: INFO ----->定位方式:xpath--->定位值://*[@id="vehicleModel"]/div/div[1]/div[1]/div/div/button/span[1]
2019-07-01 18:21:13,011 find_element.py--> get_element 20: INFO ----->定位方式:xpath--->定位值://*[@id="vehicleModel"]/div/div[1]/div[1]/div/div/div/ul/li[3]/a/span[1]
2019-07-01 18:21:13,184 find_element.py--> get_element 20: INFO ----->定位方式:id--->定位值:purchaseAmount
2019-07-01 18:21:13,262 find_element.py--> get_element 20: INFO ----->定位方式:xpath--->定位值://*[@id="vehicleModel"]/div/div[1]/div[3]/div/div/button/span[1]
2019-07-01 18:21:13,520 find_element.py--> get_element 20: INFO ----->定位方式:xpath--->定位值://*[@id="vehicleModel"]/div/div[1]/div[3]/div/div/div/ul/li[121]/a
2019-07-01 18:21:13,674 find_element.py--> get_element 20: INFO ----->定位方式:xpath--->定位值://*[@id="vehicleModel"]/div/div[2]/div[1]/div/div/button/span[1]
2019-07-01 18:21:13,850 find_element.py--> get_element 20: INFO ----->定位方式:xpath--->定位值://*[@id="vehicleModel"]/div/div[2]/div[1]/div/div/div/ul/li[27]/a
2019-07-01 18:21:14,050 find_element.py--> get_element 20: INFO ----->定位方式:xpath--->定位值://*[@id="vehicleModel"]/div/div[2]/div[2]/div/div/button/span[1]
2019-07-01 18:21:14,243 find_element.py--> get_element 20: INFO ----->定位方式:xpath--->定位值://*[@id="vehicleModel"]/div/div[2]/div[2]/div/div/div/ul/li[2]/a/span[1]
2019-07-01 18:21:14,385 find_element.py--> get_element 20: INFO ----->定位方式:xpath--->定位值://*[@id="vehicleModel"]/div/div[1]/div[4]/div/div/button/span[1]
2019-07-01 18:21:14,528 find_element.py--> get_element 20: INFO ----->定位方式:xpath--->定位值://*[@id="vehicleModel"]/div/div[1]/div[4]/div/div/div/ul/li[2]/a
2019-07-01 18:21:14,658 find_element.py--> get_element 20: INFO ----->定位方式:id--->定位值:guidePrice
2019-07-01 18:21:14,710 find_element.py--> get_element 20: INFO ----->定位方式:id--->定位值:guidePrice
2019-07-01 18:21:14,949 find_element.py--> get_element 20: INFO ----->定位方式:id--->定位值:salePrice
2019-07-01 18:21:15,278 order_info_business.py--> car_price 20: INFO ----->定金金额：3500
2019-07-01 18:21:15,281 find_element.py--> get_element 20: INFO ----->定位方式:id--->定位值:preLicenseProvince
2019-07-01 18:21:15,435 find_element.py--> get_element 20: INFO ----->定位方式:xpath--->定位值://*[@id="preLicenseProvince"]/option[20]
2019-07-01 18:21:15,609 find_element.py--> get_element 20: INFO ----->定位方式:id--->定位值:preLicenseCity
2019-07-01 18:21:15,759 find_element.py--> get_element 20: INFO ----->定位方式:xpath--->定位值://*[@id="preLicenseCity"]/option[2]
2019-07-01 18:21:15,850 find_element.py--> get_element 20: INFO ----->定位方式:id--->定位值:preLicenseSotre
2019-07-01 18:21:16,059 find_element.py--> get_element 20: INFO ----->定位方式:xpath--->定位值://*[@id="preLicenseSotre"]/option[2]
2019-07-01 18:21:16,173 find_element.py--> get_element 20: INFO ----->定位方式:id--->定位值:channelTypeGH
2019-07-01 18:21:16,389 find_element.py--> get_element 20: INFO ----->定位方式:id--->定位值:realNameSystemNNull
2019-07-01 18:21:16,600 find_element.py--> get_element 20: INFO ----->定位方式:id--->定位值:shopInsuranceNNull
2019-07-01 18:21:16,702 find_element.py--> get_element 20: INFO ----->定位方式:id--->定位值:firstYearVehicleAndVesselTax
2019-07-01 18:21:16,841 find_element.py--> get_element 20: INFO ----->定位方式:id--->定位值:firstYearSali
2019-07-01 18:21:16,981 find_element.py--> get_element 20: INFO ----->定位方式:id--->定位值:firstCommercialTheft
2019-07-01 18:21:17,117 find_element.py--> get_element 20: INFO ----->定位方式:id--->定位值:advancePremiumAmt
2019-07-01 18:21:17,185 find_element.py--> get_element 20: INFO ----->定位方式:id--->定位值:termCount
2019-07-01 18:21:17,365 find_element.py--> get_element 20: INFO ----->定位方式:id--->定位值:monthlyRent
2019-07-01 18:21:17,675 find_element.py--> get_element 20: INFO ----->定位方式:id--->定位值:cusInterestRates
2019-07-01 18:21:17,777 find_element.py--> get_element 20: INFO ----->定位方式:id--->定位值:purchaseTax
2019-07-01 18:21:18,020 find_element.py--> get_element 20: INFO ----->定位方式:id--->定位值:gpsFee
2019-07-01 18:21:18,213 find_element.py--> get_element 20: INFO ----->定位方式:id--->定位值:accountMaintenanceFee
2019-07-01 18:21:18,392 find_element.py--> get_element 20: INFO ----->定位方式:id--->定位值:yxDownPaymentAmt
2019-07-01 18:21:18,628 find_element.py--> get_element 20: INFO ----->定位方式:id--->定位值:yxRiskFinancingAmt
2019-07-01 18:21:18,890 find_element.py--> get_element 20: INFO ----->定位方式:id--->定位值:yxRiskControlFinancingAmt
2019-07-01 18:21:19,138 find_element.py--> get_element 20: INFO ----->定位方式:id--->定位值:hsServiceFee
2019-07-01 18:21:19,327 find_element.py--> get_element 20: INFO ----->定位方式:id--->定位值:licenseFee
2019-07-01 18:21:19,537 find_element.py--> get_element 20: INFO ----->定位方式:id--->定位值:mortgageFee
2019-07-01 18:21:19,710 find_element.py--> get_element 20: INFO ----->定位方式:id--->定位值:totalDownPaymentOtherAmt
2019-07-01 18:21:19,818 find_element.py--> get_element 20: INFO ----->定位方式:id--->定位值:remarkId
2019-07-01 18:21:20,302 find_element.py--> get_element 20: INFO ----->定位方式:xpath--->定位值://*[@id="fanancingInfoHs"]/div/div[2]/div[1]/div/div/button/span[1]
2019-07-01 18:21:20,429 find_element.py--> get_element 20: INFO ----->定位方式:xpath--->定位值://*[@id="fanancingInfoHs"]/div/div[2]/div[1]/div/div/div/ul/li[3]/a/span[1]
2019-07-01 18:21:20,611 find_element.py--> get_element 20: INFO ----->定位方式:id--->定位值:yxOrderNo
2019-07-01 18:21:21,103 find_element.py--> get_element 20: INFO ----->定位方式:xpath--->定位值://*[@id="yxAuditFile"]/div/table/tbody/tr[1]/td[3]/input
2019-07-01 18:21:22,247 find_element.py--> get_element 20: INFO ----->定位方式:xpath--->定位值://*[@id="yx-upload-check"]
2019-07-01 18:21:24,799 find_element.py--> get_element 20: INFO ----->定位方式:xpath--->定位值://*[@id="yx-upload-sub"]
2019-07-01 18:21:25,007 find_element.py--> get_element 20: INFO ----->定位方式:xpath--->定位值://*[@id="cusUpdateModal"]/div/div/div[3]/button
2019-07-01 18:21:26,191 find_element.py--> get_element 20: INFO ----->定位方式:xpath--->定位值://*[@id="yxAuditFile"]/div/table/tbody/tr[2]/td[3]/input
2019-07-01 18:21:27,380 find_element.py--> get_element 20: INFO ----->定位方式:xpath--->定位值://*[@id="yx-upload-check"]
2019-07-01 18:21:30,691 find_element.py--> get_element 20: INFO ----->定位方式:xpath--->定位值://*[@id="yx-upload-check"]
2019-07-01 18:21:32,935 find_element.py--> get_element 20: INFO ----->定位方式:xpath--->定位值://*[@id="yx-upload-sub"]
2019-07-01 18:21:33,187 find_element.py--> get_element 20: INFO ----->定位方式:xpath--->定位值://*[@id="cusUpdateModal"]/div/div/div[3]/button
2019-07-01 18:21:34,343 find_element.py--> get_element 20: INFO ----->定位方式:id--->定位值:basicTempSave
2019-07-01 18:21:36,488 find_element.py--> get_element 20: INFO ----->定位方式:id--->定位值:basicModalBtnNegative
2019-07-01 18:21:37,606 find_element.py--> get_element 20: INFO ----->定位方式:id--->定位值:basicSubmit
2019-07-01 18:21:40,196 find_element.py--> get_element 20: INFO ----->定位方式:id--->定位值:basicModalBtnNegative
2019-07-01 18:21:41,403 find_element.py--> get_element 20: INFO ----->定位方式:name--->定位值:customerPhoneNo
2019-07-01 18:21:41,633 find_element.py--> get_element 20: INFO ----->定位方式:id--->定位值:btnSearch
2019-07-01 18:21:43,014 find_element.py--> get_element 20: INFO ----->定位方式:xpath--->定位值://*[@id="orders"]/tbody/tr[1]/td[1]
2019-07-01 18:21:43,127 find_element.py--> get_element 20: INFO ----->定位方式:id--->定位值:btn_shenhedingdan
2019-07-01 18:21:47,775 find_element.py--> get_element 20: INFO ----->定位方式:id--->定位值:basicSubmit
2019-07-01 18:21:48,969 find_element.py--> get_element 20: INFO ----->定位方式:id--->定位值:basicModalBtnNegative
2019-07-01 18:21:50,167 find_element.py--> get_element 20: INFO ----->定位方式:name--->定位值:customerPhoneNo
2019-07-01 18:21:50,396 find_element.py--> get_element 20: INFO ----->定位方式:id--->定位值:btnSearch
2019-07-01 18:21:51,540 find_element.py--> get_element 20: INFO ----->定位方式:xpath--->定位值://*[@id="orders"]/tbody/tr[1]/td[1]
2019-07-01 18:21:52,224 find_element.py--> get_element 20: INFO ----->定位方式:id--->定位值:btn_xiaoshoujiesuan
2019-07-01 18:21:53,375 find_element.py--> get_element 20: INFO ----->定位方式:xpath--->定位值://*[@id="amtDetail"]/div/div[3]/div/button[1]
2019-07-01 18:21:54,556 find_element.py--> get_element 20: INFO ----->定位方式:xpath--->定位值://*[@id="receiptModel"]/div/div/div[2]/button
2019-07-01 18:21:55,661 find_element.py--> get_element 20: INFO ----->定位方式:id--->定位值:deliveryClose
2019-07-01 18:21:56,926 find_element.py--> get_element 20: INFO ----->定位方式:name--->定位值:customerPhoneNo
2019-07-01 18:21:57,135 find_element.py--> get_element 20: INFO ----->定位方式:id--->定位值:btnSearch
2019-07-01 18:21:58,266 find_element.py--> get_element 20: INFO ----->定位方式:xpath--->定位值://*[@id="orders"]/tbody/tr[1]/td[1]
2019-07-01 18:21:58,362 find_element.py--> get_element 20: INFO ----->定位方式:id--->定位值:btn_shengchenghetong
2019-07-01 18:21:59,613 find_element.py--> get_element 20: INFO ----->定位方式:id--->定位值:hsSignBody
2019-07-01 18:21:59,768 find_element.py--> get_element 20: INFO ----->定位方式:xpath--->定位值://*[@id="hsSignBody"]/option[2]
2019-07-01 18:21:59,828 find_element.py--> get_element 20: INFO ----->定位方式:id--->定位值:makeContract
2019-07-01 18:21:59,943 find_element.py--> get_element 20: INFO ----->定位方式:id--->定位值:deliveryClose
2019-07-01 18:22:01,121 find_element.py--> get_element 20: INFO ----->定位方式:name--->定位值:customerPhoneNo
2019-07-01 18:22:01,347 find_element.py--> get_element 20: INFO ----->定位方式:id--->定位值:btnSearch
2019-07-01 18:22:02,465 find_element.py--> get_element 20: INFO ----->定位方式:xpath--->定位值://*[@id="orders"]/tbody/tr[1]/td[1]
2019-07-01 18:22:02,562 find_element.py--> get_element 20: INFO ----->定位方式:id--->定位值:btn_shangchuanhetong
2019-07-01 18:22:03,790 find_element.py--> get_element 20: INFO ----->定位方式:xpath--->定位值://*[@id="file"]/div/table/tbody/tr[1]/td[3]/input
2019-07-01 18:22:04,939 find_element.py--> get_element 20: INFO ----->定位方式:id--->定位值:yx-upload-check
2019-07-01 18:22:08,247 find_element.py--> get_element 20: INFO ----->定位方式:id--->定位值:yx-upload-sub
2019-07-01 18:22:08,360 find_element.py--> get_element 20: INFO ----->定位方式:xpath--->定位值://*[@id="cusUpdateModal"]/div/div/div[3]/button
2019-07-01 18:22:09,467 find_element.py--> get_element 20: INFO ----->定位方式:xpath--->定位值://*[@id="file"]/div/table/tbody/tr[2]/td[3]/input
2019-07-01 18:22:10,575 find_element.py--> get_element 20: INFO ----->定位方式:id--->定位值:yx-upload-check
2019-07-01 18:22:13,969 find_element.py--> get_element 20: INFO ----->定位方式:id--->定位值:yx-upload-sub
2019-07-01 18:22:14,098 find_element.py--> get_element 20: INFO ----->定位方式:xpath--->定位值://*[@id="cusUpdateModal"]/div/div/div[3]/button
2019-07-01 18:22:15,211 find_element.py--> get_element 20: INFO ----->定位方式:id--->定位值:yxHsContractApply
2019-07-01 18:22:16,312 find_element.py--> get_element 20: INFO ----->定位方式:id--->定位值:basicModalBtnNegative
2019-07-01 18:22:17,531 find_element.py--> get_element 20: INFO ----->定位方式:name--->定位值:customerPhoneNo
2019-07-01 18:22:17,901 find_element.py--> get_element 20: INFO ----->定位方式:id--->定位值:btnSearch
2019-07-01 18:22:19,366 find_element.py--> get_element 20: INFO ----->定位方式:xpath--->定位值://*[@id="orders"]/tbody/tr[1]/td[1]
2019-07-01 18:22:19,470 find_element.py--> get_element 20: INFO ----->定位方式:id--->定位值:btn_shenhehetong
2019-07-01 18:22:24,086 find_element.py--> get_element 20: INFO ----->定位方式:id--->定位值:yxHsContractApply
2019-07-01 18:22:25,234 find_element.py--> get_element 20: INFO ----->定位方式:id--->定位值:basicModalBtnNegative
2019-07-01 18:29:57,500 login_handle.py--> send_username 20: INFO ----->输入用户名是：zhaoyunhe1
2019-07-01 18:29:57,502 find_element.py--> get_element 20: INFO ----->定位方式:id--->定位值:loginId
2019-07-01 18:29:57,595 login_handle.py--> send_password 20: INFO ----->输入密码是：123qwe
2019-07-01 18:29:57,597 find_element.py--> get_element 20: INFO ----->定位方式:id--->定位值:password
2019-07-01 18:29:57,659 find_element.py--> get_element 20: INFO ----->定位方式:className--->定位值:login-submit
2019-07-01 18:29:59,255 find_element.py--> get_element 20: INFO ----->定位方式:id--->定位值:910000
2019-07-01 18:30:00,322 find_element.py--> get_element 20: INFO ----->定位方式:id--->定位值:15000000
2019-07-01 18:30:01,493 find_element.py--> get_element 20: INFO ----->定位方式:xpath--->定位值://*[@id="15080000"]
2019-07-01 18:30:01,586 find_element.py--> get_element 20: INFO ----->定位方式:id--->定位值:15080100
2019-07-01 18:30:43,955 login_handle.py--> send_username 20: INFO ----->输入用户名是：zhaoyunhe1
2019-07-01 18:30:43,957 find_element.py--> get_element 20: INFO ----->定位方式:id--->定位值:loginId
2019-07-01 18:30:44,050 login_handle.py--> send_password 20: INFO ----->输入密码是：123qwe
2019-07-01 18:30:44,052 find_element.py--> get_element 20: INFO ----->定位方式:id--->定位值:password
2019-07-01 18:30:44,115 find_element.py--> get_element 20: INFO ----->定位方式:className--->定位值:login-submit
2019-07-01 18:30:45,709 find_element.py--> get_element 20: INFO ----->定位方式:id--->定位值:910000
2019-07-01 18:30:46,781 find_element.py--> get_element 20: INFO ----->定位方式:id--->定位值:15000000
2019-07-01 18:30:47,881 find_element.py--> get_element 20: INFO ----->定位方式:xpath--->定位值://*[@id="15080000"]
2019-07-01 18:30:47,954 find_element.py--> get_element 20: INFO ----->定位方式:id--->定位值:15080100
2019-07-01 18:30:50,216 find_element.py--> get_element 20: INFO ----->定位方式:name--->定位值:customerPhoneNo
2019-07-01 18:30:50,369 find_element.py--> get_element 20: INFO ----->定位方式:id--->定位值:btnSearch
2019-07-01 18:30:51,510 find_element.py--> get_element 20: INFO ----->定位方式:xpath--->定位值://*[@id="orders"]/tbody/tr[1]/td[1]
2019-07-01 18:30:51,640 find_element.py--> get_element 20: INFO ----->定位方式:id--->定位值:btn_shenhehetong
2019-07-01 18:30:52,751 find_element.py--> get_element 20: INFO ----->定位方式:id--->定位值:yxHsContractApply
2019-07-01 18:30:52,765 find_element.py--> get_element 20: INFO ----->找不到定位元素
2019-07-01 18:31:17,906 login_handle.py--> send_username 20: INFO ----->输入用户名是：zhaoyunhe1
2019-07-01 18:31:17,907 find_element.py--> get_element 20: INFO ----->定位方式:id--->定位值:loginId
2019-07-01 18:31:17,997 login_handle.py--> send_password 20: INFO ----->输入密码是：123qwe
2019-07-01 18:31:17,999 find_element.py--> get_element 20: INFO ----->定位方式:id--->定位值:password
2019-07-01 18:31:18,059 find_element.py--> get_element 20: INFO ----->定位方式:className--->定位值:login-submit
2019-07-01 18:31:19,648 find_element.py--> get_element 20: INFO ----->定位方式:id--->定位值:910000
2019-07-01 18:31:20,718 find_element.py--> get_element 20: INFO ----->定位方式:id--->定位值:15000000
2019-07-01 18:31:21,797 find_element.py--> get_element 20: INFO ----->定位方式:xpath--->定位值://*[@id="15080000"]
2019-07-01 18:31:21,866 find_element.py--> get_element 20: INFO ----->定位方式:id--->定位值:15080100
2019-07-01 18:31:24,223 find_element.py--> get_element 20: INFO ----->定位方式:name--->定位值:customerPhoneNo
2019-07-01 18:31:24,391 find_element.py--> get_element 20: INFO ----->定位方式:id--->定位值:btnSearch
2019-07-01 18:31:25,526 find_element.py--> get_element 20: INFO ----->定位方式:xpath--->定位值://*[@id="orders"]/tbody/tr[1]/td[1]
2019-07-01 18:31:25,631 find_element.py--> get_element 20: INFO ----->定位方式:id--->定位值:btn_shenhehetong
2019-07-01 18:31:30,426 find_element.py--> get_element 20: INFO ----->定位方式:id--->定位值:yxHsContractApply
2019-07-01 18:31:31,586 find_element.py--> get_element 20: INFO ----->定位方式:id--->定位值:basicModalBtnNegative
2019-07-01 18:33:35,961 login_handle.py--> send_username 20: INFO ----->输入用户名是：zhaoyunhe1
2019-07-01 18:33:35,964 find_element.py--> get_element 20: INFO ----->定位方式:id--->定位值:loginId
2019-07-01 18:33:36,092 login_handle.py--> send_password 20: INFO ----->输入密码是：123qwe
2019-07-01 18:33:36,094 find_element.py--> get_element 20: INFO ----->定位方式:id--->定位值:password
2019-07-01 18:33:36,181 find_element.py--> get_element 20: INFO ----->定位方式:className--->定位值:login-submit
2019-07-01 18:33:37,787 find_element.py--> get_element 20: INFO ----->定位方式:id--->定位值:910000
2019-07-01 18:33:38,956 find_element.py--> get_element 20: INFO ----->定位方式:id--->定位值:15000000
2019-07-01 18:33:40,028 find_element.py--> get_element 20: INFO ----->定位方式:xpath--->定位值://*[@id="15080000"]
2019-07-01 18:33:40,092 find_element.py--> get_element 20: INFO ----->定位方式:id--->定位值:15080100
2019-07-01 18:34:29,609 login_handle.py--> send_username 20: INFO ----->输入用户名是：zhaoyunhe1
2019-07-01 18:34:29,611 find_element.py--> get_element 20: INFO ----->定位方式:id--->定位值:loginId
2019-07-01 18:34:29,702 login_handle.py--> send_password 20: INFO ----->输入密码是：123qwe
2019-07-01 18:34:29,704 find_element.py--> get_element 20: INFO ----->定位方式:id--->定位值:password
2019-07-01 18:34:29,765 find_element.py--> get_element 20: INFO ----->定位方式:className--->定位值:login-submit
2019-07-01 18:34:31,328 find_element.py--> get_element 20: INFO ----->定位方式:id--->定位值:910000
2019-07-01 18:34:32,405 find_element.py--> get_element 20: INFO ----->定位方式:id--->定位值:15000000
2019-07-01 18:34:33,494 find_element.py--> get_element 20: INFO ----->定位方式:xpath--->定位值://*[@id="15080000"]
2019-07-01 18:34:33,562 find_element.py--> get_element 20: INFO ----->定位方式:id--->定位值:15080100
