2019-05-29 10:35:29,886 login_handle.py--> send_username 20: INFO ----->输入用户名是：ccadmin
2019-05-29 10:35:29,887 find_element.py--> get_element 20: INFO ----->定位方式:id--->定位值:loginId
2019-05-29 10:35:29,975 login_handle.py--> send_password 20: INFO ----->输入密码是：123qwe
2019-05-29 10:35:29,975 find_element.py--> get_element 20: INFO ----->定位方式:id--->定位值:password
2019-05-29 10:35:30,047 find_element.py--> get_element 20: INFO ----->定位方式:className--->定位值:login-submit
2019-05-29 10:35:31,101 find_element.py--> get_element 20: INFO ----->定位方式:id--->定位值:910000
2019-05-29 10:35:32,617 find_element.py--> get_element 20: INFO ----->定位方式:id--->定位值:15000000
2019-05-29 10:35:33,696 find_element.py--> get_element 20: INFO ----->定位方式:xpath--->定位值://*[@id="15080000"]
2019-05-29 10:35:33,764 find_element.py--> get_element 20: INFO ----->定位方式:id--->定位值:15080100
2019-05-29 10:35:37,140 find_element.py--> get_element 20: INFO ----->定位方式:xpath--->定位值://*[@id="btn_xinzeng"]
2019-05-29 10:35:39,739 order_info_handle.py--> send_userinfo 20: INFO ----->输入的手机号：18683543414
2019-05-29 10:35:39,741 find_element.py--> get_element 20: INFO ----->定位方式:id--->定位值:phoneNo
2019-05-29 10:35:40,140 find_element.py--> get_element 20: INFO ----->定位方式:id--->定位值:queryMobile
2019-05-29 10:35:40,300 order_info_handle.py--> send_userinfo 20: INFO ----->输入的身份证号：110105196703105371
2019-05-29 10:35:40,301 find_element.py--> get_element 20: INFO ----->定位方式:id--->定位值:idNumber
2019-05-29 10:35:41,004 find_element.py--> get_element 20: INFO ----->定位方式:id--->定位值:purchaseAmount
2019-05-29 10:35:41,235 find_element.py--> get_element 20: INFO ----->定位方式:xpath--->定位值://*[@id="vehicleModel"]/div/div[1]/div[3]/div/div/button/span[1]
2019-05-29 10:35:41,537 find_element.py--> get_element 20: INFO ----->定位方式:xpath--->定位值://*[@id="vehicleModel"]/div/div[1]/div[3]/div/div/div/ul/li[121]/a
2019-05-29 10:35:41,737 find_element.py--> get_element 20: INFO ----->定位方式:xpath--->定位值://*[@id="vehicleModel"]/div/div[2]/div[1]/div/div/button/span[1]
2019-05-29 10:35:41,911 find_element.py--> get_element 20: INFO ----->定位方式:xpath--->定位值://*[@id="vehicleModel"]/div/div[2]/div[1]/div/div/div/ul/li[27]/a
2019-05-29 10:35:42,086 find_element.py--> get_element 20: INFO ----->定位方式:xpath--->定位值://*[@id="vehicleModel"]/div/div[2]/div[2]/div/div/button/span[1]
2019-05-29 10:35:42,346 find_element.py--> get_element 20: INFO ----->定位方式:xpath--->定位值://*[@id="vehicleModel"]/div/div[2]/div[2]/div/div/div/ul/li[3]/a/span[1]
2019-05-29 10:35:42,495 find_element.py--> get_element 20: INFO ----->定位方式:id--->定位值:guidePrice
2019-05-29 10:35:42,562 find_element.py--> get_element 20: INFO ----->定位方式:id--->定位值:guidePrice
2019-05-29 10:35:42,823 find_element.py--> get_element 20: INFO ----->定位方式:id--->定位值:salePrice
2019-05-29 10:35:43,137 find_element.py--> get_element 20: INFO ----->定位方式:id--->定位值:preLicenseProvince
2019-05-29 10:35:43,284 find_element.py--> get_element 20: INFO ----->定位方式:xpath--->定位值://*[@id="preLicenseProvince"]/option[3]
2019-05-29 10:35:43,380 find_element.py--> get_element 20: INFO ----->定位方式:id--->定位值:preLicenseCity
2019-05-29 10:35:43,537 find_element.py--> get_element 20: INFO ----->定位方式:xpath--->定位值://*[@id="preLicenseCity"]/option[2]
2019-05-29 10:40:48,933 login_handle.py--> send_username 20: INFO ----->输入用户名是：ccadmin
2019-05-29 10:40:48,934 find_element.py--> get_element 20: INFO ----->定位方式:id--->定位值:loginId
2019-05-29 10:40:49,024 login_handle.py--> send_password 20: INFO ----->输入密码是：123qwe
2019-05-29 10:40:49,025 find_element.py--> get_element 20: INFO ----->定位方式:id--->定位值:password
2019-05-29 10:40:49,090 find_element.py--> get_element 20: INFO ----->定位方式:className--->定位值:login-submit
2019-05-29 10:40:50,156 find_element.py--> get_element 20: INFO ----->定位方式:id--->定位值:910000
2019-05-29 10:40:51,230 find_element.py--> get_element 20: INFO ----->定位方式:id--->定位值:15000000
2019-05-29 10:40:52,317 find_element.py--> get_element 20: INFO ----->定位方式:xpath--->定位值://*[@id="15080000"]
2019-05-29 10:40:52,386 find_element.py--> get_element 20: INFO ----->定位方式:id--->定位值:15080100
2019-05-29 10:40:54,812 find_element.py--> get_element 20: INFO ----->定位方式:xpath--->定位值://*[@id="btn_xinzeng"]
2019-05-29 10:40:58,572 order_info_handle.py--> send_userinfo 20: INFO ----->输入的手机号：18638581633
2019-05-29 10:40:58,574 find_element.py--> get_element 20: INFO ----->定位方式:id--->定位值:phoneNo
2019-05-29 10:40:59,137 find_element.py--> get_element 20: INFO ----->定位方式:id--->定位值:queryMobile
2019-05-29 10:40:59,294 order_info_handle.py--> send_userinfo 20: INFO ----->输入的身份证号：110100195005165693
2019-05-29 10:40:59,296 find_element.py--> get_element 20: INFO ----->定位方式:id--->定位值:idNumber
2019-05-29 10:41:00,088 find_element.py--> get_element 20: INFO ----->定位方式:id--->定位值:purchaseAmount
2019-05-29 10:41:00,416 find_element.py--> get_element 20: INFO ----->定位方式:xpath--->定位值://*[@id="vehicleModel"]/div/div[1]/div[3]/div/div/button/span[1]
2019-05-29 10:41:00,702 find_element.py--> get_element 20: INFO ----->定位方式:xpath--->定位值://*[@id="vehicleModel"]/div/div[1]/div[3]/div/div/div/ul/li[121]/a
2019-05-29 10:41:00,895 find_element.py--> get_element 20: INFO ----->定位方式:xpath--->定位值://*[@id="vehicleModel"]/div/div[2]/div[1]/div/div/button/span[1]
2019-05-29 10:41:01,065 find_element.py--> get_element 20: INFO ----->定位方式:xpath--->定位值://*[@id="vehicleModel"]/div/div[2]/div[1]/div/div/div/ul/li[27]/a
2019-05-29 10:41:01,228 find_element.py--> get_element 20: INFO ----->定位方式:xpath--->定位值://*[@id="vehicleModel"]/div/div[2]/div[2]/div/div/button/span[1]
2019-05-29 10:41:01,496 find_element.py--> get_element 20: INFO ----->定位方式:xpath--->定位值://*[@id="vehicleModel"]/div/div[2]/div[2]/div/div/div/ul/li[3]/a/span[1]
2019-05-29 10:41:01,666 find_element.py--> get_element 20: INFO ----->定位方式:id--->定位值:guidePrice
2019-05-29 10:41:01,714 find_element.py--> get_element 20: INFO ----->定位方式:id--->定位值:guidePrice
2019-05-29 10:41:01,985 find_element.py--> get_element 20: INFO ----->定位方式:id--->定位值:salePrice
2019-05-29 10:41:02,301 find_element.py--> get_element 20: INFO ----->定位方式:id--->定位值:preLicenseProvince
2019-05-29 10:41:02,455 find_element.py--> get_element 20: INFO ----->定位方式:xpath--->定位值://*[@id="preLicenseProvince"]/option[3]
2019-05-29 10:41:02,557 find_element.py--> get_element 20: INFO ----->定位方式:id--->定位值:preLicenseCity
2019-05-29 10:41:02,779 find_element.py--> get_element 20: INFO ----->定位方式:xpath--->定位值://*[@id="preLicenseCity"]/option[2]
2019-05-29 10:41:02,852 find_element.py--> get_element 20: INFO ----->定位方式:id--->定位值:preLicenseSotre
2019-05-29 10:41:03,036 find_element.py--> get_element 20: INFO ----->定位方式:xpath--->定位值://*[@id="preLicenseSotre"]/option[2]
2019-05-29 10:41:03,117 find_element.py--> get_element 20: INFO ----->定位方式:id--->定位值:channelTypeGH
2019-05-29 11:20:57,478 login_handle.py--> send_username 20: INFO ----->输入用户名是：ccadmin
2019-05-29 11:20:57,479 find_element.py--> get_element 20: INFO ----->定位方式:id--->定位值:loginId
2019-05-29 11:20:57,562 login_handle.py--> send_password 20: INFO ----->输入密码是：123qwe
2019-05-29 11:20:57,563 find_element.py--> get_element 20: INFO ----->定位方式:id--->定位值:password
2019-05-29 11:20:57,626 find_element.py--> get_element 20: INFO ----->定位方式:className--->定位值:login-submit
2019-05-29 11:20:58,696 find_element.py--> get_element 20: INFO ----->定位方式:id--->定位值:910000
2019-05-29 11:20:59,786 find_element.py--> get_element 20: INFO ----->定位方式:id--->定位值:15000000
2019-05-29 11:21:00,863 find_element.py--> get_element 20: INFO ----->定位方式:xpath--->定位值://*[@id="15080000"]
2019-05-29 11:21:00,928 find_element.py--> get_element 20: INFO ----->定位方式:id--->定位值:15080100
2019-05-29 11:21:04,127 find_element.py--> get_element 20: INFO ----->定位方式:xpath--->定位值://*[@id="btn_xinzeng"]
2019-05-29 11:21:06,183 order_info_handle.py--> send_userinfo 20: INFO ----->输入的手机号：18650639166
2019-05-29 11:21:06,184 find_element.py--> get_element 20: INFO ----->定位方式:id--->定位值:phoneNo
2019-05-29 11:21:06,548 find_element.py--> get_element 20: INFO ----->定位方式:id--->定位值:queryMobile
2019-05-29 11:21:06,689 order_info_handle.py--> send_userinfo 20: INFO ----->输入的身份证号：362430199606304947
2019-05-29 11:21:06,690 find_element.py--> get_element 20: INFO ----->定位方式:id--->定位值:idNumber
2019-05-29 11:21:07,180 find_element.py--> get_element 20: INFO ----->定位方式:id--->定位值:purchaseAmount
2019-05-29 11:21:07,351 find_element.py--> get_element 20: INFO ----->定位方式:xpath--->定位值://*[@id="vehicleModel"]/div/div[1]/div[3]/div/div/button/span[1]
2019-05-29 11:21:07,615 find_element.py--> get_element 20: INFO ----->定位方式:xpath--->定位值://*[@id="vehicleModel"]/div/div[1]/div[3]/div/div/div/ul/li[121]/a
2019-05-29 11:21:07,793 find_element.py--> get_element 20: INFO ----->定位方式:xpath--->定位值://*[@id="vehicleModel"]/div/div[2]/div[1]/div/div/button/span[1]
2019-05-29 11:21:08,314 find_element.py--> get_element 20: INFO ----->定位方式:xpath--->定位值://*[@id="vehicleModel"]/div/div[2]/div[1]/div/div/div/ul/li[27]/a
2019-05-29 11:21:08,476 find_element.py--> get_element 20: INFO ----->定位方式:xpath--->定位值://*[@id="vehicleModel"]/div/div[2]/div[2]/div/div/button/span[1]
2019-05-29 11:21:08,747 find_element.py--> get_element 20: INFO ----->定位方式:xpath--->定位值://*[@id="vehicleModel"]/div/div[2]/div[2]/div/div/div/ul/li[3]/a/span[1]
2019-05-29 11:21:08,926 find_element.py--> get_element 20: INFO ----->定位方式:id--->定位值:guidePrice
2019-05-29 11:21:08,987 find_element.py--> get_element 20: INFO ----->定位方式:id--->定位值:guidePrice
2019-05-29 11:21:09,245 find_element.py--> get_element 20: INFO ----->定位方式:id--->定位值:salePrice
2019-05-29 11:21:09,582 find_element.py--> get_element 20: INFO ----->定位方式:id--->定位值:preLicenseProvince
2019-05-29 11:21:09,746 find_element.py--> get_element 20: INFO ----->定位方式:xpath--->定位值://*[@id="preLicenseProvince"]/option[3]
2019-05-29 11:21:09,917 find_element.py--> get_element 20: INFO ----->定位方式:id--->定位值:preLicenseCity
2019-05-29 11:21:10,056 find_element.py--> get_element 20: INFO ----->定位方式:xpath--->定位值://*[@id="preLicenseCity"]/option[2]
2019-05-29 11:21:10,132 find_element.py--> get_element 20: INFO ----->定位方式:id--->定位值:preLicenseSotre
2019-05-29 11:21:10,324 find_element.py--> get_element 20: INFO ----->定位方式:xpath--->定位值://*[@id="preLicenseSotre"]/option[2]
2019-05-29 11:21:10,405 find_element.py--> get_element 20: INFO ----->定位方式:id--->定位值:channelTypeGH
2019-05-29 11:22:01,783 login_handle.py--> send_username 20: INFO ----->输入用户名是：ccadmin
2019-05-29 11:22:01,784 find_element.py--> get_element 20: INFO ----->定位方式:id--->定位值:loginId
2019-05-29 11:22:01,871 login_handle.py--> send_password 20: INFO ----->输入密码是：123qwe
2019-05-29 11:22:01,872 find_element.py--> get_element 20: INFO ----->定位方式:id--->定位值:password
2019-05-29 11:22:01,935 find_element.py--> get_element 20: INFO ----->定位方式:className--->定位值:login-submit
2019-05-29 11:22:03,007 find_element.py--> get_element 20: INFO ----->定位方式:id--->定位值:910000
2019-05-29 11:22:04,080 find_element.py--> get_element 20: INFO ----->定位方式:id--->定位值:15000000
2019-05-29 11:22:05,155 find_element.py--> get_element 20: INFO ----->定位方式:xpath--->定位值://*[@id="15080000"]
2019-05-29 11:22:05,224 find_element.py--> get_element 20: INFO ----->定位方式:id--->定位值:15080100
2019-05-29 11:22:07,946 find_element.py--> get_element 20: INFO ----->定位方式:xpath--->定位值://*[@id="btn_xinzeng"]
2019-05-29 11:22:09,868 order_info_handle.py--> send_userinfo 20: INFO ----->输入的手机号：18672164049
2019-05-29 11:22:09,869 find_element.py--> get_element 20: INFO ----->定位方式:id--->定位值:phoneNo
2019-05-29 11:22:10,467 find_element.py--> get_element 20: INFO ----->定位方式:id--->定位值:queryMobile
2019-05-29 11:22:10,614 order_info_handle.py--> send_userinfo 20: INFO ----->输入的身份证号：362432195109130704
2019-05-29 11:22:10,615 find_element.py--> get_element 20: INFO ----->定位方式:id--->定位值:idNumber
2019-05-29 11:22:11,343 find_element.py--> get_element 20: INFO ----->定位方式:id--->定位值:purchaseAmount
2019-05-29 11:22:11,596 find_element.py--> get_element 20: INFO ----->定位方式:xpath--->定位值://*[@id="vehicleModel"]/div/div[1]/div[3]/div/div/button/span[1]
2019-05-29 11:22:11,863 find_element.py--> get_element 20: INFO ----->定位方式:xpath--->定位值://*[@id="vehicleModel"]/div/div[1]/div[3]/div/div/div/ul/li[121]/a
2019-05-29 11:22:12,047 find_element.py--> get_element 20: INFO ----->定位方式:xpath--->定位值://*[@id="vehicleModel"]/div/div[2]/div[1]/div/div/button/span[1]
2019-05-29 11:22:12,243 find_element.py--> get_element 20: INFO ----->定位方式:xpath--->定位值://*[@id="vehicleModel"]/div/div[2]/div[1]/div/div/div/ul/li[27]/a
2019-05-29 11:22:12,404 find_element.py--> get_element 20: INFO ----->定位方式:xpath--->定位值://*[@id="vehicleModel"]/div/div[2]/div[2]/div/div/button/span[1]
2019-05-29 11:22:12,654 find_element.py--> get_element 20: INFO ----->定位方式:xpath--->定位值://*[@id="vehicleModel"]/div/div[2]/div[2]/div/div/div/ul/li[3]/a/span[1]
2019-05-29 11:22:12,847 find_element.py--> get_element 20: INFO ----->定位方式:id--->定位值:guidePrice
2019-05-29 11:22:12,942 find_element.py--> get_element 20: INFO ----->定位方式:id--->定位值:guidePrice
2019-05-29 11:22:13,200 find_element.py--> get_element 20: INFO ----->定位方式:id--->定位值:salePrice
2019-05-29 11:22:13,610 find_element.py--> get_element 20: INFO ----->定位方式:id--->定位值:preLicenseProvince
2019-05-29 11:22:13,833 find_element.py--> get_element 20: INFO ----->定位方式:xpath--->定位值://*[@id="preLicenseProvince"]/option[3]
2019-05-29 11:22:13,947 find_element.py--> get_element 20: INFO ----->定位方式:id--->定位值:preLicenseCity
2019-05-29 11:22:14,100 find_element.py--> get_element 20: INFO ----->定位方式:xpath--->定位值://*[@id="preLicenseCity"]/option[2]
2019-05-29 11:22:14,184 find_element.py--> get_element 20: INFO ----->定位方式:id--->定位值:preLicenseSotre
2019-05-29 11:22:14,340 find_element.py--> get_element 20: INFO ----->定位方式:xpath--->定位值://*[@id="preLicenseSotre"]/option[2]
2019-05-29 11:22:14,426 find_element.py--> get_element 20: INFO ----->定位方式:id--->定位值:channelTypeGH
2019-05-29 11:22:58,767 login_handle.py--> send_username 20: INFO ----->输入用户名是：ccadmin
2019-05-29 11:22:58,768 find_element.py--> get_element 20: INFO ----->定位方式:id--->定位值:loginId
2019-05-29 11:22:58,876 login_handle.py--> send_password 20: INFO ----->输入密码是：123qwe
2019-05-29 11:22:58,877 find_element.py--> get_element 20: INFO ----->定位方式:id--->定位值:password
2019-05-29 11:22:58,951 find_element.py--> get_element 20: INFO ----->定位方式:className--->定位值:login-submit
2019-05-29 11:23:00,014 find_element.py--> get_element 20: INFO ----->定位方式:id--->定位值:910000
2019-05-29 11:23:01,100 find_element.py--> get_element 20: INFO ----->定位方式:id--->定位值:15000000
2019-05-29 11:23:02,171 find_element.py--> get_element 20: INFO ----->定位方式:xpath--->定位值://*[@id="15080000"]
2019-05-29 11:23:02,236 find_element.py--> get_element 20: INFO ----->定位方式:id--->定位值:15080100
2019-05-29 11:23:04,553 find_element.py--> get_element 20: INFO ----->定位方式:xpath--->定位值://*[@id="btn_xinzeng"]
2019-05-29 11:23:07,364 order_info_handle.py--> send_userinfo 20: INFO ----->输入的手机号：18622060718
2019-05-29 11:23:07,365 find_element.py--> get_element 20: INFO ----->定位方式:id--->定位值:phoneNo
2019-05-29 11:23:07,834 find_element.py--> get_element 20: INFO ----->定位方式:id--->定位值:queryMobile
2019-05-29 11:23:07,974 order_info_handle.py--> send_userinfo 20: INFO ----->输入的身份证号：110100195210100561
2019-05-29 11:23:07,977 find_element.py--> get_element 20: INFO ----->定位方式:id--->定位值:idNumber
2019-05-29 11:23:08,718 find_element.py--> get_element 20: INFO ----->定位方式:id--->定位值:purchaseAmount
2019-05-29 11:23:08,955 find_element.py--> get_element 20: INFO ----->定位方式:xpath--->定位值://*[@id="vehicleModel"]/div/div[1]/div[3]/div/div/button/span[1]
2019-05-29 11:23:09,251 find_element.py--> get_element 20: INFO ----->定位方式:xpath--->定位值://*[@id="vehicleModel"]/div/div[1]/div[3]/div/div/div/ul/li[121]/a
2019-05-29 11:23:09,453 find_element.py--> get_element 20: INFO ----->定位方式:xpath--->定位值://*[@id="vehicleModel"]/div/div[2]/div[1]/div/div/button/span[1]
2019-05-29 11:23:09,626 find_element.py--> get_element 20: INFO ----->定位方式:xpath--->定位值://*[@id="vehicleModel"]/div/div[2]/div[1]/div/div/div/ul/li[27]/a
2019-05-29 11:23:09,817 find_element.py--> get_element 20: INFO ----->定位方式:xpath--->定位值://*[@id="vehicleModel"]/div/div[2]/div[2]/div/div/button/span[1]
2019-05-29 11:23:10,086 find_element.py--> get_element 20: INFO ----->定位方式:xpath--->定位值://*[@id="vehicleModel"]/div/div[2]/div[2]/div/div/div/ul/li[3]/a/span[1]
2019-05-29 11:23:10,249 find_element.py--> get_element 20: INFO ----->定位方式:id--->定位值:guidePrice
2019-05-29 11:23:10,298 find_element.py--> get_element 20: INFO ----->定位方式:id--->定位值:guidePrice
2019-05-29 11:23:10,564 find_element.py--> get_element 20: INFO ----->定位方式:id--->定位值:salePrice
2019-05-29 11:23:10,901 find_element.py--> get_element 20: INFO ----->定位方式:id--->定位值:preLicenseProvince
2019-05-29 11:23:11,061 find_element.py--> get_element 20: INFO ----->定位方式:xpath--->定位值://*[@id="preLicenseProvince"]/option[3]
2019-05-29 11:23:11,170 find_element.py--> get_element 20: INFO ----->定位方式:id--->定位值:preLicenseCity
2019-05-29 11:23:11,337 find_element.py--> get_element 20: INFO ----->定位方式:xpath--->定位值://*[@id="preLicenseCity"]/option[2]
2019-05-29 11:23:11,426 find_element.py--> get_element 20: INFO ----->定位方式:id--->定位值:preLicenseSotre
2019-05-29 11:23:11,633 find_element.py--> get_element 20: INFO ----->定位方式:xpath--->定位值://*[@id="preLicenseSotre"]/option[2]
2019-05-29 11:23:11,729 find_element.py--> get_element 20: INFO ----->定位方式:id--->定位值:channelTypeGH
2019-05-29 11:24:12,332 login_handle.py--> send_username 20: INFO ----->输入用户名是：ccadmin
2019-05-29 11:24:12,333 find_element.py--> get_element 20: INFO ----->定位方式:id--->定位值:loginId
2019-05-29 11:24:12,432 login_handle.py--> send_password 20: INFO ----->输入密码是：123qwe
2019-05-29 11:24:12,433 find_element.py--> get_element 20: INFO ----->定位方式:id--->定位值:password
2019-05-29 11:24:12,511 find_element.py--> get_element 20: INFO ----->定位方式:className--->定位值:login-submit
2019-05-29 11:24:13,581 find_element.py--> get_element 20: INFO ----->定位方式:id--->定位值:910000
2019-05-29 11:24:14,663 find_element.py--> get_element 20: INFO ----->定位方式:id--->定位值:15000000
2019-05-29 11:24:15,775 find_element.py--> get_element 20: INFO ----->定位方式:xpath--->定位值://*[@id="15080000"]
2019-05-29 11:24:15,838 find_element.py--> get_element 20: INFO ----->定位方式:id--->定位值:15080100
2019-05-29 11:24:18,086 find_element.py--> get_element 20: INFO ----->定位方式:xpath--->定位值://*[@id="btn_xinzeng"]
2019-05-29 11:24:20,587 order_info_handle.py--> send_userinfo 20: INFO ----->输入的手机号：18661179195
2019-05-29 11:24:20,588 find_element.py--> get_element 20: INFO ----->定位方式:id--->定位值:phoneNo
2019-05-29 11:24:21,113 find_element.py--> get_element 20: INFO ----->定位方式:id--->定位值:queryMobile
2019-05-29 11:24:21,266 order_info_handle.py--> send_userinfo 20: INFO ----->输入的身份证号：362422197304019145
2019-05-29 11:24:21,267 find_element.py--> get_element 20: INFO ----->定位方式:id--->定位值:idNumber
2019-05-29 11:24:22,003 find_element.py--> get_element 20: INFO ----->定位方式:id--->定位值:purchaseAmount
2019-05-29 11:24:22,267 find_element.py--> get_element 20: INFO ----->定位方式:xpath--->定位值://*[@id="vehicleModel"]/div/div[1]/div[3]/div/div/button/span[1]
2019-05-29 11:24:22,537 find_element.py--> get_element 20: INFO ----->定位方式:xpath--->定位值://*[@id="vehicleModel"]/div/div[1]/div[3]/div/div/div/ul/li[121]/a
2019-05-29 11:24:22,719 find_element.py--> get_element 20: INFO ----->定位方式:xpath--->定位值://*[@id="vehicleModel"]/div/div[2]/div[1]/div/div/button/span[1]
2019-05-29 11:24:22,934 find_element.py--> get_element 20: INFO ----->定位方式:xpath--->定位值://*[@id="vehicleModel"]/div/div[2]/div[1]/div/div/div/ul/li[27]/a
2019-05-29 11:24:23,098 find_element.py--> get_element 20: INFO ----->定位方式:xpath--->定位值://*[@id="vehicleModel"]/div/div[2]/div[2]/div/div/button/span[1]
2019-05-29 11:24:23,368 find_element.py--> get_element 20: INFO ----->定位方式:xpath--->定位值://*[@id="vehicleModel"]/div/div[2]/div[2]/div/div/div/ul/li[3]/a/span[1]
2019-05-29 11:24:23,535 find_element.py--> get_element 20: INFO ----->定位方式:id--->定位值:guidePrice
2019-05-29 11:24:23,850 find_element.py--> get_element 20: INFO ----->定位方式:id--->定位值:salePrice
2019-05-29 11:24:24,143 find_element.py--> get_element 20: INFO ----->定位方式:id--->定位值:preLicenseProvince
2019-05-29 11:24:24,305 find_element.py--> get_element 20: INFO ----->定位方式:xpath--->定位值://*[@id="preLicenseProvince"]/option[3]
2019-05-29 11:24:24,399 find_element.py--> get_element 20: INFO ----->定位方式:id--->定位值:preLicenseCity
2019-05-29 11:24:24,548 find_element.py--> get_element 20: INFO ----->定位方式:xpath--->定位值://*[@id="preLicenseCity"]/option[2]
2019-05-29 11:24:24,684 find_element.py--> get_element 20: INFO ----->定位方式:id--->定位值:preLicenseSotre
2019-05-29 11:24:24,828 find_element.py--> get_element 20: INFO ----->定位方式:xpath--->定位值://*[@id="preLicenseSotre"]/option[2]
2019-05-29 11:25:20,126 login_handle.py--> send_username 20: INFO ----->输入用户名是：ccadmin
2019-05-29 11:25:20,126 find_element.py--> get_element 20: INFO ----->定位方式:id--->定位值:loginId
2019-05-29 11:25:20,218 login_handle.py--> send_password 20: INFO ----->输入密码是：123qwe
2019-05-29 11:25:20,220 find_element.py--> get_element 20: INFO ----->定位方式:id--->定位值:password
2019-05-29 11:25:20,283 find_element.py--> get_element 20: INFO ----->定位方式:className--->定位值:login-submit
2019-05-29 11:25:21,353 find_element.py--> get_element 20: INFO ----->定位方式:id--->定位值:910000
2019-05-29 11:25:22,452 find_element.py--> get_element 20: INFO ----->定位方式:id--->定位值:15000000
2019-05-29 11:25:23,531 find_element.py--> get_element 20: INFO ----->定位方式:xpath--->定位值://*[@id="15080000"]
2019-05-29 11:25:23,596 find_element.py--> get_element 20: INFO ----->定位方式:id--->定位值:15080100
2019-05-29 11:25:25,696 find_element.py--> get_element 20: INFO ----->定位方式:xpath--->定位值://*[@id="btn_xinzeng"]
2019-05-29 11:25:28,686 order_info_handle.py--> send_userinfo 20: INFO ----->输入的手机号：18693856957
2019-05-29 11:25:28,687 find_element.py--> get_element 20: INFO ----->定位方式:id--->定位值:phoneNo
2019-05-29 11:25:29,079 find_element.py--> get_element 20: INFO ----->定位方式:id--->定位值:queryMobile
2019-05-29 11:25:29,242 order_info_handle.py--> send_userinfo 20: INFO ----->输入的身份证号：362425197508026540
2019-05-29 11:25:29,243 find_element.py--> get_element 20: INFO ----->定位方式:id--->定位值:idNumber
2019-05-29 11:25:30,978 find_element.py--> get_element 20: INFO ----->定位方式:id--->定位值:purchaseAmount
2019-05-29 11:25:31,248 find_element.py--> get_element 20: INFO ----->定位方式:xpath--->定位值://*[@id="vehicleModel"]/div/div[1]/div[3]/div/div/button/span[1]
2019-05-29 11:25:31,555 find_element.py--> get_element 20: INFO ----->定位方式:xpath--->定位值://*[@id="vehicleModel"]/div/div[1]/div[3]/div/div/div/ul/li[121]/a
2019-05-29 11:25:31,746 find_element.py--> get_element 20: INFO ----->定位方式:xpath--->定位值://*[@id="vehicleModel"]/div/div[2]/div[1]/div/div/button/span[1]
2019-05-29 11:25:31,950 find_element.py--> get_element 20: INFO ----->定位方式:xpath--->定位值://*[@id="vehicleModel"]/div/div[2]/div[1]/div/div/div/ul/li[27]/a
2019-05-29 11:25:32,108 find_element.py--> get_element 20: INFO ----->定位方式:xpath--->定位值://*[@id="vehicleModel"]/div/div[2]/div[2]/div/div/button/span[1]
2019-05-29 11:25:32,327 find_element.py--> get_element 20: INFO ----->定位方式:xpath--->定位值://*[@id="vehicleModel"]/div/div[2]/div[2]/div/div/div/ul/li[3]/a/span[1]
2019-05-29 11:25:32,547 find_element.py--> get_element 20: INFO ----->定位方式:id--->定位值:guidePrice
2019-05-29 11:25:32,596 find_element.py--> get_element 20: INFO ----->定位方式:id--->定位值:guidePrice
2019-05-29 11:25:32,846 find_element.py--> get_element 20: INFO ----->定位方式:id--->定位值:salePrice
2019-05-29 11:25:33,145 find_element.py--> get_element 20: INFO ----->定位方式:id--->定位值:preLicenseProvince
2019-05-29 11:25:33,332 find_element.py--> get_element 20: INFO ----->定位方式:xpath--->定位值://*[@id="preLicenseProvince"]/option[3]
2019-05-29 11:25:33,415 find_element.py--> get_element 20: INFO ----->定位方式:id--->定位值:preLicenseCity
2019-05-29 11:25:33,577 find_element.py--> get_element 20: INFO ----->定位方式:xpath--->定位值://*[@id="preLicenseCity"]/option[2]
2019-05-29 11:25:33,654 find_element.py--> get_element 20: INFO ----->定位方式:id--->定位值:preLicenseSotre
2019-05-29 11:25:33,821 find_element.py--> get_element 20: INFO ----->定位方式:xpath--->定位值://*[@id="preLicenseSotre"]/option[2]
2019-05-29 11:25:33,905 find_element.py--> get_element 20: INFO ----->定位方式:id--->定位值:channelTypeGH
2019-05-29 11:26:09,944 login_handle.py--> send_username 20: INFO ----->输入用户名是：ccadmin
2019-05-29 11:26:09,945 find_element.py--> get_element 20: INFO ----->定位方式:id--->定位值:loginId
2019-05-29 11:26:10,051 login_handle.py--> send_password 20: INFO ----->输入密码是：123qwe
2019-05-29 11:26:10,052 find_element.py--> get_element 20: INFO ----->定位方式:id--->定位值:password
2019-05-29 11:26:10,124 find_element.py--> get_element 20: INFO ----->定位方式:className--->定位值:login-submit
2019-05-29 11:26:11,198 find_element.py--> get_element 20: INFO ----->定位方式:id--->定位值:910000
2019-05-29 11:26:12,280 find_element.py--> get_element 20: INFO ----->定位方式:id--->定位值:15000000
2019-05-29 11:26:13,353 find_element.py--> get_element 20: INFO ----->定位方式:xpath--->定位值://*[@id="15080000"]
2019-05-29 11:26:13,419 find_element.py--> get_element 20: INFO ----->定位方式:id--->定位值:15080100
2019-05-29 11:26:15,805 find_element.py--> get_element 20: INFO ----->定位方式:xpath--->定位值://*[@id="btn_xinzeng"]
2019-05-29 11:26:19,190 order_info_handle.py--> send_userinfo 20: INFO ----->输入的手机号：18676838347
2019-05-29 11:26:19,193 find_element.py--> get_element 20: INFO ----->定位方式:id--->定位值:phoneNo
2019-05-29 11:26:19,733 find_element.py--> get_element 20: INFO ----->定位方式:id--->定位值:queryMobile
2019-05-29 11:26:19,891 order_info_handle.py--> send_userinfo 20: INFO ----->输入的身份证号：362421198203112601
2019-05-29 11:26:19,893 find_element.py--> get_element 20: INFO ----->定位方式:id--->定位值:idNumber
2019-05-29 11:26:20,635 find_element.py--> get_element 20: INFO ----->定位方式:id--->定位值:purchaseAmount
2019-05-29 11:26:20,875 find_element.py--> get_element 20: INFO ----->定位方式:xpath--->定位值://*[@id="vehicleModel"]/div/div[1]/div[3]/div/div/button/span[1]
2019-05-29 11:26:21,148 find_element.py--> get_element 20: INFO ----->定位方式:xpath--->定位值://*[@id="vehicleModel"]/div/div[1]/div[3]/div/div/div/ul/li[121]/a
2019-05-29 11:26:21,377 find_element.py--> get_element 20: INFO ----->定位方式:xpath--->定位值://*[@id="vehicleModel"]/div/div[2]/div[1]/div/div/button/span[1]
2019-05-29 11:26:21,583 find_element.py--> get_element 20: INFO ----->定位方式:xpath--->定位值://*[@id="vehicleModel"]/div/div[2]/div[1]/div/div/div/ul/li[27]/a
2019-05-29 11:26:21,764 find_element.py--> get_element 20: INFO ----->定位方式:xpath--->定位值://*[@id="vehicleModel"]/div/div[2]/div[2]/div/div/button/span[1]
2019-05-29 11:26:22,031 find_element.py--> get_element 20: INFO ----->定位方式:xpath--->定位值://*[@id="vehicleModel"]/div/div[2]/div[2]/div/div/div/ul/li[3]/a/span[1]
2019-05-29 11:26:22,197 find_element.py--> get_element 20: INFO ----->定位方式:id--->定位值:guidePrice
2019-05-29 11:26:22,248 find_element.py--> get_element 20: INFO ----->定位方式:id--->定位值:guidePrice
2019-05-29 11:26:22,505 find_element.py--> get_element 20: INFO ----->定位方式:id--->定位值:salePrice
2019-05-29 11:26:22,819 find_element.py--> get_element 20: INFO ----->定位方式:id--->定位值:preLicenseProvince
2019-05-29 11:26:22,970 find_element.py--> get_element 20: INFO ----->定位方式:xpath--->定位值://*[@id="preLicenseProvince"]/option[3]
2019-05-29 11:26:23,069 find_element.py--> get_element 20: INFO ----->定位方式:id--->定位值:preLicenseCity
2019-05-29 11:26:23,257 find_element.py--> get_element 20: INFO ----->定位方式:xpath--->定位值://*[@id="preLicenseCity"]/option[2]
2019-05-29 11:26:23,345 find_element.py--> get_element 20: INFO ----->定位方式:id--->定位值:preLicenseSotre
2019-05-29 11:26:23,529 find_element.py--> get_element 20: INFO ----->定位方式:xpath--->定位值://*[@id="preLicenseSotre"]/option[2]
2019-05-29 11:26:23,652 find_element.py--> get_element 20: INFO ----->定位方式:id--->定位值:channelTypeGH
