2019-08-13 11:38:25,673 login_handle.py--> send_username 20: INFO ----->输入用户名是：ccadmin
2019-08-13 11:38:25,676 find_element.py--> get_element 20: INFO ----->定位方式:id--->定位值:loginId
2019-08-13 11:38:25,790 login_handle.py--> send_password 20: INFO ----->输入密码是：123qwe
2019-08-13 11:38:25,793 find_element.py--> get_element 20: INFO ----->定位方式:id--->定位值:password
2019-08-13 11:38:25,885 find_element.py--> get_element 20: INFO ----->定位方式:className--->定位值:login-submit
2019-08-13 11:38:27,597 find_element.py--> get_element 20: INFO ----->定位方式:id--->定位值:910000
2019-08-13 11:38:28,692 find_element.py--> get_element 20: INFO ----->定位方式:id--->定位值:15000000
2019-08-13 11:38:29,790 find_element.py--> get_element 20: INFO ----->定位方式:xpath--->定位值://*[@id="15080000"]
2019-08-13 11:38:29,905 find_element.py--> get_element 20: INFO ----->定位方式:id--->定位值:15080100
2019-08-13 11:38:35,638 find_element.py--> get_element 20: INFO ----->定位方式:xpath--->定位值://*[@id="btn_xinzeng"]
2019-08-13 11:38:41,576 order_info_handle.py--> send_userinfo 20: INFO ----->输入的手机号：12069361504
2019-08-13 11:38:41,578 find_element.py--> get_element 20: INFO ----->定位方式:id--->定位值:phoneNo
2019-08-13 11:38:42,676 find_element.py--> get_element 20: INFO ----->定位方式:id--->定位值:queryMobile
2019-08-13 11:38:43,889 find_element.py--> get_element 20: INFO ----->定位方式:xpath--->定位值://*[@id="customerBase"]/div/div[1]/div[3]/div/div/button/span[1]
2019-08-13 11:38:43,891 find_element.py--> get_element 20: INFO ----->找不到定位元素
2019-08-13 11:39:26,001 login_handle.py--> send_username 20: INFO ----->输入用户名是：ccadmin
2019-08-13 11:39:26,004 find_element.py--> get_element 20: INFO ----->定位方式:id--->定位值:loginId
2019-08-13 11:39:26,098 login_handle.py--> send_password 20: INFO ----->输入密码是：123qwe
2019-08-13 11:39:26,100 find_element.py--> get_element 20: INFO ----->定位方式:id--->定位值:password
2019-08-13 11:39:26,179 find_element.py--> get_element 20: INFO ----->定位方式:className--->定位值:login-submit
2019-08-13 11:39:27,877 find_element.py--> get_element 20: INFO ----->定位方式:id--->定位值:910000
2019-08-13 11:39:28,970 find_element.py--> get_element 20: INFO ----->定位方式:id--->定位值:15000000
2019-08-13 11:39:30,064 find_element.py--> get_element 20: INFO ----->定位方式:xpath--->定位值://*[@id="15080000"]
2019-08-13 11:39:30,147 find_element.py--> get_element 20: INFO ----->定位方式:id--->定位值:15080100
2019-08-13 11:39:35,857 find_element.py--> get_element 20: INFO ----->定位方式:xpath--->定位值://*[@id="btn_xinzeng"]
2019-08-13 11:39:41,853 order_info_handle.py--> send_userinfo 20: INFO ----->输入的手机号：12069361504
2019-08-13 11:39:41,856 find_element.py--> get_element 20: INFO ----->定位方式:id--->定位值:phoneNo
2019-08-13 11:39:43,183 find_element.py--> get_element 20: INFO ----->定位方式:id--->定位值:queryMobile
2019-08-13 11:39:44,329 find_element.py--> get_element 20: INFO ----->定位方式:xpath--->定位值://*[@id="customerBase"]/div/div[1]/div[3]/div/div/button/span[1]
2019-08-13 11:39:44,336 find_element.py--> get_element 20: INFO ----->找不到定位元素
