2019-08-08 13:29:21,754 login_handle.py--> send_username 20: INFO ----->输入用户名是：ccadmin
2019-08-08 13:29:21,757 find_element.py--> get_element 20: INFO ----->定位方式:id--->定位值:loginId
2019-08-08 13:29:21,871 login_handle.py--> send_password 20: INFO ----->输入密码是：123qwe
2019-08-08 13:29:21,873 find_element.py--> get_element 20: INFO ----->定位方式:id--->定位值:password
2019-08-08 13:29:21,939 find_element.py--> get_element 20: INFO ----->定位方式:className--->定位值:login-submit
2019-08-08 13:29:23,610 find_element.py--> get_element 20: INFO ----->定位方式:id--->定位值:910000
2019-08-08 13:29:24,708 find_element.py--> get_element 20: INFO ----->定位方式:id--->定位值:15000000
2019-08-08 13:29:25,801 find_element.py--> get_element 20: INFO ----->定位方式:xpath--->定位值://*[@id="15080000"]
2019-08-08 13:29:25,902 find_element.py--> get_element 20: INFO ----->定位方式:id--->定位值:15080100
2019-08-08 13:29:31,612 find_element.py--> get_element 20: INFO ----->定位方式:xpath--->定位值://*[@id="btn_xinzeng"]
2019-08-08 13:29:37,390 order_info_handle.py--> send_userinfo 20: INFO ----->输入的手机号：12069361504
2019-08-08 13:29:37,392 find_element.py--> get_element 20: INFO ----->定位方式:id--->定位值:phoneNo
2019-08-08 13:29:38,569 find_element.py--> get_element 20: INFO ----->定位方式:id--->定位值:queryMobile
2019-08-08 13:29:39,707 find_element.py--> get_element 20: INFO ----->定位方式:xpath--->定位值://*[@id="customerBase"]/div/div[1]/div[3]/div/div/button/span[1]
2019-08-08 13:29:39,843 find_element.py--> get_element 20: INFO ----->定位方式:xpath--->定位值://*[@id="customerBase"]/div/div[1]/div[3]/div/div/div/ul/li[2]/a/span[1]
2019-08-08 13:29:40,988 find_element.py--> get_element 20: INFO ----->定位方式:xpath--->定位值://*[@id="vehicleModel"]/div/div[1]/div[1]/div/div/button/span[1]
2019-08-08 13:29:41,120 find_element.py--> get_element 20: INFO ----->定位方式:xpath--->定位值://*[@id="vehicleModel"]/div/div[1]/div[1]/div/div/div/ul/li[3]/a/span[1]
2019-08-08 13:29:41,250 find_element.py--> get_element 20: INFO ----->定位方式:id--->定位值:purchaseAmount
2019-08-08 13:29:41,317 find_element.py--> get_element 20: INFO ----->定位方式:xpath--->定位值://*[@id="vehicleModel"]/div/div[1]/div[3]/div/div/button/span[1]
2019-08-08 13:29:41,485 find_element.py--> get_element 20: INFO ----->定位方式:xpath--->定位值://*[@id="vehicleModel"]/div/div[1]/div[3]/div/div/div/ul/li[11]/a/span[1]
2019-08-08 13:29:41,638 find_element.py--> get_element 20: INFO ----->定位方式:xpath--->定位值://*[@id="vehicleModel"]/div/div[1]/div[4]/div/div/button/span[1]
2019-08-08 13:29:41,778 find_element.py--> get_element 20: INFO ----->定位方式:xpath--->定位值://*[@id="vehicleModel"]/div/div[1]/div[4]/div/div/div/ul/li[2]/a/span[1]
2019-08-08 13:29:41,904 find_element.py--> get_element 20: INFO ----->定位方式:xpath--->定位值://*[@id="vehicleModel"]/div/div[2]/div[1]/div/div/button/span[1]
2019-08-08 13:29:42,100 find_element.py--> get_element 20: INFO ----->定位方式:xpath--->定位值://*[@id="vehicleModel"]/div/div[2]/div[1]/div/div/div/ul/li[2]/a/span[1]
2019-08-08 13:29:42,253 find_element.py--> get_element 20: INFO ----->定位方式:id--->定位值:factoryName
2019-08-08 13:29:42,394 find_element.py--> get_element 20: INFO ----->定位方式:xpath--->定位值://*[@id="vehicleModel"]/div/div[2]/div[2]/div/div/button/span[1]
2019-08-08 13:29:42,529 find_element.py--> get_element 20: INFO ----->定位方式:xpath--->定位值://*[@id="vehicleModel"]/div/div[2]/div[2]/div/div/div/ul/li[2]/a/span[1]
2019-08-08 13:29:42,681 find_element.py--> get_element 20: INFO ----->定位方式:id--->定位值:guidePrice
2019-08-08 13:29:42,728 find_element.py--> get_element 20: INFO ----->定位方式:id--->定位值:guidePrice
2019-08-08 13:29:42,940 find_element.py--> get_element 20: INFO ----->定位方式:id--->定位值:salePrice
2019-08-08 13:29:43,231 order_info_business.py--> car_price 20: INFO ----->定金金额：3500
2019-08-08 13:29:43,233 find_element.py--> get_element 20: INFO ----->定位方式:id--->定位值:preLicenseProvince
2019-08-08 13:29:43,380 find_element.py--> get_element 20: INFO ----->定位方式:xpath--->定位值://*[@id="preLicenseProvince"]/option[20]
2019-08-08 13:29:43,527 find_element.py--> get_element 20: INFO ----->定位方式:id--->定位值:preLicenseCity
2019-08-08 13:29:43,669 find_element.py--> get_element 20: INFO ----->定位方式:xpath--->定位值://*[@id="preLicenseCity"]/option[2]
2019-08-08 13:29:43,740 find_element.py--> get_element 20: INFO ----->定位方式:id--->定位值:preLicenseSotre
2019-08-08 13:29:43,878 find_element.py--> get_element 20: INFO ----->定位方式:xpath--->定位值://*[@id="preLicenseSotre"]/option[2]
2019-08-08 13:29:43,963 find_element.py--> get_element 20: INFO ----->定位方式:id--->定位值:queryEmissionStandardName
2019-08-08 13:29:44,168 find_element.py--> get_element 20: INFO ----->定位方式:id--->定位值:channelTypeGH
2019-08-08 13:29:44,353 find_element.py--> get_element 20: INFO ----->定位方式:id--->定位值:realNameSystemYNull
2019-08-08 13:29:44,502 find_element.py--> get_element 20: INFO ----->定位方式:id--->定位值:shopInsuranceYNull
2019-08-08 13:29:44,587 find_element.py--> get_element 20: INFO ----->定位方式:id--->定位值:firstYearVehicleAndVesselTax
2019-08-08 13:29:44,681 find_element.py--> get_element 20: INFO ----->定位方式:id--->定位值:firstYearSali
2019-08-08 13:29:44,775 find_element.py--> get_element 20: INFO ----->定位方式:id--->定位值:firstCommercialTheft
2019-08-08 13:29:44,873 find_element.py--> get_element 20: INFO ----->定位方式:id--->定位值:advancePremiumAmt
2019-08-08 13:29:44,930 find_element.py--> get_element 20: INFO ----->定位方式:id--->定位值:termCount
2019-08-08 13:29:45,070 find_element.py--> get_element 20: INFO ----->定位方式:id--->定位值:monthlyRent
2019-08-08 13:29:45,270 find_element.py--> get_element 20: INFO ----->定位方式:id--->定位值:cusInterestRates
2019-08-08 13:29:45,349 find_element.py--> get_element 20: INFO ----->定位方式:id--->定位值:purchaseTax
2019-08-08 13:29:45,500 find_element.py--> get_element 20: INFO ----->定位方式:id--->定位值:gpsFee
2019-08-08 13:29:45,658 find_element.py--> get_element 20: INFO ----->定位方式:id--->定位值:accountMaintenanceFee
2019-08-08 13:29:45,823 find_element.py--> get_element 20: INFO ----->定位方式:id--->定位值:yxDownPaymentAmt
2019-08-08 13:29:46,037 find_element.py--> get_element 20: INFO ----->定位方式:id--->定位值:yxRiskFinancingAmt
2019-08-08 13:29:46,219 find_element.py--> get_element 20: INFO ----->定位方式:id--->定位值:yxRiskControlFinancingAmt
2019-08-08 13:29:46,416 find_element.py--> get_element 20: INFO ----->定位方式:id--->定位值:hsServiceFee
2019-08-08 13:29:46,576 find_element.py--> get_element 20: INFO ----->定位方式:id--->定位值:licenseFee
2019-08-08 13:29:46,724 find_element.py--> get_element 20: INFO ----->定位方式:id--->定位值:mortgageFee
2019-08-08 13:29:46,873 find_element.py--> get_element 20: INFO ----->定位方式:id--->定位值:totalDownPaymentOtherAmt
2019-08-08 13:29:46,968 find_element.py--> get_element 20: INFO ----->定位方式:id--->定位值:remarkId
2019-08-08 13:29:47,352 find_element.py--> get_element 20: INFO ----->定位方式:xpath--->定位值://*[@id="fanancingInfoHs"]/div/div[2]/div[1]/div/div/button/span[1]
2019-08-08 13:29:47,469 find_element.py--> get_element 20: INFO ----->定位方式:xpath--->定位值://*[@id="fanancingInfoHs"]/div/div[2]/div[1]/div/div/div/ul/li[3]/a/span[1]
2019-08-08 13:29:47,645 find_element.py--> get_element 20: INFO ----->定位方式:id--->定位值:yxOrderNo
2019-08-08 13:29:48,069 find_element.py--> get_element 20: INFO ----->定位方式:xpath--->定位值://*[@id="yxAuditFile"]/div/table/tbody/tr[1]/td[3]/input
2019-08-08 13:29:49,207 find_element.py--> get_element 20: INFO ----->定位方式:xpath--->定位值://*[@id="yx-upload-check"]
2019-08-08 13:29:51,790 find_element.py--> get_element 20: INFO ----->定位方式:xpath--->定位值://*[@id="yx-upload-sub"]
2019-08-08 13:29:52,026 find_element.py--> get_element 20: INFO ----->定位方式:xpath--->定位值://*[@id="cusUpdateModal"]/div/div/div[3]/button
2019-08-08 13:29:53,174 find_element.py--> get_element 20: INFO ----->定位方式:xpath--->定位值://*[@id="yxAuditFile"]/div/table/tbody/tr[2]/td[3]/input
2019-08-08 13:29:54,326 find_element.py--> get_element 20: INFO ----->定位方式:xpath--->定位值://*[@id="yx-upload-check"]
2019-08-08 13:29:57,649 find_element.py--> get_element 20: INFO ----->定位方式:xpath--->定位值://*[@id="yx-upload-check"]
2019-08-08 13:30:00,959 find_element.py--> get_element 20: INFO ----->定位方式:xpath--->定位值://*[@id="yx-upload-sub"]
2019-08-08 13:30:01,136 find_element.py--> get_element 20: INFO ----->定位方式:xpath--->定位值://*[@id="cusUpdateModal"]/div/div/div[3]/button
2019-08-08 13:30:02,314 find_element.py--> get_element 20: INFO ----->定位方式:id--->定位值:basicTempSave
