2019-05-31 00:06:18,672 login_handle.py--> send_username 20: INFO ----->输入用户名是：ccadmin
2019-05-31 00:06:18,673 find_element.py--> get_element 20: INFO ----->定位方式:id--->定位值:loginId
2019-05-31 00:06:18,757 login_handle.py--> send_password 20: INFO ----->输入密码是：123qwe
2019-05-31 00:06:18,759 find_element.py--> get_element 20: INFO ----->定位方式:id--->定位值:password
2019-05-31 00:06:18,824 find_element.py--> get_element 20: INFO ----->定位方式:className--->定位值:login-submit
2019-05-31 00:06:20,425 find_element.py--> get_element 20: INFO ----->定位方式:id--->定位值:910000
2019-05-31 00:06:21,505 find_element.py--> get_element 20: INFO ----->定位方式:id--->定位值:15000000
2019-05-31 00:06:22,581 find_element.py--> get_element 20: INFO ----->定位方式:xpath--->定位值://*[@id="15080000"]
2019-05-31 00:06:22,657 find_element.py--> get_element 20: INFO ----->定位方式:id--->定位值:15080100
2019-05-31 00:06:24,963 find_element.py--> get_element 20: INFO ----->定位方式:xpath--->定位值://*[@id="btn_xinzeng"]
2019-05-31 00:06:27,167 order_info_handle.py--> send_userinfo 20: INFO ----->输入的手机号：18691531782
2019-05-31 00:06:27,169 find_element.py--> get_element 20: INFO ----->定位方式:id--->定位值:phoneNo
2019-05-31 00:06:28,099 find_element.py--> get_element 20: INFO ----->定位方式:id--->定位值:queryMobile
2019-05-31 00:06:29,253 order_info_handle.py--> send_userinfo 20: INFO ----->输入的身份证号：110107198806184807
2019-05-31 00:06:29,254 find_element.py--> get_element 20: INFO ----->定位方式:id--->定位值:idNumber
2019-05-31 00:06:31,052 find_element.py--> get_element 20: INFO ----->定位方式:id--->定位值:purchaseAmount
2019-05-31 00:06:31,212 find_element.py--> get_element 20: INFO ----->定位方式:xpath--->定位值://*[@id="vehicleModel"]/div/div[1]/div[3]/div/div/button/span[1]
2019-05-31 00:06:31,486 find_element.py--> get_element 20: INFO ----->定位方式:xpath--->定位值://*[@id="vehicleModel"]/div/div[1]/div[3]/div/div/div/ul/li[121]/a
2019-05-31 00:06:31,706 find_element.py--> get_element 20: INFO ----->定位方式:xpath--->定位值://*[@id="vehicleModel"]/div/div[2]/div[1]/div/div/button/span[1]
2019-05-31 00:06:31,877 find_element.py--> get_element 20: INFO ----->定位方式:xpath--->定位值://*[@id="vehicleModel"]/div/div[2]/div[1]/div/div/div/ul/li[27]/a
2019-05-31 00:06:32,046 find_element.py--> get_element 20: INFO ----->定位方式:xpath--->定位值://*[@id="vehicleModel"]/div/div[2]/div[2]/div/div/button/span[1]
2019-05-31 00:06:32,298 find_element.py--> get_element 20: INFO ----->定位方式:xpath--->定位值://*[@id="vehicleModel"]/div/div[2]/div[2]/div/div/div/ul/li[3]/a/span[1]
2019-05-31 00:06:32,460 find_element.py--> get_element 20: INFO ----->定位方式:xpath--->定位值://*[@id="vehicleModel"]/div/div[2]/div[4]/div/div/button/span[1]
2019-05-31 00:09:17,832 login_handle.py--> send_username 20: INFO ----->输入用户名是：ccadmin
2019-05-31 00:09:17,833 find_element.py--> get_element 20: INFO ----->定位方式:id--->定位值:loginId
2019-05-31 00:09:17,925 login_handle.py--> send_password 20: INFO ----->输入密码是：123qwe
2019-05-31 00:09:17,927 find_element.py--> get_element 20: INFO ----->定位方式:id--->定位值:password
2019-05-31 00:09:17,993 find_element.py--> get_element 20: INFO ----->定位方式:className--->定位值:login-submit
2019-05-31 00:09:19,625 find_element.py--> get_element 20: INFO ----->定位方式:id--->定位值:910000
2019-05-31 00:09:20,716 find_element.py--> get_element 20: INFO ----->定位方式:id--->定位值:15000000
2019-05-31 00:09:21,792 find_element.py--> get_element 20: INFO ----->定位方式:xpath--->定位值://*[@id="15080000"]
2019-05-31 00:09:21,862 find_element.py--> get_element 20: INFO ----->定位方式:id--->定位值:15080100
2019-05-31 00:09:24,204 find_element.py--> get_element 20: INFO ----->定位方式:xpath--->定位值://*[@id="btn_xinzeng"]
2019-05-31 00:09:25,881 order_info_handle.py--> send_userinfo 20: INFO ----->输入的手机号：18664319010
2019-05-31 00:09:25,882 find_element.py--> get_element 20: INFO ----->定位方式:id--->定位值:phoneNo
2019-05-31 00:09:26,964 find_element.py--> get_element 20: INFO ----->定位方式:id--->定位值:queryMobile
2019-05-31 00:09:28,126 order_info_handle.py--> send_userinfo 20: INFO ----->输入的身份证号：362402199106200999
2019-05-31 00:09:28,127 find_element.py--> get_element 20: INFO ----->定位方式:id--->定位值:idNumber
2019-05-31 00:09:29,910 find_element.py--> get_element 20: INFO ----->定位方式:id--->定位值:purchaseAmount
2019-05-31 00:09:30,086 find_element.py--> get_element 20: INFO ----->定位方式:xpath--->定位值://*[@id="vehicleModel"]/div/div[1]/div[3]/div/div/button/span[1]
2019-05-31 00:09:30,337 find_element.py--> get_element 20: INFO ----->定位方式:xpath--->定位值://*[@id="vehicleModel"]/div/div[1]/div[3]/div/div/div/ul/li[121]/a
2019-05-31 00:09:30,527 find_element.py--> get_element 20: INFO ----->定位方式:xpath--->定位值://*[@id="vehicleModel"]/div/div[2]/div[1]/div/div/button/span[1]
2019-05-31 00:09:30,703 find_element.py--> get_element 20: INFO ----->定位方式:xpath--->定位值://*[@id="vehicleModel"]/div/div[2]/div[1]/div/div/div/ul/li[27]/a
2019-05-31 00:09:30,869 find_element.py--> get_element 20: INFO ----->定位方式:xpath--->定位值://*[@id="vehicleModel"]/div/div[2]/div[2]/div/div/button/span[1]
2019-05-31 00:09:31,107 find_element.py--> get_element 20: INFO ----->定位方式:xpath--->定位值://*[@id="vehicleModel"]/div/div[2]/div[2]/div/div/div/ul/li[3]/a/span[1]
2019-05-31 00:09:31,267 find_element.py--> get_element 20: INFO ----->定位方式:xpath--->定位值://*[@id="vehicleModel"]/div/div[2]/div[4]/div/div/button/span[1]
2019-05-31 00:10:22,895 login_handle.py--> send_username 20: INFO ----->输入用户名是：ccadmin
2019-05-31 00:10:22,896 find_element.py--> get_element 20: INFO ----->定位方式:id--->定位值:loginId
2019-05-31 00:10:22,990 login_handle.py--> send_password 20: INFO ----->输入密码是：123qwe
2019-05-31 00:10:22,991 find_element.py--> get_element 20: INFO ----->定位方式:id--->定位值:password
2019-05-31 00:10:23,058 find_element.py--> get_element 20: INFO ----->定位方式:className--->定位值:login-submit
2019-05-31 00:10:24,673 find_element.py--> get_element 20: INFO ----->定位方式:id--->定位值:910000
2019-05-31 00:10:25,755 find_element.py--> get_element 20: INFO ----->定位方式:id--->定位值:15000000
2019-05-31 00:10:26,837 find_element.py--> get_element 20: INFO ----->定位方式:xpath--->定位值://*[@id="15080000"]
2019-05-31 00:10:26,914 find_element.py--> get_element 20: INFO ----->定位方式:id--->定位值:15080100
2019-05-31 00:10:29,252 find_element.py--> get_element 20: INFO ----->定位方式:xpath--->定位值://*[@id="btn_xinzeng"]
2019-05-31 00:10:31,454 order_info_handle.py--> send_userinfo 20: INFO ----->输入的手机号：18638457814
2019-05-31 00:10:31,456 find_element.py--> get_element 20: INFO ----->定位方式:id--->定位值:phoneNo
2019-05-31 00:10:32,383 find_element.py--> get_element 20: INFO ----->定位方式:id--->定位值:queryMobile
2019-05-31 00:10:33,537 order_info_handle.py--> send_userinfo 20: INFO ----->输入的身份证号：362425199906090990
2019-05-31 00:10:33,538 find_element.py--> get_element 20: INFO ----->定位方式:id--->定位值:idNumber
2019-05-31 00:10:35,386 find_element.py--> get_element 20: INFO ----->定位方式:id--->定位值:purchaseAmount
2019-05-31 00:10:35,554 find_element.py--> get_element 20: INFO ----->定位方式:xpath--->定位值://*[@id="vehicleModel"]/div/div[1]/div[3]/div/div/button/span[1]
2019-05-31 00:10:35,846 find_element.py--> get_element 20: INFO ----->定位方式:xpath--->定位值://*[@id="vehicleModel"]/div/div[1]/div[3]/div/div/div/ul/li[121]/a
2019-05-31 00:10:36,041 find_element.py--> get_element 20: INFO ----->定位方式:xpath--->定位值://*[@id="vehicleModel"]/div/div[2]/div[1]/div/div/button/span[1]
2019-05-31 00:10:36,229 find_element.py--> get_element 20: INFO ----->定位方式:xpath--->定位值://*[@id="vehicleModel"]/div/div[2]/div[1]/div/div/div/ul/li[27]/a
2019-05-31 00:10:36,391 find_element.py--> get_element 20: INFO ----->定位方式:xpath--->定位值://*[@id="vehicleModel"]/div/div[2]/div[2]/div/div/button/span[1]
2019-05-31 00:10:36,605 find_element.py--> get_element 20: INFO ----->定位方式:xpath--->定位值://*[@id="vehicleModel"]/div/div[2]/div[2]/div/div/div/ul/li[3]/a/span[1]
2019-05-31 00:10:36,824 find_element.py--> get_element 20: INFO ----->定位方式:xpath--->定位值://*[@id="vehicleModel"]/div/div[1]/div[4]/div/div/button/span[1]
2019-05-31 00:10:36,952 find_element.py--> get_element 20: INFO ----->定位方式:xpath--->定位值://*[@id="vehicleModel"]/div/div[2]/div[4]/div/div/div/ul/li[2]/a/span[1]
2019-05-31 00:11:20,527 login_handle.py--> send_username 20: INFO ----->输入用户名是：ccadmin
2019-05-31 00:11:20,528 find_element.py--> get_element 20: INFO ----->定位方式:id--->定位值:loginId
2019-05-31 00:11:20,616 login_handle.py--> send_password 20: INFO ----->输入密码是：123qwe
2019-05-31 00:11:20,617 find_element.py--> get_element 20: INFO ----->定位方式:id--->定位值:password
2019-05-31 00:11:20,679 find_element.py--> get_element 20: INFO ----->定位方式:className--->定位值:login-submit
2019-05-31 00:11:22,332 find_element.py--> get_element 20: INFO ----->定位方式:id--->定位值:910000
2019-05-31 00:11:23,422 find_element.py--> get_element 20: INFO ----->定位方式:id--->定位值:15000000
2019-05-31 00:11:24,519 find_element.py--> get_element 20: INFO ----->定位方式:xpath--->定位值://*[@id="15080000"]
2019-05-31 00:11:24,605 find_element.py--> get_element 20: INFO ----->定位方式:id--->定位值:15080100
2019-05-31 00:11:26,956 find_element.py--> get_element 20: INFO ----->定位方式:xpath--->定位值://*[@id="btn_xinzeng"]
2019-05-31 00:11:28,390 order_info_handle.py--> send_userinfo 20: INFO ----->输入的手机号：18674941833
2019-05-31 00:11:28,391 find_element.py--> get_element 20: INFO ----->定位方式:id--->定位值:phoneNo
2019-05-31 00:11:29,342 find_element.py--> get_element 20: INFO ----->定位方式:id--->定位值:queryMobile
2019-05-31 00:11:30,507 order_info_handle.py--> send_userinfo 20: INFO ----->输入的身份证号：362421194905200954
2019-05-31 00:11:30,508 find_element.py--> get_element 20: INFO ----->定位方式:id--->定位值:idNumber
2019-05-31 00:11:32,255 find_element.py--> get_element 20: INFO ----->定位方式:id--->定位值:purchaseAmount
2019-05-31 00:11:32,424 find_element.py--> get_element 20: INFO ----->定位方式:xpath--->定位值://*[@id="vehicleModel"]/div/div[1]/div[3]/div/div/button/span[1]
2019-05-31 00:11:32,677 find_element.py--> get_element 20: INFO ----->定位方式:xpath--->定位值://*[@id="vehicleModel"]/div/div[1]/div[3]/div/div/div/ul/li[121]/a
2019-05-31 00:11:32,875 find_element.py--> get_element 20: INFO ----->定位方式:xpath--->定位值://*[@id="vehicleModel"]/div/div[2]/div[1]/div/div/button/span[1]
2019-05-31 00:11:33,051 find_element.py--> get_element 20: INFO ----->定位方式:xpath--->定位值://*[@id="vehicleModel"]/div/div[2]/div[1]/div/div/div/ul/li[27]/a
2019-05-31 00:11:33,229 find_element.py--> get_element 20: INFO ----->定位方式:xpath--->定位值://*[@id="vehicleModel"]/div/div[2]/div[2]/div/div/button/span[1]
2019-05-31 00:11:33,429 find_element.py--> get_element 20: INFO ----->定位方式:xpath--->定位值://*[@id="vehicleModel"]/div/div[2]/div[2]/div/div/div/ul/li[3]/a/span[1]
2019-05-31 00:11:33,592 find_element.py--> get_element 20: INFO ----->定位方式:xpath--->定位值://*[@id="vehicleModel"]/div/div[1]/div[4]/div/div/button/span[1]
2019-05-31 00:11:33,709 find_element.py--> get_element 20: INFO ----->定位方式:xpath--->定位值://*[@id="vehicleModel"]/div/div[1]/div[4]/div/div/div/ul/li[2]/a
2019-05-31 00:11:33,889 find_element.py--> get_element 20: INFO ----->定位方式:id--->定位值:guidePrice
2019-05-31 00:11:33,944 find_element.py--> get_element 20: INFO ----->定位方式:id--->定位值:guidePrice
2019-05-31 00:11:34,197 find_element.py--> get_element 20: INFO ----->定位方式:id--->定位值:salePrice
2019-05-31 00:11:34,511 find_element.py--> get_element 20: INFO ----->定位方式:id--->定位值:preLicenseProvince
2019-05-31 00:11:34,711 find_element.py--> get_element 20: INFO ----->定位方式:xpath--->定位值://*[@id="preLicenseProvince"]/option[3]
2019-05-31 00:11:34,789 find_element.py--> get_element 20: INFO ----->定位方式:id--->定位值:preLicenseCity
2019-05-31 00:11:34,964 find_element.py--> get_element 20: INFO ----->定位方式:xpath--->定位值://*[@id="preLicenseCity"]/option[2]
2019-05-31 00:11:35,043 find_element.py--> get_element 20: INFO ----->定位方式:id--->定位值:preLicenseSotre
2019-05-31 00:11:35,194 find_element.py--> get_element 20: INFO ----->定位方式:xpath--->定位值://*[@id="preLicenseSotre"]/option[2]
2019-05-31 00:11:35,280 find_element.py--> get_element 20: INFO ----->定位方式:id--->定位值:channelTypeGH
2019-05-31 00:11:35,449 find_element.py--> get_element 20: INFO ----->定位方式:id--->定位值:realNameSystemYNull
2019-05-31 00:11:35,665 find_element.py--> get_element 20: INFO ----->定位方式:id--->定位值:shopInsuranceYNull
2019-05-31 00:11:35,794 find_element.py--> get_element 20: INFO ----->定位方式:id--->定位值:firstYearVehicleAndVesselTax
2019-05-31 00:11:35,915 find_element.py--> get_element 20: INFO ----->定位方式:id--->定位值:firstYearSali
2019-05-31 00:11:36,032 find_element.py--> get_element 20: INFO ----->定位方式:id--->定位值:firstCommercialTheft
2019-05-31 00:11:36,150 find_element.py--> get_element 20: INFO ----->定位方式:id--->定位值:advancePremiumAmt
