2019-07-15 10:01:44,391 login_handle.py--> send_username 20: INFO ----->输入用户名是：zhaoyunhe1
2019-07-15 10:01:44,393 find_element.py--> get_element 20: INFO ----->定位方式:id--->定位值:loginId
2019-07-15 10:01:44,515 login_handle.py--> send_password 20: INFO ----->输入密码是：123qwe
2019-07-15 10:01:44,518 find_element.py--> get_element 20: INFO ----->定位方式:id--->定位值:password
2019-07-15 10:01:44,597 find_element.py--> get_element 20: INFO ----->定位方式:className--->定位值:login-submit
2019-07-15 10:01:46,207 find_element.py--> get_element 20: INFO ----->定位方式:id--->定位值:910000
2019-07-15 10:01:47,291 find_element.py--> get_element 20: INFO ----->定位方式:id--->定位值:15000000
2019-07-15 10:01:48,382 find_element.py--> get_element 20: INFO ----->定位方式:xpath--->定位值://*[@id="15080000"]
2019-07-15 10:01:48,444 find_element.py--> get_element 20: INFO ----->定位方式:id--->定位值:15080100
2019-07-15 10:01:50,703 find_element.py--> get_element 20: INFO ----->定位方式:xpath--->定位值://*[@id="btn_xinzeng"]
2019-07-15 10:01:52,137 order_info_handle.py--> send_userinfo 20: INFO ----->输入的手机号：12043967206
2019-07-15 10:01:52,140 find_element.py--> get_element 20: INFO ----->定位方式:id--->定位值:phoneNo
2019-07-15 10:01:53,172 find_element.py--> get_element 20: INFO ----->定位方式:id--->定位值:queryMobile
2019-07-15 10:01:54,308 find_element.py--> get_element 20: INFO ----->定位方式:xpath--->定位值://*[@id="customerBase"]/div/div[1]/div[3]/div/div/button/span[1]
2019-07-15 10:01:54,438 find_element.py--> get_element 20: INFO ----->定位方式:xpath--->定位值://*[@id="customerBase"]/div/div[1]/div[3]/div/div/div/ul/li[2]/a/span[1]
2019-07-15 10:01:55,584 find_element.py--> get_element 20: INFO ----->定位方式:xpath--->定位值://*[@id="vehicleModel"]/div/div[1]/div[1]/div/div/button/span[1]
2019-07-15 10:01:55,697 find_element.py--> get_element 20: INFO ----->定位方式:xpath--->定位值://*[@id="vehicleModel"]/div/div[1]/div[1]/div/div/div/ul/li[3]/a/span[1]
2019-07-15 10:01:55,897 find_element.py--> get_element 20: INFO ----->定位方式:id--->定位值:purchaseAmount
2019-07-15 10:01:55,954 find_element.py--> get_element 20: INFO ----->定位方式:xpath--->定位值://*[@id="vehicleModel"]/div/div[1]/div[3]/div/div/button/span[1]
2019-07-15 10:01:56,248 find_element.py--> get_element 20: INFO ----->定位方式:xpath--->定位值://*[@id="vehicleModel"]/div/div[1]/div[3]/div/div/div/ul/li[121]/a
2019-07-15 10:01:56,402 find_element.py--> get_element 20: INFO ----->定位方式:xpath--->定位值://*[@id="vehicleModel"]/div/div[2]/div[1]/div/div/button/span[1]
2019-07-15 10:01:56,595 find_element.py--> get_element 20: INFO ----->定位方式:xpath--->定位值://*[@id="vehicleModel"]/div/div[2]/div[1]/div/div/div/ul/li[27]/a
2019-07-15 10:01:56,735 find_element.py--> get_element 20: INFO ----->定位方式:xpath--->定位值://*[@id="vehicleModel"]/div/div[2]/div[2]/div/div/button/span[1]
2019-07-15 10:01:56,940 find_element.py--> get_element 20: INFO ----->定位方式:xpath--->定位值://*[@id="vehicleModel"]/div/div[2]/div[2]/div/div/div/ul/li[3]/a/span[1]
2019-07-15 10:01:57,094 find_element.py--> get_element 20: INFO ----->定位方式:xpath--->定位值://*[@id="vehicleModel"]/div/div[1]/div[4]/div/div/button/span[1]
2019-07-15 10:01:57,221 find_element.py--> get_element 20: INFO ----->定位方式:xpath--->定位值://*[@id="vehicleModel"]/div/div[1]/div[4]/div/div/div/ul/li[2]/a
2019-07-15 10:01:57,355 find_element.py--> get_element 20: INFO ----->定位方式:id--->定位值:guidePrice
2019-07-15 10:01:57,404 find_element.py--> get_element 20: INFO ----->定位方式:id--->定位值:guidePrice
2019-07-15 10:01:57,653 find_element.py--> get_element 20: INFO ----->定位方式:id--->定位值:salePrice
2019-07-15 10:01:57,977 order_info_business.py--> car_price 20: INFO ----->定金金额：3500
2019-07-15 10:01:57,979 find_element.py--> get_element 20: INFO ----->定位方式:id--->定位值:preLicenseProvince
2019-07-15 10:01:58,126 find_element.py--> get_element 20: INFO ----->定位方式:xpath--->定位值://*[@id="preLicenseProvince"]/option[20]
2019-07-15 10:01:58,219 find_element.py--> get_element 20: INFO ----->定位方式:id--->定位值:preLicenseCity
2019-07-15 10:01:58,365 find_element.py--> get_element 20: INFO ----->定位方式:xpath--->定位值://*[@id="preLicenseCity"]/option[2]
2019-07-15 10:01:58,479 find_element.py--> get_element 20: INFO ----->定位方式:id--->定位值:preLicenseSotre
2019-07-15 10:01:58,610 find_element.py--> get_element 20: INFO ----->定位方式:xpath--->定位值://*[@id="preLicenseSotre"]/option[2]
2019-07-15 10:01:58,685 find_element.py--> get_element 20: INFO ----->定位方式:id--->定位值:queryEmissionStandardName
2019-07-15 10:01:58,853 find_element.py--> get_element 20: INFO ----->定位方式:id--->定位值:channelTypeHT
2019-07-15 10:01:59,031 find_element.py--> get_element 20: INFO ----->定位方式:id--->定位值:realNameSystemNNull
2019-07-15 10:01:59,190 find_element.py--> get_element 20: INFO ----->定位方式:id--->定位值:shopInsuranceNNull
2019-07-15 10:01:59,275 find_element.py--> get_element 20: INFO ----->定位方式:id--->定位值:firstYearVehicleAndVesselTax
2019-07-15 10:01:59,371 find_element.py--> get_element 20: INFO ----->定位方式:id--->定位值:firstYearSali
2019-07-15 10:01:59,479 find_element.py--> get_element 20: INFO ----->定位方式:id--->定位值:firstCommercialTheft
2019-07-15 10:01:59,576 find_element.py--> get_element 20: INFO ----->定位方式:id--->定位值:advancePremiumAmt
2019-07-15 10:01:59,628 find_element.py--> get_element 20: INFO ----->定位方式:id--->定位值:termCount
2019-07-15 10:01:59,794 find_element.py--> get_element 20: INFO ----->定位方式:id--->定位值:monthlyRent
2019-07-15 10:01:59,995 find_element.py--> get_element 20: INFO ----->定位方式:id--->定位值:cusInterestRates
2019-07-15 10:02:00,072 find_element.py--> get_element 20: INFO ----->定位方式:id--->定位值:purchaseTax
2019-07-15 10:02:00,223 find_element.py--> get_element 20: INFO ----->定位方式:id--->定位值:gpsFee
2019-07-15 10:02:00,407 find_element.py--> get_element 20: INFO ----->定位方式:id--->定位值:accountMaintenanceFee
2019-07-15 10:02:00,458 find_element.py--> get_element 20: INFO ----->定位方式:id--->定位值:yxDownPaymentAmt
2019-07-15 10:02:00,691 find_element.py--> get_element 20: INFO ----->定位方式:id--->定位值:yxRiskFinancingAmt
2019-07-15 10:02:00,851 find_element.py--> get_element 20: INFO ----->定位方式:id--->定位值:yxRiskControlFinancingAmt
2019-07-15 10:02:01,088 find_element.py--> get_element 20: INFO ----->定位方式:id--->定位值:hsServiceFee
2019-07-15 10:02:01,245 find_element.py--> get_element 20: INFO ----->定位方式:id--->定位值:licenseFee
2019-07-15 10:02:01,399 find_element.py--> get_element 20: INFO ----->定位方式:id--->定位值:mortgageFee
2019-07-15 10:02:01,546 find_element.py--> get_element 20: INFO ----->定位方式:id--->定位值:totalDownPaymentOtherAmt
2019-07-15 10:02:01,645 find_element.py--> get_element 20: INFO ----->定位方式:id--->定位值:remarkId
2019-07-15 10:02:02,057 find_element.py--> get_element 20: INFO ----->定位方式:xpath--->定位值://*[@id="fanancingInfoHs"]/div/div[2]/div[1]/div/div/button/span[1]
2019-07-15 10:02:02,175 find_element.py--> get_element 20: INFO ----->定位方式:xpath--->定位值://*[@id="fanancingInfoHs"]/div/div[2]/div[1]/div/div/div/ul/li[2]/a/span[1]
2019-07-15 10:02:02,333 find_element.py--> get_element 20: INFO ----->定位方式:id--->定位值:yxOrderNo
2019-07-15 10:02:02,737 find_element.py--> get_element 20: INFO ----->定位方式:xpath--->定位值://*[@id="yxAuditFile"]/div/table/tbody/tr[1]/td[3]/input
2019-07-15 10:02:03,890 find_element.py--> get_element 20: INFO ----->定位方式:xpath--->定位值://*[@id="yx-upload-check"]
2019-07-15 10:02:06,379 find_element.py--> get_element 20: INFO ----->定位方式:xpath--->定位值://*[@id="yx-upload-sub"]
2019-07-15 10:02:06,583 find_element.py--> get_element 20: INFO ----->定位方式:xpath--->定位值://*[@id="cusUpdateModal"]/div/div/div[3]/button
2019-07-15 10:02:07,815 find_element.py--> get_element 20: INFO ----->定位方式:xpath--->定位值://*[@id="yxAuditFile"]/div/table/tbody/tr[2]/td[3]/input
2019-07-15 10:02:08,947 find_element.py--> get_element 20: INFO ----->定位方式:xpath--->定位值://*[@id="yx-upload-check"]
2019-07-15 10:02:12,210 find_element.py--> get_element 20: INFO ----->定位方式:xpath--->定位值://*[@id="yx-upload-check"]
2019-07-15 10:02:15,480 find_element.py--> get_element 20: INFO ----->定位方式:xpath--->定位值://*[@id="yx-upload-check"]
2019-07-15 10:02:17,803 find_element.py--> get_element 20: INFO ----->定位方式:xpath--->定位值://*[@id="yx-upload-sub"]
2019-07-15 10:02:17,941 find_element.py--> get_element 20: INFO ----->定位方式:xpath--->定位值://*[@id="cusUpdateModal"]/div/div/div[3]/button
2019-07-15 10:02:19,073 find_element.py--> get_element 20: INFO ----->定位方式:id--->定位值:basicTempSave
2019-07-15 10:02:20,961 find_element.py--> get_element 20: INFO ----->定位方式:id--->定位值:basicModalBtnNegative
2019-07-15 10:02:22,063 find_element.py--> get_element 20: INFO ----->定位方式:id--->定位值:basicSubmit
2019-07-15 10:02:24,021 find_element.py--> get_element 20: INFO ----->定位方式:id--->定位值:basicModalBtnNegative
2019-07-15 10:02:25,241 find_element.py--> get_element 20: INFO ----->定位方式:name--->定位值:customerPhoneNo
2019-07-15 10:02:25,481 find_element.py--> get_element 20: INFO ----->定位方式:id--->定位值:btnSearch
2019-07-15 10:02:26,615 find_element.py--> get_element 20: INFO ----->定位方式:xpath--->定位值://*[@id="orders"]/tbody/tr[1]/td[1]
2019-07-15 10:02:26,716 find_element.py--> get_element 20: INFO ----->定位方式:id--->定位值:btn_shenhedingdan
2019-07-15 10:02:32,794 find_element.py--> get_element 20: INFO ----->定位方式:id--->定位值:basicSubmit
2019-07-15 10:02:33,986 find_element.py--> get_element 20: INFO ----->定位方式:id--->定位值:basicModalBtnNegative
2019-07-15 10:02:35,371 find_element.py--> get_element 20: INFO ----->定位方式:name--->定位值:customerPhoneNo
2019-07-15 10:02:35,653 find_element.py--> get_element 20: INFO ----->定位方式:id--->定位值:btnSearch
2019-07-15 10:02:37,066 find_element.py--> get_element 20: INFO ----->定位方式:xpath--->定位值://*[@id="orders"]/tbody/tr[1]/td[1]
2019-07-15 10:02:37,715 find_element.py--> get_element 20: INFO ----->定位方式:id--->定位值:btn_xiaoshoujiesuan
2019-07-15 10:02:39,379 find_element.py--> get_element 20: INFO ----->定位方式:xpath--->定位值://*[@id="amtDetail"]/div/div[3]/div/button[1]
2019-07-15 10:02:40,558 find_element.py--> get_element 20: INFO ----->定位方式:xpath--->定位值://*[@id="receiptModel"]/div/div/div[2]/button
2019-07-15 10:02:41,682 find_element.py--> get_element 20: INFO ----->定位方式:id--->定位值:deliveryClose
2019-07-15 10:02:42,992 find_element.py--> get_element 20: INFO ----->定位方式:name--->定位值:customerPhoneNo
2019-07-15 10:02:43,548 find_element.py--> get_element 20: INFO ----->定位方式:id--->定位值:btnSearch
2019-07-15 10:02:44,748 find_element.py--> get_element 20: INFO ----->定位方式:xpath--->定位值://*[@id="orders"]/tbody/tr[1]/td[1]
2019-07-15 10:02:44,961 find_element.py--> get_element 20: INFO ----->定位方式:id--->定位值:btn_shengchenghetong
2019-07-15 10:02:46,410 find_element.py--> get_element 20: INFO ----->定位方式:id--->定位值:hsSignBody
2019-07-15 10:02:46,551 find_element.py--> get_element 20: INFO ----->定位方式:xpath--->定位值://*[@id="hsSignBody"]/option[2]
2019-07-15 10:02:46,603 find_element.py--> get_element 20: INFO ----->定位方式:id--->定位值:makeContract
2019-07-15 10:02:46,720 find_element.py--> get_element 20: INFO ----->定位方式:id--->定位值:deliveryClose
2019-07-15 10:02:48,573 find_element.py--> get_element 20: INFO ----->定位方式:name--->定位值:customerPhoneNo
2019-07-15 10:02:48,773 find_element.py--> get_element 20: INFO ----->定位方式:id--->定位值:btnSearch
2019-07-15 10:02:49,908 find_element.py--> get_element 20: INFO ----->定位方式:xpath--->定位值://*[@id="orders"]/tbody/tr[1]/td[1]
2019-07-15 10:02:50,022 find_element.py--> get_element 20: INFO ----->定位方式:id--->定位值:btn_shangchuanhetong
2019-07-15 10:02:52,001 find_element.py--> get_element 20: INFO ----->定位方式:xpath--->定位值://*[@id="file"]/div/table/tbody/tr[1]/td[3]/input
2019-07-15 10:02:53,138 find_element.py--> get_element 20: INFO ----->定位方式:id--->定位值:yx-upload-check
2019-07-15 10:02:56,534 find_element.py--> get_element 20: INFO ----->定位方式:id--->定位值:yx-upload-sub
2019-07-15 10:02:56,634 find_element.py--> get_element 20: INFO ----->定位方式:xpath--->定位值://*[@id="cusUpdateModal"]/div/div/div[3]/button
2019-07-15 10:02:57,740 find_element.py--> get_element 20: INFO ----->定位方式:xpath--->定位值://*[@id="file"]/div/table/tbody/tr[2]/td[3]/input
2019-07-15 10:02:58,838 find_element.py--> get_element 20: INFO ----->定位方式:id--->定位值:yx-upload-check
2019-07-15 10:03:02,165 find_element.py--> get_element 20: INFO ----->定位方式:id--->定位值:yx-upload-sub
2019-07-15 10:03:02,315 find_element.py--> get_element 20: INFO ----->定位方式:xpath--->定位值://*[@id="cusUpdateModal"]/div/div/div[3]/button
2019-07-15 10:03:03,419 find_element.py--> get_element 20: INFO ----->定位方式:id--->定位值:yxHsContractApply
2019-07-15 10:03:04,514 find_element.py--> get_element 20: INFO ----->定位方式:id--->定位值:basicModalBtnNegative
2019-07-15 10:03:05,641 find_element.py--> get_element 20: INFO ----->定位方式:name--->定位值:customerPhoneNo
2019-07-15 10:03:05,852 find_element.py--> get_element 20: INFO ----->定位方式:id--->定位值:btnSearch
2019-07-15 10:03:07,279 find_element.py--> get_element 20: INFO ----->定位方式:xpath--->定位值://*[@id="orders"]/tbody/tr[1]/td[1]
2019-07-15 10:03:07,379 find_element.py--> get_element 20: INFO ----->定位方式:id--->定位值:btn_shenhehetong
2019-07-15 10:03:08,938 find_element.py--> get_element 20: INFO ----->定位方式:id--->定位值:hsShopInsuranceNNull
2019-07-15 10:03:12,229 find_element.py--> get_element 20: INFO ----->定位方式:id--->定位值:yxHsContractApply
2019-07-15 10:03:13,394 find_element.py--> get_element 20: INFO ----->定位方式:id--->定位值:basicModalBtnNegative
2019-07-15 10:03:14,546 find_element.py--> get_element 20: INFO ----->定位方式:name--->定位值:customerPhoneNo
2019-07-15 10:03:14,733 find_element.py--> get_element 20: INFO ----->定位方式:id--->定位值:btnSearch
2019-07-15 10:03:15,847 find_element.py--> get_element 20: INFO ----->定位方式:xpath--->定位值://*[@id="orders"]/tbody/tr[1]/td[1]
2019-07-15 10:03:15,986 find_element.py--> get_element 20: INFO ----->定位方式:id--->定位值:btn_yudingcheliang
