2019-06-04 10:56:59,553 login_handle.py--> send_username 20: INFO ----->输入用户名是：ccadmin
2019-06-04 10:56:59,554 find_element.py--> get_element 20: INFO ----->定位方式:id--->定位值:loginId
2019-06-04 10:56:59,643 login_handle.py--> send_password 20: INFO ----->输入密码是：123qwe
2019-06-04 10:56:59,644 find_element.py--> get_element 20: INFO ----->定位方式:id--->定位值:password
2019-06-04 10:56:59,708 find_element.py--> get_element 20: INFO ----->定位方式:className--->定位值:login-submit
2019-06-04 10:57:01,249 find_element.py--> get_element 20: INFO ----->定位方式:id--->定位值:910000
2019-06-04 10:57:02,331 find_element.py--> get_element 20: INFO ----->定位方式:id--->定位值:15000000
2019-06-04 10:57:03,404 find_element.py--> get_element 20: INFO ----->定位方式:xpath--->定位值://*[@id="15080000"]
2019-06-04 10:57:03,474 find_element.py--> get_element 20: INFO ----->定位方式:id--->定位值:15080100
2019-06-04 10:57:05,653 find_element.py--> get_element 20: INFO ----->定位方式:xpath--->定位值://*[@id="btn_xinzeng"]
2019-06-04 10:57:06,928 order_info_handle.py--> send_userinfo 20: INFO ----->输入的手机号：18624703153
2019-06-04 10:57:06,929 find_element.py--> get_element 20: INFO ----->定位方式:id--->定位值:phoneNo
2019-06-04 10:57:07,859 find_element.py--> get_element 20: INFO ----->定位方式:id--->定位值:queryMobile
2019-06-04 10:57:09,017 order_info_handle.py--> send_userinfo 20: INFO ----->输入的身份证号：362402199110018710
2019-06-04 10:57:09,018 find_element.py--> get_element 20: INFO ----->定位方式:id--->定位值:idNumber
2019-06-04 10:57:10,764 find_element.py--> get_element 20: INFO ----->定位方式:id--->定位值:purchaseAmount
2019-06-04 10:57:10,929 find_element.py--> get_element 20: INFO ----->定位方式:xpath--->定位值://*[@id="vehicleModel"]/div/div[1]/div[3]/div/div/button/span[1]
2019-06-04 10:57:11,192 find_element.py--> get_element 20: INFO ----->定位方式:xpath--->定位值://*[@id="vehicleModel"]/div/div[1]/div[3]/div/div/div/ul/li[121]/a
2019-06-04 10:57:11,408 find_element.py--> get_element 20: INFO ----->定位方式:xpath--->定位值://*[@id="vehicleModel"]/div/div[2]/div[1]/div/div/button/span[1]
2019-06-04 10:57:11,585 find_element.py--> get_element 20: INFO ----->定位方式:xpath--->定位值://*[@id="vehicleModel"]/div/div[2]/div[1]/div/div/div/ul/li[27]/a
2019-06-04 10:57:11,735 find_element.py--> get_element 20: INFO ----->定位方式:xpath--->定位值://*[@id="vehicleModel"]/div/div[2]/div[2]/div/div/button/span[1]
2019-06-04 10:57:11,967 find_element.py--> get_element 20: INFO ----->定位方式:xpath--->定位值://*[@id="vehicleModel"]/div/div[2]/div[2]/div/div/div/ul/li[3]/a/span[1]
2019-06-04 10:57:12,130 find_element.py--> get_element 20: INFO ----->定位方式:xpath--->定位值://*[@id="vehicleModel"]/div/div[1]/div[4]/div/div/button/span[1]
2019-06-04 10:57:12,280 find_element.py--> get_element 20: INFO ----->定位方式:xpath--->定位值://*[@id="vehicleModel"]/div/div[1]/div[4]/div/div/div/ul/li[2]/a
2019-06-04 10:57:12,425 find_element.py--> get_element 20: INFO ----->定位方式:id--->定位值:guidePrice
2019-06-04 10:57:12,482 find_element.py--> get_element 20: INFO ----->定位方式:id--->定位值:guidePrice
2019-06-04 10:57:12,735 find_element.py--> get_element 20: INFO ----->定位方式:id--->定位值:salePrice
2019-06-04 10:57:13,041 order_info_business.py--> car_price 20: INFO ----->定金金额：3500
2019-06-04 10:57:13,043 find_element.py--> get_element 20: INFO ----->定位方式:id--->定位值:preLicenseProvince
2019-06-04 10:57:13,189 find_element.py--> get_element 20: INFO ----->定位方式:xpath--->定位值://*[@id="preLicenseProvince"]/option[3]
2019-06-04 10:57:13,274 find_element.py--> get_element 20: INFO ----->定位方式:id--->定位值:preLicenseCity
2019-06-04 10:57:13,439 find_element.py--> get_element 20: INFO ----->定位方式:xpath--->定位值://*[@id="preLicenseCity"]/option[2]
2019-06-04 10:57:13,524 find_element.py--> get_element 20: INFO ----->定位方式:id--->定位值:preLicenseSotre
2019-06-04 10:57:13,685 find_element.py--> get_element 20: INFO ----->定位方式:xpath--->定位值://*[@id="preLicenseSotre"]/option[2]
2019-06-04 10:57:13,760 find_element.py--> get_element 20: INFO ----->定位方式:id--->定位值:channelTypeGH
2019-06-04 10:57:13,979 find_element.py--> get_element 20: INFO ----->定位方式:id--->定位值:realNameSystemYNull
2019-06-04 10:57:14,130 find_element.py--> get_element 20: INFO ----->定位方式:id--->定位值:shopInsuranceYNull
2019-06-04 10:57:14,260 find_element.py--> get_element 20: INFO ----->定位方式:id--->定位值:firstYearVehicleAndVesselTax
2019-06-04 10:57:14,370 find_element.py--> get_element 20: INFO ----->定位方式:id--->定位值:firstYearSali
2019-06-04 10:57:14,484 find_element.py--> get_element 20: INFO ----->定位方式:id--->定位值:firstCommercialTheft
2019-06-04 10:57:14,606 find_element.py--> get_element 20: INFO ----->定位方式:id--->定位值:advancePremiumAmt
2019-06-04 10:57:14,745 find_element.py--> get_element 20: INFO ----->定位方式:id--->定位值:termCount
2019-06-04 10:57:14,942 find_element.py--> get_element 20: INFO ----->定位方式:id--->定位值:monthlyRent
2019-06-04 10:57:15,158 find_element.py--> get_element 20: INFO ----->定位方式:id--->定位值:cusInterestRates
2019-06-04 10:57:15,265 find_element.py--> get_element 20: INFO ----->定位方式:id--->定位值:purchaseTax
2019-06-04 10:57:15,553 find_element.py--> get_element 20: INFO ----->定位方式:id--->定位值:gpsFee
2019-06-04 10:57:15,767 find_element.py--> get_element 20: INFO ----->定位方式:id--->定位值:accountMaintenanceFee
2019-06-04 11:33:05,203 login_handle.py--> send_username 20: INFO ----->输入用户名是：ccadmin
2019-06-04 11:33:05,204 find_element.py--> get_element 20: INFO ----->定位方式:id--->定位值:loginId
2019-06-04 11:33:05,309 login_handle.py--> send_password 20: INFO ----->输入密码是：123qwe
2019-06-04 11:33:05,312 find_element.py--> get_element 20: INFO ----->定位方式:id--->定位值:password
2019-06-04 11:33:05,386 find_element.py--> get_element 20: INFO ----->定位方式:className--->定位值:login-submit
2019-06-04 11:33:06,908 find_element.py--> get_element 20: INFO ----->定位方式:id--->定位值:910000
2019-06-04 11:33:08,004 find_element.py--> get_element 20: INFO ----->定位方式:id--->定位值:15000000
2019-06-04 11:33:09,091 find_element.py--> get_element 20: INFO ----->定位方式:xpath--->定位值://*[@id="15080000"]
2019-06-04 11:33:09,153 find_element.py--> get_element 20: INFO ----->定位方式:id--->定位值:15080100
2019-06-04 11:33:11,210 find_element.py--> get_element 20: INFO ----->定位方式:xpath--->定位值://*[@id="btn_xinzeng"]
2019-06-04 11:33:12,510 order_info_handle.py--> send_userinfo 20: INFO ----->输入的手机号：18613942853
2019-06-04 11:33:12,511 find_element.py--> get_element 20: INFO ----->定位方式:id--->定位值:phoneNo
2019-06-04 11:33:13,388 find_element.py--> get_element 20: INFO ----->定位方式:id--->定位值:queryMobile
2019-06-04 11:33:14,571 order_info_handle.py--> send_userinfo 20: INFO ----->输入的身份证号：110107195512059152
2019-06-04 11:33:14,572 find_element.py--> get_element 20: INFO ----->定位方式:id--->定位值:idNumber
2019-06-04 11:33:16,341 find_element.py--> get_element 20: INFO ----->定位方式:id--->定位值:purchaseAmount
2019-06-04 11:33:16,535 find_element.py--> get_element 20: INFO ----->定位方式:xpath--->定位值://*[@id="vehicleModel"]/div/div[1]/div[3]/div/div/button/span[1]
2019-06-04 11:33:16,819 find_element.py--> get_element 20: INFO ----->定位方式:xpath--->定位值://*[@id="vehicleModel"]/div/div[1]/div[3]/div/div/div/ul/li[121]/a
2019-06-04 11:33:17,020 find_element.py--> get_element 20: INFO ----->定位方式:xpath--->定位值://*[@id="vehicleModel"]/div/div[2]/div[1]/div/div/button/span[1]
2019-06-04 11:33:17,198 find_element.py--> get_element 20: INFO ----->定位方式:xpath--->定位值://*[@id="vehicleModel"]/div/div[2]/div[1]/div/div/div/ul/li[27]/a
2019-06-04 11:33:17,358 find_element.py--> get_element 20: INFO ----->定位方式:xpath--->定位值://*[@id="vehicleModel"]/div/div[2]/div[2]/div/div/button/span[1]
2019-06-04 11:33:17,565 find_element.py--> get_element 20: INFO ----->定位方式:xpath--->定位值://*[@id="vehicleModel"]/div/div[2]/div[2]/div/div/div/ul/li[3]/a/span[1]
2019-06-04 11:33:17,763 find_element.py--> get_element 20: INFO ----->定位方式:xpath--->定位值://*[@id="vehicleModel"]/div/div[1]/div[4]/div/div/button/span[1]
2019-06-04 11:33:17,901 find_element.py--> get_element 20: INFO ----->定位方式:xpath--->定位值://*[@id="vehicleModel"]/div/div[1]/div[4]/div/div/div/ul/li[2]/a
2019-06-04 11:33:18,026 find_element.py--> get_element 20: INFO ----->定位方式:id--->定位值:guidePrice
2019-06-04 11:33:18,077 find_element.py--> get_element 20: INFO ----->定位方式:id--->定位值:guidePrice
2019-06-04 11:33:18,317 find_element.py--> get_element 20: INFO ----->定位方式:id--->定位值:salePrice
2019-06-04 11:33:18,704 order_info_business.py--> car_price 20: INFO ----->定金金额：3500
2019-06-04 11:33:18,705 find_element.py--> get_element 20: INFO ----->定位方式:id--->定位值:preLicenseProvince
2019-06-04 11:33:18,869 find_element.py--> get_element 20: INFO ----->定位方式:xpath--->定位值://*[@id="preLicenseProvince"]/option[3]
2019-06-04 11:33:18,965 find_element.py--> get_element 20: INFO ----->定位方式:id--->定位值:preLicenseCity
2019-06-04 11:33:19,121 find_element.py--> get_element 20: INFO ----->定位方式:xpath--->定位值://*[@id="preLicenseCity"]/option[2]
2019-06-04 11:33:19,193 find_element.py--> get_element 20: INFO ----->定位方式:id--->定位值:preLicenseSotre
2019-06-04 11:33:19,412 find_element.py--> get_element 20: INFO ----->定位方式:xpath--->定位值://*[@id="preLicenseSotre"]/option[2]
2019-06-04 11:33:19,510 find_element.py--> get_element 20: INFO ----->定位方式:id--->定位值:channelTypeGH
2019-06-04 11:33:19,671 find_element.py--> get_element 20: INFO ----->定位方式:id--->定位值:realNameSystemYNull
2019-06-04 11:33:19,813 find_element.py--> get_element 20: INFO ----->定位方式:id--->定位值:shopInsuranceYNull
2019-06-04 11:33:19,938 find_element.py--> get_element 20: INFO ----->定位方式:id--->定位值:firstYearVehicleAndVesselTax
2019-06-04 11:33:20,081 find_element.py--> get_element 20: INFO ----->定位方式:id--->定位值:firstYearSali
2019-06-04 11:33:20,205 find_element.py--> get_element 20: INFO ----->定位方式:id--->定位值:firstCommercialTheft
2019-06-04 11:33:20,325 find_element.py--> get_element 20: INFO ----->定位方式:id--->定位值:advancePremiumAmt
2019-06-04 11:33:20,464 find_element.py--> get_element 20: INFO ----->定位方式:id--->定位值:termCount
2019-06-04 11:33:20,614 find_element.py--> get_element 20: INFO ----->定位方式:id--->定位值:monthlyRent
2019-06-04 11:33:20,815 find_element.py--> get_element 20: INFO ----->定位方式:id--->定位值:cusInterestRates
2019-06-04 11:33:20,910 find_element.py--> get_element 20: INFO ----->定位方式:id--->定位值:purchaseTax
2019-06-04 11:33:21,122 find_element.py--> get_element 20: INFO ----->定位方式:id--->定位值:gpsFee
2019-06-04 11:33:21,284 find_element.py--> get_element 20: INFO ----->定位方式:id--->定位值:accountMaintenanceFee
2019-06-04 11:33:21,497 find_element.py--> get_element 20: INFO ----->定位方式:id--->定位值:yxDownPaymentAmt
2019-06-04 11:33:21,704 find_element.py--> get_element 20: INFO ----->定位方式:id--->定位值:yxRiskFinancingAmt
2019-06-04 11:33:21,894 find_element.py--> get_element 20: INFO ----->定位方式:id--->定位值:yxRiskControlFinancingAmt
2019-06-04 15:31:00,352 login_handle.py--> send_username 20: INFO ----->输入用户名是：ccadmin
2019-06-04 15:31:00,353 find_element.py--> get_element 20: INFO ----->定位方式:id--->定位值:loginId
2019-06-04 15:31:00,450 login_handle.py--> send_password 20: INFO ----->输入密码是：123qwe
2019-06-04 15:31:00,451 find_element.py--> get_element 20: INFO ----->定位方式:id--->定位值:password
2019-06-04 15:31:00,518 find_element.py--> get_element 20: INFO ----->定位方式:className--->定位值:login-submit
2019-06-04 15:31:02,187 find_element.py--> get_element 20: INFO ----->定位方式:id--->定位值:910000
2019-06-04 15:31:03,285 find_element.py--> get_element 20: INFO ----->定位方式:id--->定位值:15000000
2019-06-04 15:31:04,373 find_element.py--> get_element 20: INFO ----->定位方式:xpath--->定位值://*[@id="15080000"]
2019-06-04 15:31:04,447 find_element.py--> get_element 20: INFO ----->定位方式:id--->定位值:15080100
2019-06-04 15:31:06,691 find_element.py--> get_element 20: INFO ----->定位方式:xpath--->定位值://*[@id="btn_xinzeng"]
2019-06-04 15:31:08,220 order_info_handle.py--> send_userinfo 20: INFO ----->输入的手机号：18649119632
2019-06-04 15:31:08,222 find_element.py--> get_element 20: INFO ----->定位方式:id--->定位值:phoneNo
2019-06-04 15:31:09,333 find_element.py--> get_element 20: INFO ----->定位方式:id--->定位值:queryMobile
2019-06-04 15:31:10,486 order_info_handle.py--> send_userinfo 20: INFO ----->输入的身份证号：362422199907107379
2019-06-04 15:31:10,487 find_element.py--> get_element 20: INFO ----->定位方式:id--->定位值:idNumber
2019-06-04 15:31:12,241 find_element.py--> get_element 20: INFO ----->定位方式:id--->定位值:purchaseAmount
2019-06-04 15:31:12,406 find_element.py--> get_element 20: INFO ----->定位方式:xpath--->定位值://*[@id="vehicleModel"]/div/div[1]/div[3]/div/div/button/span[1]
2019-06-04 15:31:12,675 find_element.py--> get_element 20: INFO ----->定位方式:xpath--->定位值://*[@id="vehicleModel"]/div/div[1]/div[3]/div/div/div/ul/li[121]/a
2019-06-04 15:31:12,848 find_element.py--> get_element 20: INFO ----->定位方式:xpath--->定位值://*[@id="vehicleModel"]/div/div[2]/div[1]/div/div/button/span[1]
2019-06-04 15:31:13,027 find_element.py--> get_element 20: INFO ----->定位方式:xpath--->定位值://*[@id="vehicleModel"]/div/div[2]/div[1]/div/div/div/ul/li[27]/a
2019-06-04 15:31:13,196 find_element.py--> get_element 20: INFO ----->定位方式:xpath--->定位值://*[@id="vehicleModel"]/div/div[2]/div[2]/div/div/button/span[1]
2019-06-04 15:31:13,456 find_element.py--> get_element 20: INFO ----->定位方式:xpath--->定位值://*[@id="vehicleModel"]/div/div[2]/div[2]/div/div/div/ul/li[3]/a/span[1]
2019-06-04 15:31:13,662 find_element.py--> get_element 20: INFO ----->定位方式:xpath--->定位值://*[@id="vehicleModel"]/div/div[1]/div[4]/div/div/button/span[1]
2019-06-04 15:31:13,787 find_element.py--> get_element 20: INFO ----->定位方式:xpath--->定位值://*[@id="vehicleModel"]/div/div[1]/div[4]/div/div/div/ul/li[2]/a
2019-06-04 15:31:13,925 find_element.py--> get_element 20: INFO ----->定位方式:id--->定位值:guidePrice
2019-06-04 15:31:13,977 find_element.py--> get_element 20: INFO ----->定位方式:id--->定位值:guidePrice
2019-06-04 15:31:14,244 find_element.py--> get_element 20: INFO ----->定位方式:id--->定位值:salePrice
2019-06-04 15:31:14,567 order_info_business.py--> car_price 20: INFO ----->定金金额：3500
2019-06-04 15:31:14,568 find_element.py--> get_element 20: INFO ----->定位方式:id--->定位值:preLicenseProvince
2019-06-04 15:31:14,778 find_element.py--> get_element 20: INFO ----->定位方式:xpath--->定位值://*[@id="preLicenseProvince"]/option[3]
2019-06-04 15:31:14,867 find_element.py--> get_element 20: INFO ----->定位方式:id--->定位值:preLicenseCity
2019-06-04 15:31:15,046 find_element.py--> get_element 20: INFO ----->定位方式:xpath--->定位值://*[@id="preLicenseCity"]/option[2]
2019-06-04 15:31:15,167 find_element.py--> get_element 20: INFO ----->定位方式:id--->定位值:preLicenseSotre
2019-06-04 15:31:15,313 find_element.py--> get_element 20: INFO ----->定位方式:xpath--->定位值://*[@id="preLicenseSotre"]/option[2]
2019-06-04 15:31:15,396 find_element.py--> get_element 20: INFO ----->定位方式:id--->定位值:channelTypeGH
2019-06-04 15:31:15,569 find_element.py--> get_element 20: INFO ----->定位方式:id--->定位值:realNameSystemYNull
2019-06-04 15:31:15,771 find_element.py--> get_element 20: INFO ----->定位方式:id--->定位值:shopInsuranceYNull
2019-06-04 15:31:15,907 find_element.py--> get_element 20: INFO ----->定位方式:id--->定位值:firstYearVehicleAndVesselTax
2019-06-04 15:31:16,043 find_element.py--> get_element 20: INFO ----->定位方式:id--->定位值:firstYearSali
2019-06-04 15:31:16,168 find_element.py--> get_element 20: INFO ----->定位方式:id--->定位值:firstCommercialTheft
2019-06-04 15:31:16,286 find_element.py--> get_element 20: INFO ----->定位方式:id--->定位值:advancePremiumAmt
2019-06-04 15:31:16,423 find_element.py--> get_element 20: INFO ----->定位方式:id--->定位值:termCount
2019-06-04 15:31:16,575 find_element.py--> get_element 20: INFO ----->定位方式:id--->定位值:monthlyRent
2019-06-04 15:31:16,827 find_element.py--> get_element 20: INFO ----->定位方式:id--->定位值:cusInterestRates
2019-06-04 15:31:16,924 find_element.py--> get_element 20: INFO ----->定位方式:id--->定位值:purchaseTax
2019-06-04 15:31:17,160 find_element.py--> get_element 20: INFO ----->定位方式:id--->定位值:gpsFee
2019-06-04 15:31:17,330 find_element.py--> get_element 20: INFO ----->定位方式:id--->定位值:accountMaintenanceFee
2019-06-04 15:31:17,554 find_element.py--> get_element 20: INFO ----->定位方式:id--->定位值:yxDownPaymentAmt
2019-06-04 15:31:17,887 find_element.py--> get_element 20: INFO ----->定位方式:id--->定位值:yxRiskFinancingAmt
2019-06-04 15:31:18,114 find_element.py--> get_element 20: INFO ----->定位方式:id--->定位值:yxRiskControlFinancingAmt
2019-06-04 15:31:18,301 find_element.py--> get_element 20: INFO ----->定位方式:id--->定位值:hsServiceFee
2019-06-04 15:31:18,480 find_element.py--> get_element 20: INFO ----->定位方式:id--->定位值:licenseFee
2019-06-04 15:31:18,684 find_element.py--> get_element 20: INFO ----->定位方式:id--->定位值:mortgageFee
2019-06-04 15:31:18,857 find_element.py--> get_element 20: INFO ----->定位方式:id--->定位值:totalDownPaymentOtherAmt
2019-06-04 17:58:31,629 login_handle.py--> send_username 20: INFO ----->输入用户名是：ccadmin
2019-06-04 17:58:31,630 find_element.py--> get_element 20: INFO ----->定位方式:id--->定位值:loginId
2019-06-04 17:58:31,738 login_handle.py--> send_password 20: INFO ----->输入密码是：123qwe
2019-06-04 17:58:31,740 find_element.py--> get_element 20: INFO ----->定位方式:id--->定位值:password
2019-06-04 17:58:31,813 find_element.py--> get_element 20: INFO ----->定位方式:className--->定位值:login-submit
2019-06-04 17:58:33,788 find_element.py--> get_element 20: INFO ----->定位方式:id--->定位值:910000
2019-06-04 17:58:34,868 find_element.py--> get_element 20: INFO ----->定位方式:id--->定位值:15000000
2019-06-04 17:58:35,957 find_element.py--> get_element 20: INFO ----->定位方式:xpath--->定位值://*[@id="15080000"]
2019-06-04 17:58:36,025 find_element.py--> get_element 20: INFO ----->定位方式:id--->定位值:15080100
2019-06-04 17:58:39,108 find_element.py--> get_element 20: INFO ----->定位方式:xpath--->定位值://*[@id="btn_xinzeng"]
2019-06-04 17:58:40,677 order_info_handle.py--> send_userinfo 20: INFO ----->输入的手机号：18675902407
2019-06-04 17:58:40,678 find_element.py--> get_element 20: INFO ----->定位方式:id--->定位值:phoneNo
2019-06-04 17:58:41,638 find_element.py--> get_element 20: INFO ----->定位方式:id--->定位值:queryMobile
2019-06-04 17:58:42,801 order_info_handle.py--> send_userinfo 20: INFO ----->输入的身份证号：362423199401040650
2019-06-04 17:58:42,802 find_element.py--> get_element 20: INFO ----->定位方式:id--->定位值:idNumber
2019-06-04 17:58:44,608 find_element.py--> get_element 20: INFO ----->定位方式:id--->定位值:purchaseAmount
2019-06-04 17:58:44,762 find_element.py--> get_element 20: INFO ----->定位方式:xpath--->定位值://*[@id="vehicleModel"]/div/div[1]/div[3]/div/div/button/span[1]
2019-06-04 17:58:45,018 find_element.py--> get_element 20: INFO ----->定位方式:xpath--->定位值://*[@id="vehicleModel"]/div/div[1]/div[3]/div/div/div/ul/li[121]/a
2019-06-04 17:58:45,197 find_element.py--> get_element 20: INFO ----->定位方式:xpath--->定位值://*[@id="vehicleModel"]/div/div[2]/div[1]/div/div/button/span[1]
2019-06-04 17:58:45,375 find_element.py--> get_element 20: INFO ----->定位方式:xpath--->定位值://*[@id="vehicleModel"]/div/div[2]/div[1]/div/div/div/ul/li[27]/a
2019-06-04 17:58:45,551 find_element.py--> get_element 20: INFO ----->定位方式:xpath--->定位值://*[@id="vehicleModel"]/div/div[2]/div[2]/div/div/button/span[1]
2019-06-04 17:58:45,781 find_element.py--> get_element 20: INFO ----->定位方式:xpath--->定位值://*[@id="vehicleModel"]/div/div[2]/div[2]/div/div/div/ul/li[3]/a/span[1]
2019-06-04 17:58:45,985 find_element.py--> get_element 20: INFO ----->定位方式:xpath--->定位值://*[@id="vehicleModel"]/div/div[1]/div[4]/div/div/button/span[1]
2019-06-04 17:58:46,112 find_element.py--> get_element 20: INFO ----->定位方式:xpath--->定位值://*[@id="vehicleModel"]/div/div[1]/div[4]/div/div/div/ul/li[2]/a
2019-06-04 17:58:46,235 find_element.py--> get_element 20: INFO ----->定位方式:id--->定位值:guidePrice
2019-06-04 17:58:46,287 find_element.py--> get_element 20: INFO ----->定位方式:id--->定位值:guidePrice
2019-06-04 17:58:46,542 find_element.py--> get_element 20: INFO ----->定位方式:id--->定位值:salePrice
2019-06-04 17:58:46,866 order_info_business.py--> car_price 20: INFO ----->定金金额：3500
2019-06-04 17:58:46,867 find_element.py--> get_element 20: INFO ----->定位方式:id--->定位值:preLicenseProvince
2019-06-04 17:58:47,055 find_element.py--> get_element 20: INFO ----->定位方式:xpath--->定位值://*[@id="preLicenseProvince"]/option[3]
2019-06-04 17:58:47,146 find_element.py--> get_element 20: INFO ----->定位方式:id--->定位值:preLicenseCity
2019-06-04 17:58:47,310 find_element.py--> get_element 20: INFO ----->定位方式:xpath--->定位值://*[@id="preLicenseCity"]/option[2]
2019-06-04 17:58:47,386 find_element.py--> get_element 20: INFO ----->定位方式:id--->定位值:preLicenseSotre
2019-06-04 17:58:47,583 find_element.py--> get_element 20: INFO ----->定位方式:xpath--->定位值://*[@id="preLicenseSotre"]/option[2]
2019-06-04 17:58:47,661 find_element.py--> get_element 20: INFO ----->定位方式:id--->定位值:channelTypeGH
2019-06-04 17:58:47,826 find_element.py--> get_element 20: INFO ----->定位方式:id--->定位值:realNameSystemYNull
2019-06-04 17:58:47,993 find_element.py--> get_element 20: INFO ----->定位方式:id--->定位值:shopInsuranceYNull
2019-06-04 17:58:48,163 find_element.py--> get_element 20: INFO ----->定位方式:id--->定位值:firstYearVehicleAndVesselTax
2019-06-04 17:58:48,282 find_element.py--> get_element 20: INFO ----->定位方式:id--->定位值:firstYearSali
2019-06-04 17:58:48,395 find_element.py--> get_element 20: INFO ----->定位方式:id--->定位值:firstCommercialTheft
2019-06-04 17:58:48,518 find_element.py--> get_element 20: INFO ----->定位方式:id--->定位值:advancePremiumAmt
2019-06-04 17:58:48,654 find_element.py--> get_element 20: INFO ----->定位方式:id--->定位值:termCount
2019-06-04 17:58:48,805 find_element.py--> get_element 20: INFO ----->定位方式:id--->定位值:monthlyRent
2019-06-04 17:58:49,034 find_element.py--> get_element 20: INFO ----->定位方式:id--->定位值:cusInterestRates
2019-06-04 17:58:49,125 find_element.py--> get_element 20: INFO ----->定位方式:id--->定位值:purchaseTax
2019-06-04 17:58:49,319 find_element.py--> get_element 20: INFO ----->定位方式:id--->定位值:gpsFee
2019-06-04 17:58:49,490 find_element.py--> get_element 20: INFO ----->定位方式:id--->定位值:accountMaintenanceFee
2019-06-04 17:58:49,685 find_element.py--> get_element 20: INFO ----->定位方式:id--->定位值:yxDownPaymentAmt
2019-06-04 17:58:49,915 find_element.py--> get_element 20: INFO ----->定位方式:id--->定位值:yxRiskFinancingAmt
2019-06-04 17:58:50,078 find_element.py--> get_element 20: INFO ----->定位方式:id--->定位值:yxRiskControlFinancingAmt
2019-06-04 17:58:50,266 find_element.py--> get_element 20: INFO ----->定位方式:id--->定位值:hsServiceFee
2019-06-04 17:58:50,513 find_element.py--> get_element 20: INFO ----->定位方式:id--->定位值:licenseFee
2019-06-04 17:58:50,684 find_element.py--> get_element 20: INFO ----->定位方式:id--->定位值:mortgageFee
2019-06-04 17:58:50,843 find_element.py--> get_element 20: INFO ----->定位方式:id--->定位值:totalDownPaymentOtherAmt
2019-06-04 17:58:50,968 find_element.py--> get_element 20: INFO ----->定位方式:id--->定位值:remarkId
2019-06-04 18:29:00,936 login_handle.py--> send_username 20: INFO ----->输入用户名是：ccadmin
2019-06-04 18:29:00,937 find_element.py--> get_element 20: INFO ----->定位方式:id--->定位值:loginId
2019-06-04 18:29:01,074 login_handle.py--> send_password 20: INFO ----->输入密码是：123qwe
2019-06-04 18:29:01,076 find_element.py--> get_element 20: INFO ----->定位方式:id--->定位值:password
2019-06-04 18:29:01,155 find_element.py--> get_element 20: INFO ----->定位方式:className--->定位值:login-submit
2019-06-04 18:29:04,141 find_element.py--> get_element 20: INFO ----->定位方式:id--->定位值:910000
2019-06-04 18:29:05,225 find_element.py--> get_element 20: INFO ----->定位方式:id--->定位值:15000000
2019-06-04 18:29:06,310 find_element.py--> get_element 20: INFO ----->定位方式:xpath--->定位值://*[@id="15080000"]
2019-06-04 18:29:06,373 find_element.py--> get_element 20: INFO ----->定位方式:id--->定位值:15080100
2019-06-04 18:29:08,753 find_element.py--> get_element 20: INFO ----->定位方式:xpath--->定位值://*[@id="btn_xinzeng"]
2019-06-04 18:29:10,244 order_info_handle.py--> send_userinfo 20: INFO ----->输入的手机号：18676404286
2019-06-04 18:29:10,246 find_element.py--> get_element 20: INFO ----->定位方式:id--->定位值:phoneNo
2019-06-04 18:29:11,177 find_element.py--> get_element 20: INFO ----->定位方式:id--->定位值:queryMobile
2019-06-04 18:29:12,325 order_info_handle.py--> send_userinfo 20: INFO ----->输入的身份证号：110111198204124852
2019-06-04 18:29:12,326 find_element.py--> get_element 20: INFO ----->定位方式:id--->定位值:idNumber
2019-06-04 18:29:14,113 find_element.py--> get_element 20: INFO ----->定位方式:id--->定位值:purchaseAmount
2019-06-04 18:29:14,345 find_element.py--> get_element 20: INFO ----->定位方式:xpath--->定位值://*[@id="vehicleModel"]/div/div[1]/div[3]/div/div/button/span[1]
2019-06-04 18:29:14,591 find_element.py--> get_element 20: INFO ----->定位方式:xpath--->定位值://*[@id="vehicleModel"]/div/div[1]/div[3]/div/div/div/ul/li[121]/a
2019-06-04 18:29:14,811 find_element.py--> get_element 20: INFO ----->定位方式:xpath--->定位值://*[@id="vehicleModel"]/div/div[2]/div[1]/div/div/button/span[1]
2019-06-04 18:29:14,982 find_element.py--> get_element 20: INFO ----->定位方式:xpath--->定位值://*[@id="vehicleModel"]/div/div[2]/div[1]/div/div/div/ul/li[27]/a
2019-06-04 18:29:15,156 find_element.py--> get_element 20: INFO ----->定位方式:xpath--->定位值://*[@id="vehicleModel"]/div/div[2]/div[2]/div/div/button/span[1]
2019-06-04 18:29:15,379 find_element.py--> get_element 20: INFO ----->定位方式:xpath--->定位值://*[@id="vehicleModel"]/div/div[2]/div[2]/div/div/div/ul/li[3]/a/span[1]
2019-06-04 18:29:15,533 find_element.py--> get_element 20: INFO ----->定位方式:xpath--->定位值://*[@id="vehicleModel"]/div/div[1]/div[4]/div/div/button/span[1]
2019-06-04 18:29:15,720 find_element.py--> get_element 20: INFO ----->定位方式:xpath--->定位值://*[@id="vehicleModel"]/div/div[1]/div[4]/div/div/div/ul/li[2]/a
2019-06-04 18:29:15,842 find_element.py--> get_element 20: INFO ----->定位方式:id--->定位值:guidePrice
2019-06-04 18:29:15,897 find_element.py--> get_element 20: INFO ----->定位方式:id--->定位值:guidePrice
2019-06-04 18:29:16,147 find_element.py--> get_element 20: INFO ----->定位方式:id--->定位值:salePrice
2019-06-04 18:29:16,500 order_info_business.py--> car_price 20: INFO ----->定金金额：3500
2019-06-04 18:29:16,501 find_element.py--> get_element 20: INFO ----->定位方式:id--->定位值:preLicenseProvince
2019-06-04 18:29:16,659 find_element.py--> get_element 20: INFO ----->定位方式:xpath--->定位值://*[@id="preLicenseProvince"]/option[3]
2019-06-04 18:29:16,749 find_element.py--> get_element 20: INFO ----->定位方式:id--->定位值:preLicenseCity
2019-06-04 18:29:16,903 find_element.py--> get_element 20: INFO ----->定位方式:xpath--->定位值://*[@id="preLicenseCity"]/option[2]
2019-06-04 18:29:16,983 find_element.py--> get_element 20: INFO ----->定位方式:id--->定位值:preLicenseSotre
2019-06-04 18:29:17,149 find_element.py--> get_element 20: INFO ----->定位方式:xpath--->定位值://*[@id="preLicenseSotre"]/option[2]
2019-06-04 18:29:17,279 find_element.py--> get_element 20: INFO ----->定位方式:id--->定位值:channelTypeGH
2019-06-04 18:29:17,439 find_element.py--> get_element 20: INFO ----->定位方式:id--->定位值:realNameSystemYNull
2019-06-04 18:29:17,586 find_element.py--> get_element 20: INFO ----->定位方式:id--->定位值:shopInsuranceYNull
2019-06-04 18:29:17,721 find_element.py--> get_element 20: INFO ----->定位方式:id--->定位值:firstYearVehicleAndVesselTax
2019-06-04 18:29:17,887 find_element.py--> get_element 20: INFO ----->定位方式:id--->定位值:firstYearSali
2019-06-04 18:29:18,001 find_element.py--> get_element 20: INFO ----->定位方式:id--->定位值:firstCommercialTheft
2019-06-04 18:29:18,118 find_element.py--> get_element 20: INFO ----->定位方式:id--->定位值:advancePremiumAmt
2019-06-04 18:29:18,268 find_element.py--> get_element 20: INFO ----->定位方式:id--->定位值:termCount
2019-06-04 18:29:18,428 find_element.py--> get_element 20: INFO ----->定位方式:id--->定位值:monthlyRent
2019-06-04 18:29:18,642 find_element.py--> get_element 20: INFO ----->定位方式:id--->定位值:cusInterestRates
2019-06-04 18:29:18,739 find_element.py--> get_element 20: INFO ----->定位方式:id--->定位值:purchaseTax
2019-06-04 18:29:18,951 find_element.py--> get_element 20: INFO ----->定位方式:id--->定位值:gpsFee
2019-06-04 18:29:19,130 find_element.py--> get_element 20: INFO ----->定位方式:id--->定位值:accountMaintenanceFee
2019-06-04 18:29:19,337 find_element.py--> get_element 20: INFO ----->定位方式:id--->定位值:yxDownPaymentAmt
2019-06-04 18:29:19,549 find_element.py--> get_element 20: INFO ----->定位方式:id--->定位值:yxRiskFinancingAmt
2019-06-04 18:29:19,720 find_element.py--> get_element 20: INFO ----->定位方式:id--->定位值:yxRiskControlFinancingAmt
2019-06-04 18:29:19,931 find_element.py--> get_element 20: INFO ----->定位方式:id--->定位值:hsServiceFee
2019-06-04 18:29:20,124 find_element.py--> get_element 20: INFO ----->定位方式:id--->定位值:licenseFee
2019-06-04 18:29:20,322 find_element.py--> get_element 20: INFO ----->定位方式:id--->定位值:mortgageFee
2019-06-04 18:29:20,474 find_element.py--> get_element 20: INFO ----->定位方式:id--->定位值:totalDownPaymentOtherAmt
2019-06-04 18:29:20,597 find_element.py--> get_element 20: INFO ----->定位方式:id--->定位值:remarkId
2019-06-04 18:29:20,827 find_element.py--> get_element 20: INFO ----->定位方式:xpath--->定位值://*[@id="fanancingInfoHs"]/div/div[2]/div[1]/div/div/button/span[1]
2019-06-04 18:29:20,972 find_element.py--> get_element 20: INFO ----->定位方式:xpath--->定位值://*[@id="fanancingInfoHs"]/div/div[2]/div[1]/div/div/div/ul/li[2]/a/span[1]
