2019-08-02 09:54:20,904 login_handle.py--> send_username 20: INFO ----->输入用户名是：ccadmin
2019-08-02 09:54:20,907 find_element.py--> get_element 20: INFO ----->定位方式:id--->定位值:loginId
2019-08-02 09:54:21,021 login_handle.py--> send_password 20: INFO ----->输入密码是：123qwe
2019-08-02 09:54:21,022 find_element.py--> get_element 20: INFO ----->定位方式:id--->定位值:password
2019-08-02 09:54:21,108 find_element.py--> get_element 20: INFO ----->定位方式:className--->定位值:login-submit
2019-08-02 09:54:22,711 find_element.py--> get_element 20: INFO ----->定位方式:id--->定位值:910000
2019-08-02 09:54:23,793 find_element.py--> get_element 20: INFO ----->定位方式:id--->定位值:15000000
2019-08-02 09:54:24,880 find_element.py--> get_element 20: INFO ----->定位方式:xpath--->定位值://*[@id="15080000"]
2019-08-02 09:54:24,992 find_element.py--> get_element 20: INFO ----->定位方式:id--->定位值:15080100
2019-08-02 09:54:28,007 find_element.py--> get_element 20: INFO ----->定位方式:xpath--->定位值://*[@id="btn_xinzeng"]
2019-08-02 09:54:30,491 order_info_handle.py--> send_userinfo 20: INFO ----->输入的手机号：12074691812
2019-08-02 09:54:30,493 find_element.py--> get_element 20: INFO ----->定位方式:id--->定位值:phoneNo
2019-08-02 09:54:31,546 find_element.py--> get_element 20: INFO ----->定位方式:id--->定位值:queryMobile
2019-08-02 09:54:32,675 find_element.py--> get_element 20: INFO ----->定位方式:xpath--->定位值://*[@id="customerBase"]/div/div[1]/div[3]/div/div/button/span[1]
2019-08-02 09:54:32,808 find_element.py--> get_element 20: INFO ----->定位方式:xpath--->定位值://*[@id="customerBase"]/div/div[1]/div[3]/div/div/div/ul/li[2]/a/span[1]
2019-08-02 09:54:33,970 find_element.py--> get_element 20: INFO ----->定位方式:xpath--->定位值://*[@id="vehicleModel"]/div/div[1]/div[1]/div/div/button/span[1]
2019-08-02 09:54:34,111 find_element.py--> get_element 20: INFO ----->定位方式:xpath--->定位值://*[@id="vehicleModel"]/div/div[1]/div[1]/div/div/div/ul/li[3]/a/span[1]
2019-08-02 09:54:34,261 find_element.py--> get_element 20: INFO ----->定位方式:id--->定位值:purchaseAmount
2019-08-02 09:54:34,333 find_element.py--> get_element 20: INFO ----->定位方式:xpath--->定位值://*[@id="vehicleModel"]/div/div[1]/div[3]/div/div/button/span[1]
2019-08-02 09:54:34,512 find_element.py--> get_element 20: INFO ----->定位方式:xpath--->定位值://*[@id="vehicleModel"]/div/div[1]/div[3]/div/div/div/ul/li[11]/a/span[1]
2019-08-02 09:54:34,672 find_element.py--> get_element 20: INFO ----->定位方式:xpath--->定位值://*[@id="vehicleModel"]/div/div[1]/div[4]/div/div/button/span[1]
2019-08-02 09:54:34,836 find_element.py--> get_element 20: INFO ----->定位方式:xpath--->定位值://*[@id="vehicleModel"]/div/div[1]/div[4]/div/div/div/ul/li[2]/a/span[1]
2019-08-02 09:54:35,100 find_element.py--> get_element 20: INFO ----->定位方式:xpath--->定位值://*[@id="vehicleModel"]/div/div[2]/div[1]/div/div/button/span[1]
2019-08-02 09:54:35,275 find_element.py--> get_element 20: INFO ----->定位方式:xpath--->定位值://*[@id="vehicleModel"]/div/div[2]/div[1]/div/div/div/ul/li[2]/a/span[1]
2019-08-02 09:54:35,448 find_element.py--> get_element 20: INFO ----->定位方式:id--->定位值:factoryName
2019-08-02 09:54:35,609 find_element.py--> get_element 20: INFO ----->定位方式:xpath--->定位值://*[@id="vehicleModel"]/div/div[2]/div[2]/div/div/button/span[1]
2019-08-02 09:54:35,763 find_element.py--> get_element 20: INFO ----->定位方式:xpath--->定位值://*[@id="vehicleModel"]/div/div[2]/div[2]/div/div/div/ul/li[2]/a/span[1]
2019-08-02 09:54:35,896 find_element.py--> get_element 20: INFO ----->定位方式:id--->定位值:guidePrice
2019-08-02 09:54:35,942 find_element.py--> get_element 20: INFO ----->定位方式:id--->定位值:guidePrice
2019-08-02 09:54:36,150 find_element.py--> get_element 20: INFO ----->定位方式:id--->定位值:salePrice
2019-08-02 09:54:36,456 order_info_business.py--> car_price 20: INFO ----->定金金额：3500
2019-08-02 09:54:36,461 find_element.py--> get_element 20: INFO ----->定位方式:id--->定位值:preLicenseProvince
2019-08-02 09:54:36,660 find_element.py--> get_element 20: INFO ----->定位方式:xpath--->定位值://*[@id="preLicenseProvince"]/option[20]
2019-08-02 09:54:36,756 find_element.py--> get_element 20: INFO ----->定位方式:id--->定位值:preLicenseCity
2019-08-02 09:54:36,897 find_element.py--> get_element 20: INFO ----->定位方式:xpath--->定位值://*[@id="preLicenseCity"]/option[2]
2019-08-02 09:54:36,973 find_element.py--> get_element 20: INFO ----->定位方式:id--->定位值:preLicenseSotre
2019-08-02 09:54:37,122 find_element.py--> get_element 20: INFO ----->定位方式:xpath--->定位值://*[@id="preLicenseSotre"]/option[2]
2019-08-02 09:54:37,197 find_element.py--> get_element 20: INFO ----->定位方式:id--->定位值:queryEmissionStandardName
2019-08-02 09:54:37,424 find_element.py--> get_element 20: INFO ----->定位方式:id--->定位值:channelTypeHT
2019-08-02 09:54:37,602 find_element.py--> get_element 20: INFO ----->定位方式:id--->定位值:realNameSystemNNull
2019-08-02 09:54:37,753 find_element.py--> get_element 20: INFO ----->定位方式:id--->定位值:shopInsuranceNNull
2019-08-02 09:54:37,843 find_element.py--> get_element 20: INFO ----->定位方式:id--->定位值:firstYearVehicleAndVesselTax
2019-08-02 09:54:37,938 find_element.py--> get_element 20: INFO ----->定位方式:id--->定位值:firstYearSali
2019-08-02 09:54:38,033 find_element.py--> get_element 20: INFO ----->定位方式:id--->定位值:firstCommercialTheft
2019-08-02 09:54:38,135 find_element.py--> get_element 20: INFO ----->定位方式:id--->定位值:advancePremiumAmt
2019-08-02 09:54:38,198 find_element.py--> get_element 20: INFO ----->定位方式:id--->定位值:termCount
2019-08-02 09:54:38,354 find_element.py--> get_element 20: INFO ----->定位方式:id--->定位值:monthlyRent
2019-08-02 09:54:38,549 find_element.py--> get_element 20: INFO ----->定位方式:id--->定位值:cusInterestRates
2019-08-02 09:54:38,630 find_element.py--> get_element 20: INFO ----->定位方式:id--->定位值:purchaseTax
2019-08-02 09:54:38,807 find_element.py--> get_element 20: INFO ----->定位方式:id--->定位值:gpsFee
2019-08-02 09:54:38,951 find_element.py--> get_element 20: INFO ----->定位方式:id--->定位值:accountMaintenanceFee
2019-08-02 09:54:39,007 find_element.py--> get_element 20: INFO ----->定位方式:id--->定位值:yxDownPaymentAmt
2019-08-02 09:54:39,234 find_element.py--> get_element 20: INFO ----->定位方式:id--->定位值:yxRiskFinancingAmt
2019-08-02 09:54:39,428 find_element.py--> get_element 20: INFO ----->定位方式:id--->定位值:yxRiskControlFinancingAmt
2019-08-02 09:54:39,600 find_element.py--> get_element 20: INFO ----->定位方式:id--->定位值:hsServiceFee
2019-08-02 09:54:39,773 find_element.py--> get_element 20: INFO ----->定位方式:id--->定位值:licenseFee
2019-08-02 09:54:39,933 find_element.py--> get_element 20: INFO ----->定位方式:id--->定位值:mortgageFee
2019-08-02 09:54:40,099 find_element.py--> get_element 20: INFO ----->定位方式:id--->定位值:totalDownPaymentOtherAmt
2019-08-02 09:54:40,197 find_element.py--> get_element 20: INFO ----->定位方式:id--->定位值:remarkId
2019-08-02 09:54:40,595 find_element.py--> get_element 20: INFO ----->定位方式:xpath--->定位值://*[@id="fanancingInfoHs"]/div/div[2]/div[1]/div/div/button/span[1]
2019-08-02 09:54:40,718 find_element.py--> get_element 20: INFO ----->定位方式:xpath--->定位值://*[@id="fanancingInfoHs"]/div/div[2]/div[1]/div/div/div/ul/li[2]/a/span[1]
2019-08-02 09:54:40,883 find_element.py--> get_element 20: INFO ----->定位方式:id--->定位值:yxOrderNo
2019-08-02 09:54:41,339 find_element.py--> get_element 20: INFO ----->定位方式:xpath--->定位值://*[@id="yxAuditFile"]/div/table/tbody/tr[1]/td[3]/input
2019-08-02 09:54:42,490 find_element.py--> get_element 20: INFO ----->定位方式:xpath--->定位值://*[@id="yx-upload-check"]
2019-08-02 09:54:44,915 find_element.py--> get_element 20: INFO ----->定位方式:xpath--->定位值://*[@id="yx-upload-sub"]
2019-08-02 09:54:45,174 find_element.py--> get_element 20: INFO ----->定位方式:xpath--->定位值://*[@id="cusUpdateModal"]/div/div/div[3]/button
2019-08-02 09:54:46,326 find_element.py--> get_element 20: INFO ----->定位方式:xpath--->定位值://*[@id="yxAuditFile"]/div/table/tbody/tr[2]/td[3]/input
2019-08-02 09:54:47,465 find_element.py--> get_element 20: INFO ----->定位方式:xpath--->定位值://*[@id="yx-upload-check"]
2019-08-02 09:54:50,789 find_element.py--> get_element 20: INFO ----->定位方式:xpath--->定位值://*[@id="yx-upload-check"]
2019-08-02 09:54:54,060 find_element.py--> get_element 20: INFO ----->定位方式:xpath--->定位值://*[@id="yx-upload-sub"]
2019-08-02 09:54:54,214 find_element.py--> get_element 20: INFO ----->定位方式:xpath--->定位值://*[@id="cusUpdateModal"]/div/div/div[3]/button
2019-08-02 09:54:55,390 find_element.py--> get_element 20: INFO ----->定位方式:id--->定位值:basicTempSave
2019-08-02 09:55:08,305 login_handle.py--> send_username 20: INFO ----->输入用户名是：ccadmin
2019-08-02 09:55:08,307 find_element.py--> get_element 20: INFO ----->定位方式:id--->定位值:loginId
2019-08-02 09:55:08,403 login_handle.py--> send_password 20: INFO ----->输入密码是：123qwe
2019-08-02 09:55:08,406 find_element.py--> get_element 20: INFO ----->定位方式:id--->定位值:password
2019-08-02 09:55:08,468 find_element.py--> get_element 20: INFO ----->定位方式:className--->定位值:login-submit
2019-08-02 09:55:10,022 find_element.py--> get_element 20: INFO ----->定位方式:id--->定位值:910000
2019-08-02 09:55:11,102 find_element.py--> get_element 20: INFO ----->定位方式:id--->定位值:15000000
2019-08-02 09:55:12,180 find_element.py--> get_element 20: INFO ----->定位方式:xpath--->定位值://*[@id="15080000"]
2019-08-02 09:55:12,247 find_element.py--> get_element 20: INFO ----->定位方式:id--->定位值:15080100
2019-08-02 09:55:14,654 find_element.py--> get_element 20: INFO ----->定位方式:xpath--->定位值://*[@id="btn_xinzeng"]
2019-08-02 09:55:16,402 order_info_handle.py--> send_userinfo 20: INFO ----->输入的手机号：12079209511
2019-08-02 09:55:16,405 find_element.py--> get_element 20: INFO ----->定位方式:id--->定位值:phoneNo
2019-08-02 09:55:17,560 find_element.py--> get_element 20: INFO ----->定位方式:id--->定位值:queryMobile
2019-08-02 09:55:18,707 find_element.py--> get_element 20: INFO ----->定位方式:xpath--->定位值://*[@id="customerBase"]/div/div[1]/div[3]/div/div/button/span[1]
2019-08-02 09:55:18,833 find_element.py--> get_element 20: INFO ----->定位方式:xpath--->定位值://*[@id="customerBase"]/div/div[1]/div[3]/div/div/div/ul/li[2]/a/span[1]
2019-08-02 09:55:20,000 find_element.py--> get_element 20: INFO ----->定位方式:xpath--->定位值://*[@id="vehicleModel"]/div/div[1]/div[1]/div/div/button/span[1]
2019-08-02 09:55:20,131 find_element.py--> get_element 20: INFO ----->定位方式:xpath--->定位值://*[@id="vehicleModel"]/div/div[1]/div[1]/div/div/div/ul/li[3]/a/span[1]
2019-08-02 09:55:20,290 find_element.py--> get_element 20: INFO ----->定位方式:id--->定位值:purchaseAmount
2019-08-02 09:55:20,347 find_element.py--> get_element 20: INFO ----->定位方式:xpath--->定位值://*[@id="vehicleModel"]/div/div[1]/div[3]/div/div/button/span[1]
2019-08-02 09:55:20,510 find_element.py--> get_element 20: INFO ----->定位方式:xpath--->定位值://*[@id="vehicleModel"]/div/div[1]/div[3]/div/div/div/ul/li[11]/a/span[1]
2019-08-02 09:55:20,820 find_element.py--> get_element 20: INFO ----->定位方式:xpath--->定位值://*[@id="vehicleModel"]/div/div[1]/div[4]/div/div/button/span[1]
2019-08-02 09:55:20,948 find_element.py--> get_element 20: INFO ----->定位方式:xpath--->定位值://*[@id="vehicleModel"]/div/div[1]/div[4]/div/div/div/ul/li[2]/a/span[1]
2019-08-02 09:55:21,127 find_element.py--> get_element 20: INFO ----->定位方式:xpath--->定位值://*[@id="vehicleModel"]/div/div[2]/div[1]/div/div/button/span[1]
2019-08-02 09:55:21,318 find_element.py--> get_element 20: INFO ----->定位方式:xpath--->定位值://*[@id="vehicleModel"]/div/div[2]/div[1]/div/div/div/ul/li[2]/a/span[1]
2019-08-02 09:55:21,498 find_element.py--> get_element 20: INFO ----->定位方式:id--->定位值:factoryName
2019-08-02 09:55:21,674 find_element.py--> get_element 20: INFO ----->定位方式:xpath--->定位值://*[@id="vehicleModel"]/div/div[2]/div[2]/div/div/button/span[1]
2019-08-02 09:55:21,831 find_element.py--> get_element 20: INFO ----->定位方式:xpath--->定位值://*[@id="vehicleModel"]/div/div[2]/div[2]/div/div/div/ul/li[2]/a/span[1]
2019-08-02 09:55:22,016 find_element.py--> get_element 20: INFO ----->定位方式:id--->定位值:guidePrice
2019-08-02 09:55:22,099 find_element.py--> get_element 20: INFO ----->定位方式:id--->定位值:guidePrice
2019-08-02 09:55:22,435 find_element.py--> get_element 20: INFO ----->定位方式:id--->定位值:salePrice
2019-08-02 09:55:22,802 order_info_business.py--> car_price 20: INFO ----->定金金额：3500
2019-08-02 09:55:22,805 find_element.py--> get_element 20: INFO ----->定位方式:id--->定位值:preLicenseProvince
2019-08-02 09:55:22,966 find_element.py--> get_element 20: INFO ----->定位方式:xpath--->定位值://*[@id="preLicenseProvince"]/option[20]
2019-08-02 09:55:23,101 find_element.py--> get_element 20: INFO ----->定位方式:id--->定位值:preLicenseCity
2019-08-02 09:55:23,284 find_element.py--> get_element 20: INFO ----->定位方式:xpath--->定位值://*[@id="preLicenseCity"]/option[2]
2019-08-02 09:55:23,373 find_element.py--> get_element 20: INFO ----->定位方式:id--->定位值:preLicenseSotre
2019-08-02 09:55:23,542 find_element.py--> get_element 20: INFO ----->定位方式:xpath--->定位值://*[@id="preLicenseSotre"]/option[2]
2019-08-02 09:55:23,655 find_element.py--> get_element 20: INFO ----->定位方式:id--->定位值:queryEmissionStandardName
2019-08-02 09:55:23,834 find_element.py--> get_element 20: INFO ----->定位方式:id--->定位值:channelTypeHT
2019-08-02 09:55:24,031 find_element.py--> get_element 20: INFO ----->定位方式:id--->定位值:realNameSystemNNull
2019-08-02 09:55:24,207 find_element.py--> get_element 20: INFO ----->定位方式:id--->定位值:shopInsuranceNNull
2019-08-02 09:55:24,311 find_element.py--> get_element 20: INFO ----->定位方式:id--->定位值:firstYearVehicleAndVesselTax
2019-08-02 09:55:24,406 find_element.py--> get_element 20: INFO ----->定位方式:id--->定位值:firstYearSali
2019-08-02 09:55:24,502 find_element.py--> get_element 20: INFO ----->定位方式:id--->定位值:firstCommercialTheft
2019-08-02 09:55:24,601 find_element.py--> get_element 20: INFO ----->定位方式:id--->定位值:advancePremiumAmt
2019-08-02 09:55:24,662 find_element.py--> get_element 20: INFO ----->定位方式:id--->定位值:termCount
2019-08-02 09:55:24,808 find_element.py--> get_element 20: INFO ----->定位方式:id--->定位值:monthlyRent
2019-08-02 09:55:24,984 find_element.py--> get_element 20: INFO ----->定位方式:id--->定位值:cusInterestRates
2019-08-02 09:55:25,079 find_element.py--> get_element 20: INFO ----->定位方式:id--->定位值:purchaseTax
2019-08-02 09:55:25,240 find_element.py--> get_element 20: INFO ----->定位方式:id--->定位值:gpsFee
2019-08-02 09:55:25,391 find_element.py--> get_element 20: INFO ----->定位方式:id--->定位值:accountMaintenanceFee
2019-08-02 09:55:25,454 find_element.py--> get_element 20: INFO ----->定位方式:id--->定位值:yxDownPaymentAmt
2019-08-02 09:55:25,741 find_element.py--> get_element 20: INFO ----->定位方式:id--->定位值:yxRiskFinancingAmt
2019-08-02 09:55:25,913 find_element.py--> get_element 20: INFO ----->定位方式:id--->定位值:yxRiskControlFinancingAmt
2019-08-02 09:55:26,078 find_element.py--> get_element 20: INFO ----->定位方式:id--->定位值:hsServiceFee
2019-08-02 09:55:26,247 find_element.py--> get_element 20: INFO ----->定位方式:id--->定位值:licenseFee
2019-08-02 09:55:26,407 find_element.py--> get_element 20: INFO ----->定位方式:id--->定位值:mortgageFee
2019-08-02 09:55:26,554 find_element.py--> get_element 20: INFO ----->定位方式:id--->定位值:totalDownPaymentOtherAmt
2019-08-02 09:55:26,657 find_element.py--> get_element 20: INFO ----->定位方式:id--->定位值:remarkId
2019-08-02 09:55:27,048 find_element.py--> get_element 20: INFO ----->定位方式:xpath--->定位值://*[@id="fanancingInfoHs"]/div/div[2]/div[1]/div/div/button/span[1]
2019-08-02 09:55:27,177 find_element.py--> get_element 20: INFO ----->定位方式:xpath--->定位值://*[@id="fanancingInfoHs"]/div/div[2]/div[1]/div/div/div/ul/li[2]/a/span[1]
2019-08-02 09:55:27,335 find_element.py--> get_element 20: INFO ----->定位方式:id--->定位值:yxOrderNo
2019-08-02 09:55:27,743 find_element.py--> get_element 20: INFO ----->定位方式:xpath--->定位值://*[@id="yxAuditFile"]/div/table/tbody/tr[1]/td[3]/input
2019-08-02 09:55:28,887 find_element.py--> get_element 20: INFO ----->定位方式:xpath--->定位值://*[@id="yx-upload-check"]
2019-08-02 09:55:31,317 find_element.py--> get_element 20: INFO ----->定位方式:xpath--->定位值://*[@id="yx-upload-sub"]
2019-08-02 09:55:31,540 find_element.py--> get_element 20: INFO ----->定位方式:xpath--->定位值://*[@id="cusUpdateModal"]/div/div/div[3]/button
2019-08-02 09:55:32,703 find_element.py--> get_element 20: INFO ----->定位方式:xpath--->定位值://*[@id="yxAuditFile"]/div/table/tbody/tr[2]/td[3]/input
2019-08-02 09:55:33,853 find_element.py--> get_element 20: INFO ----->定位方式:xpath--->定位值://*[@id="yx-upload-check"]
2019-08-02 09:55:37,151 find_element.py--> get_element 20: INFO ----->定位方式:xpath--->定位值://*[@id="yx-upload-check"]
2019-08-02 09:55:40,408 find_element.py--> get_element 20: INFO ----->定位方式:xpath--->定位值://*[@id="yx-upload-sub"]
2019-08-02 09:55:40,518 find_element.py--> get_element 20: INFO ----->定位方式:xpath--->定位值://*[@id="cusUpdateModal"]/div/div/div[3]/button
2019-08-02 09:55:41,625 find_element.py--> get_element 20: INFO ----->定位方式:id--->定位值:basicTempSave
2019-08-02 09:55:43,623 find_element.py--> get_element 20: INFO ----->定位方式:id--->定位值:basicModalBtnNegative
2019-08-02 09:55:44,733 find_element.py--> get_element 20: INFO ----->定位方式:id--->定位值:basicSubmit
2019-08-02 09:55:46,584 find_element.py--> get_element 20: INFO ----->定位方式:id--->定位值:basicModalBtnNegative
2019-08-02 09:55:48,029 find_element.py--> get_element 20: INFO ----->定位方式:name--->定位值:customerPhoneNo
2019-08-02 09:55:48,238 find_element.py--> get_element 20: INFO ----->定位方式:id--->定位值:btnSearch
2019-08-02 09:55:49,360 find_element.py--> get_element 20: INFO ----->定位方式:xpath--->定位值://*[@id="orders"]/tbody/tr[1]/td[1]
2019-08-02 09:55:49,476 find_element.py--> get_element 20: INFO ----->定位方式:id--->定位值:btn_shenhedingdan
2019-08-02 09:55:52,263 find_element.py--> get_element 20: INFO ----->定位方式:id--->定位值:basicSubmit
2019-08-02 09:55:53,409 find_element.py--> get_element 20: INFO ----->定位方式:id--->定位值:basicModalBtnNegative
2019-08-02 09:55:54,935 find_element.py--> get_element 20: INFO ----->定位方式:name--->定位值:customerPhoneNo
2019-08-02 09:55:55,147 find_element.py--> get_element 20: INFO ----->定位方式:id--->定位值:btnSearch
2019-08-02 09:55:56,287 find_element.py--> get_element 20: INFO ----->定位方式:xpath--->定位值://*[@id="orders"]/tbody/tr[1]/td[1]
2019-08-02 09:55:56,952 find_element.py--> get_element 20: INFO ----->定位方式:id--->定位值:btn_xiaoshoujiesuan
2019-08-02 09:55:58,513 find_element.py--> get_element 20: INFO ----->定位方式:xpath--->定位值://*[@id="amtDetail"]/div/div[3]/div/button[1]
2019-08-02 09:55:59,695 find_element.py--> get_element 20: INFO ----->定位方式:xpath--->定位值://*[@id="receiptModel"]/div/div/div[2]/button
2019-08-02 09:56:00,800 find_element.py--> get_element 20: INFO ----->定位方式:id--->定位值:deliveryClose
2019-08-02 09:56:02,033 find_element.py--> get_element 20: INFO ----->定位方式:name--->定位值:customerPhoneNo
2019-08-02 09:56:02,191 find_element.py--> get_element 20: INFO ----->定位方式:id--->定位值:btnSearch
2019-08-02 09:56:03,310 find_element.py--> get_element 20: INFO ----->定位方式:xpath--->定位值://*[@id="orders"]/tbody/tr[1]/td[1]
2019-08-02 09:56:03,423 find_element.py--> get_element 20: INFO ----->定位方式:id--->定位值:btn_shengchenghetong
2019-08-02 09:56:04,655 find_element.py--> get_element 20: INFO ----->定位方式:id--->定位值:hsSignBody
2019-08-02 09:56:04,830 find_element.py--> get_element 20: INFO ----->定位方式:xpath--->定位值://*[@id="hsSignBody"]/option[2]
2019-08-02 09:56:04,899 find_element.py--> get_element 20: INFO ----->定位方式:id--->定位值:makeContract
2019-08-02 09:56:05,030 find_element.py--> get_element 20: INFO ----->定位方式:id--->定位值:deliveryClose
2019-08-02 09:56:06,356 find_element.py--> get_element 20: INFO ----->定位方式:name--->定位值:customerPhoneNo
2019-08-02 09:56:06,526 find_element.py--> get_element 20: INFO ----->定位方式:id--->定位值:btnSearch
2019-08-02 09:56:07,638 find_element.py--> get_element 20: INFO ----->定位方式:xpath--->定位值://*[@id="orders"]/tbody/tr[1]/td[1]
2019-08-02 09:56:07,763 find_element.py--> get_element 20: INFO ----->定位方式:id--->定位值:btn_shangchuanhetong
2019-08-02 09:56:08,947 find_element.py--> get_element 20: INFO ----->定位方式:xpath--->定位值://*[@id="file"]/div/table/tbody/tr[1]/td[3]/input
2019-08-02 09:56:10,100 find_element.py--> get_element 20: INFO ----->定位方式:id--->定位值:yx-upload-check
2019-08-02 09:56:13,384 find_element.py--> get_element 20: INFO ----->定位方式:id--->定位值:yx-upload-sub
2019-08-02 09:56:13,487 find_element.py--> get_element 20: INFO ----->定位方式:xpath--->定位值://*[@id="cusUpdateModal"]/div/div/div[3]/button
2019-08-02 09:56:14,596 find_element.py--> get_element 20: INFO ----->定位方式:xpath--->定位值://*[@id="file"]/div/table/tbody/tr[2]/td[3]/input
2019-08-02 09:56:15,705 find_element.py--> get_element 20: INFO ----->定位方式:id--->定位值:yx-upload-check
2019-08-02 09:56:18,951 find_element.py--> get_element 20: INFO ----->定位方式:id--->定位值:yx-upload-sub
2019-08-02 09:56:19,037 find_element.py--> get_element 20: INFO ----->定位方式:xpath--->定位值://*[@id="cusUpdateModal"]/div/div/div[3]/button
2019-08-02 09:56:20,137 find_element.py--> get_element 20: INFO ----->定位方式:id--->定位值:yxHsContractApply
2019-08-02 09:56:21,234 find_element.py--> get_element 20: INFO ----->定位方式:id--->定位值:basicModalBtnNegative
2019-08-02 09:56:22,709 find_element.py--> get_element 20: INFO ----->定位方式:name--->定位值:customerPhoneNo
2019-08-02 09:56:22,941 find_element.py--> get_element 20: INFO ----->定位方式:id--->定位值:btnSearch
2019-08-02 09:56:24,065 find_element.py--> get_element 20: INFO ----->定位方式:xpath--->定位值://*[@id="orders"]/tbody/tr[1]/td[1]
2019-08-02 09:56:24,195 find_element.py--> get_element 20: INFO ----->定位方式:id--->定位值:btn_shenhehetong
2019-08-02 09:56:26,015 find_element.py--> get_element 20: INFO ----->定位方式:id--->定位值:hsShopInsuranceNNull
2019-08-02 09:56:29,849 find_element.py--> get_element 20: INFO ----->定位方式:id--->定位值:yxHsContractApply
2019-08-02 09:56:30,993 find_element.py--> get_element 20: INFO ----->定位方式:id--->定位值:basicModalBtnNegative
2019-08-02 09:56:32,256 find_element.py--> get_element 20: INFO ----->定位方式:name--->定位值:customerPhoneNo
2019-08-02 09:56:32,475 find_element.py--> get_element 20: INFO ----->定位方式:id--->定位值:btnSearch
2019-08-02 09:56:33,614 find_element.py--> get_element 20: INFO ----->定位方式:xpath--->定位值://*[@id="orders"]/tbody/tr[1]/td[1]
2019-08-02 09:56:33,719 find_element.py--> get_element 20: INFO ----->定位方式:id--->定位值:btn_yudingcheliang
2019-08-02 10:12:35,840 login_handle.py--> send_username 20: INFO ----->输入用户名是：ccadmin
2019-08-02 10:12:35,843 find_element.py--> get_element 20: INFO ----->定位方式:id--->定位值:loginId
2019-08-02 10:12:35,946 login_handle.py--> send_password 20: INFO ----->输入密码是：123qwe
2019-08-02 10:12:35,948 find_element.py--> get_element 20: INFO ----->定位方式:id--->定位值:password
2019-08-02 10:12:36,019 find_element.py--> get_element 20: INFO ----->定位方式:className--->定位值:login-submit
2019-08-02 10:12:37,673 find_element.py--> get_element 20: INFO ----->定位方式:id--->定位值:910000
2019-08-02 10:12:38,749 find_element.py--> get_element 20: INFO ----->定位方式:id--->定位值:15000000
2019-08-02 10:12:39,843 find_element.py--> get_element 20: INFO ----->定位方式:xpath--->定位值://*[@id="15080000"]
2019-08-02 10:12:39,939 find_element.py--> get_element 20: INFO ----->定位方式:id--->定位值:15080100
2019-08-02 10:12:42,563 find_element.py--> get_element 20: INFO ----->定位方式:xpath--->定位值://*[@id="btn_xinzeng"]
2019-08-02 10:12:44,423 order_info_handle.py--> send_userinfo 20: INFO ----->输入的手机号：12073254893
2019-08-02 10:12:44,427 find_element.py--> get_element 20: INFO ----->定位方式:id--->定位值:phoneNo
2019-08-02 10:12:45,614 find_element.py--> get_element 20: INFO ----->定位方式:id--->定位值:queryMobile
2019-08-02 10:12:46,757 find_element.py--> get_element 20: INFO ----->定位方式:xpath--->定位值://*[@id="customerBase"]/div/div[1]/div[3]/div/div/button/span[1]
2019-08-02 10:12:46,907 find_element.py--> get_element 20: INFO ----->定位方式:xpath--->定位值://*[@id="customerBase"]/div/div[1]/div[3]/div/div/div/ul/li[2]/a/span[1]
2019-08-02 10:12:48,070 find_element.py--> get_element 20: INFO ----->定位方式:xpath--->定位值://*[@id="vehicleModel"]/div/div[1]/div[1]/div/div/button/span[1]
2019-08-02 10:12:48,190 find_element.py--> get_element 20: INFO ----->定位方式:xpath--->定位值://*[@id="vehicleModel"]/div/div[1]/div[1]/div/div/div/ul/li[3]/a/span[1]
2019-08-02 10:12:48,351 find_element.py--> get_element 20: INFO ----->定位方式:id--->定位值:purchaseAmount
2019-08-02 10:12:48,412 find_element.py--> get_element 20: INFO ----->定位方式:xpath--->定位值://*[@id="vehicleModel"]/div/div[1]/div[3]/div/div/button/span[1]
2019-08-02 10:12:48,583 find_element.py--> get_element 20: INFO ----->定位方式:xpath--->定位值://*[@id="vehicleModel"]/div/div[1]/div[3]/div/div/div/ul/li[11]/a/span[1]
2019-08-02 10:12:48,823 find_element.py--> get_element 20: INFO ----->定位方式:xpath--->定位值://*[@id="vehicleModel"]/div/div[1]/div[4]/div/div/button/span[1]
2019-08-02 10:12:48,965 find_element.py--> get_element 20: INFO ----->定位方式:xpath--->定位值://*[@id="vehicleModel"]/div/div[1]/div[4]/div/div/div/ul/li[2]/a/span[1]
2019-08-02 10:12:49,097 find_element.py--> get_element 20: INFO ----->定位方式:xpath--->定位值://*[@id="vehicleModel"]/div/div[2]/div[1]/div/div/button/span[1]
2019-08-02 10:12:49,237 find_element.py--> get_element 20: INFO ----->定位方式:xpath--->定位值://*[@id="vehicleModel"]/div/div[2]/div[1]/div/div/div/ul/li[2]/a/span[1]
2019-08-02 10:12:49,385 find_element.py--> get_element 20: INFO ----->定位方式:id--->定位值:factoryName
2019-08-02 10:12:49,532 find_element.py--> get_element 20: INFO ----->定位方式:xpath--->定位值://*[@id="vehicleModel"]/div/div[2]/div[2]/div/div/button/span[1]
2019-08-02 10:12:49,675 find_element.py--> get_element 20: INFO ----->定位方式:xpath--->定位值://*[@id="vehicleModel"]/div/div[2]/div[2]/div/div/div/ul/li[2]/a/span[1]
2019-08-02 10:12:49,844 find_element.py--> get_element 20: INFO ----->定位方式:id--->定位值:guidePrice
2019-08-02 10:12:49,892 find_element.py--> get_element 20: INFO ----->定位方式:id--->定位值:guidePrice
2019-08-02 10:12:50,104 find_element.py--> get_element 20: INFO ----->定位方式:id--->定位值:salePrice
2019-08-02 10:12:50,474 order_info_business.py--> car_price 20: INFO ----->定金金额：3500
2019-08-02 10:12:50,476 find_element.py--> get_element 20: INFO ----->定位方式:id--->定位值:preLicenseProvince
2019-08-02 10:12:50,625 find_element.py--> get_element 20: INFO ----->定位方式:xpath--->定位值://*[@id="preLicenseProvince"]/option[20]
2019-08-02 10:12:50,738 find_element.py--> get_element 20: INFO ----->定位方式:id--->定位值:preLicenseCity
2019-08-02 10:12:50,894 find_element.py--> get_element 20: INFO ----->定位方式:xpath--->定位值://*[@id="preLicenseCity"]/option[2]
2019-08-02 10:12:51,100 find_element.py--> get_element 20: INFO ----->定位方式:id--->定位值:preLicenseSotre
2019-08-02 10:12:51,257 find_element.py--> get_element 20: INFO ----->定位方式:xpath--->定位值://*[@id="preLicenseSotre"]/option[2]
2019-08-02 10:12:51,352 find_element.py--> get_element 20: INFO ----->定位方式:id--->定位值:queryEmissionStandardName
2019-08-02 10:12:51,610 find_element.py--> get_element 20: INFO ----->定位方式:id--->定位值:channelTypeGH
2019-08-02 10:12:51,830 find_element.py--> get_element 20: INFO ----->定位方式:id--->定位值:realNameSystemYNull
2019-08-02 10:12:52,019 find_element.py--> get_element 20: INFO ----->定位方式:id--->定位值:shopInsuranceYNull
2019-08-02 10:12:52,125 find_element.py--> get_element 20: INFO ----->定位方式:id--->定位值:firstYearVehicleAndVesselTax
2019-08-02 10:12:52,247 find_element.py--> get_element 20: INFO ----->定位方式:id--->定位值:firstYearSali
2019-08-02 10:12:52,381 find_element.py--> get_element 20: INFO ----->定位方式:id--->定位值:firstCommercialTheft
2019-08-02 10:12:52,509 find_element.py--> get_element 20: INFO ----->定位方式:id--->定位值:advancePremiumAmt
2019-08-02 10:12:52,600 find_element.py--> get_element 20: INFO ----->定位方式:id--->定位值:termCount
2019-08-02 10:12:52,805 find_element.py--> get_element 20: INFO ----->定位方式:id--->定位值:monthlyRent
2019-08-02 10:12:53,082 find_element.py--> get_element 20: INFO ----->定位方式:id--->定位值:cusInterestRates
2019-08-02 10:12:53,224 find_element.py--> get_element 20: INFO ----->定位方式:id--->定位值:purchaseTax
2019-08-02 10:12:53,423 find_element.py--> get_element 20: INFO ----->定位方式:id--->定位值:gpsFee
2019-08-02 10:12:53,623 find_element.py--> get_element 20: INFO ----->定位方式:id--->定位值:accountMaintenanceFee
2019-08-02 10:12:53,820 find_element.py--> get_element 20: INFO ----->定位方式:id--->定位值:yxDownPaymentAmt
2019-08-02 10:12:54,133 find_element.py--> get_element 20: INFO ----->定位方式:id--->定位值:yxRiskFinancingAmt
2019-08-02 10:12:54,297 find_element.py--> get_element 20: INFO ----->定位方式:id--->定位值:yxRiskControlFinancingAmt
2019-08-02 10:12:54,520 find_element.py--> get_element 20: INFO ----->定位方式:id--->定位值:hsServiceFee
2019-08-02 10:12:54,695 find_element.py--> get_element 20: INFO ----->定位方式:id--->定位值:licenseFee
2019-08-02 10:12:54,848 find_element.py--> get_element 20: INFO ----->定位方式:id--->定位值:mortgageFee
2019-08-02 10:12:55,005 find_element.py--> get_element 20: INFO ----->定位方式:id--->定位值:totalDownPaymentOtherAmt
2019-08-02 10:12:55,133 find_element.py--> get_element 20: INFO ----->定位方式:id--->定位值:remarkId
2019-08-02 10:12:55,573 find_element.py--> get_element 20: INFO ----->定位方式:xpath--->定位值://*[@id="fanancingInfoHs"]/div/div[2]/div[1]/div/div/button/span[1]
2019-08-02 10:12:55,717 find_element.py--> get_element 20: INFO ----->定位方式:xpath--->定位值://*[@id="fanancingInfoHs"]/div/div[2]/div[1]/div/div/div/ul/li[3]/a/span[1]
2019-08-02 10:12:55,874 find_element.py--> get_element 20: INFO ----->定位方式:id--->定位值:yxOrderNo
2019-08-02 10:12:56,295 find_element.py--> get_element 20: INFO ----->定位方式:xpath--->定位值://*[@id="yxAuditFile"]/div/table/tbody/tr[1]/td[3]/input
2019-08-02 10:12:57,453 find_element.py--> get_element 20: INFO ----->定位方式:xpath--->定位值://*[@id="yx-upload-check"]
2019-08-02 10:12:59,918 find_element.py--> get_element 20: INFO ----->定位方式:xpath--->定位值://*[@id="yx-upload-sub"]
2019-08-02 10:13:00,114 find_element.py--> get_element 20: INFO ----->定位方式:xpath--->定位值://*[@id="cusUpdateModal"]/div/div/div[3]/button
2019-08-02 10:13:01,252 find_element.py--> get_element 20: INFO ----->定位方式:xpath--->定位值://*[@id="yxAuditFile"]/div/table/tbody/tr[2]/td[3]/input
2019-08-02 10:13:02,400 find_element.py--> get_element 20: INFO ----->定位方式:xpath--->定位值://*[@id="yx-upload-check"]
2019-08-02 10:13:05,682 find_element.py--> get_element 20: INFO ----->定位方式:xpath--->定位值://*[@id="yx-upload-check"]
2019-08-02 10:13:08,944 find_element.py--> get_element 20: INFO ----->定位方式:xpath--->定位值://*[@id="yx-upload-sub"]
2019-08-02 10:13:09,100 find_element.py--> get_element 20: INFO ----->定位方式:xpath--->定位值://*[@id="cusUpdateModal"]/div/div/div[3]/button
2019-08-02 10:13:10,293 find_element.py--> get_element 20: INFO ----->定位方式:id--->定位值:basicTempSave
2019-08-02 10:13:29,616 login_handle.py--> send_username 20: INFO ----->输入用户名是：ccadmin
2019-08-02 10:13:29,618 find_element.py--> get_element 20: INFO ----->定位方式:id--->定位值:loginId
2019-08-02 10:13:29,714 login_handle.py--> send_password 20: INFO ----->输入密码是：123qwe
2019-08-02 10:13:29,716 find_element.py--> get_element 20: INFO ----->定位方式:id--->定位值:password
2019-08-02 10:13:29,793 find_element.py--> get_element 20: INFO ----->定位方式:className--->定位值:login-submit
2019-08-02 10:13:31,343 find_element.py--> get_element 20: INFO ----->定位方式:id--->定位值:910000
2019-08-02 10:13:32,427 find_element.py--> get_element 20: INFO ----->定位方式:id--->定位值:15000000
2019-08-02 10:13:33,508 find_element.py--> get_element 20: INFO ----->定位方式:xpath--->定位值://*[@id="15080000"]
2019-08-02 10:13:33,594 find_element.py--> get_element 20: INFO ----->定位方式:id--->定位值:15080100
2019-08-02 10:13:36,038 find_element.py--> get_element 20: INFO ----->定位方式:xpath--->定位值://*[@id="btn_xinzeng"]
2019-08-02 10:13:37,857 order_info_handle.py--> send_userinfo 20: INFO ----->输入的手机号：12027620120
2019-08-02 10:13:37,859 find_element.py--> get_element 20: INFO ----->定位方式:id--->定位值:phoneNo
2019-08-02 10:13:38,904 find_element.py--> get_element 20: INFO ----->定位方式:id--->定位值:queryMobile
2019-08-02 10:13:40,037 find_element.py--> get_element 20: INFO ----->定位方式:xpath--->定位值://*[@id="customerBase"]/div/div[1]/div[3]/div/div/button/span[1]
2019-08-02 10:13:40,177 find_element.py--> get_element 20: INFO ----->定位方式:xpath--->定位值://*[@id="customerBase"]/div/div[1]/div[3]/div/div/div/ul/li[2]/a/span[1]
2019-08-02 10:13:41,330 find_element.py--> get_element 20: INFO ----->定位方式:xpath--->定位值://*[@id="vehicleModel"]/div/div[1]/div[1]/div/div/button/span[1]
2019-08-02 10:13:41,454 find_element.py--> get_element 20: INFO ----->定位方式:xpath--->定位值://*[@id="vehicleModel"]/div/div[1]/div[1]/div/div/div/ul/li[3]/a/span[1]
2019-08-02 10:13:41,590 find_element.py--> get_element 20: INFO ----->定位方式:id--->定位值:purchaseAmount
2019-08-02 10:13:41,657 find_element.py--> get_element 20: INFO ----->定位方式:xpath--->定位值://*[@id="vehicleModel"]/div/div[1]/div[3]/div/div/button/span[1]
2019-08-02 10:13:41,818 find_element.py--> get_element 20: INFO ----->定位方式:xpath--->定位值://*[@id="vehicleModel"]/div/div[1]/div[3]/div/div/div/ul/li[11]/a/span[1]
2019-08-02 10:13:41,980 find_element.py--> get_element 20: INFO ----->定位方式:xpath--->定位值://*[@id="vehicleModel"]/div/div[1]/div[4]/div/div/button/span[1]
2019-08-02 10:13:42,130 find_element.py--> get_element 20: INFO ----->定位方式:xpath--->定位值://*[@id="vehicleModel"]/div/div[1]/div[4]/div/div/div/ul/li[2]/a/span[1]
2019-08-02 10:13:42,287 find_element.py--> get_element 20: INFO ----->定位方式:xpath--->定位值://*[@id="vehicleModel"]/div/div[2]/div[1]/div/div/button/span[1]
2019-08-02 10:13:42,418 find_element.py--> get_element 20: INFO ----->定位方式:xpath--->定位值://*[@id="vehicleModel"]/div/div[2]/div[1]/div/div/div/ul/li[2]/a/span[1]
2019-08-02 10:13:42,579 find_element.py--> get_element 20: INFO ----->定位方式:id--->定位值:factoryName
2019-08-02 10:13:42,722 find_element.py--> get_element 20: INFO ----->定位方式:xpath--->定位值://*[@id="vehicleModel"]/div/div[2]/div[2]/div/div/button/span[1]
2019-08-02 10:13:42,893 find_element.py--> get_element 20: INFO ----->定位方式:xpath--->定位值://*[@id="vehicleModel"]/div/div[2]/div[2]/div/div/div/ul/li[2]/a/span[1]
2019-08-02 10:13:43,027 find_element.py--> get_element 20: INFO ----->定位方式:id--->定位值:guidePrice
2019-08-02 10:13:43,076 find_element.py--> get_element 20: INFO ----->定位方式:id--->定位值:guidePrice
2019-08-02 10:13:43,289 find_element.py--> get_element 20: INFO ----->定位方式:id--->定位值:salePrice
2019-08-02 10:13:43,626 order_info_business.py--> car_price 20: INFO ----->定金金额：3500
2019-08-02 10:13:43,627 find_element.py--> get_element 20: INFO ----->定位方式:id--->定位值:preLicenseProvince
2019-08-02 10:13:43,782 find_element.py--> get_element 20: INFO ----->定位方式:xpath--->定位值://*[@id="preLicenseProvince"]/option[20]
2019-08-02 10:13:43,904 find_element.py--> get_element 20: INFO ----->定位方式:id--->定位值:preLicenseCity
2019-08-02 10:13:44,040 find_element.py--> get_element 20: INFO ----->定位方式:xpath--->定位值://*[@id="preLicenseCity"]/option[2]
2019-08-02 10:13:44,120 find_element.py--> get_element 20: INFO ----->定位方式:id--->定位值:preLicenseSotre
2019-08-02 10:13:44,263 find_element.py--> get_element 20: INFO ----->定位方式:xpath--->定位值://*[@id="preLicenseSotre"]/option[2]
2019-08-02 10:13:44,342 find_element.py--> get_element 20: INFO ----->定位方式:id--->定位值:queryEmissionStandardName
2019-08-02 10:13:44,539 find_element.py--> get_element 20: INFO ----->定位方式:id--->定位值:channelTypeGH
2019-08-02 10:13:44,706 find_element.py--> get_element 20: INFO ----->定位方式:id--->定位值:realNameSystemYNull
2019-08-02 10:13:44,841 find_element.py--> get_element 20: INFO ----->定位方式:id--->定位值:shopInsuranceYNull
2019-08-02 10:13:44,945 find_element.py--> get_element 20: INFO ----->定位方式:id--->定位值:firstYearVehicleAndVesselTax
2019-08-02 10:13:45,038 find_element.py--> get_element 20: INFO ----->定位方式:id--->定位值:firstYearSali
2019-08-02 10:13:45,137 find_element.py--> get_element 20: INFO ----->定位方式:id--->定位值:firstCommercialTheft
2019-08-02 10:13:45,232 find_element.py--> get_element 20: INFO ----->定位方式:id--->定位值:advancePremiumAmt
2019-08-02 10:13:45,291 find_element.py--> get_element 20: INFO ----->定位方式:id--->定位值:termCount
2019-08-02 10:13:45,436 find_element.py--> get_element 20: INFO ----->定位方式:id--->定位值:monthlyRent
2019-08-02 10:13:45,635 find_element.py--> get_element 20: INFO ----->定位方式:id--->定位值:cusInterestRates
2019-08-02 10:13:45,740 find_element.py--> get_element 20: INFO ----->定位方式:id--->定位值:purchaseTax
2019-08-02 10:13:45,894 find_element.py--> get_element 20: INFO ----->定位方式:id--->定位值:gpsFee
2019-08-02 10:13:46,043 find_element.py--> get_element 20: INFO ----->定位方式:id--->定位值:accountMaintenanceFee
2019-08-02 10:13:46,198 find_element.py--> get_element 20: INFO ----->定位方式:id--->定位值:yxDownPaymentAmt
2019-08-02 10:13:46,446 find_element.py--> get_element 20: INFO ----->定位方式:id--->定位值:yxRiskFinancingAmt
2019-08-02 10:13:46,603 find_element.py--> get_element 20: INFO ----->定位方式:id--->定位值:yxRiskControlFinancingAmt
2019-08-02 10:13:46,806 find_element.py--> get_element 20: INFO ----->定位方式:id--->定位值:hsServiceFee
2019-08-02 10:13:46,980 find_element.py--> get_element 20: INFO ----->定位方式:id--->定位值:licenseFee
2019-08-02 10:13:47,130 find_element.py--> get_element 20: INFO ----->定位方式:id--->定位值:mortgageFee
2019-08-02 10:13:47,281 find_element.py--> get_element 20: INFO ----->定位方式:id--->定位值:totalDownPaymentOtherAmt
2019-08-02 10:13:47,393 find_element.py--> get_element 20: INFO ----->定位方式:id--->定位值:remarkId
2019-08-02 10:13:47,785 find_element.py--> get_element 20: INFO ----->定位方式:xpath--->定位值://*[@id="fanancingInfoHs"]/div/div[2]/div[1]/div/div/button/span[1]
2019-08-02 10:13:47,925 find_element.py--> get_element 20: INFO ----->定位方式:xpath--->定位值://*[@id="fanancingInfoHs"]/div/div[2]/div[1]/div/div/div/ul/li[3]/a/span[1]
2019-08-02 10:13:48,075 find_element.py--> get_element 20: INFO ----->定位方式:id--->定位值:yxOrderNo
2019-08-02 10:13:48,464 find_element.py--> get_element 20: INFO ----->定位方式:xpath--->定位值://*[@id="yxAuditFile"]/div/table/tbody/tr[1]/td[3]/input
2019-08-02 10:13:49,597 find_element.py--> get_element 20: INFO ----->定位方式:xpath--->定位值://*[@id="yx-upload-check"]
2019-08-02 10:13:51,968 find_element.py--> get_element 20: INFO ----->定位方式:xpath--->定位值://*[@id="yx-upload-sub"]
2019-08-02 10:13:52,189 find_element.py--> get_element 20: INFO ----->定位方式:xpath--->定位值://*[@id="cusUpdateModal"]/div/div/div[3]/button
2019-08-02 10:13:53,324 find_element.py--> get_element 20: INFO ----->定位方式:xpath--->定位值://*[@id="yxAuditFile"]/div/table/tbody/tr[2]/td[3]/input
2019-08-02 10:13:54,469 find_element.py--> get_element 20: INFO ----->定位方式:xpath--->定位值://*[@id="yx-upload-check"]
2019-08-02 10:13:57,888 find_element.py--> get_element 20: INFO ----->定位方式:xpath--->定位值://*[@id="yx-upload-check"]
2019-08-02 10:14:01,127 find_element.py--> get_element 20: INFO ----->定位方式:xpath--->定位值://*[@id="yx-upload-sub"]
2019-08-02 10:14:01,220 find_element.py--> get_element 20: INFO ----->定位方式:xpath--->定位值://*[@id="cusUpdateModal"]/div/div/div[3]/button
2019-08-02 10:14:02,342 find_element.py--> get_element 20: INFO ----->定位方式:id--->定位值:basicTempSave
2019-08-02 10:14:04,586 find_element.py--> get_element 20: INFO ----->定位方式:id--->定位值:basicModalBtnNegative
2019-08-02 10:14:05,705 find_element.py--> get_element 20: INFO ----->定位方式:id--->定位值:basicSubmit
2019-08-02 10:14:07,796 find_element.py--> get_element 20: INFO ----->定位方式:id--->定位值:basicModalBtnNegative
2019-08-02 10:14:09,106 find_element.py--> get_element 20: INFO ----->定位方式:name--->定位值:customerPhoneNo
2019-08-02 10:14:09,340 find_element.py--> get_element 20: INFO ----->定位方式:id--->定位值:btnSearch
2019-08-02 10:14:10,507 find_element.py--> get_element 20: INFO ----->定位方式:xpath--->定位值://*[@id="orders"]/tbody/tr[1]/td[1]
2019-08-02 10:14:10,616 find_element.py--> get_element 20: INFO ----->定位方式:id--->定位值:btn_shenhedingdan
2019-08-02 10:14:12,951 find_element.py--> get_element 20: INFO ----->定位方式:id--->定位值:basicSubmit
2019-08-02 10:14:14,119 find_element.py--> get_element 20: INFO ----->定位方式:id--->定位值:basicModalBtnNegative
2019-08-02 10:14:15,407 find_element.py--> get_element 20: INFO ----->定位方式:name--->定位值:customerPhoneNo
2019-08-02 10:14:15,613 find_element.py--> get_element 20: INFO ----->定位方式:id--->定位值:btnSearch
2019-08-02 10:14:16,838 find_element.py--> get_element 20: INFO ----->定位方式:xpath--->定位值://*[@id="orders"]/tbody/tr[1]/td[1]
2019-08-02 10:14:17,567 find_element.py--> get_element 20: INFO ----->定位方式:id--->定位值:btn_xiaoshoujiesuan
2019-08-02 10:14:18,858 find_element.py--> get_element 20: INFO ----->定位方式:xpath--->定位值://*[@id="amtDetail"]/div/div[3]/div/button[1]
2019-08-02 10:14:20,016 find_element.py--> get_element 20: INFO ----->定位方式:xpath--->定位值://*[@id="receiptModel"]/div/div/div[2]/button
2019-08-02 10:14:21,124 find_element.py--> get_element 20: INFO ----->定位方式:id--->定位值:deliveryClose
2019-08-02 10:14:22,414 find_element.py--> get_element 20: INFO ----->定位方式:name--->定位值:customerPhoneNo
2019-08-02 10:14:22,556 find_element.py--> get_element 20: INFO ----->定位方式:id--->定位值:btnSearch
2019-08-02 10:14:23,665 find_element.py--> get_element 20: INFO ----->定位方式:xpath--->定位值://*[@id="orders"]/tbody/tr[1]/td[1]
2019-08-02 10:14:23,768 find_element.py--> get_element 20: INFO ----->定位方式:id--->定位值:btn_shengchenghetong
2019-08-02 10:14:25,046 find_element.py--> get_element 20: INFO ----->定位方式:id--->定位值:hsSignBody
2019-08-02 10:14:25,187 find_element.py--> get_element 20: INFO ----->定位方式:xpath--->定位值://*[@id="hsSignBody"]/option[2]
2019-08-02 10:14:25,240 find_element.py--> get_element 20: INFO ----->定位方式:id--->定位值:makeContract
2019-08-02 10:14:25,354 find_element.py--> get_element 20: INFO ----->定位方式:id--->定位值:deliveryClose
2019-08-02 10:14:26,842 find_element.py--> get_element 20: INFO ----->定位方式:name--->定位值:customerPhoneNo
2019-08-02 10:14:27,091 find_element.py--> get_element 20: INFO ----->定位方式:id--->定位值:btnSearch
2019-08-02 10:14:28,236 find_element.py--> get_element 20: INFO ----->定位方式:xpath--->定位值://*[@id="orders"]/tbody/tr[1]/td[1]
2019-08-02 10:14:28,344 find_element.py--> get_element 20: INFO ----->定位方式:id--->定位值:btn_shangchuanhetong
2019-08-02 10:14:29,729 find_element.py--> get_element 20: INFO ----->定位方式:xpath--->定位值://*[@id="file"]/div/table/tbody/tr[1]/td[3]/input
2019-08-02 10:14:30,870 find_element.py--> get_element 20: INFO ----->定位方式:id--->定位值:yx-upload-check
2019-08-02 10:14:34,138 find_element.py--> get_element 20: INFO ----->定位方式:id--->定位值:yx-upload-sub
2019-08-02 10:14:34,237 find_element.py--> get_element 20: INFO ----->定位方式:xpath--->定位值://*[@id="cusUpdateModal"]/div/div/div[3]/button
2019-08-02 10:14:35,342 find_element.py--> get_element 20: INFO ----->定位方式:xpath--->定位值://*[@id="file"]/div/table/tbody/tr[2]/td[3]/input
2019-08-02 10:14:36,450 find_element.py--> get_element 20: INFO ----->定位方式:id--->定位值:yx-upload-check
2019-08-02 10:14:39,695 find_element.py--> get_element 20: INFO ----->定位方式:id--->定位值:yx-upload-sub
2019-08-02 10:14:39,782 find_element.py--> get_element 20: INFO ----->定位方式:xpath--->定位值://*[@id="cusUpdateModal"]/div/div/div[3]/button
2019-08-02 10:14:40,879 find_element.py--> get_element 20: INFO ----->定位方式:id--->定位值:yxHsContractApply
2019-08-02 10:14:41,972 find_element.py--> get_element 20: INFO ----->定位方式:id--->定位值:basicModalBtnNegative
2019-08-02 10:14:43,355 find_element.py--> get_element 20: INFO ----->定位方式:name--->定位值:customerPhoneNo
2019-08-02 10:14:43,590 find_element.py--> get_element 20: INFO ----->定位方式:id--->定位值:btnSearch
2019-08-02 10:14:44,810 find_element.py--> get_element 20: INFO ----->定位方式:xpath--->定位值://*[@id="orders"]/tbody/tr[1]/td[1]
2019-08-02 10:14:44,925 find_element.py--> get_element 20: INFO ----->定位方式:id--->定位值:btn_shenhehetong
2019-08-02 10:14:46,871 find_element.py--> get_element 20: INFO ----->定位方式:id--->定位值:hsShopInsuranceNNull
2019-08-02 10:14:50,581 find_element.py--> get_element 20: INFO ----->定位方式:id--->定位值:yxHsContractApply
2019-08-02 10:14:51,722 find_element.py--> get_element 20: INFO ----->定位方式:id--->定位值:basicModalBtnNegative
2019-08-02 10:14:52,923 find_element.py--> get_element 20: INFO ----->定位方式:name--->定位值:customerPhoneNo
2019-08-02 10:14:53,134 find_element.py--> get_element 20: INFO ----->定位方式:id--->定位值:btnSearch
2019-08-02 10:14:54,611 find_element.py--> get_element 20: INFO ----->定位方式:xpath--->定位值://*[@id="orders"]/tbody/tr[1]/td[1]
2019-08-02 10:14:54,710 find_element.py--> get_element 20: INFO ----->定位方式:id--->定位值:btn_yudingcheliang
2019-08-02 10:17:51,914 login_handle.py--> send_username 20: INFO ----->输入用户名是：ccadmin
2019-08-02 10:17:51,916 find_element.py--> get_element 20: INFO ----->定位方式:id--->定位值:loginId
2019-08-02 10:17:51,998 login_handle.py--> send_password 20: INFO ----->输入密码是：123qwe
2019-08-02 10:17:52,000 find_element.py--> get_element 20: INFO ----->定位方式:id--->定位值:password
2019-08-02 10:17:52,065 find_element.py--> get_element 20: INFO ----->定位方式:className--->定位值:login-submit
2019-08-02 10:17:53,656 find_element.py--> get_element 20: INFO ----->定位方式:id--->定位值:910000
2019-08-02 10:17:54,737 find_element.py--> get_element 20: INFO ----->定位方式:id--->定位值:15000000
2019-08-02 10:17:55,834 find_element.py--> get_element 20: INFO ----->定位方式:xpath--->定位值://*[@id="15080000"]
2019-08-02 10:17:55,902 find_element.py--> get_element 20: INFO ----->定位方式:id--->定位值:15080100
2019-08-02 10:17:58,275 find_element.py--> get_element 20: INFO ----->定位方式:xpath--->定位值://*[@id="btn_xinzeng"]
2019-08-02 10:17:59,846 order_info_handle.py--> send_userinfo 20: INFO ----->输入的手机号：12051737271
2019-08-02 10:17:59,848 find_element.py--> get_element 20: INFO ----->定位方式:id--->定位值:phoneNo
2019-08-02 10:18:01,070 find_element.py--> get_element 20: INFO ----->定位方式:id--->定位值:queryMobile
2019-08-02 10:18:02,204 find_element.py--> get_element 20: INFO ----->定位方式:xpath--->定位值://*[@id="customerBase"]/div/div[1]/div[3]/div/div/button/span[1]
2019-08-02 10:18:02,333 find_element.py--> get_element 20: INFO ----->定位方式:xpath--->定位值://*[@id="customerBase"]/div/div[1]/div[3]/div/div/div/ul/li[2]/a/span[1]
2019-08-02 10:18:03,495 find_element.py--> get_element 20: INFO ----->定位方式:xpath--->定位值://*[@id="vehicleModel"]/div/div[1]/div[1]/div/div/button/span[1]
2019-08-02 10:18:03,651 find_element.py--> get_element 20: INFO ----->定位方式:xpath--->定位值://*[@id="vehicleModel"]/div/div[1]/div[1]/div/div/div/ul/li[3]/a/span[1]
2019-08-02 10:18:03,808 find_element.py--> get_element 20: INFO ----->定位方式:id--->定位值:purchaseAmount
2019-08-02 10:18:03,896 find_element.py--> get_element 20: INFO ----->定位方式:xpath--->定位值://*[@id="vehicleModel"]/div/div[1]/div[3]/div/div/button/span[1]
2019-08-02 10:18:04,177 find_element.py--> get_element 20: INFO ----->定位方式:xpath--->定位值://*[@id="vehicleModel"]/div/div[1]/div[3]/div/div/div/ul/li[11]/a/span[1]
2019-08-02 10:18:04,350 find_element.py--> get_element 20: INFO ----->定位方式:xpath--->定位值://*[@id="vehicleModel"]/div/div[1]/div[4]/div/div/button/span[1]
2019-08-02 10:18:04,511 find_element.py--> get_element 20: INFO ----->定位方式:xpath--->定位值://*[@id="vehicleModel"]/div/div[1]/div[4]/div/div/div/ul/li[2]/a/span[1]
2019-08-02 10:18:04,537 find_element.py--> get_element 20: INFO ----->找不到定位元素
2019-08-02 10:18:26,233 login_handle.py--> send_username 20: INFO ----->输入用户名是：ccadmin
2019-08-02 10:18:26,236 find_element.py--> get_element 20: INFO ----->定位方式:id--->定位值:loginId
2019-08-02 10:18:26,325 login_handle.py--> send_password 20: INFO ----->输入密码是：123qwe
2019-08-02 10:18:26,327 find_element.py--> get_element 20: INFO ----->定位方式:id--->定位值:password
2019-08-02 10:18:26,406 find_element.py--> get_element 20: INFO ----->定位方式:className--->定位值:login-submit
2019-08-02 10:18:27,992 find_element.py--> get_element 20: INFO ----->定位方式:id--->定位值:910000
2019-08-02 10:18:29,076 find_element.py--> get_element 20: INFO ----->定位方式:id--->定位值:15000000
2019-08-02 10:18:30,160 find_element.py--> get_element 20: INFO ----->定位方式:xpath--->定位值://*[@id="15080000"]
2019-08-02 10:18:30,228 find_element.py--> get_element 20: INFO ----->定位方式:id--->定位值:15080100
2019-08-02 10:18:32,455 find_element.py--> get_element 20: INFO ----->定位方式:xpath--->定位值://*[@id="btn_xinzeng"]
2019-08-02 10:18:33,736 order_info_handle.py--> send_userinfo 20: INFO ----->输入的手机号：12051737271
2019-08-02 10:18:33,738 find_element.py--> get_element 20: INFO ----->定位方式:id--->定位值:phoneNo
2019-08-02 10:18:34,921 find_element.py--> get_element 20: INFO ----->定位方式:id--->定位值:queryMobile
2019-08-02 10:18:36,055 find_element.py--> get_element 20: INFO ----->定位方式:xpath--->定位值://*[@id="customerBase"]/div/div[1]/div[3]/div/div/button/span[1]
2019-08-02 10:18:36,208 find_element.py--> get_element 20: INFO ----->定位方式:xpath--->定位值://*[@id="customerBase"]/div/div[1]/div[3]/div/div/div/ul/li[2]/a/span[1]
2019-08-02 10:18:37,416 find_element.py--> get_element 20: INFO ----->定位方式:xpath--->定位值://*[@id="vehicleModel"]/div/div[1]/div[1]/div/div/button/span[1]
2019-08-02 10:18:37,543 find_element.py--> get_element 20: INFO ----->定位方式:xpath--->定位值://*[@id="vehicleModel"]/div/div[1]/div[1]/div/div/div/ul/li[3]/a/span[1]
2019-08-02 10:18:37,706 find_element.py--> get_element 20: INFO ----->定位方式:id--->定位值:purchaseAmount
2019-08-02 10:18:37,770 find_element.py--> get_element 20: INFO ----->定位方式:xpath--->定位值://*[@id="vehicleModel"]/div/div[1]/div[3]/div/div/button/span[1]
2019-08-02 10:18:37,963 find_element.py--> get_element 20: INFO ----->定位方式:xpath--->定位值://*[@id="vehicleModel"]/div/div[1]/div[3]/div/div/div/ul/li[11]/a/span[1]
2019-08-02 10:18:38,153 find_element.py--> get_element 20: INFO ----->定位方式:xpath--->定位值://*[@id="vehicleModel"]/div/div[1]/div[4]/div/div/button/span[1]
2019-08-02 10:18:38,289 find_element.py--> get_element 20: INFO ----->定位方式:xpath--->定位值://*[@id="vehicleModel"]/div/div[1]/div[4]/div/div/div/ul/li[2]/a/span[1]
2019-08-02 10:18:38,434 find_element.py--> get_element 20: INFO ----->定位方式:xpath--->定位值://*[@id="vehicleModel"]/div/div[2]/div[1]/div/div/button/span[1]
2019-08-02 10:18:38,631 find_element.py--> get_element 20: INFO ----->定位方式:xpath--->定位值://*[@id="vehicleModel"]/div/div[2]/div[1]/div/div/div/ul/li[2]/a/span[1]
2019-08-02 10:18:38,764 find_element.py--> get_element 20: INFO ----->定位方式:id--->定位值:factoryName
2019-08-02 10:18:38,899 find_element.py--> get_element 20: INFO ----->定位方式:xpath--->定位值://*[@id="vehicleModel"]/div/div[2]/div[2]/div/div/button/span[1]
2019-08-02 10:18:39,036 find_element.py--> get_element 20: INFO ----->定位方式:xpath--->定位值://*[@id="vehicleModel"]/div/div[2]/div[2]/div/div/div/ul/li[2]/a/span[1]
2019-08-02 10:18:39,192 find_element.py--> get_element 20: INFO ----->定位方式:id--->定位值:guidePrice
2019-08-02 10:18:39,243 find_element.py--> get_element 20: INFO ----->定位方式:id--->定位值:guidePrice
2019-08-02 10:18:39,458 find_element.py--> get_element 20: INFO ----->定位方式:id--->定位值:salePrice
2019-08-02 10:18:39,763 order_info_business.py--> car_price 20: INFO ----->定金金额：3500
2019-08-02 10:18:39,766 find_element.py--> get_element 20: INFO ----->定位方式:id--->定位值:preLicenseProvince
2019-08-02 10:18:39,909 find_element.py--> get_element 20: INFO ----->定位方式:xpath--->定位值://*[@id="preLicenseProvince"]/option[20]
2019-08-02 10:18:39,997 find_element.py--> get_element 20: INFO ----->定位方式:id--->定位值:preLicenseCity
2019-08-02 10:18:40,173 find_element.py--> get_element 20: INFO ----->定位方式:xpath--->定位值://*[@id="preLicenseCity"]/option[2]
2019-08-02 10:18:40,252 find_element.py--> get_element 20: INFO ----->定位方式:id--->定位值:preLicenseSotre
2019-08-02 10:18:40,401 find_element.py--> get_element 20: INFO ----->定位方式:xpath--->定位值://*[@id="preLicenseSotre"]/option[2]
2019-08-02 10:18:40,472 find_element.py--> get_element 20: INFO ----->定位方式:id--->定位值:queryEmissionStandardName
2019-08-02 10:18:40,676 find_element.py--> get_element 20: INFO ----->定位方式:id--->定位值:channelTypeGH
2019-08-02 10:18:40,839 find_element.py--> get_element 20: INFO ----->定位方式:id--->定位值:realNameSystemYNull
2019-08-02 10:18:40,998 find_element.py--> get_element 20: INFO ----->定位方式:id--->定位值:shopInsuranceYNull
2019-08-02 10:18:41,089 find_element.py--> get_element 20: INFO ----->定位方式:id--->定位值:firstYearVehicleAndVesselTax
2019-08-02 10:18:41,185 find_element.py--> get_element 20: INFO ----->定位方式:id--->定位值:firstYearSali
2019-08-02 10:18:41,283 find_element.py--> get_element 20: INFO ----->定位方式:id--->定位值:firstCommercialTheft
2019-08-02 10:18:41,382 find_element.py--> get_element 20: INFO ----->定位方式:id--->定位值:advancePremiumAmt
2019-08-02 10:18:41,445 find_element.py--> get_element 20: INFO ----->定位方式:id--->定位值:termCount
2019-08-02 10:18:41,583 find_element.py--> get_element 20: INFO ----->定位方式:id--->定位值:monthlyRent
2019-08-02 10:18:41,767 find_element.py--> get_element 20: INFO ----->定位方式:id--->定位值:cusInterestRates
2019-08-02 10:18:41,852 find_element.py--> get_element 20: INFO ----->定位方式:id--->定位值:purchaseTax
2019-08-02 10:18:41,999 find_element.py--> get_element 20: INFO ----->定位方式:id--->定位值:gpsFee
2019-08-02 10:18:42,180 find_element.py--> get_element 20: INFO ----->定位方式:id--->定位值:accountMaintenanceFee
2019-08-02 10:18:42,329 find_element.py--> get_element 20: INFO ----->定位方式:id--->定位值:yxDownPaymentAmt
2019-08-02 10:18:42,593 find_element.py--> get_element 20: INFO ----->定位方式:id--->定位值:yxRiskFinancingAmt
2019-08-02 10:18:42,756 find_element.py--> get_element 20: INFO ----->定位方式:id--->定位值:yxRiskControlFinancingAmt
2019-08-02 10:18:42,919 find_element.py--> get_element 20: INFO ----->定位方式:id--->定位值:hsServiceFee
2019-08-02 10:18:43,077 find_element.py--> get_element 20: INFO ----->定位方式:id--->定位值:licenseFee
2019-08-02 10:18:43,243 find_element.py--> get_element 20: INFO ----->定位方式:id--->定位值:mortgageFee
2019-08-02 10:18:43,388 find_element.py--> get_element 20: INFO ----->定位方式:id--->定位值:totalDownPaymentOtherAmt
2019-08-02 10:18:43,491 find_element.py--> get_element 20: INFO ----->定位方式:id--->定位值:remarkId
2019-08-02 10:18:43,889 find_element.py--> get_element 20: INFO ----->定位方式:xpath--->定位值://*[@id="fanancingInfoHs"]/div/div[2]/div[1]/div/div/button/span[1]
2019-08-02 10:18:44,045 find_element.py--> get_element 20: INFO ----->定位方式:xpath--->定位值://*[@id="fanancingInfoHs"]/div/div[2]/div[1]/div/div/div/ul/li[3]/a/span[1]
2019-08-02 10:18:44,193 find_element.py--> get_element 20: INFO ----->定位方式:id--->定位值:yxOrderNo
2019-08-02 10:18:44,596 find_element.py--> get_element 20: INFO ----->定位方式:xpath--->定位值://*[@id="yxAuditFile"]/div/table/tbody/tr[1]/td[3]/input
2019-08-02 10:18:45,728 find_element.py--> get_element 20: INFO ----->定位方式:xpath--->定位值://*[@id="yx-upload-check"]
2019-08-02 10:18:48,114 find_element.py--> get_element 20: INFO ----->定位方式:xpath--->定位值://*[@id="yx-upload-sub"]
2019-08-02 10:18:48,340 find_element.py--> get_element 20: INFO ----->定位方式:xpath--->定位值://*[@id="cusUpdateModal"]/div/div/div[3]/button
2019-08-02 10:18:49,480 find_element.py--> get_element 20: INFO ----->定位方式:xpath--->定位值://*[@id="yxAuditFile"]/div/table/tbody/tr[2]/td[3]/input
2019-08-02 10:18:50,616 find_element.py--> get_element 20: INFO ----->定位方式:xpath--->定位值://*[@id="yx-upload-check"]
2019-08-02 10:18:53,931 find_element.py--> get_element 20: INFO ----->定位方式:xpath--->定位值://*[@id="yx-upload-check"]
2019-08-02 10:18:57,253 find_element.py--> get_element 20: INFO ----->定位方式:xpath--->定位值://*[@id="yx-upload-sub"]
2019-08-02 10:18:57,414 find_element.py--> get_element 20: INFO ----->定位方式:xpath--->定位值://*[@id="cusUpdateModal"]/div/div/div[3]/button
2019-08-02 10:18:58,533 find_element.py--> get_element 20: INFO ----->定位方式:id--->定位值:basicTempSave
2019-08-02 10:19:00,253 find_element.py--> get_element 20: INFO ----->定位方式:id--->定位值:basicModalBtnNegative
2019-08-02 10:19:01,376 find_element.py--> get_element 20: INFO ----->定位方式:id--->定位值:basicSubmit
2019-08-02 10:19:03,340 find_element.py--> get_element 20: INFO ----->定位方式:id--->定位值:basicModalBtnNegative
2019-08-02 10:19:04,606 find_element.py--> get_element 20: INFO ----->定位方式:name--->定位值:customerPhoneNo
2019-08-02 10:19:04,852 find_element.py--> get_element 20: INFO ----->定位方式:id--->定位值:btnSearch
2019-08-02 10:19:06,136 find_element.py--> get_element 20: INFO ----->定位方式:xpath--->定位值://*[@id="orders"]/tbody/tr[1]/td[1]
2019-08-02 10:19:06,243 find_element.py--> get_element 20: INFO ----->定位方式:id--->定位值:btn_shenhedingdan
2019-08-02 10:19:08,591 find_element.py--> get_element 20: INFO ----->定位方式:id--->定位值:basicSubmit
2019-08-02 10:19:09,898 find_element.py--> get_element 20: INFO ----->定位方式:id--->定位值:basicModalBtnNegative
2019-08-02 10:19:11,307 find_element.py--> get_element 20: INFO ----->定位方式:name--->定位值:customerPhoneNo
2019-08-02 10:19:11,588 find_element.py--> get_element 20: INFO ----->定位方式:id--->定位值:btnSearch
2019-08-02 10:19:12,709 find_element.py--> get_element 20: INFO ----->定位方式:xpath--->定位值://*[@id="orders"]/tbody/tr[1]/td[1]
2019-08-02 10:19:13,426 find_element.py--> get_element 20: INFO ----->定位方式:id--->定位值:btn_xiaoshoujiesuan
2019-08-02 10:19:14,666 find_element.py--> get_element 20: INFO ----->定位方式:xpath--->定位值://*[@id="amtDetail"]/div/div[3]/div/button[1]
2019-08-02 10:19:15,818 find_element.py--> get_element 20: INFO ----->定位方式:xpath--->定位值://*[@id="receiptModel"]/div/div/div[2]/button
2019-08-02 10:19:16,929 find_element.py--> get_element 20: INFO ----->定位方式:id--->定位值:deliveryClose
2019-08-02 10:19:18,176 find_element.py--> get_element 20: INFO ----->定位方式:name--->定位值:customerPhoneNo
2019-08-02 10:19:18,363 find_element.py--> get_element 20: INFO ----->定位方式:id--->定位值:btnSearch
2019-08-02 10:19:19,473 find_element.py--> get_element 20: INFO ----->定位方式:xpath--->定位值://*[@id="orders"]/tbody/tr[1]/td[1]
2019-08-02 10:19:19,612 find_element.py--> get_element 20: INFO ----->定位方式:id--->定位值:btn_shengchenghetong
2019-08-02 10:19:21,361 find_element.py--> get_element 20: INFO ----->定位方式:id--->定位值:hsSignBody
2019-08-02 10:19:21,514 find_element.py--> get_element 20: INFO ----->定位方式:xpath--->定位值://*[@id="hsSignBody"]/option[2]
2019-08-02 10:19:21,574 find_element.py--> get_element 20: INFO ----->定位方式:id--->定位值:makeContract
2019-08-02 10:19:21,679 find_element.py--> get_element 20: INFO ----->定位方式:id--->定位值:deliveryClose
2019-08-02 10:19:22,936 find_element.py--> get_element 20: INFO ----->定位方式:name--->定位值:customerPhoneNo
2019-08-02 10:19:23,157 find_element.py--> get_element 20: INFO ----->定位方式:id--->定位值:btnSearch
2019-08-02 10:19:24,298 find_element.py--> get_element 20: INFO ----->定位方式:xpath--->定位值://*[@id="orders"]/tbody/tr[1]/td[1]
2019-08-02 10:19:24,397 find_element.py--> get_element 20: INFO ----->定位方式:id--->定位值:btn_shangchuanhetong
2019-08-02 10:19:25,619 find_element.py--> get_element 20: INFO ----->定位方式:xpath--->定位值://*[@id="file"]/div/table/tbody/tr[1]/td[3]/input
2019-08-02 10:19:26,768 find_element.py--> get_element 20: INFO ----->定位方式:id--->定位值:yx-upload-check
2019-08-02 10:19:30,041 find_element.py--> get_element 20: INFO ----->定位方式:id--->定位值:yx-upload-sub
2019-08-02 10:19:30,155 find_element.py--> get_element 20: INFO ----->定位方式:xpath--->定位值://*[@id="cusUpdateModal"]/div/div/div[3]/button
2019-08-02 10:19:31,282 find_element.py--> get_element 20: INFO ----->定位方式:xpath--->定位值://*[@id="file"]/div/table/tbody/tr[2]/td[3]/input
2019-08-02 10:19:32,383 find_element.py--> get_element 20: INFO ----->定位方式:id--->定位值:yx-upload-check
2019-08-02 10:19:35,650 find_element.py--> get_element 20: INFO ----->定位方式:id--->定位值:yx-upload-sub
2019-08-02 10:19:35,736 find_element.py--> get_element 20: INFO ----->定位方式:xpath--->定位值://*[@id="cusUpdateModal"]/div/div/div[3]/button
2019-08-02 10:19:36,935 find_element.py--> get_element 20: INFO ----->定位方式:id--->定位值:yxHsContractApply
2019-08-02 10:19:38,035 find_element.py--> get_element 20: INFO ----->定位方式:id--->定位值:basicModalBtnNegative
2019-08-02 10:19:39,412 find_element.py--> get_element 20: INFO ----->定位方式:name--->定位值:customerPhoneNo
2019-08-02 10:19:39,692 find_element.py--> get_element 20: INFO ----->定位方式:id--->定位值:btnSearch
2019-08-02 10:19:41,140 find_element.py--> get_element 20: INFO ----->定位方式:xpath--->定位值://*[@id="orders"]/tbody/tr[1]/td[1]
2019-08-02 10:19:41,262 find_element.py--> get_element 20: INFO ----->定位方式:id--->定位值:btn_shenhehetong
2019-08-02 10:19:42,845 find_element.py--> get_element 20: INFO ----->定位方式:id--->定位值:hsShopInsuranceNNull
2019-08-02 10:19:46,192 find_element.py--> get_element 20: INFO ----->定位方式:id--->定位值:yxHsContractApply
2019-08-02 10:19:47,440 find_element.py--> get_element 20: INFO ----->定位方式:id--->定位值:basicModalBtnNegative
2019-08-02 10:19:48,787 find_element.py--> get_element 20: INFO ----->定位方式:name--->定位值:customerPhoneNo
2019-08-02 10:19:48,991 find_element.py--> get_element 20: INFO ----->定位方式:id--->定位值:btnSearch
2019-08-02 10:19:50,103 find_element.py--> get_element 20: INFO ----->定位方式:xpath--->定位值://*[@id="orders"]/tbody/tr[1]/td[1]
2019-08-02 10:19:50,228 find_element.py--> get_element 20: INFO ----->定位方式:id--->定位值:btn_yudingcheliang
