2019-07-16 10:06:26,884 login_handle.py--> send_username 20: INFO ----->输入用户名是：zhaoyunhe1
2019-07-16 10:06:26,887 find_element.py--> get_element 20: INFO ----->定位方式:id--->定位值:loginId
2019-07-16 10:06:27,056 login_handle.py--> send_password 20: INFO ----->输入密码是：123qwe
2019-07-16 10:06:27,058 find_element.py--> get_element 20: INFO ----->定位方式:id--->定位值:password
2019-07-16 10:06:27,228 find_element.py--> get_element 20: INFO ----->定位方式:className--->定位值:login-submit
2019-07-16 10:06:29,266 find_element.py--> get_element 20: INFO ----->定位方式:id--->定位值:910000
2019-07-16 10:06:30,343 find_element.py--> get_element 20: INFO ----->定位方式:id--->定位值:15000000
2019-07-16 10:06:31,422 find_element.py--> get_element 20: INFO ----->定位方式:xpath--->定位值://*[@id="15080000"]
2019-07-16 10:06:31,490 find_element.py--> get_element 20: INFO ----->定位方式:id--->定位值:15080100
2019-07-16 10:06:33,869 find_element.py--> get_element 20: INFO ----->定位方式:xpath--->定位值://*[@id="btn_xinzeng"]
2019-07-16 10:06:35,266 order_info_handle.py--> send_userinfo 20: INFO ----->输入的手机号：12030779955
2019-07-16 10:06:35,269 find_element.py--> get_element 20: INFO ----->定位方式:id--->定位值:phoneNo
2019-07-16 10:06:36,744 find_element.py--> get_element 20: INFO ----->定位方式:id--->定位值:queryMobile
2019-07-16 10:06:37,870 find_element.py--> get_element 20: INFO ----->定位方式:xpath--->定位值://*[@id="customerBase"]/div/div[1]/div[3]/div/div/button/span[1]
2019-07-16 10:06:38,005 find_element.py--> get_element 20: INFO ----->定位方式:xpath--->定位值://*[@id="customerBase"]/div/div[1]/div[3]/div/div/div/ul/li[2]/a/span[1]
2019-07-16 10:06:39,174 find_element.py--> get_element 20: INFO ----->定位方式:xpath--->定位值://*[@id="vehicleModel"]/div/div[1]/div[1]/div/div/button/span[1]
2019-07-16 10:06:39,291 find_element.py--> get_element 20: INFO ----->定位方式:xpath--->定位值://*[@id="vehicleModel"]/div/div[1]/div[1]/div/div/div/ul/li[3]/a/span[1]
2019-07-16 10:06:39,466 find_element.py--> get_element 20: INFO ----->定位方式:id--->定位值:purchaseAmount
2019-07-16 10:06:39,530 find_element.py--> get_element 20: INFO ----->定位方式:xpath--->定位值://*[@id="vehicleModel"]/div/div[1]/div[3]/div/div/button/span[1]
2019-07-16 10:06:39,765 find_element.py--> get_element 20: INFO ----->定位方式:xpath--->定位值://*[@id="vehicleModel"]/div/div[1]/div[3]/div/div/div/ul/li[121]/a
2019-07-16 10:06:39,969 find_element.py--> get_element 20: INFO ----->定位方式:xpath--->定位值://*[@id="vehicleModel"]/div/div[2]/div[1]/div/div/button/span[1]
2019-07-16 10:06:40,142 find_element.py--> get_element 20: INFO ----->定位方式:xpath--->定位值://*[@id="vehicleModel"]/div/div[2]/div[1]/div/div/div/ul/li[27]/a
2019-07-16 10:06:40,278 find_element.py--> get_element 20: INFO ----->定位方式:xpath--->定位值://*[@id="vehicleModel"]/div/div[2]/div[2]/div/div/button/span[1]
2019-07-16 10:06:40,489 find_element.py--> get_element 20: INFO ----->定位方式:xpath--->定位值://*[@id="vehicleModel"]/div/div[2]/div[2]/div/div/div/ul/li[3]/a/span[1]
2019-07-16 10:06:40,640 find_element.py--> get_element 20: INFO ----->定位方式:xpath--->定位值://*[@id="vehicleModel"]/div/div[1]/div[4]/div/div/button/span[1]
2019-07-16 10:06:40,765 find_element.py--> get_element 20: INFO ----->定位方式:xpath--->定位值://*[@id="vehicleModel"]/div/div[1]/div[4]/div/div/div/ul/li[2]/a
2019-07-16 10:06:40,917 find_element.py--> get_element 20: INFO ----->定位方式:id--->定位值:guidePrice
2019-07-16 10:06:40,965 find_element.py--> get_element 20: INFO ----->定位方式:id--->定位值:guidePrice
2019-07-16 10:06:41,214 find_element.py--> get_element 20: INFO ----->定位方式:id--->定位值:salePrice
2019-07-16 10:06:41,553 order_info_business.py--> car_price 20: INFO ----->定金金额：3500
2019-07-16 10:06:41,555 find_element.py--> get_element 20: INFO ----->定位方式:id--->定位值:preLicenseProvince
2019-07-16 10:06:41,758 find_element.py--> get_element 20: INFO ----->定位方式:xpath--->定位值://*[@id="preLicenseProvince"]/option[20]
2019-07-16 10:06:41,844 find_element.py--> get_element 20: INFO ----->定位方式:id--->定位值:preLicenseCity
2019-07-16 10:06:41,990 find_element.py--> get_element 20: INFO ----->定位方式:xpath--->定位值://*[@id="preLicenseCity"]/option[2]
2019-07-16 10:06:42,068 find_element.py--> get_element 20: INFO ----->定位方式:id--->定位值:preLicenseSotre
2019-07-16 10:06:42,211 find_element.py--> get_element 20: INFO ----->定位方式:xpath--->定位值://*[@id="preLicenseSotre"]/option[2]
2019-07-16 10:06:42,285 find_element.py--> get_element 20: INFO ----->定位方式:id--->定位值:queryEmissionStandardName
2019-07-16 10:06:42,476 find_element.py--> get_element 20: INFO ----->定位方式:id--->定位值:channelTypeHT
2019-07-16 10:06:42,644 find_element.py--> get_element 20: INFO ----->定位方式:id--->定位值:realNameSystemNNull
2019-07-16 10:06:42,799 find_element.py--> get_element 20: INFO ----->定位方式:id--->定位值:shopInsuranceNNull
2019-07-16 10:06:42,884 find_element.py--> get_element 20: INFO ----->定位方式:id--->定位值:firstYearVehicleAndVesselTax
2019-07-16 10:06:42,978 find_element.py--> get_element 20: INFO ----->定位方式:id--->定位值:firstYearSali
2019-07-16 10:06:43,082 find_element.py--> get_element 20: INFO ----->定位方式:id--->定位值:firstCommercialTheft
2019-07-16 10:06:43,178 find_element.py--> get_element 20: INFO ----->定位方式:id--->定位值:advancePremiumAmt
2019-07-16 10:06:43,234 find_element.py--> get_element 20: INFO ----->定位方式:id--->定位值:termCount
2019-07-16 10:06:43,379 find_element.py--> get_element 20: INFO ----->定位方式:id--->定位值:monthlyRent
2019-07-16 10:06:43,596 find_element.py--> get_element 20: INFO ----->定位方式:id--->定位值:cusInterestRates
2019-07-16 10:06:43,676 find_element.py--> get_element 20: INFO ----->定位方式:id--->定位值:purchaseTax
2019-07-16 10:06:43,857 find_element.py--> get_element 20: INFO ----->定位方式:id--->定位值:gpsFee
2019-07-16 10:06:44,013 find_element.py--> get_element 20: INFO ----->定位方式:id--->定位值:accountMaintenanceFee
2019-07-16 10:06:44,078 find_element.py--> get_element 20: INFO ----->定位方式:id--->定位值:yxDownPaymentAmt
2019-07-16 10:06:44,308 find_element.py--> get_element 20: INFO ----->定位方式:id--->定位值:yxRiskFinancingAmt
2019-07-16 10:06:44,535 find_element.py--> get_element 20: INFO ----->定位方式:id--->定位值:yxRiskControlFinancingAmt
2019-07-16 10:06:44,698 find_element.py--> get_element 20: INFO ----->定位方式:id--->定位值:hsServiceFee
2019-07-16 10:06:44,860 find_element.py--> get_element 20: INFO ----->定位方式:id--->定位值:licenseFee
2019-07-16 10:06:45,039 find_element.py--> get_element 20: INFO ----->定位方式:id--->定位值:mortgageFee
2019-07-16 10:06:45,194 find_element.py--> get_element 20: INFO ----->定位方式:id--->定位值:totalDownPaymentOtherAmt
2019-07-16 10:06:45,320 find_element.py--> get_element 20: INFO ----->定位方式:id--->定位值:remarkId
2019-07-16 10:06:45,724 find_element.py--> get_element 20: INFO ----->定位方式:xpath--->定位值://*[@id="fanancingInfoHs"]/div/div[2]/div[1]/div/div/button/span[1]
2019-07-16 10:06:45,845 find_element.py--> get_element 20: INFO ----->定位方式:xpath--->定位值://*[@id="fanancingInfoHs"]/div/div[2]/div[1]/div/div/div/ul/li[2]/a/span[1]
2019-07-16 10:06:45,999 find_element.py--> get_element 20: INFO ----->定位方式:id--->定位值:yxOrderNo
2019-07-16 10:06:46,427 find_element.py--> get_element 20: INFO ----->定位方式:xpath--->定位值://*[@id="yxAuditFile"]/div/table/tbody/tr[1]/td[3]/input
2019-07-16 10:06:47,572 find_element.py--> get_element 20: INFO ----->定位方式:xpath--->定位值://*[@id="yx-upload-check"]
2019-07-16 10:06:47,944 find_element.py--> get_element 20: INFO ----->定位方式:xpath--->定位值://*[@id="yx-upload-sub"]
2019-07-16 10:06:48,454 find_element.py--> get_element 20: INFO ----->定位方式:xpath--->定位值://*[@id="cusUpdateModal"]/div/div/div[3]/button
2019-07-16 10:06:49,653 find_element.py--> get_element 20: INFO ----->定位方式:xpath--->定位值://*[@id="yxAuditFile"]/div/table/tbody/tr[2]/td[3]/input
2019-07-16 10:06:50,784 find_element.py--> get_element 20: INFO ----->定位方式:xpath--->定位值://*[@id="yx-upload-check"]
2019-07-16 10:06:54,025 find_element.py--> get_element 20: INFO ----->定位方式:xpath--->定位值://*[@id="yx-upload-check"]
2019-07-16 10:06:57,235 find_element.py--> get_element 20: INFO ----->定位方式:xpath--->定位值://*[@id="yx-upload-sub"]
2019-07-16 10:06:57,355 find_element.py--> get_element 20: INFO ----->定位方式:xpath--->定位值://*[@id="cusUpdateModal"]/div/div/div[3]/button
2019-07-16 10:06:58,465 find_element.py--> get_element 20: INFO ----->定位方式:id--->定位值:basicTempSave
2019-07-16 10:07:00,248 find_element.py--> get_element 20: INFO ----->定位方式:id--->定位值:basicModalBtnNegative
2019-07-16 10:07:01,360 find_element.py--> get_element 20: INFO ----->定位方式:id--->定位值:basicSubmit
2019-07-16 10:07:03,192 find_element.py--> get_element 20: INFO ----->定位方式:id--->定位值:basicModalBtnNegative
2019-07-16 10:07:03,271 find_element.py--> get_element 20: INFO ----->定位方式:name--->定位值:customerPhoneNo
2019-07-16 10:07:03,312 find_element.py--> get_element 20: INFO ----->找不到定位元素
2019-07-16 10:07:14,554 login_handle.py--> send_username 20: INFO ----->输入用户名是：zhaoyunhe1
2019-07-16 10:07:14,556 find_element.py--> get_element 20: INFO ----->定位方式:id--->定位值:loginId
2019-07-16 10:07:14,645 login_handle.py--> send_password 20: INFO ----->输入密码是：123qwe
2019-07-16 10:07:14,647 find_element.py--> get_element 20: INFO ----->定位方式:id--->定位值:password
2019-07-16 10:07:14,714 find_element.py--> get_element 20: INFO ----->定位方式:className--->定位值:login-submit
2019-07-16 10:07:16,266 find_element.py--> get_element 20: INFO ----->定位方式:id--->定位值:910000
2019-07-16 10:07:17,346 find_element.py--> get_element 20: INFO ----->定位方式:id--->定位值:15000000
2019-07-16 10:07:18,414 find_element.py--> get_element 20: INFO ----->定位方式:xpath--->定位值://*[@id="15080000"]
2019-07-16 10:07:18,474 find_element.py--> get_element 20: INFO ----->定位方式:id--->定位值:15080100
2019-07-16 10:07:20,606 find_element.py--> get_element 20: INFO ----->定位方式:xpath--->定位值://*[@id="btn_xinzeng"]
2019-07-16 10:07:21,889 order_info_handle.py--> send_userinfo 20: INFO ----->输入的手机号：12046848820
2019-07-16 10:07:21,890 find_element.py--> get_element 20: INFO ----->定位方式:id--->定位值:phoneNo
2019-07-16 10:07:23,047 find_element.py--> get_element 20: INFO ----->定位方式:id--->定位值:queryMobile
2019-07-16 10:07:24,176 find_element.py--> get_element 20: INFO ----->定位方式:xpath--->定位值://*[@id="customerBase"]/div/div[1]/div[3]/div/div/button/span[1]
2019-07-16 10:07:24,297 find_element.py--> get_element 20: INFO ----->定位方式:xpath--->定位值://*[@id="customerBase"]/div/div[1]/div[3]/div/div/div/ul/li[2]/a/span[1]
2019-07-16 10:07:25,447 find_element.py--> get_element 20: INFO ----->定位方式:xpath--->定位值://*[@id="vehicleModel"]/div/div[1]/div[1]/div/div/button/span[1]
2019-07-16 10:07:25,579 find_element.py--> get_element 20: INFO ----->定位方式:xpath--->定位值://*[@id="vehicleModel"]/div/div[1]/div[1]/div/div/div/ul/li[3]/a/span[1]
2019-07-16 10:07:25,737 find_element.py--> get_element 20: INFO ----->定位方式:id--->定位值:purchaseAmount
2019-07-16 10:07:25,810 find_element.py--> get_element 20: INFO ----->定位方式:xpath--->定位值://*[@id="vehicleModel"]/div/div[1]/div[3]/div/div/button/span[1]
2019-07-16 10:07:26,050 find_element.py--> get_element 20: INFO ----->定位方式:xpath--->定位值://*[@id="vehicleModel"]/div/div[1]/div[3]/div/div/div/ul/li[121]/a
2019-07-16 10:07:26,207 find_element.py--> get_element 20: INFO ----->定位方式:xpath--->定位值://*[@id="vehicleModel"]/div/div[2]/div[1]/div/div/button/span[1]
2019-07-16 10:07:26,418 find_element.py--> get_element 20: INFO ----->定位方式:xpath--->定位值://*[@id="vehicleModel"]/div/div[2]/div[1]/div/div/div/ul/li[27]/a
2019-07-16 10:07:26,579 find_element.py--> get_element 20: INFO ----->定位方式:xpath--->定位值://*[@id="vehicleModel"]/div/div[2]/div[2]/div/div/button/span[1]
2019-07-16 10:07:26,811 find_element.py--> get_element 20: INFO ----->定位方式:xpath--->定位值://*[@id="vehicleModel"]/div/div[2]/div[2]/div/div/div/ul/li[3]/a/span[1]
2019-07-16 10:07:26,976 find_element.py--> get_element 20: INFO ----->定位方式:xpath--->定位值://*[@id="vehicleModel"]/div/div[1]/div[4]/div/div/button/span[1]
2019-07-16 10:07:27,099 find_element.py--> get_element 20: INFO ----->定位方式:xpath--->定位值://*[@id="vehicleModel"]/div/div[1]/div[4]/div/div/div/ul/li[2]/a
2019-07-16 10:07:27,254 find_element.py--> get_element 20: INFO ----->定位方式:id--->定位值:guidePrice
2019-07-16 10:07:27,335 find_element.py--> get_element 20: INFO ----->定位方式:id--->定位值:guidePrice
2019-07-16 10:07:27,585 find_element.py--> get_element 20: INFO ----->定位方式:id--->定位值:salePrice
2019-07-16 10:07:27,946 order_info_business.py--> car_price 20: INFO ----->定金金额：3500
2019-07-16 10:07:27,950 find_element.py--> get_element 20: INFO ----->定位方式:id--->定位值:preLicenseProvince
2019-07-16 10:07:28,126 find_element.py--> get_element 20: INFO ----->定位方式:xpath--->定位值://*[@id="preLicenseProvince"]/option[20]
2019-07-16 10:07:28,205 find_element.py--> get_element 20: INFO ----->定位方式:id--->定位值:preLicenseCity
2019-07-16 10:07:28,354 find_element.py--> get_element 20: INFO ----->定位方式:xpath--->定位值://*[@id="preLicenseCity"]/option[2]
2019-07-16 10:07:28,472 find_element.py--> get_element 20: INFO ----->定位方式:id--->定位值:preLicenseSotre
2019-07-16 10:07:28,607 find_element.py--> get_element 20: INFO ----->定位方式:xpath--->定位值://*[@id="preLicenseSotre"]/option[2]
2019-07-16 10:07:28,682 find_element.py--> get_element 20: INFO ----->定位方式:id--->定位值:queryEmissionStandardName
2019-07-16 10:07:28,837 find_element.py--> get_element 20: INFO ----->定位方式:id--->定位值:channelTypeHT
2019-07-16 10:07:29,030 find_element.py--> get_element 20: INFO ----->定位方式:id--->定位值:realNameSystemNNull
2019-07-16 10:07:29,167 find_element.py--> get_element 20: INFO ----->定位方式:id--->定位值:shopInsuranceNNull
2019-07-16 10:07:29,271 find_element.py--> get_element 20: INFO ----->定位方式:id--->定位值:firstYearVehicleAndVesselTax
2019-07-16 10:07:29,368 find_element.py--> get_element 20: INFO ----->定位方式:id--->定位值:firstYearSali
2019-07-16 10:07:29,472 find_element.py--> get_element 20: INFO ----->定位方式:id--->定位值:firstCommercialTheft
2019-07-16 10:07:29,571 find_element.py--> get_element 20: INFO ----->定位方式:id--->定位值:advancePremiumAmt
2019-07-16 10:07:29,629 find_element.py--> get_element 20: INFO ----->定位方式:id--->定位值:termCount
2019-07-16 10:07:29,782 find_element.py--> get_element 20: INFO ----->定位方式:id--->定位值:monthlyRent
2019-07-16 10:07:29,968 find_element.py--> get_element 20: INFO ----->定位方式:id--->定位值:cusInterestRates
2019-07-16 10:07:30,069 find_element.py--> get_element 20: INFO ----->定位方式:id--->定位值:purchaseTax
2019-07-16 10:07:30,232 find_element.py--> get_element 20: INFO ----->定位方式:id--->定位值:gpsFee
2019-07-16 10:07:30,504 find_element.py--> get_element 20: INFO ----->定位方式:id--->定位值:accountMaintenanceFee
2019-07-16 10:07:30,634 find_element.py--> get_element 20: INFO ----->定位方式:id--->定位值:yxDownPaymentAmt
2019-07-16 10:07:30,926 find_element.py--> get_element 20: INFO ----->定位方式:id--->定位值:yxRiskFinancingAmt
2019-07-16 10:07:31,086 find_element.py--> get_element 20: INFO ----->定位方式:id--->定位值:yxRiskControlFinancingAmt
2019-07-16 10:07:31,265 find_element.py--> get_element 20: INFO ----->定位方式:id--->定位值:hsServiceFee
2019-07-16 10:07:31,422 find_element.py--> get_element 20: INFO ----->定位方式:id--->定位值:licenseFee
2019-07-16 10:07:31,575 find_element.py--> get_element 20: INFO ----->定位方式:id--->定位值:mortgageFee
2019-07-16 10:07:31,760 find_element.py--> get_element 20: INFO ----->定位方式:id--->定位值:totalDownPaymentOtherAmt
2019-07-16 10:07:31,870 find_element.py--> get_element 20: INFO ----->定位方式:id--->定位值:remarkId
2019-07-16 10:07:32,271 find_element.py--> get_element 20: INFO ----->定位方式:xpath--->定位值://*[@id="fanancingInfoHs"]/div/div[2]/div[1]/div/div/button/span[1]
2019-07-16 10:07:32,391 find_element.py--> get_element 20: INFO ----->定位方式:xpath--->定位值://*[@id="fanancingInfoHs"]/div/div[2]/div[1]/div/div/div/ul/li[2]/a/span[1]
2019-07-16 10:07:32,545 find_element.py--> get_element 20: INFO ----->定位方式:id--->定位值:yxOrderNo
2019-07-16 10:07:32,935 find_element.py--> get_element 20: INFO ----->定位方式:xpath--->定位值://*[@id="yxAuditFile"]/div/table/tbody/tr[1]/td[3]/input
2019-07-16 10:07:34,067 find_element.py--> get_element 20: INFO ----->定位方式:xpath--->定位值://*[@id="yx-upload-check"]
2019-07-16 10:07:36,447 find_element.py--> get_element 20: INFO ----->定位方式:xpath--->定位值://*[@id="yx-upload-sub"]
2019-07-16 10:07:36,654 find_element.py--> get_element 20: INFO ----->定位方式:xpath--->定位值://*[@id="cusUpdateModal"]/div/div/div[3]/button
2019-07-16 10:07:37,795 find_element.py--> get_element 20: INFO ----->定位方式:xpath--->定位值://*[@id="yxAuditFile"]/div/table/tbody/tr[2]/td[3]/input
2019-07-16 10:07:38,941 find_element.py--> get_element 20: INFO ----->定位方式:xpath--->定位值://*[@id="yx-upload-check"]
2019-07-16 10:07:42,249 find_element.py--> get_element 20: INFO ----->定位方式:xpath--->定位值://*[@id="yx-upload-check"]
2019-07-16 10:07:45,499 find_element.py--> get_element 20: INFO ----->定位方式:xpath--->定位值://*[@id="yx-upload-sub"]
2019-07-16 10:07:45,620 find_element.py--> get_element 20: INFO ----->定位方式:xpath--->定位值://*[@id="cusUpdateModal"]/div/div/div[3]/button
2019-07-16 10:07:46,826 find_element.py--> get_element 20: INFO ----->定位方式:id--->定位值:basicTempSave
2019-07-16 10:07:48,432 find_element.py--> get_element 20: INFO ----->定位方式:id--->定位值:basicModalBtnNegative
2019-07-16 10:07:49,545 find_element.py--> get_element 20: INFO ----->定位方式:id--->定位值:basicSubmit
2019-07-16 10:07:51,493 find_element.py--> get_element 20: INFO ----->定位方式:id--->定位值:basicModalBtnNegative
2019-07-16 10:07:52,752 find_element.py--> get_element 20: INFO ----->定位方式:name--->定位值:customerPhoneNo
2019-07-16 10:07:52,990 find_element.py--> get_element 20: INFO ----->定位方式:id--->定位值:btnSearch
2019-07-16 10:07:54,266 find_element.py--> get_element 20: INFO ----->定位方式:xpath--->定位值://*[@id="orders"]/tbody/tr[1]/td[1]
2019-07-16 10:07:54,372 find_element.py--> get_element 20: INFO ----->定位方式:id--->定位值:btn_shenhedingdan
2019-07-16 10:07:58,846 find_element.py--> get_element 20: INFO ----->定位方式:id--->定位值:basicSubmit
2019-07-16 10:08:00,049 find_element.py--> get_element 20: INFO ----->定位方式:id--->定位值:basicModalBtnNegative
2019-07-16 10:08:01,194 find_element.py--> get_element 20: INFO ----->定位方式:name--->定位值:customerPhoneNo
2019-07-16 10:08:01,468 find_element.py--> get_element 20: INFO ----->定位方式:id--->定位值:btnSearch
2019-07-16 10:08:03,054 find_element.py--> get_element 20: INFO ----->定位方式:xpath--->定位值://*[@id="orders"]/tbody/tr[1]/td[1]
2019-07-16 10:08:03,683 find_element.py--> get_element 20: INFO ----->定位方式:id--->定位值:btn_xiaoshoujiesuan
2019-07-16 10:08:04,781 find_element.py--> get_element 20: INFO ----->定位方式:xpath--->定位值://*[@id="amtDetail"]/div/div[3]/div/button[1]
2019-07-16 10:08:05,977 find_element.py--> get_element 20: INFO ----->定位方式:xpath--->定位值://*[@id="receiptModel"]/div/div/div[2]/button
2019-07-16 10:08:07,076 find_element.py--> get_element 20: INFO ----->定位方式:id--->定位值:deliveryClose
2019-07-16 10:08:08,214 find_element.py--> get_element 20: INFO ----->定位方式:name--->定位值:customerPhoneNo
2019-07-16 10:08:08,408 find_element.py--> get_element 20: INFO ----->定位方式:id--->定位值:btnSearch
2019-07-16 10:08:09,681 find_element.py--> get_element 20: INFO ----->定位方式:xpath--->定位值://*[@id="orders"]/tbody/tr[1]/td[1]
2019-07-16 10:08:09,780 find_element.py--> get_element 20: INFO ----->定位方式:id--->定位值:btn_shengchenghetong
2019-07-16 10:08:11,175 find_element.py--> get_element 20: INFO ----->定位方式:id--->定位值:hsSignBody
2019-07-16 10:08:11,439 find_element.py--> get_element 20: INFO ----->定位方式:xpath--->定位值://*[@id="hsSignBody"]/option[2]
2019-07-16 10:08:11,496 find_element.py--> get_element 20: INFO ----->定位方式:id--->定位值:makeContract
2019-07-16 10:08:11,606 find_element.py--> get_element 20: INFO ----->定位方式:id--->定位值:deliveryClose
2019-07-16 10:08:12,647 find_element.py--> get_element 20: INFO ----->定位方式:name--->定位值:customerPhoneNo
2019-07-16 10:08:12,864 find_element.py--> get_element 20: INFO ----->定位方式:id--->定位值:btnSearch
2019-07-16 10:08:14,126 find_element.py--> get_element 20: INFO ----->定位方式:xpath--->定位值://*[@id="orders"]/tbody/tr[1]/td[1]
2019-07-16 10:08:14,229 find_element.py--> get_element 20: INFO ----->定位方式:id--->定位值:btn_shangchuanhetong
2019-07-16 10:08:15,353 find_element.py--> get_element 20: INFO ----->定位方式:xpath--->定位值://*[@id="file"]/div/table/tbody/tr[1]/td[3]/input
2019-07-16 10:08:16,540 find_element.py--> get_element 20: INFO ----->定位方式:id--->定位值:yx-upload-check
2019-07-16 10:08:19,756 find_element.py--> get_element 20: INFO ----->定位方式:id--->定位值:yx-upload-sub
2019-07-16 10:08:19,859 find_element.py--> get_element 20: INFO ----->定位方式:xpath--->定位值://*[@id="cusUpdateModal"]/div/div/div[3]/button
2019-07-16 10:08:20,968 find_element.py--> get_element 20: INFO ----->定位方式:xpath--->定位值://*[@id="file"]/div/table/tbody/tr[2]/td[3]/input
2019-07-16 10:08:22,064 find_element.py--> get_element 20: INFO ----->定位方式:id--->定位值:yx-upload-check
2019-07-16 10:08:25,292 find_element.py--> get_element 20: INFO ----->定位方式:id--->定位值:yx-upload-sub
2019-07-16 10:08:25,371 find_element.py--> get_element 20: INFO ----->定位方式:xpath--->定位值://*[@id="cusUpdateModal"]/div/div/div[3]/button
2019-07-16 10:08:26,458 find_element.py--> get_element 20: INFO ----->定位方式:id--->定位值:yxHsContractApply
2019-07-16 10:08:27,591 find_element.py--> get_element 20: INFO ----->定位方式:id--->定位值:basicModalBtnNegative
2019-07-16 10:08:29,425 find_element.py--> get_element 20: INFO ----->定位方式:name--->定位值:customerPhoneNo
2019-07-16 10:08:29,670 find_element.py--> get_element 20: INFO ----->定位方式:id--->定位值:btnSearch
2019-07-16 10:08:30,799 find_element.py--> get_element 20: INFO ----->定位方式:xpath--->定位值://*[@id="orders"]/tbody/tr[1]/td[1]
2019-07-16 10:08:30,992 find_element.py--> get_element 20: INFO ----->定位方式:id--->定位值:btn_shenhehetong
2019-07-16 10:08:32,258 find_element.py--> get_element 20: INFO ----->定位方式:id--->定位值:hsShopInsuranceNNull
2019-07-16 10:08:36,284 find_element.py--> get_element 20: INFO ----->定位方式:id--->定位值:yxHsContractApply
2019-07-16 10:08:37,441 find_element.py--> get_element 20: INFO ----->定位方式:id--->定位值:basicModalBtnNegative
2019-07-16 10:08:38,733 find_element.py--> get_element 20: INFO ----->定位方式:name--->定位值:customerPhoneNo
2019-07-16 10:08:38,926 find_element.py--> get_element 20: INFO ----->定位方式:id--->定位值:btnSearch
2019-07-16 10:08:40,380 find_element.py--> get_element 20: INFO ----->定位方式:xpath--->定位值://*[@id="orders"]/tbody/tr[1]/td[1]
2019-07-16 10:08:40,478 find_element.py--> get_element 20: INFO ----->定位方式:id--->定位值:btn_yudingcheliang
2019-07-16 10:43:11,729 login_handle.py--> send_username 20: INFO ----->输入用户名是：zhaoyunhe1
2019-07-16 10:43:11,731 find_element.py--> get_element 20: INFO ----->定位方式:id--->定位值:loginId
2019-07-16 10:43:11,856 login_handle.py--> send_password 20: INFO ----->输入密码是：123qwe
2019-07-16 10:43:11,858 find_element.py--> get_element 20: INFO ----->定位方式:id--->定位值:password
2019-07-16 10:43:11,948 find_element.py--> get_element 20: INFO ----->定位方式:className--->定位值:login-submit
2019-07-16 10:43:14,424 find_element.py--> get_element 20: INFO ----->定位方式:id--->定位值:910000
2019-07-16 10:43:15,496 find_element.py--> get_element 20: INFO ----->定位方式:id--->定位值:15000000
2019-07-16 10:43:16,582 find_element.py--> get_element 20: INFO ----->定位方式:xpath--->定位值://*[@id="15080000"]
2019-07-16 10:43:16,652 find_element.py--> get_element 20: INFO ----->定位方式:id--->定位值:15080100
2019-07-16 10:43:18,853 find_element.py--> get_element 20: INFO ----->定位方式:xpath--->定位值://*[@id="btn_xinzeng"]
2019-07-16 10:43:20,745 order_info_handle.py--> send_userinfo 20: INFO ----->输入的手机号：12010920810
2019-07-16 10:43:20,750 find_element.py--> get_element 20: INFO ----->定位方式:id--->定位值:phoneNo
2019-07-16 10:43:22,466 find_element.py--> get_element 20: INFO ----->定位方式:id--->定位值:queryMobile
2019-07-16 10:43:23,662 find_element.py--> get_element 20: INFO ----->定位方式:xpath--->定位值://*[@id="customerBase"]/div/div[1]/div[3]/div/div/button/span[1]
2019-07-16 10:43:23,799 find_element.py--> get_element 20: INFO ----->定位方式:xpath--->定位值://*[@id="customerBase"]/div/div[1]/div[3]/div/div/div/ul/li[2]/a/span[1]
2019-07-16 10:43:24,978 find_element.py--> get_element 20: INFO ----->定位方式:xpath--->定位值://*[@id="vehicleModel"]/div/div[1]/div[1]/div/div/button/span[1]
2019-07-16 10:43:25,165 find_element.py--> get_element 20: INFO ----->定位方式:xpath--->定位值://*[@id="vehicleModel"]/div/div[1]/div[1]/div/div/div/ul/li[3]/a/span[1]
2019-07-16 10:43:25,342 find_element.py--> get_element 20: INFO ----->定位方式:id--->定位值:purchaseAmount
2019-07-16 10:43:25,427 find_element.py--> get_element 20: INFO ----->定位方式:xpath--->定位值://*[@id="vehicleModel"]/div/div[1]/div[3]/div/div/button/span[1]
2019-07-16 10:43:25,662 find_element.py--> get_element 20: INFO ----->定位方式:xpath--->定位值://*[@id="vehicleModel"]/div/div[1]/div[3]/div/div/div/ul/li[121]/a
2019-07-16 10:43:25,810 find_element.py--> get_element 20: INFO ----->定位方式:xpath--->定位值://*[@id="vehicleModel"]/div/div[2]/div[1]/div/div/button/span[1]
2019-07-16 10:43:26,051 find_element.py--> get_element 20: INFO ----->定位方式:xpath--->定位值://*[@id="vehicleModel"]/div/div[2]/div[1]/div/div/div/ul/li[27]/a
2019-07-16 10:43:26,189 find_element.py--> get_element 20: INFO ----->定位方式:xpath--->定位值://*[@id="vehicleModel"]/div/div[2]/div[2]/div/div/button/span[1]
2019-07-16 10:43:26,455 find_element.py--> get_element 20: INFO ----->定位方式:xpath--->定位值://*[@id="vehicleModel"]/div/div[2]/div[2]/div/div/div/ul/li[3]/a/span[1]
2019-07-16 10:43:26,610 find_element.py--> get_element 20: INFO ----->定位方式:xpath--->定位值://*[@id="vehicleModel"]/div/div[1]/div[4]/div/div/button/span[1]
2019-07-16 10:43:26,760 find_element.py--> get_element 20: INFO ----->定位方式:xpath--->定位值://*[@id="vehicleModel"]/div/div[1]/div[4]/div/div/div/ul/li[2]/a
2019-07-16 10:43:26,909 find_element.py--> get_element 20: INFO ----->定位方式:id--->定位值:guidePrice
2019-07-16 10:43:26,963 find_element.py--> get_element 20: INFO ----->定位方式:id--->定位值:guidePrice
2019-07-16 10:43:27,204 find_element.py--> get_element 20: INFO ----->定位方式:id--->定位值:salePrice
2019-07-16 10:43:27,531 order_info_business.py--> car_price 20: INFO ----->定金金额：3500
2019-07-16 10:43:27,534 find_element.py--> get_element 20: INFO ----->定位方式:id--->定位值:preLicenseProvince
2019-07-16 10:43:27,695 find_element.py--> get_element 20: INFO ----->定位方式:xpath--->定位值://*[@id="preLicenseProvince"]/option[20]
2019-07-16 10:43:27,793 find_element.py--> get_element 20: INFO ----->定位方式:id--->定位值:preLicenseCity
2019-07-16 10:43:27,982 find_element.py--> get_element 20: INFO ----->定位方式:xpath--->定位值://*[@id="preLicenseCity"]/option[2]
2019-07-16 10:43:28,071 find_element.py--> get_element 20: INFO ----->定位方式:id--->定位值:preLicenseSotre
2019-07-16 10:43:28,249 find_element.py--> get_element 20: INFO ----->定位方式:xpath--->定位值://*[@id="preLicenseSotre"]/option[2]
2019-07-16 10:43:28,377 find_element.py--> get_element 20: INFO ----->定位方式:id--->定位值:queryEmissionStandardName
2019-07-16 10:43:28,555 find_element.py--> get_element 20: INFO ----->定位方式:id--->定位值:channelTypeHT
2019-07-16 10:43:28,810 find_element.py--> get_element 20: INFO ----->定位方式:id--->定位值:realNameSystemNNull
2019-07-16 10:43:29,090 find_element.py--> get_element 20: INFO ----->定位方式:id--->定位值:shopInsuranceNNull
2019-07-16 10:43:29,239 find_element.py--> get_element 20: INFO ----->定位方式:id--->定位值:firstYearVehicleAndVesselTax
2019-07-16 10:43:29,372 find_element.py--> get_element 20: INFO ----->定位方式:id--->定位值:firstYearSali
2019-07-16 10:43:29,529 find_element.py--> get_element 20: INFO ----->定位方式:id--->定位值:firstCommercialTheft
2019-07-16 10:43:29,667 find_element.py--> get_element 20: INFO ----->定位方式:id--->定位值:advancePremiumAmt
2019-07-16 10:43:29,733 find_element.py--> get_element 20: INFO ----->定位方式:id--->定位值:termCount
2019-07-16 10:43:29,877 find_element.py--> get_element 20: INFO ----->定位方式:id--->定位值:monthlyRent
2019-07-16 10:43:30,098 find_element.py--> get_element 20: INFO ----->定位方式:id--->定位值:cusInterestRates
2019-07-16 10:43:30,243 find_element.py--> get_element 20: INFO ----->定位方式:id--->定位值:purchaseTax
2019-07-16 10:43:30,402 find_element.py--> get_element 20: INFO ----->定位方式:id--->定位值:gpsFee
2019-07-16 10:43:30,558 find_element.py--> get_element 20: INFO ----->定位方式:id--->定位值:accountMaintenanceFee
2019-07-16 10:43:30,636 find_element.py--> get_element 20: INFO ----->定位方式:id--->定位值:yxDownPaymentAmt
2019-07-16 10:43:30,883 find_element.py--> get_element 20: INFO ----->定位方式:id--->定位值:yxRiskFinancingAmt
2019-07-16 10:43:31,048 find_element.py--> get_element 20: INFO ----->定位方式:id--->定位值:yxRiskControlFinancingAmt
2019-07-16 10:43:31,217 find_element.py--> get_element 20: INFO ----->定位方式:id--->定位值:hsServiceFee
2019-07-16 10:43:31,385 find_element.py--> get_element 20: INFO ----->定位方式:id--->定位值:licenseFee
2019-07-16 10:43:31,557 find_element.py--> get_element 20: INFO ----->定位方式:id--->定位值:mortgageFee
2019-07-16 10:43:31,708 find_element.py--> get_element 20: INFO ----->定位方式:id--->定位值:totalDownPaymentOtherAmt
2019-07-16 10:43:31,806 find_element.py--> get_element 20: INFO ----->定位方式:id--->定位值:remarkId
2019-07-16 10:43:32,231 find_element.py--> get_element 20: INFO ----->定位方式:xpath--->定位值://*[@id="fanancingInfoHs"]/div/div[2]/div[1]/div/div/button/span[1]
2019-07-16 10:43:32,413 find_element.py--> get_element 20: INFO ----->定位方式:xpath--->定位值://*[@id="fanancingInfoHs"]/div/div[2]/div[1]/div/div/div/ul/li[2]/a/span[1]
2019-07-16 10:43:32,571 find_element.py--> get_element 20: INFO ----->定位方式:id--->定位值:yxOrderNo
2019-07-16 10:43:32,969 find_element.py--> get_element 20: INFO ----->定位方式:xpath--->定位值://*[@id="yxAuditFile"]/div/table/tbody/tr[1]/td[3]/input
2019-07-16 10:43:34,128 find_element.py--> get_element 20: INFO ----->定位方式:xpath--->定位值://*[@id="yx-upload-check"]
2019-07-16 10:43:36,522 find_element.py--> get_element 20: INFO ----->定位方式:xpath--->定位值://*[@id="yx-upload-sub"]
2019-07-16 10:43:36,713 find_element.py--> get_element 20: INFO ----->定位方式:xpath--->定位值://*[@id="cusUpdateModal"]/div/div/div[3]/button
2019-07-16 10:43:37,872 find_element.py--> get_element 20: INFO ----->定位方式:xpath--->定位值://*[@id="yxAuditFile"]/div/table/tbody/tr[2]/td[3]/input
2019-07-16 10:43:39,004 find_element.py--> get_element 20: INFO ----->定位方式:xpath--->定位值://*[@id="yx-upload-check"]
2019-07-16 10:43:42,330 find_element.py--> get_element 20: INFO ----->定位方式:xpath--->定位值://*[@id="yx-upload-check"]
2019-07-16 10:43:45,561 find_element.py--> get_element 20: INFO ----->定位方式:xpath--->定位值://*[@id="yx-upload-sub"]
2019-07-16 10:43:45,690 find_element.py--> get_element 20: INFO ----->定位方式:xpath--->定位值://*[@id="cusUpdateModal"]/div/div/div[3]/button
2019-07-16 10:43:46,823 find_element.py--> get_element 20: INFO ----->定位方式:id--->定位值:basicTempSave
2019-07-16 10:43:48,508 find_element.py--> get_element 20: INFO ----->定位方式:id--->定位值:basicModalBtnNegative
2019-07-16 10:43:49,613 find_element.py--> get_element 20: INFO ----->定位方式:id--->定位值:basicSubmit
2019-07-16 10:43:51,545 find_element.py--> get_element 20: INFO ----->定位方式:id--->定位值:basicModalBtnNegative
2019-07-16 10:43:52,875 find_element.py--> get_element 20: INFO ----->定位方式:name--->定位值:customerPhoneNo
2019-07-16 10:43:53,090 find_element.py--> get_element 20: INFO ----->定位方式:id--->定位值:btnSearch
2019-07-16 10:43:54,212 find_element.py--> get_element 20: INFO ----->定位方式:xpath--->定位值://*[@id="orders"]/tbody/tr[1]/td[1]
2019-07-16 10:43:54,315 find_element.py--> get_element 20: INFO ----->定位方式:id--->定位值:btn_shenhedingdan
2019-07-16 10:43:58,805 find_element.py--> get_element 20: INFO ----->定位方式:id--->定位值:basicSubmit
2019-07-16 10:43:59,983 find_element.py--> get_element 20: INFO ----->定位方式:id--->定位值:basicModalBtnNegative
2019-07-16 10:44:01,106 find_element.py--> get_element 20: INFO ----->定位方式:name--->定位值:customerPhoneNo
2019-07-16 10:44:01,304 find_element.py--> get_element 20: INFO ----->定位方式:id--->定位值:btnSearch
2019-07-16 10:44:02,418 find_element.py--> get_element 20: INFO ----->定位方式:xpath--->定位值://*[@id="orders"]/tbody/tr[1]/td[1]
2019-07-16 10:44:03,050 find_element.py--> get_element 20: INFO ----->定位方式:id--->定位值:btn_xiaoshoujiesuan
2019-07-16 10:44:04,188 find_element.py--> get_element 20: INFO ----->定位方式:xpath--->定位值://*[@id="amtDetail"]/div/div[3]/div/button[1]
2019-07-16 10:44:05,373 find_element.py--> get_element 20: INFO ----->定位方式:xpath--->定位值://*[@id="receiptModel"]/div/div/div[2]/button
2019-07-16 10:44:06,470 find_element.py--> get_element 20: INFO ----->定位方式:id--->定位值:deliveryClose
2019-07-16 10:44:07,538 find_element.py--> get_element 20: INFO ----->定位方式:name--->定位值:customerPhoneNo
2019-07-16 10:44:07,784 find_element.py--> get_element 20: INFO ----->定位方式:id--->定位值:btnSearch
2019-07-16 10:44:09,078 find_element.py--> get_element 20: INFO ----->定位方式:xpath--->定位值://*[@id="orders"]/tbody/tr[1]/td[1]
2019-07-16 10:44:09,177 find_element.py--> get_element 20: INFO ----->定位方式:id--->定位值:btn_shengchenghetong
2019-07-16 10:44:10,202 find_element.py--> get_element 20: INFO ----->定位方式:id--->定位值:hsSignBody
2019-07-16 10:44:10,342 find_element.py--> get_element 20: INFO ----->定位方式:xpath--->定位值://*[@id="hsSignBody"]/option[2]
2019-07-16 10:44:10,397 find_element.py--> get_element 20: INFO ----->定位方式:id--->定位值:makeContract
2019-07-16 10:44:10,501 find_element.py--> get_element 20: INFO ----->定位方式:id--->定位值:deliveryClose
2019-07-16 10:44:11,609 find_element.py--> get_element 20: INFO ----->定位方式:name--->定位值:customerPhoneNo
2019-07-16 10:44:11,805 find_element.py--> get_element 20: INFO ----->定位方式:id--->定位值:btnSearch
2019-07-16 10:44:12,923 find_element.py--> get_element 20: INFO ----->定位方式:xpath--->定位值://*[@id="orders"]/tbody/tr[1]/td[1]
2019-07-16 10:44:13,042 find_element.py--> get_element 20: INFO ----->定位方式:id--->定位值:btn_shangchuanhetong
2019-07-16 10:44:14,096 find_element.py--> get_element 20: INFO ----->定位方式:xpath--->定位值://*[@id="file"]/div/table/tbody/tr[1]/td[3]/input
2019-07-16 10:44:15,253 find_element.py--> get_element 20: INFO ----->定位方式:id--->定位值:yx-upload-check
2019-07-16 10:44:18,629 find_element.py--> get_element 20: INFO ----->定位方式:id--->定位值:yx-upload-sub
2019-07-16 10:44:18,720 find_element.py--> get_element 20: INFO ----->定位方式:xpath--->定位值://*[@id="cusUpdateModal"]/div/div/div[3]/button
2019-07-16 10:44:19,824 find_element.py--> get_element 20: INFO ----->定位方式:xpath--->定位值://*[@id="file"]/div/table/tbody/tr[2]/td[3]/input
2019-07-16 10:44:20,916 find_element.py--> get_element 20: INFO ----->定位方式:id--->定位值:yx-upload-check
2019-07-16 10:44:24,128 find_element.py--> get_element 20: INFO ----->定位方式:id--->定位值:yx-upload-sub
2019-07-16 10:44:24,212 find_element.py--> get_element 20: INFO ----->定位方式:xpath--->定位值://*[@id="cusUpdateModal"]/div/div/div[3]/button
2019-07-16 10:44:25,297 find_element.py--> get_element 20: INFO ----->定位方式:id--->定位值:yxHsContractApply
2019-07-16 10:44:26,386 find_element.py--> get_element 20: INFO ----->定位方式:id--->定位值:basicModalBtnNegative
2019-07-16 10:44:28,403 find_element.py--> get_element 20: INFO ----->定位方式:name--->定位值:customerPhoneNo
2019-07-16 10:44:28,604 find_element.py--> get_element 20: INFO ----->定位方式:id--->定位值:btnSearch
2019-07-16 10:44:29,779 find_element.py--> get_element 20: INFO ----->定位方式:xpath--->定位值://*[@id="orders"]/tbody/tr[1]/td[1]
2019-07-16 10:44:29,883 find_element.py--> get_element 20: INFO ----->定位方式:id--->定位值:btn_shenhehetong
2019-07-16 10:44:33,855 find_element.py--> get_element 20: INFO ----->定位方式:id--->定位值:hsShopInsuranceNNull
2019-07-16 10:44:37,826 find_element.py--> get_element 20: INFO ----->定位方式:id--->定位值:yxHsContractApply
2019-07-16 10:44:38,963 find_element.py--> get_element 20: INFO ----->定位方式:id--->定位值:basicModalBtnNegative
2019-07-16 10:44:40,250 find_element.py--> get_element 20: INFO ----->定位方式:name--->定位值:customerPhoneNo
2019-07-16 10:44:40,448 find_element.py--> get_element 20: INFO ----->定位方式:id--->定位值:btnSearch
2019-07-16 10:44:41,560 find_element.py--> get_element 20: INFO ----->定位方式:xpath--->定位值://*[@id="orders"]/tbody/tr[1]/td[1]
2019-07-16 10:44:41,660 find_element.py--> get_element 20: INFO ----->定位方式:id--->定位值:btn_yudingcheliang
