2019-07-02 10:26:12,522 login_handle.py--> send_username 20: INFO ----->输入用户名是：zhaoyunhe1
2019-07-02 10:26:12,524 find_element.py--> get_element 20: INFO ----->定位方式:id--->定位值:loginId
2019-07-02 10:26:12,661 login_handle.py--> send_password 20: INFO ----->输入密码是：123qwe
2019-07-02 10:26:12,664 find_element.py--> get_element 20: INFO ----->定位方式:id--->定位值:password
2019-07-02 10:26:12,746 find_element.py--> get_element 20: INFO ----->定位方式:className--->定位值:login-submit
2019-07-02 10:26:14,442 find_element.py--> get_element 20: INFO ----->定位方式:id--->定位值:910000
2019-07-02 10:26:15,514 find_element.py--> get_element 20: INFO ----->定位方式:id--->定位值:15000000
2019-07-02 10:26:16,588 find_element.py--> get_element 20: INFO ----->定位方式:xpath--->定位值://*[@id="15080000"]
2019-07-02 10:26:16,662 find_element.py--> get_element 20: INFO ----->定位方式:id--->定位值:15080100
2019-07-02 10:26:18,969 find_element.py--> get_element 20: INFO ----->定位方式:name--->定位值:customerPhoneNo
2019-07-02 10:26:19,167 find_element.py--> get_element 20: INFO ----->定位方式:id--->定位值:btnSearch
2019-07-02 10:26:20,329 find_element.py--> get_element 20: INFO ----->定位方式:xpath--->定位值://*[@id="orders"]/tbody/tr[1]/td[1]
2019-07-02 10:26:20,468 find_element.py--> get_element 20: INFO ----->定位方式:id--->定位值:btn_shenhehetong
2019-07-02 10:26:25,788 find_element.py--> get_element 20: INFO ----->定位方式:xpath--->定位值://*[@id="shopInsuranceYNull"]
2019-07-02 10:35:26,667 login_handle.py--> send_username 20: INFO ----->输入用户名是：zhaoyunhe1
2019-07-02 10:35:26,670 find_element.py--> get_element 20: INFO ----->定位方式:id--->定位值:loginId
2019-07-02 10:35:26,788 login_handle.py--> send_password 20: INFO ----->输入密码是：123qwe
2019-07-02 10:35:26,790 find_element.py--> get_element 20: INFO ----->定位方式:id--->定位值:password
2019-07-02 10:35:26,871 find_element.py--> get_element 20: INFO ----->定位方式:className--->定位值:login-submit
2019-07-02 10:35:28,483 find_element.py--> get_element 20: INFO ----->定位方式:id--->定位值:910000
2019-07-02 10:35:29,551 find_element.py--> get_element 20: INFO ----->定位方式:id--->定位值:15000000
2019-07-02 10:35:30,625 find_element.py--> get_element 20: INFO ----->定位方式:xpath--->定位值://*[@id="15080000"]
2019-07-02 10:35:30,690 find_element.py--> get_element 20: INFO ----->定位方式:id--->定位值:15080100
2019-07-02 10:35:32,993 find_element.py--> get_element 20: INFO ----->定位方式:name--->定位值:customerPhoneNo
2019-07-02 10:35:33,155 find_element.py--> get_element 20: INFO ----->定位方式:id--->定位值:btnSearch
2019-07-02 10:35:34,293 find_element.py--> get_element 20: INFO ----->定位方式:xpath--->定位值://*[@id="orders"]/tbody/tr[1]/td[1]
2019-07-02 10:35:34,405 find_element.py--> get_element 20: INFO ----->定位方式:id--->定位值:btn_shenhehetong
2019-07-02 10:35:39,158 find_element.py--> get_element 20: INFO ----->定位方式:xpath--->定位值://*[@id="shopInsuranceYNull"]
2019-07-02 10:44:03,004 login_handle.py--> send_username 20: INFO ----->输入用户名是：zhaoyunhe1
2019-07-02 10:44:03,009 find_element.py--> get_element 20: INFO ----->定位方式:id--->定位值:loginId
2019-07-02 10:44:03,167 login_handle.py--> send_password 20: INFO ----->输入密码是：123qwe
2019-07-02 10:44:03,170 find_element.py--> get_element 20: INFO ----->定位方式:id--->定位值:password
2019-07-02 10:44:03,290 find_element.py--> get_element 20: INFO ----->定位方式:className--->定位值:login-submit
2019-07-02 10:44:04,957 find_element.py--> get_element 20: INFO ----->定位方式:id--->定位值:910000
2019-07-02 10:44:06,034 find_element.py--> get_element 20: INFO ----->定位方式:id--->定位值:15000000
2019-07-02 10:44:07,114 find_element.py--> get_element 20: INFO ----->定位方式:xpath--->定位值://*[@id="15080000"]
2019-07-02 10:44:07,209 find_element.py--> get_element 20: INFO ----->定位方式:id--->定位值:15080100
2019-07-02 10:44:09,472 find_element.py--> get_element 20: INFO ----->定位方式:name--->定位值:customerPhoneNo
2019-07-02 10:44:09,639 find_element.py--> get_element 20: INFO ----->定位方式:id--->定位值:btnSearch
2019-07-02 10:44:10,796 find_element.py--> get_element 20: INFO ----->定位方式:xpath--->定位值://*[@id="orders"]/tbody/tr[1]/td[1]
2019-07-02 10:44:10,910 find_element.py--> get_element 20: INFO ----->定位方式:id--->定位值:btn_shenhehetong
2019-07-02 10:44:15,635 find_element.py--> get_element 20: INFO ----->定位方式:id--->定位值:shopInsuranceYNull
2019-07-02 10:56:16,673 login_handle.py--> send_username 20: INFO ----->输入用户名是：zhaoyunhe1
2019-07-02 10:56:16,675 find_element.py--> get_element 20: INFO ----->定位方式:id--->定位值:loginId
2019-07-02 10:56:16,766 login_handle.py--> send_password 20: INFO ----->输入密码是：123qwe
2019-07-02 10:56:16,768 find_element.py--> get_element 20: INFO ----->定位方式:id--->定位值:password
2019-07-02 10:56:16,831 find_element.py--> get_element 20: INFO ----->定位方式:className--->定位值:login-submit
2019-07-02 10:56:18,412 find_element.py--> get_element 20: INFO ----->定位方式:id--->定位值:910000
2019-07-02 10:56:19,480 find_element.py--> get_element 20: INFO ----->定位方式:id--->定位值:15000000
2019-07-02 10:56:20,549 find_element.py--> get_element 20: INFO ----->定位方式:xpath--->定位值://*[@id="15080000"]
2019-07-02 10:56:20,611 find_element.py--> get_element 20: INFO ----->定位方式:id--->定位值:15080100
2019-07-02 10:56:23,226 find_element.py--> get_element 20: INFO ----->定位方式:name--->定位值:customerPhoneNo
2019-07-02 10:56:23,391 find_element.py--> get_element 20: INFO ----->定位方式:id--->定位值:btnSearch
2019-07-02 10:56:24,522 find_element.py--> get_element 20: INFO ----->定位方式:xpath--->定位值://*[@id="orders"]/tbody/tr[1]/td[1]
2019-07-02 10:56:24,637 find_element.py--> get_element 20: INFO ----->定位方式:id--->定位值:btn_shenhehetong
2019-07-02 10:56:29,369 find_element.py--> get_element 20: INFO ----->定位方式:id--->定位值:hsShopInsuranceYNull
2019-07-02 10:56:29,519 find_element.py--> get_element 20: INFO ----->定位方式:id--->定位值:yxHsContractApply
2019-07-02 10:56:30,638 find_element.py--> get_element 20: INFO ----->定位方式:id--->定位值:basicModalBtnNegative
2019-07-02 11:03:41,274 login_handle.py--> send_username 20: INFO ----->输入用户名是：zhaoyunhe1
2019-07-02 11:03:41,276 find_element.py--> get_element 20: INFO ----->定位方式:id--->定位值:loginId
2019-07-02 11:03:41,401 login_handle.py--> send_password 20: INFO ----->输入密码是：123qwe
2019-07-02 11:03:41,404 find_element.py--> get_element 20: INFO ----->定位方式:id--->定位值:password
2019-07-02 11:03:41,475 find_element.py--> get_element 20: INFO ----->定位方式:className--->定位值:login-submit
2019-07-02 11:03:43,036 find_element.py--> get_element 20: INFO ----->定位方式:id--->定位值:910000
2019-07-02 11:03:44,103 find_element.py--> get_element 20: INFO ----->定位方式:id--->定位值:15000000
2019-07-02 11:03:45,175 find_element.py--> get_element 20: INFO ----->定位方式:xpath--->定位值://*[@id="15080000"]
2019-07-02 11:03:45,237 find_element.py--> get_element 20: INFO ----->定位方式:id--->定位值:15080100
2019-07-02 11:03:47,436 find_element.py--> get_element 20: INFO ----->定位方式:name--->定位值:customerPhoneNo
2019-07-02 11:03:47,635 find_element.py--> get_element 20: INFO ----->定位方式:id--->定位值:btnSearch
2019-07-02 11:03:48,807 find_element.py--> get_element 20: INFO ----->定位方式:xpath--->定位值://*[@id="orders"]/tbody/tr[1]/td[1]
2019-07-02 11:03:48,925 find_element.py--> get_element 20: INFO ----->定位方式:id--->定位值:btn_yudingcheliang
2019-07-02 11:04:33,537 login_handle.py--> send_username 20: INFO ----->输入用户名是：zhaoyunhe1
2019-07-02 11:04:33,538 find_element.py--> get_element 20: INFO ----->定位方式:id--->定位值:loginId
2019-07-02 11:04:33,630 login_handle.py--> send_password 20: INFO ----->输入密码是：123qwe
2019-07-02 11:04:33,633 find_element.py--> get_element 20: INFO ----->定位方式:id--->定位值:password
2019-07-02 11:04:33,695 find_element.py--> get_element 20: INFO ----->定位方式:className--->定位值:login-submit
2019-07-02 11:04:35,267 find_element.py--> get_element 20: INFO ----->定位方式:id--->定位值:910000
2019-07-02 11:04:36,336 find_element.py--> get_element 20: INFO ----->定位方式:id--->定位值:15000000
2019-07-02 11:04:37,407 find_element.py--> get_element 20: INFO ----->定位方式:xpath--->定位值://*[@id="15080000"]
2019-07-02 11:04:37,475 find_element.py--> get_element 20: INFO ----->定位方式:id--->定位值:15080100
2019-07-02 11:04:39,923 find_element.py--> get_element 20: INFO ----->定位方式:xpath--->定位值://*[@id="btn_xinzeng"]
2019-07-02 11:04:41,351 order_info_handle.py--> send_userinfo 20: INFO ----->输入的手机号：18640838683
2019-07-02 11:04:41,352 find_element.py--> get_element 20: INFO ----->定位方式:id--->定位值:phoneNo
2019-07-02 11:04:42,422 find_element.py--> get_element 20: INFO ----->定位方式:id--->定位值:queryMobile
2019-07-02 11:04:43,548 find_element.py--> get_element 20: INFO ----->定位方式:xpath--->定位值://*[@id="customerBase"]/div/div[1]/div[3]/div/div/button/span[1]
2019-07-02 11:04:43,695 find_element.py--> get_element 20: INFO ----->定位方式:xpath--->定位值://*[@id="customerBase"]/div/div[1]/div[3]/div/div/div/ul/li[2]/a/span[1]
2019-07-02 11:04:44,842 find_element.py--> get_element 20: INFO ----->定位方式:xpath--->定位值://*[@id="vehicleModel"]/div/div[1]/div[1]/div/div/button/span[1]
2019-07-02 11:04:44,972 find_element.py--> get_element 20: INFO ----->定位方式:xpath--->定位值://*[@id="vehicleModel"]/div/div[1]/div[1]/div/div/div/ul/li[3]/a/span[1]
2019-07-02 11:04:45,167 find_element.py--> get_element 20: INFO ----->定位方式:id--->定位值:purchaseAmount
2019-07-02 11:04:45,266 find_element.py--> get_element 20: INFO ----->定位方式:xpath--->定位值://*[@id="vehicleModel"]/div/div[1]/div[3]/div/div/button/span[1]
2019-07-02 11:04:45,524 find_element.py--> get_element 20: INFO ----->定位方式:xpath--->定位值://*[@id="vehicleModel"]/div/div[1]/div[3]/div/div/div/ul/li[121]/a
2019-07-02 11:04:45,750 find_element.py--> get_element 20: INFO ----->定位方式:xpath--->定位值://*[@id="vehicleModel"]/div/div[2]/div[1]/div/div/button/span[1]
2019-07-02 11:04:45,916 find_element.py--> get_element 20: INFO ----->定位方式:xpath--->定位值://*[@id="vehicleModel"]/div/div[2]/div[1]/div/div/div/ul/li[27]/a
2019-07-02 11:04:46,063 find_element.py--> get_element 20: INFO ----->定位方式:xpath--->定位值://*[@id="vehicleModel"]/div/div[2]/div[2]/div/div/button/span[1]
2019-07-02 11:04:46,292 find_element.py--> get_element 20: INFO ----->定位方式:xpath--->定位值://*[@id="vehicleModel"]/div/div[2]/div[2]/div/div/div/ul/li[2]/a/span[1]
2019-07-02 11:04:46,458 find_element.py--> get_element 20: INFO ----->定位方式:xpath--->定位值://*[@id="vehicleModel"]/div/div[1]/div[4]/div/div/button/span[1]
2019-07-02 11:04:46,582 find_element.py--> get_element 20: INFO ----->定位方式:xpath--->定位值://*[@id="vehicleModel"]/div/div[1]/div[4]/div/div/div/ul/li[2]/a
2019-07-02 11:04:46,735 find_element.py--> get_element 20: INFO ----->定位方式:id--->定位值:guidePrice
2019-07-02 11:04:46,789 find_element.py--> get_element 20: INFO ----->定位方式:id--->定位值:guidePrice
2019-07-02 11:04:47,048 find_element.py--> get_element 20: INFO ----->定位方式:id--->定位值:salePrice
2019-07-02 11:04:47,348 order_info_business.py--> car_price 20: INFO ----->定金金额：3500
2019-07-02 11:04:47,350 find_element.py--> get_element 20: INFO ----->定位方式:id--->定位值:preLicenseProvince
2019-07-02 11:04:47,485 find_element.py--> get_element 20: INFO ----->定位方式:xpath--->定位值://*[@id="preLicenseProvince"]/option[20]
2019-07-02 11:04:47,571 find_element.py--> get_element 20: INFO ----->定位方式:id--->定位值:preLicenseCity
2019-07-02 11:04:47,756 find_element.py--> get_element 20: INFO ----->定位方式:xpath--->定位值://*[@id="preLicenseCity"]/option[2]
2019-07-02 11:04:47,834 find_element.py--> get_element 20: INFO ----->定位方式:id--->定位值:preLicenseSotre
2019-07-02 11:04:47,985 find_element.py--> get_element 20: INFO ----->定位方式:xpath--->定位值://*[@id="preLicenseSotre"]/option[2]
2019-07-02 11:04:48,085 find_element.py--> get_element 20: INFO ----->定位方式:id--->定位值:channelTypeGH
2019-07-02 11:04:48,272 find_element.py--> get_element 20: INFO ----->定位方式:id--->定位值:realNameSystemNNull
2019-07-02 11:04:48,428 find_element.py--> get_element 20: INFO ----->定位方式:id--->定位值:shopInsuranceNNull
2019-07-02 11:04:48,513 find_element.py--> get_element 20: INFO ----->定位方式:id--->定位值:firstYearVehicleAndVesselTax
2019-07-02 11:04:48,609 find_element.py--> get_element 20: INFO ----->定位方式:id--->定位值:firstYearSali
2019-07-02 11:04:48,738 find_element.py--> get_element 20: INFO ----->定位方式:id--->定位值:firstCommercialTheft
2019-07-02 11:04:48,845 find_element.py--> get_element 20: INFO ----->定位方式:id--->定位值:advancePremiumAmt
2019-07-02 11:04:48,902 find_element.py--> get_element 20: INFO ----->定位方式:id--->定位值:termCount
2019-07-02 11:04:49,035 find_element.py--> get_element 20: INFO ----->定位方式:id--->定位值:monthlyRent
2019-07-02 11:04:49,269 find_element.py--> get_element 20: INFO ----->定位方式:id--->定位值:cusInterestRates
2019-07-02 11:04:49,349 find_element.py--> get_element 20: INFO ----->定位方式:id--->定位值:purchaseTax
2019-07-02 11:04:49,499 find_element.py--> get_element 20: INFO ----->定位方式:id--->定位值:gpsFee
2019-07-02 11:04:49,674 find_element.py--> get_element 20: INFO ----->定位方式:id--->定位值:accountMaintenanceFee
2019-07-02 11:04:49,848 find_element.py--> get_element 20: INFO ----->定位方式:id--->定位值:yxDownPaymentAmt
2019-07-02 11:04:50,041 find_element.py--> get_element 20: INFO ----->定位方式:id--->定位值:yxRiskFinancingAmt
2019-07-02 11:04:50,240 find_element.py--> get_element 20: INFO ----->定位方式:id--->定位值:yxRiskControlFinancingAmt
2019-07-02 11:04:50,402 find_element.py--> get_element 20: INFO ----->定位方式:id--->定位值:hsServiceFee
2019-07-02 11:04:50,573 find_element.py--> get_element 20: INFO ----->定位方式:id--->定位值:licenseFee
2019-07-02 11:04:50,760 find_element.py--> get_element 20: INFO ----->定位方式:id--->定位值:mortgageFee
2019-07-02 11:04:50,915 find_element.py--> get_element 20: INFO ----->定位方式:id--->定位值:totalDownPaymentOtherAmt
2019-07-02 11:04:51,014 find_element.py--> get_element 20: INFO ----->定位方式:id--->定位值:remarkId
2019-07-02 11:04:51,443 find_element.py--> get_element 20: INFO ----->定位方式:xpath--->定位值://*[@id="fanancingInfoHs"]/div/div[2]/div[1]/div/div/button/span[1]
2019-07-02 11:04:51,561 find_element.py--> get_element 20: INFO ----->定位方式:xpath--->定位值://*[@id="fanancingInfoHs"]/div/div[2]/div[1]/div/div/div/ul/li[3]/a/span[1]
2019-07-02 11:04:51,750 find_element.py--> get_element 20: INFO ----->定位方式:id--->定位值:yxOrderNo
2019-07-02 11:04:52,162 find_element.py--> get_element 20: INFO ----->定位方式:xpath--->定位值://*[@id="yxAuditFile"]/div/table/tbody/tr[1]/td[3]/input
2019-07-02 11:04:53,311 find_element.py--> get_element 20: INFO ----->定位方式:xpath--->定位值://*[@id="yx-upload-check"]
2019-07-02 11:04:55,867 find_element.py--> get_element 20: INFO ----->定位方式:xpath--->定位值://*[@id="yx-upload-sub"]
2019-07-02 11:04:56,116 find_element.py--> get_element 20: INFO ----->定位方式:xpath--->定位值://*[@id="cusUpdateModal"]/div/div/div[3]/button
2019-07-02 11:04:57,268 find_element.py--> get_element 20: INFO ----->定位方式:xpath--->定位值://*[@id="yxAuditFile"]/div/table/tbody/tr[2]/td[3]/input
2019-07-02 11:04:58,405 find_element.py--> get_element 20: INFO ----->定位方式:xpath--->定位值://*[@id="yx-upload-check"]
2019-07-02 11:05:01,702 find_element.py--> get_element 20: INFO ----->定位方式:xpath--->定位值://*[@id="yx-upload-check"]
2019-07-02 11:05:04,074 find_element.py--> get_element 20: INFO ----->定位方式:xpath--->定位值://*[@id="yx-upload-sub"]
2019-07-02 11:05:04,227 find_element.py--> get_element 20: INFO ----->定位方式:xpath--->定位值://*[@id="cusUpdateModal"]/div/div/div[3]/button
2019-07-02 11:05:05,395 find_element.py--> get_element 20: INFO ----->定位方式:id--->定位值:basicTempSave
2019-07-02 11:05:07,437 find_element.py--> get_element 20: INFO ----->定位方式:id--->定位值:basicModalBtnNegative
2019-07-02 11:05:08,543 find_element.py--> get_element 20: INFO ----->定位方式:id--->定位值:basicSubmit
2019-07-02 11:05:10,467 find_element.py--> get_element 20: INFO ----->定位方式:id--->定位值:basicModalBtnNegative
2019-07-02 11:05:11,822 find_element.py--> get_element 20: INFO ----->定位方式:name--->定位值:customerPhoneNo
2019-07-02 11:05:12,078 find_element.py--> get_element 20: INFO ----->定位方式:id--->定位值:btnSearch
2019-07-02 11:05:13,190 find_element.py--> get_element 20: INFO ----->定位方式:xpath--->定位值://*[@id="orders"]/tbody/tr[1]/td[1]
2019-07-02 11:05:13,289 find_element.py--> get_element 20: INFO ----->定位方式:id--->定位值:btn_shenhedingdan
2019-07-02 11:05:18,326 find_element.py--> get_element 20: INFO ----->定位方式:id--->定位值:basicSubmit
2019-07-02 11:05:19,496 find_element.py--> get_element 20: INFO ----->定位方式:id--->定位值:basicModalBtnNegative
2019-07-02 11:05:21,628 find_element.py--> get_element 20: INFO ----->定位方式:name--->定位值:customerPhoneNo
2019-07-02 11:05:21,841 find_element.py--> get_element 20: INFO ----->定位方式:id--->定位值:btnSearch
2019-07-02 11:05:22,965 find_element.py--> get_element 20: INFO ----->定位方式:xpath--->定位值://*[@id="orders"]/tbody/tr[1]/td[1]
2019-07-02 11:05:23,616 find_element.py--> get_element 20: INFO ----->定位方式:id--->定位值:btn_xiaoshoujiesuan
2019-07-02 11:05:24,991 find_element.py--> get_element 20: INFO ----->定位方式:xpath--->定位值://*[@id="amtDetail"]/div/div[3]/div/button[1]
2019-07-02 11:05:26,147 find_element.py--> get_element 20: INFO ----->定位方式:xpath--->定位值://*[@id="receiptModel"]/div/div/div[2]/button
2019-07-02 11:05:27,258 find_element.py--> get_element 20: INFO ----->定位方式:id--->定位值:deliveryClose
2019-07-02 11:05:28,703 find_element.py--> get_element 20: INFO ----->定位方式:name--->定位值:customerPhoneNo
2019-07-02 11:05:28,859 find_element.py--> get_element 20: INFO ----->定位方式:id--->定位值:btnSearch
2019-07-02 11:05:29,979 find_element.py--> get_element 20: INFO ----->定位方式:xpath--->定位值://*[@id="orders"]/tbody/tr[1]/td[1]
2019-07-02 11:05:30,077 find_element.py--> get_element 20: INFO ----->定位方式:id--->定位值:btn_shengchenghetong
2019-07-02 11:05:31,309 find_element.py--> get_element 20: INFO ----->定位方式:id--->定位值:hsSignBody
2019-07-02 11:05:31,454 find_element.py--> get_element 20: INFO ----->定位方式:xpath--->定位值://*[@id="hsSignBody"]/option[2]
2019-07-02 11:05:31,512 find_element.py--> get_element 20: INFO ----->定位方式:id--->定位值:makeContract
2019-07-02 11:05:31,627 find_element.py--> get_element 20: INFO ----->定位方式:id--->定位值:deliveryClose
2019-07-02 11:05:33,155 find_element.py--> get_element 20: INFO ----->定位方式:name--->定位值:customerPhoneNo
2019-07-02 11:05:33,343 find_element.py--> get_element 20: INFO ----->定位方式:id--->定位值:btnSearch
2019-07-02 11:05:34,476 find_element.py--> get_element 20: INFO ----->定位方式:xpath--->定位值://*[@id="orders"]/tbody/tr[1]/td[1]
2019-07-02 11:05:34,603 find_element.py--> get_element 20: INFO ----->定位方式:id--->定位值:btn_shangchuanhetong
2019-07-02 11:05:35,915 find_element.py--> get_element 20: INFO ----->定位方式:xpath--->定位值://*[@id="file"]/div/table/tbody/tr[1]/td[3]/input
2019-07-02 11:05:37,093 find_element.py--> get_element 20: INFO ----->定位方式:id--->定位值:yx-upload-check
2019-07-02 11:05:40,400 find_element.py--> get_element 20: INFO ----->定位方式:id--->定位值:yx-upload-sub
2019-07-02 11:05:40,502 find_element.py--> get_element 20: INFO ----->定位方式:xpath--->定位值://*[@id="cusUpdateModal"]/div/div/div[3]/button
2019-07-02 11:05:41,620 find_element.py--> get_element 20: INFO ----->定位方式:xpath--->定位值://*[@id="file"]/div/table/tbody/tr[2]/td[3]/input
2019-07-02 11:05:42,723 find_element.py--> get_element 20: INFO ----->定位方式:id--->定位值:yx-upload-check
2019-07-02 11:05:46,062 find_element.py--> get_element 20: INFO ----->定位方式:id--->定位值:yx-upload-sub
2019-07-02 11:05:46,146 find_element.py--> get_element 20: INFO ----->定位方式:xpath--->定位值://*[@id="cusUpdateModal"]/div/div/div[3]/button
2019-07-02 11:05:47,231 find_element.py--> get_element 20: INFO ----->定位方式:id--->定位值:yxHsContractApply
2019-07-02 11:05:48,325 find_element.py--> get_element 20: INFO ----->定位方式:id--->定位值:basicModalBtnNegative
2019-07-02 11:05:50,038 find_element.py--> get_element 20: INFO ----->定位方式:name--->定位值:customerPhoneNo
2019-07-02 11:05:50,369 find_element.py--> get_element 20: INFO ----->定位方式:id--->定位值:btnSearch
2019-07-02 11:05:51,503 find_element.py--> get_element 20: INFO ----->定位方式:xpath--->定位值://*[@id="orders"]/tbody/tr[1]/td[1]
2019-07-02 11:05:51,613 find_element.py--> get_element 20: INFO ----->定位方式:id--->定位值:btn_shenhehetong
2019-07-02 11:05:53,500 find_element.py--> get_element 20: INFO ----->定位方式:id--->定位值:hsShopInsuranceYNull
2019-07-02 11:05:54,490 find_element.py--> get_element 20: INFO ----->定位方式:id--->定位值:yxHsContractApply
2019-07-02 11:05:55,605 find_element.py--> get_element 20: INFO ----->定位方式:id--->定位值:basicModalBtnNegative
2019-07-02 11:05:57,303 find_element.py--> get_element 20: INFO ----->定位方式:name--->定位值:customerPhoneNo
2019-07-02 11:05:57,508 find_element.py--> get_element 20: INFO ----->定位方式:id--->定位值:btnSearch
2019-07-02 11:05:58,632 find_element.py--> get_element 20: INFO ----->定位方式:xpath--->定位值://*[@id="orders"]/tbody/tr[1]/td[1]
2019-07-02 11:05:58,905 find_element.py--> get_element 20: INFO ----->定位方式:id--->定位值:btn_yudingcheliang
